--------------------------------------------------------------------------
[[33281,1],0]: A high-performance Open MPI point-to-point messaging module
was unable to find any relevant network interfaces:

Module: OpenFabrics (openib)
  Host: node06

Another transport will be used instead, although this may result in
lower performance.

NOTE: You can disable this warning by setting the MCA parameter
btl_base_warn_component_unused to 0.
--------------------------------------------------------------------------


 NAS Parallel Benchmarks 3.4 -- FT Benchmark

 No input file inputft.data. Using compiled defaults
 Size                :  512x 512x 512  (class C)
 Iterations          :             20
 Number of processes :              1
 Processor array     :         1x   1
 Layout type         :             0D

 Initialization time =     26.3004

 T =    1     Checksum =    5.195078707457D+02    5.149019699238D+02
[MO833] Paramount Iteration,0,1,62.622936,11.492274
 T =    2     Checksum =    5.155422171134D+02    5.127578201997D+02
[MO833] Paramount Iteration,0,2,74.015839,11.392903
 T =    3     Checksum =    5.144678022222D+02    5.122251847514D+02
[MO833] Paramount Iteration,0,3,84.917833,10.901994
 T =    4     Checksum =    5.140150594328D+02    5.121090289018D+02
[MO833] Paramount Iteration,0,4,95.665431,10.747598
 T =    5     Checksum =    5.137550426810D+02    5.121143685824D+02
[MO833] Paramount Iteration,0,5,106.888375,11.222944
 T =    6     Checksum =    5.135811056728D+02    5.121496764568D+02
[MO833] Paramount Iteration,0,6,117.720263,10.831888
 T =    7     Checksum =    5.134569343165D+02    5.121870921893D+02
[MO833] Paramount Iteration,0,7,128.832495,11.112232
 T =    8     Checksum =    5.133651975661D+02    5.122193250322D+02
[MO833] Paramount Iteration,0,8,139.595312,10.762817
 T =    9     Checksum =    5.132955192805D+02    5.122454735794D+02
[MO833] Paramount Iteration,0,9,150.546825,10.951513
 T =   10     Checksum =    5.132410471738D+02    5.122663649603D+02
[MO833] Paramount Iteration,0,10,161.349938,10.803113
 T =   11     Checksum =    5.131971141679D+02    5.122830879827D+02
[MO833] Paramount Iteration,0,11,172.417885,11.067947
 T =   12     Checksum =    5.131605205716D+02    5.122965869718D+02
[MO833] Paramount Iteration,0,12,182.895703,10.477818
 T =   13     Checksum =    5.131290734194D+02    5.123075927445D+02
[MO833] Paramount Iteration,0,13,193.718620,10.822917
 T =   14     Checksum =    5.131012720314D+02    5.123166486553D+02
[MO833] Paramount Iteration,0,14,204.611371,10.892751
 T =   15     Checksum =    5.130760908195D+02    5.123241541685D+02
[MO833] Paramount Iteration,0,15,215.382348,10.770977
 T =   16     Checksum =    5.130528295923D+02    5.123304037599D+02
[MO833] Paramount Iteration,0,16,226.358452,10.976104
 T =   17     Checksum =    5.130310107773D+02    5.123356167976D+02
[MO833] Paramount Iteration,0,17,236.940658,10.582206
 T =   18     Checksum =    5.130103090133D+02    5.123399592211D+02
[MO833] Paramount Iteration,0,18,247.833747,10.893089
 T =   19     Checksum =    5.129905029333D+02    5.123435588985D+02
[MO833] Paramount Iteration,0,19,258.985359,11.151612
 T =   20     Checksum =    5.129714421109D+02    5.123465164008D+02
 Result verification successful
[MO833] PI avg,0,10.392735,20
[MO833] Beta,0,0.000000
[MO833] Total time,269.963497


 FT Benchmark Completed.
 Class           =                        C
 Size            =            512x 512x 512
 Iterations      =                       20
 Time in seconds =                   243.54
 Total processes =                        1
 Active procs    =                        1
 Mop/s total     =                  1627.61
 Mop/s/process   =                  1627.61
 Operation type  =           floating point
 Verification    =               SUCCESSFUL
 Version         =                      3.4
 Compile date    =              16 Jun 2020

 Compile options:
    MPIFC        = mpif90
    FLINK        = $(MPIFC)
    FMPI_LIB     = (none)
    FMPI_INC     = (none)
    FFLAGS       = -O3
    FLINKFLAGS   = $(FFLAGS) -O ../kernel_stats/kernel_stats.o...
    RAND         = randi8


 Please send feedbacks and/or the results of this run to:

 NPB Development Team 
 Internet: npb@nas.nasa.gov


