--------------------------------------------------------------------------
[[55073,1],1]: A high-performance Open MPI point-to-point messaging module
was unable to find any relevant network interfaces:

Module: OpenFabrics (openib)
  Host: node06

Another transport will be used instead, although this may result in
lower performance.

NOTE: You can disable this warning by setting the MCA parameter
btl_base_warn_component_unused to 0.
--------------------------------------------------------------------------
[MO866] Total time,4,0.133251
[MO866] Total time,5,0.131246
[MO866] Total time,6,0.129167
[MO866] Total time,7,0.125814


 NAS Parallel Benchmarks 3.4 -- BT Benchmark

 No input file inputbt.data. Using compiled defaults
 Size:   64x  64x  64  (class A)
 Iterations:  200    dt:   0.0008000
 WARNING: Number of active processes:     4
 Total number of processes:     8

aquiii
aquiii
aquiii
aquiii
[MO866] Init time,3,0.294358
[MO866] Init time,0,0.301026
 Time step    1
[MO866] Init time,2,0.296310
[MO866] Init time,1,0.298885
[MO866] Iteration,2,1,0.398294,0.101962
[MO866] Iteration,1,1,0.401322,0.102409
[MO866] Iteration,0,1,0.404537,0.103495
[MO866] Iteration,3,1,0.398232,0.103846
[MO866] Iteration,2,2,0.501930,0.103601
[MO866] Iteration,1,2,0.504957,0.103599
[MO866] Iteration,0,2,0.508177,0.103622
[MO866] Iteration,3,2,0.501869,0.103619
[MO866] Iteration,2,3,0.605593,0.103630
[MO866] Iteration,1,3,0.608614,0.103622
[MO866] Iteration,0,3,0.611814,0.103621
[MO866] Iteration,3,3,0.605522,0.103636
[MO866] Iteration,2,4,0.709331,0.103707
[MO866] Iteration,1,4,0.712355,0.103705
[MO866] Iteration,0,4,0.715548,0.103718
[MO866] Iteration,3,4,0.709249,0.103710
[MO866] Iteration,2,5,0.812993,0.103628
[MO866] Iteration,1,5,0.816016,0.103625
[MO866] Iteration,0,5,0.819208,0.103640
[MO866] Iteration,3,5,0.812901,0.103633
[MO866] Iteration,2,6,0.916692,0.103668
[MO866] Iteration,1,6,0.919694,0.103642
[MO866] Iteration,0,6,0.922888,0.103661
[MO866] Iteration,3,6,0.916582,0.103664
[MO866] Iteration,2,7,1.020366,0.103646
[MO866] Iteration,1,7,1.023393,0.103665
[MO866] Iteration,0,7,1.026565,0.103659
[MO866] Iteration,3,7,1.020251,0.103652
[MO866] Iteration,2,8,1.130415,0.110018
[MO866] Iteration,1,8,1.133560,0.110132
[MO866] Iteration,0,8,1.136238,0.109657
[MO866] Iteration,3,8,1.130314,0.110046
[MO866] Iteration,2,9,1.235949,0.105499
[MO866] Iteration,1,9,1.238975,0.105375
[MO866] Iteration,0,9,1.242170,0.105911
[MO866] Iteration,3,9,1.235856,0.105516
[MO866] Iteration,2,10,1.339651,0.103671
[MO866] Iteration,1,10,1.342678,0.103669
[MO866] Iteration,0,10,1.345873,0.103687
[MO866] Iteration,3,10,1.339565,0.103690
[MO866] Iteration,2,11,1.443390,0.103706
[MO866] Iteration,1,11,1.446431,0.103720
[MO866] Iteration,0,11,1.449593,0.103704
[MO866] Iteration,3,11,1.443280,0.103697
[MO866] Iteration,2,12,1.547028,0.103607
[MO866] Iteration,1,12,1.550073,0.103609
[MO866] Iteration,0,12,1.553270,0.103659
[MO866] Iteration,3,12,1.546958,0.103661
[MO866] Iteration,2,13,1.650706,0.103644
[MO866] Iteration,1,13,1.653735,0.103628
[MO866] Iteration,0,13,1.656951,0.103664
[MO866] Iteration,3,13,1.650634,0.103658
[MO866] Iteration,2,14,1.754474,0.103735
[MO866] Iteration,1,14,1.757530,0.103762
[MO866] Iteration,0,14,1.760715,0.103749
[MO866] Iteration,3,14,1.754414,0.103764
[MO866] Iteration,2,15,1.858251,0.103745
[MO866] Iteration,1,15,1.861289,0.103722
[MO866] Iteration,0,15,1.864456,0.103724
[MO866] Iteration,3,15,1.858150,0.103718
[MO866] Iteration,2,16,1.961962,0.103683
[MO866] Iteration,1,16,1.964999,0.103679
[MO866] Iteration,0,16,1.968177,0.103704
[MO866] Iteration,3,16,1.961875,0.103709
[MO866] Iteration,2,17,2.065609,0.103613
[MO866] Iteration,1,17,2.068631,0.103602
[MO866] Iteration,0,17,2.071814,0.103622
[MO866] Iteration,3,17,2.065529,0.103638
[MO866] Iteration,2,18,2.169353,0.103711
[MO866] Iteration,1,18,2.172372,0.103705
[MO866] Iteration,0,18,2.175567,0.103736
[MO866] Iteration,3,18,2.169286,0.103741
[MO866] Iteration,2,19,2.273320,0.103939
[MO866] Iteration,0,19,2.279273,0.103688
 Time step   20
[MO866] Iteration,1,19,2.276338,0.103931
[MO866] Iteration,3,19,2.272959,0.103657
[MO866] Iteration,2,20,2.376835,0.103477
[MO866] Iteration,1,20,2.379862,0.103486
[MO866] Iteration,0,20,2.383041,0.103752
[MO866] Iteration,3,20,2.376725,0.103748
[MO866] Iteration,2,21,2.480525,0.103657
[MO866] Iteration,1,21,2.483549,0.103649
[MO866] Iteration,0,21,2.486717,0.103658
[MO866] Iteration,3,21,2.480406,0.103663
[MO866] Iteration,2,22,2.584255,0.103698
[MO866] Iteration,1,22,2.587300,0.103717
[MO866] Iteration,0,22,2.590414,0.103681
[MO866] Iteration,3,22,2.584114,0.103691
[MO866] Iteration,2,23,2.687853,0.103563
[MO866] Iteration,1,23,2.690877,0.103541
[MO866] Iteration,0,23,2.694101,0.103670
[MO866] Iteration,3,23,2.687789,0.103657
[MO866] Iteration,2,24,2.791540,0.103658
[MO866] Iteration,1,24,2.794568,0.103656
[MO866] Iteration,0,24,2.797782,0.103664
[MO866] Iteration,3,24,2.791475,0.103668
[MO866] Iteration,2,25,2.895278,0.103705
[MO866] Iteration,1,25,2.898316,0.103714
[MO866] Iteration,0,25,2.901495,0.103694
[MO866] Iteration,3,25,2.895186,0.103693
[MO866] Iteration,2,26,2.999073,0.103764
[MO866] Iteration,1,26,3.002129,0.103780
[MO866] Iteration,0,26,3.005231,0.103718
[MO866] Iteration,3,26,2.998925,0.103722
[MO866] Iteration,2,27,3.102697,0.103584
[MO866] Iteration,1,27,3.105771,0.103609
[MO866] Iteration,0,27,3.108951,0.103704
[MO866] Iteration,3,27,3.102645,0.103704
[MO866] Iteration,2,28,3.213505,0.110772
[MO866] Iteration,1,28,3.216524,0.110728
[MO866] Iteration,0,28,3.219719,0.110750
[MO866] Iteration,3,28,3.213444,0.110779
[MO866] Iteration,2,29,3.318407,0.104857
[MO866] Iteration,1,29,3.321435,0.104861
[MO866] Iteration,0,29,3.324630,0.104883
[MO866] Iteration,3,29,3.318324,0.104852
[MO866] Iteration,2,30,3.422161,0.103720
[MO866] Iteration,1,30,3.425194,0.103723
[MO866] Iteration,0,30,3.428368,0.103723
[MO866] Iteration,3,30,3.422065,0.103725
[MO866] Iteration,2,31,3.525862,0.103668
[MO866] Iteration,1,31,3.528889,0.103659
[MO866] Iteration,0,31,3.532085,0.103702
[MO866] Iteration,3,31,3.525790,0.103706
[MO866] Iteration,2,32,3.629531,0.103633
[MO866] Iteration,1,32,3.632554,0.103630
[MO866] Iteration,0,32,3.635735,0.103632
[MO866] Iteration,3,32,3.629449,0.103642
[MO866] Iteration,2,33,3.733165,0.103601
[MO866] Iteration,1,33,3.736189,0.103600
[MO866] Iteration,0,33,3.739354,0.103603
[MO866] Iteration,3,33,3.733048,0.103582
[MO866] Iteration,2,34,3.836845,0.103650
[MO866] Iteration,1,34,3.839869,0.103645
[MO866] Iteration,0,34,3.843036,0.103667
[MO866] Iteration,3,34,3.836727,0.103659
[MO866] Iteration,2,35,3.940557,0.103685
[MO866] Iteration,1,35,3.943584,0.103680
[MO866] Iteration,0,35,3.946741,0.103687
[MO866] Iteration,3,35,3.940429,0.103685
[MO866] Iteration,2,36,4.044229,0.103637
[MO866] Iteration,1,36,4.047255,0.103636
[MO866] Iteration,0,36,4.050439,0.103681
[MO866] Iteration,3,36,4.044125,0.103677
[MO866] Iteration,2,37,4.147993,0.103737
[MO866] Iteration,1,37,4.151026,0.103736
[MO866] Iteration,0,37,4.154187,0.103733
[MO866] Iteration,3,37,4.147885,0.103742
[MO866] Iteration,2,38,4.251658,0.103633
[MO866] Iteration,1,38,4.254685,0.103625
[MO866] Iteration,0,38,4.257875,0.103671
[MO866] Iteration,3,38,4.251563,0.103661
[MO866] Iteration,2,39,4.355356,0.103669
[MO866] Iteration,1,39,4.358407,0.103689
[MO866] Iteration,0,39,4.361576,0.103685
 Time step   40
[MO866] Iteration,3,39,4.355267,0.103687
[MO866] Iteration,2,40,4.459018,0.103630
[MO866] Iteration,1,40,4.462070,0.103631
[MO866] Iteration,0,40,4.465241,0.103650
[MO866] Iteration,3,40,4.458939,0.103655
[MO866] Iteration,2,41,4.562670,0.103619
[MO866] Iteration,1,41,4.565697,0.103595
[MO866] Iteration,0,41,4.568884,0.103627
[MO866] Iteration,3,41,4.562584,0.103628
[MO866] Iteration,2,42,4.666743,0.104043
[MO866] Iteration,1,42,4.669801,0.104059
[MO866] Iteration,0,42,4.672901,0.104002
[MO866] Iteration,3,42,4.666600,0.104001
[MO866] Iteration,2,43,4.770378,0.103594
[MO866] Iteration,1,43,4.773402,0.103568
[MO866] Iteration,0,43,4.776613,0.103695
[MO866] Iteration,3,43,4.770308,0.103692
[MO866] Iteration,2,44,4.874052,0.103639
[MO866] Iteration,1,44,4.877069,0.103631
[MO866] Iteration,0,44,4.880296,0.103665
[MO866] Iteration,3,44,4.873993,0.103669
[MO866] Iteration,2,45,4.977762,0.103677
[MO866] Iteration,1,45,4.980787,0.103683
[MO866] Iteration,0,45,4.983995,0.103683
[MO866] Iteration,3,45,4.977682,0.103673
[MO866] Iteration,2,46,5.081431,0.103636
[MO866] Iteration,1,46,5.084451,0.103628
[MO866] Iteration,0,46,5.087650,0.103638
[MO866] Iteration,3,46,5.081356,0.103658
[MO866] Iteration,2,47,5.185106,0.103645
[MO866] Iteration,1,47,5.188133,0.103648
[MO866] Iteration,0,47,5.191310,0.103644
[MO866] Iteration,3,47,5.185010,0.103638
[MO866] Iteration,2,48,5.288784,0.103647
[MO866] Iteration,1,48,5.291811,0.103643
[MO866] Iteration,0,48,5.294984,0.103658
[MO866] Iteration,3,48,5.288671,0.103643
[MO866] Iteration,2,49,5.392551,0.103736
[MO866] Iteration,1,49,5.395598,0.103753
[MO866] Iteration,0,49,5.398715,0.103715
[MO866] Iteration,3,49,5.392395,0.103706
[MO866] Iteration,2,50,5.496353,0.103764
[MO866] Iteration,1,50,5.499396,0.103763
[MO866] Iteration,0,50,5.502515,0.103784
[MO866] Iteration,3,50,5.496202,0.103790
[MO866] Iteration,2,51,5.602151,0.105762
[MO866] Iteration,1,51,5.605187,0.105756
[MO866] Iteration,0,51,5.608301,0.105770
[MO866] Iteration,3,51,5.602003,0.105785
[MO866] Iteration,2,52,5.706180,0.103976
[MO866] Iteration,1,52,5.709209,0.103986
[MO866] Iteration,0,52,5.712420,0.104094
[MO866] Iteration,3,52,5.706109,0.104091
[MO866] Iteration,2,53,5.809872,0.103660
[MO866] Iteration,1,53,5.812894,0.103650
[MO866] Iteration,0,53,5.816087,0.103651
[MO866] Iteration,3,53,5.809788,0.103664
[MO866] Iteration,2,54,5.913534,0.103631
[MO866] Iteration,1,54,5.916572,0.103644
[MO866] Iteration,0,54,5.919722,0.103620
[MO866] Iteration,3,54,5.913438,0.103635
[MO866] Iteration,2,55,6.017151,0.103582
[MO866] Iteration,1,55,6.020167,0.103561
[MO866] Iteration,0,55,6.023385,0.103647
[MO866] Iteration,3,55,6.017078,0.103625
[MO866] Iteration,2,56,6.120825,0.103641
[MO866] Iteration,1,56,6.123841,0.103640
[MO866] Iteration,0,56,6.127038,0.103637
[MO866] Iteration,3,56,6.120729,0.103634
[MO866] Iteration,2,57,6.224517,0.103662
[MO866] Iteration,1,57,6.227537,0.103661
[MO866] Iteration,0,57,6.230728,0.103674
[MO866] Iteration,3,57,6.224418,0.103672
[MO866] Iteration,2,58,6.328227,0.103678
[MO866] Iteration,1,58,6.331254,0.103683
[MO866] Iteration,0,58,6.334445,0.103698
[MO866] Iteration,3,58,6.328133,0.103698
[MO866] Iteration,2,59,6.431918,0.103662
[MO866] Iteration,1,59,6.434950,0.103662
[MO866] Iteration,0,59,6.438114,0.103653
 Time step   60
[MO866] Iteration,3,59,6.431804,0.103654
[MO866] Iteration,2,60,6.535645,0.103696
[MO866] Iteration,1,60,6.538662,0.103679
[MO866] Iteration,0,60,6.541878,0.103748
[MO866] Iteration,3,60,6.535570,0.103749
[MO866] Iteration,2,61,6.639364,0.103688
[MO866] Iteration,1,61,6.642384,0.103689
[MO866] Iteration,0,61,6.645595,0.103699
[MO866] Iteration,3,61,6.639284,0.103696
[MO866] Iteration,2,62,6.743093,0.103699
[MO866] Iteration,1,62,6.746141,0.103725
[MO866] Iteration,0,62,6.749313,0.103702
[MO866] Iteration,3,62,6.743004,0.103702
[MO866] Iteration,2,63,6.846759,0.103628
[MO866] Iteration,1,63,6.849801,0.103628
[MO866] Iteration,0,63,6.852995,0.103666
[MO866] Iteration,3,63,6.846693,0.103672
[MO866] Iteration,2,64,6.950431,0.103640
[MO866] Iteration,1,64,6.953458,0.103625
[MO866] Iteration,0,64,6.956661,0.103648
[MO866] Iteration,3,64,6.950354,0.103643
[MO866] Iteration,2,65,7.054164,0.103697
[MO866] Iteration,1,65,7.057195,0.103702
[MO866] Iteration,0,65,7.060393,0.103714
[MO866] Iteration,3,65,7.054091,0.103721
[MO866] Iteration,2,66,7.164247,0.110049
[MO866] Iteration,1,66,7.167147,0.109916
[MO866] Iteration,0,66,7.172526,0.112116
[MO866] Iteration,3,66,7.166203,0.112094
[MO866] Iteration,2,67,7.271663,0.107387
[MO866] Iteration,1,67,7.274700,0.107511
[MO866] Iteration,0,67,7.277852,0.105310
[MO866] Iteration,3,67,7.271546,0.105311
[MO866] Iteration,2,68,7.375775,0.104082
[MO866] Iteration,1,68,7.378799,0.104066
[MO866] Iteration,0,68,7.381661,0.103792
[MO866] Iteration,3,68,7.375343,0.103779
[MO866] Iteration,2,69,7.479173,0.103358
[MO866] Iteration,1,69,7.482204,0.103370
[MO866] Iteration,0,69,7.485373,0.103697
[MO866] Iteration,3,69,7.479062,0.103701
[MO866] Iteration,2,70,7.582831,0.103626
[MO866] Iteration,1,70,7.585881,0.103643
[MO866] Iteration,0,70,7.589061,0.103671
[MO866] Iteration,3,70,7.582757,0.103677
[MO866] Iteration,2,71,7.686706,0.103842
[MO866] Iteration,1,71,7.689763,0.103850
[MO866] Iteration,0,71,7.692805,0.103729
[MO866] Iteration,3,71,7.686521,0.103748
[MO866] Iteration,2,72,7.790368,0.103621
[MO866] Iteration,1,72,7.793391,0.103595
[MO866] Iteration,0,72,7.796572,0.103751
[MO866] Iteration,3,72,7.790271,0.103734
[MO866] Iteration,2,73,7.894036,0.103633
[MO866] Iteration,1,73,7.897049,0.103621
[MO866] Iteration,0,73,7.900269,0.103681
[MO866] Iteration,3,73,7.893966,0.103678
[MO866] Iteration,2,74,7.997936,0.103868
[MO866] Iteration,1,74,8.000962,0.103877
[MO866] Iteration,0,74,8.004165,0.103880
[MO866] Iteration,3,74,7.997864,0.103882
[MO866] Iteration,2,75,8.101612,0.103642
[MO866] Iteration,1,75,8.104641,0.103642
[MO866] Iteration,0,75,8.107830,0.103649
[MO866] Iteration,3,75,8.101544,0.103664
[MO866] Iteration,2,76,8.205271,0.103628
[MO866] Iteration,1,76,8.208300,0.103623
[MO866] Iteration,0,76,8.211476,0.103628
[MO866] Iteration,3,76,8.205162,0.103602
[MO866] Iteration,2,77,8.308926,0.103622
[MO866] Iteration,1,77,8.311951,0.103615
[MO866] Iteration,0,77,8.315145,0.103652
[MO866] Iteration,3,77,8.308836,0.103646
[MO866] Iteration,2,78,8.413111,0.104154
[MO866] Iteration,1,78,8.416111,0.104125
[MO866] Iteration,3,78,8.412573,0.103720
[MO866] Iteration,0,78,8.421900,0.106739
[MO866] Iteration,2,79,8.520783,0.107638
[MO866] Iteration,1,79,8.523811,0.107666
[MO866] Iteration,0,79,8.527006,0.105079
 Time step   80
[MO866] Iteration,3,79,8.520691,0.108101
[MO866] Iteration,2,80,8.624527,0.103698
[MO866] Iteration,1,80,8.627560,0.103712
[MO866] Iteration,0,80,8.630692,0.103670
[MO866] Iteration,3,80,8.624381,0.103672
[MO866] Iteration,2,81,8.728200,0.103638
[MO866] Iteration,1,81,8.731225,0.103629
[MO866] Iteration,0,81,8.734416,0.103707
[MO866] Iteration,3,81,8.728109,0.103710
[MO866] Iteration,2,82,8.831886,0.103652
[MO866] Iteration,1,82,8.834917,0.103657
[MO866] Iteration,0,82,8.838106,0.103673
[MO866] Iteration,3,82,8.831796,0.103669
[MO866] Iteration,2,83,8.935583,0.103668
[MO866] Iteration,1,83,8.938605,0.103655
[MO866] Iteration,0,83,8.941822,0.103698
[MO866] Iteration,3,83,8.935507,0.103694
[MO866] Iteration,2,84,9.039313,0.103697
[MO866] Iteration,1,84,9.042341,0.103702
[MO866] Iteration,0,84,9.045515,0.103676
[MO866] Iteration,3,84,9.039205,0.103680
[MO866] Iteration,2,85,9.142978,0.103634
[MO866] Iteration,1,85,9.146015,0.103642
[MO866] Iteration,0,85,9.149204,0.103673
[MO866] Iteration,3,85,9.142891,0.103668
[MO866] Iteration,2,86,9.246714,0.103703
[MO866] Iteration,1,86,9.249763,0.103715
[MO866] Iteration,0,86,9.252939,0.103720
[MO866] Iteration,3,86,9.246635,0.103728
[MO866] Iteration,2,87,9.350428,0.103680
[MO866] Iteration,1,87,9.353451,0.103654
[MO866] Iteration,0,87,9.356656,0.103701
[MO866] Iteration,3,87,9.350371,0.103720
[MO866] Iteration,2,88,9.454242,0.103781
[MO866] Iteration,1,88,9.457363,0.103875
[MO866] Iteration,0,88,9.460442,0.103771
[MO866] Iteration,3,88,9.454150,0.103762
[MO866] Iteration,2,89,9.557979,0.103698
[MO866] Iteration,1,89,9.561001,0.103608
[MO866] Iteration,0,89,9.564217,0.103761
[MO866] Iteration,3,89,9.557920,0.103754
[MO866] Iteration,2,90,9.661691,0.103680
[MO866] Iteration,1,90,9.664722,0.103685
[MO866] Iteration,0,90,9.667912,0.103680
[MO866] Iteration,3,90,9.661605,0.103669
[MO866] Iteration,2,91,9.765599,0.103877
[MO866] Iteration,1,91,9.768621,0.103863
[MO866] Iteration,0,91,9.771600,0.103673
[MO866] Iteration,3,91,9.765323,0.103702
[MO866] Iteration,2,92,9.869154,0.103517
[MO866] Iteration,1,92,9.872175,0.103518
[MO866] Iteration,0,92,9.875359,0.103743
[MO866] Iteration,3,92,9.869047,0.103708
[MO866] Iteration,2,93,9.972809,0.103623
[MO866] Iteration,1,93,9.975845,0.103633
[MO866] Iteration,0,93,9.979016,0.103639
[MO866] Iteration,3,93,9.972714,0.103650
[MO866] Iteration,2,94,10.076521,0.103678
[MO866] Iteration,1,94,10.079560,0.103678
[MO866] Iteration,0,94,10.082709,0.103677
[MO866] Iteration,3,94,10.076401,0.103670
[MO866] Iteration,2,95,10.180209,0.103645
[MO866] Iteration,1,95,10.183249,0.103652
[MO866] Iteration,0,95,10.186379,0.103647
[MO866] Iteration,3,95,10.180073,0.103653
[MO866] Iteration,2,96,10.284212,0.103970
[MO866] Iteration,1,96,10.287247,0.103963
[MO866] Iteration,0,96,10.290395,0.103999
[MO866] Iteration,3,96,10.284084,0.103993
[MO866] Iteration,2,97,10.387921,0.103674
[MO866] Iteration,1,97,10.390954,0.103671
[MO866] Iteration,0,97,10.394114,0.103702
[MO866] Iteration,3,97,10.387796,0.103693
[MO866] Iteration,2,98,10.491591,0.103637
[MO866] Iteration,1,98,10.494599,0.103610
[MO866] Iteration,0,98,10.497825,0.103693
[MO866] Iteration,3,98,10.491513,0.103697
[MO866] Iteration,2,99,10.595602,0.103979
[MO866] Iteration,1,99,10.598638,0.104005
[MO866] Iteration,0,99,10.601628,0.103786
 Time step  100
[MO866] Iteration,3,99,10.595316,0.103785
[MO866] Iteration,2,100,10.699159,0.103521
[MO866] Iteration,1,100,10.702200,0.103529
[MO866] Iteration,0,100,10.705383,0.103738
[MO866] Iteration,3,100,10.699071,0.103738
[MO866] Iteration,2,101,10.802830,0.103638
[MO866] Iteration,1,101,10.805881,0.103645
[MO866] Iteration,0,101,10.809062,0.103661
[MO866] Iteration,3,101,10.802751,0.103662
[MO866] Iteration,2,102,10.906544,0.103678
[MO866] Iteration,1,102,10.909555,0.103640
[MO866] Iteration,0,102,10.912796,0.103715
[MO866] Iteration,3,102,10.906494,0.103725
[MO866] Iteration,2,103,11.010242,0.103666
[MO866] Iteration,1,103,11.013260,0.103668
[MO866] Iteration,0,103,11.016476,0.103664
[MO866] Iteration,3,103,11.010171,0.103660
[MO866] Iteration,2,104,11.113935,0.103659
[MO866] Iteration,1,104,11.116959,0.103664
[MO866] Iteration,0,104,11.120157,0.103664
[MO866] Iteration,3,104,11.113856,0.103668
[MO866] Iteration,2,105,11.217623,0.103655
[MO866] Iteration,1,105,11.220648,0.103654
[MO866] Iteration,0,105,11.223826,0.103654
[MO866] Iteration,3,105,11.217537,0.103664
[MO866] Iteration,2,106,11.321280,0.103624
[MO866] Iteration,1,106,11.324313,0.103630
[MO866] Iteration,0,106,11.327481,0.103639
[MO866] Iteration,3,106,11.321171,0.103618
[MO866] Iteration,2,107,11.425000,0.103687
[MO866] Iteration,1,107,11.428024,0.103676
[MO866] Iteration,0,107,11.431200,0.103704
[MO866] Iteration,3,107,11.424886,0.103688
[MO866] Iteration,2,108,11.528674,0.103642
[MO866] Iteration,1,108,11.531707,0.103646
[MO866] Iteration,0,108,11.534880,0.103665
[MO866] Iteration,3,108,11.528561,0.103657
[MO866] Iteration,2,109,11.632373,0.103667
[MO866] Iteration,1,109,11.635406,0.103663
[MO866] Iteration,0,109,11.638574,0.103674
[MO866] Iteration,3,109,11.632261,0.103682
[MO866] Iteration,2,110,11.736083,0.103678
[MO866] Iteration,1,110,11.739116,0.103675
[MO866] Iteration,0,110,11.742300,0.103709
[MO866] Iteration,3,110,11.735986,0.103707
[MO866] Iteration,2,111,11.839797,0.103682
[MO866] Iteration,1,111,11.842825,0.103674
[MO866] Iteration,0,111,11.845999,0.103683
[MO866] Iteration,3,111,11.839697,0.103694
[MO866] Iteration,2,112,11.943607,0.103778
[MO866] Iteration,1,112,11.946632,0.103773
[MO866] Iteration,0,112,11.949789,0.103774
[MO866] Iteration,3,112,11.943487,0.103772
[MO866] Iteration,2,113,12.047718,0.104065
[MO866] Iteration,1,113,12.050744,0.104078
[MO866] Iteration,0,113,12.053938,0.104117
[MO866] Iteration,3,113,12.047630,0.104126
[MO866] Iteration,2,114,12.151401,0.103651
[MO866] Iteration,1,114,12.154410,0.103632
[MO866] Iteration,0,114,12.157640,0.103685
[MO866] Iteration,3,114,12.151326,0.103678
[MO866] Iteration,2,115,12.255087,0.103655
[MO866] Iteration,1,115,12.258123,0.103679
[MO866] Iteration,0,115,12.261334,0.103675
[MO866] Iteration,3,115,12.255024,0.103681
[MO866] Iteration,2,116,12.358763,0.103643
[MO866] Iteration,1,116,12.361803,0.103647
[MO866] Iteration,0,116,12.364998,0.103647
[MO866] Iteration,3,116,12.358696,0.103654
[MO866] Iteration,2,117,12.462498,0.103701
[MO866] Iteration,1,117,12.465523,0.103687
[MO866] Iteration,0,117,12.468744,0.103730
[MO866] Iteration,3,117,12.462431,0.103717
[MO866] Iteration,2,118,12.566370,0.103839
[MO866] Iteration,1,118,12.569399,0.103840
[MO866] Iteration,0,118,12.572601,0.103841
[MO866] Iteration,3,118,12.566300,0.103852
[MO866] Iteration,2,119,12.670070,0.103666
[MO866] Iteration,1,119,12.673095,0.103658
[MO866] Iteration,0,119,12.676295,0.103677
 Time step  120
[MO866] Iteration,3,119,12.669996,0.103680
[MO866] Iteration,2,120,12.773781,0.103680
[MO866] Iteration,1,120,12.776812,0.103680
[MO866] Iteration,0,120,12.779981,0.103670
[MO866] Iteration,3,120,12.773682,0.103669
[MO866] Iteration,2,121,12.877458,0.103642
[MO866] Iteration,1,121,12.880492,0.103643
[MO866] Iteration,0,121,12.883647,0.103648
[MO866] Iteration,3,121,12.877356,0.103657
[MO866] Iteration,2,122,12.981114,0.103624
[MO866] Iteration,1,122,12.984142,0.103614
[MO866] Iteration,0,122,12.987334,0.103669
[MO866] Iteration,3,122,12.981021,0.103648
[MO866] Iteration,2,123,13.084815,0.103670
[MO866] Iteration,1,123,13.087844,0.103665
[MO866] Iteration,0,123,13.091002,0.103647
[MO866] Iteration,3,123,13.084691,0.103652
[MO866] Iteration,2,124,13.188678,0.103830
[MO866] Iteration,1,124,13.191703,0.103823
[MO866] Iteration,0,124,13.194856,0.103837
[MO866] Iteration,3,124,13.188546,0.103837
[MO866] Iteration,2,125,13.292338,0.103627
[MO866] Iteration,1,125,13.295373,0.103633
[MO866] Iteration,0,125,13.298540,0.103664
[MO866] Iteration,3,125,13.292226,0.103661
[MO866] Iteration,2,126,13.396093,0.103725
[MO866] Iteration,1,126,13.399122,0.103713
[MO866] Iteration,0,126,13.402305,0.103749
[MO866] Iteration,3,126,13.395989,0.103744
[MO866] Iteration,2,127,13.499803,0.103677
[MO866] Iteration,1,127,13.502838,0.103681
[MO866] Iteration,0,127,13.505999,0.103675
[MO866] Iteration,3,127,13.499695,0.103689
[MO866] Iteration,2,128,13.603511,0.103678
[MO866] Iteration,1,128,13.606533,0.103660
[MO866] Iteration,0,128,13.609711,0.103695
[MO866] Iteration,3,128,13.603407,0.103694
[MO866] Iteration,2,129,13.707221,0.103679
[MO866] Iteration,1,129,13.710254,0.103686
[MO866] Iteration,0,129,13.713458,0.103728
[MO866] Iteration,3,129,13.707138,0.103712
[MO866] Iteration,2,130,13.810861,0.103609
[MO866] Iteration,1,130,13.813900,0.103612
[MO866] Iteration,0,130,13.817100,0.103625
[MO866] Iteration,3,130,13.810801,0.103645
[MO866] Iteration,2,131,13.914597,0.103705
[MO866] Iteration,1,131,13.917626,0.103694
[MO866] Iteration,0,131,13.920807,0.103691
[MO866] Iteration,3,131,13.914492,0.103673
[MO866] Iteration,2,132,14.018300,0.103666
[MO866] Iteration,1,132,14.021323,0.103661
[MO866] Iteration,0,132,14.024539,0.103716
[MO866] Iteration,3,132,14.018239,0.103730
[MO866] Iteration,2,133,14.122320,0.103985
[MO866] Iteration,1,133,14.125357,0.103999
[MO866] Iteration,0,133,14.128503,0.103947
[MO866] Iteration,3,133,14.122204,0.103949
[MO866] Iteration,2,134,14.225994,0.103634
[MO866] Iteration,1,134,14.229022,0.103628
[MO866] Iteration,0,134,14.232205,0.103684
[MO866] Iteration,3,134,14.225902,0.103682
[MO866] Iteration,2,135,14.329622,0.103592
[MO866] Iteration,1,135,14.332649,0.103589
[MO866] Iteration,0,135,14.335850,0.103627
[MO866] Iteration,3,135,14.329570,0.103651
[MO866] Iteration,2,136,14.433502,0.103848
[MO866] Iteration,1,136,14.436542,0.103857
[MO866] Iteration,0,136,14.439696,0.103808
[MO866] Iteration,3,136,14.433410,0.103823
[MO866] Iteration,2,137,14.537169,0.103632
[MO866] Iteration,1,137,14.540189,0.103608
[MO866] Iteration,0,137,14.543387,0.103673
[MO866] Iteration,3,137,14.537076,0.103648
[MO866] Iteration,2,138,14.640886,0.103682
[MO866] Iteration,1,138,14.643914,0.103690
[MO866] Iteration,0,138,14.647083,0.103680
[MO866] Iteration,3,138,14.640772,0.103677
[MO866] Iteration,2,139,14.744523,0.103604
[MO866] Iteration,1,139,14.747550,0.103600
[MO866] Iteration,0,139,14.750742,0.103642
 Time step  140
[MO866] Iteration,3,139,14.744435,0.103645
[MO866] Iteration,2,140,14.848200,0.103643
[MO866] Iteration,1,140,14.851234,0.103650
[MO866] Iteration,0,140,14.854425,0.103666
[MO866] Iteration,3,140,14.848120,0.103665
[MO866] Iteration,2,141,14.951942,0.103711
[MO866] Iteration,1,141,14.954969,0.103700
[MO866] Iteration,0,141,14.958151,0.103707
[MO866] Iteration,3,141,14.951846,0.103708
[MO866] Iteration,2,142,15.055680,0.103703
[MO866] Iteration,1,142,15.058720,0.103717
[MO866] Iteration,0,142,15.061889,0.103718
[MO866] Iteration,3,142,15.055589,0.103726
[MO866] Iteration,2,143,15.164523,0.108809
[MO866] Iteration,0,143,15.170786,0.108879
[MO866] Iteration,1,143,15.168991,0.110238
[MO866] Iteration,3,143,15.165775,0.110168
[MO866] Iteration,2,144,15.271084,0.106528
[MO866] Iteration,1,144,15.274133,0.105099
[MO866] Iteration,0,144,15.277303,0.106497
[MO866] Iteration,3,144,15.271004,0.105202
[MO866] Iteration,2,145,15.374762,0.103645
[MO866] Iteration,1,145,15.377809,0.103644
[MO866] Iteration,0,145,15.380985,0.103663
[MO866] Iteration,3,145,15.374681,0.103660
[MO866] Iteration,2,146,15.478437,0.103642
[MO866] Iteration,1,146,15.481458,0.103615
[MO866] Iteration,0,146,15.484675,0.103673
[MO866] Iteration,3,146,15.478365,0.103667
[MO866] Iteration,2,147,15.582185,0.103714
[MO866] Iteration,1,147,15.585215,0.103720
[MO866] Iteration,0,147,15.588370,0.103679
[MO866] Iteration,3,147,15.582063,0.103680
[MO866] Iteration,2,148,15.685808,0.103585
[MO866] Iteration,1,148,15.688842,0.103592
[MO866] Iteration,0,148,15.692041,0.103654
[MO866] Iteration,3,148,15.685724,0.103644
[MO866] Iteration,2,149,15.789453,0.103612
[MO866] Iteration,1,149,15.792476,0.103599
[MO866] Iteration,0,149,15.795649,0.103592
[MO866] Iteration,3,149,15.789367,0.103626
[MO866] Iteration,2,150,15.893136,0.103649
[MO866] Iteration,1,150,15.896155,0.103643
[MO866] Iteration,0,150,15.899361,0.103696
[MO866] Iteration,3,150,15.893047,0.103663
[MO866] Iteration,2,151,15.996828,0.103661
[MO866] Iteration,1,151,15.999855,0.103664
[MO866] Iteration,0,151,16.003039,0.103662
[MO866] Iteration,3,151,15.996722,0.103655
[MO866] Iteration,2,152,16.100600,0.103738
[MO866] Iteration,1,152,16.103609,0.103718
[MO866] Iteration,0,152,16.106807,0.103751
[MO866] Iteration,3,152,16.100503,0.103763
[MO866] Iteration,2,153,16.204761,0.104117
[MO866] Iteration,1,153,16.207781,0.104136
[MO866] Iteration,0,153,16.210986,0.104149
[MO866] Iteration,3,153,16.204672,0.104151
[MO866] Iteration,2,154,16.308432,0.103638
[MO866] Iteration,1,154,16.311466,0.103649
[MO866] Iteration,0,154,16.314628,0.103623
[MO866] Iteration,3,154,16.308322,0.103632
[MO866] Iteration,2,155,16.412145,0.103681
[MO866] Iteration,1,155,16.415180,0.103678
[MO866] Iteration,0,155,16.418349,0.103704
[MO866] Iteration,3,155,16.412032,0.103692
[MO866] Iteration,2,156,16.515826,0.103648
[MO866] Iteration,1,156,16.518885,0.103672
[MO866] Iteration,0,156,16.522033,0.103667
[MO866] Iteration,3,156,16.515717,0.103667
[MO866] Iteration,2,157,16.619553,0.103694
[MO866] Iteration,1,157,16.622575,0.103658
[MO866] Iteration,0,157,16.625753,0.103703
[MO866] Iteration,3,157,16.619444,0.103709
[MO866] Iteration,2,158,16.723220,0.103635
[MO866] Iteration,1,158,16.726253,0.103645
[MO866] Iteration,0,158,16.729442,0.103672
[MO866] Iteration,3,158,16.723135,0.103673
[MO866] Iteration,2,159,16.826940,0.103687
[MO866] Iteration,1,159,16.829989,0.103704
[MO866] Iteration,0,159,16.833149,0.103692
 Time step  160
[MO866] Iteration,3,159,16.826841,0.103688
[MO866] Iteration,2,160,16.930594,0.103617
[MO866] Iteration,1,160,16.933619,0.103598
[MO866] Iteration,0,160,16.936817,0.103650
[MO866] Iteration,3,160,16.930518,0.103659
[MO866] Iteration,2,161,17.034299,0.103668
[MO866] Iteration,1,161,17.037320,0.103667
[MO866] Iteration,0,161,17.040540,0.103707
[MO866] Iteration,3,161,17.034233,0.103698
[MO866] Iteration,2,162,17.137923,0.103592
[MO866] Iteration,1,162,17.140950,0.103594
[MO866] Iteration,0,162,17.144162,0.103604
[MO866] Iteration,3,162,17.137854,0.103605
[MO866] Iteration,2,163,17.241661,0.103707
[MO866] Iteration,1,163,17.244688,0.103701
[MO866] Iteration,0,163,17.247818,0.103638
[MO866] Iteration,3,163,17.241534,0.103664
[MO866] Iteration,2,164,17.345261,0.103563
[MO866] Iteration,1,164,17.348293,0.103570
[MO866] Iteration,0,164,17.351474,0.103639
[MO866] Iteration,3,164,17.345163,0.103613
[MO866] Iteration,2,165,17.448944,0.103649
[MO866] Iteration,1,165,17.451968,0.103640
[MO866] Iteration,0,165,17.455139,0.103648
[MO866] Iteration,3,165,17.448828,0.103638
[MO866] Iteration,2,166,17.552618,0.103641
[MO866] Iteration,1,166,17.555629,0.103626
[MO866] Iteration,0,166,17.558836,0.103679
[MO866] Iteration,3,166,17.552525,0.103680
[MO866] Iteration,2,167,17.656607,0.103957
[MO866] Iteration,1,167,17.659649,0.103984
[MO866] Iteration,0,167,17.662760,0.103905
[MO866] Iteration,3,167,17.656465,0.103922
[MO866] Iteration,2,168,17.760327,0.103680
[MO866] Iteration,1,168,17.763362,0.103674
[MO866] Iteration,0,168,17.766514,0.103737
[MO866] Iteration,3,168,17.760201,0.103718
[MO866] Iteration,2,169,17.864049,0.103690
[MO866] Iteration,1,169,17.867085,0.103687
[MO866] Iteration,0,169,17.870261,0.103730
[MO866] Iteration,3,169,17.863946,0.103727
[MO866] Iteration,2,170,17.967747,0.103661
[MO866] Iteration,1,170,17.970766,0.103646
[MO866] Iteration,0,170,17.973959,0.103681
[MO866] Iteration,3,170,17.967645,0.103681
[MO866] Iteration,2,171,18.071470,0.103688
[MO866] Iteration,1,171,18.074493,0.103695
[MO866] Iteration,0,171,18.077687,0.103711
[MO866] Iteration,3,171,18.071380,0.103717
[MO866] Iteration,2,172,18.175130,0.103628
[MO866] Iteration,1,172,18.178179,0.103653
[MO866] Iteration,0,172,18.181363,0.103658
[MO866] Iteration,3,172,18.175051,0.103654
[MO866] Iteration,2,173,18.278788,0.103618
[MO866] Iteration,1,173,18.281821,0.103609
[MO866] Iteration,0,173,18.285019,0.103637
[MO866] Iteration,3,173,18.278711,0.103642
[MO866] Iteration,2,174,18.382464,0.103644
[MO866] Iteration,1,174,18.385488,0.103634
[MO866] Iteration,0,174,18.388697,0.103661
[MO866] Iteration,3,174,18.382389,0.103661
[MO866] Iteration,2,175,18.486150,0.103653
[MO866] Iteration,1,175,18.489180,0.103656
[MO866] Iteration,0,175,18.492392,0.103679
[MO866] Iteration,3,175,18.486078,0.103673
[MO866] Iteration,2,176,18.589895,0.103710
[MO866] Iteration,1,176,18.592919,0.103703
[MO866] Iteration,0,176,18.596100,0.103693
[MO866] Iteration,3,176,18.589797,0.103701
[MO866] Iteration,2,177,18.693564,0.103635
[MO866] Iteration,1,177,18.696596,0.103643
[MO866] Iteration,0,177,18.699735,0.103619
[MO866] Iteration,3,177,18.693470,0.103655
[MO866] Iteration,2,178,18.797179,0.103585
[MO866] Iteration,1,178,18.800206,0.103574
[MO866] Iteration,0,178,18.803379,0.103627
[MO866] Iteration,3,178,18.797066,0.103579
[MO866] Iteration,2,179,18.900869,0.103656
[MO866] Iteration,1,179,18.903897,0.103655
[MO866] Iteration,0,179,18.907056,0.103658
 Time step  180
[MO866] Iteration,3,179,18.900748,0.103663
[MO866] Iteration,2,180,19.004540,0.103636
[MO866] Iteration,1,180,19.007573,0.103640
[MO866] Iteration,0,180,19.010754,0.103680
[MO866] Iteration,3,180,19.004446,0.103680
[MO866] Iteration,2,181,19.108290,0.103716
[MO866] Iteration,1,181,19.111319,0.103712
[MO866] Iteration,0,181,19.114510,0.103737
[MO866] Iteration,3,181,19.108199,0.103735
[MO866] Iteration,2,182,19.211997,0.103675
[MO866] Iteration,1,182,19.215026,0.103672
[MO866] Iteration,0,182,19.218221,0.103694
[MO866] Iteration,3,182,19.211905,0.103686
[MO866] Iteration,2,183,19.315682,0.103654
[MO866] Iteration,1,183,19.318705,0.103647
[MO866] Iteration,0,183,19.321898,0.103659
[MO866] Iteration,3,183,19.315588,0.103665
[MO866] Iteration,2,184,19.419382,0.103670
[MO866] Iteration,1,184,19.422414,0.103675
[MO866] Iteration,0,184,19.425591,0.103676
[MO866] Iteration,3,184,19.419285,0.103679
[MO866] Iteration,2,185,19.523059,0.103643
[MO866] Iteration,1,185,19.526098,0.103650
[MO866] Iteration,0,185,19.529318,0.103710
[MO866] Iteration,3,185,19.523004,0.103701
[MO866] Iteration,2,186,19.626768,0.103676
[MO866] Iteration,1,186,19.629810,0.103679
[MO866] Iteration,0,186,19.633000,0.103666
[MO866] Iteration,3,186,19.626695,0.103673
[MO866] Iteration,2,187,19.730428,0.103628
[MO866] Iteration,1,187,19.733454,0.103611
[MO866] Iteration,0,187,19.736638,0.103619
[MO866] Iteration,3,187,19.730339,0.103627
[MO866] Iteration,2,188,19.834080,0.103620
[MO866] Iteration,1,188,19.837099,0.103608
[MO866] Iteration,0,188,19.840322,0.103668
[MO866] Iteration,3,188,19.834011,0.103656
[MO866] Iteration,2,189,19.937756,0.103642
[MO866] Iteration,1,189,19.940779,0.103644
[MO866] Iteration,0,189,19.943993,0.103655
[MO866] Iteration,3,189,19.937686,0.103658
[MO866] Iteration,2,190,20.041419,0.103628
[MO866] Iteration,1,190,20.044440,0.103626
[MO866] Iteration,0,190,20.047640,0.103632
[MO866] Iteration,3,190,20.041348,0.103646
[MO866] Iteration,2,191,20.145123,0.103673
[MO866] Iteration,1,191,20.148141,0.103665
[MO866] Iteration,0,191,20.151350,0.103693
[MO866] Iteration,3,191,20.145039,0.103674
[MO866] Iteration,2,192,20.248855,0.103699
[MO866] Iteration,1,192,20.251882,0.103704
[MO866] Iteration,0,192,20.255071,0.103702
[MO866] Iteration,3,192,20.248754,0.103696
[MO866] Iteration,2,193,20.352562,0.103675
[MO866] Iteration,1,193,20.355590,0.103673
[MO866] Iteration,0,193,20.358741,0.103652
[MO866] Iteration,3,193,20.352431,0.103658
[MO866] Iteration,2,194,20.456271,0.103673
[MO866] Iteration,1,194,20.459298,0.103673
[MO866] Iteration,0,194,20.462446,0.103688
[MO866] Iteration,3,194,20.456136,0.103687
[MO866] Iteration,2,195,20.559934,0.103629
[MO866] Iteration,1,195,20.562961,0.103629
[MO866] Iteration,0,195,20.566154,0.103692
[MO866] Iteration,3,195,20.559842,0.103687
[MO866] Iteration,2,196,20.665103,0.105138
[MO866] Iteration,1,196,20.668077,0.105083
[MO866] Iteration,0,196,20.670529,0.104359
[MO866] Iteration,3,196,20.664202,0.104342
[MO866] Iteration,2,197,20.769556,0.104407
[MO866] Iteration,1,197,20.772560,0.104444
[MO866] Iteration,0,197,20.775355,0.104807
[MO866] Iteration,3,197,20.769047,0.104823
[MO866] Iteration,2,198,20.872859,0.103260
[MO866] Iteration,1,198,20.875875,0.103276
[MO866] Iteration,0,198,20.878686,0.103312
[MO866] Iteration,3,198,20.872367,0.103299
[MO866] Iteration,2,199,20.976098,0.103197
[MO866] Iteration,1,199,20.979122,0.103210
[MO866] Iteration,0,199,20.981915,0.103210
 Time step  200
[MO866] Iteration,3,199,20.975604,0.103218
[MO866] Iteration,2,200,21.079396,0.103257
[MO866] Iteration,1,200,21.082398,0.103243
[MO866] Iteration,0,200,21.085186,0.103252
[MO866] Iteration,3,200,21.078867,0.103246
[MO866] PI avg,2,0.103882,200
[MO866] Beta,2,0.000679
[MO866] Total time,2,21.093495
 Verification being performed for class A
 accuracy setting for epsilon =  0.1000000000000E-07
 Comparison of RMS-norms of residual
           1 0.1080634671464E+03 0.1080634671464E+03 0.7101254243319E-14
           2 0.1131973090122E+02 0.1131973090122E+02 0.9415542762816E-15
           3 0.2597435451158E+02 0.2597435451158E+02 0.6838887328685E-15
           4 0.2366562254468E+02 0.2366562254468E+02 0.6455215276928E-14
[MO866] PI avg,1,0.103883,200
[MO866] Beta,1,0.000658
[MO866] Total time,1,21.096063
[MO866] PI avg,3,0.103905,200
[MO866] Beta,3,0.000610
[MO866] Total time,3,21.091541
           5 0.2527896321175E+03 0.2527896321175E+03 0.1259241302557E-13
 Comparison of RMS-norms of solution error
           1 0.4234841604053E+01 0.4234841604053E+01 0.1048656009767E-14
           2 0.4439028249700E+00 0.4439028249700E+00 0.6752834174215E-14
           3 0.9669248013635E+00 0.9669248013635E+00 0.3100139909806E-14
           4 0.8830206303977E+00 0.8830206303977E+00 0.6286506715733E-15
           5 0.9737990177083E+01 0.9737990177083E+01 0.1824151397873E-14
 Verification Successful


 BT Benchmark Completed.
 Class           =                        A
 Size            =             64x  64x  64
 Iterations      =                      200
 Time in seconds =                    20.78
 Total processes =                        8
 Active procs    =                        4
 Mop/s total     =                  8096.62
 Mop/s/process   =                  1012.08
 Operation type  =           floating point
 Verification    =               SUCCESSFUL
 Version         =                      3.4
 Compile date    =              15 Jun 2020

 Compile options:
    MPIFC        = mpif90
    FLINK        = $(MPIFC)
    FMPI_LIB     = (none)
    FMPI_INC     = (none)
    FFLAGS       = -O3
    FLINKFLAGS   = $(FFLAGS) -O ../kernel_stats/kernel_stats.o...
    RAND         = (none)


 Please send feedbacks and/or the results of this run to:

 NPB Development Team 
 Internet: npb@nas.nasa.gov


[MO866] PI avg,0,0.103903,200
[MO866] Beta,0,0.000644
[MO866] Total time,0,21.098566
