--------------------------------------------------------------------------
[[55060,1],1]: A high-performance Open MPI point-to-point messaging module
was unable to find any relevant network interfaces:

Module: OpenFabrics (openib)
  Host: node06

Another transport will be used instead, although this may result in
lower performance.

NOTE: You can disable this warning by setting the MCA parameter
btl_base_warn_component_unused to 0.
--------------------------------------------------------------------------


 NAS Parallel Benchmarks 3.4 -- BT Benchmark

 No input file inputbt.data. Using compiled defaults
 Size:   64x  64x  64  (class A)
 Iterations:  200    dt:   0.0008000
 Total number of processes:     4

aquiii
aquiii
aquiii
[MO866] Init time,1,0.304485
[MO866] Init time,2,0.298060
aquiii
[MO866] Init time,3,0.296976
[MO866] Init time,0,0.307982
 Time step    1
[MO866] Iteration,2,1,0.407710,0.109630
[MO866] Iteration,1,1,0.414517,0.109995
[MO866] Iteration,0,1,0.418082,0.110085
[MO866] Iteration,3,1,0.407453,0.110440
[MO866] Iteration,2,2,0.508239,0.100491
[MO866] Iteration,1,2,0.515111,0.100558
[MO866] Iteration,0,2,0.519531,0.101433
[MO866] Iteration,3,2,0.508933,0.101450
[MO866] Iteration,2,3,0.609777,0.101498
[MO866] Iteration,1,3,0.616651,0.101506
[MO866] Iteration,0,3,0.621063,0.101514
[MO866] Iteration,3,3,0.610454,0.101503
[MO866] Iteration,2,4,0.711280,0.101463
[MO866] Iteration,1,4,0.718145,0.101436
[MO866] Iteration,0,4,0.722550,0.101470
[MO866] Iteration,3,4,0.711950,0.101479
[MO866] Iteration,2,5,0.812752,0.101435
[MO866] Iteration,1,5,0.819616,0.101429
[MO866] Iteration,0,5,0.824029,0.101461
[MO866] Iteration,3,5,0.813423,0.101456
[MO866] Iteration,2,6,0.914219,0.101428
[MO866] Iteration,1,6,0.921091,0.101440
[MO866] Iteration,0,6,0.925540,0.101492
[MO866] Iteration,3,6,0.914924,0.101484
[MO866] Iteration,2,7,1.015706,0.101449
[MO866] Iteration,1,7,1.022550,0.101423
[MO866] Iteration,0,7,1.026949,0.101393
[MO866] Iteration,3,7,1.016344,0.101404
[MO866] Iteration,2,8,1.123567,0.107824
[MO866] Iteration,1,8,1.130388,0.107806
[MO866] Iteration,0,8,1.134363,0.107396
[MO866] Iteration,3,8,1.124034,0.107673
[MO866] Iteration,2,9,1.226995,0.103388
[MO866] Iteration,1,9,1.233893,0.103465
[MO866] Iteration,0,9,1.238330,0.103946
[MO866] Iteration,3,9,1.227730,0.103669
[MO866] Iteration,2,10,1.328591,0.101531
[MO866] Iteration,1,10,1.335452,0.101525
[MO866] Iteration,0,10,1.339907,0.101559
[MO866] Iteration,3,10,1.329301,0.101554
[MO866] Iteration,2,11,1.430168,0.101537
[MO866] Iteration,1,11,1.437027,0.101540
[MO866] Iteration,0,11,1.441489,0.101563
[MO866] Iteration,3,11,1.430871,0.101552
[MO866] Iteration,2,12,1.531704,0.101496
[MO866] Iteration,1,12,1.538577,0.101515
[MO866] Iteration,0,12,1.542977,0.101471
[MO866] Iteration,3,12,1.532371,0.101484
[MO866] Iteration,2,13,1.633179,0.101436
[MO866] Iteration,1,13,1.640046,0.101424
[MO866] Iteration,0,13,1.644436,0.101442
[MO866] Iteration,3,13,1.633841,0.101453
[MO866] Iteration,2,14,1.734760,0.101544
[MO866] Iteration,1,14,1.741647,0.101543
[MO866] Iteration,0,14,1.746056,0.101603
[MO866] Iteration,3,14,1.735462,0.101604
[MO866] Iteration,2,15,1.836313,0.101515
[MO866] Iteration,1,15,1.843167,0.101486
[MO866] Iteration,0,15,1.847578,0.101505
[MO866] Iteration,3,15,1.836976,0.101498
[MO866] Iteration,2,16,1.937986,0.101634
[MO866] Iteration,1,16,1.944849,0.101648
[MO866] Iteration,0,16,1.949290,0.101693
[MO866] Iteration,3,16,1.938680,0.101688
[MO866] Iteration,2,17,2.039414,0.101390
[MO866] Iteration,1,17,2.046273,0.101389
[MO866] Iteration,0,17,2.050705,0.101398
[MO866] Iteration,3,17,2.040036,0.101339
[MO866] Iteration,2,18,2.141037,0.101590
[MO866] Iteration,1,18,2.147877,0.101570
[MO866] Iteration,0,18,2.152265,0.101542
[MO866] Iteration,3,18,2.141667,0.101615
[MO866] Iteration,2,19,2.242604,0.101527
[MO866] Iteration,1,19,2.249489,0.101578
[MO866] Iteration,0,19,2.253948,0.101665
 Time step   20
[MO866] Iteration,3,19,2.243375,0.101690
[MO866] Iteration,2,20,2.344179,0.101536
[MO866] Iteration,1,20,2.351038,0.101497
[MO866] Iteration,0,20,2.355500,0.101535
[MO866] Iteration,3,20,2.344892,0.101500
[MO866] Iteration,2,21,2.445552,0.101333
[MO866] Iteration,1,21,2.452384,0.101312
[MO866] Iteration,0,21,2.456791,0.101274
[MO866] Iteration,3,21,2.446173,0.101263
[MO866] Iteration,2,22,2.546978,0.101387
[MO866] Iteration,1,22,2.553886,0.101467
[MO866] Iteration,0,22,2.558297,0.101488
[MO866] Iteration,3,22,2.547692,0.101503
[MO866] Iteration,2,23,2.648555,0.101513
[MO866] Iteration,1,23,2.655410,0.101493
[MO866] Iteration,0,23,2.659830,0.101515
[MO866] Iteration,3,23,2.649229,0.101520
[MO866] Iteration,2,24,2.750008,0.101414
[MO866] Iteration,1,24,2.756873,0.101428
[MO866] Iteration,0,24,2.761368,0.101520
[MO866] Iteration,3,24,2.750751,0.101505
[MO866] Iteration,2,25,2.851522,0.101474
[MO866] Iteration,1,25,2.858399,0.101490
[MO866] Iteration,0,25,2.862822,0.101436
[MO866] Iteration,3,25,2.852219,0.101452
[MO866] Iteration,2,26,2.952982,0.101425
[MO866] Iteration,1,26,2.959858,0.101416
[MO866] Iteration,0,26,2.964279,0.101440
[MO866] Iteration,3,26,2.953684,0.101448
[MO866] Iteration,2,27,3.054436,0.101417
[MO866] Iteration,1,27,3.061300,0.101397
[MO866] Iteration,0,27,3.065825,0.101528
[MO866] Iteration,3,27,3.055223,0.101523
[MO866] Iteration,2,28,3.162457,0.107981
[MO866] Iteration,1,28,3.169342,0.108006
[MO866] Iteration,0,28,3.173767,0.107925
[MO866] Iteration,3,28,3.163176,0.107936
[MO866] Iteration,2,29,3.265420,0.102916
[MO866] Iteration,1,29,3.272297,0.102895
[MO866] Iteration,0,29,3.276742,0.102951
[MO866] Iteration,3,29,3.266153,0.102949
[MO866] Iteration,2,30,3.372183,0.106725
[MO866] Iteration,1,30,3.379026,0.106684
[MO866] Iteration,0,30,3.383403,0.106642
[MO866] Iteration,3,30,3.372763,0.106593
[MO866] Iteration,2,31,3.473532,0.101316
[MO866] Iteration,1,31,3.480374,0.101315
[MO866] Iteration,0,31,3.484765,0.101342
[MO866] Iteration,3,31,3.474158,0.101366
[MO866] Iteration,2,32,3.574765,0.101191
[MO866] Iteration,1,32,3.581630,0.101221
[MO866] Iteration,0,32,3.586077,0.101293
[MO866] Iteration,3,32,3.575433,0.101259
[MO866] Iteration,2,33,3.676117,0.101314
[MO866] Iteration,1,33,3.682975,0.101312
[MO866] Iteration,0,33,3.687359,0.101267
[MO866] Iteration,3,33,3.676752,0.101291
[MO866] Iteration,2,34,3.777614,0.101460
[MO866] Iteration,1,34,3.784495,0.101476
[MO866] Iteration,0,34,3.788934,0.101558
[MO866] Iteration,3,34,3.778348,0.101579
[MO866] Iteration,2,35,3.879272,0.101621
[MO866] Iteration,1,35,3.886146,0.101606
[MO866] Iteration,0,35,3.890536,0.101562
[MO866] Iteration,3,35,3.879937,0.101573
[MO866] Iteration,2,36,3.980749,0.101437
[MO866] Iteration,1,36,3.987613,0.101427
[MO866] Iteration,0,36,3.992040,0.101485
[MO866] Iteration,3,36,3.981440,0.101487
[MO866] Iteration,2,37,4.082329,0.101539
[MO866] Iteration,1,37,4.089205,0.101556
[MO866] Iteration,0,37,4.093643,0.101585
[MO866] Iteration,3,37,4.083023,0.101565
[MO866] Iteration,2,38,4.183789,0.101420
[MO866] Iteration,1,38,4.190653,0.101403
[MO866] Iteration,0,38,4.195080,0.101420
[MO866] Iteration,3,38,4.184467,0.101428
[MO866] Iteration,2,39,4.285418,0.101593
[MO866] Iteration,1,39,4.292290,0.101593
[MO866] Iteration,0,39,4.296744,0.101646
 Time step   40
[MO866] Iteration,3,39,4.286155,0.101671
[MO866] Iteration,2,40,4.386889,0.101434
[MO866] Iteration,1,40,4.393790,0.101456
[MO866] Iteration,0,40,4.398163,0.101402
[MO866] Iteration,3,40,4.387573,0.101402
[MO866] Iteration,2,41,4.488333,0.101406
[MO866] Iteration,1,41,4.495195,0.101373
[MO866] Iteration,0,41,4.499607,0.101426
[MO866] Iteration,3,41,4.489009,0.101420
[MO866] Iteration,2,42,4.589821,0.101450
[MO866] Iteration,1,42,4.596685,0.101456
[MO866] Iteration,0,42,4.601117,0.101492
[MO866] Iteration,3,42,4.590509,0.101484
[MO866] Iteration,2,43,4.691485,0.101626
[MO866] Iteration,1,43,4.698361,0.101642
[MO866] Iteration,0,43,4.702765,0.101631
[MO866] Iteration,3,43,4.692158,0.101633
[MO866] Iteration,2,44,4.792944,0.101408
[MO866] Iteration,1,44,4.799818,0.101425
[MO866] Iteration,0,44,4.804260,0.101477
[MO866] Iteration,3,44,4.793658,0.101483
[MO866] Iteration,2,45,4.894497,0.101514
[MO866] Iteration,1,45,4.901370,0.101495
[MO866] Iteration,0,45,4.905788,0.101511
[MO866] Iteration,3,45,4.895191,0.101516
[MO866] Iteration,2,46,4.996257,0.101720
[MO866] Iteration,1,46,5.003121,0.101715
[MO866] Iteration,0,46,5.007544,0.101741
[MO866] Iteration,3,46,4.996938,0.101730
[MO866] Iteration,2,47,5.097816,0.101521
[MO866] Iteration,1,47,5.104694,0.101539
[MO866] Iteration,0,47,5.109129,0.101568
[MO866] Iteration,3,47,5.098519,0.101565
[MO866] Iteration,2,48,5.199298,0.101442
[MO866] Iteration,1,48,5.206157,0.101418
[MO866] Iteration,0,48,5.210554,0.101409
[MO866] Iteration,3,48,5.199952,0.101417
[MO866] Iteration,2,49,5.300788,0.101452
[MO866] Iteration,1,49,5.307652,0.101462
[MO866] Iteration,0,49,5.312048,0.101477
[MO866] Iteration,3,49,5.301449,0.101480
[MO866] Iteration,2,50,5.402249,0.101422
[MO866] Iteration,1,50,5.409118,0.101433
[MO866] Iteration,0,50,5.413557,0.101492
[MO866] Iteration,3,50,5.402970,0.101505
[MO866] Iteration,2,51,5.503760,0.101473
[MO866] Iteration,1,51,5.510622,0.101468
[MO866] Iteration,0,51,5.515099,0.101527
[MO866] Iteration,3,51,5.504501,0.101515
[MO866] Iteration,2,52,5.610712,0.106913
[MO866] Iteration,1,52,5.617605,0.106940
[MO866] Iteration,0,52,5.622052,0.106934
[MO866] Iteration,3,52,5.611447,0.106929
[MO866] Iteration,2,53,5.712740,0.101973
[MO866] Iteration,1,53,5.719596,0.101959
[MO866] Iteration,0,53,5.724033,0.101955
[MO866] Iteration,3,53,5.713434,0.101970
[MO866] Iteration,2,54,5.814219,0.101439
[MO866] Iteration,1,54,5.821103,0.101472
[MO866] Iteration,0,54,5.825601,0.101550
[MO866] Iteration,3,54,5.814995,0.101544
[MO866] Iteration,2,55,5.915805,0.101544
[MO866] Iteration,1,55,5.922665,0.101516
[MO866] Iteration,0,55,5.927045,0.101427
[MO866] Iteration,3,55,5.916439,0.101428
[MO866] Iteration,2,56,6.017247,0.101402
[MO866] Iteration,1,56,6.024115,0.101418
[MO866] Iteration,0,56,6.028504,0.101441
[MO866] Iteration,3,56,6.017906,0.101450
[MO866] Iteration,2,57,6.118692,0.101408
[MO866] Iteration,1,57,6.125594,0.101445
[MO866] Iteration,0,57,6.130025,0.101503
[MO866] Iteration,3,57,6.119423,0.101476
[MO866] Iteration,2,58,6.220318,0.101586
[MO866] Iteration,1,58,6.227178,0.101550
[MO866] Iteration,0,58,6.231554,0.101513
[MO866] Iteration,3,58,6.220952,0.101512
[MO866] Iteration,2,59,6.321879,0.101522
[MO866] Iteration,1,59,6.328724,0.101513
[MO866] Iteration,0,59,6.333153,0.101582
 Time step   60
[MO866] Iteration,3,59,6.322532,0.101563
[MO866] Iteration,2,60,6.423107,0.101190
[MO866] Iteration,1,60,6.429952,0.101194
[MO866] Iteration,0,60,6.434383,0.101212
[MO866] Iteration,3,60,6.423729,0.101181
[MO866] Iteration,2,61,6.524298,0.101154
[MO866] Iteration,1,61,6.531148,0.101163
[MO866] Iteration,0,61,6.535582,0.101181
[MO866] Iteration,3,61,6.524941,0.101196
[MO866] Iteration,2,62,6.625546,0.101212
[MO866] Iteration,1,62,6.632387,0.101204
[MO866] Iteration,0,62,6.636830,0.101230
[MO866] Iteration,3,62,6.626212,0.101242
[MO866] Iteration,2,63,6.726882,0.101300
[MO866] Iteration,1,63,6.733749,0.101327
[MO866] Iteration,0,63,6.738169,0.101321
[MO866] Iteration,3,63,6.727568,0.101340
[MO866] Iteration,2,64,6.828444,0.101525
[MO866] Iteration,1,64,6.835296,0.101515
[MO866] Iteration,0,64,6.839718,0.101532
[MO866] Iteration,3,64,6.829120,0.101535
[MO866] Iteration,2,65,6.930083,0.101601
[MO866] Iteration,1,65,6.936957,0.101627
[MO866] Iteration,0,65,6.941399,0.101664
[MO866] Iteration,3,65,6.930799,0.101661
[MO866] Iteration,2,66,7.031598,0.101477
[MO866] Iteration,1,66,7.038446,0.101446
[MO866] Iteration,0,66,7.042888,0.101473
[MO866] Iteration,3,66,7.032283,0.101468
[MO866] Iteration,2,67,7.137070,0.105435
[MO866] Iteration,0,67,7.147820,0.104915
[MO866] Iteration,1,67,7.146282,0.107803
[MO866] Iteration,3,67,7.139840,0.107540
[MO866] Iteration,2,68,7.242294,0.105191
[MO866] Iteration,1,68,7.249169,0.102845
[MO866] Iteration,0,68,7.253685,0.105847
[MO866] Iteration,3,68,7.243077,0.103209
[MO866] Iteration,2,69,7.344034,0.101701
[MO866] Iteration,1,69,7.350892,0.101679
[MO866] Iteration,0,69,7.355298,0.101596
[MO866] Iteration,3,69,7.344699,0.101605
[MO866] Iteration,2,70,7.445548,0.101478
[MO866] Iteration,1,70,7.452408,0.101482
[MO866] Iteration,0,70,7.456785,0.101469
[MO866] Iteration,3,70,7.446202,0.101486
[MO866] Iteration,2,71,7.546979,0.101392
[MO866] Iteration,1,71,7.553870,0.101426
[MO866] Iteration,0,71,7.558285,0.101482
[MO866] Iteration,3,71,7.547692,0.101474
[MO866] Iteration,2,72,7.648484,0.101441
[MO866] Iteration,1,72,7.655347,0.101435
[MO866] Iteration,0,72,7.659732,0.101429
[MO866] Iteration,3,72,7.649134,0.101426
[MO866] Iteration,2,73,7.750204,0.101680
[MO866] Iteration,1,73,7.757079,0.101696
[MO866] Iteration,0,73,7.761558,0.101809
[MO866] Iteration,3,73,7.750911,0.101761
[MO866] Iteration,2,74,7.852012,0.101769
[MO866] Iteration,1,74,7.858871,0.101748
[MO866] Iteration,0,74,7.863253,0.101679
[MO866] Iteration,3,74,7.852656,0.101720
[MO866] Iteration,2,75,7.953378,0.101328
[MO866] Iteration,1,75,7.960254,0.101339
[MO866] Iteration,0,75,7.964669,0.101397
[MO866] Iteration,3,75,7.954077,0.101404
[MO866] Iteration,2,76,8.055070,0.101655
[MO866] Iteration,1,76,8.061922,0.101624
[MO866] Iteration,0,76,8.066364,0.101678
[MO866] Iteration,3,76,8.055765,0.101673
[MO866] Iteration,2,77,8.156545,0.101438
[MO866] Iteration,1,77,8.163407,0.101454
[MO866] Iteration,0,77,8.167834,0.101452
[MO866] Iteration,3,77,8.157223,0.101441
[MO866] Iteration,2,78,8.258069,0.101486
[MO866] Iteration,1,78,8.264938,0.101496
[MO866] Iteration,0,78,8.269456,0.101605
[MO866] Iteration,3,78,8.258832,0.101593
[MO866] Iteration,2,79,8.359647,0.101537
[MO866] Iteration,1,79,8.366506,0.101522
[MO866] Iteration,0,79,8.370874,0.101399
 Time step   80
[MO866] Iteration,3,79,8.360275,0.101415
[MO866] Iteration,2,80,8.461187,0.101501
[MO866] Iteration,1,80,8.468045,0.101505
[MO866] Iteration,0,80,8.472453,0.101561
[MO866] Iteration,3,80,8.461845,0.101554
[MO866] Iteration,2,81,8.563080,0.101842
[MO866] Iteration,1,81,8.569948,0.101868
[MO866] Iteration,0,81,8.574378,0.101898
[MO866] Iteration,3,81,8.563777,0.101915
[MO866] Iteration,2,82,8.664886,0.101766
[MO866] Iteration,1,82,8.671465,0.101486
[MO866] Iteration,0,82,8.675880,0.101484
[MO866] Iteration,3,82,8.665262,0.101469
[MO866] Iteration,2,83,8.771588,0.106660
[MO866] Iteration,1,83,8.778455,0.106955
[MO866] Iteration,0,83,8.782898,0.107002
[MO866] Iteration,3,83,8.772288,0.107009
[MO866] Iteration,2,84,8.873125,0.101499
[MO866] Iteration,1,84,8.879989,0.101491
[MO866] Iteration,0,84,8.884353,0.101437
[MO866] Iteration,3,84,8.873755,0.101450
[MO866] Iteration,2,85,8.974529,0.101365
[MO866] Iteration,1,85,8.981401,0.101353
[MO866] Iteration,0,85,8.985877,0.101506
[MO866] Iteration,3,85,8.975235,0.101463
[MO866] Iteration,2,86,9.076011,0.101442
[MO866] Iteration,1,86,9.082865,0.101407
[MO866] Iteration,0,86,9.087290,0.101395
[MO866] Iteration,3,86,9.076691,0.101428
[MO866] Iteration,2,87,9.177493,0.101446
[MO866] Iteration,1,87,9.184362,0.101463
[MO866] Iteration,0,87,9.188766,0.101459
[MO866] Iteration,3,87,9.178172,0.101465
[MO866] Iteration,2,88,9.279003,0.101470
[MO866] Iteration,1,88,9.285901,0.101494
[MO866] Iteration,0,88,9.290337,0.101554
[MO866] Iteration,3,88,9.279737,0.101549
[MO866] Iteration,2,89,9.380672,0.101608
[MO866] Iteration,1,89,9.387510,0.101567
[MO866] Iteration,0,89,9.391918,0.101563
[MO866] Iteration,3,89,9.381272,0.101518
[MO866] Iteration,2,90,9.482162,0.101453
[MO866] Iteration,1,90,9.489033,0.101489
[MO866] Iteration,0,90,9.493492,0.101554
[MO866] Iteration,3,90,9.482873,0.101584
[MO866] Iteration,2,91,9.583710,0.101509
[MO866] Iteration,1,91,9.590581,0.101491
[MO866] Iteration,0,91,9.594958,0.101448
[MO866] Iteration,3,91,9.584356,0.101467
[MO866] Iteration,2,92,9.685897,0.102149
[MO866] Iteration,1,92,9.692773,0.102150
[MO866] Iteration,0,92,9.697220,0.102244
[MO866] Iteration,3,92,9.686592,0.102219
[MO866] Iteration,2,93,9.787306,0.101370
[MO866] Iteration,1,93,9.794176,0.101358
[MO866] Iteration,0,93,9.798645,0.101405
[MO866] Iteration,3,93,9.788047,0.101427
[MO866] Iteration,2,94,9.888822,0.101477
[MO866] Iteration,1,94,9.895687,0.101471
[MO866] Iteration,0,94,9.900091,0.101428
[MO866] Iteration,3,94,9.889478,0.101414
[MO866] Iteration,2,95,9.990265,0.101397
[MO866] Iteration,1,95,9.997128,0.101407
[MO866] Iteration,0,95,10.001575,0.101465
[MO866] Iteration,3,95,9.990966,0.101472
[MO866] Iteration,2,96,10.091962,0.101657
[MO866] Iteration,1,96,10.098810,0.101647
[MO866] Iteration,0,96,10.103233,0.101641
[MO866] Iteration,3,96,10.092632,0.101650
[MO866] Iteration,2,97,10.193439,0.101438
[MO866] Iteration,1,97,10.200308,0.101464
[MO866] Iteration,0,97,10.204704,0.101451
[MO866] Iteration,3,97,10.194120,0.101470
[MO866] Iteration,2,98,10.294785,0.101308
[MO866] Iteration,1,98,10.301679,0.101313
[MO866] Iteration,0,98,10.306146,0.101423
[MO866] Iteration,3,98,10.295555,0.101419
[MO866] Iteration,2,99,10.396348,0.101522
[MO866] Iteration,1,99,10.403213,0.101501
[MO866] Iteration,0,99,10.407606,0.101443
 Time step  100
[MO866] Iteration,3,99,10.397003,0.101432
[MO866] Iteration,2,100,10.497826,0.101437
[MO866] Iteration,1,100,10.504690,0.101442
[MO866] Iteration,0,100,10.509140,0.101517
[MO866] Iteration,3,100,10.498519,0.101498
[MO866] Iteration,2,101,10.599278,0.101413
[MO866] Iteration,1,101,10.606141,0.101414
[MO866] Iteration,0,101,10.610572,0.101415
[MO866] Iteration,3,101,10.599972,0.101437
[MO866] Iteration,2,102,10.700733,0.101416
[MO866] Iteration,1,102,10.707598,0.101415
[MO866] Iteration,0,102,10.712018,0.101427
[MO866] Iteration,3,102,10.701418,0.101428
[MO866] Iteration,2,103,10.802219,0.101444
[MO866] Iteration,1,103,10.809098,0.101465
[MO866] Iteration,0,103,10.813568,0.101531
[MO866] Iteration,3,103,10.802964,0.101528
[MO866] Iteration,2,104,10.903716,0.101457
[MO866] Iteration,1,104,10.910568,0.101425
[MO866] Iteration,0,104,10.914959,0.101374
[MO866] Iteration,3,104,10.904361,0.101381
[MO866] Iteration,2,105,11.005122,0.101367
[MO866] Iteration,1,105,11.011992,0.101391
[MO866] Iteration,0,105,11.016423,0.101446
[MO866] Iteration,3,105,11.005815,0.101436
[MO866] Iteration,2,106,11.106563,0.101402
[MO866] Iteration,1,106,11.113450,0.101413
[MO866] Iteration,0,106,11.117908,0.101468
[MO866] Iteration,3,106,11.107263,0.101430
[MO866] Iteration,2,107,11.208100,0.101496
[MO866] Iteration,1,107,11.214973,0.101491
[MO866] Iteration,0,107,11.219392,0.101467
[MO866] Iteration,3,107,11.208788,0.101499
[MO866] Iteration,2,108,11.309591,0.101452
[MO866] Iteration,1,108,11.316465,0.101448
[MO866] Iteration,0,108,11.320907,0.101497
[MO866] Iteration,3,108,11.310317,0.101512
[MO866] Iteration,2,109,11.411032,0.101403
[MO866] Iteration,1,109,11.417952,0.101443
[MO866] Iteration,0,109,11.422337,0.101412
[MO866] Iteration,3,109,11.411727,0.101393
[MO866] Iteration,2,110,11.512515,0.101436
[MO866] Iteration,1,110,11.519365,0.101372
[MO866] Iteration,0,110,11.523759,0.101405
[MO866] Iteration,3,110,11.513154,0.101410
[MO866] Iteration,2,111,11.613924,0.101368
[MO866] Iteration,1,111,11.620796,0.101396
[MO866] Iteration,0,111,11.625263,0.101486
[MO866] Iteration,3,111,11.614654,0.101482
[MO866] Iteration,2,112,11.715472,0.101508
[MO866] Iteration,1,112,11.722350,0.101496
[MO866] Iteration,0,112,11.726799,0.101519
[MO866] Iteration,3,112,11.716191,0.101520
[MO866] Iteration,2,113,11.817349,0.101838
[MO866] Iteration,1,113,11.824213,0.101830
[MO866] Iteration,0,113,11.828598,0.101782
[MO866] Iteration,3,113,11.818036,0.101828
[MO866] Iteration,2,114,11.918822,0.101433
[MO866] Iteration,1,114,11.925705,0.101433
[MO866] Iteration,0,114,11.930155,0.101539
[MO866] Iteration,3,114,11.919546,0.101494
[MO866] Iteration,2,115,12.020923,0.102046
[MO866] Iteration,1,115,12.027788,0.102051
[MO866] Iteration,0,115,12.032181,0.102000
[MO866] Iteration,3,115,12.021586,0.102023
[MO866] Iteration,2,116,12.122406,0.101445
[MO866] Iteration,1,116,12.129274,0.101440
[MO866] Iteration,0,116,12.133753,0.101554
[MO866] Iteration,3,116,12.123132,0.101529
[MO866] Iteration,2,117,12.223906,0.101458
[MO866] Iteration,1,117,12.230770,0.101459
[MO866] Iteration,0,117,12.235210,0.101439
[MO866] Iteration,3,117,12.224607,0.101459
[MO866] Iteration,2,118,12.325432,0.101486
[MO866] Iteration,1,118,12.332306,0.101503
[MO866] Iteration,0,118,12.336692,0.101464
[MO866] Iteration,3,118,12.326104,0.101480
[MO866] Iteration,2,119,12.432376,0.106904
[MO866] Iteration,1,119,12.439212,0.106862
[MO866] Iteration,0,119,12.443633,0.106923
 Time step  120
[MO866] Iteration,3,119,12.432975,0.106854
[MO866] Iteration,2,120,12.533673,0.101256
[MO866] Iteration,1,120,12.540498,0.101251
[MO866] Iteration,0,120,12.544931,0.101278
[MO866] Iteration,3,120,12.534298,0.101305
[MO866] Iteration,2,121,12.634993,0.101284
[MO866] Iteration,1,121,12.641858,0.101325
[MO866] Iteration,0,121,12.646268,0.101309
[MO866] Iteration,3,121,12.635627,0.101314
[MO866] Iteration,2,122,12.736287,0.101242
[MO866] Iteration,1,122,12.743140,0.101250
[MO866] Iteration,0,122,12.747589,0.101305
[MO866] Iteration,3,122,12.736945,0.101289
[MO866] Iteration,2,123,12.837716,0.101391
[MO866] Iteration,1,123,12.844550,0.101375
[MO866] Iteration,0,123,12.848992,0.101387
[MO866] Iteration,3,123,12.838341,0.101367
[MO866] Iteration,2,124,12.938956,0.101202
[MO866] Iteration,1,124,12.945818,0.101232
[MO866] Iteration,0,124,12.950257,0.101250
[MO866] Iteration,3,124,12.939630,0.101273
[MO866] Iteration,2,125,13.040272,0.101278
[MO866] Iteration,1,125,13.047120,0.101269
[MO866] Iteration,0,125,13.051554,0.101281
[MO866] Iteration,3,125,13.040911,0.101264
[MO866] Iteration,2,126,13.141800,0.101488
[MO866] Iteration,1,126,13.148638,0.101485
[MO866] Iteration,0,126,13.153083,0.101510
[MO866] Iteration,3,126,13.142452,0.101513
[MO866] Iteration,2,127,13.243120,0.101283
[MO866] Iteration,1,127,13.249969,0.101296
[MO866] Iteration,0,127,13.254396,0.101299
[MO866] Iteration,3,127,13.243779,0.101311
[MO866] Iteration,2,128,13.344381,0.101222
[MO866] Iteration,1,128,13.351224,0.101223
[MO866] Iteration,0,128,13.355655,0.101243
[MO866] Iteration,3,128,13.345008,0.101213
[MO866] Iteration,2,129,13.445673,0.101257
[MO866] Iteration,1,129,13.452511,0.101253
[MO866] Iteration,0,129,13.456981,0.101310
[MO866] Iteration,3,129,13.446363,0.101327
[MO866] Iteration,2,130,13.546964,0.101251
[MO866] Iteration,1,130,13.553828,0.101281
[MO866] Iteration,0,130,13.558241,0.101246
[MO866] Iteration,3,130,13.547599,0.101220
[MO866] Iteration,2,131,13.648270,0.101263
[MO866] Iteration,1,131,13.655115,0.101254
[MO866] Iteration,0,131,13.659535,0.101276
[MO866] Iteration,3,131,13.648905,0.101277
[MO866] Iteration,2,132,13.749569,0.101262
[MO866] Iteration,1,132,13.756411,0.101261
[MO866] Iteration,0,132,13.760858,0.101307
[MO866] Iteration,3,132,13.750238,0.101316
[MO866] Iteration,2,133,13.850865,0.101258
[MO866] Iteration,1,133,13.857731,0.101283
[MO866] Iteration,0,133,13.862161,0.101285
[MO866] Iteration,3,133,13.851540,0.101286
[MO866] Iteration,2,134,13.952169,0.101266
[MO866] Iteration,1,134,13.959021,0.101257
[MO866] Iteration,0,134,13.963411,0.101234
[MO866] Iteration,3,134,13.952786,0.101230
[MO866] Iteration,2,135,14.053399,0.101193
[MO866] Iteration,1,135,14.060240,0.101186
[MO866] Iteration,0,135,14.064661,0.101234
[MO866] Iteration,3,135,14.054055,0.101252
[MO866] Iteration,2,136,14.154629,0.101193
[MO866] Iteration,1,136,14.161493,0.101217
[MO866] Iteration,0,136,14.165943,0.101263
[MO866] Iteration,3,136,14.155312,0.101241
[MO866] Iteration,2,137,14.255990,0.101321
[MO866] Iteration,1,137,14.262834,0.101310
[MO866] Iteration,0,137,14.267233,0.101275
[MO866] Iteration,3,137,14.256590,0.101261
[MO866] Iteration,2,138,14.357244,0.101214
[MO866] Iteration,1,138,14.364087,0.101218
[MO866] Iteration,0,138,14.368471,0.101220
[MO866] Iteration,3,138,14.357840,0.101221
[MO866] Iteration,2,139,14.458475,0.101193
[MO866] Iteration,1,139,14.465307,0.101184
[MO866] Iteration,0,139,14.469757,0.101270
 Time step  140
[MO866] Iteration,3,139,14.459129,0.101272
[MO866] Iteration,2,140,14.559810,0.101297
[MO866] Iteration,1,140,14.566653,0.101311
[MO866] Iteration,0,140,14.571033,0.101262
[MO866] Iteration,3,140,14.560409,0.101263
[MO866] Iteration,2,141,14.661072,0.101226
[MO866] Iteration,1,141,14.667917,0.101230
[MO866] Iteration,0,141,14.672347,0.101297
[MO866] Iteration,3,141,14.661701,0.101275
[MO866] Iteration,2,142,14.762379,0.101265
[MO866] Iteration,1,142,14.769220,0.101269
[MO866] Iteration,0,142,14.773628,0.101264
[MO866] Iteration,3,142,14.763026,0.101296
[MO866] Iteration,2,143,14.863688,0.101267
[MO866] Iteration,1,143,14.870528,0.101271
[MO866] Iteration,0,143,14.874939,0.101296
[MO866] Iteration,3,143,14.864293,0.101251
[MO866] Iteration,2,144,14.964969,0.101244
[MO866] Iteration,1,144,14.971801,0.101240
[MO866] Iteration,0,144,14.976215,0.101261
[MO866] Iteration,3,144,14.965566,0.101244
[MO866] Iteration,2,145,15.066236,0.101229
[MO866] Iteration,1,145,15.073080,0.101245
[MO866] Iteration,0,145,15.077522,0.101291
[MO866] Iteration,3,145,15.066890,0.101295
[MO866] Iteration,2,146,15.173810,0.107535
[MO866] Iteration,1,146,15.180665,0.107550
[MO866] Iteration,0,146,15.185031,0.107494
[MO866] Iteration,3,146,15.174426,0.107520
[MO866] Iteration,2,147,15.276498,0.102647
[MO866] Iteration,1,147,15.283356,0.102640
[MO866] Iteration,0,147,15.287751,0.102703
[MO866] Iteration,3,147,15.277156,0.102702
[MO866] Iteration,2,148,15.378120,0.101583
[MO866] Iteration,1,148,15.384921,0.101530
[MO866] Iteration,0,148,15.390231,0.102463
[MO866] Iteration,3,148,15.379619,0.102445
[MO866] Iteration,2,149,15.480470,0.102318
[MO866] Iteration,1,149,15.487309,0.102357
[MO866] Iteration,0,149,15.491760,0.101506
[MO866] Iteration,3,149,15.481142,0.101506
[MO866] Iteration,2,150,15.581976,0.101466
[MO866] Iteration,1,150,15.588856,0.101510
[MO866] Iteration,0,150,15.593270,0.101490
[MO866] Iteration,3,150,15.582663,0.101504
[MO866] Iteration,2,151,15.683358,0.101343
[MO866] Iteration,1,151,15.690220,0.101320
[MO866] Iteration,0,151,15.694697,0.101410
[MO866] Iteration,3,151,15.684106,0.101426
[MO866] Iteration,2,152,15.785041,0.101647
[MO866] Iteration,1,152,15.791917,0.101656
[MO866] Iteration,0,152,15.796298,0.101581
[MO866] Iteration,3,152,15.785702,0.101578
[MO866] Iteration,2,153,15.886571,0.101491
[MO866] Iteration,1,153,15.893459,0.101497
[MO866] Iteration,0,153,15.897906,0.101588
[MO866] Iteration,3,153,15.887292,0.101573
[MO866] Iteration,2,154,15.988098,0.101484
[MO866] Iteration,1,154,15.994964,0.101466
[MO866] Iteration,0,154,15.999385,0.101462
[MO866] Iteration,3,154,15.988786,0.101478
[MO866] Iteration,2,155,16.091507,0.103370
[MO866] Iteration,1,155,16.098373,0.103375
[MO866] Iteration,0,155,16.102798,0.103394
[MO866] Iteration,3,155,16.092204,0.103402
[MO866] Iteration,2,156,16.193322,0.101755
[MO866] Iteration,1,156,16.200191,0.101786
[MO866] Iteration,0,156,16.204630,0.101805
[MO866] Iteration,3,156,16.194060,0.101839
[MO866] Iteration,2,157,16.294878,0.101513
[MO866] Iteration,1,157,16.301777,0.101529
[MO866] Iteration,0,157,16.306161,0.101513
[MO866] Iteration,3,157,16.295519,0.101443
[MO866] Iteration,2,158,16.396340,0.101420
[MO866] Iteration,1,158,16.403206,0.101395
[MO866] Iteration,0,158,16.407611,0.101431
[MO866] Iteration,3,158,16.397010,0.101462
[MO866] Iteration,2,159,16.497813,0.101434
[MO866] Iteration,1,159,16.504684,0.101422
[MO866] Iteration,0,159,16.509144,0.101516
 Time step  160
[MO866] Iteration,3,159,16.498533,0.101506
[MO866] Iteration,2,160,16.599344,0.101491
[MO866] Iteration,1,160,16.606206,0.101465
[MO866] Iteration,0,160,16.610628,0.101467
[MO866] Iteration,3,160,16.600034,0.101485
[MO866] Iteration,2,161,16.700795,0.101412
[MO866] Iteration,1,161,16.707661,0.101423
[MO866] Iteration,0,161,16.712089,0.101444
[MO866] Iteration,3,161,16.701485,0.101434
[MO866] Iteration,2,162,16.802291,0.101457
[MO866] Iteration,1,162,16.809157,0.101462
[MO866] Iteration,0,162,16.813600,0.101493
[MO866] Iteration,3,162,16.802986,0.101484
[MO866] Iteration,2,163,16.903826,0.101493
[MO866] Iteration,1,163,16.910694,0.101502
[MO866] Iteration,0,163,16.915037,0.101420
[MO866] Iteration,3,163,16.904429,0.101427
[MO866] Iteration,2,164,17.005264,0.101401
[MO866] Iteration,1,164,17.012136,0.101387
[MO866] Iteration,0,164,17.016536,0.101480
[MO866] Iteration,3,164,17.005959,0.101513
[MO866] Iteration,2,165,17.106725,0.101422
[MO866] Iteration,1,165,17.113619,0.101439
[MO866] Iteration,0,165,17.118058,0.101504
[MO866] Iteration,3,165,17.107453,0.101478
[MO866] Iteration,2,166,17.208219,0.101453
[MO866] Iteration,1,166,17.215086,0.101435
[MO866] Iteration,0,166,17.219519,0.101444
[MO866] Iteration,3,166,17.208921,0.101451
[MO866] Iteration,2,167,17.309746,0.101486
[MO866] Iteration,1,167,17.316618,0.101499
[MO866] Iteration,0,167,17.321040,0.101504
[MO866] Iteration,3,167,17.310426,0.101488
[MO866] Iteration,2,168,17.411361,0.101576
[MO866] Iteration,1,168,17.418222,0.101570
[MO866] Iteration,0,168,17.422582,0.101525
[MO866] Iteration,3,168,17.411973,0.101521
[MO866] Iteration,2,169,17.512640,0.101243
[MO866] Iteration,1,169,17.519494,0.101241
[MO866] Iteration,0,169,17.523886,0.101286
[MO866] Iteration,3,169,17.513299,0.101308
[MO866] Iteration,2,170,17.614099,0.101418
[MO866] Iteration,1,170,17.620975,0.101449
[MO866] Iteration,0,170,17.625444,0.101539
[MO866] Iteration,3,170,17.614827,0.101511
[MO866] Iteration,2,171,17.715569,0.101431
[MO866] Iteration,1,171,17.722425,0.101405
[MO866] Iteration,0,171,17.726901,0.101427
[MO866] Iteration,3,171,17.716292,0.101448
[MO866] Iteration,2,172,17.817110,0.101502
[MO866] Iteration,1,172,17.823987,0.101529
[MO866] Iteration,0,172,17.828366,0.101446
[MO866] Iteration,3,172,17.817757,0.101448
[MO866] Iteration,2,173,17.918609,0.101460
[MO866] Iteration,1,173,17.925489,0.101457
[MO866] Iteration,0,173,17.929905,0.101522
[MO866] Iteration,3,173,17.919266,0.101492
[MO866] Iteration,2,174,18.020147,0.101498
[MO866] Iteration,1,174,18.027010,0.101488
[MO866] Iteration,0,174,18.031427,0.101504
[MO866] Iteration,3,174,18.020817,0.101525
[MO866] Iteration,2,175,18.121730,0.101545
[MO866] Iteration,1,175,18.128595,0.101541
[MO866] Iteration,0,175,18.133030,0.101585
[MO866] Iteration,3,175,18.122418,0.101585
[MO866] Iteration,2,176,18.223206,0.101438
[MO866] Iteration,1,176,18.230080,0.101449
[MO866] Iteration,0,176,18.234472,0.101425
[MO866] Iteration,3,176,18.223843,0.101409
[MO866] Iteration,2,177,18.324613,0.101365
[MO866] Iteration,1,177,18.331474,0.101352
[MO866] Iteration,0,177,18.335867,0.101376
[MO866] Iteration,3,177,18.325262,0.101393
[MO866] Iteration,2,178,18.426258,0.101603
[MO866] Iteration,1,178,18.433126,0.101616
[MO866] Iteration,0,178,18.437583,0.101699
[MO866] Iteration,3,178,18.426971,0.101691
[MO866] Iteration,2,179,18.527792,0.101495
[MO866] Iteration,1,179,18.534653,0.101490
[MO866] Iteration,0,179,18.539049,0.101446
 Time step  180
[MO866] Iteration,3,179,18.528438,0.101450
[MO866] Iteration,2,180,18.629216,0.101385
[MO866] Iteration,1,180,18.636098,0.101411
[MO866] Iteration,0,180,18.640500,0.101432
[MO866] Iteration,3,180,18.629905,0.101450
[MO866] Iteration,2,181,18.730731,0.101476
[MO866] Iteration,1,181,18.737624,0.101482
[MO866] Iteration,0,181,18.742012,0.101493
[MO866] Iteration,3,181,18.731430,0.101482
[MO866] Iteration,2,182,18.832147,0.101375
[MO866] Iteration,1,182,18.839013,0.101357
[MO866] Iteration,0,182,18.843425,0.101395
[MO866] Iteration,3,182,18.832826,0.101380
[MO866] Iteration,2,183,18.933624,0.101438
[MO866] Iteration,1,183,18.940490,0.101444
[MO866] Iteration,0,183,18.944885,0.101442
[MO866] Iteration,3,183,18.934299,0.101455
[MO866] Iteration,2,184,19.035136,0.101473
[MO866] Iteration,1,184,19.042004,0.101479
[MO866] Iteration,0,184,19.046390,0.101487
[MO866] Iteration,3,184,19.035782,0.101467
[MO866] Iteration,2,185,19.136556,0.101378
[MO866] Iteration,1,185,19.143412,0.101375
[MO866] Iteration,0,185,19.147836,0.101429
[MO866] Iteration,3,185,19.137231,0.101432
[MO866] Iteration,2,186,19.238118,0.101523
[MO866] Iteration,1,186,19.244983,0.101534
[MO866] Iteration,0,186,19.249401,0.101547
[MO866] Iteration,3,186,19.238787,0.101539
[MO866] Iteration,2,187,19.339582,0.101422
[MO866] Iteration,1,187,19.346439,0.101421
[MO866] Iteration,0,187,19.350841,0.101423
[MO866] Iteration,3,187,19.340234,0.101431
[MO866] Iteration,2,188,19.441111,0.101490
[MO866] Iteration,1,188,19.447949,0.101477
[MO866] Iteration,0,188,19.452373,0.101514
[MO866] Iteration,3,188,19.441772,0.101521
[MO866] Iteration,2,189,19.542673,0.101527
[MO866] Iteration,1,189,19.549552,0.101568
[MO866] Iteration,0,189,19.553965,0.101573
[MO866] Iteration,3,189,19.543357,0.101568
[MO866] Iteration,2,190,19.644081,0.101370
[MO866] Iteration,1,190,19.650939,0.101354
[MO866] Iteration,0,190,19.655387,0.101405
[MO866] Iteration,3,190,19.644784,0.101411
[MO866] Iteration,2,191,19.745683,0.101562
[MO866] Iteration,1,191,19.752552,0.101580
[MO866] Iteration,0,191,19.756953,0.101547
[MO866] Iteration,3,191,19.746348,0.101547
[MO866] Iteration,2,192,19.847423,0.101701
[MO866] Iteration,1,192,19.854283,0.101696
[MO866] Iteration,0,192,19.858659,0.101680
[MO866] Iteration,3,192,19.848062,0.101698
[MO866] Iteration,2,193,19.948892,0.101430
[MO866] Iteration,1,193,19.955764,0.101447
[MO866] Iteration,0,193,19.960163,0.101486
[MO866] Iteration,3,193,19.949565,0.101486
[MO866] Iteration,2,194,20.050314,0.101383
[MO866] Iteration,1,194,20.057183,0.101385
[MO866] Iteration,0,194,20.061672,0.101490
[MO866] Iteration,3,194,20.051062,0.101480
[MO866] Iteration,2,195,20.151888,0.101534
[MO866] Iteration,1,195,20.158750,0.101531
[MO866] Iteration,0,195,20.163152,0.101461
[MO866] Iteration,3,195,20.152548,0.101469
[MO866] Iteration,2,196,20.253382,0.101455
[MO866] Iteration,1,196,20.260253,0.101469
[MO866] Iteration,0,196,20.264648,0.101478
[MO866] Iteration,3,196,20.254057,0.101492
[MO866] Iteration,2,197,20.354794,0.101371
[MO866] Iteration,1,197,20.361690,0.101402
[MO866] Iteration,0,197,20.366111,0.101445
[MO866] Iteration,3,197,20.355505,0.101432
[MO866] Iteration,2,198,20.456304,0.101470
[MO866] Iteration,1,198,20.463167,0.101446
[MO866] Iteration,0,198,20.467551,0.101422
[MO866] Iteration,3,198,20.456945,0.101423
[MO866] Iteration,2,199,20.557766,0.101422
[MO866] Iteration,1,199,20.564641,0.101441
[MO866] Iteration,0,199,20.569089,0.101520
 Time step  200
[MO866] Iteration,3,199,20.558484,0.101522
[MO866] Iteration,2,200,20.659302,0.101497
[MO866] Iteration,1,200,20.666158,0.101473
[MO866] Iteration,0,200,20.670487,0.101381
[MO866] Iteration,3,200,20.659887,0.101387
[MO866] PI avg,2,0.101766,200
[MO866] Beta,2,0.000669
[MO866] Total time,2,20.672913
[MO866] PI avg,1,0.101770,200
[MO866] Beta,1,0.000648
[MO866] Total time,1,20.679340
 Verification being performed for class A
 accuracy setting for epsilon =  0.1000000000000E-07
 Comparison of RMS-norms of residual
           1 0.1080634671464E+03 0.1080634671464E+03 0.7101254243319E-14
           2 0.1131973090122E+02 0.1131973090122E+02 0.9415542762816E-15
           3 0.2597435451158E+02 0.2597435451158E+02 0.6838887328685E-15
           4 0.2366562254468E+02 0.2366562254468E+02 0.6455215276928E-14
           5 0.2527896321175E+03 0.2527896321175E+03 0.1259241302557E-13
 Comparison of RMS-norms of solution error
           1 0.4234841604053E+01 0.4234841604053E+01 0.1048656009767E-14
           2 0.4439028249700E+00 0.4439028249700E+00 0.6752834174215E-14
           3 0.9669248013635E+00 0.9669248013635E+00 0.3100139909806E-14
[MO866] PI avg,3,0.101796,200
[MO866] Beta,3,0.000587
[MO866] Total time,3,20.671842
           4 0.8830206303977E+00 0.8830206303977E+00 0.6286506715733E-15
           5 0.9737990177083E+01 0.9737990177083E+01 0.1824151397873E-14
 Verification Successful


 BT Benchmark Completed.
 Class           =                        A
 Size            =             64x  64x  64
 Iterations      =                      200
 Time in seconds =                    20.36
 Total processes =                        4
 Active procs    =                        4
 Mop/s total     =                  8264.26
 Mop/s/process   =                  2066.06
 Operation type  =           floating point
 Verification    =               SUCCESSFUL
 Version         =                      3.4
 Compile date    =              15 Jun 2020

 Compile options:
    MPIFC        = mpif90
    FLINK        = $(MPIFC)
    FMPI_LIB     = (none)
    FMPI_INC     = (none)
    FFLAGS       = -O3
    FLINKFLAGS   = $(FFLAGS) -O ../kernel_stats/kernel_stats.o...
    RAND         = (none)


 Please send feedbacks and/or the results of this run to:

 NPB Development Team 
 Internet: npb@nas.nasa.gov


[MO866] PI avg,0,0.101794,200
[MO866] Beta,0,0.000623
[MO866] Total time,0,20.683180
