--------------------------------------------------------------------------
[[60646,1],0]: A high-performance Open MPI point-to-point messaging module
was unable to find any relevant network interfaces:

Module: OpenFabrics (openib)
  Host: node06

Another transport will be used instead, although this may result in
lower performance.

NOTE: You can disable this warning by setting the MCA parameter
btl_base_warn_component_unused to 0.
--------------------------------------------------------------------------
aquiii
[MO866] Init time,0,0.862929
[MO866] Iteration,0,1,1.192352,0.329411
[MO866] Iteration,0,2,1.541515,0.349149
[MO866] Iteration,0,3,1.875383,0.333843
[MO866] Iteration,0,4,2.204779,0.329383
[MO866] Iteration,0,5,2.536383,0.331590
[MO866] Iteration,0,6,2.872338,0.335942
[MO866] Iteration,0,7,3.208397,0.336046
[MO866] Iteration,0,8,3.564916,0.356507
[MO866] Iteration,0,9,3.905476,0.340536
[MO866] Iteration,0,10,4.241909,0.336421
[MO866] Iteration,0,11,4.577775,0.335854
[MO866] Iteration,0,12,4.911596,0.333808
[MO866] Iteration,0,13,5.245726,0.334117
[MO866] Iteration,0,14,5.579618,0.333879
[MO866] Iteration,0,15,5.933437,0.353806
[MO866] Iteration,0,16,6.272241,0.338780
[MO866] Iteration,0,17,6.606939,0.334685
[MO866] Iteration,0,18,6.940613,0.333661
[MO866] Iteration,0,19,7.274479,0.333853
[MO866] Iteration,0,20,7.608479,0.333987
[MO866] Iteration,0,21,7.942572,0.334080
[MO866] Iteration,0,22,8.276746,0.334162
[MO866] Iteration,0,23,8.610763,0.334003
[MO866] Iteration,0,24,8.963127,0.352352
[MO866] Iteration,0,25,9.302539,0.339388
[MO866] Iteration,0,26,9.636362,0.333810
[MO866] Iteration,0,27,9.970600,0.334225
[MO866] Iteration,0,28,10.305113,0.334499
[MO866] Iteration,0,29,10.639231,0.334104
[MO866] Iteration,0,30,10.973388,0.334144
[MO866] Iteration,0,31,11.307459,0.334058
[MO866] Iteration,0,32,11.641296,0.333823
[MO866] Iteration,0,33,11.975353,0.334044
[MO866] Iteration,0,34,12.309451,0.334084
[MO866] Iteration,0,35,12.643623,0.334158
[MO866] Iteration,0,36,12.996247,0.352612
[MO866] Iteration,0,37,13.335057,0.338784
[MO866] Iteration,0,38,13.668897,0.333826
[MO866] Iteration,0,39,14.002908,0.333997
[MO866] Iteration,0,40,14.337202,0.334281
[MO866] Iteration,0,41,14.671491,0.334276
[MO866] Iteration,0,42,15.005388,0.333884
[MO866] Iteration,0,43,15.339487,0.334086
[MO866] Iteration,0,44,15.673442,0.333941
[MO866] Iteration,0,45,16.007457,0.334002
[MO866] Iteration,0,46,16.341665,0.334194
[MO866] Iteration,0,47,16.675733,0.334054
[MO866] Iteration,0,48,17.009655,0.333909
[MO866] Iteration,0,49,17.343728,0.334059
[MO866] Iteration,0,50,17.677449,0.333708
[MO866] Iteration,0,51,18.011689,0.334226
[MO866] Iteration,0,52,18.365103,0.353401
[MO866] Iteration,0,53,18.704074,0.338945
[MO866] Iteration,0,54,19.037954,0.333865
[MO866] Iteration,0,55,19.372266,0.334299
[MO866] Iteration,0,56,19.705969,0.333690
[MO866] Iteration,0,57,20.040186,0.334203
[MO866] Iteration,0,58,20.374203,0.334003
[MO866] Iteration,0,59,20.708431,0.334214
[MO866] Iteration,0,60,21.042314,0.333870
[MO866] Iteration,0,61,21.376401,0.334073
[MO866] Iteration,0,62,21.710226,0.333811
[MO866] Iteration,0,63,22.044386,0.334146
[MO866] Iteration,0,64,22.378446,0.334047
[MO866] Iteration,0,65,22.712689,0.334229
[MO866] Iteration,0,66,23.046466,0.333764
[MO866] Iteration,0,67,23.380491,0.334012
[MO866] Iteration,0,68,23.714360,0.333855
[MO866] Iteration,0,69,24.048594,0.334221
[MO866] Iteration,0,70,24.382616,0.334009
[MO866] Iteration,0,71,24.716747,0.334118
[MO866] Iteration,0,72,25.069575,0.352815
[MO866] Iteration,0,73,25.408951,0.339352
[MO866] Iteration,0,74,25.742689,0.333725
[MO866] Iteration,0,75,26.076722,0.334020
[MO866] Iteration,0,76,26.410946,0.334210
[MO866] Iteration,0,77,26.745019,0.334060
[MO866] Iteration,0,78,27.079083,0.334050
[MO866] Iteration,0,79,27.412890,0.333794
[MO866] Iteration,0,80,27.746697,0.333794
[MO866] Iteration,0,81,28.081104,0.334393
[MO866] Iteration,0,82,28.415193,0.334076
[MO866] Iteration,0,83,28.749011,0.333804
[MO866] Iteration,0,84,29.082975,0.333950
[MO866] Iteration,0,85,29.417396,0.334408
[MO866] Iteration,0,86,29.751172,0.333762
[MO866] Iteration,0,87,30.085112,0.333927
[MO866] Iteration,0,88,30.419386,0.334260
[MO866] Iteration,0,89,30.753505,0.334106
[MO866] Iteration,0,90,31.087466,0.333948
[MO866] Iteration,0,91,31.421210,0.333730
[MO866] Iteration,0,92,31.754963,0.333739
[MO866] Iteration,0,93,32.089139,0.334163
[MO866] Iteration,0,94,32.423265,0.334113
[MO866] Iteration,0,95,32.757334,0.334055
[MO866] Iteration,0,96,33.091160,0.333812
[MO866] Iteration,0,97,33.425316,0.334143
[MO866] Iteration,0,98,33.758992,0.333663
[MO866] Iteration,0,99,34.111740,0.352735
[MO866] Iteration,0,100,34.451257,0.339492
[MO866] Iteration,0,101,34.785331,0.334061
[MO866] Iteration,0,102,35.122705,0.337360
[MO866] Iteration,0,103,35.456940,0.334222
[MO866] Iteration,0,104,35.790455,0.333501
[MO866] Iteration,0,105,36.124536,0.334067
[MO866] Iteration,0,106,36.458572,0.334022
[MO866] Iteration,0,107,36.792799,0.334214
[MO866] Iteration,0,108,37.126839,0.334027
[MO866] Iteration,0,109,37.460715,0.333862
[MO866] Iteration,0,110,37.794422,0.333695
[MO866] Iteration,0,111,38.128633,0.334197
[MO866] Iteration,0,112,38.462941,0.334294
[MO866] Iteration,0,113,38.797025,0.334071
[MO866] Iteration,0,114,39.131127,0.334089
[MO866] Iteration,0,115,39.465516,0.334376
[MO866] Iteration,0,116,39.799655,0.334125
[MO866] Iteration,0,117,40.133667,0.333999
[MO866] Iteration,0,118,40.467700,0.334019
[MO866] Iteration,0,119,40.801789,0.334075
[MO866] Iteration,0,120,41.135951,0.334148
[MO866] Iteration,0,121,41.469898,0.333934
[MO866] Iteration,0,122,41.803946,0.334035
[MO866] Iteration,0,123,42.138051,0.334091
[MO866] Iteration,0,124,42.472557,0.334493
[MO866] Iteration,0,125,42.806562,0.333991
[MO866] Iteration,0,126,43.140701,0.334126
[MO866] Iteration,0,127,43.474374,0.333659
[MO866] Iteration,0,128,43.808154,0.333766
[MO866] Iteration,0,129,44.142289,0.334122
[MO866] Iteration,0,130,44.476299,0.333997
[MO866] Iteration,0,131,44.810100,0.333788
[MO866] Iteration,0,132,45.144033,0.333921
[MO866] Iteration,0,133,45.477823,0.333777
[MO866] Iteration,0,134,45.831927,0.354091
[MO866] Iteration,0,135,46.170349,0.338398
[MO866] Iteration,0,136,46.504961,0.334598
[MO866] Iteration,0,137,46.839025,0.334049
[MO866] Iteration,0,138,47.173209,0.334170
[MO866] Iteration,0,139,47.507038,0.333815
[MO866] Iteration,0,140,47.841055,0.334005
[MO866] Iteration,0,141,48.175072,0.334003
[MO866] Iteration,0,142,48.508989,0.333903
[MO866] Iteration,0,143,48.843115,0.334112
[MO866] Iteration,0,144,49.177072,0.333944
[MO866] Iteration,0,145,49.511417,0.334331
[MO866] Iteration,0,146,49.845190,0.333760
[MO866] Iteration,0,147,50.179277,0.334073
[MO866] Iteration,0,148,50.513717,0.334427
[MO866] Iteration,0,149,50.847807,0.334076
[MO866] Iteration,0,150,51.181599,0.333780
[MO866] Iteration,0,151,51.515471,0.333858
[MO866] Iteration,0,152,51.849296,0.333812
[MO866] Iteration,0,153,52.183389,0.334079
[MO866] Iteration,0,154,52.517327,0.333925
[MO866] Iteration,0,155,52.851395,0.334054
[MO866] Iteration,0,156,53.185322,0.333914
[MO866] Iteration,0,157,53.519282,0.333946
[MO866] Iteration,0,158,53.853095,0.333800
[MO866] Iteration,0,159,54.187271,0.334162
[MO866] Iteration,0,160,54.521520,0.334236
[MO866] Iteration,0,161,54.855562,0.334028
[MO866] Iteration,0,162,55.189513,0.333938
[MO866] Iteration,0,163,55.523340,0.333814
[MO866] Iteration,0,164,55.857340,0.333987
[MO866] Iteration,0,165,56.191289,0.333935
[MO866] Iteration,0,166,56.525208,0.333907
[MO866] Iteration,0,167,56.859158,0.333936
[MO866] Iteration,0,168,57.193176,0.334006
[MO866] Iteration,0,169,57.527136,0.333946
[MO866] Iteration,0,170,57.861212,0.334063
[MO866] Iteration,0,171,58.195093,0.333868
[MO866] Iteration,0,172,58.529295,0.334188
[MO866] Iteration,0,173,58.863265,0.333957
[MO866] Iteration,0,174,59.197194,0.333916
[MO866] Iteration,0,175,59.531347,0.334140
[MO866] Iteration,0,176,59.865124,0.333764
[MO866] Iteration,0,177,60.199234,0.334096
[MO866] Iteration,0,178,60.533307,0.334060
[MO866] Iteration,0,179,60.886903,0.353583
[MO866] Iteration,0,180,61.225484,0.338557
[MO866] Iteration,0,181,61.559529,0.334031
[MO866] Iteration,0,182,61.893604,0.334062
[MO866] Iteration,0,183,62.227788,0.334170
[MO866] Iteration,0,184,62.562014,0.334212
[MO866] Iteration,0,185,62.896022,0.333995
[MO866] Iteration,0,186,63.230005,0.333970
[MO866] Iteration,0,187,63.563785,0.333766
[MO866] Iteration,0,188,63.897900,0.334102
[MO866] Iteration,0,189,64.231868,0.333954
[MO866] Iteration,0,190,64.565977,0.334095
[MO866] Iteration,0,191,64.900082,0.334092
[MO866] Iteration,0,192,65.234306,0.334211
[MO866] Iteration,0,193,65.568306,0.333986
[MO866] Iteration,0,194,65.902384,0.334064
[MO866] Iteration,0,195,66.236281,0.333884
[MO866] Iteration,0,196,66.570307,0.334012
[MO866] Iteration,0,197,66.904302,0.333982
[MO866] Iteration,0,198,67.237988,0.333673
[MO866] Iteration,0,199,67.571902,0.333900
[MO866] Iteration,0,200,67.905756,0.333841


 NAS Parallel Benchmarks 3.4 -- BT Benchmark

 No input file inputbt.data. Using compiled defaults
 Size:   64x  64x  64  (class A)
 Iterations:  200    dt:   0.0008000
 Total number of processes:     1

 Time step    1
 Time step   20
 Time step   40
 Time step   60
 Time step   80
 Time step  100
 Time step  120
 Time step  140
 Time step  160
 Time step  180
 Time step  200
 Verification being performed for class A
 accuracy setting for epsilon =  0.1000000000000E-07
 Comparison of RMS-norms of residual
           1 0.1080634671464E+03 0.1080634671464E+03 0.5523197744803E-14
           2 0.1131973090122E+02 0.1131973090122E+02 0.2040034265277E-14
           3 0.2597435451158E+02 0.2597435451158E+02 0.2188443945179E-14
           4 0.2366562254468E+02 0.2366562254468E+02 0.5104123707338E-14
           5 0.2527896321175E+03 0.2527896321175E+03 0.1169295495232E-13
 Comparison of RMS-norms of solution error
           1 0.4234841604053E+01 0.4234841604053E+01 0.2097312019534E-15
           2 0.4439028249700E+00 0.4439028249700E+00 0.0000000000000E+00
           3 0.9669248013635E+00 0.9669248013635E+00 0.3444599899784E-15
           4 0.8830206303977E+00 0.8830206303977E+00 0.1257301343147E-15
           5 0.9737990177083E+01 0.9737990177083E+01 0.3648302795747E-15
 Verification Successful


 BT Benchmark Completed.
 Class           =                        A
 Size            =             64x  64x  64
 Iterations      =                      200
 Time in seconds =                    67.04
 Total processes =                        1
 Active procs    =                        1
 Mop/s total     =                  2510.10
 Mop/s/process   =                  2510.10
 Operation type  =           floating point
 Verification    =               SUCCESSFUL
 Version         =                      3.4
 Compile date    =              15 Jun 2020

 Compile options:
    MPIFC        = mpif90
    FLINK        = $(MPIFC)
    FMPI_LIB     = (none)
    FMPI_INC     = (none)
    FFLAGS       = -O3
    FLINKFLAGS   = $(FFLAGS) -O ../kernel_stats/kernel_stats.o...
    RAND         = (none)


 Please send feedbacks and/or the results of this run to:

 NPB Development Team 
 Internet: npb@nas.nasa.gov


[MO866] PI avg,0,0.335200,200
[MO866] Beta,0,0.000609
[MO866] Total time,0,67.946578
