--------------------------------------------------------------------------
[[54892,1],1]: A high-performance Open MPI point-to-point messaging module
was unable to find any relevant network interfaces:

Module: OpenFabrics (openib)
  Host: node06

Another transport will be used instead, although this may result in
lower performance.

NOTE: You can disable this warning by setting the MCA parameter
btl_base_warn_component_unused to 0.
--------------------------------------------------------------------------
[MO866] Total time,4,0.134463
[MO866] Total time,5,0.132616
[MO866] Total time,6,0.131158
[MO866] Total time,7,0.129260


 NAS Parallel Benchmarks 3.4 -- BT Benchmark

 No input file inputbt.data. Using compiled defaults
 Size:  102x 102x 102  (class B)
 Iterations:  200    dt:   0.0003000
 WARNING: Number of active processes:     4
 Total number of processes:     8

aquiii
aquiii
aquiii
aquiii
[MO866] Init time,2,0.776643
[MO866] Init time,0,0.785192
[MO866] Init time,3,0.774956
[MO866] Init time,1,0.782668
 Time step    1
[MO866] Iteration,1,1,1.234274,0.451580
[MO866] Iteration,2,1,1.230861,0.454201
[MO866] Iteration,3,1,1.229650,0.454669
[MO866] Iteration,0,1,1.241831,0.456623
[MO866] Iteration,2,2,1.666594,0.435681
[MO866] Iteration,0,2,1.675712,0.433854
[MO866] Iteration,1,2,1.674597,0.440260
[MO866] Iteration,3,2,1.667196,0.437506
[MO866] Iteration,2,3,2.098651,0.431997
[MO866] Iteration,0,3,2.107802,0.432068
[MO866] Iteration,1,3,2.106607,0.431972
[MO866] Iteration,3,3,2.099247,0.432033
[MO866] Iteration,2,4,2.531348,0.432635
[MO866] Iteration,0,4,2.540547,0.432721
[MO866] Iteration,1,4,2.539329,0.432687
[MO866] Iteration,3,4,2.531975,0.432709
[MO866] Iteration,2,5,2.963665,0.432238
[MO866] Iteration,0,5,2.972895,0.432317
[MO866] Iteration,1,5,2.971654,0.432266
[MO866] Iteration,3,5,2.964342,0.432342
[MO866] Iteration,3,6,3.398343,0.433984
[MO866] Iteration,1,6,3.406202,0.434513
[MO866] Iteration,2,6,3.407952,0.444224
[MO866] Iteration,0,6,3.416388,0.443470
[MO866] Iteration,2,7,3.836980,0.428999
[MO866] Iteration,0,7,3.846334,0.429893
[MO866] Iteration,1,7,3.844941,0.438718
[MO866] Iteration,3,7,3.837724,0.439331
[MO866] Iteration,2,8,4.292284,0.455257
[MO866] Iteration,0,8,4.301802,0.455451
[MO866] Iteration,1,8,4.300287,0.455306
[MO866] Iteration,3,8,4.293185,0.455444
[MO866] Iteration,2,9,4.729212,0.436870
[MO866] Iteration,0,9,4.738489,0.436670
[MO866] Iteration,1,9,4.737188,0.436840
[MO866] Iteration,3,9,4.729851,0.436636
[MO866] Iteration,2,10,5.161450,0.432185
[MO866] Iteration,0,10,5.170761,0.432253
[MO866] Iteration,1,10,5.169409,0.432180
[MO866] Iteration,3,10,5.162138,0.432269
[MO866] Iteration,2,11,5.593560,0.432061
[MO866] Iteration,0,11,5.602814,0.432036
[MO866] Iteration,1,11,5.601512,0.432063
[MO866] Iteration,3,11,5.594217,0.432059
[MO866] Iteration,1,12,6.036559,0.435007
[MO866] Iteration,3,12,6.029341,0.435107
[MO866] Iteration,2,12,6.038772,0.445157
[MO866] Iteration,0,12,6.047766,0.444929
[MO866] Iteration,2,13,6.468515,0.429700
[MO866] Iteration,0,13,6.477828,0.430039
[MO866] Iteration,1,13,6.476489,0.439875
[MO866] Iteration,3,13,6.469232,0.439872
[MO866] Iteration,2,14,6.900691,0.432117
[MO866] Iteration,0,14,6.909962,0.432118
[MO866] Iteration,1,14,6.908669,0.432119
[MO866] Iteration,3,14,6.901356,0.432104
[MO866] Iteration,2,15,7.332926,0.432178
[MO866] Iteration,0,15,7.342162,0.432180
[MO866] Iteration,1,15,7.340874,0.432167
[MO866] Iteration,3,15,7.333531,0.432158
[MO866] Iteration,2,16,7.765037,0.432060
[MO866] Iteration,0,16,7.774343,0.432161
[MO866] Iteration,1,16,7.773001,0.432088
[MO866] Iteration,3,16,7.765716,0.432168
[MO866] Iteration,2,17,8.197471,0.432385
[MO866] Iteration,0,17,8.206800,0.432439
[MO866] Iteration,1,17,8.205447,0.432406
[MO866] Iteration,3,17,8.198207,0.432474
[MO866] Iteration,2,18,8.629702,0.432176
[MO866] Iteration,0,18,8.638958,0.432140
[MO866] Iteration,1,18,8.637663,0.432176
[MO866] Iteration,3,18,8.630348,0.432121
[MO866] Iteration,2,19,9.061779,0.432024
[MO866] Iteration,0,19,9.071039,0.432061
 Time step   20
[MO866] Iteration,1,19,9.069743,0.432038
[MO866] Iteration,3,19,9.062434,0.432069
[MO866] Iteration,2,20,9.501339,0.439503
[MO866] Iteration,0,20,9.510618,0.439559
[MO866] Iteration,1,20,9.509309,0.439527
[MO866] Iteration,3,20,9.502016,0.439564
[MO866] Iteration,2,21,9.932314,0.430904
[MO866] Iteration,0,21,9.941557,0.430908
[MO866] Iteration,1,21,9.940294,0.430946
[MO866] Iteration,3,21,9.932974,0.430941
[MO866] Iteration,2,22,10.387601,0.455230
[MO866] Iteration,0,22,10.397421,0.455843
[MO866] Iteration,1,22,10.395656,0.455323
[MO866] Iteration,3,22,10.388819,0.455828
[MO866] Iteration,2,23,10.824764,0.437104
[MO866] Iteration,0,23,10.834060,0.436621
[MO866] Iteration,1,23,10.832710,0.436996
[MO866] Iteration,3,23,10.825442,0.436582
[MO866] Iteration,2,24,11.256921,0.432103
[MO866] Iteration,0,24,11.266220,0.432144
[MO866] Iteration,1,24,11.264904,0.432153
[MO866] Iteration,3,24,11.257600,0.432137
[MO866] Iteration,2,25,11.689144,0.432169
[MO866] Iteration,0,25,11.698327,0.432089
[MO866] Iteration,1,25,11.697087,0.432143
[MO866] Iteration,3,25,11.689738,0.432120
[MO866] Iteration,2,26,12.121155,0.431956
[MO866] Iteration,0,26,12.130485,0.432135
[MO866] Iteration,1,26,12.129112,0.431985
[MO866] Iteration,3,26,12.121878,0.432122
[MO866] Iteration,2,27,12.553417,0.432208
[MO866] Iteration,0,27,12.562670,0.432166
[MO866] Iteration,1,27,12.561359,0.432208
[MO866] Iteration,3,27,12.554056,0.432157
[MO866] Iteration,1,28,12.992669,0.431271
[MO866] Iteration,3,28,12.985335,0.431260
[MO866] Iteration,2,28,12.987605,0.434132
[MO866] Iteration,0,28,13.005579,0.442887
[MO866] Iteration,2,29,13.437062,0.449412
[MO866] Iteration,0,29,13.446414,0.440796
[MO866] Iteration,1,29,13.445024,0.452300
[MO866] Iteration,3,29,13.437787,0.452433
[MO866] Iteration,2,30,13.869288,0.432171
[MO866] Iteration,0,30,13.878607,0.432174
[MO866] Iteration,1,30,13.877244,0.432180
[MO866] Iteration,3,30,13.869998,0.432193
[MO866] Iteration,2,31,14.301582,0.432244
[MO866] Iteration,0,31,14.310853,0.432229
[MO866] Iteration,1,31,14.309559,0.432274
[MO866] Iteration,3,31,14.302253,0.432237
[MO866] Iteration,2,32,14.733869,0.432228
[MO866] Iteration,0,32,14.743050,0.432178
[MO866] Iteration,1,32,14.741800,0.432190
[MO866] Iteration,3,32,14.734460,0.432187
[MO866] Iteration,2,33,15.165986,0.432064
[MO866] Iteration,0,33,15.175148,0.432077
[MO866] Iteration,1,33,15.173910,0.432071
[MO866] Iteration,3,33,15.166619,0.432141
[MO866] Iteration,2,34,15.598111,0.432066
[MO866] Iteration,0,34,15.607301,0.432118
[MO866] Iteration,1,34,15.606067,0.432117
[MO866] Iteration,3,34,15.598731,0.432095
[MO866] Iteration,2,35,16.030257,0.432083
[MO866] Iteration,0,35,16.039548,0.432225
[MO866] Iteration,1,35,16.038218,0.432111
[MO866] Iteration,3,35,16.030961,0.432213
[MO866] Iteration,2,36,16.462385,0.432068
[MO866] Iteration,0,36,16.471568,0.432000
[MO866] Iteration,1,36,16.470335,0.432076
[MO866] Iteration,3,36,16.463017,0.432037
[MO866] Iteration,2,37,16.894318,0.431869
[MO866] Iteration,0,37,16.903668,0.432078
[MO866] Iteration,1,37,16.902297,0.431923
[MO866] Iteration,3,37,16.895107,0.432071
[MO866] Iteration,2,38,17.326466,0.432090
[MO866] Iteration,0,38,17.335737,0.432052
[MO866] Iteration,1,38,17.334460,0.432123
[MO866] Iteration,3,38,17.327176,0.432050
[MO866] Iteration,2,39,17.758383,0.431858
[MO866] Iteration,0,39,17.767602,0.431845
 Time step   40
[MO866] Iteration,1,39,17.766317,0.431822
[MO866] Iteration,3,39,17.759080,0.431888
[MO866] Iteration,2,40,18.189515,0.431053
[MO866] Iteration,0,40,18.198713,0.431080
[MO866] Iteration,1,40,18.197437,0.431080
[MO866] Iteration,3,40,18.190150,0.431052
[MO866] Iteration,2,41,18.621615,0.432042
[MO866] Iteration,0,41,18.630915,0.432180
[MO866] Iteration,1,41,18.629554,0.432078
[MO866] Iteration,3,41,18.622322,0.432152
[MO866] Iteration,2,42,19.053626,0.431955
[MO866] Iteration,0,42,19.063000,0.432068
[MO866] Iteration,1,42,19.061590,0.431995
[MO866] Iteration,3,42,19.054375,0.432033
[MO866] Iteration,2,43,19.485831,0.432149
[MO866] Iteration,0,43,19.495176,0.432157
[MO866] Iteration,1,43,19.493803,0.432174
[MO866] Iteration,3,43,19.486584,0.432190
[MO866] Iteration,2,44,19.918062,0.432174
[MO866] Iteration,0,44,19.927364,0.432170
[MO866] Iteration,1,44,19.926023,0.432181
[MO866] Iteration,3,44,19.918785,0.432182
[MO866] Iteration,2,45,20.350233,0.432112
[MO866] Iteration,0,45,20.359471,0.432087
[MO866] Iteration,1,45,20.358195,0.432130
[MO866] Iteration,3,45,20.350923,0.432118
[MO866] Iteration,2,46,20.782341,0.432049
[MO866] Iteration,0,46,20.791571,0.432076
[MO866] Iteration,1,46,20.790294,0.432059
[MO866] Iteration,3,46,20.783043,0.432104
[MO866] Iteration,2,47,21.214483,0.432081
[MO866] Iteration,0,47,21.223703,0.432109
[MO866] Iteration,1,47,21.222423,0.432087
[MO866] Iteration,3,47,21.215157,0.432099
[MO866] Iteration,2,48,21.646588,0.432048
[MO866] Iteration,0,48,21.655873,0.432148
[MO866] Iteration,1,48,21.654579,0.432121
[MO866] Iteration,3,48,21.647291,0.432118
[MO866] Iteration,2,49,22.078756,0.432106
[MO866] Iteration,0,49,22.087930,0.432038
[MO866] Iteration,1,49,22.086731,0.432117
[MO866] Iteration,3,49,22.079412,0.432104
[MO866] Iteration,2,50,22.536518,0.457701
[MO866] Iteration,0,50,22.545788,0.457838
[MO866] Iteration,1,50,22.544488,0.457721
[MO866] Iteration,3,50,22.537222,0.457795
[MO866] Iteration,2,51,22.972507,0.435931
[MO866] Iteration,0,51,22.981793,0.435984
[MO866] Iteration,1,51,22.980491,0.435943
[MO866] Iteration,3,51,22.973195,0.435942
[MO866] Iteration,2,52,23.412380,0.439818
[MO866] Iteration,0,52,23.421617,0.439807
[MO866] Iteration,1,52,23.420375,0.439844
[MO866] Iteration,3,52,23.413032,0.439819
[MO866] Iteration,2,53,23.843190,0.430718
[MO866] Iteration,0,53,23.852520,0.430869
[MO866] Iteration,1,53,23.851167,0.430751
[MO866] Iteration,3,53,23.843927,0.430876
[MO866] Iteration,2,54,24.275450,0.432209
[MO866] Iteration,0,54,24.284569,0.432031
[MO866] Iteration,1,54,24.283377,0.432176
[MO866] Iteration,3,54,24.276041,0.432097
[MO866] Iteration,2,55,24.707496,0.431986
[MO866] Iteration,0,55,24.716679,0.432088
[MO866] Iteration,1,55,24.715465,0.432052
[MO866] Iteration,3,55,24.708108,0.432047
[MO866] Iteration,2,56,25.139530,0.431973
[MO866] Iteration,0,56,25.148708,0.432005
[MO866] Iteration,1,56,25.147531,0.432030
[MO866] Iteration,3,56,25.140144,0.432018
[MO866] Iteration,2,57,25.571564,0.431977
[MO866] Iteration,0,57,25.580781,0.432050
[MO866] Iteration,1,57,25.579529,0.431961
[MO866] Iteration,3,57,25.572217,0.432055
[MO866] Iteration,2,58,26.003665,0.432037
[MO866] Iteration,0,58,26.012855,0.432050
[MO866] Iteration,1,58,26.011615,0.432048
[MO866] Iteration,3,58,26.004324,0.432089
[MO866] Iteration,2,59,26.435756,0.432031
[MO866] Iteration,0,59,26.444992,0.432116
 Time step   60
[MO866] Iteration,1,59,26.443726,0.432073
[MO866] Iteration,3,59,26.436420,0.432078
[MO866] Iteration,2,60,26.867871,0.432052
[MO866] Iteration,0,60,26.877104,0.432091
[MO866] Iteration,1,60,26.875839,0.432075
[MO866] Iteration,3,60,26.868541,0.432103
[MO866] Iteration,2,61,27.300124,0.432190
[MO866] Iteration,0,61,27.309452,0.432326
[MO866] Iteration,1,61,27.308128,0.432252
[MO866] Iteration,3,61,27.300846,0.432287
[MO866] Iteration,2,62,27.732295,0.432109
[MO866] Iteration,0,62,27.741504,0.432035
[MO866] Iteration,1,62,27.740268,0.432101
[MO866] Iteration,3,62,27.732917,0.432054
[MO866] Iteration,2,63,28.164473,0.432111
[MO866] Iteration,0,63,28.173745,0.432222
[MO866] Iteration,1,63,28.172464,0.432156
[MO866] Iteration,3,63,28.165111,0.432176
[MO866] Iteration,2,64,28.596587,0.432056
[MO866] Iteration,0,64,28.605965,0.432199
[MO866] Iteration,1,64,28.604588,0.432083
[MO866] Iteration,3,64,28.597371,0.432240
[MO866] Iteration,2,65,29.055673,0.459030
[MO866] Iteration,1,65,29.063277,0.458649
[MO866] Iteration,0,65,29.096734,0.490752
[MO866] Iteration,3,65,29.088885,0.491493
[MO866] Iteration,2,66,29.589004,0.533290
[MO866] Iteration,1,66,29.596591,0.533278
[MO866] Iteration,0,66,29.629993,0.533221
[MO866] Iteration,3,66,29.622110,0.533187
[MO866] Iteration,2,67,30.121031,0.531989
[MO866] Iteration,1,67,30.128611,0.531982
[MO866] Iteration,0,67,30.161954,0.531928
[MO866] Iteration,3,67,30.154091,0.531944
[MO866] Iteration,2,68,30.653788,0.532713
[MO866] Iteration,1,68,30.661389,0.532741
[MO866] Iteration,0,68,30.694755,0.532754
[MO866] Iteration,3,68,30.686879,0.532750
[MO866] Iteration,2,69,31.186861,0.533034
[MO866] Iteration,1,69,31.194452,0.533010
[MO866] Iteration,0,69,31.227791,0.532999
[MO866] Iteration,3,69,31.219921,0.533007
[MO866] Iteration,2,70,31.720110,0.533208
[MO866] Iteration,1,70,31.727717,0.533229
[MO866] Iteration,0,70,31.761089,0.533262
[MO866] Iteration,3,70,31.753243,0.533288
[MO866] Iteration,2,71,32.214929,0.494777
[MO866] Iteration,0,71,32.224046,0.462925
[MO866] Iteration,1,71,32.222889,0.495134
[MO866] Iteration,3,71,32.215510,0.462231
[MO866] Iteration,2,72,32.647035,0.432041
[MO866] Iteration,0,72,32.656045,0.431980
[MO866] Iteration,1,72,32.655008,0.432085
[MO866] Iteration,3,72,32.647541,0.432011
[MO866] Iteration,2,73,33.078993,0.431891
[MO866] Iteration,0,73,33.088002,0.431935
[MO866] Iteration,1,73,33.086952,0.431907
[MO866] Iteration,3,73,33.079460,0.431900
[MO866] Iteration,2,74,33.510918,0.431859
[MO866] Iteration,0,74,33.520058,0.432034
[MO866] Iteration,1,74,33.518870,0.431883
[MO866] Iteration,3,74,33.511520,0.432041
[MO866] Iteration,2,75,33.942947,0.431967
[MO866] Iteration,0,75,33.951984,0.431903
[MO866] Iteration,1,75,33.950922,0.432015
[MO866] Iteration,3,75,33.943487,0.431950
[MO866] Iteration,2,76,34.374899,0.431890
[MO866] Iteration,0,76,34.383981,0.431976
[MO866] Iteration,1,76,34.382893,0.431936
[MO866] Iteration,3,76,34.375446,0.431942
[MO866] Iteration,2,77,34.806936,0.431976
[MO866] Iteration,0,77,34.816002,0.431999
[MO866] Iteration,1,77,34.814883,0.431954
[MO866] Iteration,3,77,34.807478,0.432014
[MO866] Iteration,2,78,35.239063,0.432065
[MO866] Iteration,0,78,35.248098,0.432075
[MO866] Iteration,1,78,35.247015,0.432096
[MO866] Iteration,3,78,35.239566,0.432071
[MO866] Iteration,2,79,35.671169,0.432048
[MO866] Iteration,0,79,35.680114,0.431994
 Time step   80
[MO866] Iteration,1,79,35.679114,0.432063
[MO866] Iteration,3,79,35.671617,0.432031
[MO866] Iteration,2,80,36.103110,0.431877
[MO866] Iteration,0,80,36.112216,0.432079
[MO866] Iteration,1,80,36.111101,0.431952
[MO866] Iteration,3,80,36.103678,0.432043
[MO866] Iteration,2,81,36.535155,0.431984
[MO866] Iteration,0,81,36.544218,0.431980
[MO866] Iteration,1,81,36.543116,0.431980
[MO866] Iteration,3,81,36.535693,0.431996
[MO866] Iteration,2,82,36.967031,0.431811
[MO866] Iteration,0,82,36.976202,0.431960
[MO866] Iteration,1,82,36.975017,0.431865
[MO866] Iteration,3,82,36.967646,0.431935
[MO866] Iteration,2,83,37.399177,0.432085
[MO866] Iteration,0,83,37.408270,0.432043
[MO866] Iteration,1,83,37.407142,0.432091
[MO866] Iteration,3,83,37.399718,0.432054
[MO866] Iteration,2,84,37.831399,0.432160
[MO866] Iteration,0,84,37.840393,0.432100
[MO866] Iteration,1,84,37.839315,0.432138
[MO866] Iteration,3,84,37.831873,0.432137
[MO866] Iteration,2,85,38.262248,0.430764
[MO866] Iteration,0,85,38.271385,0.430957
[MO866] Iteration,1,85,38.270195,0.430843
[MO866] Iteration,3,85,38.262828,0.430935
[MO866] Iteration,2,86,38.694448,0.432140
[MO866] Iteration,0,86,38.703476,0.432068
[MO866] Iteration,1,86,38.702340,0.432105
[MO866] Iteration,3,86,38.694933,0.432086
[MO866] Iteration,2,87,39.126330,0.431817
[MO866] Iteration,0,87,39.135467,0.431968
[MO866] Iteration,1,87,39.134271,0.431891
[MO866] Iteration,3,87,39.126909,0.431959
[MO866] Iteration,2,88,39.558409,0.432013
[MO866] Iteration,0,88,39.567521,0.432033
[MO866] Iteration,1,88,39.566351,0.432041
[MO866] Iteration,3,88,39.559004,0.432079
[MO866] Iteration,2,89,39.990536,0.432062
[MO866] Iteration,0,89,39.999558,0.432015
[MO866] Iteration,1,89,39.998480,0.432090
[MO866] Iteration,3,89,39.991037,0.432016
[MO866] Iteration,2,90,40.422538,0.431940
[MO866] Iteration,0,90,40.431638,0.432057
[MO866] Iteration,1,90,40.430485,0.431969
[MO866] Iteration,3,90,40.423102,0.432045
[MO866] Iteration,2,91,40.854541,0.431939
[MO866] Iteration,0,91,40.863685,0.432026
[MO866] Iteration,1,91,40.862523,0.432003
[MO866] Iteration,3,91,40.855174,0.432052
[MO866] Iteration,2,92,41.286620,0.432017
[MO866] Iteration,0,92,41.295566,0.431857
[MO866] Iteration,1,92,41.294543,0.431984
[MO866] Iteration,3,92,41.287056,0.431863
[MO866] Iteration,2,93,41.718569,0.431888
[MO866] Iteration,0,93,41.727646,0.432056
[MO866] Iteration,1,93,41.726525,0.431944
[MO866] Iteration,3,93,41.719123,0.432048
[MO866] Iteration,2,94,42.150528,0.431898
[MO866] Iteration,0,94,42.159593,0.431927
[MO866] Iteration,1,94,42.158487,0.431927
[MO866] Iteration,3,94,42.151065,0.431926
[MO866] Iteration,2,95,42.582453,0.431861
[MO866] Iteration,0,95,42.591607,0.431993
[MO866] Iteration,1,95,42.590421,0.431900
[MO866] Iteration,3,95,42.583049,0.431967
[MO866] Iteration,2,96,43.014419,0.431903
[MO866] Iteration,0,96,43.023550,0.431918
[MO866] Iteration,1,96,43.022363,0.431906
[MO866] Iteration,3,96,43.015026,0.431960
[MO866] Iteration,2,97,43.446444,0.431959
[MO866] Iteration,0,97,43.455506,0.431935
[MO866] Iteration,1,97,43.454381,0.431978
[MO866] Iteration,3,97,43.446980,0.431937
[MO866] Iteration,2,98,43.878391,0.431885
[MO866] Iteration,0,98,43.887542,0.432014
[MO866] Iteration,1,98,43.886383,0.431949
[MO866] Iteration,3,98,43.879006,0.432009
[MO866] Iteration,2,99,44.310577,0.432126
[MO866] Iteration,0,99,44.319697,0.432132
 Time step  100
[MO866] Iteration,1,99,44.318569,0.432137
[MO866] Iteration,3,99,44.311198,0.432173
[MO866] Iteration,2,100,44.742574,0.431946
[MO866] Iteration,0,100,44.751715,0.431997
[MO866] Iteration,1,100,44.750550,0.431946
[MO866] Iteration,3,100,44.743201,0.431983
[MO866] Iteration,2,101,45.174679,0.432043
[MO866] Iteration,0,101,45.183745,0.432006
[MO866] Iteration,1,101,45.182634,0.432048
[MO866] Iteration,3,101,45.175240,0.432019
[MO866] Iteration,2,102,45.606745,0.432008
[MO866] Iteration,0,102,45.615828,0.432059
[MO866] Iteration,1,102,45.614701,0.432033
[MO866] Iteration,3,102,45.607311,0.432051
[MO866] Iteration,2,103,46.038657,0.431854
[MO866] Iteration,0,103,46.047832,0.431982
[MO866] Iteration,1,103,46.046634,0.431898
[MO866] Iteration,3,103,46.039289,0.431958
[MO866] Iteration,2,104,46.495601,0.456887
[MO866] Iteration,0,104,46.504680,0.456825
[MO866] Iteration,1,104,46.503541,0.456873
[MO866] Iteration,3,104,46.496163,0.456854
[MO866] Iteration,2,105,46.932090,0.436425
[MO866] Iteration,0,105,46.941121,0.436419
[MO866] Iteration,1,105,46.940036,0.436440
[MO866] Iteration,3,105,46.932575,0.436379
[MO866] Iteration,2,106,47.371501,0.439347
[MO866] Iteration,0,106,47.380411,0.439269
[MO866] Iteration,1,106,47.379392,0.439314
[MO866] Iteration,3,106,47.371924,0.439328
[MO866] Iteration,2,107,47.802328,0.430741
[MO866] Iteration,0,107,47.811418,0.430967
[MO866] Iteration,1,107,47.810268,0.430839
[MO866] Iteration,3,107,47.802861,0.430918
[MO866] Iteration,2,108,48.234327,0.431943
[MO866] Iteration,0,108,48.243386,0.431946
[MO866] Iteration,1,108,48.242250,0.431941
[MO866] Iteration,3,108,48.234867,0.431989
[MO866] Iteration,2,109,48.666306,0.431918
[MO866] Iteration,0,109,48.675512,0.432103
[MO866] Iteration,1,109,48.674269,0.431978
[MO866] Iteration,3,109,48.666961,0.432074
[MO866] Iteration,2,110,49.098535,0.432165
[MO866] Iteration,0,110,49.107582,0.432044
[MO866] Iteration,1,110,49.106483,0.432173
[MO866] Iteration,3,110,49.099035,0.432057
[MO866] Iteration,2,111,49.530540,0.431939
[MO866] Iteration,0,111,49.539516,0.431910
[MO866] Iteration,1,111,49.538504,0.431985
[MO866] Iteration,3,111,49.531024,0.431970
[MO866] Iteration,2,112,49.962535,0.431931
[MO866] Iteration,0,112,49.971562,0.432021
[MO866] Iteration,1,112,49.970492,0.431955
[MO866] Iteration,3,112,49.963037,0.431997
[MO866] Iteration,2,113,50.394525,0.431928
[MO866] Iteration,0,113,50.403606,0.432022
[MO866] Iteration,1,113,50.402482,0.431954
[MO866] Iteration,3,113,50.395085,0.432031
[MO866] Iteration,2,114,50.826546,0.431956
[MO866] Iteration,0,114,50.835613,0.431986
[MO866] Iteration,1,114,50.834480,0.431964
[MO866] Iteration,3,114,50.827151,0.432049
[MO866] Iteration,2,115,51.258600,0.431991
[MO866] Iteration,0,115,51.267668,0.432035
[MO866] Iteration,1,115,51.266565,0.432052
[MO866] Iteration,3,115,51.259166,0.431999
[MO866] Iteration,2,116,51.690673,0.432017
[MO866] Iteration,0,116,51.699723,0.432033
[MO866] Iteration,1,116,51.698647,0.432049
[MO866] Iteration,3,116,51.691208,0.432025
[MO866] Iteration,2,117,52.122494,0.431757
[MO866] Iteration,0,117,52.131726,0.431982
[MO866] Iteration,1,117,52.130512,0.431829
[MO866] Iteration,3,117,52.123176,0.431952
[MO866] Iteration,2,118,52.554637,0.432083
[MO866] Iteration,0,118,52.563708,0.431957
[MO866] Iteration,1,118,52.562594,0.432046
[MO866] Iteration,3,118,52.555168,0.431974
[MO866] Iteration,2,119,52.986600,0.431899
[MO866] Iteration,0,119,52.995685,0.431955
 Time step  120
[MO866] Iteration,1,119,52.994593,0.431966
[MO866] Iteration,3,119,52.987159,0.431972
[MO866] Iteration,2,120,53.418699,0.432036
[MO866] Iteration,0,120,53.427764,0.432058
[MO866] Iteration,1,120,53.426673,0.432045
[MO866] Iteration,3,120,53.419244,0.432065
[MO866] Iteration,2,121,53.850652,0.431890
[MO866] Iteration,0,121,53.859760,0.431973
[MO866] Iteration,1,121,53.858615,0.431905
[MO866] Iteration,3,121,53.851260,0.431999
[MO866] Iteration,2,122,54.282718,0.432008
[MO866] Iteration,0,122,54.291845,0.432062
[MO866] Iteration,1,122,54.290686,0.432036
[MO866] Iteration,3,122,54.283335,0.432059
[MO866] Iteration,2,123,54.714835,0.432057
[MO866] Iteration,0,123,54.723873,0.432005
[MO866] Iteration,1,123,54.722755,0.432034
[MO866] Iteration,3,123,54.715337,0.431986
[MO866] Iteration,2,124,55.146812,0.431912
[MO866] Iteration,0,124,55.155950,0.432055
[MO866] Iteration,1,124,55.154780,0.431989
[MO866] Iteration,3,124,55.147420,0.432066
[MO866] Iteration,2,125,55.578980,0.432110
[MO866] Iteration,0,125,55.588053,0.432082
[MO866] Iteration,1,125,55.586967,0.432153
[MO866] Iteration,3,125,55.579533,0.432096
[MO866] Iteration,2,126,56.010864,0.431823
[MO866] Iteration,0,126,56.019978,0.431903
[MO866] Iteration,1,126,56.018832,0.431830
[MO866] Iteration,3,126,56.011479,0.431927
[MO866] Iteration,2,127,56.443108,0.432183
[MO866] Iteration,0,127,56.452149,0.432149
[MO866] Iteration,1,127,56.451068,0.432201
[MO866] Iteration,3,127,56.443617,0.432119
[MO866] Iteration,2,128,56.874997,0.431825
[MO866] Iteration,0,128,56.884230,0.432058
[MO866] Iteration,1,128,56.882993,0.431890
[MO866] Iteration,3,128,56.875663,0.432028
[MO866] Iteration,2,129,57.307093,0.432032
[MO866] Iteration,0,129,57.316240,0.431987
[MO866] Iteration,1,129,57.315060,0.432031
[MO866] Iteration,3,129,57.307692,0.432011
[MO866] Iteration,2,130,57.739249,0.432102
[MO866] Iteration,0,130,57.748305,0.432041
[MO866] Iteration,1,130,57.747183,0.432088
[MO866] Iteration,3,130,57.739800,0.432090
[MO866] Iteration,2,131,58.171362,0.432053
[MO866] Iteration,0,131,58.180389,0.432063
[MO866] Iteration,1,131,58.179293,0.432073
[MO866] Iteration,3,131,58.171849,0.432031
[MO866] Iteration,2,132,58.603168,0.431740
[MO866] Iteration,0,132,58.612319,0.431909
[MO866] Iteration,1,132,58.611094,0.431767
[MO866] Iteration,3,132,58.603760,0.431892
[MO866] Iteration,2,133,59.034153,0.430901
[MO866] Iteration,0,133,59.043306,0.430952
[MO866] Iteration,1,133,59.042118,0.430991
[MO866] Iteration,3,133,59.034752,0.430975
[MO866] Iteration,2,134,59.466211,0.431998
[MO866] Iteration,0,134,59.475381,0.432052
[MO866] Iteration,1,134,59.474138,0.431981
[MO866] Iteration,3,134,59.466837,0.432064
[MO866] Iteration,2,135,59.898266,0.431995
[MO866] Iteration,0,135,59.907289,0.431885
[MO866] Iteration,1,135,59.906159,0.431982
[MO866] Iteration,3,135,59.898796,0.431943
[MO866] Iteration,2,136,60.330384,0.432057
[MO866] Iteration,0,136,60.339473,0.432162
[MO866] Iteration,1,136,60.338313,0.432115
[MO866] Iteration,3,136,60.330924,0.432111
[MO866] Iteration,2,137,60.762364,0.431927
[MO866] Iteration,0,137,60.771424,0.431929
[MO866] Iteration,1,137,60.770298,0.431945
[MO866] Iteration,3,137,60.762898,0.431955
[MO866] Iteration,2,138,61.194317,0.431889
[MO866] Iteration,0,138,61.203405,0.431959
[MO866] Iteration,1,138,61.202249,0.431913
[MO866] Iteration,3,138,61.194886,0.431971
[MO866] Iteration,2,139,61.626489,0.432116
[MO866] Iteration,0,139,61.635521,0.432094
 Time step  140
[MO866] Iteration,1,139,61.634434,0.432145
[MO866] Iteration,3,139,61.626999,0.432097
[MO866] Iteration,2,140,62.058533,0.431976
[MO866] Iteration,0,140,62.067566,0.432023
[MO866] Iteration,1,140,62.066481,0.432010
[MO866] Iteration,3,140,62.059038,0.432022
[MO866] Iteration,2,141,62.490700,0.432102
[MO866] Iteration,0,141,62.499860,0.432272
[MO866] Iteration,1,141,62.498710,0.432192
[MO866] Iteration,3,141,62.491322,0.432262
[MO866] Iteration,2,142,62.922895,0.432132
[MO866] Iteration,0,142,62.932011,0.432127
[MO866] Iteration,1,142,62.930873,0.432115
[MO866] Iteration,3,142,62.923474,0.432132
[MO866] Iteration,2,143,63.355015,0.432053
[MO866] Iteration,0,143,63.364027,0.431994
[MO866] Iteration,1,143,63.362960,0.432049
[MO866] Iteration,3,143,63.355500,0.432008
[MO866] Iteration,2,144,63.786932,0.431854
[MO866] Iteration,0,144,63.795997,0.431948
[MO866] Iteration,1,144,63.794889,0.431893
[MO866] Iteration,3,144,63.787469,0.431951
[MO866] Iteration,2,145,64.218903,0.431911
[MO866] Iteration,0,145,64.227981,0.431963
[MO866] Iteration,1,145,64.226875,0.431950
[MO866] Iteration,3,145,64.219451,0.431963
[MO866] Iteration,2,146,64.650976,0.432009
[MO866] Iteration,0,146,64.660078,0.432075
[MO866] Iteration,1,146,64.658952,0.432041
[MO866] Iteration,3,146,64.651553,0.432082
[MO866] Iteration,2,147,65.083076,0.432035
[MO866] Iteration,0,147,65.092214,0.432106
[MO866] Iteration,1,147,65.091046,0.432058
[MO866] Iteration,3,147,65.083679,0.432106
[MO866] Iteration,2,148,65.515420,0.432281
[MO866] Iteration,0,148,65.524439,0.432201
[MO866] Iteration,1,148,65.523376,0.432293
[MO866] Iteration,3,148,65.515903,0.432204
[MO866] Iteration,2,149,65.947410,0.431922
[MO866] Iteration,0,149,65.956496,0.432035
[MO866] Iteration,1,149,65.955375,0.431961
[MO866] Iteration,3,149,65.947948,0.432025
[MO866] Iteration,2,150,66.379348,0.431879
[MO866] Iteration,0,150,66.388519,0.432003
[MO866] Iteration,1,150,66.387327,0.431917
[MO866] Iteration,3,150,66.379958,0.431992
[MO866] Iteration,2,151,66.811474,0.432063
[MO866] Iteration,0,151,66.820551,0.432008
[MO866] Iteration,1,151,66.819418,0.432057
[MO866] Iteration,3,151,66.812021,0.432046
[MO866] Iteration,2,152,67.243660,0.432122
[MO866] Iteration,0,152,67.252747,0.432175
[MO866] Iteration,1,152,67.251594,0.432139
[MO866] Iteration,3,152,67.244187,0.432147
[MO866] Iteration,2,153,67.675614,0.431900
[MO866] Iteration,0,153,67.684832,0.432064
[MO866] Iteration,1,153,67.683612,0.431982
[MO866] Iteration,3,153,67.676240,0.432035
[MO866] Iteration,2,154,68.107826,0.432147
[MO866] Iteration,0,154,68.116872,0.432013
[MO866] Iteration,1,154,68.115753,0.432106
[MO866] Iteration,3,154,68.108322,0.432064
[MO866] Iteration,2,155,68.540035,0.432150
[MO866] Iteration,0,155,68.549170,0.432275
[MO866] Iteration,1,155,68.547990,0.432200
[MO866] Iteration,3,155,68.540623,0.432282
[MO866] Iteration,2,156,68.972080,0.431994
[MO866] Iteration,0,156,68.981226,0.432034
[MO866] Iteration,1,156,68.980039,0.432008
[MO866] Iteration,3,156,68.972643,0.432001
[MO866] Iteration,2,157,69.404240,0.432101
[MO866] Iteration,0,157,69.413341,0.432093
[MO866] Iteration,1,157,69.412216,0.432139
[MO866] Iteration,3,157,69.404776,0.432114
[MO866] Iteration,2,158,69.836345,0.432039
[MO866] Iteration,0,158,69.845413,0.432052
[MO866] Iteration,1,158,69.844294,0.432039
[MO866] Iteration,3,158,69.836837,0.432041
[MO866] Iteration,2,159,70.268297,0.431884
[MO866] Iteration,0,159,70.277416,0.431982
 Time step  160
[MO866] Iteration,1,159,70.276237,0.431904
[MO866] Iteration,3,159,70.268849,0.431993
[MO866] Iteration,2,160,70.700371,0.432011
[MO866] Iteration,0,160,70.709505,0.432070
[MO866] Iteration,1,160,70.708373,0.432098
[MO866] Iteration,3,160,70.700930,0.432062
[MO866] Iteration,2,161,71.132456,0.432014
[MO866] Iteration,0,161,71.141663,0.432138
[MO866] Iteration,1,161,71.140414,0.431999
[MO866] Iteration,3,161,71.133049,0.432100
[MO866] Iteration,2,162,71.564879,0.432367
[MO866] Iteration,0,162,71.573873,0.432191
[MO866] Iteration,1,162,71.572752,0.432298
[MO866] Iteration,3,162,71.565340,0.432273
[MO866] Iteration,2,163,71.997026,0.432095
[MO866] Iteration,0,163,72.006007,0.432113
[MO866] Iteration,1,163,72.004925,0.432132
[MO866] Iteration,3,163,71.997452,0.432093
[MO866] Iteration,2,164,72.437361,0.440282
[MO866] Iteration,0,164,72.446361,0.440334
[MO866] Iteration,1,164,72.445260,0.440293
[MO866] Iteration,3,164,72.437798,0.440324
[MO866] Iteration,2,165,72.868166,0.430728
[MO866] Iteration,0,165,72.877332,0.430938
[MO866] Iteration,1,165,72.876130,0.430831
[MO866] Iteration,3,165,72.868758,0.430940
[MO866] Iteration,2,166,73.300283,0.432058
[MO866] Iteration,0,166,73.309467,0.432115
[MO866] Iteration,1,166,73.308245,0.432078
[MO866] Iteration,3,166,73.300879,0.432103
[MO866] Iteration,2,167,73.732432,0.432094
[MO866] Iteration,0,167,73.741594,0.432103
[MO866] Iteration,1,167,73.740384,0.432101
[MO866] Iteration,3,167,73.732966,0.432069
[MO866] Iteration,2,168,74.164580,0.432097
[MO866] Iteration,0,168,74.173628,0.432014
[MO866] Iteration,1,168,74.172512,0.432088
[MO866] Iteration,3,168,74.165111,0.432123
[MO866] Iteration,2,169,74.596764,0.432122
[MO866] Iteration,0,169,74.605895,0.432247
[MO866] Iteration,1,169,74.604697,0.432150
[MO866] Iteration,3,169,74.597298,0.432168
[MO866] Iteration,2,170,75.028874,0.432058
[MO866] Iteration,0,170,75.037992,0.432072
[MO866] Iteration,1,170,75.036834,0.432100
[MO866] Iteration,3,170,75.029435,0.432118
[MO866] Iteration,2,171,75.461208,0.432279
[MO866] Iteration,0,171,75.470262,0.432250
[MO866] Iteration,1,171,75.469120,0.432247
[MO866] Iteration,3,171,75.461678,0.432224
[MO866] Iteration,2,172,75.893325,0.432059
[MO866] Iteration,0,172,75.902445,0.432164
[MO866] Iteration,1,172,75.901240,0.432079
[MO866] Iteration,3,172,75.893857,0.432161
[MO866] Iteration,2,173,76.325484,0.432107
[MO866] Iteration,0,173,76.334543,0.432077
[MO866] Iteration,1,173,76.333385,0.432106
[MO866] Iteration,3,173,76.326004,0.432126
[MO866] Iteration,2,174,76.757690,0.432151
[MO866] Iteration,0,174,76.766593,0.432030
[MO866] Iteration,1,174,76.765597,0.432172
[MO866] Iteration,3,174,76.758076,0.432050
[MO866] Iteration,2,175,77.189669,0.431919
[MO866] Iteration,0,175,77.198886,0.432270
[MO866] Iteration,1,175,77.197638,0.432000
[MO866] Iteration,3,175,77.190303,0.432209
[MO866] Iteration,2,176,77.621954,0.432233
[MO866] Iteration,0,176,77.631069,0.432157
[MO866] Iteration,1,176,77.629902,0.432227
[MO866] Iteration,3,176,77.622503,0.432180
[MO866] Iteration,2,177,78.054085,0.432072
[MO866] Iteration,0,177,78.063142,0.432051
[MO866] Iteration,1,177,78.062020,0.432079
[MO866] Iteration,3,177,78.054577,0.432054
[MO866] Iteration,2,178,78.486080,0.431940
[MO866] Iteration,0,178,78.495257,0.432092
[MO866] Iteration,1,178,78.494051,0.431991
[MO866] Iteration,3,178,78.486711,0.432115
[MO866] Iteration,2,179,78.918076,0.431937
[MO866] Iteration,0,179,78.927223,0.431942
 Time step  180
[MO866] Iteration,1,179,78.926036,0.431947
[MO866] Iteration,3,179,78.918652,0.431926
[MO866] Iteration,2,180,79.350247,0.432114
[MO866] Iteration,0,180,79.359194,0.431947
[MO866] Iteration,1,180,79.358158,0.432082
[MO866] Iteration,3,180,79.350684,0.432013
[MO866] Iteration,2,181,79.782297,0.431990
[MO866] Iteration,0,181,79.791297,0.432079
[MO866] Iteration,1,181,79.790215,0.432017
[MO866] Iteration,3,181,79.782769,0.432057
[MO866] Iteration,2,182,80.214434,0.432078
[MO866] Iteration,0,182,80.223528,0.432208
[MO866] Iteration,1,182,80.222386,0.432130
[MO866] Iteration,3,182,80.215017,0.432231
[MO866] Iteration,2,183,80.646595,0.432097
[MO866] Iteration,0,183,80.655624,0.432075
[MO866] Iteration,1,183,80.654545,0.432125
[MO866] Iteration,3,183,80.647076,0.432040
[MO866] Iteration,2,184,81.078634,0.431974
[MO866] Iteration,0,184,81.087701,0.432056
[MO866] Iteration,1,184,81.086604,0.432024
[MO866] Iteration,3,184,81.079181,0.432088
[MO866] Iteration,2,185,81.510621,0.431925
[MO866] Iteration,0,185,81.519802,0.432078
[MO866] Iteration,1,185,81.518606,0.431968
[MO866] Iteration,3,185,81.511239,0.432041
[MO866] Iteration,2,186,81.942710,0.432027
[MO866] Iteration,0,186,81.951829,0.432002
[MO866] Iteration,1,186,81.950711,0.432069
[MO866] Iteration,3,186,81.943322,0.432066
[MO866] Iteration,2,187,82.374869,0.432103
[MO866] Iteration,0,187,82.383843,0.431992
[MO866] Iteration,1,187,82.382792,0.432046
[MO866] Iteration,3,187,82.375381,0.432042
[MO866] Iteration,2,188,82.806824,0.431894
[MO866] Iteration,0,188,82.815848,0.431982
[MO866] Iteration,1,188,82.814777,0.431950
[MO866] Iteration,3,188,82.807309,0.431909
[MO866] Iteration,2,189,83.238894,0.432002
[MO866] Iteration,0,189,83.248051,0.432181
[MO866] Iteration,1,189,83.246859,0.432046
[MO866] Iteration,3,189,83.239482,0.432156
[MO866] Iteration,2,190,83.670811,0.431858
[MO866] Iteration,0,190,83.679991,0.431916
[MO866] Iteration,1,190,83.678781,0.431889
[MO866] Iteration,3,190,83.671437,0.431938
[MO866] Iteration,2,191,84.103007,0.432136
[MO866] Iteration,0,191,84.112050,0.432036
[MO866] Iteration,1,191,84.110961,0.432144
[MO866] Iteration,3,191,84.103539,0.432084
[MO866] Iteration,2,192,84.534975,0.431901
[MO866] Iteration,0,192,84.544165,0.432093
[MO866] Iteration,1,192,84.542948,0.431951
[MO866] Iteration,3,192,84.535623,0.432064
[MO866] Iteration,2,193,84.967094,0.432054
[MO866] Iteration,0,193,84.976214,0.432026
[MO866] Iteration,1,193,84.975072,0.432088
[MO866] Iteration,3,193,84.967681,0.432043
[MO866] Iteration,2,194,85.399120,0.431965
[MO866] Iteration,0,194,85.408258,0.432022
[MO866] Iteration,1,194,85.407119,0.432011
[MO866] Iteration,3,194,85.399732,0.432034
[MO866] Iteration,2,195,85.831101,0.431918
[MO866] Iteration,0,195,85.840280,0.431999
[MO866] Iteration,1,195,85.839086,0.431931
[MO866] Iteration,3,195,85.831718,0.431967
[MO866] Iteration,2,196,86.263157,0.431998
[MO866] Iteration,0,196,86.272437,0.432135
[MO866] Iteration,1,196,86.271156,0.432034
[MO866] Iteration,3,196,86.263856,0.432121
[MO866] Iteration,2,197,86.695326,0.432105
[MO866] Iteration,0,197,86.704455,0.431995
[MO866] Iteration,1,197,86.703288,0.432098
[MO866] Iteration,3,197,86.695901,0.432026
[MO866] Iteration,2,198,87.127361,0.431971
[MO866] Iteration,0,198,87.136497,0.432021
[MO866] Iteration,1,198,87.135317,0.431994
[MO866] Iteration,3,198,87.127935,0.432015
[MO866] Iteration,2,199,87.559357,0.431929
[MO866] Iteration,0,199,87.568419,0.431899
 Time step  200
[MO866] Iteration,1,199,87.567299,0.431946
[MO866] Iteration,3,199,87.559878,0.431926
[MO866] Iteration,2,200,87.991399,0.431973
[MO866] Iteration,0,200,88.000510,0.432069
[MO866] Iteration,1,200,87.999273,0.431937
[MO866] Iteration,3,200,87.991937,0.432041
[MO866] PI avg,2,0.436014,200
[MO866] Beta,2,0.000699
[MO866] Total time,2,88.052317
[MO866] PI avg,1,0.436044,200
[MO866] Beta,1,0.000677
[MO866] Total time,1,88.058348
 Verification being performed for class B
 accuracy setting for epsilon =  0.1000000000000E-07
 Comparison of RMS-norms of residual
           1 0.1423359722929E+04 0.1423359722929E+04 0.1070287152945E-13
           2 0.9933052259015E+02 0.9933052259015E+02 0.7153317200312E-15
           3 0.3564602564454E+03 0.3564602564454E+03 0.5900255245348E-14
           4 0.3248544795908E+03 0.3248544795908E+03 0.9798945854817E-14
           5 0.3270754125466E+04 0.3270754125466E+04 0.1223502756335E-13
 Comparison of RMS-norms of solution error
           1 0.5296984714094E+02 0.5296984714094E+02 0.9389868800427E-15
           2 0.4463289611567E+01 0.4463289611567E+01 0.1293476388601E-13
           3 0.1312257334221E+02 0.1312257334221E+02 0.1258908460682E-13
           4 0.1200692532356E+02 0.1200692532356E+02 0.6805440394643E-14
           5 0.1245957615104E+03 0.1245957615104E+03 0.1003690013030E-13
 Verification Successful


[MO866] PI avg,3,0.436065,200
[MO866] Beta,3,0.000673
[MO866] Total time,3,88.050640
 BT Benchmark Completed.
 Class           =                        B
 Size            =            102x 102x 102
 Iterations      =                      200
 Time in seconds =                    87.22
 Total processes =                        8
 Active procs    =                        4
 Mop/s total     =                  8050.95
 Mop/s/process   =                  1006.37
 Operation type  =           floating point
 Verification    =               SUCCESSFUL
 Version         =                      3.4
 Compile date    =              15 Jun 2020

 Compile options:
    MPIFC        = mpif90
    FLINK        = $(MPIFC)
    FMPI_LIB     = (none)
    FMPI_INC     = (none)
    FFLAGS       = -O3
    FLINKFLAGS   = $(FFLAGS) -O ../kernel_stats/kernel_stats.o...
    RAND         = (none)


 Please send feedbacks and/or the results of this run to:

 NPB Development Team 
 Internet: npb@nas.nasa.gov


[MO866] PI avg,0,0.436054,200
[MO866] Beta,0,0.000696
[MO866] Total time,0,88.061194
