--------------------------------------------------------------------------
[[54337,1],1]: A high-performance Open MPI point-to-point messaging module
was unable to find any relevant network interfaces:

Module: OpenFabrics (openib)
  Host: node06

Another transport will be used instead, although this may result in
lower performance.

NOTE: You can disable this warning by setting the MCA parameter
btl_base_warn_component_unused to 0.
--------------------------------------------------------------------------
[MO866] Total time,4,0.134737
[MO866] Total time,5,0.132293
[MO866] Total time,6,0.129674
[MO866] Total time,7,0.128566


 NAS Parallel Benchmarks 3.4 -- BT Benchmark

 No input file inputbt.data. Using compiled defaults
 Size:  162x 162x 162  (class C)
 Iterations:  200    dt:   0.0001000
 WARNING: Number of active processes:     4
 Total number of processes:     8

aquiii
aquiii
aquiii
aquiii
[MO866] Init time,2,2.861577
[MO866] Init time,3,2.859444
[MO866] Init time,1,2.863742
[MO866] Init time,0,2.865632
 Time step    1
[MO866] Iteration,2,1,4.657541,1.795943
[MO866] Iteration,0,1,4.662165,1.796511
[MO866] Iteration,1,1,4.678536,1.814760
[MO866] Iteration,3,1,4.674542,1.815064
[MO866] Iteration,2,2,6.407001,1.749394
[MO866] Iteration,0,2,6.413307,1.751114
[MO866] Iteration,1,2,6.416218,1.737638
[MO866] Iteration,3,2,6.413514,1.738946
[MO866] Iteration,0,3,8.166386,1.753031
[MO866] Iteration,3,3,8.167305,1.753748
[MO866] Iteration,1,3,8.176617,1.760333
[MO866] Iteration,2,3,8.181786,1.774691
[MO866] Iteration,2,4,9.909064,1.727242
[MO866] Iteration,0,4,9.915242,1.748793
[MO866] Iteration,1,4,9.927070,1.750396
[MO866] Iteration,3,4,9.924452,1.757077
[MO866] Iteration,2,5,11.644596,1.735471
[MO866] Iteration,1,5,11.654211,1.727101
[MO866] Iteration,3,5,11.651256,1.726773
[MO866] Iteration,0,5,11.666115,1.750829
[MO866] Iteration,0,6,13.359481,1.693331
[MO866] Iteration,1,6,13.363550,1.709271
[MO866] Iteration,3,6,13.360421,1.709124
[MO866] Iteration,2,6,13.379028,1.734375
[MO866] Iteration,0,7,15.082317,1.722769
[MO866] Iteration,2,7,15.080127,1.701049
[MO866] Iteration,1,7,15.086432,1.722829
[MO866] Iteration,3,7,15.083201,1.722754
[MO866] Iteration,2,8,16.838376,1.758213
[MO866] Iteration,0,8,16.842819,1.760418
[MO866] Iteration,1,8,16.847163,1.760691
[MO866] Iteration,3,8,16.843184,1.759958
[MO866] Iteration,2,9,18.560600,1.722140
[MO866] Iteration,1,9,18.569824,1.722595
[MO866] Iteration,3,9,18.567497,1.724279
[MO866] Iteration,0,9,18.591108,1.748252
[MO866] Iteration,2,10,20.318756,1.758102
[MO866] Iteration,1,10,20.327566,1.757687
[MO866] Iteration,3,10,20.331026,1.763487
[MO866] Iteration,0,10,20.341483,1.750332
[MO866] Iteration,2,11,22.041162,1.722341
[MO866] Iteration,0,11,22.048114,1.706600
[MO866] Iteration,1,11,22.050629,1.723007
[MO866] Iteration,3,11,22.048224,1.717147
[MO866] Iteration,2,12,23.773444,1.732227
[MO866] Iteration,1,12,23.782821,1.732154
[MO866] Iteration,3,12,23.779747,1.731481
[MO866] Iteration,0,12,23.803286,1.755120
[MO866] Iteration,2,13,25.499969,1.726469
[MO866] Iteration,0,13,25.505891,1.702560
[MO866] Iteration,1,13,25.509160,1.726272
[MO866] Iteration,3,13,25.506077,1.726291
[MO866] Iteration,2,14,27.212465,1.712435
[MO866] Iteration,0,14,27.217981,1.712045
[MO866] Iteration,1,14,27.221498,1.712296
[MO866] Iteration,3,14,27.218189,1.712089
[MO866] Iteration,0,15,28.920639,1.702630
[MO866] Iteration,2,15,28.918548,1.706008
[MO866] Iteration,3,15,28.921469,1.703259
[MO866] Iteration,1,15,28.926948,1.705407
[MO866] Iteration,0,16,30.628431,1.707719
[MO866] Iteration,2,16,30.624579,1.705986
[MO866] Iteration,1,16,30.632006,1.705034
[MO866] Iteration,3,16,30.628877,1.707366
[MO866] Iteration,2,17,32.384816,1.760218
[MO866] Iteration,3,17,32.384460,1.755558
[MO866] Iteration,1,17,32.393830,1.761777
[MO866] Iteration,0,17,32.397355,1.768850
[MO866] Iteration,2,18,34.097005,1.712133
[MO866] Iteration,0,18,34.104034,1.706646
[MO866] Iteration,1,18,34.106430,1.712525
[MO866] Iteration,3,18,34.104295,1.719775
[MO866] Iteration,2,19,35.805288,1.708225
[MO866] Iteration,0,19,35.810870,1.706793
 Time step   20
[MO866] Iteration,1,19,35.814353,1.707886
[MO866] Iteration,3,19,35.811053,1.706718
[MO866] Iteration,1,20,37.515952,1.701559
[MO866] Iteration,3,20,37.513400,1.702324
[MO866] Iteration,2,20,37.522121,1.716749
[MO866] Iteration,0,20,37.537541,1.726630
[MO866] Iteration,2,21,39.230065,1.707909
[MO866] Iteration,0,21,39.236168,1.698584
[MO866] Iteration,1,21,39.239241,1.723226
[MO866] Iteration,3,21,39.236283,1.722843
[MO866] Iteration,0,22,40.971327,1.735123
[MO866] Iteration,2,22,40.972308,1.742175
[MO866] Iteration,3,22,40.973051,1.736739
[MO866] Iteration,1,22,40.980662,1.741381
[MO866] Iteration,2,23,42.684608,1.712246
[MO866] Iteration,0,23,42.690329,1.718936
[MO866] Iteration,1,23,42.693802,1.713102
[MO866] Iteration,3,23,42.690551,1.717456
[MO866] Iteration,2,24,44.405200,1.720534
[MO866] Iteration,0,24,44.410843,1.720476
[MO866] Iteration,1,24,44.414271,1.720424
[MO866] Iteration,3,24,44.411068,1.720493
[MO866] Iteration,2,25,46.110066,1.704788
[MO866] Iteration,0,25,46.115850,1.704967
[MO866] Iteration,1,25,46.119227,1.704918
[MO866] Iteration,3,25,46.115969,1.704877
[MO866] Iteration,2,26,47.832728,1.722598
[MO866] Iteration,0,26,47.838579,1.722695
[MO866] Iteration,1,26,47.841867,1.722600
[MO866] Iteration,3,26,47.838819,1.722825
[MO866] Iteration,2,27,49.537654,1.704866
[MO866] Iteration,0,27,49.544271,1.705642
[MO866] Iteration,1,27,49.546932,1.705013
[MO866] Iteration,3,27,49.544455,1.705611
[MO866] Iteration,2,28,51.249315,1.711576
[MO866] Iteration,0,28,51.255838,1.711531
[MO866] Iteration,1,28,51.258719,1.711734
[MO866] Iteration,3,28,51.256036,1.711525
[MO866] Iteration,0,29,52.957784,1.701905
[MO866] Iteration,2,29,52.956081,1.706706
[MO866] Iteration,3,29,52.958853,1.702783
[MO866] Iteration,1,29,52.964524,1.705765
[MO866] Iteration,2,30,54.685381,1.729268
[MO866] Iteration,0,30,54.691833,1.733989
[MO866] Iteration,1,30,54.694659,1.730107
[MO866] Iteration,3,30,54.692024,1.733130
[MO866] Iteration,2,31,56.392177,1.706719
[MO866] Iteration,0,31,56.398057,1.706177
[MO866] Iteration,1,31,56.401376,1.706680
[MO866] Iteration,3,31,56.398179,1.706119
[MO866] Iteration,2,32,58.097843,1.705607
[MO866] Iteration,0,32,58.103678,1.705582
[MO866] Iteration,1,32,58.106959,1.705541
[MO866] Iteration,3,32,58.103889,1.705688
[MO866] Iteration,2,33,59.802170,1.704262
[MO866] Iteration,0,33,59.808052,1.704324
[MO866] Iteration,1,33,59.811364,1.704364
[MO866] Iteration,3,33,59.808240,1.704324
[MO866] Iteration,2,34,61.507239,1.704997
[MO866] Iteration,1,34,61.516686,1.705281
[MO866] Iteration,3,34,61.513544,1.705280
[MO866] Iteration,0,34,61.524149,1.716063
[MO866] Iteration,2,35,63.216621,1.709311
[MO866] Iteration,0,35,63.222408,1.698228
[MO866] Iteration,1,35,63.225813,1.709068
[MO866] Iteration,3,35,63.222664,1.709092
[MO866] Iteration,0,36,64.985304,1.762857
[MO866] Iteration,2,36,64.981618,1.764937
[MO866] Iteration,3,36,64.985848,1.763160
[MO866] Iteration,1,36,64.990286,1.764431
[MO866] Iteration,2,37,66.707696,1.726053
[MO866] Iteration,0,37,66.714185,1.728820
[MO866] Iteration,1,37,66.717007,1.726691
[MO866] Iteration,3,37,66.714391,1.728489
[MO866] Iteration,2,38,68.414768,1.706983
[MO866] Iteration,0,38,68.420651,1.706415
[MO866] Iteration,1,38,68.423898,1.706849
[MO866] Iteration,3,38,68.420708,1.706281
[MO866] Iteration,1,39,70.126782,1.702842
[MO866] Iteration,2,39,70.125151,1.710310
[MO866] Iteration,3,39,70.124802,1.704069
[MO866] Iteration,0,39,70.148274,1.727588
 Time step   40
[MO866] Iteration,2,40,71.848279,1.723087
[MO866] Iteration,0,40,71.854011,1.705698
[MO866] Iteration,1,40,71.857466,1.730620
[MO866] Iteration,3,40,71.854234,1.729389
[MO866] Iteration,2,41,73.554918,1.706581
[MO866] Iteration,0,41,73.560935,1.706888
[MO866] Iteration,1,41,73.564151,1.706642
[MO866] Iteration,3,41,73.561005,1.706747
[MO866] Iteration,2,42,75.260015,1.705029
[MO866] Iteration,1,42,75.269562,1.705369
[MO866] Iteration,3,42,75.266449,1.705420
[MO866] Iteration,0,42,75.276967,1.715991
[MO866] Iteration,0,43,76.971162,1.694163
[MO866] Iteration,2,43,76.969973,1.709896
[MO866] Iteration,3,43,76.972418,1.705943
[MO866] Iteration,1,43,76.978480,1.708861
[MO866] Iteration,2,44,78.675912,1.705897
[MO866] Iteration,0,44,78.681648,1.710419
[MO866] Iteration,1,44,78.685030,1.706515
[MO866] Iteration,3,44,78.681856,1.709395
[MO866] Iteration,2,45,80.407126,1.731160
[MO866] Iteration,0,45,80.421571,1.739886
[MO866] Iteration,1,45,80.424396,1.739325
[MO866] Iteration,3,45,80.428897,1.747018
[MO866] Iteration,0,46,82.132595,1.710975
[MO866] Iteration,2,46,82.136462,1.729272
[MO866] Iteration,3,46,82.134488,1.705556
[MO866] Iteration,1,46,82.144665,1.720227
[MO866] Iteration,0,47,83.837569,1.704918
[MO866] Iteration,2,47,83.841512,1.705004
[MO866] Iteration,3,47,83.839508,1.704980
[MO866] Iteration,1,47,83.849587,1.704880
[MO866] Iteration,0,48,85.542614,1.704990
[MO866] Iteration,3,48,85.544530,1.704981
[MO866] Iteration,2,48,85.546682,1.705124
[MO866] Iteration,1,48,85.554817,1.705188
[MO866] Iteration,0,49,87.273423,1.730749
[MO866] Iteration,2,49,87.277329,1.730602
[MO866] Iteration,3,49,87.275299,1.730703
[MO866] Iteration,1,49,87.285421,1.730568
[MO866] Iteration,0,50,88.978112,1.704624
[MO866] Iteration,3,50,88.980057,1.704715
[MO866] Iteration,2,50,88.982197,1.704826
[MO866] Iteration,1,50,88.990344,1.704882
[MO866] Iteration,0,51,90.683115,1.704942
[MO866] Iteration,3,51,90.685027,1.704912
[MO866] Iteration,2,51,90.687318,1.705083
[MO866] Iteration,1,51,90.695411,1.705029
[MO866] Iteration,0,52,92.387704,1.704527
[MO866] Iteration,3,52,92.389576,1.704480
[MO866] Iteration,2,52,92.392025,1.704650
[MO866] Iteration,1,52,92.400111,1.704663
[MO866] Iteration,0,53,94.091894,1.704113
[MO866] Iteration,3,53,94.093783,1.704129
[MO866] Iteration,2,53,94.095860,1.703796
[MO866] Iteration,1,53,94.103997,1.703848
[MO866] Iteration,0,54,95.796931,1.704979
[MO866] Iteration,2,54,95.800693,1.704788
[MO866] Iteration,3,54,95.798842,1.705022
[MO866] Iteration,1,54,95.808864,1.704828
[MO866] Iteration,0,55,97.501285,1.704303
[MO866] Iteration,3,55,97.503207,1.704326
[MO866] Iteration,2,55,97.505468,1.704732
[MO866] Iteration,1,55,97.513587,1.704683
[MO866] Iteration,2,56,99.202385,1.696865
[MO866] Iteration,1,56,99.211374,1.697733
[MO866] Iteration,0,56,99.231319,1.729963
[MO866] Iteration,3,56,99.234778,1.731484
[MO866] Iteration,2,57,101.207183,2.004754
[MO866] Iteration,1,57,101.215311,2.003882
[MO866] Iteration,0,57,101.339422,2.108064
[MO866] Iteration,3,57,101.342920,2.108105
[MO866] Iteration,0,58,103.303050,1.963588
[MO866] Iteration,3,58,103.303941,1.960983
[MO866] Iteration,1,58,103.313604,2.098245
[MO866] Iteration,2,58,103.318699,2.111473
[MO866] Iteration,0,59,105.012067,1.708968
 Time step   60
[MO866] Iteration,2,59,105.015593,1.696860
[MO866] Iteration,3,59,105.013862,1.709863
[MO866] Iteration,1,59,105.023830,1.710173
[MO866] Iteration,0,60,106.716007,1.703870
[MO866] Iteration,2,60,106.719408,1.703766
[MO866] Iteration,3,60,106.717874,1.703976
[MO866] Iteration,1,60,106.727626,1.703758
[MO866] Iteration,0,61,108.421060,1.704999
[MO866] Iteration,2,61,108.424440,1.704986
[MO866] Iteration,3,61,108.423002,1.705088
[MO866] Iteration,1,61,108.432661,1.704997
[MO866] Iteration,0,62,110.126201,1.705091
[MO866] Iteration,2,62,110.129410,1.704929
[MO866] Iteration,3,62,110.128186,1.705143
[MO866] Iteration,1,62,110.137579,1.704880
[MO866] Iteration,0,63,111.831542,1.705282
[MO866] Iteration,2,63,111.834727,1.705260
[MO866] Iteration,3,63,111.833440,1.705213
[MO866] Iteration,1,63,111.843003,1.705384
[MO866] Iteration,0,64,113.534825,1.703224
[MO866] Iteration,2,64,113.538220,1.703446
[MO866] Iteration,3,64,113.536680,1.703198
[MO866] Iteration,1,64,113.546393,1.703352
[MO866] Iteration,0,65,115.240134,1.705244
[MO866] Iteration,2,65,115.243523,1.705258
[MO866] Iteration,3,65,115.241993,1.705272
[MO866] Iteration,1,65,115.251660,1.705229
[MO866] Iteration,0,66,116.945122,1.704930
[MO866] Iteration,2,66,116.948579,1.705004
[MO866] Iteration,3,66,116.946988,1.704957
[MO866] Iteration,1,66,116.956794,1.705096
[MO866] Iteration,0,67,118.658319,1.713145
[MO866] Iteration,2,67,118.661725,1.713102
[MO866] Iteration,3,67,118.660045,1.713015
[MO866] Iteration,1,67,118.669920,1.713084
[MO866] Iteration,0,68,120.362677,1.704277
[MO866] Iteration,2,68,120.366179,1.704398
[MO866] Iteration,3,68,120.364576,1.704488
[MO866] Iteration,1,68,120.374425,1.704470
[MO866] Iteration,0,69,122.068136,1.705400
[MO866] Iteration,2,69,122.071430,1.705206
[MO866] Iteration,3,69,122.070017,1.705396
[MO866] Iteration,1,69,122.079614,1.705154
[MO866] Iteration,0,70,123.773271,1.705078
[MO866] Iteration,2,70,123.776713,1.705232
[MO866] Iteration,3,70,123.775197,1.705143
[MO866] Iteration,1,70,123.784962,1.705311
[MO866] Iteration,0,71,125.477534,1.704206
[MO866] Iteration,3,71,125.478413,1.703181
[MO866] Iteration,1,71,125.488247,1.703245
[MO866] Iteration,2,71,125.490475,1.713717
[MO866] Iteration,0,72,127.243859,1.766275
[MO866] Iteration,2,72,127.244381,1.753869
[MO866] Iteration,3,72,127.245490,1.767028
[MO866] Iteration,1,72,127.252830,1.764534
[MO866] Iteration,0,73,128.953142,1.709206
[MO866] Iteration,2,73,128.956271,1.711848
[MO866] Iteration,3,73,128.955063,1.709518
[MO866] Iteration,1,73,128.964524,1.711648
[MO866] Iteration,0,74,130.658209,1.705012
[MO866] Iteration,2,74,130.661815,1.705503
[MO866] Iteration,3,74,130.660121,1.705017
[MO866] Iteration,1,74,130.670021,1.705459
[MO866] Iteration,0,75,132.362523,1.704254
[MO866] Iteration,3,75,132.362986,1.702822
[MO866] Iteration,2,75,132.376617,1.714759
[MO866] Iteration,1,75,132.384757,1.714700
[MO866] Iteration,0,76,134.078490,1.715914
[MO866] Iteration,2,76,134.082006,1.705349
[MO866] Iteration,3,76,134.080357,1.717317
[MO866] Iteration,1,76,134.090238,1.705443
[MO866] Iteration,0,77,135.783857,1.705304
[MO866] Iteration,2,77,135.787294,1.705230
[MO866] Iteration,3,77,135.785716,1.705319
[MO866] Iteration,1,77,135.795519,1.705245
[MO866] Iteration,0,78,137.487455,1.703542
[MO866] Iteration,2,78,137.490925,1.703581
[MO866] Iteration,3,78,137.489363,1.703606
[MO866] Iteration,1,78,137.499136,1.703581
[MO866] Iteration,0,79,139.192875,1.705362
 Time step   80
[MO866] Iteration,2,79,139.196366,1.705395
[MO866] Iteration,3,79,139.194749,1.705342
[MO866] Iteration,1,79,139.204627,1.705454
[MO866] Iteration,0,80,140.898444,1.705516
[MO866] Iteration,2,80,140.901585,1.705178
[MO866] Iteration,3,80,140.900386,1.705597
[MO866] Iteration,1,80,140.909803,1.705135
[MO866] Iteration,0,81,142.602602,1.704099
[MO866] Iteration,3,81,142.603492,1.703065
[MO866] Iteration,1,81,142.612980,1.703138
[MO866] Iteration,2,81,142.618833,1.717209
[MO866] Iteration,0,82,144.313363,1.710715
[MO866] Iteration,2,82,144.316830,1.697952
[MO866] Iteration,3,82,144.315250,1.711701
[MO866] Iteration,1,82,144.325060,1.712031
[MO866] Iteration,0,83,146.019005,1.705571
[MO866] Iteration,2,83,146.022377,1.705501
[MO866] Iteration,3,83,146.020941,1.705649
[MO866] Iteration,1,83,146.030582,1.705482
[MO866] Iteration,0,84,147.724455,1.705388
[MO866] Iteration,2,84,147.727860,1.705437
[MO866] Iteration,3,84,147.726329,1.705343
[MO866] Iteration,1,84,147.736044,1.705427
[MO866] Iteration,0,85,149.429601,1.705093
[MO866] Iteration,2,85,149.433145,1.705237
[MO866] Iteration,3,85,149.431529,1.705159
[MO866] Iteration,1,85,149.441380,1.705298
[MO866] Iteration,0,86,151.133250,1.703591
[MO866] Iteration,3,86,151.133873,1.702302
[MO866] Iteration,2,86,151.144068,1.710880
[MO866] Iteration,1,86,151.152248,1.710829
[MO866] Iteration,0,87,152.845879,1.712579
[MO866] Iteration,2,87,152.849379,1.705273
[MO866] Iteration,3,87,152.847759,1.713834
[MO866] Iteration,1,87,152.857428,1.705143
[MO866] Iteration,0,88,154.548939,1.703000
[MO866] Iteration,2,88,154.552669,1.703245
[MO866] Iteration,3,88,154.550909,1.703116
[MO866] Iteration,1,88,154.560792,1.703325
[MO866] Iteration,0,89,156.267803,1.718797
[MO866] Iteration,2,89,156.269546,1.716837
[MO866] Iteration,3,89,156.284394,1.733451
[MO866] Iteration,1,89,156.293758,1.732927
[MO866] Iteration,2,90,157.992688,1.723102
[MO866] Iteration,1,90,158.000911,1.707116
[MO866] Iteration,0,90,158.060828,1.792981
[MO866] Iteration,3,90,158.055662,1.771231
[MO866] Iteration,0,91,159.859558,1.798691
[MO866] Iteration,2,91,159.862893,1.870167
[MO866] Iteration,3,91,159.861570,1.805870
[MO866] Iteration,1,91,159.871202,1.870251
[MO866] Iteration,0,92,161.564799,1.705179
[MO866] Iteration,2,92,161.568392,1.705446
[MO866] Iteration,3,92,161.566689,1.705063
[MO866] Iteration,1,92,161.576519,1.705280
[MO866] Iteration,0,93,163.269927,1.705078
[MO866] Iteration,2,93,163.273432,1.704982
[MO866] Iteration,3,93,163.271753,1.705028
[MO866] Iteration,1,93,163.281634,1.705076
[MO866] Iteration,0,94,164.980624,1.710640
[MO866] Iteration,2,94,164.984188,1.710713
[MO866] Iteration,3,94,164.982568,1.710772
[MO866] Iteration,1,94,164.992367,1.710692
[MO866] Iteration,0,95,166.684679,1.704005
[MO866] Iteration,2,95,166.687973,1.703742
[MO866] Iteration,3,95,166.686599,1.703999
[MO866] Iteration,1,95,166.696208,1.703802
[MO866] Iteration,0,96,168.389972,1.705244
[MO866] Iteration,2,96,168.393411,1.705385
[MO866] Iteration,3,96,168.391905,1.705267
[MO866] Iteration,1,96,168.401611,1.705365
[MO866] Iteration,0,97,170.095032,1.705001
[MO866] Iteration,2,97,170.098530,1.705075
[MO866] Iteration,3,97,170.096903,1.704954
[MO866] Iteration,1,97,170.106740,1.705089
[MO866] Iteration,0,98,171.800386,1.705291
[MO866] Iteration,2,98,171.803902,1.705326
[MO866] Iteration,3,98,171.802332,1.705388
[MO866] Iteration,1,98,171.812054,1.705278
[MO866] Iteration,0,99,173.533048,1.732609
 Time step  100
[MO866] Iteration,2,99,173.536524,1.732577
[MO866] Iteration,3,99,173.534905,1.732535
[MO866] Iteration,1,99,173.544661,1.732568
[MO866] Iteration,0,100,175.238093,1.704992
[MO866] Iteration,2,100,175.241524,1.704947
[MO866] Iteration,3,100,175.240076,1.705132
[MO866] Iteration,1,100,175.249803,1.705102
[MO866] Iteration,0,101,176.943736,1.705565
[MO866] Iteration,2,101,176.947067,1.705498
[MO866] Iteration,3,101,176.945712,1.705591
[MO866] Iteration,1,101,176.955322,1.705479
[MO866] Iteration,0,102,178.649072,1.705275
[MO866] Iteration,2,102,178.652431,1.705324
[MO866] Iteration,3,102,178.651108,1.705359
[MO866] Iteration,1,102,178.660728,1.705370
[MO866] Iteration,0,103,180.351462,1.702338
[MO866] Iteration,3,103,180.351261,1.700120
[MO866] Iteration,2,103,180.379431,1.726957
[MO866] Iteration,1,103,180.387411,1.726643
[MO866] Iteration,0,104,182.080993,1.729481
[MO866] Iteration,2,104,182.084863,1.705388
[MO866] Iteration,3,104,182.082910,1.731599
[MO866] Iteration,1,104,182.093023,1.705575
[MO866] Iteration,0,105,183.787547,1.706503
[MO866] Iteration,2,105,183.791307,1.706401
[MO866] Iteration,3,105,183.789494,1.706545
[MO866] Iteration,1,105,183.799582,1.706519
[MO866] Iteration,0,106,185.492533,1.704920
[MO866] Iteration,2,106,185.496155,1.704797
[MO866] Iteration,3,106,185.494402,1.704867
[MO866] Iteration,1,106,185.504278,1.704658
[MO866] Iteration,0,107,187.215905,1.723319
[MO866] Iteration,2,107,187.219878,1.723681
[MO866] Iteration,3,107,187.217834,1.723397
[MO866] Iteration,1,107,187.228028,1.723713
[MO866] Iteration,0,108,188.921666,1.705694
[MO866] Iteration,2,108,188.925324,1.705399
[MO866] Iteration,3,108,188.923609,1.705719
[MO866] Iteration,1,108,188.933482,1.705403
[MO866] Iteration,0,109,190.627628,1.705905
[MO866] Iteration,2,109,190.631363,1.705995
[MO866] Iteration,3,109,190.629540,1.705888
[MO866] Iteration,1,109,190.639508,1.705985
[MO866] Iteration,0,110,192.333759,1.706076
[MO866] Iteration,2,110,192.337353,1.705941
[MO866] Iteration,3,110,192.335742,1.706159
[MO866] Iteration,1,110,192.345583,1.706037
[MO866] Iteration,0,111,194.039744,1.705928
[MO866] Iteration,2,111,194.043636,1.706238
[MO866] Iteration,3,111,194.041671,1.705886
[MO866] Iteration,1,111,194.051828,1.706205
[MO866] Iteration,0,112,195.745580,1.705762
[MO866] Iteration,3,112,195.747518,1.705811
[MO866] Iteration,2,112,195.749640,1.705955
[MO866] Iteration,1,112,195.757775,1.705910
[MO866] Iteration,0,113,197.452073,1.706439
[MO866] Iteration,2,113,197.456004,1.706313
[MO866] Iteration,3,113,197.453961,1.706387
[MO866] Iteration,1,113,197.464100,1.706285
[MO866] Iteration,0,114,199.162050,1.709924
[MO866] Iteration,2,114,199.165790,1.709743
[MO866] Iteration,3,114,199.163985,1.709987
[MO866] Iteration,1,114,199.173951,1.709814
[MO866] Iteration,0,115,200.866479,1.704372
[MO866] Iteration,2,115,200.870335,1.704500
[MO866] Iteration,3,115,200.868390,1.704364
[MO866] Iteration,1,115,200.878513,1.704527
[MO866] Iteration,0,116,202.572920,1.706379
[MO866] Iteration,2,116,202.576723,1.706340
[MO866] Iteration,3,116,202.574886,1.706455
[MO866] Iteration,1,116,202.584875,1.706326
[MO866] Iteration,0,117,204.278859,1.705886
[MO866] Iteration,2,117,204.282483,1.705717
[MO866] Iteration,3,117,204.280784,1.705861
[MO866] Iteration,1,117,204.290798,1.705883
[MO866] Iteration,0,118,205.985035,1.706118
[MO866] Iteration,2,118,205.988874,1.706343
[MO866] Iteration,3,118,205.987006,1.706180
[MO866] Iteration,1,118,205.997039,1.706204
[MO866] Iteration,0,119,207.689601,1.704512
 Time step  120
[MO866] Iteration,3,119,207.690401,1.703359
[MO866] Iteration,1,119,207.700137,1.703058
[MO866] Iteration,2,119,207.715821,1.726904
[MO866] Iteration,0,120,209.411585,1.721942
[MO866] Iteration,3,120,209.413445,1.722992
[MO866] Iteration,2,120,209.415506,1.699642
[MO866] Iteration,1,120,209.423685,1.723500
[MO866] Iteration,0,121,211.117856,1.706213
[MO866] Iteration,2,121,211.121687,1.706131
[MO866] Iteration,3,121,211.119781,1.706293
[MO866] Iteration,1,121,211.129803,1.706082
[MO866] Iteration,0,122,212.824390,1.706455
[MO866] Iteration,2,122,212.827946,1.706216
[MO866] Iteration,3,122,212.826269,1.706445
[MO866] Iteration,1,122,212.836091,1.706249
[MO866] Iteration,0,123,214.530267,1.705826
[MO866] Iteration,2,123,214.533792,1.705799
[MO866] Iteration,3,123,214.532165,1.705862
[MO866] Iteration,1,123,214.542052,1.705924
[MO866] Iteration,0,124,216.259990,1.729669
[MO866] Iteration,2,124,216.261462,1.727625
[MO866] Iteration,3,124,216.286144,1.753936
[MO866] Iteration,1,124,216.296150,1.754064
[MO866] Iteration,0,125,217.999947,1.739913
[MO866] Iteration,2,125,218.003622,1.742123
[MO866] Iteration,3,125,218.001839,1.715644
[MO866] Iteration,1,125,218.011771,1.715572
[MO866] Iteration,0,126,219.705921,1.705917
[MO866] Iteration,2,126,219.709729,1.706059
[MO866] Iteration,3,126,219.707910,1.706033
[MO866] Iteration,1,126,219.718008,1.706200
[MO866] Iteration,0,127,221.411610,1.705632
[MO866] Iteration,3,127,221.412888,1.704934
[MO866] Iteration,2,127,221.420523,1.710750
[MO866] Iteration,1,127,221.423501,1.705457
[MO866] Iteration,0,128,223.116033,1.704371
[MO866] Iteration,2,128,223.119696,1.699137
[MO866] Iteration,3,128,223.117910,1.704963
[MO866] Iteration,1,128,223.127858,1.704327
[MO866] Iteration,2,129,224.823287,1.703525
[MO866] Iteration,3,129,224.822270,1.704325
[MO866] Iteration,1,129,224.832072,1.704177
[MO866] Iteration,0,129,224.842206,1.726129
[MO866] Iteration,0,130,226.532066,1.689820
[MO866] Iteration,2,130,226.535754,1.712413
[MO866] Iteration,3,130,226.533987,1.711681
[MO866] Iteration,1,130,226.543895,1.711775
[MO866] Iteration,0,131,228.238322,1.706194
[MO866] Iteration,2,131,228.242067,1.706268
[MO866] Iteration,3,131,228.240301,1.706277
[MO866] Iteration,1,131,228.250222,1.706289
[MO866] Iteration,0,132,229.944859,1.706477
[MO866] Iteration,2,132,229.948507,1.706396
[MO866] Iteration,3,132,229.946801,1.706465
[MO866] Iteration,1,132,229.956648,1.706391
[MO866] Iteration,0,133,231.650509,1.705598
[MO866] Iteration,2,133,231.654436,1.705889
[MO866] Iteration,3,133,231.652475,1.705639
[MO866] Iteration,1,133,231.662561,1.705874
[MO866] Iteration,0,134,233.356623,1.706059
[MO866] Iteration,2,134,233.360480,1.705997
[MO866] Iteration,3,134,233.358574,1.706056
[MO866] Iteration,1,134,233.368560,1.705962
[MO866] Iteration,0,135,235.062823,1.706150
[MO866] Iteration,2,135,235.066797,1.706275
[MO866] Iteration,3,135,235.064812,1.706204
[MO866] Iteration,1,135,235.074877,1.706280
[MO866] Iteration,0,136,236.768932,1.706050
[MO866] Iteration,2,136,236.772754,1.705894
[MO866] Iteration,3,136,236.770875,1.706021
[MO866] Iteration,1,136,236.780881,1.705969
[MO866] Iteration,0,137,238.474677,1.705691
[MO866] Iteration,2,137,238.478614,1.705818
[MO866] Iteration,3,137,238.476635,1.705721
[MO866] Iteration,1,137,238.486792,1.705873
[MO866] Iteration,0,138,240.186419,1.711685
[MO866] Iteration,2,138,240.190307,1.711647
[MO866] Iteration,3,138,240.188482,1.711806
[MO866] Iteration,1,138,240.198524,1.711695
[MO866] Iteration,0,139,241.891197,1.704719
 Time step  140
[MO866] Iteration,2,139,241.894823,1.704469
[MO866] Iteration,3,139,241.893001,1.704477
[MO866] Iteration,1,139,241.903072,1.704512
[MO866] Iteration,0,140,243.597121,1.705865
[MO866] Iteration,2,140,243.600973,1.706101
[MO866] Iteration,3,140,243.599073,1.706032
[MO866] Iteration,1,140,243.609145,1.706036
[MO866] Iteration,0,141,245.303370,1.706199
[MO866] Iteration,2,141,245.307191,1.706176
[MO866] Iteration,3,141,245.305284,1.706172
[MO866] Iteration,1,141,245.315347,1.706163
[MO866] Iteration,2,142,247.044097,1.736856
[MO866] Iteration,0,142,247.049725,1.746293
[MO866] Iteration,1,142,247.053201,1.737819
[MO866] Iteration,3,142,247.049848,1.744522
[MO866] Iteration,0,143,248.755824,1.706072
[MO866] Iteration,2,143,248.759874,1.715717
[MO866] Iteration,3,143,248.757808,1.707940
[MO866] Iteration,1,143,248.768044,1.714799
[MO866] Iteration,0,144,250.460637,1.704760
[MO866] Iteration,3,144,250.461374,1.703529
[MO866] Iteration,1,144,250.471355,1.703274
[MO866] Iteration,2,144,250.487160,1.727241
[MO866] Iteration,0,145,252.182762,1.722083
[MO866] Iteration,2,145,252.186287,1.699083
[MO866] Iteration,3,145,252.184674,1.723246
[MO866] Iteration,1,145,252.194467,1.723065
[MO866] Iteration,0,146,253.888660,1.705841
[MO866] Iteration,2,146,253.892389,1.706056
[MO866] Iteration,3,146,253.890493,1.705776
[MO866] Iteration,1,146,253.900520,1.706017
[MO866] Iteration,0,147,255.594639,1.705915
[MO866] Iteration,2,147,255.598333,1.705903
[MO866] Iteration,3,147,255.596556,1.706026
[MO866] Iteration,1,147,255.606557,1.705999
[MO866] Iteration,0,148,257.300669,1.705972
[MO866] Iteration,2,148,257.304511,1.706133
[MO866] Iteration,3,148,257.302607,1.706010
[MO866] Iteration,1,148,257.312675,1.706082
[MO866] Iteration,0,149,259.006295,1.705573
[MO866] Iteration,2,149,259.010107,1.705553
[MO866] Iteration,3,149,259.008295,1.705652
[MO866] Iteration,1,149,259.018313,1.705600
[MO866] Iteration,0,150,260.712576,1.706221
[MO866] Iteration,2,150,260.716269,1.706116
[MO866] Iteration,3,150,260.714557,1.706219
[MO866] Iteration,1,150,260.724489,1.706141
[MO866] Iteration,0,151,262.418801,1.706172
[MO866] Iteration,2,151,262.422535,1.706224
[MO866] Iteration,3,151,262.420762,1.706169
[MO866] Iteration,1,151,262.430799,1.706272
[MO866] Iteration,0,152,264.125054,1.706191
[MO866] Iteration,2,152,264.128972,1.706388
[MO866] Iteration,3,152,264.127014,1.706210
[MO866] Iteration,1,152,264.137104,1.706268
[MO866] Iteration,0,153,265.831011,1.705901
[MO866] Iteration,3,153,265.832903,1.705849
[MO866] Iteration,2,153,265.834983,1.705967
[MO866] Iteration,1,153,265.843120,1.705976
[MO866] Iteration,0,154,267.537562,1.706489
[MO866] Iteration,2,154,267.541248,1.706218
[MO866] Iteration,3,154,267.539452,1.706508
[MO866] Iteration,1,154,267.549403,1.706247
[MO866] Iteration,0,155,269.241818,1.704196
[MO866] Iteration,2,155,269.245654,1.704362
[MO866] Iteration,3,155,269.243859,1.704365
[MO866] Iteration,1,155,269.253829,1.704385
[MO866] Iteration,2,156,270.948664,1.702964
[MO866] Iteration,3,156,270.950623,1.706725
[MO866] Iteration,1,156,270.957828,1.703958
[MO866] Iteration,0,156,270.974665,1.732786
[MO866] Iteration,0,157,272.664738,1.690030
[MO866] Iteration,2,157,272.668507,1.719795
[MO866] Iteration,3,157,272.666674,1.716006
[MO866] Iteration,1,157,272.676616,1.718743
[MO866] Iteration,0,158,274.370592,1.705801
[MO866] Iteration,2,158,274.374280,1.705731
[MO866] Iteration,3,158,274.372522,1.705810
[MO866] Iteration,1,158,274.382595,1.705939
[MO866] Iteration,0,159,276.076656,1.706003
 Time step  160
[MO866] Iteration,3,159,276.078511,1.705948
[MO866] Iteration,2,159,276.080564,1.706238
[MO866] Iteration,1,159,276.088646,1.706015
[MO866] Iteration,0,160,277.782968,1.706258
[MO866] Iteration,2,160,277.786865,1.706258
[MO866] Iteration,3,160,277.784950,1.706402
[MO866] Iteration,1,160,277.795119,1.706435
[MO866] Iteration,0,161,279.489085,1.706053
[MO866] Iteration,2,161,279.492914,1.706000
[MO866] Iteration,3,161,279.490949,1.705938
[MO866] Iteration,1,161,279.501059,1.705888
[MO866] Iteration,0,162,281.195746,1.706609
[MO866] Iteration,2,162,281.199383,1.706423
[MO866] Iteration,3,162,281.197619,1.706628
[MO866] Iteration,1,162,281.207570,1.706473
[MO866] Iteration,0,163,282.901681,1.705864
[MO866] Iteration,2,163,282.905542,1.706108
[MO866] Iteration,3,163,282.903649,1.705991
[MO866] Iteration,1,163,282.913659,1.706052
[MO866] Iteration,0,164,284.608100,1.706364
[MO866] Iteration,2,164,284.611945,1.706347
[MO866] Iteration,3,164,284.610068,1.706378
[MO866] Iteration,1,164,284.620037,1.706338
[MO866] Iteration,0,165,286.313757,1.705604
[MO866] Iteration,2,165,286.317695,1.705703
[MO866] Iteration,3,165,286.315634,1.705532
[MO866] Iteration,1,165,286.325822,1.705748
[MO866] Iteration,0,166,288.020124,1.706309
[MO866] Iteration,2,166,288.023953,1.706215
[MO866] Iteration,3,166,288.022007,1.706334
[MO866] Iteration,1,166,288.032070,1.706208
[MO866] Iteration,0,167,289.727086,1.706907
[MO866] Iteration,2,167,289.730919,1.706920
[MO866] Iteration,3,167,289.728995,1.706952
[MO866] Iteration,1,167,289.739123,1.707015
[MO866] Iteration,0,168,291.432807,1.705658
[MO866] Iteration,2,168,291.436315,1.705347
[MO866] Iteration,3,168,291.434748,1.705712
[MO866] Iteration,1,168,291.444536,1.705376
[MO866] Iteration,0,169,293.138478,1.705620
[MO866] Iteration,2,169,293.142255,1.705900
[MO866] Iteration,3,169,293.140526,1.705738
[MO866] Iteration,1,169,293.150507,1.705932
[MO866] Iteration,0,170,294.844724,1.706187
[MO866] Iteration,2,170,294.848337,1.706035
[MO866] Iteration,3,170,294.846683,1.706118
[MO866] Iteration,1,170,294.856530,1.705987
[MO866] Iteration,0,171,296.550700,1.705925
[MO866] Iteration,2,171,296.554449,1.706070
[MO866] Iteration,3,171,296.552609,1.705888
[MO866] Iteration,1,171,296.562576,1.706008
[MO866] Iteration,0,172,298.256903,1.706144
[MO866] Iteration,2,172,298.260631,1.706136
[MO866] Iteration,3,172,298.258839,1.706188
[MO866] Iteration,1,172,298.268748,1.706137
[MO866] Iteration,0,173,299.962770,1.705813
[MO866] Iteration,2,173,299.966568,1.705894
[MO866] Iteration,3,173,299.964698,1.705821
[MO866] Iteration,1,173,299.974779,1.705991
[MO866] Iteration,0,174,301.669156,1.706324
[MO866] Iteration,2,174,301.673320,1.706704
[MO866] Iteration,3,174,301.671117,1.706379
[MO866] Iteration,1,174,301.681481,1.706666
[MO866] Iteration,0,175,303.396878,1.727667
[MO866] Iteration,2,175,303.400533,1.727169
[MO866] Iteration,3,175,303.398808,1.727625
[MO866] Iteration,1,175,303.408677,1.727152
[MO866] Iteration,0,176,305.103308,1.706375
[MO866] Iteration,2,176,305.106948,1.706363
[MO866] Iteration,3,176,305.105218,1.706371
[MO866] Iteration,1,176,305.115189,1.706471
[MO866] Iteration,0,177,306.871529,1.768162
[MO866] Iteration,2,177,306.875294,1.768299
[MO866] Iteration,3,177,306.876496,1.771239
[MO866] Iteration,1,177,306.886498,1.771272
[MO866] Iteration,0,178,308.588227,1.716619
[MO866] Iteration,2,178,308.592008,1.716662
[MO866] Iteration,3,178,308.590136,1.713585
[MO866] Iteration,1,178,308.600181,1.713636
[MO866] Iteration,0,179,310.294500,1.706222
 Time step  180
[MO866] Iteration,2,179,310.297933,1.705881
[MO866] Iteration,3,179,310.296406,1.706234
[MO866] Iteration,1,179,310.306125,1.705905
[MO866] Iteration,0,180,312.000422,1.705864
[MO866] Iteration,2,180,312.004176,1.706197
[MO866] Iteration,3,180,312.002356,1.705907
[MO866] Iteration,1,180,312.012293,1.706133
[MO866] Iteration,0,181,313.706786,1.706316
[MO866] Iteration,2,181,313.710366,1.706148
[MO866] Iteration,3,181,313.708614,1.706221
[MO866] Iteration,1,181,313.718529,1.706198
[MO866] Iteration,0,182,315.412750,1.705906
[MO866] Iteration,2,182,315.416367,1.705955
[MO866] Iteration,3,182,315.414711,1.706055
[MO866] Iteration,1,182,315.424619,1.706053
[MO866] Iteration,0,183,317.118667,1.705866
[MO866] Iteration,2,183,317.122194,1.705784
[MO866] Iteration,3,183,317.120559,1.705809
[MO866] Iteration,1,183,317.130452,1.705795
[MO866] Iteration,0,184,318.824738,1.706012
[MO866] Iteration,2,184,318.828641,1.706403
[MO866] Iteration,3,184,318.826726,1.706126
[MO866] Iteration,1,184,318.836680,1.706192
[MO866] Iteration,0,185,320.530773,1.705982
[MO866] Iteration,3,185,320.532725,1.705961
[MO866] Iteration,2,185,320.534775,1.706091
[MO866] Iteration,1,185,320.542918,1.706200
[MO866] Iteration,0,186,322.237242,1.706409
[MO866] Iteration,2,186,322.240948,1.706128
[MO866] Iteration,3,186,322.239191,1.706424
[MO866] Iteration,1,186,322.249146,1.706193
[MO866] Iteration,0,187,323.941658,1.704360
[MO866] Iteration,2,187,323.945505,1.704514
[MO866] Iteration,3,187,323.943613,1.704384
[MO866] Iteration,1,187,323.953630,1.704445
[MO866] Iteration,0,188,325.647636,1.705917
[MO866] Iteration,2,188,325.651676,1.706126
[MO866] Iteration,3,188,325.649541,1.705886
[MO866] Iteration,1,188,325.659803,1.706134
[MO866] Iteration,0,189,327.353694,1.705998
[MO866] Iteration,2,189,327.357583,1.705855
[MO866] Iteration,3,189,327.355677,1.706070
[MO866] Iteration,1,189,327.365786,1.705946
[MO866] Iteration,0,190,329.058912,1.705149
[MO866] Iteration,2,190,329.062456,1.704832
[MO866] Iteration,3,190,329.060833,1.705114
[MO866] Iteration,1,190,329.070632,1.704807
[MO866] Iteration,0,191,330.764744,1.705773
[MO866] Iteration,2,191,330.768622,1.706119
[MO866] Iteration,3,191,330.766638,1.705762
[MO866] Iteration,1,191,330.776737,1.706068
[MO866] Iteration,0,192,332.470961,1.706166
[MO866] Iteration,2,192,332.474855,1.706190
[MO866] Iteration,3,192,332.472911,1.706235
[MO866] Iteration,1,192,332.483030,1.706253
[MO866] Iteration,0,193,334.177342,1.706321
[MO866] Iteration,2,193,334.181242,1.706337
[MO866] Iteration,3,193,334.179261,1.706311
[MO866] Iteration,1,193,334.189332,1.706266
[MO866] Iteration,0,194,335.883463,1.706064
[MO866] Iteration,2,194,335.887205,1.705919
[MO866] Iteration,3,194,335.885420,1.706118
[MO866] Iteration,1,194,335.895421,1.706049
[MO866] Iteration,0,195,337.622024,1.738503
[MO866] Iteration,2,195,337.625939,1.738685
[MO866] Iteration,3,195,337.624007,1.738544
[MO866] Iteration,1,195,337.634102,1.738643
[MO866] Iteration,0,196,339.336465,1.714382
[MO866] Iteration,2,196,339.340280,1.714297
[MO866] Iteration,3,196,339.338415,1.714365
[MO866] Iteration,1,196,339.348437,1.714299
[MO866] Iteration,0,197,341.042464,1.705948
[MO866] Iteration,2,197,341.046501,1.706179
[MO866] Iteration,3,197,341.044479,1.706024
[MO866] Iteration,1,197,341.054488,1.706012
[MO866] Iteration,0,198,342.748986,1.706462
[MO866] Iteration,2,198,342.752581,1.706019
[MO866] Iteration,3,198,342.750803,1.706283
[MO866] Iteration,1,198,342.760719,1.706195
[MO866] Iteration,0,199,344.455028,1.705989
 Time step  200
[MO866] Iteration,2,199,344.458665,1.706039
[MO866] Iteration,3,199,344.456943,1.706100
[MO866] Iteration,1,199,344.466893,1.706134
[MO866] Iteration,0,200,346.160284,1.705196
[MO866] Iteration,2,200,346.164167,1.705455
[MO866] Iteration,3,200,346.162246,1.705262
[MO866] Iteration,1,200,346.172073,1.705143
 Verification being performed for class C
 accuracy setting for epsilon =  0.1000000000000E-07
 Comparison of RMS-norms of residual
           1 0.6239811655176E+04 0.6239811655176E+04 0.4226945909422E-14
           2 0.5079323919042E+03 0.5079323919042E+03 0.2238227754985E-15
           3 0.1542353009301E+04 0.1542353009301E+04 0.7813259821725E-14
[MO866] PI avg,2,1.716464,200
[MO866] Beta,2,0.000696
[MO866] Total time,2,346.403069
[MO866] PI avg,3,1.716473,200
[MO866] Beta,3,0.000695
[MO866] Total time,3,346.400976
[MO866] PI avg,1,1.716501,200
[MO866] Beta,1,0.000679
[MO866] Total time,1,346.405269
           4 0.1330238792929E+04 0.1330238792929E+04 0.3760393161243E-14
           5 0.1160408742844E+05 0.1160408742844E+05 0.1018902278698E-13
 Comparison of RMS-norms of solution error
           1 0.1646200836909E+03 0.1646200836909E+03 0.5179509472933E-15
           2 0.1149710790382E+02 0.1149710790382E+02 0.3399102695540E-14
           3 0.4120744620746E+02 0.4120744620746E+02 0.1379445320989E-14
           4 0.3708765105969E+02 0.3708765105969E+02 0.9770820876587E-14
           5 0.3621105305184E+03 0.3621105305184E+03 0.3139561767476E-14
 Verification Successful


 BT Benchmark Completed.
 Class           =                        C
 Size            =            162x 162x 162
 Iterations      =                      200
 Time in seconds =                   343.31
 Total processes =                        8
 Active procs    =                        4
 Mop/s total     =                  8349.00
 Mop/s/process   =                  1043.62
 Operation type  =           floating point
 Verification    =               SUCCESSFUL
 Version         =                      3.4
 Compile date    =              15 Jun 2020

 Compile options:
    MPIFC        = mpif90
    FLINK        = $(MPIFC)
    FMPI_LIB     = (none)
    FMPI_INC     = (none)
    FFLAGS       = -O3
    FLINKFLAGS   = $(FFLAGS) -O ../kernel_stats/kernel_stats.o...
    RAND         = (none)


 Please send feedbacks and/or the results of this run to:

 NPB Development Team 
 Internet: npb@nas.nasa.gov


[MO866] PI avg,0,1.716419,200
[MO866] Beta,0,0.000720
[MO866] Total time,0,346.407449
