--------------------------------------------------------------------------
[[54786,1],1]: A high-performance Open MPI point-to-point messaging module
was unable to find any relevant network interfaces:

Module: OpenFabrics (openib)
  Host: node06

Another transport will be used instead, although this may result in
lower performance.

NOTE: You can disable this warning by setting the MCA parameter
btl_base_warn_component_unused to 0.
--------------------------------------------------------------------------


 NAS Parallel Benchmarks 3.4 -- BT Benchmark

[MO866] Total time,1,0.127074
 No input file inputbt.data. Using compiled defaults
 Size:  162x 162x 162  (class C)
 Iterations:  200    dt:   0.0001000
 WARNING: Number of active processes:     1
 Total number of processes:     2

aquiii
[MO866] Init time,0,10.163463
 Time step    1
[MO866] Iteration,0,1,16.575831,6.412346
[MO866] Iteration,0,2,22.936373,6.360500
[MO866] Iteration,0,3,29.272552,6.336139
[MO866] Iteration,0,4,35.589720,6.317131
[MO866] Iteration,0,5,41.733112,6.143347
[MO866] Iteration,0,6,47.996686,6.263531
[MO866] Iteration,0,7,54.094378,6.097661
[MO866] Iteration,0,8,60.318443,6.224020
[MO866] Iteration,0,9,66.388487,6.070015
[MO866] Iteration,0,10,72.535116,6.146590
[MO866] Iteration,0,11,78.607484,6.072337
[MO866] Iteration,0,12,84.761544,6.154022
[MO866] Iteration,0,13,90.931670,6.170083
[MO866] Iteration,0,14,96.904300,5.972601
[MO866] Iteration,0,15,102.969139,6.064804
[MO866] Iteration,0,16,109.007345,6.038163
[MO866] Iteration,0,17,115.100815,6.093438
[MO866] Iteration,0,18,121.081950,5.981102
[MO866] Iteration,0,19,127.082103,6.000112
 Time step   20
[MO866] Iteration,0,20,133.180513,6.098367
[MO866] Iteration,0,21,139.181755,6.001208
[MO866] Iteration,0,22,145.211375,6.029585
[MO866] Iteration,0,23,151.176680,5.965273
[MO866] Iteration,0,24,157.149978,5.973258
[MO866] Iteration,0,25,163.193156,6.043133
[MO866] Iteration,0,26,169.200535,6.007343
[MO866] Iteration,0,27,175.279062,6.078495
[MO866] Iteration,0,28,181.286725,6.007631
[MO866] Iteration,0,29,187.257508,5.970749
[MO866] Iteration,0,30,193.228809,5.971260
[MO866] Iteration,0,31,199.261534,6.032681
[MO866] Iteration,0,32,205.265924,6.004354
[MO866] Iteration,0,33,211.270216,6.004258
[MO866] Iteration,0,34,217.289686,6.019434
[MO866] Iteration,0,35,223.279804,5.990083
[MO866] Iteration,0,36,229.249066,5.969231
[MO866] Iteration,0,37,235.239262,5.990157
[MO866] Iteration,0,38,241.296573,6.057273
[MO866] Iteration,0,39,247.296636,6.000030
 Time step   40
[MO866] Iteration,0,40,253.300100,6.003431
[MO866] Iteration,0,41,259.304146,6.004015
[MO866] Iteration,0,42,265.322835,6.018657
[MO866] Iteration,0,43,271.325208,6.002341
[MO866] Iteration,0,44,277.295299,5.970055
[MO866] Iteration,0,45,283.235575,5.940240
[MO866] Iteration,0,46,289.208481,5.972874
[MO866] Iteration,0,47,295.284636,6.076114
[MO866] Iteration,0,48,301.225066,5.940397
[MO866] Iteration,0,49,307.228720,6.003621
[MO866] Iteration,0,50,313.235350,6.006598
[MO866] Iteration,0,51,319.288619,6.053238
[MO866] Iteration,0,52,325.237423,5.948775
[MO866] Iteration,0,53,331.203572,5.966116
[MO866] Iteration,0,54,337.215366,6.011764
[MO866] Iteration,0,55,343.155159,5.939756
[MO866] Iteration,0,56,349.119284,5.964093
[MO866] Iteration,0,57,355.191701,6.072378
[MO866] Iteration,0,58,361.128091,5.936360
[MO866] Iteration,0,59,367.150210,6.022088
 Time step   60
[MO866] Iteration,0,60,373.151597,6.001352
[MO866] Iteration,0,61,379.086784,5.935157
[MO866] Iteration,0,62,385.084429,5.997612
[MO866] Iteration,0,63,391.100638,6.016178
[MO866] Iteration,0,64,397.072953,5.972280
[MO866] Iteration,0,65,403.012235,5.939243
[MO866] Iteration,0,66,408.966893,5.954626
[MO866] Iteration,0,67,415.037771,6.070837
[MO866] Iteration,0,68,420.974747,5.936940
[MO866] Iteration,0,69,426.978524,6.003742
[MO866] Iteration,0,70,432.977272,5.998711
[MO866] Iteration,0,71,438.907608,5.930303
[MO866] Iteration,0,72,444.908255,6.000614
[MO866] Iteration,0,73,450.887612,5.979325
[MO866] Iteration,0,74,456.863190,5.975547
[MO866] Iteration,0,75,462.803391,5.940151
[MO866] Iteration,0,76,468.765668,5.962246
[MO866] Iteration,0,77,474.830064,6.064352
[MO866] Iteration,0,78,480.766140,5.936041
[MO866] Iteration,0,79,486.767059,6.000884
 Time step   80
[MO866] Iteration,0,80,492.809504,6.042413
[MO866] Iteration,0,81,498.738055,5.928518
[MO866] Iteration,0,82,504.740710,6.002619
[MO866] Iteration,0,83,510.755254,6.014509
[MO866] Iteration,0,84,516.704714,5.949428
[MO866] Iteration,0,85,522.599045,5.894297
[MO866] Iteration,0,86,528.522759,5.923683
[MO866] Iteration,0,87,534.548814,6.026009
[MO866] Iteration,0,88,540.437976,5.889129
[MO866] Iteration,0,89,546.389652,5.951640
[MO866] Iteration,0,90,552.373991,5.984303
[MO866] Iteration,0,91,558.473970,6.099945
[MO866] Iteration,0,92,564.766322,6.292314
[MO866] Iteration,0,93,570.706527,5.940170
[MO866] Iteration,0,94,576.631185,5.924624
[MO866] Iteration,0,95,582.525725,5.894497
[MO866] Iteration,0,96,588.443281,5.917520
[MO866] Iteration,0,97,594.474326,6.031007
[MO866] Iteration,0,98,600.365597,5.891235
[MO866] Iteration,0,99,606.338749,5.973117
 Time step  100
[MO866] Iteration,0,100,612.320182,5.981396
[MO866] Iteration,0,101,618.210807,5.890592
[MO866] Iteration,0,102,624.195741,5.984897
[MO866] Iteration,0,103,630.196040,6.000266
[MO866] Iteration,0,104,636.143457,5.947385
[MO866] Iteration,0,105,642.033754,5.890266
[MO866] Iteration,0,106,647.978684,5.944891
[MO866] Iteration,0,107,653.980953,6.002206
[MO866] Iteration,0,108,659.871723,5.890737
[MO866] Iteration,0,109,665.844428,5.972674
[MO866] Iteration,0,110,671.812012,5.967551
[MO866] Iteration,0,111,677.735696,5.923653
[MO866] Iteration,0,112,683.782126,6.046398
[MO866] Iteration,0,113,689.728561,5.946399
[MO866] Iteration,0,114,695.658895,5.930302
[MO866] Iteration,0,115,701.548647,5.889715
[MO866] Iteration,0,116,707.533227,5.984542
[MO866] Iteration,0,117,713.464929,5.931657
[MO866] Iteration,0,118,719.428808,5.963845
[MO866] Iteration,0,119,725.394374,5.965534
 Time step  120
[MO866] Iteration,0,120,731.378830,5.984421
[MO866] Iteration,0,121,737.285963,5.907094
[MO866] Iteration,0,122,743.249897,5.963897
[MO866] Iteration,0,123,749.186707,5.936775
[MO866] Iteration,0,124,755.114656,5.927912
[MO866] Iteration,0,125,761.004366,5.889663
[MO866] Iteration,0,126,766.899488,5.895083
[MO866] Iteration,0,127,772.776003,5.876474
[MO866] Iteration,0,128,778.759451,5.983415
[MO866] Iteration,0,129,784.653538,5.894056
[MO866] Iteration,0,130,790.486146,5.832573
[MO866] Iteration,0,131,796.401549,5.915368
[MO866] Iteration,0,132,802.339879,5.938294
[MO866] Iteration,0,133,808.254575,5.914665
[MO866] Iteration,0,134,814.122442,5.867837
[MO866] Iteration,0,135,819.955807,5.833328
[MO866] Iteration,0,136,825.889499,5.933655
[MO866] Iteration,0,137,831.764639,5.875097
[MO866] Iteration,0,138,837.667478,5.902806
[MO866] Iteration,0,139,843.594462,5.926952
 Time step  140
[MO866] Iteration,0,140,849.448905,5.854407
[MO866] Iteration,0,141,855.415246,5.966307
[MO866] Iteration,0,142,861.369697,5.954419
[MO866] Iteration,0,143,867.275084,5.905351
[MO866] Iteration,0,144,873.174412,5.899297
[MO866] Iteration,0,145,879.074951,5.900504
[MO866] Iteration,0,146,884.934093,5.859102
[MO866] Iteration,0,147,890.841417,5.907289
[MO866] Iteration,0,148,896.824888,5.983429
[MO866] Iteration,0,149,902.719116,5.894194
[MO866] Iteration,0,150,908.666679,5.947531
[MO866] Iteration,0,151,914.568191,5.901459
[MO866] Iteration,0,152,920.471549,5.903327
[MO866] Iteration,0,153,926.307639,5.836058
[MO866] Iteration,0,154,932.259902,5.952231
[MO866] Iteration,0,155,938.127367,5.867434
[MO866] Iteration,0,156,943.964763,5.837357
[MO866] Iteration,0,157,949.837674,5.872878
[MO866] Iteration,0,158,956.219242,6.381524
[MO866] Iteration,0,159,962.122927,5.903651
 Time step  160
[MO866] Iteration,0,160,968.024566,5.901603
[MO866] Iteration,0,161,973.926642,5.902042
[MO866] Iteration,0,162,979.800497,5.873823
[MO866] Iteration,0,163,985.676855,5.876328
[MO866] Iteration,0,164,991.636175,5.959286
[MO866] Iteration,0,165,997.502674,5.866468
[MO866] Iteration,0,166,1003.403096,5.900366
[MO866] Iteration,0,167,1009.264013,5.860885
[MO866] Iteration,0,168,1015.250162,5.986108
[MO866] Iteration,0,169,1021.086275,5.836077
[MO866] Iteration,0,170,1026.987340,5.901030
[MO866] Iteration,0,171,1032.920537,5.933165
[MO866] Iteration,0,172,1038.757386,5.836817
[MO866] Iteration,0,173,1044.692754,5.935332
[MO866] Iteration,0,174,1050.656051,5.963264
[MO866] Iteration,0,175,1056.558626,5.902544
[MO866] Iteration,0,176,1062.416719,5.858057
[MO866] Iteration,0,177,1068.290582,5.873825
[MO866] Iteration,0,178,1074.275372,5.984744
[MO866] Iteration,0,179,1080.154215,5.878812
 Time step  180
[MO866] Iteration,0,180,1086.143722,5.989471
[MO866] Iteration,0,181,1092.099605,5.955851
[MO866] Iteration,0,182,1097.936342,5.836710
[MO866] Iteration,0,183,1103.841159,5.904785
[MO866] Iteration,0,184,1109.759535,5.918343
[MO866] Iteration,0,185,1115.689225,5.929657
[MO866] Iteration,0,186,1121.568454,5.879195
[MO866] Iteration,0,187,1127.545684,5.977190
[MO866] Iteration,0,188,1133.434042,5.888313
[MO866] Iteration,0,189,1139.337538,5.903461
[MO866] Iteration,0,190,1145.252334,5.914760
[MO866] Iteration,0,191,1151.087419,5.835052
[MO866] Iteration,0,192,1156.991624,5.904174
[MO866] Iteration,0,193,1162.938126,5.946470
[MO866] Iteration,0,194,1168.808916,5.870754
[MO866] Iteration,0,195,1174.765630,5.956683
[MO866] Iteration,0,196,1180.601618,5.835953
[MO866] Iteration,0,197,1186.466320,5.864661
[MO866] Iteration,0,198,1192.348363,5.882002
[MO866] Iteration,0,199,1198.331841,5.983446
 Time step  200
[MO866] Iteration,0,200,1204.253880,5.922008
 Verification being performed for class C
 accuracy setting for epsilon =  0.1000000000000E-07
 Comparison of RMS-norms of residual
           1 0.6239811655176E+04 0.6239811655176E+04 0.5247243197904E-14
           2 0.5079323919042E+03 0.5079323919042E+03 0.1141496155043E-13
           3 0.1542353009301E+04 0.1542353009301E+04 0.5690411870162E-13
           4 0.1330238792929E+04 0.1330238792929E+04 0.5982443665614E-14
           5 0.1160408742844E+05 0.1160408742844E+05 0.1097279377060E-14
 Comparison of RMS-norms of solution error
           1 0.1646200836909E+03 0.1646200836909E+03 0.1191287178775E-13
           2 0.1149710790382E+02 0.1149710790382E+02 0.2549327021655E-13
           3 0.4120744620746E+02 0.4120744620746E+02 0.8104241260813E-14
           4 0.3708765105969E+02 0.3708765105969E+02 0.1915847230703E-13
           5 0.3621105305184E+03 0.3621105305184E+03 0.3045374914452E-13
 Verification Successful


 BT Benchmark Completed.
 Class           =                        C
 Size            =            162x 162x 162
 Iterations      =                      200
 Time in seconds =                  1194.09
 Total processes =                        2
 Active procs    =                        1
 Mop/s total     =                  2400.39
 Mop/s/process   =                  1200.19
 Operation type  =           floating point
 Verification    =               SUCCESSFUL
 Version         =                      3.4
 Compile date    =              15 Jun 2020

 Compile options:
    MPIFC        = mpif90
    FLINK        = $(MPIFC)
    FMPI_LIB     = (none)
    FMPI_INC     = (none)
    FFLAGS       = -O3
    FLINKFLAGS   = $(FFLAGS) -O ../kernel_stats/kernel_stats.o...
    RAND         = (none)


 Please send feedbacks and/or the results of this run to:

 NPB Development Team 
 Internet: npb@nas.nasa.gov


[MO866] PI avg,0,5.970417,200
[MO866] Beta,0,0.000588
[MO866] Total time,0,1204.956358
