--------------------------------------------------------------------------
[[60528,1],0]: A high-performance Open MPI point-to-point messaging module
was unable to find any relevant network interfaces:

Module: OpenFabrics (openib)
  Host: node06

Another transport will be used instead, although this may result in
lower performance.

NOTE: You can disable this warning by setting the MCA parameter
btl_base_warn_component_unused to 0.
--------------------------------------------------------------------------
aquiii
[MO866] Init time,0,9.851560
[MO866] Iteration,0,1,15.974062,6.122484
[MO866] Iteration,0,2,22.148285,6.174198
[MO866] Iteration,0,3,28.346528,6.198219
[MO866] Iteration,0,4,34.398329,6.051778
[MO866] Iteration,0,5,40.392569,5.994217
[MO866] Iteration,0,6,46.313917,5.921328
[MO866] Iteration,0,7,52.278217,5.964277
[MO866] Iteration,0,8,58.095637,5.817407
[MO866] Iteration,0,9,64.682694,6.587033
[MO866] Iteration,0,10,71.061663,6.378954
[MO866] Iteration,0,11,77.120987,6.059311
[MO866] Iteration,0,12,83.288257,6.167243
[MO866] Iteration,0,13,89.180188,5.891917
[MO866] Iteration,0,14,94.992192,5.811991
[MO866] Iteration,0,15,100.783803,5.791595
[MO866] Iteration,0,16,106.595634,5.811807
[MO866] Iteration,0,17,112.367262,5.771605
[MO866] Iteration,0,18,118.251849,5.884573
[MO866] Iteration,0,19,124.122957,5.871094
[MO866] Iteration,0,20,129.897472,5.774501
[MO866] Iteration,0,21,135.739427,5.841934
[MO866] Iteration,0,22,141.551095,5.811645
[MO866] Iteration,0,23,147.591857,6.040748
[MO866] Iteration,0,24,154.408718,6.816846
[MO866] Iteration,0,25,160.267796,5.859065
[MO866] Iteration,0,26,166.075759,5.807949
[MO866] Iteration,0,27,171.892784,5.817004
[MO866] Iteration,0,28,177.677872,5.785074
[MO866] Iteration,0,29,183.450991,5.773098
[MO866] Iteration,0,30,189.220677,5.769672
[MO866] Iteration,0,31,195.017932,5.797243
[MO866] Iteration,0,32,200.744756,5.726812
[MO866] Iteration,0,33,206.516418,5.771649
[MO866] Iteration,0,34,212.262851,5.746419
[MO866] Iteration,0,35,218.005438,5.742565
[MO866] Iteration,0,36,223.721255,5.715797
[MO866] Iteration,0,37,229.515702,5.794434
[MO866] Iteration,0,38,235.324600,5.808874
[MO866] Iteration,0,39,241.237481,5.912867
[MO866] Iteration,0,40,247.088223,5.850729
[MO866] Iteration,0,41,252.864782,5.776546
[MO866] Iteration,0,42,259.821490,6.956695
[MO866] Iteration,0,43,265.536730,5.715225
[MO866] Iteration,0,44,271.287694,5.750950
[MO866] Iteration,0,45,277.098428,5.810721
[MO866] Iteration,0,46,282.823914,5.725465
[MO866] Iteration,0,47,288.612999,5.789072
[MO866] Iteration,0,48,294.473164,5.860144
[MO866] Iteration,0,49,300.205992,5.732814
[MO866] Iteration,0,50,305.998360,5.792355
[MO866] Iteration,0,51,311.827629,5.829255
[MO866] Iteration,0,52,317.560602,5.732960
[MO866] Iteration,0,53,323.378694,5.818079
[MO866] Iteration,0,54,329.167572,5.788865
[MO866] Iteration,0,55,334.911058,5.743470
[MO866] Iteration,0,56,340.622400,5.711332
[MO866] Iteration,0,57,346.388783,5.766362
[MO866] Iteration,0,58,352.134167,5.745362
[MO866] Iteration,0,59,357.910289,5.776110
[MO866] Iteration,0,60,363.692103,5.781800
[MO866] Iteration,0,61,369.403397,5.711280
[MO866] Iteration,0,62,375.686495,6.283085
[MO866] Iteration,0,63,381.478860,5.792352
[MO866] Iteration,0,64,387.197830,5.718956
[MO866] Iteration,0,65,392.992982,5.795139
[MO866] Iteration,0,66,398.865435,5.872440
[MO866] Iteration,0,67,405.771811,6.906353
[MO866] Iteration,0,68,411.525541,5.753707
[MO866] Iteration,0,69,417.299002,5.773447
[MO866] Iteration,0,70,423.705885,6.406870
[MO866] Iteration,0,71,429.417997,5.712099
[MO866] Iteration,0,72,435.217176,5.799165
[MO866] Iteration,0,73,441.047633,5.830443
[MO866] Iteration,0,74,446.760685,5.713039
[MO866] Iteration,0,75,452.534939,5.774234
[MO866] Iteration,0,76,458.280659,5.745707
[MO866] Iteration,0,77,464.201692,5.921012
[MO866] Iteration,0,78,470.010682,5.808976
[MO866] Iteration,0,79,475.885070,5.874364
[MO866] Iteration,0,80,481.779593,5.894510
[MO866] Iteration,0,81,487.510042,5.730435
[MO866] Iteration,0,82,493.329275,5.819220
[MO866] Iteration,0,83,499.120503,5.791215
[MO866] Iteration,0,84,505.165335,6.044818
[MO866] Iteration,0,85,511.121232,5.955882
[MO866] Iteration,0,86,516.871520,5.750275
[MO866] Iteration,0,87,522.597007,5.725466
[MO866] Iteration,0,88,528.465176,5.868156
[MO866] Iteration,0,89,534.638835,6.173636
[MO866] Iteration,0,90,540.352535,5.713687
[MO866] Iteration,0,91,546.139996,5.787448
[MO866] Iteration,0,92,551.951649,5.811639
[MO866] Iteration,0,93,557.663764,5.712101
[MO866] Iteration,0,94,563.463105,5.799328
[MO866] Iteration,0,95,570.303179,6.840052
[MO866] Iteration,0,96,576.157579,5.854386
[MO866] Iteration,0,97,581.884202,5.726598
[MO866] Iteration,0,98,587.640568,5.756352
[MO866] Iteration,0,99,593.486219,5.845629
[MO866] Iteration,0,100,599.206963,5.720731
[MO866] Iteration,0,101,604.984054,5.777077
[MO866] Iteration,0,102,610.762968,5.778901
[MO866] Iteration,0,103,616.537649,5.774667
[MO866] Iteration,0,104,622.355575,5.817913
[MO866] Iteration,0,105,628.645840,6.290252
[MO866] Iteration,0,106,634.440362,5.794508
[MO866] Iteration,0,107,640.152245,5.711850
[MO866] Iteration,0,108,645.903442,5.751176
[MO866] Iteration,0,109,651.671295,5.767831
[MO866] Iteration,0,110,658.020972,6.349663
[MO866] Iteration,0,111,664.154121,6.133136
[MO866] Iteration,0,112,669.908210,5.754073
[MO866] Iteration,0,113,676.707802,6.799579
[MO866] Iteration,0,114,683.194212,6.486386
[MO866] Iteration,0,115,689.469876,6.275639
[MO866] Iteration,0,116,695.613528,6.143626
[MO866] Iteration,0,117,701.692401,6.078847
[MO866] Iteration,0,118,707.777167,6.084740
[MO866] Iteration,0,119,713.658090,5.880910
[MO866] Iteration,0,120,719.690612,6.032497
[MO866] Iteration,0,121,725.525597,5.834971
[MO866] Iteration,0,122,731.554047,6.028427
[MO866] Iteration,0,123,737.440296,5.886235
[MO866] Iteration,0,124,743.312161,5.871845
[MO866] Iteration,0,125,749.220030,5.907846
[MO866] Iteration,0,126,755.214906,5.994862
[MO866] Iteration,0,127,761.019278,5.804358
[MO866] Iteration,0,128,766.937561,5.918262
[MO866] Iteration,0,129,773.778563,6.840982
[MO866] Iteration,0,130,779.772028,5.993450
[MO866] Iteration,0,131,786.020088,6.248046
[MO866] Iteration,0,132,791.830695,5.810586
[MO866] Iteration,0,133,797.673768,5.843051
[MO866] Iteration,0,134,803.478215,5.804434
[MO866] Iteration,0,135,809.354320,5.876083
[MO866] Iteration,0,136,815.155012,5.800679
[MO866] Iteration,0,137,820.926013,5.770987
[MO866] Iteration,0,138,826.717927,5.791893
[MO866] Iteration,0,139,832.582915,5.864965
