--------------------------------------------------------------------------
[[59790,1],0]: A high-performance Open MPI point-to-point messaging module
was unable to find any relevant network interfaces:

Module: OpenFabrics (openib)
  Host: node06

Another transport will be used instead, although this may result in
lower performance.

NOTE: You can disable this warning by setting the MCA parameter
btl_base_warn_component_unused to 0.
--------------------------------------------------------------------------


 NAS Parallel Benchmarks 3.4 -- CG Benchmark

 Size:      75000  (class B)
 Iterations:    75
 Number of processes:     4
 Number of nonzeroes per row:       13
 Eigenvalue shift:    60.000
[MO866] Init time,1,0.899913
[MO866] Init time,2,0.896971
[MO866] Init time,3,0.895372
[MO866] Init time,0,0.901478
[MO866] Iteration,3,1,1.294646,0.399216
[MO866] Iteration,1,1,1.299195,0.399224
[MO866] Iteration,2,1,1.296246,0.399243

   iteration           ||r||                 zeta
        1       0.22570593804977E-12    59.9994751578754
[MO866] Iteration,0,1,1.300858,0.399348
[MO866] Iteration,2,2,1.681422,0.385151
[MO866] Iteration,3,2,1.679821,0.385127
[MO866] Iteration,1,2,1.684365,0.385130
        2       0.87940525110205E-15    21.7627846142534
[MO866] Iteration,0,2,1.685976,0.385108
[MO866] Iteration,1,3,2.069556,0.385169
[MO866] Iteration,2,3,2.066608,0.385164
[MO866] Iteration,3,3,2.065009,0.385163
        3       0.91437860021792E-15    22.2876617043224
[MO866] Iteration,0,3,2.071172,0.385187
[MO866] Iteration,3,4,2.446715,0.381671
[MO866] Iteration,1,4,2.451267,0.381682
[MO866] Iteration,2,4,2.448316,0.381687
        4       0.94070151553213E-15    22.5230738188351
[MO866] Iteration,0,4,2.452892,0.381710
[MO866] Iteration,2,5,2.830859,0.382512
[MO866] Iteration,3,5,2.829258,0.382485
[MO866] Iteration,1,5,2.833806,0.382492
        5       0.95061921543782E-15    22.6275390653894
[MO866] Iteration,0,5,2.835439,0.382539
[MO866] Iteration,1,6,3.215121,0.381293
[MO866] Iteration,2,6,3.212170,0.381289
[MO866] Iteration,3,6,3.210569,0.381282
        6       0.95020110557135E-15    22.6740259189539
[MO866] Iteration,0,6,3.216735,0.381285
[MO866] Iteration,3,7,3.595582,0.384985
[MO866] Iteration,1,7,3.600130,0.384992
[MO866] Iteration,2,7,3.597183,0.384991
        7       0.96182780922821E-15    22.6949056826254
[MO866] Iteration,0,7,3.601750,0.385005
[MO866] Iteration,2,8,3.978514,0.381298
[MO866] Iteration,3,8,3.976914,0.381298
[MO866] Iteration,1,8,3.981457,0.381300
        8       0.95596074233319E-15    22.7044023166870
[MO866] Iteration,0,8,3.983078,0.381316
[MO866] Iteration,2,9,4.373075,0.394541
[MO866] Iteration,3,9,4.371474,0.394523
[MO866] Iteration,1,9,4.376129,0.394637
        9       0.95970296822520E-15    22.7087834345616
[MO866] Iteration,0,9,4.377726,0.394640
[MO866] Iteration,1,10,4.757568,0.381419
       10       0.96585915228054E-15    22.7108351397173
[MO866] Iteration,0,10,4.759195,0.381462
[MO866] Iteration,3,10,4.753114,0.381580
[MO866] Iteration,2,10,4.754714,0.381615
       11       0.96181371319440E-15    22.7118107121338
[MO866] Iteration,0,11,5.140527,0.381322
[MO866] Iteration,1,11,5.138912,0.381317
[MO866] Iteration,3,11,5.134361,0.381232
[MO866] Iteration,2,11,5.135961,0.381225
[MO866] Iteration,3,12,5.516326,0.381938
       12       0.96172939735102E-15    22.7122816240974
[MO866] Iteration,0,12,5.522490,0.381955
[MO866] Iteration,1,12,5.520875,0.381947
[MO866] Iteration,2,12,5.517927,0.381943
[MO866] Iteration,1,13,5.902774,0.381860
[MO866] Iteration,3,13,5.898223,0.381850
       13       0.96249111012209E-15    22.7125122663251
[MO866] Iteration,0,13,5.904403,0.381904
[MO866] Iteration,2,13,5.899823,0.381877
       14       0.95484515346749E-15    22.7126268007600
[MO866] Iteration,0,14,6.289677,0.385265
[MO866] Iteration,1,14,6.288064,0.385273
[MO866] Iteration,3,14,6.283493,0.385243
[MO866] Iteration,2,14,6.285093,0.385247
[MO866] Iteration,3,15,6.664868,0.381324
       15       0.95859112595530E-15    22.7126844161815
[MO866] Iteration,0,15,6.671049,0.381363
[MO866] Iteration,1,15,6.669419,0.381313
[MO866] Iteration,2,15,6.666469,0.381324
[MO866] Iteration,1,16,7.050712,0.381276
[MO866] Iteration,3,16,7.046166,0.381271
       16       0.95944617919119E-15    22.7127137461757
[MO866] Iteration,0,16,7.052330,0.381272
[MO866] Iteration,2,16,7.047767,0.381275
       17       0.95550237102011E-15    22.7127288401998
[MO866] Iteration,0,17,7.434328,0.381991
[MO866] Iteration,1,17,7.432690,0.381948
[MO866] Iteration,2,17,7.429835,0.382048
[MO866] Iteration,3,17,7.428235,0.382034
[MO866] Iteration,1,18,7.814237,0.381519
       18       0.95635771795123E-15    22.7127366848299
[MO866] Iteration,0,18,7.815867,0.381529
[MO866] Iteration,2,18,7.811290,0.381437
[MO866] Iteration,3,18,7.809688,0.381437
[MO866] Iteration,2,19,8.192530,0.381220
[MO866] Iteration,1,19,8.195472,0.381216
       19       0.95917386303274E-15    22.7127407981220
[MO866] Iteration,0,19,8.197093,0.381217
[MO866] Iteration,3,19,8.190929,0.381214
       20       0.95268979542345E-15    22.7127429721363
[MO866] Iteration,0,20,8.579140,0.382038
[MO866] Iteration,2,20,8.574564,0.382013
[MO866] Iteration,1,20,8.577505,0.381988
[MO866] Iteration,3,20,8.572963,0.381987
[MO866] Iteration,1,21,8.959334,0.381804
       21       0.95810825900668E-15    22.7127441294025
[MO866] Iteration,0,21,8.960949,0.381799
[MO866] Iteration,2,21,8.956384,0.381801
[MO866] Iteration,3,21,8.954783,0.381794
[MO866] Iteration,2,22,9.344916,0.388510
[MO866] Iteration,1,22,9.347862,0.388489
       22       0.95400990447020E-15    22.7127447493899
[MO866] Iteration,0,22,9.349489,0.388528
[MO866] Iteration,3,22,9.343315,0.388483
       23       0.95367097788352E-15    22.7127450834529
[MO866] Iteration,0,23,9.730764,0.381262
[MO866] Iteration,2,23,9.726202,0.381256
[MO866] Iteration,1,23,9.729143,0.381255
[MO866] Iteration,3,23,9.724601,0.381254
[MO866] Iteration,1,24,10.110504,0.381315
       24       0.95960112286270E-15    22.7127452643880
[MO866] Iteration,0,24,10.112136,0.381364
[MO866] Iteration,2,24,10.107559,0.381338
[MO866] Iteration,3,24,10.105958,0.381309
[MO866] Iteration,2,25,10.502449,0.394869
       25       0.95521595160553E-15    22.7127453628459
[MO866] Iteration,0,25,10.507089,0.394943
[MO866] Iteration,3,25,10.500848,0.394863
[MO866] Iteration,1,25,10.505493,0.394967
       26       0.95199057443662E-15    22.7127454166512
[MO866] Iteration,0,26,10.888397,0.381300
[MO866] Iteration,3,26,10.882230,0.381329
[MO866] Iteration,2,26,10.883830,0.381354
[MO866] Iteration,1,26,10.886783,0.381270
       27       0.95208372247816E-15    22.7127454461693
[MO866] Iteration,0,27,11.269890,0.381486
[MO866] Iteration,1,27,11.268274,0.381476
[MO866] Iteration,2,27,11.265419,0.381565
[MO866] Iteration,3,27,11.263819,0.381562
[MO866] Iteration,1,28,11.650485,0.382183
       28       0.95289804858272E-15    22.7127454624206
[MO866] Iteration,0,28,11.652120,0.382220
[MO866] Iteration,2,28,11.647540,0.382099
[MO866] Iteration,3,28,11.645939,0.382104
[MO866] Iteration,2,29,12.029265,0.381703
[MO866] Iteration,1,29,12.032210,0.381701
       29       0.96058618286659E-15    22.7127454713970
[MO866] Iteration,0,29,12.033818,0.381688
[MO866] Iteration,3,29,12.027663,0.381695
       30       0.95022456844079E-15    22.7127454763706
[MO866] Iteration,0,30,12.415008,0.381184
[MO866] Iteration,2,30,12.410430,0.381143
[MO866] Iteration,1,30,12.413375,0.381144
[MO866] Iteration,3,30,12.408829,0.381139
[MO866] Iteration,1,31,12.794723,0.381327
       31       0.95077106519748E-15    22.7127454791340
[MO866] Iteration,0,31,12.796339,0.381321
[MO866] Iteration,2,31,12.791774,0.381323
[MO866] Iteration,3,31,12.790173,0.381318
[MO866] Iteration,2,32,13.179366,0.387570
[MO866] Iteration,1,32,13.182314,0.387551
       32       0.95572706699156E-15    22.7127454806733
[MO866] Iteration,0,32,13.183956,0.387605
[MO866] Iteration,3,32,13.177765,0.387543
       33       0.95798346533471E-15    22.7127454815324
[MO866] Iteration,0,33,13.565526,0.381559
[MO866] Iteration,2,33,13.560961,0.381563
[MO866] Iteration,1,33,13.563910,0.381571
[MO866] Iteration,3,33,13.559360,0.381562
[MO866] Iteration,1,34,13.945232,0.381303
       34       0.95271350739035E-15    22.7127454820135
[MO866] Iteration,0,34,13.946849,0.381314
[MO866] Iteration,2,34,13.942285,0.381302
[MO866] Iteration,3,34,13.940684,0.381296
[MO866] Iteration,2,35,14.323728,0.381421
[MO866] Iteration,1,35,14.326678,0.381426
       35       0.95966736799946E-15    22.7127454822838
[MO866] Iteration,0,35,14.328292,0.381435
[MO866] Iteration,3,35,14.322128,0.381417
       36       0.95214511214537E-15    22.7127454824349
[MO866] Iteration,0,36,14.710088,0.381788
[MO866] Iteration,2,36,14.705524,0.381774
[MO866] Iteration,1,36,14.708468,0.381737
[MO866] Iteration,3,36,14.703920,0.381765
[MO866] Iteration,1,37,15.089938,0.381449
       37       0.95219895853123E-15    22.7127454825207
[MO866] Iteration,0,37,15.091565,0.381466
[MO866] Iteration,3,37,15.085488,0.381540
[MO866] Iteration,2,37,15.087089,0.381543
       38       0.95369753117332E-15    22.7127454825686
[MO866] Iteration,0,38,15.473311,0.381736
[MO866] Iteration,1,38,15.471696,0.381708
[MO866] Iteration,3,38,15.467144,0.381640
[MO866] Iteration,2,38,15.468746,0.381636
[MO866] Iteration,3,39,15.848508,0.381335
       39       0.94964050811770E-15    22.7127454825961
[MO866] Iteration,0,39,15.854678,0.381358
[MO866] Iteration,1,39,15.853049,0.381335
[MO866] Iteration,2,39,15.850109,0.381340
[MO866] Iteration,1,40,16.234378,0.381302
[MO866] Iteration,3,40,16.229832,0.381297
       40       0.95696543704420E-15    22.7127454826112
[MO866] Iteration,0,40,16.235997,0.381310
[MO866] Iteration,2,40,16.231433,0.381305
       41       0.95376037875561E-15    22.7127454826204
[MO866] Iteration,0,41,16.617430,0.381426
[MO866] Iteration,1,41,16.615796,0.381385
[MO866] Iteration,3,41,16.611252,0.381382
[MO866] Iteration,2,41,16.612853,0.381399
[MO866] Iteration,3,42,16.992630,0.381351
       42       0.94856994338489E-15    22.7127454826251
[MO866] Iteration,0,42,16.998794,0.381353
[MO866] Iteration,1,42,16.997173,0.381353
[MO866] Iteration,2,42,16.994231,0.381357
[MO866] Iteration,1,43,17.378529,0.381309
[MO866] Iteration,3,43,17.373977,0.381298
       43       0.94774927836675E-15    22.7127454826279
[MO866] Iteration,0,43,17.380143,0.381341
[MO866] Iteration,2,43,17.375578,0.381327
       44       0.95322702009650E-15    22.7127454826297
[MO866] Iteration,0,44,17.769093,0.388943
[MO866] Iteration,1,44,17.767464,0.388919
[MO866] Iteration,3,44,17.762917,0.388913
[MO866] Iteration,2,44,17.764518,0.388918
[MO866] Iteration,3,45,18.144144,0.381193
       45       0.94561234382944E-15    22.7127454826306
[MO866] Iteration,0,45,18.150322,0.381216
[MO866] Iteration,1,45,18.148686,0.381195
[MO866] Iteration,2,45,18.145745,0.381195
[MO866] Iteration,1,46,18.530021,0.381309
[MO866] Iteration,3,46,18.525473,0.381302
       46       0.94572166965919E-15    22.7127454826308
[MO866] Iteration,0,46,18.531638,0.381307
[MO866] Iteration,2,46,18.527074,0.381309
       47       0.94743401855688E-15    22.7127454826314
[MO866] Iteration,0,47,18.912961,0.381315
[MO866] Iteration,1,47,18.911328,0.381266
[MO866] Iteration,3,47,18.906782,0.381261
[MO866] Iteration,2,47,18.908383,0.381287
[MO866] Iteration,3,48,19.288265,0.381456
       48       0.95470023852757E-15    22.7127454826317
[MO866] Iteration,0,48,19.294432,0.381462
[MO866] Iteration,1,48,19.292816,0.381466
[MO866] Iteration,2,48,19.289866,0.381461
[MO866] Iteration,1,49,19.674465,0.381609
[MO866] Iteration,3,49,19.669916,0.381601
       49       0.94814538028166E-15    22.7127454826316
[MO866] Iteration,0,49,19.676081,0.381639
[MO866] Iteration,2,49,19.671517,0.381629
       50       0.95278188926363E-15    22.7127454826317
[MO866] Iteration,0,50,20.057358,0.381268
[MO866] Iteration,1,50,20.055741,0.381233
[MO866] Iteration,3,50,20.051192,0.381225
[MO866] Iteration,2,50,20.052793,0.381254
       51       0.93906249089969E-15    22.7127454826316
[MO866] Iteration,0,51,20.438768,0.381402
[MO866] Iteration,1,51,20.437140,0.381358
[MO866] Iteration,3,51,20.432690,0.381448
[MO866] Iteration,2,51,20.434289,0.381474
[MO866] Iteration,1,52,20.821290,0.384122
[MO866] Iteration,3,52,20.816743,0.384038
       52       0.94593608316941E-15    22.7127454826318
[MO866] Iteration,0,52,20.822909,0.384132
[MO866] Iteration,2,52,20.818343,0.384033
       53       0.94536563439030E-15    22.7127454826321
[MO866] Iteration,0,53,21.208263,0.385343
[MO866] Iteration,1,53,21.206650,0.385328
[MO866] Iteration,3,53,21.202098,0.385317
[MO866] Iteration,2,53,21.203698,0.385333
[MO866] Iteration,3,54,21.587338,0.385214
       54       0.94301147556588E-15    22.7127454826314
[MO866] Iteration,0,54,21.593502,0.385228
[MO866] Iteration,1,54,21.591886,0.385221
[MO866] Iteration,2,54,21.588938,0.385218
[MO866] Iteration,1,55,21.973419,0.381514
[MO866] Iteration,3,55,21.968871,0.381507
       55       0.94391408425065E-15    22.7127454826321
[MO866] Iteration,0,55,21.975050,0.381539
[MO866] Iteration,2,55,21.970472,0.381513
[MO866] Iteration,3,56,22.363713,0.394815
[MO866] Iteration,2,56,22.365315,0.394822
       56       0.94869352818107E-15    22.7127454826319
[MO866] Iteration,0,56,22.369938,0.394879
[MO866] Iteration,1,56,22.368343,0.394903
[MO866] Iteration,2,57,22.746621,0.381281
       57       0.94518980855149E-15    22.7127454826316
[MO866] Iteration,0,57,22.751185,0.381239
[MO866] Iteration,3,57,22.745020,0.381263
[MO866] Iteration,1,57,22.749571,0.381205
[MO866] Iteration,3,58,23.133000,0.387943
[MO866] Iteration,2,58,23.134601,0.387958
       58       0.94677650992421E-15    22.7127454826317
[MO866] Iteration,0,58,23.139185,0.387992
[MO866] Iteration,1,58,23.137546,0.387948
       59       0.94314336544113E-15    22.7127454826315
[MO866] Iteration,0,59,23.520894,0.381696
[MO866] Iteration,3,59,23.514729,0.381697
[MO866] Iteration,2,59,23.516330,0.381699
[MO866] Iteration,1,59,23.519273,0.381700
[MO866] Iteration,2,60,23.898484,0.382133
       60       0.94519474120339E-15    22.7127454826318
[MO866] Iteration,0,60,23.903061,0.382158
[MO866] Iteration,3,60,23.896883,0.382103
[MO866] Iteration,1,60,23.901424,0.382103
[MO866] Iteration,3,61,24.278493,0.381584
[MO866] Iteration,2,61,24.280093,0.381590
       61       0.94509501711820E-15    22.7127454826316
[MO866] Iteration,0,61,24.284655,0.381585
[MO866] Iteration,1,61,24.283043,0.381593
       62       0.94461340801117E-15    22.7127454826318
[MO866] Iteration,0,62,24.666175,0.381512
[MO866] Iteration,3,62,24.660009,0.381480
[MO866] Iteration,2,62,24.661610,0.381497
[MO866] Iteration,1,62,24.664556,0.381487
[MO866] Iteration,2,63,25.043000,0.381368
       63       0.94013663361090E-15    22.7127454826314
[MO866] Iteration,0,63,25.047579,0.381393
[MO866] Iteration,3,63,25.041399,0.381364
[MO866] Iteration,1,63,25.045946,0.381370
[MO866] Iteration,3,64,25.423275,0.381849
[MO866] Iteration,2,64,25.424876,0.381854
       64       0.94132294235102E-15    22.7127454826317
[MO866] Iteration,0,64,25.429443,0.381855
[MO866] Iteration,1,64,25.427830,0.381863
       65       0.94378983001658E-15    22.7127454826315
[MO866] Iteration,0,65,25.810818,0.381368
[MO866] Iteration,3,65,25.804638,0.381335
[MO866] Iteration,2,65,25.806239,0.381339
[MO866] Iteration,1,65,25.809191,0.381347
       66       0.93645785275287E-15    22.7127454826315
[MO866] Iteration,0,66,26.192316,0.381489
[MO866] Iteration,3,66,26.186234,0.381569
[MO866] Iteration,1,66,26.190691,0.381485
[MO866] Iteration,2,66,26.187834,0.381572
[MO866] Iteration,1,67,26.572182,0.381442
[MO866] Iteration,3,67,26.567637,0.381387
       67       0.94422938369344E-15    22.7127454826317
[MO866] Iteration,0,67,26.573794,0.381468
[MO866] Iteration,2,67,26.569239,0.381383
       68       0.93511738849518E-15    22.7127454826318
[MO866] Iteration,0,68,26.955988,0.382184
[MO866] Iteration,1,68,26.954357,0.382152
[MO866] Iteration,3,68,26.949811,0.382147
[MO866] Iteration,2,68,26.951412,0.382152
[MO866] Iteration,3,69,27.331484,0.381646
       69       0.93930873309396E-15    22.7127454826318
[MO866] Iteration,0,69,27.337655,0.381658
[MO866] Iteration,1,69,27.336032,0.381653
[MO866] Iteration,2,69,27.333092,0.381659
[MO866] Iteration,1,70,27.717538,0.381468
[MO866] Iteration,3,70,27.712988,0.381459
       70       0.94927464623617E-15    22.7127454826317
[MO866] Iteration,0,70,27.719153,0.381491
[MO866] Iteration,2,70,27.714589,0.381465
       71       0.94490267389902E-15    22.7127454826315
[MO866] Iteration,0,71,28.100642,0.381481
[MO866] Iteration,1,71,28.099005,0.381449
[MO866] Iteration,3,71,28.094464,0.381449
[MO866] Iteration,2,71,28.096065,0.381455
[MO866] Iteration,3,72,28.476035,0.381544
       72       0.93968703949464E-15    22.7127454826314
[MO866] Iteration,0,72,28.482210,0.381558
[MO866] Iteration,1,72,28.480580,0.381548
[MO866] Iteration,2,72,28.477636,0.381552
[MO866] Iteration,1,73,28.862058,0.381456
[MO866] Iteration,3,73,28.857511,0.381450
       73       0.93315842032367E-15    22.7127454826318
[MO866] Iteration,0,73,28.863677,0.381458
[MO866] Iteration,2,73,28.859112,0.381456
       74       0.94130325570147E-15    22.7127454826316
[MO866] Iteration,0,74,29.245086,0.381401
[MO866] Iteration,1,74,29.243459,0.381379
[MO866] Iteration,3,74,29.238908,0.381347
[MO866] Iteration,2,74,29.240509,0.381375
[MO866] Iteration,3,75,29.620286,0.381351
[MO866] PI avg,3,0.382965,75
[MO866] Beta,3,0.000004
[MO866] Total time,3,29.620390
       75       0.94220605555182E-15    22.7127454826317
[MO866] Iteration,0,75,29.626450,0.381354
[MO866] Iteration,1,75,29.624828,0.381352
[MO866] PI avg,1,0.382971,75
[MO866] Beta,1,0.000003
[MO866] Total time,1,29.624906
[MO866] Iteration,2,75,29.621886,0.381355
[MO866] PI avg,2,0.382976,75
[MO866] Beta,2,0.000003
[MO866] Total time,2,29.621974
 Benchmark completed 
 VERIFICATION SUCCESSFUL 
 Zeta is     0.2271274548263E+02
 Error is    0.3222239329862E-13


 CG Benchmark Completed.
 Class           =                        B
 Size            =                    75000
 Iterations      =                       75
 Time in seconds =                    28.72
 Total processes =                        4
 Active procs    =                        4
 Mop/s total     =                  1904.57
 Mop/s/process   =                   476.14
 Operation type  =           floating point
 Verification    =               SUCCESSFUL
 Version         =                      3.4
 Compile date    =              15 Jun 2020

 Compile options:
    MPIFC        = mpif90
    FLINK        = $(MPIFC)
    FMPI_LIB     = (none)
    FMPI_INC     = (none)
    FFLAGS       = -O3
    FLINKFLAGS   = $(FFLAGS) -O ../kernel_stats/kernel_stats.o...
    RAND         = randi8


 Please send feedbacks and/or the results of this run to:

 NPB Development Team 
 Internet: npb@nas.nasa.gov


[MO866] PI avg,0,0.382990,75
[MO866] Beta,0,0.000010
[MO866] Total time,0,29.626748
