--------------------------------------------------------------------------
[[59898,1],0]: A high-performance Open MPI point-to-point messaging module
was unable to find any relevant network interfaces:

Module: OpenFabrics (openib)
  Host: node06

Another transport will be used instead, although this may result in
lower performance.

NOTE: You can disable this warning by setting the MCA parameter
btl_base_warn_component_unused to 0.
--------------------------------------------------------------------------


 NAS Parallel Benchmarks 3.4 -- CG Benchmark

 Size:      75000  (class B)
 Iterations:    75
 Number of processes:     2
 Number of nonzeroes per row:       13
 Eigenvalue shift:    60.000
[MO866] Init time,1,1.153099
[MO866] Init time,0,1.155011
[MO866] Iteration,1,1,1.651576,0.498441

   iteration           ||r||                 zeta
        1       0.22570593804977E-12    59.9994751578754
[MO866] Iteration,0,1,1.653579,0.498532
[MO866] Iteration,1,2,2.151814,0.500220
        2       0.87940525110205E-15    21.7627846142534
[MO866] Iteration,0,2,2.153797,0.500210
[MO866] Iteration,1,3,2.650565,0.498716
        3       0.91437860021792E-15    22.2876617043224
[MO866] Iteration,0,3,2.652530,0.498724
[MO866] Iteration,1,4,3.149006,0.498423
        4       0.94070151553213E-15    22.5230738188351
[MO866] Iteration,0,4,3.150986,0.498448
[MO866] Iteration,1,5,3.671450,0.522425
        5       0.95061921543782E-15    22.6275390653894
[MO866] Iteration,0,5,3.673423,0.522429
[MO866] Iteration,1,6,4.170496,0.499021
        6       0.95020110557135E-15    22.6740259189539
[MO866] Iteration,0,6,4.172460,0.499028
[MO866] Iteration,1,7,4.668661,0.498149
        7       0.96182780922821E-15    22.6949056826254
[MO866] Iteration,0,7,4.670627,0.498161
[MO866] Iteration,1,8,5.168966,0.500286
        8       0.95596074233319E-15    22.7044023166870
[MO866] Iteration,0,8,5.170934,0.500299
[MO866] Iteration,1,9,5.668087,0.499089
        9       0.95970296822520E-15    22.7087834345616
[MO866] Iteration,0,9,5.670053,0.499110
[MO866] Iteration,1,10,6.170010,0.501905
       10       0.96585915228054E-15    22.7108351397173
[MO866] Iteration,0,10,6.171987,0.501927
[MO866] Iteration,1,11,6.695419,0.525387
       11       0.96181371319440E-15    22.7118107121338
[MO866] Iteration,0,11,6.697390,0.525393
[MO866] Iteration,1,12,7.194126,0.498684
       12       0.96172939735102E-15    22.7122816240974
[MO866] Iteration,0,12,7.196099,0.498694
[MO866] Iteration,1,13,7.692680,0.498536
       13       0.96249111012209E-15    22.7125122663251
[MO866] Iteration,0,13,7.694656,0.498547
[MO866] Iteration,1,14,8.192649,0.499948
       14       0.95484515346749E-15    22.7126268007600
[MO866] Iteration,0,14,8.194627,0.499961
[MO866] Iteration,1,15,8.691222,0.498543
       15       0.95859112595530E-15    22.7126844161815
[MO866] Iteration,0,15,8.693194,0.498559
[MO866] Iteration,1,16,9.189801,0.498562
       16       0.95944617919119E-15    22.7127137461757
[MO866] Iteration,0,16,9.191768,0.498565
[MO866] Iteration,1,17,9.688219,0.498399
       17       0.95550237102011E-15    22.7127288401998
[MO866] Iteration,0,17,9.690186,0.498407
[MO866] Iteration,1,18,10.213678,0.525440
       18       0.95635771795123E-15    22.7127366848299
[MO866] Iteration,0,18,10.215649,0.525450
[MO866] Iteration,1,19,10.712365,0.498663
       19       0.95917386303274E-15    22.7127407981220
[MO866] Iteration,0,19,10.714340,0.498677
[MO866] Iteration,1,20,11.211575,0.499191
       20       0.95268979542345E-15    22.7127429721363
[MO866] Iteration,0,20,11.213549,0.499200
[MO866] Iteration,1,21,11.710711,0.499117
       21       0.95810825900668E-15    22.7127441294025
[MO866] Iteration,0,21,11.712689,0.499129
[MO866] Iteration,1,22,12.209266,0.498525
       22       0.95400990447020E-15    22.7127447493899
[MO866] Iteration,0,22,12.211222,0.498521
[MO866] Iteration,1,23,12.707710,0.498424
       23       0.95367097788352E-15    22.7127450834529
[MO866] Iteration,0,23,12.709676,0.498448
[MO866] Iteration,1,24,13.206040,0.498312
       24       0.95960112286270E-15    22.7127452643880
[MO866] Iteration,0,24,13.208006,0.498317
[MO866] Iteration,1,25,13.704351,0.498293
       25       0.95521595160553E-15    22.7127453628459
[MO866] Iteration,0,25,13.706318,0.498300
[MO866] Iteration,1,26,14.227571,0.523201
       26       0.95199057443662E-15    22.7127454166512
[MO866] Iteration,0,26,14.229544,0.523213
[MO866] Iteration,1,27,14.726483,0.498887
       27       0.95208372247816E-15    22.7127454461693
[MO866] Iteration,0,27,14.728448,0.498888
[MO866] Iteration,1,28,15.224869,0.498368
       28       0.95289804858272E-15    22.7127454624206
[MO866] Iteration,0,28,15.226835,0.498374
[MO866] Iteration,1,29,15.722958,0.498071
       29       0.96058618286659E-15    22.7127454713970
[MO866] Iteration,0,29,15.724923,0.498074
[MO866] Iteration,1,30,16.222371,0.499395
       30       0.95022456844079E-15    22.7127454763706
[MO866] Iteration,0,30,16.224348,0.499418
[MO866] Iteration,1,31,16.720628,0.498228
       31       0.95077106519748E-15    22.7127454791340
[MO866] Iteration,0,31,16.722594,0.498239
[MO866] Iteration,1,32,17.219719,0.499073
       32       0.95572706699156E-15    22.7127454806733
[MO866] Iteration,0,32,17.221673,0.499071
[MO866] Iteration,1,33,17.717631,0.497888
       33       0.95798346533471E-15    22.7127454815324
[MO866] Iteration,0,33,17.719597,0.497916
[MO866] Iteration,1,34,18.216221,0.498572
       34       0.95271350739035E-15    22.7127454820135
[MO866] Iteration,0,34,18.218187,0.498580
[MO866] Iteration,1,35,18.714083,0.497844
       35       0.95966736799946E-15    22.7127454822838
[MO866] Iteration,0,35,18.716046,0.497852
[MO866] Iteration,1,36,19.235018,0.520919
       36       0.95214511214537E-15    22.7127454824349
[MO866] Iteration,0,36,19.236988,0.520932
[MO866] Iteration,1,37,19.733313,0.498273
       37       0.95219895853123E-15    22.7127454825207
[MO866] Iteration,0,37,19.735266,0.498267
[MO866] Iteration,1,38,20.232339,0.499008
       38       0.95369753117332E-15    22.7127454825686
[MO866] Iteration,0,38,20.234291,0.499017
[MO866] Iteration,1,39,20.735721,0.503366
       39       0.94964050811770E-15    22.7127454825961
[MO866] Iteration,0,39,20.737674,0.503377
[MO866] Iteration,1,40,21.237403,0.501665
       40       0.95696543704420E-15    22.7127454826112
[MO866] Iteration,0,40,21.239355,0.501675
[MO866] Iteration,1,41,21.736411,0.498992
       41       0.95376037875561E-15    22.7127454826204
[MO866] Iteration,0,41,21.738395,0.499033
[MO866] Iteration,1,42,22.234831,0.498390
       42       0.94856994338489E-15    22.7127454826251
[MO866] Iteration,0,42,22.236797,0.498392
[MO866] Iteration,1,43,22.733249,0.498400
       43       0.94774927836675E-15    22.7127454826279
[MO866] Iteration,0,43,22.735209,0.498402
[MO866] Iteration,1,44,23.231105,0.497838
       44       0.95322702009650E-15    22.7127454826297
[MO866] Iteration,0,44,23.233069,0.497850
[MO866] Iteration,1,45,23.730345,0.499223
       45       0.94561234382944E-15    22.7127454826306
[MO866] Iteration,0,45,23.732315,0.499237
[MO866] Iteration,1,46,24.228459,0.498097
       46       0.94572166965919E-15    22.7127454826308
[MO866] Iteration,0,46,24.230425,0.498101
[MO866] Iteration,1,47,24.726944,0.498467
       47       0.94743401855688E-15    22.7127454826314
[MO866] Iteration,0,47,24.728914,0.498481
[MO866] Iteration,1,48,25.247882,0.520922
       48       0.95470023852757E-15    22.7127454826317
[MO866] Iteration,0,48,25.249853,0.520930
[MO866] Iteration,1,49,25.746609,0.498704
       49       0.94814538028166E-15    22.7127454826316
[MO866] Iteration,0,49,25.748581,0.498715
[MO866] Iteration,1,50,26.245247,0.498621
       50       0.95278188926363E-15    22.7127454826317
[MO866] Iteration,0,50,26.247203,0.498613
[MO866] Iteration,1,51,26.744267,0.499000
       51       0.93906249089969E-15    22.7127454826316
[MO866] Iteration,0,51,26.746233,0.499023
[MO866] Iteration,1,52,27.242190,0.497904
       52       0.94593608316941E-15    22.7127454826318
[MO866] Iteration,0,52,27.244153,0.497911
[MO866] Iteration,1,53,27.739870,0.497666
       53       0.94536563439030E-15    22.7127454826321
[MO866] Iteration,0,53,27.741836,0.497673
[MO866] Iteration,1,54,28.238844,0.498956
       54       0.94301147556588E-15    22.7127454826314
[MO866] Iteration,0,54,28.240821,0.498977
[MO866] Iteration,1,55,28.737432,0.498559
       55       0.94391408425065E-15    22.7127454826321
[MO866] Iteration,0,55,28.739392,0.498560
[MO866] Iteration,1,56,29.235665,0.498215
       56       0.94869352818107E-15    22.7127454826319
[MO866] Iteration,0,56,29.237631,0.498229
[MO866] Iteration,1,57,29.734570,0.498887
       57       0.94518980855149E-15    22.7127454826316
[MO866] Iteration,0,57,29.736536,0.498894
[MO866] Iteration,1,58,30.232899,0.498311
       58       0.94677650992421E-15    22.7127454826317
[MO866] Iteration,0,58,30.234864,0.498317
[MO866] Iteration,1,59,30.731657,0.498740
       59       0.94314336544113E-15    22.7127454826315
[MO866] Iteration,0,59,30.733630,0.498758
[MO866] Iteration,1,60,31.230286,0.498611
       60       0.94519474120339E-15    22.7127454826318
[MO866] Iteration,0,60,31.232258,0.498618
[MO866] Iteration,1,61,31.728494,0.498190
       61       0.94509501711820E-15    22.7127454826316
[MO866] Iteration,0,61,31.730461,0.498194
[MO866] Iteration,1,62,32.249830,0.521317
       62       0.94461340801117E-15    22.7127454826318
[MO866] Iteration,0,62,32.251802,0.521332
[MO866] Iteration,1,63,32.749388,0.499533
       63       0.94013663361090E-15    22.7127454826314
[MO866] Iteration,0,63,32.751339,0.499523
[MO866] Iteration,1,64,33.247797,0.498394
       64       0.94132294235102E-15    22.7127454826317
[MO866] Iteration,0,64,33.249763,0.498417
[MO866] Iteration,1,65,33.746057,0.498242
       65       0.94378983001658E-15    22.7127454826315
[MO866] Iteration,0,65,33.748022,0.498252
[MO866] Iteration,1,66,34.244830,0.498755
       66       0.93645785275287E-15    22.7127454826315
[MO866] Iteration,0,66,34.246805,0.498771
[MO866] Iteration,1,67,34.743057,0.498207
       67       0.94422938369344E-15    22.7127454826317
[MO866] Iteration,0,67,34.745022,0.498207
[MO866] Iteration,1,68,35.241586,0.498512
       68       0.93511738849518E-15    22.7127454826318
[MO866] Iteration,0,68,35.243552,0.498517
[MO866] Iteration,1,69,35.740697,0.499093
       69       0.93930873309396E-15    22.7127454826318
[MO866] Iteration,0,69,35.742664,0.499101
[MO866] Iteration,1,70,36.240200,0.499484
       70       0.94927464623617E-15    22.7127454826317
[MO866] Iteration,0,70,36.242179,0.499506
[MO866] Iteration,1,71,36.738961,0.498730
       71       0.94490267389902E-15    22.7127454826315
[MO866] Iteration,0,71,36.740927,0.498735
[MO866] Iteration,1,72,37.237539,0.498560
       72       0.93968703949464E-15    22.7127454826314
[MO866] Iteration,0,72,37.239508,0.498570
[MO866] Iteration,1,73,37.736051,0.498483
       73       0.93315842032367E-15    22.7127454826318
[MO866] Iteration,0,73,37.738018,0.498501
[MO866] Iteration,1,74,38.234943,0.498872
       74       0.94130325570147E-15    22.7127454826316
[MO866] Iteration,0,74,38.236915,0.498889
[MO866] Iteration,1,75,38.733618,0.498658
[MO866] PI avg,1,0.501053,75
[MO866] Beta,1,0.000002
[MO866] Total time,1,38.733680
       75       0.94220605555182E-15    22.7127454826317
[MO866] Iteration,0,75,38.735585,0.498661
 Benchmark completed 
 VERIFICATION SUCCESSFUL 
 Zeta is     0.2271274548263E+02
 Error is    0.3222239329862E-13


 CG Benchmark Completed.
 Class           =                        B
 Size            =                    75000
 Iterations      =                       75
 Time in seconds =                    37.58
 Total processes =                        2
 Active procs    =                        2
 Mop/s total     =                  1455.77
 Mop/s/process   =                   727.89
 Operation type  =           floating point
 Verification    =               SUCCESSFUL
 Version         =                      3.4
 Compile date    =              15 Jun 2020

 Compile options:
    MPIFC        = mpif90
    FLINK        = $(MPIFC)
    FMPI_LIB     = (none)
    FMPI_INC     = (none)
    FFLAGS       = -O3
    FLINKFLAGS   = $(FFLAGS) -O ../kernel_stats/kernel_stats.o...
    RAND         = randi8


 Please send feedbacks and/or the results of this run to:

 NPB Development Team 
 Internet: npb@nas.nasa.gov


[MO866] PI avg,0,0.501064,75
[MO866] Beta,0,0.000007
[MO866] Total time,0,38.735857
