--------------------------------------------------------------------------
[[59802,1],1]: A high-performance Open MPI point-to-point messaging module
was unable to find any relevant network interfaces:

Module: OpenFabrics (openib)
  Host: node06

Another transport will be used instead, although this may result in
lower performance.

NOTE: You can disable this warning by setting the MCA parameter
btl_base_warn_component_unused to 0.
--------------------------------------------------------------------------


 NAS Parallel Benchmarks 3.4 -- CG Benchmark

 Size:      75000  (class B)
 Iterations:    75
 Number of processes:     8
 Number of nonzeroes per row:       13
 Eigenvalue shift:    60.000
[MO866] Init time,1,0.552792
[MO866] Init time,2,0.550421
[MO866] Init time,3,0.548075
[MO866] Init time,4,0.545670
[MO866] Init time,5,0.543702
[MO866] Init time,6,0.541167
[MO866] Init time,7,0.539171
[MO866] Init time,0,0.554875
[MO866] Iteration,7,1,0.672191,0.132976
[MO866] Iteration,1,1,0.685817,0.132980
[MO866] Iteration,2,1,0.683448,0.132995
[MO866] Iteration,3,1,0.681101,0.132981
[MO866] Iteration,4,1,0.678692,0.132990
[MO866] Iteration,5,1,0.676723,0.132976
[MO866] Iteration,6,1,0.674189,0.132990

   iteration           ||r||                 zeta
        1       0.16899786290134E-12    59.9994751578754
[MO866] Iteration,0,1,0.687968,0.133061
[MO866] Iteration,6,2,0.807161,0.132948
[MO866] Iteration,7,2,0.805163,0.132945
[MO866] Iteration,1,2,0.818788,0.132948
[MO866] Iteration,2,2,0.816420,0.132953
[MO866] Iteration,3,2,0.814073,0.132950
[MO866] Iteration,4,2,0.811664,0.132948
[MO866] Iteration,5,2,0.809695,0.132945
        2       0.67323895111088E-15    21.7627846142538
[MO866] Iteration,0,2,0.820908,0.132932
[MO866] Iteration,5,3,0.942758,0.133036
[MO866] Iteration,6,3,0.940224,0.133038
[MO866] Iteration,7,3,0.938226,0.133036
[MO866] Iteration,1,3,0.951848,0.133036
[MO866] Iteration,2,3,0.949477,0.133037
[MO866] Iteration,3,3,0.947130,0.133034
[MO866] Iteration,4,3,0.944726,0.133037
        3       0.71924971917167E-15    22.2876617043225
[MO866] Iteration,0,3,0.953967,0.133053
[MO866] Iteration,4,4,1.077774,0.133023
[MO866] Iteration,5,4,1.075805,0.133021
[MO866] Iteration,6,4,1.073271,0.133023
[MO866] Iteration,7,4,1.071273,0.133021
[MO866] Iteration,1,4,1.084894,0.133020
[MO866] Iteration,2,4,1.082525,0.133023
[MO866] Iteration,3,4,1.080178,0.133021
        4       0.73934489588243E-15    22.5230738188352
[MO866] Iteration,0,4,1.087012,0.133039
[MO866] Iteration,3,5,1.222636,0.142432
[MO866] Iteration,4,5,1.220235,0.142440
[MO866] Iteration,5,5,1.218267,0.142436
[MO866] Iteration,6,5,1.215731,0.142439
[MO866] Iteration,7,5,1.213733,0.142434
[MO866] Iteration,1,5,1.227353,0.142432
[MO866] Iteration,2,5,1.224982,0.142436
        5       0.74862489330930E-15    22.6275390653891
[MO866] Iteration,0,5,1.229488,0.142471
[MO866] Iteration,2,6,1.358488,0.133466
[MO866] Iteration,3,6,1.356141,0.133461
[MO866] Iteration,4,6,1.353736,0.133465
[MO866] Iteration,5,6,1.351767,0.133460
[MO866] Iteration,6,6,1.349233,0.133465
[MO866] Iteration,7,6,1.347235,0.133460
[MO866] Iteration,1,6,1.360858,0.133460
        6       0.74772351635433E-15    22.6740259189539
[MO866] Iteration,0,6,1.362975,0.133479
[MO866] Iteration,1,7,1.493835,0.132954
[MO866] Iteration,2,7,1.491466,0.132957
[MO866] Iteration,3,7,1.489119,0.132955
[MO866] Iteration,4,7,1.486714,0.132956
[MO866] Iteration,5,7,1.484745,0.132954
[MO866] Iteration,6,7,1.482210,0.132955
[MO866] Iteration,7,7,1.480212,0.132953
        7       0.76049416152864E-15    22.6949056826252
[MO866] Iteration,0,7,1.495953,0.132972
[MO866] Iteration,7,8,1.613348,0.133110
[MO866] Iteration,1,8,1.626971,0.133111
[MO866] Iteration,2,8,1.624601,0.133114
[MO866] Iteration,3,8,1.622254,0.133111
[MO866] Iteration,4,8,1.619849,0.133113
[MO866] Iteration,5,8,1.617881,0.133111
[MO866] Iteration,6,8,1.615347,0.133114
        8       0.75784299618338E-15    22.7044023166872
[MO866] Iteration,0,8,1.629091,0.133133
[MO866] Iteration,6,9,1.748345,0.132974
[MO866] Iteration,7,9,1.746347,0.132969
[MO866] Iteration,1,9,1.759972,0.132972
[MO866] Iteration,2,9,1.757601,0.132976
[MO866] Iteration,3,9,1.755255,0.132972
[MO866] Iteration,4,9,1.752848,0.132973
[MO866] Iteration,5,9,1.750880,0.132970
        9       0.75937528094260E-15    22.7087834345617
[MO866] Iteration,0,9,1.762090,0.132993
[MO866] Iteration,5,10,1.883873,0.132966
[MO866] Iteration,6,10,1.881339,0.132969
[MO866] Iteration,7,10,1.879341,0.132966
[MO866] Iteration,1,10,1.892963,0.132966
[MO866] Iteration,2,10,1.890593,0.132969
[MO866] Iteration,3,10,1.888246,0.132966
[MO866] Iteration,4,10,1.885842,0.132969
       10       0.76068125299394E-15    22.7108351397172
[MO866] Iteration,0,10,1.895079,0.132984
[MO866] Iteration,4,11,2.018893,0.133030
[MO866] Iteration,5,11,2.016925,0.133027
[MO866] Iteration,6,11,2.014390,0.133031
[MO866] Iteration,7,11,2.012392,0.133026
[MO866] Iteration,1,11,2.026013,0.133025
[MO866] Iteration,2,11,2.023643,0.133030
[MO866] Iteration,3,11,2.021296,0.133025
       11       0.75486596383332E-15    22.7118107121337
[MO866] Iteration,0,11,2.028130,0.133045
[MO866] Iteration,3,12,2.154492,0.133169
[MO866] Iteration,4,12,2.152088,0.133174
[MO866] Iteration,5,12,2.150119,0.133169
[MO866] Iteration,6,12,2.147585,0.133174
[MO866] Iteration,7,12,2.145587,0.133169
[MO866] Iteration,1,12,2.159209,0.133169
[MO866] Iteration,2,12,2.156838,0.133173
       12       0.76095333916013E-15    22.7122816240972
[MO866] Iteration,0,12,2.161331,0.133196
[MO866] Iteration,2,13,2.289837,0.132971
[MO866] Iteration,3,13,2.287490,0.132970
[MO866] Iteration,4,13,2.285086,0.132971
[MO866] Iteration,5,13,2.283117,0.132970
[MO866] Iteration,6,13,2.280582,0.132970
[MO866] Iteration,7,13,2.278584,0.132969
[MO866] Iteration,1,13,2.292207,0.132970
       13       0.75431147896128E-15    22.7125122663245
[MO866] Iteration,0,13,2.294328,0.132990
[MO866] Iteration,1,14,2.425183,0.132949
[MO866] Iteration,2,14,2.422813,0.132951
[MO866] Iteration,3,14,2.420466,0.132949
[MO866] Iteration,4,14,2.418061,0.132950
[MO866] Iteration,5,14,2.416093,0.132949
[MO866] Iteration,6,14,2.413559,0.132951
[MO866] Iteration,7,14,2.411560,0.132948
       14       0.75463617866783E-15    22.7126268007598
[MO866] Iteration,0,14,2.427299,0.132966
[MO866] Iteration,7,15,2.544774,0.133189
[MO866] Iteration,1,15,2.558396,0.133189
[MO866] Iteration,2,15,2.556027,0.133193
[MO866] Iteration,3,15,2.553679,0.133189
[MO866] Iteration,4,15,2.551276,0.133193
[MO866] Iteration,5,15,2.549307,0.133190
[MO866] Iteration,6,15,2.546773,0.133193
       15       0.75342160942637E-15    22.7126844161816
[MO866] Iteration,0,15,2.560515,0.133210
[MO866] Iteration,6,16,2.679691,0.132895
[MO866] Iteration,7,16,2.677693,0.132891
[MO866] Iteration,1,16,2.691316,0.132893
[MO866] Iteration,2,16,2.688946,0.132896
[MO866] Iteration,3,16,2.686599,0.132893
[MO866] Iteration,4,16,2.684194,0.132895
[MO866] Iteration,5,16,2.682225,0.132892
       16       0.75337143927077E-15    22.7127137461758
[MO866] Iteration,0,16,2.693435,0.132914
[MO866] Iteration,5,17,2.815273,0.133021
[MO866] Iteration,6,17,2.812739,0.133024
[MO866] Iteration,7,17,2.810741,0.133021
[MO866] Iteration,1,17,2.824361,0.133019
[MO866] Iteration,2,17,2.821992,0.133023
[MO866] Iteration,3,17,2.819644,0.133019
[MO866] Iteration,4,17,2.817242,0.133024
       17       0.75507548533690E-15    22.7127288401996
[MO866] Iteration,0,17,2.826481,0.133041
[MO866] Iteration,4,18,2.950506,0.133241
[MO866] Iteration,5,18,2.948537,0.133238
[MO866] Iteration,6,18,2.946003,0.133241
[MO866] Iteration,7,18,2.944005,0.133238
[MO866] Iteration,1,18,2.957628,0.133239
[MO866] Iteration,2,18,2.955258,0.133242
[MO866] Iteration,3,18,2.952911,0.133239
       18       0.75216769172897E-15    22.7127366848298
[MO866] Iteration,0,18,2.959745,0.133259
[MO866] Iteration,3,19,3.086093,0.133157
[MO866] Iteration,4,19,3.083689,0.133161
[MO866] Iteration,5,19,3.081720,0.133157
[MO866] Iteration,6,19,3.079186,0.133161
[MO866] Iteration,7,19,3.077187,0.133155
[MO866] Iteration,1,19,3.090810,0.133157
[MO866] Iteration,2,19,3.088441,0.133162
       19       0.75425392382578E-15    22.7127407981218
[MO866] Iteration,0,19,3.092928,0.133178
[MO866] Iteration,2,20,3.232120,0.143657
[MO866] Iteration,3,20,3.229774,0.143654
[MO866] Iteration,4,20,3.227376,0.143664
[MO866] Iteration,5,20,3.225408,0.143661
[MO866] Iteration,6,20,3.222869,0.143660
[MO866] Iteration,7,20,3.220871,0.143656
[MO866] Iteration,1,20,3.234490,0.143653
       20       0.75714986102268E-15    22.7127429721365
[MO866] Iteration,0,20,3.236627,0.143693
[MO866] Iteration,1,21,3.367793,0.133256
[MO866] Iteration,2,21,3.365422,0.133261
[MO866] Iteration,3,21,3.363076,0.133256
[MO866] Iteration,4,21,3.360671,0.133261
[MO866] Iteration,5,21,3.358702,0.133255
[MO866] Iteration,6,21,3.356168,0.133261
[MO866] Iteration,7,21,3.354170,0.133255
       21       0.75538513364146E-15    22.7127441294027
[MO866] Iteration,0,21,3.369912,0.133277
[MO866] Iteration,7,22,3.487162,0.132964
[MO866] Iteration,1,22,3.500783,0.132964
[MO866] Iteration,2,22,3.498413,0.132967
[MO866] Iteration,3,22,3.496066,0.132964
[MO866] Iteration,4,22,3.493662,0.132967
[MO866] Iteration,5,22,3.491694,0.132965
[MO866] Iteration,6,22,3.489160,0.132968
       22       0.75185899902567E-15    22.7127447493901
[MO866] Iteration,0,22,3.502900,0.132983
[MO866] Iteration,6,23,3.624123,0.134942
[MO866] Iteration,7,23,3.622125,0.134938
[MO866] Iteration,1,23,3.635750,0.134941
[MO866] Iteration,2,23,3.633380,0.134945
[MO866] Iteration,3,23,3.631033,0.134941
[MO866] Iteration,4,23,3.628626,0.134942
[MO866] Iteration,5,23,3.626657,0.134938
       23       0.74594409257283E-15    22.7127450834529
[MO866] Iteration,0,23,3.637876,0.134970
[MO866] Iteration,5,24,3.759730,0.133042
[MO866] Iteration,6,24,3.757196,0.133046
[MO866] Iteration,7,24,3.755198,0.133042
[MO866] Iteration,1,24,3.768826,0.133048
[MO866] Iteration,2,24,3.766456,0.133051
[MO866] Iteration,3,24,3.764109,0.133048
[MO866] Iteration,4,24,3.761699,0.133045
       24       0.74908801541204E-15    22.7127452643879
[MO866] Iteration,0,24,3.770946,0.133061
[MO866] Iteration,4,25,3.894648,0.132926
[MO866] Iteration,5,25,3.892680,0.132924
[MO866] Iteration,6,25,3.890145,0.132926
[MO866] Iteration,7,25,3.888147,0.132923
[MO866] Iteration,1,25,3.901767,0.132921
[MO866] Iteration,2,25,3.899397,0.132924
[MO866] Iteration,3,25,3.897050,0.132921
       25       0.75229419242410E-15    22.7127453628460
[MO866] Iteration,0,25,3.903886,0.132928
[MO866] Iteration,3,26,4.030087,0.133010
[MO866] Iteration,4,26,4.027682,0.133013
[MO866] Iteration,5,26,4.025715,0.133011
[MO866] Iteration,6,26,4.023179,0.133013
[MO866] Iteration,7,26,4.021181,0.133009
[MO866] Iteration,1,26,4.034803,0.133009
[MO866] Iteration,2,26,4.032433,0.133013
       26       0.75048487350479E-15    22.7127454166516
[MO866] Iteration,0,26,4.036922,0.133030
[MO866] Iteration,2,27,4.165436,0.132980
[MO866] Iteration,3,27,4.163089,0.132975
[MO866] Iteration,4,27,4.160682,0.132977
[MO866] Iteration,5,27,4.158715,0.132974
[MO866] Iteration,6,27,4.156179,0.132977
[MO866] Iteration,7,27,4.154181,0.132971
[MO866] Iteration,1,27,4.167804,0.132973
       27       0.74973401899950E-15    22.7127454461693
[MO866] Iteration,0,27,4.169922,0.132995
[MO866] Iteration,1,28,4.300765,0.132933
[MO866] Iteration,2,28,4.298396,0.132939
[MO866] Iteration,3,28,4.296050,0.132934
[MO866] Iteration,4,28,4.293644,0.132938
[MO866] Iteration,5,28,4.291676,0.132933
[MO866] Iteration,6,28,4.289140,0.132937
[MO866] Iteration,7,28,4.287142,0.132932
       28       0.75008857435610E-15    22.7127454624205
[MO866] Iteration,0,28,4.302882,0.132954
[MO866] Iteration,7,29,4.420090,0.132921
[MO866] Iteration,1,29,4.433716,0.132925
[MO866] Iteration,2,29,4.431345,0.132929
[MO866] Iteration,3,29,4.428999,0.132925
[MO866] Iteration,4,29,4.426590,0.132925
[MO866] Iteration,5,29,4.424622,0.132921
[MO866] Iteration,6,29,4.422088,0.132926
       29       0.75764008104062E-15    22.7127454713971
[MO866] Iteration,0,29,4.435830,0.132942
[MO866] Iteration,6,30,4.555163,0.133053
[MO866] Iteration,7,30,4.553165,0.133047
[MO866] Iteration,1,30,4.566790,0.133051
[MO866] Iteration,2,30,4.564420,0.133056
[MO866] Iteration,3,30,4.562073,0.133051
[MO866] Iteration,4,30,4.559666,0.133053
[MO866] Iteration,5,30,4.557697,0.133047
       30       0.74775199632522E-15    22.7127454763705
[MO866] Iteration,0,30,4.568906,0.133070
[MO866] Iteration,5,31,4.690699,0.132975
[MO866] Iteration,6,31,4.688164,0.132978
[MO866] Iteration,7,31,4.686167,0.132975
[MO866] Iteration,1,31,4.699789,0.132975
[MO866] Iteration,2,31,4.697419,0.132979
[MO866] Iteration,3,31,4.695072,0.132975
[MO866] Iteration,4,31,4.692667,0.132978
       31       0.74827706760547E-15    22.7127454791338
[MO866] Iteration,0,31,4.701907,0.132995
[MO866] Iteration,4,32,4.825708,0.133018
[MO866] Iteration,5,32,4.823739,0.133011
[MO866] Iteration,6,32,4.821205,0.133018
[MO866] Iteration,7,32,4.819207,0.133011
[MO866] Iteration,1,32,4.832829,0.133012
[MO866] Iteration,2,32,4.830460,0.133019
[MO866] Iteration,3,32,4.828112,0.133012
       32       0.74647390733742E-15    22.7127454806727
[MO866] Iteration,0,32,4.834945,0.133033
[MO866] Iteration,3,33,4.961127,0.132991
[MO866] Iteration,4,33,4.958719,0.132991
[MO866] Iteration,5,33,4.956751,0.132988
[MO866] Iteration,6,33,4.954216,0.132991
[MO866] Iteration,7,33,4.952218,0.132986
[MO866] Iteration,1,33,4.965844,0.132990
[MO866] Iteration,2,33,4.963474,0.132995
       33       0.75094345757974E-15    22.7127454815325
[MO866] Iteration,0,33,4.967958,0.133008
[MO866] Iteration,2,34,5.096426,0.132933
[MO866] Iteration,3,34,5.094079,0.132929
[MO866] Iteration,4,34,5.091674,0.132932
[MO866] Iteration,5,34,5.089705,0.132928
[MO866] Iteration,6,34,5.087171,0.132932
[MO866] Iteration,7,34,5.085173,0.132927
[MO866] Iteration,1,34,5.098796,0.132929
       34       0.75315990735811E-15    22.7127454820135
[MO866] Iteration,0,34,5.100915,0.132951
[MO866] Iteration,1,35,5.231804,0.132982
[MO866] Iteration,2,35,5.229435,0.132986
[MO866] Iteration,3,35,5.227088,0.132982
[MO866] Iteration,4,35,5.224681,0.132983
[MO866] Iteration,5,35,5.222712,0.132979
[MO866] Iteration,6,35,5.220178,0.132983
[MO866] Iteration,7,35,5.218180,0.132979
       35       0.74716852745872E-15    22.7127454822834
[MO866] Iteration,0,35,5.233921,0.133001
[MO866] Iteration,7,36,5.351364,0.133156
[MO866] Iteration,1,36,5.364986,0.133156
[MO866] Iteration,2,36,5.362616,0.133161
[MO866] Iteration,3,36,5.360269,0.133156
[MO866] Iteration,4,36,5.357865,0.133160
[MO866] Iteration,5,36,5.355896,0.133156
[MO866] Iteration,6,36,5.353362,0.133161
       36       0.74715820283356E-15    22.7127454824349
[MO866] Iteration,0,36,5.367104,0.133177
[MO866] Iteration,6,37,5.486323,0.132940
[MO866] Iteration,7,37,5.484325,0.132937
[MO866] Iteration,1,37,5.497949,0.132938
[MO866] Iteration,2,37,5.495580,0.132943
[MO866] Iteration,3,37,5.493233,0.132939
[MO866] Iteration,4,37,5.490826,0.132940
[MO866] Iteration,5,37,5.488857,0.132937
       37       0.74721074434992E-15    22.7127454825207
[MO866] Iteration,0,37,5.500068,0.132958
[MO866] Iteration,5,38,5.630040,0.141156
[MO866] Iteration,6,38,5.627505,0.141159
[MO866] Iteration,7,38,5.625507,0.141154
[MO866] Iteration,1,38,5.639126,0.141152
[MO866] Iteration,2,38,5.636756,0.141157
[MO866] Iteration,3,38,5.634409,0.141152
[MO866] Iteration,4,38,5.632009,0.141160
       38       0.74228647627468E-15    22.7127454825687
[MO866] Iteration,0,38,5.641262,0.141188
[MO866] Iteration,4,39,5.765235,0.133190
[MO866] Iteration,5,39,5.763267,0.133192
[MO866] Iteration,6,39,5.760731,0.133189
[MO866] Iteration,7,39,5.758733,0.133190
[MO866] Iteration,1,39,5.772356,0.133191
[MO866] Iteration,2,39,5.769986,0.133190
[MO866] Iteration,3,39,5.767639,0.133191
       39       0.74748314034727E-15    22.7127454825959
[MO866] Iteration,0,39,5.774476,0.133206
[MO866] Iteration,3,40,5.900799,0.133133
[MO866] Iteration,4,40,5.898395,0.133136
[MO866] Iteration,5,40,5.896426,0.133133
[MO866] Iteration,6,40,5.893891,0.133135
[MO866] Iteration,7,40,5.891893,0.133132
[MO866] Iteration,1,40,5.905516,0.133133
[MO866] Iteration,2,40,5.903146,0.133136
       40       0.75026124849125E-15    22.7127454826115
[MO866] Iteration,0,40,5.907633,0.133152
[MO866] Iteration,2,41,6.036230,0.133063
[MO866] Iteration,3,41,6.033883,0.133059
[MO866] Iteration,4,41,6.031477,0.133061
[MO866] Iteration,5,41,6.029508,0.133057
[MO866] Iteration,6,41,6.026973,0.133060
[MO866] Iteration,7,41,6.024975,0.133056
[MO866] Iteration,1,41,6.038600,0.133059
       41       0.74091821195146E-15    22.7127454826201
[MO866] Iteration,0,41,6.040718,0.133079
[MO866] Iteration,1,42,6.171634,0.133010
[MO866] Iteration,2,42,6.169265,0.133013
[MO866] Iteration,3,42,6.166918,0.133011
[MO866] Iteration,4,42,6.164514,0.133013
[MO866] Iteration,5,42,6.162545,0.133011
[MO866] Iteration,6,42,6.160011,0.133013
[MO866] Iteration,7,42,6.158013,0.133011
       42       0.74158825518005E-15    22.7127454826251
[MO866] Iteration,0,42,6.173755,0.133032
[MO866] Iteration,7,43,6.291121,0.133082
[MO866] Iteration,1,43,6.304743,0.133082
[MO866] Iteration,2,43,6.302373,0.133084
[MO866] Iteration,3,43,6.300026,0.133082
[MO866] Iteration,4,43,6.297622,0.133084
[MO866] Iteration,5,43,6.295653,0.133082
[MO866] Iteration,6,43,6.293119,0.133084
       43       0.74244506310271E-15    22.7127454826280
[MO866] Iteration,0,43,6.306860,0.133100
[MO866] Iteration,6,44,6.426153,0.133013
[MO866] Iteration,7,44,6.424155,0.133011
[MO866] Iteration,1,44,6.437777,0.133010
[MO866] Iteration,2,44,6.435409,0.133015
[MO866] Iteration,3,44,6.433062,0.133012
[MO866] Iteration,4,44,6.430656,0.133013
[MO866] Iteration,5,44,6.428687,0.133011
       44       0.74029335105098E-15    22.7127454826296
[MO866] Iteration,0,44,6.439896,0.133031
[MO866] Iteration,5,45,6.561776,0.133063
[MO866] Iteration,6,45,6.559242,0.133067
[MO866] Iteration,7,45,6.557243,0.133062
[MO866] Iteration,1,45,6.570865,0.133062
[MO866] Iteration,2,45,6.568496,0.133067
[MO866] Iteration,3,45,6.566149,0.133063
[MO866] Iteration,4,45,6.563745,0.133067
       45       0.74808005039469E-15    22.7127454826305
[MO866] Iteration,0,45,6.572985,0.133084
[MO866] Iteration,4,46,6.696722,0.132954
[MO866] Iteration,5,46,6.694753,0.132951
[MO866] Iteration,6,46,6.692218,0.132953
[MO866] Iteration,7,46,6.690220,0.132951
[MO866] Iteration,1,46,6.703839,0.132947
[MO866] Iteration,2,46,6.701470,0.132951
[MO866] Iteration,3,46,6.699122,0.132947
       46       0.73865770313311E-15    22.7127454826309
[MO866] Iteration,0,46,6.705960,0.132970
[MO866] Iteration,3,47,6.832171,0.133023
[MO866] Iteration,4,47,6.829765,0.133022
[MO866] Iteration,5,47,6.827796,0.133020
[MO866] Iteration,6,47,6.825262,0.133022
[MO866] Iteration,7,47,6.823264,0.133021
[MO866] Iteration,1,47,6.836888,0.133023
[MO866] Iteration,2,47,6.834518,0.133024
       47       0.74005089025364E-15    22.7127454826311
[MO866] Iteration,0,47,6.839004,0.133038
[MO866] Iteration,2,48,6.967573,0.133035
[MO866] Iteration,3,48,6.965226,0.133033
[MO866] Iteration,4,48,6.962822,0.133035
[MO866] Iteration,5,48,6.960853,0.133033
[MO866] Iteration,6,48,6.958319,0.133035
[MO866] Iteration,7,48,6.956321,0.133033
[MO866] Iteration,1,48,6.969943,0.133033
       48       0.74366467894487E-15    22.7127454826316
[MO866] Iteration,0,48,6.972062,0.133052
[MO866] Iteration,1,49,7.102977,0.133007
[MO866] Iteration,2,49,7.100609,0.133013
[MO866] Iteration,3,49,7.098262,0.133009
[MO866] Iteration,4,49,7.095856,0.133011
[MO866] Iteration,5,49,7.093887,0.133007
[MO866] Iteration,6,49,7.091353,0.133011
[MO866] Iteration,7,49,7.089355,0.133007
       49       0.73684792624481E-15    22.7127454826314
[MO866] Iteration,0,49,7.105097,0.133029
[MO866] Iteration,7,50,7.233397,0.144014
[MO866] Iteration,1,50,7.247018,0.144013
[MO866] Iteration,2,50,7.244649,0.144018
[MO866] Iteration,3,50,7.242302,0.144014
[MO866] Iteration,4,50,7.239898,0.144018
[MO866] Iteration,5,50,7.237929,0.144014
[MO866] Iteration,6,50,7.235395,0.144018
       50       0.74180399605152E-15    22.7127454826316
[MO866] Iteration,0,50,7.249137,0.144035
[MO866] Iteration,6,51,7.368719,0.133301
[MO866] Iteration,7,51,7.366721,0.133281
[MO866] Iteration,1,51,7.380340,0.133278
[MO866] Iteration,2,51,7.377970,0.133298
[MO866] Iteration,3,51,7.375623,0.133278
[MO866] Iteration,4,51,7.373223,0.133302
[MO866] Iteration,5,51,7.371254,0.133282
       51       0.73643135961396E-15    22.7127454826318
[MO866] Iteration,0,51,7.382460,0.133317
[MO866] Iteration,5,52,7.504261,0.132983
[MO866] Iteration,6,52,7.501726,0.132987
[MO866] Iteration,7,52,7.499728,0.132982
[MO866] Iteration,1,52,7.513350,0.132982
[MO866] Iteration,2,52,7.510981,0.132988
[MO866] Iteration,3,52,7.508633,0.132982
[MO866] Iteration,4,52,7.506229,0.132987
       52       0.74168255047671E-15    22.7127454826318
[MO866] Iteration,0,52,7.515468,0.133003
[MO866] Iteration,4,53,7.639339,0.133088
[MO866] Iteration,5,53,7.637370,0.133083
[MO866] Iteration,6,53,7.634835,0.133087
[MO866] Iteration,7,53,7.632837,0.133082
[MO866] Iteration,1,53,7.646457,0.133080
[MO866] Iteration,2,53,7.644087,0.133085
[MO866] Iteration,3,53,7.641740,0.133080
       53       0.74015149494073E-15    22.7127454826317
[MO866] Iteration,0,53,7.648577,0.133104
[MO866] Iteration,3,54,7.774621,0.132852
[MO866] Iteration,4,54,7.772217,0.132857
[MO866] Iteration,5,54,7.770248,0.132853
[MO866] Iteration,6,54,7.767714,0.132857
[MO866] Iteration,7,54,7.765716,0.132853
[MO866] Iteration,1,54,7.779338,0.132853
[MO866] Iteration,2,54,7.776968,0.132857
       54       0.73950401368839E-15    22.7127454826316
[MO866] Iteration,0,54,7.781458,0.132875
[MO866] Iteration,2,55,7.910022,0.133030
[MO866] Iteration,3,55,7.907676,0.133029
[MO866] Iteration,4,55,7.905273,0.133032
[MO866] Iteration,5,55,7.903305,0.133030
[MO866] Iteration,6,55,7.900771,0.133033
[MO866] Iteration,7,55,7.898773,0.133031
[MO866] Iteration,1,55,7.912392,0.133027
       55       0.73671560207932E-15    22.7127454826316
[MO866] Iteration,0,55,7.914527,0.133063
[MO866] Iteration,1,56,8.045457,0.133022
[MO866] Iteration,2,56,8.043086,0.133025
[MO866] Iteration,3,56,8.040739,0.133020
[MO866] Iteration,4,56,8.038334,0.133024
[MO866] Iteration,5,56,8.036365,0.133020
[MO866] Iteration,6,56,8.033831,0.133024
[MO866] Iteration,7,56,8.031833,0.133020
       56       0.73791651168613E-15    22.7127454826317
[MO866] Iteration,0,56,8.047574,0.133042
[MO866] Iteration,7,57,8.164837,0.132978
[MO866] Iteration,1,57,8.178459,0.132978
[MO866] Iteration,2,57,8.176089,0.132981
[MO866] Iteration,3,57,8.173742,0.132978
[MO866] Iteration,4,57,8.171338,0.132981
[MO866] Iteration,5,57,8.169369,0.132978
[MO866] Iteration,6,57,8.166835,0.132981
       57       0.73751098554429E-15    22.7127454826317
[MO866] Iteration,0,57,8.180576,0.132997
[MO866] Iteration,6,58,8.299745,0.132888
[MO866] Iteration,7,58,8.297748,0.132884
[MO866] Iteration,1,58,8.311367,0.132882
[MO866] Iteration,2,58,8.308998,0.132887
[MO866] Iteration,3,58,8.306651,0.132882
[MO866] Iteration,4,58,8.304248,0.132888
[MO866] Iteration,5,58,8.302279,0.132884
       58       0.74094701001785E-15    22.7127454826318
[MO866] Iteration,0,58,8.313488,0.132906
[MO866] Iteration,5,59,8.435373,0.133069
[MO866] Iteration,6,59,8.432838,0.133070
[MO866] Iteration,7,59,8.430840,0.133068
[MO866] Iteration,4,59,8.437342,0.133071
       59       0.73238001856585E-15    22.7127454826318
[MO866] Iteration,0,59,8.447596,0.134103
[MO866] Iteration,1,59,8.445460,0.134065
[MO866] Iteration,2,59,8.443089,0.134067
[MO866] Iteration,3,59,8.440742,0.134065
[MO866] Iteration,4,60,8.579931,0.142567
[MO866] Iteration,5,60,8.577962,0.142565
[MO866] Iteration,6,60,8.575427,0.142566
       60       0.73138048261265E-15    22.7127454826315
[MO866] Iteration,0,60,8.589179,0.141575
[MO866] Iteration,1,60,8.587049,0.141570
[MO866] Iteration,2,60,8.584681,0.141570
[MO866] Iteration,7,60,8.573429,0.142564
[MO866] Iteration,3,60,8.582333,0.141571
[MO866] Iteration,7,61,8.706565,0.133104
[MO866] Iteration,4,61,8.713066,0.133104
[MO866] Iteration,5,61,8.711098,0.133104
[MO866] Iteration,6,61,8.708563,0.133104
       61       0.73675842042534E-15    22.7127454826316
[MO866] Iteration,0,61,8.722312,0.133127
[MO866] Iteration,1,61,8.720188,0.133105
[MO866] Iteration,2,61,8.717817,0.133104
[MO866] Iteration,3,61,8.715471,0.133105
[MO866] Iteration,2,62,8.850788,0.132947
[MO866] Iteration,7,62,8.839537,0.132943
[MO866] Iteration,4,62,8.846037,0.132946
[MO866] Iteration,5,62,8.844069,0.132943
[MO866] Iteration,6,62,8.841534,0.132947
       62       0.73353371418579E-15    22.7127454826318
[MO866] Iteration,0,62,8.855276,0.132956
[MO866] Iteration,1,62,8.853158,0.132942
[MO866] Iteration,3,62,8.848441,0.132942
[MO866] Iteration,1,63,8.986461,0.133277
[MO866] Iteration,2,63,8.984090,0.133280
[MO866] Iteration,7,63,8.972838,0.133276
[MO866] Iteration,4,63,8.979339,0.133279
[MO866] Iteration,5,63,8.977370,0.133276
[MO866] Iteration,6,63,8.974836,0.133280
       63       0.73076326554693E-15    22.7127454826318
[MO866] Iteration,0,63,8.988580,0.133298
[MO866] Iteration,3,63,8.981743,0.133276
       64       0.73369164948086E-15    22.7127454826317
[MO866] Iteration,0,64,9.121548,0.132962
[MO866] Iteration,1,64,9.119428,0.132940
[MO866] Iteration,2,64,9.117058,0.132944
[MO866] Iteration,7,64,9.105805,0.132939
[MO866] Iteration,4,64,9.112306,0.132943
[MO866] Iteration,5,64,9.110338,0.132940
[MO866] Iteration,6,64,9.107803,0.132943
[MO866] Iteration,3,64,9.114711,0.132940
[MO866] Iteration,6,65,9.240756,0.132929
       65       0.73178848188124E-15    22.7127454826316
[MO866] Iteration,0,65,9.254513,0.132959
[MO866] Iteration,1,65,9.252381,0.132926
[MO866] Iteration,2,65,9.250012,0.132931
[MO866] Iteration,7,65,9.238758,0.132924
[MO866] Iteration,4,65,9.245259,0.132929
[MO866] Iteration,5,65,9.243290,0.132925
[MO866] Iteration,3,65,9.247665,0.132927
[MO866] Iteration,5,66,9.376364,0.133032
[MO866] Iteration,6,66,9.373830,0.133036
       66       0.73488791332511E-15    22.7127454826317
[MO866] Iteration,0,66,9.387572,0.133052
[MO866] Iteration,1,66,9.385457,0.133035
[MO866] Iteration,2,66,9.383087,0.133039
[MO866] Iteration,7,66,9.371832,0.133032
[MO866] Iteration,4,66,9.378333,0.133036
[MO866] Iteration,3,66,9.380740,0.133035
[MO866] Iteration,4,67,9.511380,0.133025
[MO866] Iteration,5,67,9.509411,0.133022
[MO866] Iteration,6,67,9.506877,0.133025
       67       0.73623509769362E-15    22.7127454826317
[MO866] Iteration,0,67,9.520621,0.133044
[MO866] Iteration,1,67,9.518500,0.133021
[MO866] Iteration,2,67,9.516130,0.133024
[MO866] Iteration,7,67,9.504879,0.133021
[MO866] Iteration,3,67,9.513783,0.133021
[MO866] Iteration,7,68,9.638030,0.133123
[MO866] Iteration,4,68,9.644531,0.133127
[MO866] Iteration,5,68,9.642562,0.133123
[MO866] Iteration,6,68,9.640028,0.133127
       68       0.73504098638635E-15    22.7127454826317
[MO866] Iteration,0,68,9.653774,0.133147
[MO866] Iteration,1,68,9.651653,0.133124
[MO866] Iteration,2,68,9.649283,0.133128
[MO866] Iteration,3,68,9.646937,0.133125
[MO866] Iteration,2,69,9.782238,0.132929
[MO866] Iteration,7,69,9.770986,0.132926
[MO866] Iteration,4,69,9.777487,0.132929
[MO866] Iteration,5,69,9.775519,0.132927
[MO866] Iteration,6,69,9.772984,0.132929
       69       0.73196026883251E-15    22.7127454826316
[MO866] Iteration,0,69,9.786727,0.132947
[MO866] Iteration,1,69,9.784608,0.132926
[MO866] Iteration,3,69,9.779891,0.132926
[MO866] Iteration,1,70,9.917484,0.132850
[MO866] Iteration,2,70,9.915114,0.132858
[MO866] Iteration,7,70,9.903859,0.132847
[MO866] Iteration,4,70,9.910360,0.132855
[MO866] Iteration,5,70,9.908392,0.132848
[MO866] Iteration,6,70,9.905857,0.132855
       70       0.72990700757830E-15    22.7127454826317
[MO866] Iteration,0,70,9.919600,0.132866
[MO866] Iteration,3,70,9.912767,0.132850
       71       0.73838399009584E-15    22.7127454826319
[MO866] Iteration,0,71,10.052787,0.133181
[MO866] Iteration,1,71,10.050668,0.133160
[MO866] Iteration,2,71,10.048299,0.133165
[MO866] Iteration,7,71,10.037045,0.133159
[MO866] Iteration,4,71,10.043546,0.133163
[MO866] Iteration,5,71,10.041577,0.133159
[MO866] Iteration,6,71,10.039043,0.133163
[MO866] Iteration,3,71,10.045952,0.133161
[MO866] Iteration,6,72,10.172143,0.133076
       72       0.72970728985521E-15    22.7127454826318
[MO866] Iteration,0,72,10.185888,0.133096
[MO866] Iteration,1,72,10.183769,0.133072
[MO866] Iteration,2,72,10.181400,0.133079
[MO866] Iteration,7,72,10.170145,0.133069
[MO866] Iteration,4,72,10.176646,0.133076
[MO866] Iteration,5,72,10.174678,0.133071
[MO866] Iteration,3,72,10.179054,0.133074
[MO866] Iteration,5,73,10.307657,0.132950
[MO866] Iteration,6,73,10.305121,0.132952
       73       0.72605149825031E-15    22.7127454826316
[MO866] Iteration,0,73,10.318863,0.132969
[MO866] Iteration,1,73,10.316746,0.132949
[MO866] Iteration,2,73,10.314376,0.132953
[MO866] Iteration,7,73,10.303123,0.132948
[MO866] Iteration,4,73,10.309624,0.132952
[MO866] Iteration,3,73,10.312029,0.132949
[MO866] Iteration,4,74,10.442680,0.133033
[MO866] Iteration,5,74,10.440711,0.133030
[MO866] Iteration,6,74,10.438177,0.133033
       74       0.73218873831514E-15    22.7127454826318
[MO866] Iteration,0,74,10.451919,0.133050
[MO866] Iteration,1,74,10.449801,0.133030
[MO866] Iteration,2,74,10.447432,0.133034
[MO866] Iteration,7,74,10.436179,0.133029
[MO866] Iteration,3,74,10.445085,0.133031
[MO866] Iteration,7,75,10.569250,0.133043
[MO866] PI avg,7,0.133706,75
[MO866] Beta,7,0.000008
[MO866] Total time,7,10.569335
[MO866] Iteration,4,75,10.575751,0.133049
[MO866] PI avg,4,0.133710,75
[MO866] Beta,4,0.000011
[MO866] Total time,4,10.575859
[MO866] Iteration,5,75,10.573783,0.133044
[MO866] PI avg,5,0.133707,75
[MO866] Beta,5,0.000008
[MO866] Total time,5,10.573863
[MO866] Iteration,6,75,10.571248,0.133049
[MO866] PI avg,6,0.133710,75
[MO866] Beta,6,0.000009
[MO866] Total time,6,10.571334
       75       0.73125107634413E-15    22.7127454826317
[MO866] Iteration,0,75,10.584992,0.133068
 Benchmark completed 
 VERIFICATION SUCCESSFUL 
 Zeta is     0.2271274548263E+02
 Error is    0.3190955452874E-13


 CG Benchmark Completed.
[MO866] Iteration,1,75,10.582876,0.133047
[MO866] PI avg,1,0.133707,75
[MO866] Beta,1,0.000008
[MO866] Total time,1,10.582954
[MO866] Iteration,2,75,10.580505,0.133052
[MO866] PI avg,2,0.133711,75
[MO866] Beta,2,0.000008
[MO866] Total time,2,10.580586
[MO866] Iteration,3,75,10.578159,0.133047
[MO866] PI avg,3,0.133707,75
[MO866] Beta,3,0.000008
[MO866] Total time,3,10.578237
 Class           =                        B
 Size            =                    75000
 Iterations      =                       75
 Time in seconds =                    10.03
 Total processes =                        8
 Active procs    =                        8
 Mop/s total     =                  5454.44
 Mop/s/process   =                   681.81
 Operation type  =           floating point
 Verification    =               SUCCESSFUL
 Version         =                      3.4
 Compile date    =              15 Jun 2020

 Compile options:
    MPIFC        = mpif90
    FLINK        = $(MPIFC)
    FMPI_LIB     = (none)
    FMPI_INC     = (none)
    FFLAGS       = -O3
    FLINKFLAGS   = $(FFLAGS) -O ../kernel_stats/kernel_stats.o...
    RAND         = randi8


 Please send feedbacks and/or the results of this run to:

 NPB Development Team 
 Internet: npb@nas.nasa.gov


[MO866] PI avg,0,0.133729,75
[MO866] Beta,0,0.000026
[MO866] Total time,0,10.585249
