--------------------------------------------------------------------------
[[59724,1],0]: A high-performance Open MPI point-to-point messaging module
was unable to find any relevant network interfaces:

Module: OpenFabrics (openib)
  Host: node06

Another transport will be used instead, although this may result in
lower performance.

NOTE: You can disable this warning by setting the MCA parameter
btl_base_warn_component_unused to 0.
--------------------------------------------------------------------------


 NAS Parallel Benchmarks 3.4 -- CG Benchmark

 Size:     150000  (class C)
 Iterations:    75
 Number of processes:     4
 Number of nonzeroes per row:       15
 Eigenvalue shift:   110.000
[MO866] Init time,1,2.521049
[MO866] Init time,2,2.511651
[MO866] Init time,3,2.509718
[MO866] Init time,0,2.522490
[MO866] Iteration,3,1,3.809072,1.299292
[MO866] Iteration,1,1,3.820431,1.299320
[MO866] Iteration,2,1,3.811016,1.299325

   iteration           ||r||                 zeta
        1       0.34918028513489E-12   109.9994423237398
[MO866] Iteration,0,1,3.822009,1.299479
[MO866] Iteration,1,2,5.077432,1.256947
        2       0.93261202935200E-15    27.3920437146530
[MO866] Iteration,0,2,5.078966,1.256947
[MO866] Iteration,2,2,5.068184,1.257137
[MO866] Iteration,3,2,5.066240,1.257116
        3       0.94002966917904E-15    28.0339761840276
[MO866] Iteration,0,3,6.368483,1.289507
[MO866] Iteration,2,3,6.357570,1.289366
[MO866] Iteration,1,3,6.366962,1.289490
[MO866] Iteration,3,3,6.355626,1.289370
[MO866] Iteration,1,4,7.632016,1.265005
        4       0.94986672029943E-15    28.4191507551296
[MO866] Iteration,0,4,7.633541,1.265047
[MO866] Iteration,3,4,7.620830,1.265150
[MO866] Iteration,2,4,7.622774,1.265175
        5       0.95373147965057E-15    28.6471670038882
[MO866] Iteration,0,5,8.901065,1.267513
[MO866] Iteration,1,5,8.899552,1.267498
[MO866] Iteration,3,5,8.888193,1.267347
[MO866] Iteration,2,5,8.890137,1.267339
[MO866] Iteration,3,6,10.155239,1.266997
        6       0.95933824815541E-15    28.7812969418424
[MO866] Iteration,0,6,10.168091,1.267017
[MO866] Iteration,1,6,10.166573,1.266972
[MO866] Iteration,2,6,10.157184,1.267018
[MO866] Iteration,1,7,11.423693,1.257087
        7       0.95552953080657E-15    28.8600458537354
[MO866] Iteration,0,7,11.425210,1.257108
[MO866] Iteration,2,7,11.414447,1.257231
[MO866] Iteration,3,7,11.412503,1.257228
        8       0.95935583896459E-15    28.9063145572688
[MO866] Iteration,0,8,12.712504,1.287284
[MO866] Iteration,2,8,12.701584,1.287116
[MO866] Iteration,1,8,12.710999,1.287265
[MO866] Iteration,3,8,12.699641,1.287122
[MO866] Iteration,1,9,13.977520,1.266486
        9       0.96295546883800E-15    28.9335649214633
[MO866] Iteration,0,9,13.979036,1.266523
[MO866] Iteration,2,9,13.968121,1.266516
[MO866] Iteration,3,9,13.966177,1.266478
[MO866] Iteration,1,10,15.234025,1.256481
       10       0.95984970808734E-15    28.9496695449005
[MO866] Iteration,0,10,15.235547,1.256501
[MO866] Iteration,2,10,15.224774,1.256635
[MO866] Iteration,3,10,15.222834,1.256621
       11       0.96286896507553E-15    28.9592263353758
[MO866] Iteration,0,11,16.508894,1.273337
[MO866] Iteration,2,11,16.497973,1.273178
[MO866] Iteration,1,11,16.507386,1.273319
[MO866] Iteration,3,11,16.496029,1.273179
[MO866] Iteration,1,12,17.769086,1.261652
       12       0.96132779695897E-15    28.9649233484888
[MO866] Iteration,0,12,17.770602,1.261699
[MO866] Iteration,2,12,17.759688,1.261694
[MO866] Iteration,3,12,17.757744,1.261666
[MO866] Iteration,1,13,19.031553,1.262440
       13       0.96029237140078E-15    28.9683359248936
[MO866] Iteration,0,13,19.033072,1.262460
[MO866] Iteration,3,13,19.020358,1.262576
[MO866] Iteration,2,13,19.022301,1.262581
[MO866] Iteration,3,14,20.277214,1.256839
       14       0.95995316106402E-15    28.9703903960005
[MO866] Iteration,0,14,20.290078,1.256996
[MO866] Iteration,1,14,20.288571,1.256977
[MO866] Iteration,2,14,20.279158,1.256837
[MO866] Iteration,1,15,21.550270,1.261662
[MO866] Iteration,3,15,21.538915,1.261651
       15       0.96086676866082E-15    28.9716336228368
[MO866] Iteration,0,15,21.551775,1.261688
[MO866] Iteration,2,15,21.540861,1.261682
       16       0.96262162662325E-15    28.9723898600848
[MO866] Iteration,0,16,22.807787,1.256002
[MO866] Iteration,1,16,22.806281,1.255984
[MO866] Iteration,3,16,22.794940,1.255995
[MO866] Iteration,2,16,22.796886,1.255999
       17       0.95995080306971E-15    28.9728522692217
[MO866] Iteration,0,17,24.090525,1.282730
[MO866] Iteration,1,17,24.089005,1.282707
[MO866] Iteration,2,17,24.079716,1.282817
[MO866] Iteration,3,17,24.077783,1.282816
[MO866] Iteration,2,18,25.344972,1.265235
[MO866] Iteration,1,18,25.354392,1.265336
       18       0.96193291189142E-15    28.9731364797786
[MO866] Iteration,0,18,25.355883,1.265348
[MO866] Iteration,3,18,25.343028,1.265221
       19       0.95899160435305E-15    28.9733120569290
[MO866] Iteration,0,19,26.631754,1.275863
[MO866] Iteration,2,19,26.620871,1.275876
[MO866] Iteration,1,19,26.630254,1.275847
[MO866] Iteration,3,19,26.618926,1.275870
[MO866] Iteration,1,20,27.899267,1.268984
       20       0.96457382743280E-15    28.9734210663758
[MO866] Iteration,0,20,27.900772,1.269009
[MO866] Iteration,2,20,27.889850,1.268959
[MO866] Iteration,3,20,27.887908,1.268956
[MO866] Iteration,1,21,29.156436,1.257145
       21       0.96345263086780E-15    28.9734890760540
[MO866] Iteration,0,21,29.157955,1.257174
[MO866] Iteration,2,21,29.147180,1.257308
[MO866] Iteration,3,21,29.145236,1.257291
       22       0.95991244026784E-15    28.9735317064871
[MO866] Iteration,0,22,30.414868,1.256903
[MO866] Iteration,2,22,30.403958,1.256758
[MO866] Iteration,1,22,30.413362,1.256887
[MO866] Iteration,3,22,30.402014,1.256762
[MO866] Iteration,1,23,31.681214,1.267830
       23       0.96179771645883E-15    28.9735585497255
[MO866] Iteration,0,23,31.682721,1.267845
[MO866] Iteration,2,23,31.671819,1.267848
[MO866] Iteration,3,23,31.669877,1.267826
[MO866] Iteration,2,24,32.944407,1.272562
[MO866] Iteration,3,24,32.942465,1.272550
       24       0.95922390194743E-15    28.9735755256645
[MO866] Iteration,1,24,32.953945,1.272699
[MO866] Iteration,0,24,32.955435,1.272706
[MO866] Iteration,2,25,34.201430,1.256989
[MO866] Iteration,1,25,34.210831,1.256856
[MO866] Iteration,3,25,34.199487,1.256970
       25       0.95815516189961E-15    28.9735863059383
[MO866] Iteration,0,25,34.212338,1.256893
[MO866] Iteration,3,26,35.455598,1.256075
[MO866] Iteration,2,26,35.457542,1.256086
[MO866] Iteration,1,26,35.466934,1.256080
       26       0.95650780373655E-15    28.9735931787384
[MO866] Iteration,0,26,35.468442,1.256095
[MO866] Iteration,1,27,36.724559,1.257594
       27       0.96122729736496E-15    28.9735975767374
[MO866] Iteration,0,27,36.726079,1.257629
[MO866] Iteration,3,27,36.713354,1.257720
[MO866] Iteration,2,27,36.715300,1.257732
[MO866] Iteration,1,28,37.993114,1.268515
       28       0.96445016745281E-15    28.9736004009986
[MO866] Iteration,0,28,37.994623,1.268535
[MO866] Iteration,3,28,37.981775,1.268405
[MO866] Iteration,2,28,37.983717,1.268396
[MO866] Iteration,3,29,39.249903,1.268091
[MO866] Iteration,1,29,39.261242,1.268100
       29       0.95990409698108E-15    28.9736022206758
[MO866] Iteration,0,29,39.262747,1.268115
[MO866] Iteration,2,29,39.251845,1.268102
       30       0.96122924599343E-15    28.9736033967627
[MO866] Iteration,0,30,40.526233,1.263477
[MO866] Iteration,3,30,40.513364,1.263426
[MO866] Iteration,1,30,40.524721,1.263452
[MO866] Iteration,2,30,40.515308,1.263438
[MO866] Iteration,1,31,41.781163,1.256406
       31       0.96146664491229E-15    28.9736041591164
[MO866] Iteration,0,31,41.782670,1.256426
[MO866] Iteration,3,31,41.769819,1.256425
[MO866] Iteration,2,31,41.771763,1.256429
[MO866] Iteration,3,32,43.027012,1.257156
[MO866] Iteration,1,32,43.038369,1.257182
       32       0.96021527445782E-15    28.9736046546412
[MO866] Iteration,0,32,43.039866,1.257188
[MO866] Iteration,2,32,43.028958,1.257171
       33       0.96021180308293E-15    28.9736049775610
[MO866] Iteration,0,33,44.296571,1.256697
[MO866] Iteration,1,33,44.295048,1.256650
[MO866] Iteration,2,33,44.285812,1.256834
[MO866] Iteration,3,33,44.283867,1.256826
[MO866] Iteration,1,34,45.551739,1.256651
[MO866] Iteration,2,34,45.542348,1.256516
       34       0.95729744671819E-15    28.9736051885093
[MO866] Iteration,0,34,45.553246,1.256666
[MO866] Iteration,3,34,45.540404,1.256521
       35       0.95819450134146E-15    28.9736053266252
[MO866] Iteration,0,35,46.810151,1.256896
[MO866] Iteration,1,35,46.808645,1.256875
[MO866] Iteration,2,35,46.799243,1.256870
[MO866] Iteration,3,35,46.797299,1.256860
[MO866] Iteration,2,36,48.082311,1.283055
       36       0.95868554202208E-15    28.9736054172461
[MO866] Iteration,0,36,48.093223,1.283063
[MO866] Iteration,1,36,48.091715,1.283047
[MO866] Iteration,3,36,48.080367,1.283031
[MO866] Iteration,1,37,49.363724,1.271976
[MO866] Iteration,2,37,49.354307,1.271983
       37       0.95768757616458E-15    28.9736054768224
[MO866] Iteration,0,37,49.365234,1.272003
[MO866] Iteration,3,37,49.352365,1.271948
       38       0.96008098193957E-15    28.9736055160636
[MO866] Iteration,0,38,50.627027,1.261782
[MO866] Iteration,1,38,50.625520,1.261768
[MO866] Iteration,2,38,50.616117,1.261783
[MO866] Iteration,3,38,50.614173,1.261780
[MO866] Iteration,2,39,51.873184,1.257054
       39       0.95588177574636E-15    28.9736055419569
[MO866] Iteration,0,39,51.884082,1.257046
[MO866] Iteration,1,39,51.882576,1.257033
[MO866] Iteration,3,39,51.871239,1.257029
[MO866] Iteration,1,40,53.139053,1.256447
[MO866] Iteration,2,40,53.129648,1.256439
       40       0.95596041801372E-15    28.9736055590703
[MO866] Iteration,0,40,53.140561,1.256470
[MO866] Iteration,3,40,53.127704,1.256429
       41       0.95746930735378E-15    28.9736055703979
[MO866] Iteration,0,41,54.396963,1.256393
[MO866] Iteration,1,41,54.395443,1.256354
[MO866] Iteration,3,41,54.384259,1.256518
[MO866] Iteration,2,41,54.386202,1.256540
[MO866] Iteration,1,42,55.662270,1.266788
       42       0.95997167085028E-15    28.9736055779079
[MO866] Iteration,0,42,55.663764,1.266792
[MO866] Iteration,3,42,55.650925,1.266651
[MO866] Iteration,2,42,55.652869,1.266646
[MO866] Iteration,3,43,56.907176,1.256224
[MO866] Iteration,1,43,56.918511,1.256227
       43       0.95723880205007E-15    28.9736055828930
[MO866] Iteration,0,43,56.920036,1.256264
[MO866] Iteration,2,43,56.909133,1.256250
       44       0.95924740452702E-15    28.9736055862076
[MO866] Iteration,0,44,58.177272,1.257229
[MO866] Iteration,3,44,58.164430,1.257227
[MO866] Iteration,1,44,58.175766,1.257232
[MO866] Iteration,2,44,58.166374,1.257227
[MO866] Iteration,1,45,59.432993,1.257195
       45       0.95371145597657E-15    28.9736055884132
[MO866] Iteration,0,45,59.434508,1.257228
[MO866] Iteration,3,45,59.421651,1.257184
[MO866] Iteration,2,45,59.423595,1.257196
[MO866] Iteration,3,46,60.678400,1.256713
[MO866] Iteration,1,46,60.689737,1.256720
       46       0.95318903643820E-15    28.9736055898831
[MO866] Iteration,0,46,60.691243,1.256724
[MO866] Iteration,2,46,60.680344,1.256720
       47       0.95790947016508E-15    28.9736055908644
[MO866] Iteration,0,47,61.948241,1.256989
[MO866] Iteration,3,47,61.935396,1.256967
[MO866] Iteration,1,47,61.946735,1.256975
[MO866] Iteration,2,47,61.937340,1.256971
[MO866] Iteration,1,48,63.203178,1.256416
       48       0.95959995836323E-15    28.9736055915181
[MO866] Iteration,0,48,63.204687,1.256437
[MO866] Iteration,3,48,63.191835,1.256404
[MO866] Iteration,2,48,63.193779,1.256413
[MO866] Iteration,3,49,64.459695,1.267822
[MO866] Iteration,2,49,64.461639,1.267847
       49       0.95753779499159E-15    28.9736055919562
[MO866] Iteration,1,49,64.471189,1.267985
[MO866] Iteration,0,49,64.472671,1.267975
[MO866] Iteration,1,50,65.726786,1.255567
       50       0.95764123496239E-15    28.9736055922487
[MO866] Iteration,0,50,65.728305,1.255626
[MO866] Iteration,3,50,65.715595,1.255848
[MO866] Iteration,2,50,65.717540,1.255876
       51       0.95483213890000E-15    28.9736055924456
[MO866] Iteration,0,51,66.985360,1.257045
[MO866] Iteration,1,51,66.983854,1.257028
[MO866] Iteration,3,51,66.972513,1.256902
[MO866] Iteration,2,51,66.974457,1.256897
[MO866] Iteration,3,52,68.229309,1.256760
       52       0.95068160191577E-15    28.9736055925766
[MO866] Iteration,0,52,68.242173,1.256804
[MO866] Iteration,1,52,68.240665,1.256785
[MO866] Iteration,2,52,68.231253,1.256772
[MO866] Iteration,1,53,69.496818,1.256117
[MO866] Iteration,3,53,69.485473,1.256127
       53       0.95462149821796E-15    28.9736055926645
[MO866] Iteration,0,53,69.498324,1.256142
[MO866] Iteration,2,53,69.487417,1.256143
       54       0.96256618266640E-15    28.9736055927226
[MO866] Iteration,0,54,70.755352,1.257019
[MO866] Iteration,1,54,70.753853,1.257012
[MO866] Iteration,3,54,70.742522,1.257012
[MO866] Iteration,2,54,70.744468,1.257026
[MO866] Iteration,3,55,71.998642,1.256093
       55       0.95659170926785E-15    28.9736055927623
[MO866] Iteration,0,55,72.011488,1.256127
[MO866] Iteration,1,55,72.009981,1.256101
[MO866] Iteration,2,55,72.000586,1.256105
[MO866] Iteration,1,56,73.271305,1.261295
[MO866] Iteration,3,56,73.259962,1.261283
       56       0.95432275329106E-15    28.9736055927895
[MO866] Iteration,0,56,73.272824,1.261327
[MO866] Iteration,2,56,73.261906,1.261294
       57       0.95491178355062E-15    28.9736055928084
[MO866] Iteration,0,57,74.529359,1.256525
[MO866] Iteration,1,57,74.527851,1.256521
[MO866] Iteration,3,57,74.516516,1.256517
[MO866] Iteration,2,57,74.518460,1.256535
[MO866] Iteration,3,58,75.773720,1.257167
       58       0.95456960678414E-15    28.9736055928196
[MO866] Iteration,0,58,75.786571,1.257203
[MO866] Iteration,1,58,75.785067,1.257183
[MO866] Iteration,2,58,75.775662,1.257176
[MO866] Iteration,1,59,77.044981,1.259892
[MO866] Iteration,3,59,77.033639,1.259882
       59       0.95676787433924E-15    28.9736055928280
[MO866] Iteration,0,59,77.046488,1.259909
[MO866] Iteration,2,59,77.035583,1.259908
       60       0.95323859143322E-15    28.9736055928346
[MO866] Iteration,0,60,78.302625,1.256129
[MO866] Iteration,1,60,78.301119,1.256113
[MO866] Iteration,3,60,78.289784,1.256109
[MO866] Iteration,2,60,78.291728,1.256120
       61       0.95435144665413E-15    28.9736055928382
[MO866] Iteration,0,61,79.559893,1.257259
[MO866] Iteration,1,61,79.558385,1.257232
[MO866] Iteration,3,61,79.547190,1.257368
[MO866] Iteration,2,61,79.549134,1.257381
[MO866] Iteration,1,62,80.814764,1.256350
[MO866] Iteration,3,62,80.803428,1.256223
       62       0.95872176340540E-15    28.9736055928405
[MO866] Iteration,0,62,80.816272,1.256369
[MO866] Iteration,2,62,80.805371,1.256216
       63       0.95212290767308E-15    28.9736055928420
[MO866] Iteration,0,63,82.075972,1.259691
[MO866] Iteration,1,63,82.074478,1.259682
[MO866] Iteration,3,63,82.063140,1.259675
[MO866] Iteration,2,63,82.065084,1.259686
[MO866] Iteration,3,64,83.324810,1.261643
       64       0.95286732683930E-15    28.9736055928438
[MO866] Iteration,0,64,83.337673,1.261693
[MO866] Iteration,1,64,83.336165,1.261667
[MO866] Iteration,2,64,83.326754,1.261655
[MO866] Iteration,1,65,84.592402,1.256200
[MO866] Iteration,3,65,84.581064,1.256206
       65       0.95664021979590E-15    28.9736055928435
[MO866] Iteration,0,65,84.593909,1.256227
[MO866] Iteration,2,65,84.583008,1.256235
       66       0.95330095754448E-15    28.9736055928445
[MO866] Iteration,0,66,85.850540,1.256622
[MO866] Iteration,1,66,85.849032,1.256600
[MO866] Iteration,3,66,85.837690,1.256589
[MO866] Iteration,2,66,85.839634,1.256601
[MO866] Iteration,3,67,87.094426,1.256698
       67       0.95423532836686E-15    28.9736055928447
[MO866] Iteration,0,67,87.107267,1.256719
[MO866] Iteration,1,67,87.105761,1.256703
[MO866] Iteration,2,67,87.096370,1.256711
[MO866] Iteration,1,68,88.369700,1.263907
[MO866] Iteration,3,68,88.358343,1.263881
       68       0.95544125819715E-15    28.9736055928450
[MO866] Iteration,0,68,88.371215,1.263940
[MO866] Iteration,2,68,88.360287,1.263892
       69       0.95225936673019E-15    28.9736055928440
[MO866] Iteration,0,69,89.627331,1.256106
[MO866] Iteration,1,69,89.625824,1.256089
[MO866] Iteration,3,69,89.614478,1.256105
[MO866] Iteration,2,69,89.616421,1.256106
[MO866] Iteration,3,70,90.871447,1.256932
       70       0.95281554497492E-15    28.9736055928450
[MO866] Iteration,0,70,90.884306,1.256966
[MO866] Iteration,1,70,90.882800,1.256952
[MO866] Iteration,2,70,90.873389,1.256955
[MO866] Iteration,1,71,92.144843,1.262016
[MO866] Iteration,3,71,92.133498,1.262015
       71       0.95355646251647E-15    28.9736055928452
[MO866] Iteration,0,71,92.146350,1.262036
[MO866] Iteration,2,71,92.135442,1.262036
       72       0.95194011825555E-15    28.9736055928470
[MO866] Iteration,0,72,93.402217,1.255859
[MO866] Iteration,1,72,93.400708,1.255842
[MO866] Iteration,3,72,93.389366,1.255832
[MO866] Iteration,2,72,93.391310,1.255855
[MO866] Iteration,3,73,94.681416,1.292013
       73       0.95618872476637E-15    28.9736055928450
[MO866] Iteration,0,73,94.694259,1.292034
[MO866] Iteration,1,73,94.692751,1.292017
[MO866] Iteration,2,73,94.683358,1.292022
[MO866] Iteration,1,74,95.949221,1.256424
       74       0.95688209213914E-15    28.9736055928442
[MO866] Iteration,0,74,95.950743,1.256475
[MO866] Iteration,2,74,95.939978,1.256594
[MO866] Iteration,3,74,95.938034,1.256568
       75       0.95214517773215E-15    28.9736055928458
[MO866] Iteration,0,75,97.208603,1.257850
[MO866] Iteration,2,75,97.197699,1.257700
[MO866] PI avg,2,1.262458,75
[MO866] Beta,2,0.000001
[MO866] Total time,2,97.197785
[MO866] Iteration,1,75,97.207095,1.257834
[MO866] PI avg,1,1.262449,75
[MO866] Beta,1,0.000001
[MO866] Total time,1,97.207179
[MO866] Iteration,3,75,97.195756,1.257706
[MO866] PI avg,3,1.262446,75
[MO866] Beta,3,0.000001
[MO866] Total time,3,97.195878
 Benchmark completed 
 VERIFICATION SUCCESSFUL 
 Zeta is     0.2897360559285E+02
 Error is    0.2709879239913E-13


 CG Benchmark Completed.
 Class           =                        C
 Size            =                   150000
 Iterations      =                       75
 Time in seconds =                    94.69
 Total processes =                        4
 Active procs    =                        4
 Mop/s total     =                  1513.92
 Mop/s/process   =                   378.48
 Operation type  =           floating point
 Verification    =               SUCCESSFUL
 Version         =                      3.4
 Compile date    =              15 Jun 2020

 Compile options:
    MPIFC        = mpif90
    FLINK        = $(MPIFC)
    FMPI_LIB     = (none)
    FMPI_INC     = (none)
    FFLAGS       = -O3
    FLINKFLAGS   = $(FFLAGS) -O ../kernel_stats/kernel_stats.o...
    RAND         = randi8


 Please send feedbacks and/or the results of this run to:

 NPB Development Team 
 Internet: npb@nas.nasa.gov


[MO866] PI avg,0,1.262472,75
[MO866] Beta,0,0.000003
[MO866] Total time,0,97.208845
