--------------------------------------------------------------------------
[[60680,1],0]: A high-performance Open MPI point-to-point messaging module
was unable to find any relevant network interfaces:

Module: OpenFabrics (openib)
  Host: node06

Another transport will be used instead, although this may result in
lower performance.

NOTE: You can disable this warning by setting the MCA parameter
btl_base_warn_component_unused to 0.
--------------------------------------------------------------------------


 NAS Parallel Benchmarks 3.4 -- FT Benchmark

 No input file inputft.data. Using compiled defaults
 Size                :  512x 512x 512  (class C)
 Iterations          :             20
 Number of processes :              2
 Processor array     :         1x   2
 Layout type         :             1D

 Initialization time =      9.2045

[MO866] Init time,0,17.564313
[MO866] Init time,1,17.571088
[MO866] Iteration,1,1,24.248592,6.677428
 T =    1     Checksum =    5.195078707457D+02    5.149019699238D+02
[MO866] Iteration,0,1,24.252550,6.688179
[MO866] Iteration,1,2,31.134738,6.886109
 T =    2     Checksum =    5.155422171134D+02    5.127578201997D+02
[MO866] Iteration,0,2,31.138658,6.886098
[MO866] Iteration,1,3,37.640204,6.505434
 T =    3     Checksum =    5.144678022222D+02    5.122251847514D+02
[MO866] Iteration,0,3,37.644121,6.505453
[MO866] Iteration,1,4,44.413287,6.773039
 T =    4     Checksum =    5.140150594328D+02    5.121090289018D+02
[MO866] Iteration,0,4,44.417193,6.773065
[MO866] Iteration,1,5,50.937078,6.523758
 T =    5     Checksum =    5.137550426810D+02    5.121143685824D+02
[MO866] Iteration,0,5,50.940995,6.523797
[MO866] Iteration,1,6,57.369162,6.432051
 T =    6     Checksum =    5.135811056728D+02    5.121496764568D+02
[MO866] Iteration,0,6,57.373093,6.432092
[MO866] Iteration,1,7,64.042516,6.673312
 T =    7     Checksum =    5.134569343165D+02    5.121870921893D+02
[MO866] Iteration,0,7,64.062343,6.689243
[MO866] Iteration,1,8,70.561927,6.519378
 T =    8     Checksum =    5.133651975661D+02    5.122193250322D+02
[MO866] Iteration,0,8,70.565836,6.503473
[MO866] Iteration,1,9,76.951503,6.389543
 T =    9     Checksum =    5.132955192805D+02    5.122454735794D+02
[MO866] Iteration,0,9,76.955422,6.389577
[MO866] Iteration,1,10,83.466628,6.515082
 T =   10     Checksum =    5.132410471738D+02    5.122663649603D+02
[MO866] Iteration,0,10,83.533062,6.577633
[MO866] Iteration,1,11,89.961813,6.495153
 T =   11     Checksum =    5.131971141679D+02    5.122830879827D+02
[MO866] Iteration,0,11,90.030728,6.497645
[MO866] Iteration,1,12,96.447176,6.485331
 T =   12     Checksum =    5.131605205716D+02    5.122965869718D+02
[MO866] Iteration,0,12,96.451079,6.420343
[MO866] Iteration,1,13,102.839336,6.392126
 T =   13     Checksum =    5.131290734194D+02    5.123075927445D+02
[MO866] Iteration,0,13,102.843266,6.392169
[MO866] Iteration,1,14,109.394254,6.554876
 T =   14     Checksum =    5.131012720314D+02    5.123166486553D+02
[MO866] Iteration,0,14,109.398171,6.554898
[MO866] Iteration,1,15,115.732865,6.338578
 T =   15     Checksum =    5.130760908195D+02    5.123241541685D+02
[MO866] Iteration,0,15,115.736780,6.338603
[MO866] Iteration,1,16,122.185875,6.452976
 T =   16     Checksum =    5.130528295923D+02    5.123304037599D+02
[MO866] Iteration,0,16,122.189793,6.453008
[MO866] Iteration,1,17,128.448247,6.262340
 T =   17     Checksum =    5.130310107773D+02    5.123356167976D+02
[MO866] Iteration,0,17,128.452163,6.262364
[MO866] Iteration,1,18,134.886478,6.438199
 T =   18     Checksum =    5.130103090133D+02    5.123399592211D+02
[MO866] Iteration,0,18,134.890407,6.438238
[MO866] Iteration,1,19,141.316476,6.429956
 T =   19     Checksum =    5.129905029333D+02    5.123435588985D+02
[MO866] Iteration,0,19,141.360767,6.470353
[MO866] Iteration,1,20,147.752933,6.436424
 T =   20     Checksum =    5.129714421109D+02    5.123465164008D+02
[MO866] Iteration,0,20,147.756848,6.396061
 Result verification successful


 FT Benchmark Completed.
 Class           =                        C
 Size            =            512x 512x 512
 Iterations      =                       20
 Time in seconds =                   138.42
 Total processes =                        2
 Active procs    =                        2
 Mop/s total     =                  2863.67
 Mop/s/process   =                  1431.83
 Operation type  =           floating point
 Verification    =               SUCCESSFUL
 Version         =                      3.4
 Compile date    =              15 Jun 2020

 Compile options:
    MPIFC        = mpif90
    FLINK        = $(MPIFC)
    FMPI_LIB     = (none)
    FMPI_INC     = (none)
    FFLAGS       = -O3
    FLINKFLAGS   = $(FFLAGS) -O ../kernel_stats/kernel_stats.o...
    RAND         = randi8


 Please send feedbacks and/or the results of this run to:

 NPB Development Team 
 Internet: npb@nas.nasa.gov


