--------------------------------------------------------------------------
[[60700,1],0]: A high-performance Open MPI point-to-point messaging module
was unable to find any relevant network interfaces:

Module: OpenFabrics (openib)
  Host: node06

Another transport will be used instead, although this may result in
lower performance.

NOTE: You can disable this warning by setting the MCA parameter
btl_base_warn_component_unused to 0.
--------------------------------------------------------------------------


 NAS Parallel Benchmarks 3.4 -- FT Benchmark

 No input file inputft.data. Using compiled defaults
 Size                :  512x 512x 512  (class C)
 Iterations          :             20
 Number of processes :              4
 Processor array     :         1x   4
 Layout type         :             1D

 Initialization time =      5.2233

[MO866] Init time,0,9.842653
[MO866] Init time,2,9.872249
[MO866] Init time,3,9.936554
[MO866] Init time,1,9.954282
[MO866] Iteration,2,1,13.704004,3.831673
[MO866] Iteration,3,1,13.817697,3.881033
[MO866] Iteration,1,1,13.825991,3.871568
 T =    1     Checksum =    5.195078707457D+02    5.149019699238D+02
[MO866] Iteration,0,1,13.827963,3.985248
[MO866] Iteration,2,2,17.596337,3.892297
[MO866] Iteration,1,2,17.753358,3.927321
 T =    2     Checksum =    5.155422171134D+02    5.127578201997D+02
[MO866] Iteration,0,2,17.774487,3.946514
[MO866] Iteration,3,2,17.767757,3.950005
[MO866] Iteration,2,3,21.470356,3.873984
[MO866] Iteration,3,3,21.610055,3.842237
[MO866] Iteration,1,3,21.619302,3.865892
 T =    3     Checksum =    5.144678022222D+02    5.122251847514D+02
[MO866] Iteration,0,3,21.621253,3.846748
[MO866] Iteration,2,4,25.386157,3.915758
[MO866] Iteration,3,4,25.468048,3.857944
 T =    4     Checksum =    5.140150594328D+02    5.121090289018D+02
[MO866] Iteration,0,4,25.479312,3.858036
[MO866] Iteration,1,4,25.477374,3.858027
[MO866] Iteration,2,5,29.147325,3.761136
[MO866] Iteration,3,5,29.282102,3.814008
[MO866] Iteration,1,5,29.290893,3.813468
 T =    5     Checksum =    5.137550426810D+02    5.121143685824D+02
[MO866] Iteration,0,5,29.292847,3.813526
[MO866] Iteration,2,6,32.945352,3.797993
[MO866] Iteration,3,6,33.075421,3.793259
 T =    6     Checksum =    5.135811056728D+02    5.121496764568D+02
[MO866] Iteration,0,6,33.086797,3.793931
[MO866] Iteration,1,6,33.084876,3.793903
[MO866] Iteration,2,7,36.733880,3.788484
[MO866] Iteration,3,7,36.912240,3.836763
[MO866] Iteration,1,7,36.921035,3.836095
 T =    7     Checksum =    5.134569343165D+02    5.121870921893D+02
[MO866] Iteration,0,7,36.922962,3.836142
[MO866] Iteration,2,8,40.609179,3.875265
[MO866] Iteration,3,8,40.748406,3.836116
 T =    8     Checksum =    5.133651975661D+02    5.122193250322D+02
[MO866] Iteration,0,8,40.759462,3.836478
[MO866] Iteration,1,8,40.757485,3.836380
[MO866] Iteration,2,9,44.495724,3.886511
[MO866] Iteration,3,9,44.559712,3.811257
[MO866] Iteration,1,9,44.568072,3.810517
 T =    9     Checksum =    5.132955192805D+02    5.122454735794D+02
[MO866] Iteration,0,9,44.570003,3.810526
[MO866] Iteration,2,10,48.257372,3.761606
[MO866] Iteration,3,10,48.399487,3.839729
 T =   10     Checksum =    5.132410471738D+02    5.122663649603D+02
[MO866] Iteration,0,10,48.410399,3.840373
[MO866] Iteration,1,10,48.408471,3.840335
[MO866] Iteration,2,11,52.087920,3.830518
[MO866] Iteration,3,11,52.261835,3.862297
[MO866] Iteration,1,11,52.270896,3.862359
 T =   11     Checksum =    5.131971141679D+02    5.122830879827D+02
[MO866] Iteration,0,11,52.272853,3.862429
[MO866] Iteration,2,12,55.915702,3.827751
[MO866] Iteration,3,12,56.095998,3.834113
 T =   12     Checksum =    5.131605205716D+02    5.122965869718D+02
[MO866] Iteration,0,12,56.106607,3.833731
[MO866] Iteration,1,12,56.104672,3.833710
[MO866] Iteration,2,13,59.820902,3.905156
[MO866] Iteration,3,13,59.944738,3.848690
[MO866] Iteration,1,13,59.954585,3.849870
 T =   13     Checksum =    5.131290734194D+02    5.123075927445D+02
[MO866] Iteration,0,13,59.956540,3.849922
[MO866] Iteration,2,14,63.681480,3.860545
[MO866] Iteration,3,14,63.800338,3.855544
 T =   14     Checksum =    5.131012720314D+02    5.123166486553D+02
[MO866] Iteration,0,14,63.811520,3.854953
[MO866] Iteration,1,14,63.809524,3.854853
[MO866] Iteration,2,15,67.435181,3.753669
[MO866] Iteration,3,15,67.569890,3.769494
[MO866] Iteration,1,15,67.578677,3.769068
 T =   15     Checksum =    5.130760908195D+02    5.123241541685D+02
[MO866] Iteration,0,15,67.580621,3.769087
[MO866] Iteration,2,16,71.219241,3.784019
[MO866] Iteration,3,16,71.337823,3.767883
 T =   16     Checksum =    5.130528295923D+02    5.123304037599D+02
[MO866] Iteration,0,16,71.347551,3.766919
[MO866] Iteration,1,16,71.345611,3.766846
[MO866] Iteration,2,17,75.065501,3.846227
[MO866] Iteration,3,17,75.187041,3.849167
[MO866] Iteration,1,17,75.196426,3.850773
 T =   17     Checksum =    5.130310107773D+02    5.123356167976D+02
[MO866] Iteration,0,17,75.198380,3.850817
[MO866] Iteration,2,18,78.851890,3.786354
[MO866] Iteration,3,18,79.042197,3.855104
 T =   18     Checksum =    5.130103090133D+02    5.123399592211D+02
[MO866] Iteration,0,18,79.072333,3.873938
[MO866] Iteration,1,18,79.070393,3.873903
[MO866] Iteration,2,19,82.690008,3.838087
[MO866] Iteration,3,19,82.866346,3.824100
[MO866] Iteration,1,19,82.874165,3.803715
 T =   19     Checksum =    5.129905029333D+02    5.123435588985D+02
[MO866] Iteration,0,19,82.876103,3.803745
[MO866] Iteration,2,20,86.561790,3.871752
[MO866] Iteration,1,20,86.711278,3.837055
[MO866] Iteration,3,20,86.720746,3.854356
 T =   20     Checksum =    5.129714421109D+02    5.123465164008D+02
[MO866] Iteration,0,20,86.727416,3.851302
 Result verification successful


 FT Benchmark Completed.
 Class           =                        C
 Size            =            512x 512x 512
 Iterations      =                       20
 Time in seconds =                    81.31
 Total processes =                        4
 Active procs    =                        4
 Mop/s total     =                  4874.90
 Mop/s/process   =                  1218.73
 Operation type  =           floating point
 Verification    =               SUCCESSFUL
 Version         =                      3.4
 Compile date    =              15 Jun 2020

 Compile options:
    MPIFC        = mpif90
    FLINK        = $(MPIFC)
    FMPI_LIB     = (none)
    FMPI_INC     = (none)
    FFLAGS       = -O3
    FLINKFLAGS   = $(FFLAGS) -O ../kernel_stats/kernel_stats.o...
    RAND         = randi8


 Please send feedbacks and/or the results of this run to:

 NPB Development Team 
 Internet: npb@nas.nasa.gov


