--------------------------------------------------------------------------
[[60364,1],1]: A high-performance Open MPI point-to-point messaging module
was unable to find any relevant network interfaces:

Module: OpenFabrics (openib)
  Host: node06

Another transport will be used instead, although this may result in
lower performance.

NOTE: You can disable this warning by setting the MCA parameter
btl_base_warn_component_unused to 0.
--------------------------------------------------------------------------


 NAS Parallel Benchmarks 3.4 -- LU Benchmark

 Size:   64x  64x  64  (class A)
 Iterations:  250
 Total number of processes:     2

[MO866] Init time,1,0.233326
[MO866] Init time,0,0.236870
[MO866] Iteration,1,1,0.318434,0.085073
[MO866] Iteration,0,1,0.322200,0.085295
 Time step    1
[MO866] Iteration,1,2,0.458833,0.084389
[MO866] Iteration,0,2,0.462567,0.084579
[MO866] Iteration,1,3,0.543540,0.084670
[MO866] Iteration,0,3,0.547279,0.084694
[MO866] Iteration,1,4,0.628236,0.084663
[MO866] Iteration,0,4,0.632038,0.084743
[MO866] Iteration,1,5,0.712954,0.084681
[MO866] Iteration,0,5,0.716783,0.084729
[MO866] Iteration,1,6,0.797810,0.084820
[MO866] Iteration,0,6,0.801548,0.084751
[MO866] Iteration,1,7,0.882528,0.084686
[MO866] Iteration,0,7,0.886234,0.084671
[MO866] Iteration,1,8,0.967263,0.084702
[MO866] Iteration,0,8,0.970994,0.084745
[MO866] Iteration,1,9,1.052102,0.084803
[MO866] Iteration,0,9,1.055815,0.084806
[MO866] Iteration,1,10,1.143571,0.091432
[MO866] Iteration,0,10,1.147541,0.091708
[MO866] Iteration,1,11,1.228612,0.084982
[MO866] Iteration,0,11,1.232441,0.084871
[MO866] Iteration,1,12,1.313440,0.084793
[MO866] Iteration,0,12,1.317165,0.084708
[MO866] Iteration,1,13,1.398153,0.084682
[MO866] Iteration,0,13,1.401862,0.084682
[MO866] Iteration,1,14,1.482926,0.084740
[MO866] Iteration,0,14,1.486678,0.084800
[MO866] Iteration,1,15,1.567659,0.084697
[MO866] Iteration,0,15,1.571390,0.084696
[MO866] Iteration,1,16,1.652336,0.084640
[MO866] Iteration,0,16,1.656133,0.084728
[MO866] Iteration,1,17,1.737075,0.084704
[MO866] Iteration,0,17,1.740925,0.084776
[MO866] Iteration,1,18,1.821928,0.084817
[MO866] Iteration,0,18,1.825663,0.084725
[MO866] Iteration,1,19,1.906703,0.084742
[MO866] Iteration,0,19,1.910425,0.084747
[MO866] Iteration,1,20,1.991413,0.084675
[MO866] Iteration,0,20,1.995239,0.084799
 Time step   20
[MO866] Iteration,0,21,2.079678,0.084424
[MO866] Iteration,1,21,2.076263,0.084815
[MO866] Iteration,0,22,2.164047,0.084332
[MO866] Iteration,1,22,2.160621,0.084342
[MO866] Iteration,0,23,2.248412,0.084328
[MO866] Iteration,1,23,2.244971,0.084335
[MO866] Iteration,1,24,2.334915,0.089928
[MO866] Iteration,0,24,2.338638,0.090191
[MO866] Iteration,1,25,2.418344,0.083393
[MO866] Iteration,0,25,2.422062,0.083408
[MO866] Iteration,1,26,2.501835,0.083458
[MO866] Iteration,0,26,2.505559,0.083481
[MO866] Iteration,1,27,2.585922,0.084055
[MO866] Iteration,0,27,2.589654,0.084080
[MO866] Iteration,1,28,2.670646,0.084692
[MO866] Iteration,0,28,2.674387,0.084717
[MO866] Iteration,1,29,2.755378,0.084699
[MO866] Iteration,0,29,2.759091,0.084688
[MO866] Iteration,1,30,2.840048,0.084635
[MO866] Iteration,0,30,2.843790,0.084684
[MO866] Iteration,1,31,2.924754,0.084671
[MO866] Iteration,0,31,2.928564,0.084758
[MO866] Iteration,1,32,3.009619,0.084829
[MO866] Iteration,0,32,3.013468,0.084888
[MO866] Iteration,1,33,3.094434,0.084773
[MO866] Iteration,0,33,3.098149,0.084667
[MO866] Iteration,1,34,3.186424,0.091956
[MO866] Iteration,0,34,3.190386,0.092220
[MO866] Iteration,1,35,3.271292,0.084814
[MO866] Iteration,0,35,3.275024,0.084609
[MO866] Iteration,1,36,3.355857,0.084530
[MO866] Iteration,0,36,3.359574,0.084534
[MO866] Iteration,1,37,3.440332,0.084439
[MO866] Iteration,0,37,3.444158,0.084569
[MO866] Iteration,1,38,3.524893,0.084523
[MO866] Iteration,0,38,3.528732,0.084560
[MO866] Iteration,1,39,3.609654,0.084725
[MO866] Iteration,0,39,3.613387,0.084642
[MO866] Iteration,1,40,3.694225,0.084527
[MO866] Iteration,0,40,3.697965,0.084564
 Time step   40
[MO866] Iteration,1,41,3.778889,0.084632
[MO866] Iteration,0,41,3.782654,0.084673
[MO866] Iteration,1,42,3.863514,0.084590
[MO866] Iteration,0,42,3.867267,0.084597
[MO866] Iteration,1,43,3.948114,0.084564
[MO866] Iteration,0,43,3.951848,0.084566
[MO866] Iteration,1,44,4.032701,0.084550
[MO866] Iteration,0,44,4.036155,0.084290
[MO866] Iteration,0,45,4.120414,0.084223
[MO866] Iteration,1,45,4.116976,0.084259
[MO866] Iteration,0,46,4.204640,0.084189
[MO866] Iteration,1,46,4.201232,0.084240
[MO866] Iteration,1,47,4.285582,0.084336
[MO866] Iteration,0,47,4.289438,0.084737
[MO866] Iteration,1,48,4.370390,0.084775
[MO866] Iteration,0,48,4.374105,0.084652
[MO866] Iteration,1,49,4.455021,0.084599
[MO866] Iteration,0,49,4.458757,0.084637
[MO866] Iteration,1,50,4.539665,0.084609
[MO866] Iteration,0,50,4.543424,0.084652
[MO866] Iteration,1,51,4.624303,0.084603
[MO866] Iteration,0,51,4.628025,0.084585
[MO866] Iteration,1,52,4.708950,0.084612
[MO866] Iteration,0,52,4.712770,0.084729
[MO866] Iteration,1,53,4.793688,0.084702
[MO866] Iteration,0,53,4.797509,0.084725
[MO866] Iteration,1,54,4.878412,0.084693
[MO866] Iteration,0,54,4.882148,0.084625
[MO866] Iteration,1,55,4.963040,0.084596
[MO866] Iteration,0,55,4.966768,0.084604
[MO866] Iteration,1,56,5.047714,0.084640
[MO866] Iteration,0,56,5.051456,0.084672
[MO866] Iteration,0,57,5.137953,0.086481
[MO866] Iteration,1,57,5.134611,0.086861
[MO866] Iteration,1,58,5.219206,0.084576
[MO866] Iteration,0,58,5.222929,0.084943
[MO866] Iteration,0,59,5.312240,0.089295
[MO866] Iteration,1,59,5.308792,0.089549
[MO866] Iteration,0,60,5.396534,0.084254
 Time step   60
[MO866] Iteration,1,60,5.393131,0.084323
[MO866] Iteration,0,61,5.480773,0.084203
[MO866] Iteration,1,61,5.477351,0.084207
[MO866] Iteration,1,62,5.567932,0.090566
[MO866] Iteration,0,62,5.571641,0.090834
[MO866] Iteration,0,63,5.655913,0.084239
[MO866] Iteration,1,63,5.652504,0.084514
[MO866] Iteration,0,64,5.740134,0.084185
[MO866] Iteration,1,64,5.736701,0.084182
[MO866] Iteration,1,65,5.821216,0.084499
[MO866] Iteration,0,65,5.825053,0.084884
[MO866] Iteration,1,66,5.906034,0.084783
[MO866] Iteration,0,66,5.909835,0.084767
[MO866] Iteration,1,67,5.990699,0.084631
[MO866] Iteration,0,67,5.994544,0.084695
[MO866] Iteration,0,68,6.078749,0.084190
[MO866] Iteration,1,68,6.075318,0.084585
[MO866] Iteration,0,69,6.163014,0.084231
[MO866] Iteration,1,69,6.159580,0.084246
[MO866] Iteration,0,70,6.247214,0.084165
[MO866] Iteration,1,70,6.243796,0.084200
[MO866] Iteration,1,71,6.328248,0.084437
[MO866] Iteration,0,71,6.331973,0.084723
[MO866] Iteration,1,72,6.412838,0.084552
[MO866] Iteration,0,72,6.416642,0.084653
[MO866] Iteration,1,73,6.497613,0.084738
[MO866] Iteration,0,73,6.501344,0.084687
[MO866] Iteration,1,74,6.582225,0.084579
[MO866] Iteration,0,74,6.585951,0.084593
[MO866] Iteration,1,75,6.666778,0.084520
[MO866] Iteration,0,75,6.670500,0.084534
[MO866] Iteration,1,76,6.751338,0.084525
[MO866] Iteration,0,76,6.755079,0.084564
[MO866] Iteration,1,77,6.835926,0.084552
[MO866] Iteration,0,77,6.839680,0.084585
[MO866] Iteration,1,78,6.920526,0.084562
[MO866] Iteration,0,78,6.924340,0.084645
[MO866] Iteration,1,79,7.005293,0.084729
[MO866] Iteration,0,79,7.009105,0.084750
[MO866] Iteration,1,80,7.089948,0.084619
[MO866] Iteration,0,80,7.093679,0.084561
 Time step   80
[MO866] Iteration,1,81,7.174604,0.084624
[MO866] Iteration,0,81,7.178327,0.084634
[MO866] Iteration,1,82,7.259190,0.084552
[MO866] Iteration,0,82,7.262917,0.084573
[MO866] Iteration,1,83,7.343744,0.084518
[MO866] Iteration,0,83,7.347558,0.084626
[MO866] Iteration,1,84,7.428368,0.084588
[MO866] Iteration,0,84,7.432147,0.084574
[MO866] Iteration,1,85,7.513048,0.084644
[MO866] Iteration,0,85,7.516865,0.084703
[MO866] Iteration,1,86,7.597777,0.084691
[MO866] Iteration,0,86,7.601600,0.084720
[MO866] Iteration,1,87,7.682520,0.084711
[MO866] Iteration,0,87,7.686228,0.084612
[MO866] Iteration,1,88,7.767239,0.084684
[MO866] Iteration,0,88,7.770958,0.084715
[MO866] Iteration,1,89,7.851899,0.084624
[MO866] Iteration,0,89,7.855624,0.084651
[MO866] Iteration,1,90,7.936441,0.084509
[MO866] Iteration,0,90,7.940232,0.084592
[MO866] Iteration,1,91,8.021052,0.084574
[MO866] Iteration,0,91,8.024809,0.084561
[MO866] Iteration,0,92,8.109056,0.084233
[MO866] Iteration,1,92,8.105616,0.084527
[MO866] Iteration,0,93,8.193262,0.084175
[MO866] Iteration,1,93,8.189872,0.084241
[MO866] Iteration,0,94,8.277536,0.084242
[MO866] Iteration,1,94,8.274100,0.084212
[MO866] Iteration,0,95,8.361793,0.084227
[MO866] Iteration,1,95,8.358348,0.084233
[MO866] Iteration,1,96,8.449385,0.091022
[MO866] Iteration,0,96,8.453415,0.091589
[MO866] Iteration,1,97,8.534404,0.084968
[MO866] Iteration,0,97,8.538219,0.084774
[MO866] Iteration,1,98,8.619111,0.084673
[MO866] Iteration,0,98,8.622833,0.084598
[MO866] Iteration,1,99,8.703747,0.084601
[MO866] Iteration,0,99,8.707444,0.084596
[MO866] Iteration,1,100,8.788324,0.084539
[MO866] Iteration,0,100,8.792160,0.084701
 Time step  100
[MO866] Iteration,1,101,8.873091,0.084730
[MO866] Iteration,0,101,8.876944,0.084768
[MO866] Iteration,1,102,8.957988,0.084850
[MO866] Iteration,0,102,8.961711,0.084752
[MO866] Iteration,1,103,9.042686,0.084663
[MO866] Iteration,0,103,9.046422,0.084696
[MO866] Iteration,1,104,9.127254,0.084533
[MO866] Iteration,0,104,9.131092,0.084655
[MO866] Iteration,1,105,9.211912,0.084621
[MO866] Iteration,0,105,9.215738,0.084631
[MO866] Iteration,1,106,9.296553,0.084605
[MO866] Iteration,0,106,9.300389,0.084635
[MO866] Iteration,1,107,9.381327,0.084736
[MO866] Iteration,0,107,9.385144,0.084740
[MO866] Iteration,1,108,9.466241,0.084881
[MO866] Iteration,0,108,9.469950,0.084792
[MO866] Iteration,1,109,9.550847,0.084571
[MO866] Iteration,0,109,9.554584,0.084618
[MO866] Iteration,1,110,9.635421,0.084538
[MO866] Iteration,0,110,9.639142,0.084543
[MO866] Iteration,1,111,9.719926,0.084469
[MO866] Iteration,0,111,9.723654,0.084497
[MO866] Iteration,1,112,9.804429,0.084466
[MO866] Iteration,0,112,9.808249,0.084579
[MO866] Iteration,1,113,9.889172,0.084706
[MO866] Iteration,0,113,9.892943,0.084680
[MO866] Iteration,1,114,9.973936,0.084730
[MO866] Iteration,0,114,9.977686,0.084729
[MO866] Iteration,0,115,10.061892,0.084191
[MO866] Iteration,1,115,10.058475,0.084509
[MO866] Iteration,0,116,10.146180,0.084255
[MO866] Iteration,1,116,10.142758,0.084267
[MO866] Iteration,1,117,10.227108,0.084335
[MO866] Iteration,0,117,10.230845,0.084631
[MO866] Iteration,1,118,10.311688,0.084544
[MO866] Iteration,0,118,10.315511,0.084650
[MO866] Iteration,1,119,10.396340,0.084616
[MO866] Iteration,0,119,10.400174,0.084648
[MO866] Iteration,1,120,10.481020,0.084644
[MO866] Iteration,0,120,10.484857,0.084668
 Time step  120
[MO866] Iteration,1,121,10.566124,0.085068
[MO866] Iteration,0,121,10.569867,0.084994
[MO866] Iteration,1,122,10.650846,0.084687
[MO866] Iteration,0,122,10.654582,0.084699
[MO866] Iteration,1,123,10.735608,0.084725
[MO866] Iteration,0,123,10.739345,0.084748
[MO866] Iteration,1,124,10.820368,0.084723
[MO866] Iteration,0,124,10.824140,0.084778
[MO866] Iteration,1,125,10.905136,0.084731
[MO866] Iteration,0,125,10.908871,0.084715
[MO866] Iteration,1,126,10.989971,0.084789
[MO866] Iteration,0,126,10.993682,0.084797
[MO866] Iteration,1,127,11.074789,0.084785
[MO866] Iteration,0,127,11.078526,0.084827
[MO866] Iteration,1,128,11.159490,0.084665
[MO866] Iteration,0,128,11.163240,0.084698
[MO866] Iteration,1,129,11.244237,0.084710
[MO866] Iteration,0,129,11.248038,0.084783
[MO866] Iteration,1,130,11.329036,0.084761
[MO866] Iteration,0,130,11.332887,0.084833
[MO866] Iteration,1,131,11.413934,0.084861
[MO866] Iteration,0,131,11.417648,0.084747
[MO866] Iteration,1,132,11.498669,0.084702
[MO866] Iteration,0,132,11.502406,0.084743
[MO866] Iteration,1,133,11.583696,0.084992
[MO866] Iteration,0,133,11.587436,0.085014
[MO866] Iteration,1,134,11.668303,0.084570
[MO866] Iteration,0,134,11.672108,0.084654
[MO866] Iteration,1,135,11.753196,0.084856
[MO866] Iteration,0,135,11.756911,0.084788
[MO866] Iteration,1,136,11.837964,0.084734
[MO866] Iteration,0,136,11.841723,0.084798
[MO866] Iteration,1,137,11.930252,0.092256
[MO866] Iteration,0,137,11.934327,0.092589
[MO866] Iteration,1,138,12.015431,0.085127
[MO866] Iteration,0,138,12.019168,0.084811
[MO866] Iteration,0,139,12.103379,0.084195
[MO866] Iteration,1,139,12.100039,0.084572
[MO866] Iteration,1,140,12.184309,0.084253
[MO866] Iteration,0,140,12.188119,0.084704
 Time step  140
[MO866] Iteration,1,141,12.269188,0.084841
[MO866] Iteration,0,141,12.272959,0.084825
[MO866] Iteration,1,142,12.354011,0.084788
[MO866] Iteration,0,142,12.357764,0.084790
[MO866] Iteration,1,143,12.438722,0.084678
[MO866] Iteration,0,143,12.442459,0.084680
[MO866] Iteration,1,144,12.523427,0.084670
[MO866] Iteration,0,144,12.527138,0.084663
[MO866] Iteration,1,145,12.608108,0.084644
[MO866] Iteration,0,145,12.611866,0.084712
[MO866] Iteration,1,146,12.692880,0.084734
[MO866] Iteration,0,146,12.696578,0.084696
[MO866] Iteration,1,147,12.777420,0.084502
[MO866] Iteration,0,147,12.781261,0.084666
[MO866] Iteration,1,148,12.862130,0.084679
[MO866] Iteration,0,148,12.865872,0.084597
[MO866] Iteration,1,149,12.946735,0.084572
[MO866] Iteration,0,149,12.950474,0.084586
[MO866] Iteration,1,150,13.031370,0.084599
[MO866] Iteration,0,150,13.035098,0.084609
[MO866] Iteration,1,151,13.115917,0.084510
[MO866] Iteration,0,151,13.119682,0.084568
[MO866] Iteration,1,152,13.200509,0.084555
[MO866] Iteration,0,152,13.204307,0.084610
[MO866] Iteration,1,153,13.285206,0.084659
[MO866] Iteration,0,153,13.288977,0.084653
[MO866] Iteration,1,154,13.369898,0.084659
[MO866] Iteration,0,154,13.373650,0.084659
[MO866] Iteration,1,155,13.454473,0.084543
[MO866] Iteration,0,155,13.458199,0.084533
[MO866] Iteration,1,156,13.539027,0.084521
[MO866] Iteration,0,156,13.542751,0.084535
[MO866] Iteration,1,157,13.623652,0.084589
[MO866] Iteration,0,157,13.627366,0.084599
[MO866] Iteration,1,158,13.708190,0.084501
[MO866] Iteration,0,158,13.711930,0.084549
[MO866] Iteration,1,159,13.792704,0.084477
[MO866] Iteration,0,159,13.796495,0.084549
[MO866] Iteration,1,160,13.877410,0.084669
[MO866] Iteration,0,160,13.881191,0.084680
 Time step  160
[MO866] Iteration,1,161,13.962034,0.084592
[MO866] Iteration,0,161,13.965754,0.084547
[MO866] Iteration,0,162,14.050068,0.084297
[MO866] Iteration,1,162,14.046660,0.084593
[MO866] Iteration,0,163,14.134204,0.084102
[MO866] Iteration,1,163,14.130852,0.084177
[MO866] Iteration,0,164,14.218454,0.084216
[MO866] Iteration,1,164,14.215035,0.084166
[MO866] Iteration,1,165,14.299481,0.084430
[MO866] Iteration,0,165,14.303206,0.084718
[MO866] Iteration,1,166,14.384102,0.084584
[MO866] Iteration,0,166,14.387940,0.084717
[MO866] Iteration,1,167,14.468770,0.084631
[MO866] Iteration,0,167,14.472563,0.084609
[MO866] Iteration,1,168,14.553499,0.084691
[MO866] Iteration,0,168,14.557332,0.084754
[MO866] Iteration,1,169,14.638172,0.084640
[MO866] Iteration,0,169,14.642020,0.084674
[MO866] Iteration,1,170,14.722966,0.084762
[MO866] Iteration,0,170,14.726658,0.084622
[MO866] Iteration,1,171,14.807655,0.084653
[MO866] Iteration,0,171,14.811390,0.084715
[MO866] Iteration,1,172,14.892295,0.084603
[MO866] Iteration,0,172,14.896034,0.084627
[MO866] Iteration,1,173,14.976995,0.084664
[MO866] Iteration,0,173,14.980696,0.084646
[MO866] Iteration,1,174,15.061604,0.084571
[MO866] Iteration,0,174,15.065326,0.084616
[MO866] Iteration,1,175,15.146329,0.084692
[MO866] Iteration,0,175,15.150058,0.084717
[MO866] Iteration,1,176,15.231002,0.084639
[MO866] Iteration,0,176,15.234721,0.084647
[MO866] Iteration,1,177,15.315649,0.084611
[MO866] Iteration,0,177,15.319395,0.084658
[MO866] Iteration,1,178,15.400254,0.084568
[MO866] Iteration,0,178,15.404065,0.084654
[MO866] Iteration,1,179,15.484880,0.084587
[MO866] Iteration,0,179,15.488689,0.084608
[MO866] Iteration,1,180,15.569703,0.084787
[MO866] Iteration,0,180,15.573422,0.084721
 Time step  180
[MO866] Iteration,1,181,15.654407,0.084670
[MO866] Iteration,0,181,15.658128,0.084691
[MO866] Iteration,1,182,15.739020,0.084577
[MO866] Iteration,0,182,15.742748,0.084604
[MO866] Iteration,1,183,15.823733,0.084676
[MO866] Iteration,0,183,15.827457,0.084694
[MO866] Iteration,1,184,15.908322,0.084552
[MO866] Iteration,0,184,15.912121,0.084648
[MO866] Iteration,1,185,15.992901,0.084541
[MO866] Iteration,0,185,15.996758,0.084621
[MO866] Iteration,1,186,16.084995,0.092057
[MO866] Iteration,0,186,16.088678,0.091905
[MO866] Iteration,0,187,16.173076,0.084368
[MO866] Iteration,1,187,16.169650,0.084596
[MO866] Iteration,0,188,16.257306,0.084197
[MO866] Iteration,1,188,16.253891,0.084226
[MO866] Iteration,0,189,16.341580,0.084242
[MO866] Iteration,1,189,16.338145,0.084237
[MO866] Iteration,1,190,16.422557,0.084397
[MO866] Iteration,0,190,16.426303,0.084692
[MO866] Iteration,1,191,16.507172,0.084580
[MO866] Iteration,0,191,16.510918,0.084598
[MO866] Iteration,1,192,16.591886,0.084678
[MO866] Iteration,0,192,16.595612,0.084679
[MO866] Iteration,1,193,16.676408,0.084485
[MO866] Iteration,0,193,16.680238,0.084609
[MO866] Iteration,1,194,16.761163,0.084718
[MO866] Iteration,0,194,16.764975,0.084720
[MO866] Iteration,1,195,16.845946,0.084749
[MO866] Iteration,0,195,16.849692,0.084703
[MO866] Iteration,1,196,16.930642,0.084663
[MO866] Iteration,0,196,16.934380,0.084672
[MO866] Iteration,1,197,17.015288,0.084610
[MO866] Iteration,0,197,17.019012,0.084617
[MO866] Iteration,1,198,17.099886,0.084561
[MO866] Iteration,0,198,17.103693,0.084665
[MO866] Iteration,1,199,17.184561,0.084637
[MO866] Iteration,0,199,17.188389,0.084680
[MO866] Iteration,1,200,17.269354,0.084756
[MO866] Iteration,0,200,17.273162,0.084759
 Time step  200
[MO866] Iteration,1,201,17.354062,0.084674
[MO866] Iteration,0,201,17.357875,0.084698
[MO866] Iteration,1,202,17.438762,0.084667
[MO866] Iteration,0,202,17.442589,0.084700
[MO866] Iteration,1,203,17.523510,0.084713
[MO866] Iteration,0,203,17.527239,0.084635
[MO866] Iteration,1,204,17.608190,0.084643
[MO866] Iteration,0,204,17.611921,0.084667
[MO866] Iteration,1,205,17.692748,0.084520
[MO866] Iteration,0,205,17.696567,0.084629
[MO866] Iteration,1,206,17.777463,0.084678
[MO866] Iteration,0,206,17.781279,0.084697
[MO866] Iteration,1,207,17.862165,0.084669
[MO866] Iteration,0,207,17.865983,0.084689
[MO866] Iteration,1,208,17.946847,0.084649
[MO866] Iteration,0,208,17.950660,0.084662
[MO866] Iteration,1,209,18.031604,0.084723
[MO866] Iteration,0,209,18.035325,0.084650
[MO866] Iteration,0,210,18.119489,0.084147
[MO866] Iteration,1,210,18.116070,0.084428
[MO866] Iteration,0,211,18.203680,0.084154
[MO866] Iteration,1,211,18.200244,0.084157
[MO866] Iteration,0,212,18.287864,0.084148
[MO866] Iteration,1,212,18.284424,0.084165
[MO866] Iteration,0,213,18.372124,0.084224
[MO866] Iteration,1,213,18.368683,0.084243
[MO866] Iteration,0,214,18.456324,0.084164
[MO866] Iteration,1,214,18.452890,0.084191
[MO866] Iteration,0,215,18.540511,0.084151
[MO866] Iteration,1,215,18.537087,0.084181
[MO866] Iteration,1,216,18.621560,0.084457
[MO866] Iteration,0,216,18.625305,0.084757
[MO866] Iteration,1,217,18.706207,0.084615
[MO866] Iteration,0,217,18.709942,0.084623
[MO866] Iteration,1,218,18.790817,0.084576
[MO866] Iteration,0,218,18.794684,0.084725
[MO866] Iteration,1,219,18.875561,0.084708
[MO866] Iteration,0,219,18.879321,0.084622
[MO866] Iteration,1,220,18.961319,0.085720
[MO866] Iteration,0,220,18.965127,0.085791
 Time step  220
[MO866] Iteration,1,221,19.046090,0.084736
[MO866] Iteration,0,221,19.049915,0.084773
[MO866] Iteration,1,222,19.130876,0.084753
[MO866] Iteration,0,222,19.134620,0.084688
[MO866] Iteration,1,223,19.215435,0.084524
[MO866] Iteration,0,223,19.219172,0.084536
[MO866] Iteration,1,224,19.300662,0.085189
[MO866] Iteration,0,224,19.304466,0.085278
[MO866] Iteration,1,225,19.387165,0.086467
[MO866] Iteration,0,225,19.390915,0.086435
[MO866] Iteration,1,226,19.473528,0.086328
[MO866] Iteration,0,226,19.477246,0.086317
[MO866] Iteration,1,227,19.559857,0.086295
[MO866] Iteration,0,227,19.563601,0.086342
[MO866] Iteration,1,228,19.646252,0.086358
[MO866] Iteration,0,228,19.649999,0.086385
[MO866] Iteration,1,229,19.732588,0.086303
[MO866] Iteration,0,229,19.736413,0.086400
[MO866] Iteration,1,230,19.819118,0.086493
[MO866] Iteration,0,230,19.822846,0.086420
[MO866] Iteration,1,231,19.905519,0.086364
[MO866] Iteration,0,231,19.909329,0.086467
[MO866] Iteration,1,232,19.991963,0.086412
[MO866] Iteration,0,232,19.995705,0.086364
[MO866] Iteration,1,233,20.076400,0.084401
[MO866] Iteration,0,233,20.079839,0.084120
[MO866] Iteration,1,234,20.160622,0.084205
[MO866] Iteration,0,234,20.164116,0.084240
[MO866] Iteration,0,235,20.248351,0.084201
[MO866] Iteration,1,235,20.244914,0.084277
[MO866] Iteration,1,236,20.329411,0.084481
[MO866] Iteration,0,236,20.333100,0.084714
[MO866] Iteration,1,237,20.414084,0.084642
[MO866] Iteration,0,237,20.417846,0.084731
[MO866] Iteration,1,238,20.499454,0.085337
[MO866] Iteration,0,238,20.503187,0.085326
[MO866] Iteration,1,239,20.584159,0.084665
[MO866] Iteration,0,239,20.587907,0.084705
[MO866] Iteration,1,240,20.668801,0.084603
[MO866] Iteration,0,240,20.672656,0.084733
 Time step  240
[MO866] Iteration,1,241,20.753674,0.084836
[MO866] Iteration,0,241,20.757508,0.084827
[MO866] Iteration,1,242,20.838388,0.084681
[MO866] Iteration,0,242,20.842207,0.084684
[MO866] Iteration,1,243,20.923123,0.084701
[MO866] Iteration,0,243,20.926882,0.084659
[MO866] Iteration,1,244,21.007842,0.084682
[MO866] Iteration,0,244,21.011566,0.084668
[MO866] Iteration,1,245,21.099566,0.091687
[MO866] Iteration,0,245,21.103454,0.091872
[MO866] Iteration,1,246,21.184342,0.084718
[MO866] Iteration,0,246,21.188190,0.084704
[MO866] Iteration,1,247,21.269028,0.084648
[MO866] Iteration,0,247,21.272868,0.084662
[MO866] Iteration,1,248,21.353854,0.084789
[MO866] Iteration,0,248,21.357594,0.084711
[MO866] Iteration,1,249,21.438482,0.084594
[MO866] Iteration,0,249,21.442316,0.084706
[MO866] Iteration,1,250,21.523146,0.084630
[MO866] Iteration,0,250,21.526933,0.084603
 Time step  250
[MO866] Iteration,1,251,21.608873,0.085691
[MO866] Iteration,0,251,21.612422,0.085473
[MO866] PI avg,1,0.084905,251
[MO866] Beta,1,0.000297
[MO866] Total time,1,21.615201

 Verification being performed for class A
 Accuracy setting for epsilon =  0.1000000000000E-07
 Comparison of RMS-norms of residual
           1   0.7790210760669E+03 0.7790210760669E+03 0.1736632564189E-13
           2   0.6340276525969E+02 0.6340276525969E+02 0.7284426418191E-14
           3   0.1949924972729E+03 0.1949924972729E+03 0.7725172100868E-14
           4   0.1784530116042E+03 0.1784530116042E+03 0.1433404696139E-14
           5   0.1838476034946E+04 0.1838476034946E+04 0.1780921189151E-13
 Comparison of RMS-norms of solution error
           1   0.2996408568547E+02 0.2996408568547E+02 0.1897051672375E-14
           2   0.2819457636500E+01 0.2819457636500E+01 0.2047613574083E-14
           3   0.7347341269878E+01 0.7347341269877E+01 0.6890406755769E-14
           4   0.6713922568778E+01 0.6713922568778E+01 0.5953007124683E-14
           5   0.7071531568839E+02 0.7071531568839E+02 0.9646015430879E-14
 Comparison of surface integral
               0.2603092560489E+02 0.2603092560489E+02 0.4094414927144E-15
 Verification Successful


 LU Benchmark Completed.
 Class           =                        A
 Size            =             64x  64x  64
 Iterations      =                      250
 Time in seconds =                    21.23
 Total processes =                        2
 Active procs    =                        2
 Mop/s total     =                  5618.07
 Mop/s/process   =                  2809.04
 Operation type  =           floating point
 Verification    =               SUCCESSFUL
 Version         =                      3.4
 Compile date    =              15 Jun 2020

 Compile options:
    MPIFC        = mpif90
    FLINK        = $(MPIFC)
    FMPI_LIB     = (none)
    FMPI_INC     = (none)
    FFLAGS       = -O3
    FLINKFLAGS   = $(FFLAGS) -O ../kernel_stats/kernel_stats.o...
    RAND         = (none)


 Please send feedbacks and/or the results of this run to:

 NPB Development Team 
 Internet: npb@nas.nasa.gov


[MO866] PI avg,0,0.084921,251
[MO866] Beta,0,0.000313
[MO866] Total time,0,21.619104
