--------------------------------------------------------------------------
[[60329,1],1]: A high-performance Open MPI point-to-point messaging module
was unable to find any relevant network interfaces:

Module: OpenFabrics (openib)
  Host: node06

Another transport will be used instead, although this may result in
lower performance.

NOTE: You can disable this warning by setting the MCA parameter
btl_base_warn_component_unused to 0.
--------------------------------------------------------------------------


 NAS Parallel Benchmarks 3.4 -- LU Benchmark

 Size:  102x 102x 102  (class B)
 Iterations:  250
 Total number of processes:     4

[MO866] Init time,1,0.383215
[MO866] Init time,2,0.379091
[MO866] Init time,3,0.378073
[MO866] Init time,0,0.385002
[MO866] Iteration,2,1,0.576152,0.197023
[MO866] Iteration,0,1,0.582430,0.197390
[MO866] Iteration,3,1,0.581400,0.203283
[MO866] Iteration,1,1,0.586625,0.203367
 Time step    1
[MO866] Iteration,2,2,0.902949,0.190172
[MO866] Iteration,0,2,0.909136,0.190448
[MO866] Iteration,3,2,0.908318,0.196578
[MO866] Iteration,1,2,0.913674,0.196791
[MO866] Iteration,2,3,1.099269,0.196273
[MO866] Iteration,0,3,1.107963,0.198809
[MO866] Iteration,3,3,1.104312,0.195942
[MO866] Iteration,1,3,1.114952,0.201259
[MO866] Iteration,2,4,1.312849,0.213544
[MO866] Iteration,0,4,1.319218,0.211218
[MO866] Iteration,3,4,1.318986,0.214637
[MO866] Iteration,1,4,1.324307,0.209300
[MO866] Iteration,2,5,1.509922,0.197007
[MO866] Iteration,0,5,1.516188,0.196951
[MO866] Iteration,3,5,1.515329,0.196275
[MO866] Iteration,1,5,1.520620,0.196294
[MO866] Iteration,2,6,1.706243,0.196270
[MO866] Iteration,0,6,1.712569,0.196362
[MO866] Iteration,3,6,1.711731,0.196360
[MO866] Iteration,1,6,1.717063,0.196425
[MO866] Iteration,2,7,1.902656,0.196351
[MO866] Iteration,0,7,1.908966,0.196379
[MO866] Iteration,1,7,1.913369,0.196287
[MO866] Iteration,3,7,1.908110,0.196337
[MO866] Iteration,2,8,2.099075,0.196359
[MO866] Iteration,0,8,2.105342,0.196360
[MO866] Iteration,3,8,2.104339,0.196179
[MO866] Iteration,1,8,2.109741,0.196353
[MO866] Iteration,2,9,2.295313,0.196194
[MO866] Iteration,0,9,2.301629,0.196271
[MO866] Iteration,3,9,2.300641,0.196254
[MO866] Iteration,1,9,2.305963,0.196204
[MO866] Iteration,2,10,2.491496,0.196140
[MO866] Iteration,0,10,2.497733,0.196086
[MO866] Iteration,3,10,2.496835,0.196143
[MO866] Iteration,1,10,2.502095,0.196114
[MO866] Iteration,2,11,2.683511,0.191974
[MO866] Iteration,0,11,2.689779,0.192029
[MO866] Iteration,3,11,2.687813,0.190930
[MO866] Iteration,1,11,2.693175,0.191059
[MO866] Iteration,2,12,2.874684,0.191133
[MO866] Iteration,0,12,2.880979,0.191183
[MO866] Iteration,3,12,2.879029,0.191167
[MO866] Iteration,1,12,2.884406,0.191211
[MO866] Iteration,2,13,3.066157,0.191411
[MO866] Iteration,0,13,3.072501,0.191506
[MO866] Iteration,3,13,3.070511,0.191438
[MO866] Iteration,1,13,3.075819,0.191392
[MO866] Iteration,2,14,3.271765,0.205557
[MO866] Iteration,0,14,3.278773,0.206253
[MO866] Iteration,3,14,3.276890,0.206334
[MO866] Iteration,1,14,3.282288,0.206449
[MO866] Iteration,2,15,3.463820,0.191981
[MO866] Iteration,0,15,3.470009,0.191192
[MO866] Iteration,3,15,3.468127,0.191168
[MO866] Iteration,1,15,3.473541,0.191212
[MO866] Iteration,2,16,3.655041,0.191180
[MO866] Iteration,0,16,3.661229,0.191202
[MO866] Iteration,3,16,3.659547,0.191373
[MO866] Iteration,1,16,3.664821,0.191259
[MO866] Iteration,2,17,3.846358,0.191273
[MO866] Iteration,0,17,3.852661,0.191416
[MO866] Iteration,3,17,3.850642,0.191049
[MO866] Iteration,1,17,3.856019,0.191178
[MO866] Iteration,2,18,4.037395,0.190988
[MO866] Iteration,0,18,4.043629,0.190924
[MO866] Iteration,3,18,4.041638,0.190951
[MO866] Iteration,1,18,4.047004,0.190966
[MO866] Iteration,2,19,4.228379,0.190935
[MO866] Iteration,0,19,4.234659,0.191013
[MO866] Iteration,3,19,4.232861,0.191175
[MO866] Iteration,1,19,4.238164,0.191142
[MO866] Iteration,2,20,4.419645,0.191222
[MO866] Iteration,0,20,4.425929,0.191251
 Time step   20
[MO866] Iteration,3,20,4.423859,0.190949
[MO866] Iteration,1,20,4.429278,0.191094
[MO866] Iteration,2,21,4.612395,0.192710
[MO866] Iteration,0,21,4.619148,0.193202
[MO866] Iteration,3,21,4.616856,0.192949
[MO866] Iteration,1,21,4.622139,0.192841
[MO866] Iteration,2,22,4.804053,0.191611
[MO866] Iteration,0,22,4.810385,0.191210
[MO866] Iteration,3,22,4.808444,0.191542
[MO866] Iteration,1,22,4.813781,0.191620
[MO866] Iteration,2,23,4.995178,0.191080
[MO866] Iteration,0,23,5.001370,0.190963
[MO866] Iteration,3,23,4.999537,0.191048
[MO866] Iteration,1,23,5.004839,0.191038
[MO866] Iteration,2,24,5.186260,0.191040
[MO866] Iteration,0,24,5.192551,0.191164
[MO866] Iteration,3,24,5.190624,0.191040
[MO866] Iteration,1,24,5.196003,0.191144
[MO866] Iteration,2,25,5.377373,0.191062
[MO866] Iteration,0,25,5.383667,0.191096
[MO866] Iteration,3,25,5.381847,0.191179
[MO866] Iteration,1,25,5.387183,0.191160
[MO866] Iteration,2,26,5.579400,0.201980
[MO866] Iteration,0,26,5.586360,0.202674
[MO866] Iteration,3,26,5.580325,0.198434
[MO866] Iteration,1,26,5.585716,0.198515
[MO866] Iteration,2,27,5.766912,0.187451
[MO866] Iteration,0,27,5.773112,0.186709
[MO866] Iteration,3,27,5.772054,0.191690
[MO866] Iteration,1,27,5.777402,0.191664
[MO866] Iteration,2,28,5.958860,0.191901
[MO866] Iteration,0,28,5.965177,0.192047
[MO866] Iteration,3,28,5.963120,0.191017
[MO866] Iteration,1,28,5.968447,0.191024
[MO866] Iteration,2,29,6.150001,0.191094
[MO866] Iteration,0,29,6.156290,0.191097
[MO866] Iteration,3,29,6.154363,0.191197
[MO866] Iteration,1,29,6.159683,0.191217
[MO866] Iteration,2,30,6.340972,0.190922
[MO866] Iteration,0,30,6.347259,0.190951
[MO866] Iteration,3,30,6.345309,0.190907
[MO866] Iteration,1,30,6.350709,0.191008
[MO866] Iteration,2,31,6.532174,0.191153
[MO866] Iteration,0,31,6.538402,0.191124
[MO866] Iteration,3,31,6.536613,0.191245
[MO866] Iteration,1,31,6.541890,0.191160
[MO866] Iteration,2,32,6.723458,0.191241
[MO866] Iteration,0,32,6.729726,0.191306
[MO866] Iteration,3,32,6.727923,0.191263
[MO866] Iteration,1,32,6.733189,0.191279
[MO866] Iteration,2,33,6.914637,0.191136
[MO866] Iteration,0,33,6.920880,0.191137
[MO866] Iteration,3,33,6.919099,0.191128
[MO866] Iteration,1,33,6.924403,0.191192
[MO866] Iteration,2,34,7.105701,0.191015
[MO866] Iteration,0,34,7.112031,0.191135
[MO866] Iteration,3,34,7.110259,0.191113
[MO866] Iteration,1,34,7.115559,0.191136
[MO866] Iteration,2,35,7.307572,0.201822
[MO866] Iteration,0,35,7.313899,0.201850
[MO866] Iteration,3,35,7.316183,0.205882
[MO866] Iteration,1,35,7.321633,0.206056
[MO866] Iteration,2,36,7.502877,0.195261
[MO866] Iteration,0,36,7.509098,0.195181
[MO866] Iteration,3,36,7.507470,0.191209
[MO866] Iteration,1,36,7.512754,0.191082
[MO866] Iteration,2,37,7.694380,0.191459
[MO866] Iteration,0,37,7.700608,0.191494
[MO866] Iteration,3,37,7.698828,0.191310
[MO866] Iteration,1,37,7.704117,0.191342
[MO866] Iteration,2,38,7.885381,0.190952
[MO866] Iteration,0,38,7.891678,0.191053
[MO866] Iteration,3,38,7.889764,0.190890
[MO866] Iteration,1,38,7.895081,0.190943
[MO866] Iteration,2,39,8.076528,0.191098
[MO866] Iteration,0,39,8.082780,0.191084
[MO866] Iteration,3,39,8.080976,0.191167
[MO866] Iteration,1,39,8.086363,0.191263
[MO866] Iteration,2,40,8.268103,0.191518
[MO866] Iteration,0,40,8.274413,0.191615
 Time step   40
[MO866] Iteration,3,40,8.272547,0.191521
[MO866] Iteration,1,40,8.277862,0.191478
[MO866] Iteration,2,41,8.469156,0.201009
[MO866] Iteration,0,41,8.476235,0.201804
[MO866] Iteration,3,41,8.470182,0.197587
[MO866] Iteration,1,41,8.475576,0.197692
[MO866] Iteration,2,42,8.657081,0.187853
[MO866] Iteration,0,42,8.663333,0.187053
[MO866] Iteration,3,42,8.661491,0.191274
[MO866] Iteration,1,42,8.666821,0.191227
[MO866] Iteration,2,43,8.848206,0.191077
[MO866] Iteration,0,43,8.854432,0.191081
[MO866] Iteration,3,43,8.852460,0.190920
[MO866] Iteration,1,43,8.857847,0.191005
[MO866] Iteration,2,44,9.039206,0.190955
[MO866] Iteration,0,44,9.045391,0.190941
[MO866] Iteration,3,44,9.043647,0.191138
[MO866] Iteration,1,44,9.048982,0.191115
[MO866] Iteration,2,45,9.230474,0.191227
[MO866] Iteration,0,45,9.236709,0.191302
[MO866] Iteration,3,45,9.234741,0.191045
[MO866] Iteration,1,45,9.240054,0.191051
[MO866] Iteration,2,46,9.421369,0.190846
[MO866] Iteration,0,46,9.427605,0.190880
[MO866] Iteration,3,46,9.425802,0.191017
[MO866] Iteration,1,46,9.431121,0.191046
[MO866] Iteration,2,47,9.612475,0.191056
[MO866] Iteration,0,47,9.618722,0.191099
[MO866] Iteration,3,47,9.616885,0.191039
[MO866] Iteration,1,47,9.622299,0.191160
[MO866] Iteration,2,48,9.803938,0.191419
[MO866] Iteration,0,48,9.810193,0.191454
[MO866] Iteration,3,48,9.808396,0.191464
[MO866] Iteration,1,48,9.813790,0.191472
[MO866] Iteration,2,49,9.995138,0.191156
[MO866] Iteration,0,49,10.001372,0.191162
[MO866] Iteration,3,49,9.999451,0.191007
[MO866] Iteration,1,49,10.004822,0.191012
[MO866] Iteration,2,50,10.186175,0.190996
[MO866] Iteration,0,50,10.192445,0.191055
[MO866] Iteration,3,50,10.190379,0.190882
[MO866] Iteration,1,50,10.195760,0.190914
[MO866] Iteration,2,51,10.377142,0.190917
[MO866] Iteration,0,51,10.383415,0.190949
[MO866] Iteration,3,51,10.381612,0.191190
[MO866] Iteration,1,51,10.386987,0.191207
[MO866] Iteration,2,52,10.568351,0.191160
[MO866] Iteration,0,52,10.574583,0.191148
[MO866] Iteration,1,52,10.578051,0.191046
[MO866] Iteration,3,52,10.572809,0.191150
[MO866] Iteration,2,53,10.759507,0.191108
[MO866] Iteration,0,53,10.765826,0.191225
[MO866] Iteration,3,53,10.763800,0.190940
[MO866] Iteration,1,53,10.769184,0.191112
[MO866] Iteration,2,54,10.950532,0.190983
[MO866] Iteration,0,54,10.956858,0.191013
[MO866] Iteration,3,54,10.954953,0.191104
[MO866] Iteration,1,54,10.960362,0.191157
[MO866] Iteration,2,55,11.141738,0.191156
[MO866] Iteration,0,55,11.148030,0.191155
[MO866] Iteration,3,55,11.146059,0.191063
[MO866] Iteration,1,55,11.151372,0.190989
[MO866] Iteration,2,56,11.332853,0.191063
[MO866] Iteration,0,56,11.339151,0.191103
[MO866] Iteration,3,56,11.337250,0.191147
[MO866] Iteration,1,56,11.342589,0.191198
[MO866] Iteration,2,57,11.523832,0.190930
[MO866] Iteration,0,57,11.530063,0.190893
[MO866] Iteration,3,57,11.528378,0.191080
[MO866] Iteration,1,57,11.533837,0.191227
[MO866] Iteration,2,58,11.715544,0.191669
[MO866] Iteration,0,58,11.721815,0.191733
[MO866] Iteration,3,58,11.719827,0.191407
[MO866] Iteration,1,58,11.725217,0.191360
[MO866] Iteration,3,59,11.908085,0.188211
[MO866] Iteration,1,59,11.913408,0.188170
[MO866] Iteration,0,59,11.922561,0.200728
[MO866] Iteration,2,59,11.919518,0.203930
[MO866] Iteration,2,60,12.106184,0.186624
[MO866] Iteration,0,60,12.112434,0.189815
 Time step   60
[MO866] Iteration,3,60,12.110424,0.202255
[MO866] Iteration,1,60,12.115772,0.202337
[MO866] Iteration,2,61,12.297070,0.190836
[MO866] Iteration,0,61,12.303368,0.190914
[MO866] Iteration,3,61,12.301346,0.190879
[MO866] Iteration,1,61,12.306723,0.190931
[MO866] Iteration,2,62,12.488241,0.191122
[MO866] Iteration,0,62,12.494488,0.191102
[MO866] Iteration,3,62,12.492585,0.191193
[MO866] Iteration,1,62,12.497942,0.191198
[MO866] Iteration,2,63,12.679498,0.191211
[MO866] Iteration,0,63,12.685671,0.191164
[MO866] Iteration,3,63,12.683743,0.191110
[MO866] Iteration,1,63,12.689148,0.191184
[MO866] Iteration,2,64,12.870978,0.191438
[MO866] Iteration,0,64,12.877254,0.191567
[MO866] Iteration,3,64,12.875207,0.191415
[MO866] Iteration,1,64,12.880523,0.191356
[MO866] Iteration,2,65,13.061994,0.190973
[MO866] Iteration,0,65,13.068317,0.191047
[MO866] Iteration,3,65,13.066497,0.191244
[MO866] Iteration,1,65,13.071810,0.191265
[MO866] Iteration,2,66,13.253161,0.191118
[MO866] Iteration,0,66,13.259350,0.191014
[MO866] Iteration,3,66,13.257591,0.191052
[MO866] Iteration,1,66,13.262978,0.191149
[MO866] Iteration,2,67,13.444394,0.191185
[MO866] Iteration,0,67,13.450716,0.191348
[MO866] Iteration,3,67,13.448619,0.190979
[MO866] Iteration,1,67,13.453996,0.190999
[MO866] Iteration,2,68,13.635532,0.191093
[MO866] Iteration,0,68,13.641743,0.191009
[MO866] Iteration,3,68,13.639741,0.191074
[MO866] Iteration,1,68,13.645070,0.191053
[MO866] Iteration,2,69,13.826556,0.190982
[MO866] Iteration,0,69,13.832865,0.191104
[MO866] Iteration,1,69,13.836494,0.191403
[MO866] Iteration,3,69,13.831247,0.191448
[MO866] Iteration,2,70,14.017845,0.191240
[MO866] Iteration,0,70,14.024060,0.191178
[MO866] Iteration,3,70,14.022166,0.190874
[MO866] Iteration,1,70,14.027561,0.191045
[MO866] Iteration,2,71,14.208938,0.191043
[MO866] Iteration,0,71,14.215161,0.191082
[MO866] Iteration,3,71,14.213228,0.191011
[MO866] Iteration,1,71,14.218672,0.191093
[MO866] Iteration,2,72,14.400363,0.191377
[MO866] Iteration,0,72,14.406649,0.191470
[MO866] Iteration,3,72,14.404583,0.191296
[MO866] Iteration,1,72,14.409894,0.191201
[MO866] Iteration,2,73,14.591494,0.191086
[MO866] Iteration,0,73,14.597704,0.191035
[MO866] Iteration,3,73,14.595811,0.191169
[MO866] Iteration,1,73,14.601173,0.191258
[MO866] Iteration,2,74,14.782848,0.191311
[MO866] Iteration,0,74,14.789150,0.191428
[MO866] Iteration,3,74,14.787227,0.191366
[MO866] Iteration,1,74,14.792618,0.191423
[MO866] Iteration,2,75,14.973962,0.191068
[MO866] Iteration,0,75,14.980193,0.191025
[MO866] Iteration,3,75,14.978518,0.191245
[MO866] Iteration,1,75,14.983799,0.191160
[MO866] Iteration,2,76,15.161263,0.187252
[MO866] Iteration,0,76,15.167465,0.187253
[MO866] Iteration,1,76,15.183220,0.199401
[MO866] Iteration,3,76,15.180573,0.202009
[MO866] Iteration,2,77,15.369234,0.207926
[MO866] Iteration,0,77,15.375500,0.208019
[MO866] Iteration,3,77,15.373826,0.193190
[MO866] Iteration,1,77,15.379158,0.195858
[MO866] Iteration,2,78,15.560542,0.191259
[MO866] Iteration,0,78,15.566856,0.191337
[MO866] Iteration,3,78,15.565066,0.191196
[MO866] Iteration,1,78,15.570370,0.191193
[MO866] Iteration,2,79,15.752048,0.191461
[MO866] Iteration,0,79,15.758317,0.191441
[MO866] Iteration,3,79,15.756386,0.191272
[MO866] Iteration,1,79,15.761741,0.191350
[MO866] Iteration,2,80,15.943605,0.191512
[MO866] Iteration,0,80,15.949841,0.191507
 Time step   80
[MO866] Iteration,3,80,15.947779,0.191346
[MO866] Iteration,1,80,15.953277,0.191513
[MO866] Iteration,2,81,16.144588,0.200939
[MO866] Iteration,0,81,16.151561,0.201700
[MO866] Iteration,3,81,16.145512,0.197672
[MO866] Iteration,1,81,16.150942,0.197645
[MO866] Iteration,2,82,16.332383,0.187732
[MO866] Iteration,0,82,16.338582,0.186981
[MO866] Iteration,3,82,16.336665,0.191113
[MO866] Iteration,1,82,16.342042,0.191081
[MO866] Iteration,0,83,16.531853,0.193250
[MO866] Iteration,3,83,16.528077,0.191364
[MO866] Iteration,1,83,16.533395,0.191331
[MO866] Iteration,2,83,16.531609,0.199177
[MO866] Iteration,2,84,16.739555,0.207915
[MO866] Iteration,0,84,16.745840,0.213942
[MO866] Iteration,3,84,16.744041,0.215914
[MO866] Iteration,1,84,16.749363,0.215946
[MO866] Iteration,2,85,16.930695,0.191095
[MO866] Iteration,0,85,16.936960,0.191101
[MO866] Iteration,3,85,16.935104,0.191015
[MO866] Iteration,1,85,16.940452,0.191069
[MO866] Iteration,2,86,17.121867,0.191120
[MO866] Iteration,0,86,17.128134,0.191157
[MO866] Iteration,3,86,17.126401,0.191254
[MO866] Iteration,1,86,17.131737,0.191263
[MO866] Iteration,2,87,17.313058,0.191142
[MO866] Iteration,0,87,17.319367,0.191214
[MO866] Iteration,3,87,17.317447,0.191001
[MO866] Iteration,1,87,17.322759,0.191003
[MO866] Iteration,2,88,17.504278,0.191171
[MO866] Iteration,0,88,17.510509,0.191122
[MO866] Iteration,3,88,17.508668,0.191161
[MO866] Iteration,1,88,17.513940,0.191160
[MO866] Iteration,2,89,17.695308,0.190986
[MO866] Iteration,0,89,17.701610,0.191082
[MO866] Iteration,3,89,17.700019,0.191302
[MO866] Iteration,1,89,17.705317,0.191355
[MO866] Iteration,2,90,17.886814,0.191463
[MO866] Iteration,0,90,17.893091,0.191465
[MO866] Iteration,1,90,17.896478,0.191139
[MO866] Iteration,3,90,17.891303,0.191223
[MO866] Iteration,2,91,18.077742,0.190881
[MO866] Iteration,0,91,18.084054,0.190947
[MO866] Iteration,3,91,18.082192,0.190843
[MO866] Iteration,1,91,18.087497,0.190988
[MO866] Iteration,2,92,18.268969,0.191179
[MO866] Iteration,0,92,18.275177,0.191104
[MO866] Iteration,3,92,18.273270,0.191033
[MO866] Iteration,1,92,18.278580,0.191065
[MO866] Iteration,2,93,18.459984,0.190965
[MO866] Iteration,0,93,18.466322,0.191126
[MO866] Iteration,3,93,18.464262,0.190943
[MO866] Iteration,1,93,18.469640,0.191039
[MO866] Iteration,2,94,18.651111,0.191082
[MO866] Iteration,0,94,18.657423,0.191082
[MO866] Iteration,3,94,18.655586,0.191276
[MO866] Iteration,1,94,18.660892,0.191231
[MO866] Iteration,2,95,18.842089,0.190935
[MO866] Iteration,0,95,18.848287,0.190848
[MO866] Iteration,3,95,18.846486,0.190851
[MO866] Iteration,1,95,18.851826,0.190914
[MO866] Iteration,2,96,19.033209,0.191071
[MO866] Iteration,0,96,19.039486,0.191179
[MO866] Iteration,3,96,19.037521,0.190989
[MO866] Iteration,1,96,19.042965,0.191120
[MO866] Iteration,2,97,19.224614,0.191356
[MO866] Iteration,0,97,19.230905,0.191399
[MO866] Iteration,3,97,19.229066,0.191497
[MO866] Iteration,1,97,19.234441,0.191458
[MO866] Iteration,2,98,19.415857,0.191195
[MO866] Iteration,0,98,19.422158,0.191233
[MO866] Iteration,3,98,19.420187,0.191060
[MO866] Iteration,1,98,19.425503,0.191040
[MO866] Iteration,2,99,19.606722,0.190823
[MO866] Iteration,0,99,19.613006,0.190830
[MO866] Iteration,3,99,19.611339,0.191106
[MO866] Iteration,1,99,19.616680,0.191157
[MO866] Iteration,2,100,19.798106,0.191306
[MO866] Iteration,0,100,19.804380,0.191357
 Time step  100
[MO866] Iteration,3,100,19.802478,0.191089
[MO866] Iteration,1,100,19.807827,0.191125
[MO866] Iteration,2,101,19.990083,0.191929
[MO866] Iteration,0,101,19.996317,0.191918
[MO866] Iteration,3,101,19.994497,0.191973
[MO866] Iteration,1,101,19.999861,0.192013
[MO866] Iteration,2,102,20.181429,0.191294
[MO866] Iteration,0,102,20.187726,0.191386
[MO866] Iteration,3,102,20.185803,0.191263
[MO866] Iteration,1,102,20.191164,0.191282
[MO866] Iteration,2,103,20.372717,0.191237
[MO866] Iteration,0,103,20.378959,0.191214
[MO866] Iteration,3,103,20.376986,0.191139
[MO866] Iteration,1,103,20.382419,0.191235
[MO866] Iteration,2,104,20.563855,0.191089
[MO866] Iteration,0,104,20.570095,0.191117
[MO866] Iteration,3,104,20.568397,0.191361
[MO866] Iteration,1,104,20.573664,0.191223
[MO866] Iteration,2,105,20.755095,0.191198
[MO866] Iteration,0,105,20.761306,0.191193
[MO866] Iteration,3,105,20.759488,0.191046
[MO866] Iteration,1,105,20.764796,0.191111
[MO866] Iteration,2,106,20.946149,0.191010
[MO866] Iteration,0,106,20.952402,0.191078
[MO866] Iteration,3,106,20.950478,0.190941
[MO866] Iteration,1,106,20.955866,0.191048
[MO866] Iteration,2,107,21.145806,0.199607
[MO866] Iteration,0,107,21.152822,0.200399
[MO866] Iteration,3,107,21.146747,0.196225
[MO866] Iteration,1,107,21.152126,0.196240
[MO866] Iteration,2,108,21.333418,0.187541
[MO866] Iteration,0,108,21.339664,0.186796
[MO866] Iteration,3,108,21.337829,0.191042
[MO866] Iteration,1,108,21.343198,0.191051
[MO866] Iteration,2,109,21.524491,0.191022
[MO866] Iteration,0,109,21.530631,0.190947
[MO866] Iteration,3,109,21.528854,0.190979
[MO866] Iteration,1,109,21.534230,0.191013
[MO866] Iteration,2,110,21.715704,0.191166
[MO866] Iteration,0,110,21.721961,0.191309
[MO866] Iteration,3,110,21.719962,0.191060
[MO866] Iteration,1,110,21.725246,0.190995
[MO866] Iteration,2,111,21.906493,0.190748
[MO866] Iteration,0,111,21.912773,0.190795
[MO866] Iteration,3,111,21.910908,0.190887
[MO866] Iteration,1,111,21.916262,0.190994
[MO866] Iteration,2,112,22.097751,0.191207
[MO866] Iteration,0,112,22.103981,0.191191
[MO866] Iteration,3,112,22.102187,0.191232
[MO866] Iteration,1,112,22.107578,0.191295
[MO866] Iteration,2,113,22.288967,0.191156
[MO866] Iteration,0,113,22.295241,0.191241
[MO866] Iteration,1,113,22.298609,0.191012
[MO866] Iteration,3,113,22.293353,0.191121
[MO866] Iteration,2,114,22.480002,0.190983
[MO866] Iteration,0,114,22.486215,0.190955
[MO866] Iteration,3,114,22.484396,0.190996
[MO866] Iteration,1,114,22.489764,0.191133
[MO866] Iteration,2,115,22.671024,0.190980
[MO866] Iteration,0,115,22.677189,0.190957
[MO866] Iteration,3,115,22.675572,0.191130
[MO866] Iteration,1,115,22.680839,0.191053
[MO866] Iteration,2,116,22.862197,0.191126
[MO866] Iteration,0,116,22.868471,0.191265
[MO866] Iteration,3,116,22.866569,0.190949
[MO866] Iteration,1,116,22.871845,0.190983
[MO866] Iteration,2,117,23.053169,0.190911
[MO866] Iteration,0,117,23.059381,0.190892
[MO866] Iteration,3,117,23.057641,0.191016
[MO866] Iteration,1,117,23.063098,0.191235
[MO866] Iteration,2,118,23.244675,0.191458
[MO866] Iteration,0,118,23.250905,0.191505
[MO866] Iteration,3,118,23.248852,0.191162
[MO866] Iteration,1,118,23.254202,0.191086
[MO866] Iteration,2,119,23.435623,0.190889
[MO866] Iteration,0,119,23.441854,0.190930
[MO866] Iteration,3,119,23.440053,0.191151
[MO866] Iteration,1,119,23.445351,0.191129
[MO866] Iteration,2,120,23.626909,0.191243
[MO866] Iteration,0,120,23.633125,0.191252
 Time step  120
[MO866] Iteration,3,120,23.631371,0.191270
[MO866] Iteration,1,120,23.636657,0.191286
[MO866] Iteration,2,121,23.818022,0.191075
[MO866] Iteration,0,121,23.824312,0.191170
[MO866] Iteration,3,121,23.822429,0.191011
[MO866] Iteration,1,121,23.827761,0.191084
[MO866] Iteration,2,122,24.009131,0.191061
[MO866] Iteration,0,122,24.015396,0.191065
[MO866] Iteration,3,122,24.013455,0.190982
[MO866] Iteration,1,122,24.018752,0.190972
[MO866] Iteration,2,123,24.200142,0.190962
[MO866] Iteration,0,123,24.206461,0.191047
[MO866] Iteration,3,123,24.204602,0.191098
[MO866] Iteration,1,123,24.209867,0.191095
[MO866] Iteration,2,124,24.391349,0.191160
[MO866] Iteration,0,124,24.397637,0.191157
[MO866] Iteration,3,124,24.395653,0.191004
[MO866] Iteration,1,124,24.400986,0.191097
[MO866] Iteration,2,125,24.582145,0.190742
[MO866] Iteration,0,125,24.588305,0.190651
[MO866] Iteration,3,125,24.586839,0.191139
[MO866] Iteration,1,125,24.592090,0.191083
[MO866] Iteration,2,126,24.773477,0.191285
[MO866] Iteration,0,126,24.779797,0.191473
[MO866] Iteration,3,126,24.777947,0.191062
[MO866] Iteration,1,126,24.783314,0.191204
[MO866] Iteration,2,127,24.964621,0.191096
[MO866] Iteration,0,127,24.970807,0.190992
[MO866] Iteration,3,127,24.968933,0.190946
[MO866] Iteration,1,127,24.974343,0.191010
[MO866] Iteration,2,128,25.156705,0.192036
[MO866] Iteration,0,128,25.162943,0.192117
[MO866] Iteration,3,128,25.160184,0.191203
[MO866] Iteration,1,128,25.165577,0.191214
[MO866] Iteration,2,129,25.348046,0.191295
[MO866] Iteration,0,129,25.354285,0.191322
[MO866] Iteration,3,129,25.351536,0.191304
[MO866] Iteration,1,129,25.356857,0.191260
[MO866] Iteration,2,130,25.539078,0.190990
[MO866] Iteration,0,130,25.545299,0.190997
[MO866] Iteration,3,130,25.542575,0.190979
[MO866] Iteration,1,130,25.547976,0.191098
[MO866] Iteration,2,131,25.730398,0.191279
[MO866] Iteration,0,131,25.736647,0.191332
[MO866] Iteration,3,131,25.733873,0.191253
[MO866] Iteration,1,131,25.739224,0.191228
[MO866] Iteration,2,132,25.921668,0.191224
[MO866] Iteration,0,132,25.927959,0.191294
[MO866] Iteration,3,132,25.925152,0.191234
[MO866] Iteration,1,132,25.930527,0.191285
[MO866] Iteration,2,133,26.112940,0.191222
[MO866] Iteration,0,133,26.119137,0.191159
[MO866] Iteration,3,133,26.116473,0.191274
[MO866] Iteration,1,133,26.121827,0.191279
[MO866] Iteration,2,134,26.304392,0.191408
[MO866] Iteration,0,134,26.310688,0.191532
[MO866] Iteration,3,134,26.307938,0.191418
[MO866] Iteration,1,134,26.313241,0.191392
[MO866] Iteration,2,135,26.495707,0.191269
[MO866] Iteration,0,135,26.501887,0.191179
[MO866] Iteration,3,135,26.499127,0.191144
[MO866] Iteration,1,135,26.504522,0.191261
[MO866] Iteration,2,136,26.686946,0.191191
[MO866] Iteration,0,136,26.693231,0.191324
[MO866] Iteration,3,136,26.690340,0.191168
[MO866] Iteration,1,136,26.695712,0.191170
[MO866] Iteration,2,137,26.878063,0.191078
[MO866] Iteration,0,137,26.884316,0.191068
[MO866] Iteration,3,137,26.881503,0.191117
[MO866] Iteration,1,137,26.886923,0.191192
[MO866] Iteration,2,138,27.080077,0.201965
[MO866] Iteration,3,138,27.079990,0.198437
[MO866] Iteration,1,138,27.085340,0.198399
[MO866] Iteration,0,138,27.087243,0.202908
[MO866] Iteration,2,139,27.269907,0.189767
[MO866] Iteration,0,139,27.276067,0.188771
[MO866] Iteration,3,139,27.273447,0.193411
[MO866] Iteration,1,139,27.278817,0.193453
[MO866] Iteration,2,140,27.461160,0.191206
[MO866] Iteration,0,140,27.467398,0.191313
 Time step  140
[MO866] Iteration,3,140,27.464611,0.191115
[MO866] Iteration,1,140,27.469974,0.191136
[MO866] Iteration,2,141,27.651552,0.190337
[MO866] Iteration,0,141,27.657786,0.190371
[MO866] Iteration,3,141,27.655990,0.191331
[MO866] Iteration,1,141,27.661416,0.191421
[MO866] Iteration,2,142,27.843119,0.191526
[MO866] Iteration,0,142,27.849410,0.191605
[MO866] Iteration,3,142,27.847610,0.191573
[MO866] Iteration,1,142,27.852919,0.191483
[MO866] Iteration,2,143,28.034349,0.191188
[MO866] Iteration,0,143,28.040579,0.191152
[MO866] Iteration,3,143,28.038621,0.190964
[MO866] Iteration,1,143,28.043930,0.190989
[MO866] Iteration,2,144,28.225287,0.190889
[MO866] Iteration,0,144,28.231612,0.191014
[MO866] Iteration,3,144,28.229626,0.190962
[MO866] Iteration,1,144,28.234943,0.190994
[MO866] Iteration,2,145,28.416334,0.190998
[MO866] Iteration,0,145,28.422599,0.190968
[MO866] Iteration,3,145,28.420654,0.190982
[MO866] Iteration,1,145,28.426058,0.191098
[MO866] Iteration,2,146,28.607464,0.191083
[MO866] Iteration,0,146,28.613842,0.191224
[MO866] Iteration,3,146,28.611966,0.191265
[MO866] Iteration,1,146,28.617296,0.191218
[MO866] Iteration,2,147,28.798680,0.191172
[MO866] Iteration,0,147,28.804948,0.191088
[MO866] Iteration,3,147,28.803027,0.191012
[MO866] Iteration,1,147,28.808378,0.191061
[MO866] Iteration,2,148,28.989662,0.190931
[MO866] Iteration,0,148,28.995947,0.190983
[MO866] Iteration,3,148,28.994040,0.190967
[MO866] Iteration,1,148,28.999372,0.190972
[MO866] Iteration,2,149,29.180768,0.191058
[MO866] Iteration,0,149,29.186945,0.190979
[MO866] Iteration,1,149,29.190722,0.191332
[MO866] Iteration,3,149,29.185509,0.191426
[MO866] Iteration,2,150,29.372009,0.191194
[MO866] Iteration,0,150,29.378352,0.191388
[MO866] Iteration,3,150,29.376479,0.190919
[MO866] Iteration,1,150,29.381789,0.191040
[MO866] Iteration,2,151,29.563207,0.191154
[MO866] Iteration,0,151,29.569437,0.191066
[MO866] Iteration,3,151,29.567484,0.190957
[MO866] Iteration,1,151,29.572795,0.190985
[MO866] Iteration,2,152,29.754048,0.190801
[MO866] Iteration,0,152,29.760368,0.190914
[MO866] Iteration,3,152,29.758500,0.190970
[MO866] Iteration,1,152,29.763804,0.190988
[MO866] Iteration,2,153,29.945204,0.191108
[MO866] Iteration,0,153,29.951492,0.191105
[MO866] Iteration,3,153,29.949471,0.190929
[MO866] Iteration,1,153,29.954791,0.190968
[MO866] Iteration,2,154,30.136387,0.191135
[MO866] Iteration,0,154,30.143188,0.191676
[MO866] Iteration,3,154,30.140675,0.191157
[MO866] Iteration,1,154,30.146300,0.191488
[MO866] Iteration,2,155,30.328355,0.191924
[MO866] Iteration,0,155,30.334666,0.191450
[MO866] Iteration,3,155,30.332684,0.191963
[MO866] Iteration,1,155,30.338038,0.191718
[MO866] Iteration,2,156,30.519672,0.191271
[MO866] Iteration,0,156,30.525971,0.191282
[MO866] Iteration,3,156,30.523824,0.191092
[MO866] Iteration,1,156,30.529196,0.191136
[MO866] Iteration,2,157,30.710720,0.191006
[MO866] Iteration,0,157,30.717080,0.191090
[MO866] Iteration,3,157,30.715188,0.191318
[MO866] Iteration,1,157,30.720512,0.191295
[MO866] Iteration,2,158,30.902220,0.191424
[MO866] Iteration,0,158,30.908578,0.191481
[MO866] Iteration,3,158,30.906878,0.191631
[MO866] Iteration,1,158,30.912171,0.191638
[MO866] Iteration,2,159,31.093615,0.191346
[MO866] Iteration,0,159,31.099814,0.191217
[MO866] Iteration,3,159,31.098194,0.191271
[MO866] Iteration,1,159,31.103482,0.191290
[MO866] Iteration,2,160,31.295754,0.202098
[MO866] Iteration,0,160,31.302038,0.202205
 Time step  160
[MO866] Iteration,3,160,31.304366,0.206128
[MO866] Iteration,1,160,31.309809,0.206308
[MO866] Iteration,2,161,31.491378,0.195579
[MO866] Iteration,0,161,31.497611,0.195554
[MO866] Iteration,3,161,31.495626,0.191172
[MO866] Iteration,1,161,31.500974,0.191123
[MO866] Iteration,2,162,31.682859,0.191426
[MO866] Iteration,0,162,31.689132,0.191503
[MO866] Iteration,3,162,31.687074,0.191389
[MO866] Iteration,1,162,31.692436,0.191440
[MO866] Iteration,2,163,31.874000,0.191097
[MO866] Iteration,0,163,31.880235,0.191086
[MO866] Iteration,3,163,31.878491,0.191372
[MO866] Iteration,1,163,31.883825,0.191367
[MO866] Iteration,2,164,32.065252,0.191204
[MO866] Iteration,0,164,32.071567,0.191313
[MO866] Iteration,3,164,32.069661,0.191112
[MO866] Iteration,1,164,32.074946,0.191102
[MO866] Iteration,2,165,32.256530,0.191229
[MO866] Iteration,0,165,32.262687,0.191101
[MO866] Iteration,3,165,32.261172,0.191464
[MO866] Iteration,1,165,32.266474,0.191510
[MO866] Iteration,2,166,32.447932,0.191343
[MO866] Iteration,0,166,32.454244,0.191536
[MO866] Iteration,3,166,32.452281,0.191058
[MO866] Iteration,1,166,32.457601,0.191105
[MO866] Iteration,2,167,32.638973,0.190998
[MO866] Iteration,0,167,32.645123,0.190860
[MO866] Iteration,3,167,32.643411,0.191084
[MO866] Iteration,1,167,32.648707,0.191084
[MO866] Iteration,2,168,32.830076,0.191058
[MO866] Iteration,0,168,32.836361,0.191220
[MO866] Iteration,3,168,32.834589,0.191128
[MO866] Iteration,1,168,32.839890,0.191162
[MO866] Iteration,2,169,33.021335,0.191209
[MO866] Iteration,0,169,33.027648,0.191268
[MO866] Iteration,3,169,33.025625,0.190991
[MO866] Iteration,1,169,33.030996,0.191087
[MO866] Iteration,2,170,33.212407,0.191021
[MO866] Iteration,0,170,33.218675,0.191010
[MO866] Iteration,3,170,33.216911,0.191228
[MO866] Iteration,1,170,33.222194,0.191180
[MO866] Iteration,2,171,33.403613,0.191149
[MO866] Iteration,0,171,33.409820,0.191126
[MO866] Iteration,3,171,33.407879,0.190918
[MO866] Iteration,1,171,33.413275,0.191060
[MO866] Iteration,2,172,33.594584,0.190915
[MO866] Iteration,0,172,33.600925,0.191087
[MO866] Iteration,3,172,33.599010,0.191083
[MO866] Iteration,1,172,33.604373,0.191077
[MO866] Iteration,2,173,33.785746,0.191112
[MO866] Iteration,0,173,33.792021,0.191080
[MO866] Iteration,3,173,33.790072,0.191018
[MO866] Iteration,1,173,33.795370,0.190976
[MO866] Iteration,2,174,33.976952,0.191161
[MO866] Iteration,0,174,33.983253,0.191214
[MO866] Iteration,3,174,33.981259,0.191146
[MO866] Iteration,1,174,33.986620,0.191231
[MO866] Iteration,2,175,34.167894,0.190894
[MO866] Iteration,0,175,34.177560,0.194289
[MO866] Iteration,3,175,34.172215,0.190907
[MO866] Iteration,1,175,34.177486,0.190844
[MO866] Iteration,2,176,34.369321,0.201392
[MO866] Iteration,0,176,34.375669,0.198063
[MO866] Iteration,3,176,34.370240,0.197989
[MO866] Iteration,1,176,34.375594,0.198087
[MO866] Iteration,2,177,34.556937,0.187547
[MO866] Iteration,0,177,34.563242,0.187554
[MO866] Iteration,3,177,34.561338,0.191047
[MO866] Iteration,1,177,34.566627,0.191014
[MO866] Iteration,2,178,34.748064,0.191078
[MO866] Iteration,0,178,34.754381,0.191121
[MO866] Iteration,1,178,34.757976,0.191328
[MO866] Iteration,3,178,34.752715,0.191331
[MO866] Iteration,2,179,34.939481,0.191374
[MO866] Iteration,0,179,34.945746,0.191348
[MO866] Iteration,3,179,34.943893,0.191130
[MO866] Iteration,1,179,34.949209,0.191211
[MO866] Iteration,2,180,35.130908,0.191382
[MO866] Iteration,0,180,35.137197,0.191434
 Time step  180
[MO866] Iteration,3,180,35.135350,0.191398
[MO866] Iteration,1,180,35.140636,0.191406
[MO866] Iteration,2,181,35.321932,0.190978
[MO866] Iteration,0,181,35.328151,0.190938
[MO866] Iteration,3,181,35.326668,0.191271
[MO866] Iteration,1,181,35.331975,0.191316
[MO866] Iteration,2,182,35.513298,0.191317
[MO866] Iteration,0,182,35.519538,0.191368
[MO866] Iteration,1,182,35.523039,0.191043
[MO866] Iteration,3,182,35.517785,0.191071
[MO866] Iteration,2,183,35.704661,0.191313
[MO866] Iteration,0,183,35.711002,0.191446
[MO866] Iteration,3,183,35.708916,0.191088
[MO866] Iteration,1,183,35.714353,0.191294
[MO866] Iteration,2,184,35.895790,0.191080
[MO866] Iteration,0,184,35.902089,0.191069
[MO866] Iteration,1,184,35.905532,0.191158
[MO866] Iteration,3,184,35.900303,0.191339
[MO866] Iteration,2,185,36.086862,0.191019
[MO866] Iteration,0,185,36.093119,0.191011
[MO866] Iteration,3,185,36.091205,0.190843
[MO866] Iteration,1,185,36.096521,0.190967
[MO866] Iteration,2,186,36.277862,0.190959
[MO866] Iteration,0,186,36.284259,0.191124
[MO866] Iteration,3,186,36.282473,0.191222
[MO866] Iteration,1,186,36.287805,0.191262
[MO866] Iteration,2,187,36.469150,0.191238
[MO866] Iteration,0,187,36.475433,0.191154
[MO866] Iteration,3,187,36.473542,0.191026
[MO866] Iteration,1,187,36.478856,0.191032
[MO866] Iteration,2,188,36.660464,0.191264
[MO866] Iteration,0,188,36.666771,0.191318
[MO866] Iteration,3,188,36.664731,0.191129
[MO866] Iteration,1,188,36.670022,0.191124
[MO866] Iteration,2,189,36.851488,0.190968
[MO866] Iteration,0,189,36.857722,0.190932
[MO866] Iteration,3,189,36.855899,0.191108
[MO866] Iteration,1,189,36.861207,0.191165
[MO866] Iteration,2,190,37.042657,0.191127
[MO866] Iteration,0,190,37.049066,0.191327
[MO866] Iteration,3,190,37.047051,0.191104
[MO866] Iteration,1,190,37.052449,0.191222
[MO866] Iteration,2,191,37.233709,0.190990
[MO866] Iteration,0,191,37.240022,0.190939
[MO866] Iteration,3,191,37.238322,0.191225
[MO866] Iteration,1,191,37.243650,0.191180
[MO866] Iteration,2,192,37.425041,0.191284
[MO866] Iteration,0,192,37.431327,0.191286
[MO866] Iteration,1,192,37.434690,0.191021
[MO866] Iteration,3,192,37.429437,0.191071
[MO866] Iteration,2,193,37.616414,0.191313
[MO866] Iteration,0,193,37.622532,0.191186
[MO866] Iteration,3,193,37.620836,0.191352
[MO866] Iteration,1,193,37.626109,0.191397
[MO866] Iteration,2,194,37.807565,0.191106
[MO866] Iteration,0,194,37.813892,0.191340
[MO866] Iteration,1,194,37.817321,0.191190
[MO866] Iteration,3,194,37.812072,0.191189
[MO866] Iteration,2,195,37.998614,0.191007
[MO866] Iteration,0,195,38.004914,0.191004
[MO866] Iteration,3,195,38.003249,0.191116
[MO866] Iteration,1,195,38.008519,0.191176
[MO866] Iteration,2,196,38.189890,0.191228
[MO866] Iteration,0,196,38.196157,0.191227
[MO866] Iteration,3,196,38.194316,0.191010
[MO866] Iteration,1,196,38.199659,0.191118
[MO866] Iteration,2,197,38.381093,0.191139
[MO866] Iteration,0,197,38.387331,0.191155
[MO866] Iteration,3,197,38.385499,0.191140
[MO866] Iteration,1,197,38.390789,0.191111
[MO866] Iteration,2,198,38.572153,0.191010
[MO866] Iteration,0,198,38.578506,0.191157
[MO866] Iteration,3,198,38.576629,0.191083
[MO866] Iteration,1,198,38.581923,0.191113
[MO866] Iteration,2,199,38.763497,0.191301
[MO866] Iteration,0,199,38.769752,0.191228
[MO866] Iteration,3,199,38.767737,0.191060
[MO866] Iteration,1,199,38.773109,0.191166
[MO866] Iteration,2,200,38.954565,0.191025
[MO866] Iteration,0,200,38.960829,0.191060
 Time step  200
[MO866] Iteration,3,200,38.958871,0.191087
[MO866] Iteration,1,200,38.964235,0.191105
[MO866] Iteration,2,201,39.145803,0.191188
[MO866] Iteration,0,201,39.152077,0.191230
[MO866] Iteration,3,201,39.150085,0.191173
[MO866] Iteration,1,201,39.155449,0.191194
[MO866] Iteration,2,202,39.336777,0.190913
[MO866] Iteration,0,202,39.343094,0.190998
[MO866] Iteration,3,202,39.341104,0.190977
[MO866] Iteration,1,202,39.346493,0.191025
[MO866] Iteration,2,203,39.527909,0.191083
[MO866] Iteration,0,203,39.534239,0.191127
[MO866] Iteration,3,203,39.532168,0.191015
[MO866] Iteration,1,203,39.537550,0.191036
[MO866] Iteration,2,204,39.719189,0.191237
[MO866] Iteration,0,204,39.725406,0.191148
[MO866] Iteration,3,204,39.723539,0.191326
[MO866] Iteration,1,204,39.728900,0.191329
[MO866] Iteration,2,205,39.910272,0.191041
[MO866] Iteration,0,205,39.916532,0.191109
[MO866] Iteration,3,205,39.914609,0.191011
[MO866] Iteration,1,205,39.920065,0.191143
[MO866] Iteration,2,206,40.101308,0.190985
[MO866] Iteration,0,206,40.107573,0.191024
[MO866] Iteration,3,206,40.105804,0.191150
[MO866] Iteration,1,206,40.111139,0.191055
[MO866] Iteration,2,207,40.292736,0.191380
[MO866] Iteration,0,207,40.299035,0.191443
[MO866] Iteration,3,207,40.297001,0.191158
[MO866] Iteration,1,207,40.302393,0.191236
[MO866] Iteration,0,208,40.503556,0.204503
[MO866] Iteration,2,208,40.497785,0.205000
[MO866] Iteration,1,208,40.508305,0.205890
[MO866] Iteration,3,208,40.503047,0.206000
[MO866] Iteration,2,209,40.689480,0.191668
[MO866] Iteration,0,209,40.695354,0.191728
[MO866] Iteration,3,209,40.695089,0.191996
[MO866] Iteration,1,209,40.700296,0.191970
[MO866] Iteration,0,210,40.886929,0.191527
[MO866] Iteration,2,210,40.881137,0.191627
[MO866] Iteration,1,210,40.891958,0.191642
[MO866] Iteration,3,210,40.886721,0.191584
[MO866] Iteration,2,211,41.072576,0.191417
[MO866] Iteration,0,211,41.078377,0.191398
[MO866] Iteration,3,211,41.078299,0.191533
[MO866] Iteration,1,211,41.083590,0.191611
[MO866] Iteration,0,212,41.269906,0.191479
[MO866] Iteration,2,212,41.264164,0.191566
[MO866] Iteration,1,212,41.274895,0.191287
[MO866] Iteration,3,212,41.269624,0.191281
[MO866] Iteration,2,213,41.456038,0.191854
[MO866] Iteration,0,213,41.461937,0.191987
[MO866] Iteration,3,213,41.461092,0.191418
[MO866] Iteration,1,213,41.466355,0.191443
[MO866] Iteration,0,214,41.653541,0.191565
[MO866] Iteration,2,214,41.647692,0.191627
[MO866] Iteration,3,214,41.652704,0.191563
[MO866] Iteration,1,214,41.658022,0.191645
[MO866] Iteration,0,215,41.845062,0.191480
[MO866] Iteration,2,215,41.839174,0.191462
[MO866] Iteration,3,215,41.843976,0.191223
[MO866] Iteration,1,215,41.849264,0.191221
[MO866] Iteration,2,216,42.030182,0.190991
[MO866] Iteration,0,216,42.036178,0.191076
[MO866] Iteration,3,216,42.035566,0.191529
[MO866] Iteration,1,216,42.040837,0.191553
[MO866] Iteration,0,217,42.228101,0.191898
[MO866] Iteration,2,217,42.222191,0.191963
[MO866] Iteration,3,217,42.227115,0.191502
[MO866] Iteration,1,217,42.232430,0.191572
[MO866] Iteration,2,218,42.413292,0.191061
[MO866] Iteration,0,218,42.419215,0.191073
[MO866] Iteration,3,218,42.418055,0.190894
[MO866] Iteration,1,218,42.423400,0.190949
[MO866] Iteration,0,219,42.610094,0.190850
[MO866] Iteration,2,219,42.604167,0.190834
[MO866] Iteration,3,219,42.609257,0.191162
[MO866] Iteration,1,219,42.614538,0.191120
[MO866] Iteration,3,220,42.798097,0.188790
[MO866] Iteration,1,220,42.803358,0.188798
[MO866] Iteration,2,220,42.801639,0.197433
[MO866] Iteration,0,220,42.808630,0.198513
 Time step  220
[MO866] Iteration,2,221,42.991787,0.190096
[MO866] Iteration,0,221,42.997690,0.188997
[MO866] Iteration,3,221,42.994947,0.196800
[MO866] Iteration,1,221,43.000271,0.196893
[MO866] Iteration,0,222,43.187043,0.189318
[MO866] Iteration,2,222,43.181131,0.189317
[MO866] Iteration,3,222,43.186030,0.191036
[MO866] Iteration,1,222,43.191363,0.191071
[MO866] Iteration,2,223,43.372273,0.191100
[MO866] Iteration,0,223,43.378110,0.191026
[MO866] Iteration,3,223,43.377159,0.191084
[MO866] Iteration,1,223,43.382543,0.191161
[MO866] Iteration,0,224,43.569220,0.191067
[MO866] Iteration,2,224,43.563361,0.191065
[MO866] Iteration,3,224,43.568478,0.191271
[MO866] Iteration,1,224,43.573736,0.191171
[MO866] Iteration,2,225,43.755046,0.191666
[MO866] Iteration,0,225,43.760897,0.191638
[MO866] Iteration,3,225,43.760053,0.191526
[MO866] Iteration,1,225,43.765331,0.191573
[MO866] Iteration,0,226,43.952308,0.191368
[MO866] Iteration,2,226,43.946431,0.191364
[MO866] Iteration,3,226,43.951546,0.191446
[MO866] Iteration,1,226,43.956880,0.191527
[MO866] Iteration,2,227,44.137633,0.191173
[MO866] Iteration,0,227,44.143577,0.191223
[MO866] Iteration,3,227,44.142745,0.191138
[MO866] Iteration,1,227,44.148064,0.191162
[MO866] Iteration,0,228,44.334931,0.191326
[MO866] Iteration,2,228,44.329138,0.191461
[MO866] Iteration,3,228,44.334170,0.191381
[MO866] Iteration,1,228,44.339427,0.191341
[MO866] Iteration,2,229,44.520340,0.191181
[MO866] Iteration,0,229,44.526258,0.191277
[MO866] Iteration,3,229,44.525174,0.190961
[MO866] Iteration,1,229,44.530615,0.191167
[MO866] Iteration,0,230,44.717378,0.191090
[MO866] Iteration,2,230,44.711534,0.191157
[MO866] Iteration,3,230,44.716522,0.191299
[MO866] Iteration,1,230,44.721842,0.191205
[MO866] Iteration,2,231,44.902691,0.191136
[MO866] Iteration,0,231,44.908583,0.191167
[MO866] Iteration,3,231,44.907634,0.191062
[MO866] Iteration,1,231,44.912918,0.191056
[MO866] Iteration,0,232,45.099708,0.191081
[MO866] Iteration,2,232,45.093815,0.191100
[MO866] Iteration,3,232,45.098876,0.191192
[MO866] Iteration,1,232,45.104205,0.191266
[MO866] Iteration,2,233,45.285419,0.191578
[MO866] Iteration,0,233,45.291255,0.191503
[MO866] Iteration,3,233,45.290725,0.191803
[MO866] Iteration,1,233,45.296019,0.191793
[MO866] Iteration,0,234,45.482623,0.191322
[MO866] Iteration,2,234,45.476810,0.191366
[MO866] Iteration,3,234,45.482179,0.191406
[MO866] Iteration,1,234,45.487501,0.191462
[MO866] Iteration,2,235,45.668201,0.191370
[MO866] Iteration,0,235,45.674083,0.191411
[MO866] Iteration,1,235,45.678683,0.191164
[MO866] Iteration,3,235,45.673446,0.191225
[MO866] Iteration,0,236,45.865204,0.191079
[MO866] Iteration,2,236,45.859422,0.191205
[MO866] Iteration,3,236,45.864481,0.190988
[MO866] Iteration,1,236,45.869803,0.191098
[MO866] Iteration,2,237,46.050447,0.191008
[MO866] Iteration,0,237,46.056264,0.191017
[MO866] Iteration,3,237,46.055578,0.191049
[MO866] Iteration,1,237,46.060916,0.191093
[MO866] Iteration,0,238,46.247441,0.191128
[MO866] Iteration,2,238,46.241556,0.191085
[MO866] Iteration,3,238,46.246857,0.191234
[MO866] Iteration,1,238,46.252143,0.191205
[MO866] Iteration,2,239,46.432974,0.191401
[MO866] Iteration,0,239,46.438882,0.191398
[MO866] Iteration,3,239,46.438539,0.191635
[MO866] Iteration,1,239,46.443798,0.191633
[MO866] Iteration,0,240,46.630335,0.191411
 Time step  240
[MO866] Iteration,2,240,46.624506,0.191493
[MO866] Iteration,3,240,46.629661,0.191079
[MO866] Iteration,1,240,46.634974,0.191157
[MO866] Iteration,2,241,46.815546,0.191015
[MO866] Iteration,0,241,46.821478,0.191099
[MO866] Iteration,3,241,46.820834,0.191123
[MO866] Iteration,1,241,46.826130,0.191139
[MO866] Iteration,0,242,47.012593,0.191099
[MO866] Iteration,2,242,47.006848,0.191265
[MO866] Iteration,3,242,47.012280,0.191396
[MO866] Iteration,1,242,47.017590,0.191439
[MO866] Iteration,0,243,47.204151,0.191496
[MO866] Iteration,2,243,47.198416,0.191545
[MO866] Iteration,3,243,47.203721,0.191393
[MO866] Iteration,1,243,47.208989,0.191378
[MO866] Iteration,0,244,47.395450,0.191250
[MO866] Iteration,2,244,47.389696,0.191260
[MO866] Iteration,3,244,47.394749,0.190980
[MO866] Iteration,1,244,47.400087,0.191077
[MO866] Iteration,0,245,47.586379,0.190880
[MO866] Iteration,2,245,47.580548,0.190832
[MO866] Iteration,3,245,47.585837,0.191032
[MO866] Iteration,1,245,47.591188,0.191081
[MO866] Iteration,0,246,47.777779,0.191353
[MO866] Iteration,2,246,47.772002,0.191428
[MO866] Iteration,3,246,47.777152,0.191271
[MO866] Iteration,1,246,47.782462,0.191256
[MO866] Iteration,0,247,47.969102,0.191279
[MO866] Iteration,2,247,47.963277,0.191257
[MO866] Iteration,3,247,47.968418,0.191217
[MO866] Iteration,1,247,47.973699,0.191216
[MO866] Iteration,0,248,48.160157,0.191012
[MO866] Iteration,2,248,48.154311,0.191016
[MO866] Iteration,3,248,48.159492,0.191026
[MO866] Iteration,1,248,48.164800,0.191080
[MO866] Iteration,2,249,48.345535,0.191205
[MO866] Iteration,0,249,48.351369,0.191166
[MO866] Iteration,3,249,48.350674,0.191123
[MO866] Iteration,1,249,48.356027,0.191207
[MO866] Iteration,0,250,48.542773,0.191357
 Time step  250
[MO866] Iteration,2,250,48.536985,0.191424
[MO866] Iteration,3,250,48.542448,0.191731
[MO866] Iteration,1,250,48.547672,0.191626
[MO866] Iteration,2,251,48.737649,0.200643
[MO866] Iteration,3,251,48.736624,0.194134
[MO866] Iteration,0,251,48.743560,0.200739
[MO866] Iteration,1,251,48.741766,0.194074

 Verification being performed for class B
 Accuracy setting for epsilon =  0.1000000000000E-07
 Comparison of RMS-norms of residual
           1   0.3553267296998E+04 0.3553267296998E+04 0.4863242162582E-14
           2   0.2621475079531E+03 0.2621475079531E+03 0.7372476116054E-14
[MO866] PI avg,2,0.192075,251
[MO866] Beta,2,0.000273
[MO866] Total time,2,48.750801
[MO866] PI avg,3,0.192096,251
[MO866] Beta,3,0.000273
[MO866] Total time,3,48.749764
[MO866] PI avg,1,0.192123,251
[MO866] Beta,1,0.000272
[MO866] Total time,1,48.754906
           3   0.8833372185095E+03 0.8833372185095E+03 0.1801821201181E-14
           4   0.7781277473943E+03 0.7781277473943E+03 0.2337648811056E-14
           5   0.7308796959255E+04 0.7308796959255E+04 0.8710685148189E-15
 Comparison of RMS-norms of solution error
           1   0.1140117638021E+03 0.1140117638021E+03 0.1371081339804E-14
           2   0.8109896365542E+01 0.8109896365542E+01 0.1577057050695E-13
           3   0.2848059731770E+02 0.2848059731770E+02 0.6736043367181E-14
           4   0.2590539456783E+02 0.2590539456783E+02 0.2194269564664E-14
           5   0.2605490750486E+03 0.2605490750486E+03 0.2618013616830E-14
 Comparison of surface integral
               0.4788716270331E+02 0.4788716270331E+02 0.8902712488886E-15
 Verification Successful


 LU Benchmark Completed.
 Class           =                        B
 Size            =            102x 102x 102
 Iterations      =                      250
 Time in seconds =                    48.02
 Total processes =                        4
 Active procs    =                        4
 Mop/s total     =                 10386.78
 Mop/s/process   =                  2596.69
 Operation type  =           floating point
 Verification    =               SUCCESSFUL
 Version         =                      3.4
 Compile date    =              15 Jun 2020

 Compile options:
    MPIFC        = mpif90
    FLINK        = $(MPIFC)
    FMPI_LIB     = (none)
    FMPI_INC     = (none)
    FFLAGS       = -O3
    FLINKFLAGS   = $(FFLAGS) -O ../kernel_stats/kernel_stats.o...
    RAND         = (none)


 Please send feedbacks and/or the results of this run to:

 NPB Development Team 
 Internet: npb@nas.nasa.gov


[MO866] PI avg,0,0.192097,251
[MO866] Beta,0,0.000280
[MO866] Total time,0,48.757047
