--------------------------------------------------------------------------
[[60054,1],1]: A high-performance Open MPI point-to-point messaging module
was unable to find any relevant network interfaces:

Module: OpenFabrics (openib)
  Host: node06

Another transport will be used instead, although this may result in
lower performance.

NOTE: You can disable this warning by setting the MCA parameter
btl_base_warn_component_unused to 0.
--------------------------------------------------------------------------


 NAS Parallel Benchmarks 3.4 -- LU Benchmark

 Size:  162x 162x 162  (class C)
 Iterations:  250
 Total number of processes:     4

[MO866] Init time,1,1.077678
[MO866] Init time,2,1.072308
[MO866] Init time,3,1.071816
[MO866] Init time,0,1.078729
[MO866] Iteration,2,1,1.870437,0.798094
[MO866] Iteration,0,1,1.878339,0.799575
[MO866] Iteration,3,1,1.891810,0.819941
[MO866] Iteration,1,1,1.898248,0.820517
 Time step    1
[MO866] Iteration,2,2,3.157985,0.750397
[MO866] Iteration,0,2,3.165735,0.751726
[MO866] Iteration,3,2,3.180752,0.773681
[MO866] Iteration,1,2,3.186934,0.774001
[MO866] Iteration,2,3,3.958413,0.800367
[MO866] Iteration,0,3,3.966941,0.801159
[MO866] Iteration,3,3,3.965586,0.784772
[MO866] Iteration,1,3,3.971858,0.784895
[MO866] Iteration,2,4,4.745157,0.786689
[MO866] Iteration,0,4,4.752820,0.785809
[MO866] Iteration,3,4,4.780363,0.814689
[MO866] Iteration,1,4,4.786688,0.814802
[MO866] Iteration,2,5,5.527509,0.782260
[MO866] Iteration,0,5,5.535168,0.782307
[MO866] Iteration,3,5,5.550512,0.770075
[MO866] Iteration,1,5,5.556630,0.769911
[MO866] Iteration,2,6,6.303271,0.775711
[MO866] Iteration,0,6,6.317958,0.782757
[MO866] Iteration,3,6,6.316736,0.766175
[MO866] Iteration,1,6,6.323276,0.766623
[MO866] Iteration,2,7,7.090598,0.787284
[MO866] Iteration,0,7,7.098680,0.780676
[MO866] Iteration,3,7,7.098246,0.781420
[MO866] Iteration,1,7,7.104699,0.781385
[MO866] Iteration,2,8,7.845564,0.754922
[MO866] Iteration,0,8,7.853340,0.754614
[MO866] Iteration,3,8,7.868003,0.769684
[MO866] Iteration,1,8,7.874083,0.769358
[MO866] Iteration,2,9,8.615311,0.769706
[MO866] Iteration,0,9,8.623178,0.769801
[MO866] Iteration,3,9,8.638433,0.770382
[MO866] Iteration,1,9,8.644445,0.770338
[MO866] Iteration,2,10,9.384981,0.769600
[MO866] Iteration,0,10,9.392594,0.769359
[MO866] Iteration,3,10,9.408279,0.769797
[MO866] Iteration,1,10,9.414256,0.769788
[MO866] Iteration,2,11,10.180246,0.795215
[MO866] Iteration,0,11,10.188910,0.796288
[MO866] Iteration,3,11,10.221917,0.813594
[MO866] Iteration,1,11,10.228511,0.814232
[MO866] Iteration,2,12,10.976226,0.795923
[MO866] Iteration,0,12,10.983985,0.795018
[MO866] Iteration,3,12,11.003740,0.781759
[MO866] Iteration,1,12,11.009826,0.781280
[MO866] Iteration,2,13,11.750953,0.774676
[MO866] Iteration,0,13,11.758361,0.774346
[MO866] Iteration,3,13,11.774118,0.770312
[MO866] Iteration,1,13,11.780312,0.770461
[MO866] Iteration,2,14,12.521264,0.770251
[MO866] Iteration,0,14,12.529032,0.770630
[MO866] Iteration,3,14,12.544352,0.770187
[MO866] Iteration,1,14,12.550442,0.770108
[MO866] Iteration,2,15,13.291303,0.769992
[MO866] Iteration,0,15,13.299245,0.770176
[MO866] Iteration,3,15,13.314389,0.769986
[MO866] Iteration,1,15,13.320592,0.770126
[MO866] Iteration,3,16,14.090097,0.775658
[MO866] Iteration,1,16,14.096183,0.775569
[MO866] Iteration,2,16,14.095965,0.804612
[MO866] Iteration,0,16,14.104732,0.805446
[MO866] Iteration,2,17,14.852394,0.756357
[MO866] Iteration,0,17,14.860293,0.755494
[MO866] Iteration,3,17,14.875605,0.785447
[MO866] Iteration,1,17,14.881711,0.785501
[MO866] Iteration,2,18,15.622299,0.769855
[MO866] Iteration,0,18,15.630017,0.769689
[MO866] Iteration,3,18,15.645357,0.769672
[MO866] Iteration,1,18,15.651466,0.769712
[MO866] Iteration,2,19,16.392551,0.770207
[MO866] Iteration,0,19,16.400284,0.770230
[MO866] Iteration,3,19,16.416006,0.770604
[MO866] Iteration,1,19,16.422154,0.770667
[MO866] Iteration,2,20,17.162801,0.770180
[MO866] Iteration,0,20,17.170583,0.770252
 Time step   20
[MO866] Iteration,3,20,17.185925,0.769870
[MO866] Iteration,1,20,17.191979,0.769803
[MO866] Iteration,2,21,17.932597,0.769747
[MO866] Iteration,0,21,17.940513,0.769892
[MO866] Iteration,1,21,17.960926,0.768925
[MO866] Iteration,3,21,17.955147,0.769175
[MO866] Iteration,2,22,18.701275,0.768629
[MO866] Iteration,0,22,18.708880,0.768332
[MO866] Iteration,1,22,18.729272,0.768292
[MO866] Iteration,3,22,18.723290,0.768120
[MO866] Iteration,2,23,19.495216,0.793896
[MO866] Iteration,0,23,19.503785,0.794875
[MO866] Iteration,3,23,19.502945,0.779603
[MO866] Iteration,1,23,19.509236,0.779940
[MO866] Iteration,2,24,20.250272,0.754995
[MO866] Iteration,0,24,20.258097,0.754248
[MO866] Iteration,3,24,20.273624,0.770592
[MO866] Iteration,1,24,20.279796,0.770534
[MO866] Iteration,2,25,21.020285,0.769969
[MO866] Iteration,0,25,21.028168,0.770035
[MO866] Iteration,3,25,21.043741,0.770070
[MO866] Iteration,1,25,21.049853,0.770034
[MO866] Iteration,2,26,21.791834,0.771496
[MO866] Iteration,0,26,21.799426,0.771223
[MO866] Iteration,3,26,21.813826,0.770024
[MO866] Iteration,1,26,21.819925,0.770050
[MO866] Iteration,2,27,22.585358,0.793453
[MO866] Iteration,0,27,22.593083,0.793612
[MO866] Iteration,3,27,22.622086,0.808213
[MO866] Iteration,1,27,22.628112,0.808164
[MO866] Iteration,2,28,23.367766,0.782360
[MO866] Iteration,0,28,23.375279,0.782160
[MO866] Iteration,3,28,23.388787,0.766644
[MO866] Iteration,1,28,23.395035,0.766890
[MO866] Iteration,2,29,24.135224,0.767408
[MO866] Iteration,0,29,24.143070,0.767762
[MO866] Iteration,3,29,24.158127,0.769282
[MO866] Iteration,1,29,24.164161,0.769105
[MO866] Iteration,3,30,24.917614,0.759438
[MO866] Iteration,1,30,24.923643,0.759459
[MO866] Iteration,2,30,24.936815,0.801529
[MO866] Iteration,0,30,24.944623,0.801515
[MO866] Iteration,2,31,25.691113,0.754246
[MO866] Iteration,0,31,25.698715,0.754047
[MO866] Iteration,1,31,25.719195,0.795525
[MO866] Iteration,3,31,25.713242,0.795557
[MO866] Iteration,2,32,26.460389,0.769215
[MO866] Iteration,0,32,26.468185,0.769440
[MO866] Iteration,3,32,26.483346,0.770059
[MO866] Iteration,1,32,26.489405,0.770189
[MO866] Iteration,2,33,27.230586,0.770142
[MO866] Iteration,0,33,27.238403,0.770176
[MO866] Iteration,1,33,27.258764,0.769334
[MO866] Iteration,3,33,27.252947,0.769551
[MO866] Iteration,2,34,27.999626,0.768987
[MO866] Iteration,0,34,28.007545,0.769105
[MO866] Iteration,3,34,28.022841,0.769864
[MO866] Iteration,1,34,28.028986,0.770174
[MO866] Iteration,2,35,28.769735,0.770058
[MO866] Iteration,0,35,28.777525,0.769937
[MO866] Iteration,1,35,28.797906,0.768897
[MO866] Iteration,3,35,28.792180,0.769289
[MO866] Iteration,2,36,29.538786,0.768989
[MO866] Iteration,0,36,29.546592,0.769013
[MO866] Iteration,3,36,29.561063,0.768862
[MO866] Iteration,1,36,29.567187,0.769228
[MO866] Iteration,2,37,30.307506,0.768674
[MO866] Iteration,0,37,30.315355,0.768724
[MO866] Iteration,1,37,30.336195,0.768987
[MO866] Iteration,3,37,30.330385,0.769276
[MO866] Iteration,2,38,31.078381,0.770825
[MO866] Iteration,0,38,31.085976,0.770582
[MO866] Iteration,3,38,31.100661,0.770233
[MO866] Iteration,1,38,31.106742,0.770486
[MO866] Iteration,2,39,31.847630,0.769202
[MO866] Iteration,0,39,31.855466,0.769459
[MO866] Iteration,3,39,31.870006,0.769250
[MO866] Iteration,1,39,31.876293,0.769529
[MO866] Iteration,2,40,32.639318,0.791638
[MO866] Iteration,0,40,32.647706,0.792200
 Time step   40
[MO866] Iteration,3,40,32.647205,0.777139
[MO866] Iteration,1,40,32.653681,0.777363
[MO866] Iteration,2,41,33.394370,0.754993
[MO866] Iteration,0,41,33.402064,0.754296
[MO866] Iteration,3,41,33.416617,0.769333
[MO866] Iteration,1,41,33.422657,0.768940
[MO866] Iteration,2,42,34.163596,0.769184
[MO866] Iteration,0,42,34.171399,0.769302
[MO866] Iteration,3,42,34.186077,0.769411
[MO866] Iteration,1,42,34.192192,0.769514
[MO866] Iteration,2,43,34.932649,0.769004
[MO866] Iteration,0,43,34.940484,0.769046
[MO866] Iteration,3,43,34.955655,0.769514
[MO866] Iteration,1,43,34.961930,0.769715
[MO866] Iteration,2,44,35.702598,0.769899
[MO866] Iteration,0,44,35.710499,0.769982
[MO866] Iteration,3,44,35.725756,0.770051
[MO866] Iteration,1,44,35.731867,0.769915
[MO866] Iteration,2,45,36.473096,0.770451
[MO866] Iteration,0,45,36.481712,0.771175
[MO866] Iteration,3,45,36.495473,0.769670
[MO866] Iteration,1,45,36.501917,0.770028
[MO866] Iteration,2,46,37.243618,0.770450
[MO866] Iteration,0,46,37.251590,0.769796
[MO866] Iteration,3,46,37.266893,0.771370
[MO866] Iteration,1,46,37.273064,0.771124
[MO866] Iteration,2,47,38.013780,0.770110
[MO866] Iteration,0,47,38.021468,0.769814
[MO866] Iteration,3,47,38.036130,0.769174
[MO866] Iteration,1,47,38.042002,0.768915
[MO866] Iteration,2,48,38.782569,0.768731
[MO866] Iteration,0,48,38.790361,0.768860
[MO866] Iteration,1,48,38.811283,0.769244
[MO866] Iteration,3,48,38.805305,0.769128
[MO866] Iteration,2,49,39.551980,0.769365
[MO866] Iteration,0,49,39.559881,0.769482
[MO866] Iteration,3,49,39.574968,0.769617
[MO866] Iteration,1,49,39.581094,0.769789
[MO866] Iteration,2,50,40.320642,0.768610
[MO866] Iteration,0,50,40.328313,0.768395
[MO866] Iteration,3,50,40.342425,0.767408
[MO866] Iteration,1,50,40.348457,0.767339
[MO866] Iteration,2,51,41.116204,0.795511
[MO866] Iteration,0,51,41.124461,0.796120
[MO866] Iteration,3,51,41.123309,0.780838
[MO866] Iteration,1,51,41.129846,0.781366
[MO866] Iteration,2,52,41.872324,0.756058
[MO866] Iteration,0,52,41.880191,0.755676
[MO866] Iteration,3,52,41.890636,0.767238
[MO866] Iteration,1,52,41.896955,0.767079
[MO866] Iteration,2,53,42.641171,0.768794
[MO866] Iteration,0,53,42.648702,0.768477
[MO866] Iteration,3,53,42.658618,0.767932
[MO866] Iteration,1,53,42.664838,0.767861
[MO866] Iteration,2,54,43.409162,0.767933
[MO866] Iteration,0,54,43.417192,0.768461
[MO866] Iteration,3,54,43.428131,0.769464
[MO866] Iteration,1,54,43.434226,0.769366
[MO866] Iteration,2,55,44.177330,0.768110
[MO866] Iteration,0,55,44.184947,0.767715
[MO866] Iteration,3,55,44.195931,0.767750
[MO866] Iteration,1,55,44.202343,0.768093
[MO866] Iteration,2,56,44.943001,0.765624
[MO866] Iteration,0,56,44.950463,0.765487
[MO866] Iteration,3,56,44.966721,0.770739
[MO866] Iteration,1,56,44.972826,0.770461
[MO866] Iteration,2,57,45.718342,0.775294
[MO866] Iteration,0,57,45.726141,0.775651
[MO866] Iteration,3,57,45.741743,0.774972
[MO866] Iteration,1,57,45.747963,0.775114
[MO866] Iteration,2,58,46.508128,0.789722
[MO866] Iteration,0,58,46.515855,0.789657
[MO866] Iteration,3,58,46.549455,0.807665
[MO866] Iteration,1,58,46.555282,0.807297
[MO866] Iteration,2,59,47.300068,0.791884
[MO866] Iteration,0,59,47.308078,0.792192
[MO866] Iteration,3,59,47.323362,0.773883
[MO866] Iteration,1,59,47.329452,0.774114
[MO866] Iteration,2,60,48.069992,0.769872
[MO866] Iteration,0,60,48.077893,0.769774
 Time step   60
[MO866] Iteration,3,60,48.093601,0.770188
[MO866] Iteration,1,60,48.099646,0.770170
[MO866] Iteration,2,61,48.839816,0.769784
[MO866] Iteration,0,61,48.847606,0.769669
[MO866] Iteration,3,61,48.861627,0.767978
[MO866] Iteration,1,61,48.867530,0.767860
[MO866] Iteration,2,62,49.608155,0.768290
[MO866] Iteration,0,62,49.616083,0.768420
[MO866] Iteration,3,62,49.631247,0.769575
[MO866] Iteration,1,62,49.637317,0.769754
[MO866] Iteration,2,63,50.378058,0.769855
[MO866] Iteration,0,63,50.385628,0.769507
[MO866] Iteration,3,63,50.400790,0.769493
[MO866] Iteration,1,63,50.406943,0.769602
[MO866] Iteration,2,64,51.182302,0.804201
[MO866] Iteration,0,64,51.191252,0.805594
[MO866] Iteration,3,64,51.189467,0.788632
[MO866] Iteration,1,64,51.195567,0.788602
[MO866] Iteration,2,65,51.936759,0.754403
[MO866] Iteration,0,65,51.944398,0.753075
[MO866] Iteration,3,65,51.959511,0.769973
[MO866] Iteration,1,65,51.965688,0.770091
[MO866] Iteration,2,66,52.706476,0.769666
[MO866] Iteration,0,66,52.714237,0.769812
[MO866] Iteration,1,66,52.735279,0.769568
[MO866] Iteration,3,66,52.729299,0.769736
[MO866] Iteration,2,67,53.475152,0.768629
[MO866] Iteration,0,67,53.482942,0.768669
[MO866] Iteration,3,67,53.498319,0.768974
[MO866] Iteration,1,67,53.504366,0.769065
[MO866] Iteration,2,68,54.243640,0.768439
[MO866] Iteration,0,68,54.251329,0.768350
[MO866] Iteration,3,68,54.264919,0.766538
[MO866] Iteration,1,68,54.271381,0.766991
[MO866] Iteration,2,69,55.009789,0.766097
[MO866] Iteration,0,69,55.017541,0.766179
[MO866] Iteration,3,69,55.030823,0.765860
[MO866] Iteration,1,69,55.037378,0.765977
[MO866] Iteration,2,70,55.775368,0.765525
[MO866] Iteration,0,70,55.783219,0.765645
[MO866] Iteration,3,70,55.796378,0.765507
[MO866] Iteration,1,70,55.802846,0.765445
[MO866] Iteration,2,71,56.542563,0.767147
[MO866] Iteration,0,71,56.550219,0.766962
[MO866] Iteration,3,71,56.562754,0.766314
[MO866] Iteration,1,71,56.569511,0.766645
[MO866] Iteration,2,72,57.308547,0.765919
[MO866] Iteration,0,72,57.316481,0.766214
[MO866] Iteration,3,72,57.329566,0.766763
[MO866] Iteration,1,72,57.336418,0.766881
[MO866] Iteration,2,73,58.074755,0.766159
[MO866] Iteration,0,73,58.082501,0.765985
[MO866] Iteration,3,73,58.096797,0.767184
[MO866] Iteration,1,73,58.103558,0.767114
[MO866] Iteration,2,74,58.843086,0.768273
[MO866] Iteration,0,74,58.850818,0.768279
[MO866] Iteration,3,74,58.863789,0.766952
[MO866] Iteration,1,74,58.870515,0.766933
[MO866] Iteration,2,75,59.608655,0.765521
[MO866] Iteration,0,75,59.616238,0.765385
[MO866] Iteration,3,75,59.629627,0.765788
[MO866] Iteration,1,75,59.636498,0.765927
[MO866] Iteration,2,76,60.375055,0.766348
[MO866] Iteration,0,76,60.382625,0.766359
[MO866] Iteration,3,76,60.395270,0.765598
[MO866] Iteration,1,76,60.402016,0.765491
[MO866] Iteration,2,77,61.140003,0.764899
[MO866] Iteration,0,77,61.147829,0.765176
[MO866] Iteration,3,77,61.160838,0.765518
[MO866] Iteration,1,77,61.167060,0.765018
[MO866] Iteration,2,78,61.905506,0.765454
[MO866] Iteration,0,78,61.913047,0.765183
[MO866] Iteration,3,78,61.926002,0.765119
[MO866] Iteration,1,78,61.932397,0.765317
[MO866] Iteration,2,79,62.673781,0.768229
[MO866] Iteration,0,79,62.681572,0.768498
[MO866] Iteration,3,79,62.695139,0.769089
[MO866] Iteration,1,79,62.701504,0.769084
[MO866] Iteration,2,80,63.476728,0.802904
[MO866] Iteration,0,80,63.485139,0.803528
 Time step   80
[MO866] Iteration,3,80,63.483627,0.788418
[MO866] Iteration,1,80,63.490281,0.788740
[MO866] Iteration,2,81,64.234551,0.757760
[MO866] Iteration,0,81,64.242094,0.756891
[MO866] Iteration,3,81,64.255815,0.772096
[MO866] Iteration,1,81,64.262516,0.772204
[MO866] Iteration,2,82,65.001625,0.767014
[MO866] Iteration,0,82,65.009276,0.767151
[MO866] Iteration,3,82,65.022159,0.766295
[MO866] Iteration,1,82,65.028854,0.766296
[MO866] Iteration,2,83,65.767594,0.765923
[MO866] Iteration,0,83,65.775221,0.765913
[MO866] Iteration,3,83,65.789387,0.767177
[MO866] Iteration,1,83,65.795973,0.767094
[MO866] Iteration,2,84,66.548973,0.781341
[MO866] Iteration,0,84,66.556275,0.781023
[MO866] Iteration,3,84,66.570019,0.780588
[MO866] Iteration,1,84,66.575913,0.779916
[MO866] Iteration,2,85,67.317823,0.768809
[MO866] Iteration,0,85,67.325346,0.769036
[MO866] Iteration,3,85,67.341009,0.770938
[MO866] Iteration,1,85,67.347163,0.771216
[MO866] Iteration,2,86,68.094548,0.776669
[MO866] Iteration,0,86,68.102071,0.776694
[MO866] Iteration,1,86,68.124045,0.776860
[MO866] Iteration,3,86,68.118077,0.777014
[MO866] Iteration,2,87,68.862709,0.768115
[MO866] Iteration,0,87,68.869854,0.767755
[MO866] Iteration,3,87,68.884151,0.766012
[MO866] Iteration,1,87,68.890853,0.766784
[MO866] Iteration,2,88,69.629416,0.766657
[MO866] Iteration,0,88,69.636877,0.767002
[MO866] Iteration,3,88,69.650963,0.766760
[MO866] Iteration,1,88,69.657401,0.766526
[MO866] Iteration,2,89,70.396163,0.766706
[MO866] Iteration,0,89,70.403379,0.766474
[MO866] Iteration,3,89,70.417966,0.766942
[MO866] Iteration,1,89,70.424497,0.767072
[MO866] Iteration,2,90,71.162430,0.766197
[MO866] Iteration,0,90,71.169925,0.766509
[MO866] Iteration,3,90,71.183144,0.765129
[MO866] Iteration,1,90,71.189859,0.765339
[MO866] Iteration,2,91,71.928705,0.766227
[MO866] Iteration,0,91,71.936005,0.766053
[MO866] Iteration,3,91,71.950193,0.766987
[MO866] Iteration,1,91,71.956682,0.766798
[MO866] Iteration,2,92,72.697158,0.768404
[MO866] Iteration,0,92,72.704627,0.768600
[MO866] Iteration,3,92,72.716726,0.766483
[MO866] Iteration,1,92,72.723314,0.766610
[MO866] Iteration,2,93,73.461028,0.763809
[MO866] Iteration,0,93,73.468442,0.763788
[MO866] Iteration,3,93,73.482790,0.766020
[MO866] Iteration,1,93,73.489449,0.766113
[MO866] Iteration,2,94,74.227620,0.766541
[MO866] Iteration,0,94,74.235183,0.766718
[MO866] Iteration,3,94,74.249663,0.766824
[MO866] Iteration,1,94,74.256080,0.766607
[MO866] Iteration,2,95,74.994646,0.766977
[MO866] Iteration,0,95,75.002057,0.766846
[MO866] Iteration,3,95,75.015916,0.766206
[MO866] Iteration,1,95,75.022615,0.766513
[MO866] Iteration,2,96,75.760935,0.766229
[MO866] Iteration,0,96,75.768224,0.766142
[MO866] Iteration,3,96,75.782613,0.766647
[MO866] Iteration,1,96,75.789263,0.766626
[MO866] Iteration,2,97,76.527881,0.766895
[MO866] Iteration,0,97,76.535198,0.766953
[MO866] Iteration,3,97,76.549405,0.766740
[MO866] Iteration,1,97,76.555824,0.766538
[MO866] Iteration,2,98,77.293684,0.765740
[MO866] Iteration,0,98,77.301166,0.765943
[MO866] Iteration,3,98,77.315108,0.765656
[MO866] Iteration,1,98,77.321738,0.765892
[MO866] Iteration,2,99,78.137575,0.843847
[MO866] Iteration,0,99,78.145931,0.844737
[MO866] Iteration,3,99,78.143630,0.828472
[MO866] Iteration,1,99,78.150239,0.828477
[MO866] Iteration,2,100,78.895179,0.757556
[MO866] Iteration,0,100,78.902608,0.756610
 Time step  100
[MO866] Iteration,3,100,78.912947,0.769217
[MO866] Iteration,1,100,78.919621,0.769351
[MO866] Iteration,2,101,79.661179,0.765954
[MO866] Iteration,0,101,79.668670,0.766033
[MO866] Iteration,3,101,79.679398,0.766405
[MO866] Iteration,1,101,79.686097,0.766451
[MO866] Iteration,2,102,80.428107,0.766866
[MO866] Iteration,0,102,80.435500,0.766801
[MO866] Iteration,3,102,80.446789,0.767341
[MO866] Iteration,1,102,80.453315,0.767195
[MO866] Iteration,2,103,81.194997,0.766838
[MO866] Iteration,0,103,81.202187,0.766662
[MO866] Iteration,3,103,81.212652,0.765811
[MO866] Iteration,1,103,81.219259,0.765921
[MO866] Iteration,2,104,81.956728,0.761682
[MO866] Iteration,0,104,81.963912,0.761704
[MO866] Iteration,3,104,81.978274,0.765556
[MO866] Iteration,1,104,81.985016,0.765736
[MO866] Iteration,2,105,82.723056,0.766267
[MO866] Iteration,0,105,82.730568,0.766635
[MO866] Iteration,3,105,82.744460,0.766138
[MO866] Iteration,1,105,82.751011,0.765968
[MO866] Iteration,2,106,83.489375,0.766270
[MO866] Iteration,0,106,83.496844,0.766249
[MO866] Iteration,3,106,83.510894,0.766383
[MO866] Iteration,1,106,83.517464,0.766432
[MO866] Iteration,2,107,84.255758,0.766335
[MO866] Iteration,0,107,84.263203,0.766331
[MO866] Iteration,3,107,84.277363,0.766420
[MO866] Iteration,1,107,84.284109,0.766622
[MO866] Iteration,2,108,85.022463,0.766657
[MO866] Iteration,0,108,85.029930,0.766701
[MO866] Iteration,3,108,85.044207,0.766799
[MO866] Iteration,1,108,85.050859,0.766725
[MO866] Iteration,2,109,85.789151,0.766645
[MO866] Iteration,0,109,85.796564,0.766608
[MO866] Iteration,3,109,85.810807,0.766550
[MO866] Iteration,1,109,85.817607,0.766725
[MO866] Iteration,2,110,86.556281,0.767059
[MO866] Iteration,0,110,86.563706,0.767118
[MO866] Iteration,3,110,86.577249,0.766392
[MO866] Iteration,1,110,86.583775,0.766141
[MO866] Iteration,2,111,87.322287,0.765937
[MO866] Iteration,0,111,87.329405,0.765660
[MO866] Iteration,3,111,87.343368,0.766074
[MO866] Iteration,1,111,87.350216,0.766418
[MO866] Iteration,2,112,88.088813,0.766479
[MO866] Iteration,0,112,88.096280,0.766853
[MO866] Iteration,3,112,88.109917,0.766502
[MO866] Iteration,1,112,88.116410,0.766166
[MO866] Iteration,2,113,88.854759,0.765884
[MO866] Iteration,0,113,88.862273,0.765969
[MO866] Iteration,3,113,88.876090,0.766124
[MO866] Iteration,1,113,88.882662,0.766229
[MO866] Iteration,2,114,89.621342,0.766533
[MO866] Iteration,0,114,89.628731,0.766430
[MO866] Iteration,3,114,89.643015,0.766873
[MO866] Iteration,1,114,89.649768,0.767086
[MO866] Iteration,2,115,90.387792,0.766402
[MO866] Iteration,0,115,90.395078,0.766321
[MO866] Iteration,3,115,90.408913,0.765848
[MO866] Iteration,1,115,90.415442,0.765649
[MO866] Iteration,2,116,91.153692,0.765849
[MO866] Iteration,0,116,91.161238,0.766136
[MO866] Iteration,3,116,91.175309,0.766352
[MO866] Iteration,1,116,91.182000,0.766536
[MO866] Iteration,2,117,91.920568,0.766834
[MO866] Iteration,0,117,91.927929,0.766662
[MO866] Iteration,3,117,91.941883,0.766510
[MO866] Iteration,1,117,91.948730,0.766706
[MO866] Iteration,2,118,92.688378,0.767760
[MO866] Iteration,0,118,92.695829,0.767877
[MO866] Iteration,3,118,92.709311,0.767379
[MO866] Iteration,1,118,92.715888,0.767131
[MO866] Iteration,2,119,93.455883,0.767454
[MO866] Iteration,0,119,93.463250,0.767396
[MO866] Iteration,3,119,93.477024,0.767666
[MO866] Iteration,1,119,93.483635,0.767722
[MO866] Iteration,2,120,94.223089,0.767151
[MO866] Iteration,0,120,94.230515,0.767237
 Time step  120
[MO866] Iteration,3,120,94.244422,0.767344
[MO866] Iteration,1,120,94.250891,0.767233
[MO866] Iteration,2,121,95.021385,0.798246
[MO866] Iteration,0,121,95.028896,0.798351
[MO866] Iteration,3,121,95.056898,0.812424
[MO866] Iteration,1,121,95.063438,0.812518
[MO866] Iteration,3,122,95.812580,0.755625
[MO866] Iteration,1,122,95.819471,0.756003
[MO866] Iteration,0,122,95.844057,0.815132
[MO866] Iteration,2,122,95.844273,0.822840
[MO866] Iteration,2,123,96.586755,0.742443
[MO866] Iteration,0,123,96.594152,0.750050
[MO866] Iteration,3,123,96.608381,0.795714
[MO866] Iteration,1,123,96.615070,0.795572
[MO866] Iteration,2,124,97.353082,0.766279
[MO866] Iteration,0,124,97.360643,0.766464
[MO866] Iteration,3,124,97.374813,0.766379
[MO866] Iteration,1,124,97.381613,0.766520
[MO866] Iteration,2,125,98.120193,0.767059
[MO866] Iteration,0,125,98.127760,0.767089
[MO866] Iteration,3,125,98.141407,0.766547
[MO866] Iteration,1,125,98.147995,0.766356
[MO866] Iteration,2,126,98.885973,0.765730
[MO866] Iteration,0,126,98.893178,0.765390
[MO866] Iteration,3,126,98.907779,0.766327
[MO866] Iteration,1,126,98.914388,0.766370
[MO866] Iteration,2,127,99.652703,0.766687
[MO866] Iteration,0,127,99.660081,0.766881
[MO866] Iteration,3,127,99.673984,0.766154
[MO866] Iteration,1,127,99.680644,0.766232
[MO866] Iteration,2,128,100.420287,0.767533
[MO866] Iteration,0,128,100.427777,0.767672
[MO866] Iteration,3,128,100.442141,0.768115
[MO866] Iteration,1,128,100.448905,0.768238
[MO866] Iteration,2,129,101.191766,0.771429
[MO866] Iteration,0,129,101.199220,0.771417
[MO866] Iteration,3,129,101.210346,0.768143
[MO866] Iteration,1,129,101.217099,0.768168
[MO866] Iteration,2,130,101.958595,0.766780
[MO866] Iteration,0,130,101.966096,0.766849
[MO866] Iteration,3,130,101.976450,0.766044
[MO866] Iteration,1,130,101.982946,0.765822
[MO866] Iteration,2,131,102.725309,0.766672
[MO866] Iteration,0,131,102.732810,0.766688
[MO866] Iteration,3,131,102.743585,0.767084
[MO866] Iteration,1,131,102.750295,0.767328
[MO866] Iteration,2,132,103.492111,0.766757
[MO866] Iteration,0,132,103.499357,0.766519
[MO866] Iteration,3,132,103.510345,0.766711
[MO866] Iteration,1,132,103.516769,0.766449
[MO866] Iteration,2,133,104.256395,0.764235
[MO866] Iteration,0,133,104.263862,0.764480
[MO866] Iteration,3,133,104.278369,0.767976
[MO866] Iteration,1,133,104.285055,0.768263
[MO866] Iteration,2,134,105.023440,0.766993
[MO866] Iteration,0,134,105.030910,0.767022
[MO866] Iteration,3,134,105.044463,0.766045
[MO866] Iteration,1,134,105.051061,0.765981
[MO866] Iteration,2,135,105.789834,0.766345
[MO866] Iteration,0,135,105.797169,0.766232
[MO866] Iteration,3,135,105.810020,0.765495
[MO866] Iteration,1,135,105.816895,0.765812
[MO866] Iteration,2,136,106.554817,0.764916
[MO866] Iteration,0,136,106.562368,0.765157
[MO866] Iteration,3,136,106.576753,0.766670
[MO866] Iteration,1,136,106.583432,0.766510
[MO866] Iteration,2,137,107.321792,0.766924
[MO866] Iteration,0,137,107.329258,0.766860
[MO866] Iteration,3,137,107.343440,0.766642
[MO866] Iteration,1,137,107.350111,0.766657
[MO866] Iteration,2,138,108.087795,0.765949
[MO866] Iteration,0,138,108.095447,0.766162
[MO866] Iteration,3,138,108.109382,0.765896
[MO866] Iteration,1,138,108.115927,0.765791
[MO866] Iteration,2,139,108.857504,0.769659
[MO866] Iteration,0,139,108.864903,0.769424
[MO866] Iteration,3,139,108.876826,0.767397
[MO866] Iteration,1,139,108.883857,0.767907
[MO866] Iteration,2,140,109.623711,0.766161
[MO866] Iteration,0,140,109.631295,0.766365
 Time step  140
[MO866] Iteration,3,140,109.645720,0.768848
[MO866] Iteration,1,140,109.652354,0.768466
[MO866] Iteration,2,141,110.390527,0.766763
[MO866] Iteration,0,141,110.398183,0.766859
[MO866] Iteration,3,141,110.412374,0.766596
[MO866] Iteration,1,141,110.418937,0.766560
[MO866] Iteration,2,142,111.157051,0.766477
[MO866] Iteration,0,142,111.164575,0.766359
[MO866] Iteration,3,142,111.177993,0.765572
[MO866] Iteration,1,142,111.184599,0.765641
[MO866] Iteration,2,143,111.922880,0.765778
[MO866] Iteration,0,143,111.930461,0.765859
[MO866] Iteration,3,143,111.943919,0.765865
[MO866] Iteration,1,143,111.950673,0.766051
[MO866] Iteration,2,144,112.689026,0.766095
[MO866] Iteration,0,144,112.696620,0.766128
[MO866] Iteration,3,144,112.710797,0.766827
[MO866] Iteration,1,144,112.717317,0.766621
[MO866] Iteration,2,145,113.455782,0.766705
[MO866] Iteration,0,145,113.463421,0.766773
[MO866] Iteration,3,145,113.476898,0.766040
[MO866] Iteration,1,145,113.483416,0.766076
[MO866] Iteration,2,146,114.222434,0.766604
[MO866] Iteration,0,146,114.230103,0.766651
[MO866] Iteration,3,146,114.245305,0.768361
[MO866] Iteration,1,146,114.251703,0.768265
[MO866] Iteration,2,147,114.989691,0.767212
[MO866] Iteration,0,147,114.997214,0.767076
[MO866] Iteration,3,147,115.010322,0.764970
[MO866] Iteration,1,147,115.016862,0.765137
[MO866] Iteration,2,148,115.754677,0.764944
[MO866] Iteration,0,148,115.762375,0.765132
[MO866] Iteration,3,148,115.776460,0.766088
[MO866] Iteration,1,148,115.782849,0.765964
[MO866] Iteration,2,149,116.520526,0.765802
[MO866] Iteration,0,149,116.528130,0.765723
[MO866] Iteration,3,149,116.542396,0.765885
[MO866] Iteration,1,149,116.549078,0.766209
[MO866] Iteration,2,150,117.321629,0.801040
[MO866] Iteration,0,150,117.330086,0.801932
[MO866] Iteration,3,150,117.329121,0.786674
[MO866] Iteration,1,150,117.335504,0.786401
[MO866] Iteration,2,151,118.074414,0.752731
[MO866] Iteration,0,151,118.081710,0.751556
[MO866] Iteration,3,151,118.096090,0.766900
[MO866] Iteration,1,151,118.102763,0.767233
[MO866] Iteration,2,152,118.841884,0.767424
[MO866] Iteration,0,152,118.849336,0.767601
[MO866] Iteration,3,152,118.863274,0.767136
[MO866] Iteration,1,152,118.869612,0.766828
[MO866] Iteration,2,153,119.608770,0.766840
[MO866] Iteration,0,153,119.616111,0.766746
[MO866] Iteration,3,153,119.630077,0.766741
[MO866] Iteration,1,153,119.636651,0.767015
[MO866] Iteration,2,154,120.375805,0.766982
[MO866] Iteration,0,154,120.383171,0.767038
[MO866] Iteration,3,154,120.397000,0.766876
[MO866] Iteration,1,154,120.403510,0.766836
[MO866] Iteration,2,155,121.143379,0.767511
[MO866] Iteration,0,155,121.150882,0.767682
[MO866] Iteration,3,155,121.163825,0.766772
[MO866] Iteration,1,155,121.170120,0.766589
[MO866] Iteration,2,156,121.908728,0.765299
[MO866] Iteration,0,156,121.916289,0.765379
[MO866] Iteration,3,156,121.930504,0.766627
[MO866] Iteration,1,156,121.937322,0.767179
[MO866] Iteration,2,157,122.675759,0.766980
[MO866] Iteration,0,157,122.683227,0.766911
[MO866] Iteration,3,157,122.697187,0.766634
[MO866] Iteration,1,157,122.703586,0.766238
[MO866] Iteration,2,158,123.441903,0.766093
[MO866] Iteration,0,158,123.449504,0.766248
[MO866] Iteration,3,158,123.463666,0.766434
[MO866] Iteration,1,158,123.470260,0.766654
[MO866] Iteration,2,159,124.211818,0.769872
[MO866] Iteration,0,159,124.219157,0.769622
[MO866] Iteration,3,159,124.230361,0.766649
[MO866] Iteration,1,159,124.237093,0.766809
[MO866] Iteration,2,160,124.975051,0.763182
[MO866] Iteration,0,160,124.982589,0.763407
 Time step  160
[MO866] Iteration,3,160,124.995995,0.765570
[MO866] Iteration,1,160,125.002583,0.765465
[MO866] Iteration,2,161,125.740861,0.765759
[MO866] Iteration,0,161,125.748303,0.765681
[MO866] Iteration,3,161,125.762761,0.766714
[MO866] Iteration,1,161,125.769408,0.766805
[MO866] Iteration,2,162,126.507386,0.766476
[MO866] Iteration,0,162,126.514539,0.766213
[MO866] Iteration,3,162,126.529320,0.766496
[MO866] Iteration,1,162,126.536052,0.766620
[MO866] Iteration,2,163,127.279771,0.772333
[MO866] Iteration,0,163,127.287170,0.772610
[MO866] Iteration,3,163,127.297955,0.768575
[MO866] Iteration,1,163,127.304761,0.768672
[MO866] Iteration,2,164,128.042712,0.762890
[MO866] Iteration,0,164,128.050129,0.762935
[MO866] Iteration,3,164,128.063901,0.765883
[MO866] Iteration,1,164,128.070850,0.766059
[MO866] Iteration,2,165,128.809901,0.767141
[MO866] Iteration,0,165,128.817303,0.767145
[MO866] Iteration,3,165,128.830945,0.766995
[MO866] Iteration,1,165,128.837262,0.766385
[MO866] Iteration,2,166,129.575436,0.765473
[MO866] Iteration,0,166,129.582872,0.765527
[MO866] Iteration,3,166,129.596606,0.765610
[MO866] Iteration,1,166,129.603128,0.765843
[MO866] Iteration,2,167,130.342135,0.766656
[MO866] Iteration,0,167,130.349423,0.766521
[MO866] Iteration,3,167,130.363488,0.766820
[MO866] Iteration,1,167,130.370508,0.767359
[MO866] Iteration,2,168,131.108493,0.766313
[MO866] Iteration,0,168,131.115933,0.766486
[MO866] Iteration,3,168,131.129633,0.766093
[MO866] Iteration,1,168,131.136382,0.765819
[MO866] Iteration,2,169,131.874872,0.766331
[MO866] Iteration,0,169,131.882293,0.766335
[MO866] Iteration,3,169,131.896000,0.766307
[MO866] Iteration,1,169,131.902922,0.766514
[MO866] Iteration,2,170,132.641838,0.766919
[MO866] Iteration,0,170,132.649228,0.766908
[MO866] Iteration,3,170,132.663590,0.767539
[MO866] Iteration,1,170,132.670269,0.767322
[MO866] Iteration,2,171,133.409061,0.767179
[MO866] Iteration,0,171,133.416467,0.767213
[MO866] Iteration,3,171,133.430695,0.767056
[MO866] Iteration,1,171,133.437246,0.766954
[MO866] Iteration,2,172,134.176143,0.767031
[MO866] Iteration,0,172,134.183545,0.767055
[MO866] Iteration,3,172,134.197313,0.766568
[MO866] Iteration,1,172,134.204058,0.766788
[MO866] Iteration,2,173,134.943224,0.767032
[MO866] Iteration,0,173,134.950707,0.767133
[MO866] Iteration,3,173,134.964127,0.766768
[MO866] Iteration,1,173,134.970844,0.766761
[MO866] Iteration,2,174,135.709521,0.766248
[MO866] Iteration,0,174,135.716905,0.766171
[MO866] Iteration,3,174,135.730796,0.766617
[MO866] Iteration,1,174,135.737548,0.766682
[MO866] Iteration,2,175,136.476510,0.766941
[MO866] Iteration,0,175,136.483937,0.767007
[MO866] Iteration,3,175,136.497585,0.766739
[MO866] Iteration,1,175,136.504431,0.766858
[MO866] Iteration,2,176,137.243150,0.766587
[MO866] Iteration,0,176,137.250536,0.766574
[MO866] Iteration,3,176,137.264074,0.766441
[MO866] Iteration,1,176,137.270928,0.766468
[MO866] Iteration,2,177,138.009013,0.765813
[MO866] Iteration,0,177,138.016602,0.766040
[MO866] Iteration,3,177,138.030553,0.766429
[MO866] Iteration,1,177,138.036968,0.766017
[MO866] Iteration,2,178,138.776065,0.767001
[MO866] Iteration,0,178,138.783429,0.766799
[MO866] Iteration,3,178,138.797580,0.766979
[MO866] Iteration,1,178,138.804376,0.767385
[MO866] Iteration,2,179,139.542644,0.766530
[MO866] Iteration,0,179,139.550073,0.766619
[MO866] Iteration,3,179,139.563547,0.765921
[MO866] Iteration,1,179,139.569989,0.765586
[MO866] Iteration,2,180,140.308447,0.765756
[MO866] Iteration,0,180,140.315943,0.765841
 Time step  180
[MO866] Iteration,3,180,140.330094,0.766497
[MO866] Iteration,1,180,140.336568,0.766556
[MO866] Iteration,2,181,141.074767,0.766269
[MO866] Iteration,0,181,141.082147,0.766179
[MO866] Iteration,3,181,141.095832,0.765688
[MO866] Iteration,1,181,141.102356,0.765766
[MO866] Iteration,2,182,141.840270,0.765442
[MO866] Iteration,0,182,141.847722,0.765551
[MO866] Iteration,3,182,141.861708,0.765825
[MO866] Iteration,1,182,141.868139,0.765759
[MO866] Iteration,3,183,142.617481,0.755725
[MO866] Iteration,1,183,142.624239,0.756079
[MO866] Iteration,2,183,142.632729,0.792408
[MO866] Iteration,0,183,142.641365,0.793617
[MO866] Iteration,2,184,143.386603,0.753822
[MO866] Iteration,0,184,143.393529,0.752110
[MO866] Iteration,3,184,143.404720,0.787184
[MO866] Iteration,1,184,143.411318,0.787053
[MO866] Iteration,2,185,144.149948,0.763283
[MO866] Iteration,0,185,144.157389,0.763828
[MO866] Iteration,3,185,144.171538,0.766772
[MO866] Iteration,1,185,144.177982,0.766642
[MO866] Iteration,2,186,144.916467,0.766477
[MO866] Iteration,0,186,144.924023,0.766607
[MO866] Iteration,3,186,144.937914,0.766325
[MO866] Iteration,1,186,144.944735,0.766732
[MO866] Iteration,2,187,145.686389,0.769896
[MO866] Iteration,0,187,145.693749,0.769697
[MO866] Iteration,3,187,145.704871,0.766911
[MO866] Iteration,1,187,145.711614,0.766853
[MO866] Iteration,2,188,146.453115,0.766682
[MO866] Iteration,0,188,146.460505,0.766731
[MO866] Iteration,3,188,146.471542,0.766626
[MO866] Iteration,1,188,146.477916,0.766277
[MO866] Iteration,2,189,147.219418,0.766255
[MO866] Iteration,0,189,147.226802,0.766274
[MO866] Iteration,3,189,147.238598,0.767007
[MO866] Iteration,1,189,147.245176,0.767225
[MO866] Iteration,2,190,147.983387,0.763905
[MO866] Iteration,0,190,147.990829,0.764002
[MO866] Iteration,3,190,148.004423,0.765764
[MO866] Iteration,1,190,148.010741,0.765542
[MO866] Iteration,2,191,148.749702,0.766264
[MO866] Iteration,0,191,148.757008,0.766153
[MO866] Iteration,3,191,148.771515,0.767041
[MO866] Iteration,1,191,148.778101,0.767340
[MO866] Iteration,2,192,149.516789,0.767044
[MO866] Iteration,0,192,149.524181,0.767152
[MO866] Iteration,3,192,149.538362,0.766784
[MO866] Iteration,1,192,149.544829,0.766705
[MO866] Iteration,2,193,150.283166,0.766316
[MO866] Iteration,0,193,150.290444,0.766229
[MO866] Iteration,3,193,150.303981,0.765570
[MO866] Iteration,1,193,150.310408,0.765556
[MO866] Iteration,2,194,151.048502,0.765284
[MO866] Iteration,0,194,151.055803,0.765337
[MO866] Iteration,3,194,151.070194,0.766162
[MO866] Iteration,1,194,151.077022,0.766591
[MO866] Iteration,2,195,151.815202,0.766647
[MO866] Iteration,0,195,151.822617,0.766787
[MO866] Iteration,3,195,151.836949,0.766706
[MO866] Iteration,1,195,151.843657,0.766609
[MO866] Iteration,2,196,152.582007,0.766757
[MO866] Iteration,0,196,152.589449,0.766804
[MO866] Iteration,3,196,152.602884,0.765889
[MO866] Iteration,1,196,152.609517,0.765837
[MO866] Iteration,2,197,153.347751,0.765690
[MO866] Iteration,0,197,153.355055,0.765579
[MO866] Iteration,3,197,153.369250,0.766318
[MO866] Iteration,1,197,153.375759,0.766217
[MO866] Iteration,2,198,154.114664,0.766860
[MO866] Iteration,0,198,154.122038,0.766961
[MO866] Iteration,3,198,154.135163,0.765867
[MO866] Iteration,1,198,154.141636,0.765854
[MO866] Iteration,2,199,154.881709,0.766997
[MO866] Iteration,0,199,154.889195,0.767133
[MO866] Iteration,3,199,154.903512,0.768298
[MO866] Iteration,1,199,154.910115,0.768456
[MO866] Iteration,2,200,155.648817,0.767064
[MO866] Iteration,0,200,155.656213,0.766990
 Time step  200
[MO866] Iteration,3,200,155.669656,0.766091
[MO866] Iteration,1,200,155.676399,0.766257
[MO866] Iteration,2,201,156.430684,0.781805
[MO866] Iteration,0,201,156.437967,0.781732
[MO866] Iteration,3,201,156.452510,0.782809
[MO866] Iteration,1,201,156.459058,0.782634
[MO866] Iteration,2,202,157.197547,0.766813
[MO866] Iteration,0,202,157.205065,0.767076
[MO866] Iteration,3,202,157.218918,0.766359
[MO866] Iteration,1,202,157.225648,0.766568
[MO866] Iteration,2,203,157.964436,0.766826
[MO866] Iteration,0,203,157.971849,0.766739
[MO866] Iteration,3,203,157.985831,0.766862
[MO866] Iteration,1,203,157.992516,0.766842
[MO866] Iteration,2,204,158.730672,0.766170
[MO866] Iteration,0,204,158.737928,0.766055
[MO866] Iteration,3,204,158.751924,0.766044
[MO866] Iteration,1,204,158.758294,0.765752
[MO866] Iteration,2,205,159.496884,0.766164
[MO866] Iteration,0,205,159.504262,0.766311
[MO866] Iteration,3,205,159.518766,0.766794
[MO866] Iteration,1,205,159.525466,0.767137
[MO866] Iteration,2,206,160.264000,0.767065
[MO866] Iteration,0,206,160.271232,0.766948
[MO866] Iteration,3,206,160.285899,0.767086
[MO866] Iteration,1,206,160.292250,0.766758
[MO866] Iteration,2,207,161.030840,0.766775
[MO866] Iteration,0,207,161.038274,0.767019
[MO866] Iteration,3,207,161.052047,0.766099
[MO866] Iteration,1,207,161.058706,0.766434
[MO866] Iteration,2,208,161.796929,0.766039
[MO866] Iteration,0,208,161.804443,0.766144
[MO866] Iteration,3,208,161.818861,0.766764
[MO866] Iteration,1,208,161.825555,0.766828
[MO866] Iteration,2,209,162.563942,0.766947
[MO866] Iteration,0,209,162.571357,0.766888
[MO866] Iteration,3,209,162.585056,0.766145
[MO866] Iteration,1,209,162.591399,0.765820
[MO866] Iteration,2,210,163.329857,0.765864
[MO866] Iteration,0,210,163.337166,0.765784
[MO866] Iteration,3,210,163.351158,0.766055
[MO866] Iteration,1,210,163.357942,0.766522
[MO866] Iteration,2,211,164.096255,0.766354
[MO866] Iteration,0,211,164.103485,0.766298
[MO866] Iteration,3,211,164.117862,0.766654
[MO866] Iteration,1,211,164.124705,0.766738
[MO866] Iteration,2,212,164.864148,0.767831
[MO866] Iteration,0,212,164.871449,0.767943
[MO866] Iteration,3,212,164.885580,0.767670
[MO866] Iteration,1,212,164.891956,0.767223
[MO866] Iteration,2,213,165.631357,0.767157
[MO866] Iteration,0,213,165.638753,0.767277
[MO866] Iteration,3,213,165.652783,0.767159
[MO866] Iteration,1,213,165.659400,0.767422
[MO866] Iteration,2,214,166.398512,0.767104
[MO866] Iteration,0,214,166.405835,0.767056
[MO866] Iteration,3,214,166.419696,0.766858
[MO866] Iteration,1,214,166.426040,0.766618
[MO866] Iteration,2,215,167.164626,0.766068
[MO866] Iteration,0,215,167.172027,0.766168
[MO866] Iteration,3,215,167.185960,0.766214
[MO866] Iteration,1,215,167.192315,0.766251
[MO866] Iteration,2,216,167.930842,0.766163
[MO866] Iteration,0,216,167.938144,0.766094
[MO866] Iteration,3,216,167.952278,0.766268
[MO866] Iteration,1,216,167.959202,0.766852
[MO866] Iteration,2,217,168.697956,0.767056
[MO866] Iteration,0,217,168.705422,0.767255
[MO866] Iteration,3,217,168.719079,0.766755
[MO866] Iteration,1,217,168.725878,0.766651
[MO866] Iteration,2,218,169.464362,0.766361
[MO866] Iteration,0,218,169.471670,0.766223
[MO866] Iteration,3,218,169.486003,0.766873
[MO866] Iteration,1,218,169.493129,0.767224
[MO866] Iteration,2,219,170.233668,0.769256
[MO866] Iteration,0,219,170.241069,0.769379
[MO866] Iteration,3,219,170.251451,0.765398
[MO866] Iteration,1,219,170.258423,0.765258
[MO866] Iteration,2,220,171.000379,0.766669
[MO866] Iteration,0,220,171.007961,0.766866
 Time step  220
[MO866] Iteration,3,220,171.018846,0.767332
[MO866] Iteration,1,220,171.025587,0.767133
[MO866] Iteration,2,221,171.767305,0.766876
[MO866] Iteration,0,221,171.774703,0.766716
[MO866] Iteration,3,221,171.785281,0.766372
[MO866] Iteration,1,221,171.792151,0.766539
[MO866] Iteration,2,222,172.529718,0.762363
[MO866] Iteration,0,222,172.537250,0.762521
[MO866] Iteration,3,222,172.550963,0.765635
[MO866] Iteration,1,222,172.557745,0.765566
[MO866] Iteration,3,223,173.307463,0.756449
[MO866] Iteration,1,223,173.313743,0.755972
[MO866] Iteration,2,223,173.324234,0.794471
[MO866] Iteration,0,223,173.332504,0.795227
[MO866] Iteration,2,224,174.078310,0.754025
[MO866] Iteration,0,224,174.085071,0.752520
[MO866] Iteration,3,224,174.098225,0.790683
[MO866] Iteration,1,224,174.104253,0.790485
[MO866] Iteration,2,225,174.842784,0.764429
[MO866] Iteration,0,225,174.850208,0.765117
[MO866] Iteration,3,225,174.863916,0.765642
[MO866] Iteration,1,225,174.870629,0.766352
[MO866] Iteration,2,226,175.609105,0.766274
[MO866] Iteration,0,226,175.616446,0.766213
[MO866] Iteration,3,226,175.630572,0.766596
[MO866] Iteration,1,226,175.637223,0.766573
[MO866] Iteration,2,227,176.375695,0.766540
[MO866] Iteration,0,227,176.382948,0.766480
[MO866] Iteration,3,227,176.396828,0.766208
[MO866] Iteration,1,227,176.403249,0.766002
[MO866] Iteration,2,228,177.141377,0.765630
[MO866] Iteration,0,228,177.148866,0.765893
[MO866] Iteration,3,228,177.162816,0.765943
[MO866] Iteration,1,228,177.169269,0.765999
[MO866] Iteration,2,229,177.907711,0.766285
[MO866] Iteration,0,229,177.914958,0.766065
[MO866] Iteration,3,229,177.929106,0.766242
[MO866] Iteration,1,229,177.935886,0.766595
[MO866] Iteration,2,230,178.674595,0.766834
[MO866] Iteration,0,230,178.682056,0.767075
[MO866] Iteration,3,230,178.696219,0.767065
[MO866] Iteration,1,230,178.703009,0.767097
[MO866] Iteration,2,231,179.440943,0.766301
[MO866] Iteration,0,231,179.448496,0.766414
[MO866] Iteration,3,231,179.462276,0.765995
[MO866] Iteration,1,231,179.468830,0.765798
[MO866] Iteration,2,232,180.207332,0.766338
[MO866] Iteration,0,232,180.214602,0.766082
[MO866] Iteration,3,232,180.229654,0.767329
[MO866] Iteration,1,232,180.236449,0.767597
[MO866] Iteration,2,233,180.975647,0.768254
[MO866] Iteration,0,233,180.983151,0.768525
[MO866] Iteration,3,233,180.996941,0.767239
[MO866] Iteration,1,233,181.003612,0.767135
[MO866] Iteration,2,234,181.742144,0.766433
[MO866] Iteration,0,234,181.749607,0.766429
[MO866] Iteration,3,234,181.763837,0.766849
[MO866] Iteration,1,234,181.770526,0.766891
[MO866] Iteration,2,235,182.509388,0.767188
[MO866] Iteration,0,235,182.516787,0.767153
[MO866] Iteration,3,235,182.530977,0.767090
[MO866] Iteration,1,235,182.537672,0.767103
[MO866] Iteration,2,236,183.276279,0.766842
[MO866] Iteration,0,236,183.283723,0.766910
[MO866] Iteration,3,236,183.297549,0.766523
[MO866] Iteration,1,236,183.304422,0.766727
[MO866] Iteration,2,237,184.042303,0.765974
[MO866] Iteration,0,237,184.049692,0.765944
[MO866] Iteration,3,237,184.063635,0.766039
[MO866] Iteration,1,237,184.070041,0.765590
[MO866] Iteration,2,238,184.809614,0.767265
[MO866] Iteration,0,238,184.817282,0.767564
[MO866] Iteration,3,238,184.831322,0.767639
[MO866] Iteration,1,238,184.837946,0.767882
[MO866] Iteration,2,239,185.575804,0.766146
[MO866] Iteration,0,239,185.583170,0.765855
[MO866] Iteration,3,239,185.597200,0.765827
[MO866] Iteration,1,239,185.603723,0.765753
[MO866] Iteration,2,240,186.341815,0.765949
[MO866] Iteration,0,240,186.349421,0.766225
 Time step  240
[MO866] Iteration,3,240,186.363535,0.766290
[MO866] Iteration,1,240,186.370264,0.766518
[MO866] Iteration,2,241,187.140411,0.798543
[MO866] Iteration,0,241,187.147802,0.798350
[MO866] Iteration,3,241,187.176653,0.813054
[MO866] Iteration,1,241,187.183344,0.813053
[MO866] Iteration,2,242,187.924982,0.784522
[MO866] Iteration,0,242,187.932275,0.784450
[MO866] Iteration,3,242,187.943449,0.766723
[MO866] Iteration,1,242,187.950050,0.766674
[MO866] Iteration,2,243,188.692188,0.767157
[MO866] Iteration,0,243,188.699700,0.767406
[MO866] Iteration,3,243,188.711407,0.767908
[MO866] Iteration,1,243,188.718036,0.767957
[MO866] Iteration,2,244,189.455756,0.763515
[MO866] Iteration,0,244,189.463331,0.763607
[MO866] Iteration,3,244,189.476865,0.765394
[MO866] Iteration,1,244,189.484041,0.765982
[MO866] Iteration,2,245,190.222713,0.766908
[MO866] Iteration,0,245,190.230276,0.766914
[MO866] Iteration,3,245,190.244541,0.767631
[MO866] Iteration,1,245,190.250956,0.766878
[MO866] Iteration,2,246,190.994954,0.772174
[MO866] Iteration,0,246,191.002526,0.772206
[MO866] Iteration,3,246,191.016157,0.771554
[MO866] Iteration,1,246,191.022730,0.771742
[MO866] Iteration,2,247,191.760633,0.765629
[MO866] Iteration,0,247,191.768193,0.765636
[MO866] Iteration,3,247,191.783087,0.766880
[MO866] Iteration,1,247,191.789715,0.766964
[MO866] Iteration,2,248,192.551446,0.790749
[MO866] Iteration,0,248,192.559016,0.790798
[MO866] Iteration,3,248,192.572897,0.789761
[MO866] Iteration,1,248,192.579569,0.789829
[MO866] Iteration,2,249,193.318540,0.767041
[MO866] Iteration,0,249,193.326020,0.766975
[MO866] Iteration,3,249,193.339568,0.766623
[MO866] Iteration,1,249,193.346129,0.766536
[MO866] Iteration,2,250,194.083964,0.765378
[MO866] Iteration,0,250,194.091460,0.765413
 Time step  250
[MO866] Iteration,3,250,194.105972,0.766355
[MO866] Iteration,1,250,194.112383,0.766230
[MO866] Iteration,3,251,194.882739,0.776718
[MO866] Iteration,2,251,194.883241,0.799225
[MO866] Iteration,0,251,194.889662,0.798176
[MO866] Iteration,1,251,194.888601,0.776196

 Verification being performed for class C
 Accuracy setting for epsilon =  0.1000000000000E-07
 Comparison of RMS-norms of residual
           1   0.1037669803235E+05 0.1037669803235E+05 0.1928251489695E-14
           2   0.8922124588010E+03 0.8922124588010E+03 0.6371063113958E-14
           3   0.2562388145827E+04 0.2562388145827E+04 0.1064820764864E-13
           4   0.2191943438578E+04 0.2191943438578E+04 0.3526872468061E-14
           5   0.1780780572611E+05 0.1780780572611E+05 0.1634329962061E-14
 Comparison of RMS-norms of solution error
[MO866] PI avg,3,0.770050,251
[MO866] Beta,3,0.000284
[MO866] Total time,3,194.937548
[MO866] PI avg,2,0.769964,251
[MO866] Beta,2,0.000284
[MO866] Total time,2,194.938065
[MO866] PI avg,1,0.770079,251
[MO866] Beta,1,0.000284
[MO866] Total time,1,194.943410
           1   0.2159863997169E+03 0.2159863997169E+03 0.5395201217177E-14
           2   0.1557895592399E+02 0.1557895592399E+02 0.1596319796586E-14
           3   0.5413188630772E+02 0.5413188630772E+02 0.3937842097655E-15
           4   0.4822626431540E+02 0.4822626431540E+02 0.6335414544627E-14
           5   0.4559029100432E+03 0.4559029100433E+03 0.3241762352955E-14
 Comparison of surface integral
               0.6664045535722E+02 0.6664045535722E+02 0.6397399885262E-15
 Verification Successful


 LU Benchmark Completed.
 Class           =                        C
 Size            =            162x 162x 162
 Iterations      =                      250
 Time in seconds =                   192.48
 Total processes =                        4
 Active procs    =                        4
 Mop/s total     =                 10593.53
 Mop/s/process   =                  2648.38
 Operation type  =           floating point
 Verification    =               SUCCESSFUL
 Version         =                      3.4
 Compile date    =              15 Jun 2020

 Compile options:
    MPIFC        = mpif90
    FLINK        = $(MPIFC)
    FMPI_LIB     = (none)
    FMPI_INC     = (none)
    FFLAGS       = -O3
    FLINKFLAGS   = $(FFLAGS) -O ../kernel_stats/kernel_stats.o...
    RAND         = (none)


 Please send feedbacks and/or the results of this run to:

 NPB Development Team 
 Internet: npb@nas.nasa.gov


[MO866] PI avg,0,0.769989,251
[MO866] Beta,0,0.000286
[MO866] Total time,0,194.944862
