--------------------------------------------------------------------------
[[59528,1],1]: A high-performance Open MPI point-to-point messaging module
was unable to find any relevant network interfaces:

Module: OpenFabrics (openib)
  Host: node06

Another transport will be used instead, although this may result in
lower performance.

NOTE: You can disable this warning by setting the MCA parameter
btl_base_warn_component_unused to 0.
--------------------------------------------------------------------------


 NAS Parallel Benchmarks 3.4 -- SP Benchmark

 No input file inputsp.data. Using compiled defaults
 Size:   64x  64x  64  (class A)
 Iterations:  400    dt:   0.0015000
 WARNING: Number of active processes:     4
 Total number of processes:     8

[MO866] Init time,1,1592227578.067062
[MO866] Init time,2,1592227578.067049
[MO866] Init time,3,1592227578.067062
[MO866] Init time,0,1592227578.067049
 Time step    1
[MO866] Iteration,0,1,1592227578.100486,0.033402
[MO866] Iteration,3,1,1592227578.100848,0.033736
[MO866] Iteration,2,1,1592227578.101291,0.034207
[MO866] Iteration,1,1,1592227578.101600,0.034488
[MO866] Iteration,0,2,1592227578.134872,0.034337
[MO866] Iteration,3,2,1592227578.135246,0.034361
[MO866] Iteration,2,2,1592227578.135693,0.034383
[MO866] Iteration,1,2,1592227578.135995,0.034376
[MO866] Iteration,0,3,1592227578.169181,0.034259
[MO866] Iteration,3,3,1592227578.169538,0.034259
[MO866] Iteration,2,3,1592227578.169963,0.034254
[MO866] Iteration,1,3,1592227578.170287,0.034275
[MO866] Iteration,0,4,1592227578.203569,0.034341
[MO866] Iteration,3,4,1592227578.203950,0.034381
[MO866] Iteration,2,4,1592227578.204382,0.034402
[MO866] Iteration,1,4,1592227578.204700,0.034396
[MO866] Iteration,0,5,1592227578.237942,0.034327
[MO866] Iteration,3,5,1592227578.238321,0.034342
[MO866] Iteration,2,5,1592227578.238728,0.034330
[MO866] Iteration,1,5,1592227578.239036,0.034320
[MO866] Iteration,0,6,1592227578.272364,0.034372
[MO866] Iteration,3,6,1592227578.272737,0.034385
[MO866] Iteration,2,6,1592227578.273133,0.034387
[MO866] Iteration,1,6,1592227578.273444,0.034390
[MO866] Iteration,0,7,1592227578.306598,0.034190
[MO866] Iteration,3,7,1592227578.306989,0.034223
[MO866] Iteration,2,7,1592227578.307396,0.034247
[MO866] Iteration,1,7,1592227578.307723,0.034261
[MO866] Iteration,0,8,1592227578.340910,0.034262
[MO866] Iteration,3,8,1592227578.341294,0.034274
[MO866] Iteration,2,8,1592227578.341713,0.034300
[MO866] Iteration,1,8,1592227578.342027,0.034288
[MO866] Iteration,0,9,1592227578.375264,0.034305
[MO866] Iteration,3,9,1592227578.375666,0.034342
[MO866] Iteration,2,9,1592227578.376092,0.034363
[MO866] Iteration,1,9,1592227578.376396,0.034352
[MO866] Iteration,0,10,1592227578.409633,0.034318
[MO866] Iteration,3,10,1592227578.410006,0.034312
[MO866] Iteration,2,10,1592227578.410453,0.034345
[MO866] Iteration,1,10,1592227578.410761,0.034349
[MO866] Iteration,0,11,1592227578.444126,0.034441
[MO866] Iteration,3,11,1592227578.444491,0.034454
[MO866] Iteration,2,11,1592227578.444931,0.034461
[MO866] Iteration,1,11,1592227578.445237,0.034458
[MO866] Iteration,0,12,1592227578.478397,0.034226
[MO866] Iteration,3,12,1592227578.478775,0.034255
[MO866] Iteration,2,12,1592227578.479221,0.034272
[MO866] Iteration,1,12,1592227578.479539,0.034284
[MO866] Iteration,0,13,1592227578.512790,0.034343
[MO866] Iteration,3,13,1592227578.513169,0.034363
[MO866] Iteration,2,13,1592227578.513587,0.034350
[MO866] Iteration,1,13,1592227578.513904,0.034346
[MO866] Iteration,0,14,1592227578.547172,0.034336
[MO866] Iteration,3,14,1592227578.547577,0.034379
[MO866] Iteration,2,14,1592227578.547996,0.034391
[MO866] Iteration,1,14,1592227578.548292,0.034371
[MO866] Iteration,0,15,1592227578.581508,0.034287
[MO866] Iteration,3,15,1592227578.581869,0.034265
[MO866] Iteration,2,15,1592227578.582318,0.034305
[MO866] Iteration,1,15,1592227578.582613,0.034304
[MO866] Iteration,0,16,1592227578.615919,0.034361
[MO866] Iteration,3,16,1592227578.616287,0.034389
[MO866] Iteration,2,16,1592227578.616729,0.034395
[MO866] Iteration,1,16,1592227578.617043,0.034412
[MO866] Iteration,0,17,1592227578.650301,0.034336
[MO866] Iteration,3,17,1592227578.650679,0.034363
[MO866] Iteration,2,17,1592227578.651071,0.034325
[MO866] Iteration,1,17,1592227578.651382,0.034323
[MO866] Iteration,0,18,1592227578.684609,0.034260
[MO866] Iteration,3,18,1592227578.684994,0.034284
[MO866] Iteration,2,18,1592227578.685411,0.034323
[MO866] Iteration,1,18,1592227578.685729,0.034330
[MO866] Iteration,0,19,1592227578.718961,0.034305
 Time step   20
[MO866] Iteration,3,19,1592227578.719348,0.034323
[MO866] Iteration,2,19,1592227578.719793,0.034366
[MO866] Iteration,1,19,1592227578.720099,0.034351
[MO866] Iteration,0,20,1592227578.753409,0.034397
[MO866] Iteration,3,20,1592227578.753785,0.034407
[MO866] Iteration,2,20,1592227578.754189,0.034380
[MO866] Iteration,1,20,1592227578.754498,0.034383
[MO866] Iteration,0,21,1592227578.787804,0.034345
[MO866] Iteration,3,21,1592227578.788169,0.034355
[MO866] Iteration,2,21,1592227578.788601,0.034396
[MO866] Iteration,1,21,1592227578.788913,0.034397
[MO866] Iteration,0,22,1592227578.822141,0.034292
[MO866] Iteration,3,22,1592227578.822505,0.034307
[MO866] Iteration,2,22,1592227578.822928,0.034311
[MO866] Iteration,1,22,1592227578.823233,0.034303
[MO866] Iteration,0,23,1592227578.856583,0.034394
[MO866] Iteration,3,23,1592227578.856967,0.034432
[MO866] Iteration,2,23,1592227578.857381,0.034437
[MO866] Iteration,1,23,1592227578.857674,0.034424
[MO866] Iteration,0,24,1592227578.890948,0.034318
[MO866] Iteration,3,24,1592227578.891322,0.034325
[MO866] Iteration,2,24,1592227578.891782,0.034385
[MO866] Iteration,1,24,1592227578.892093,0.034402
[MO866] Iteration,0,25,1592227578.925294,0.034293
[MO866] Iteration,3,25,1592227578.925661,0.034309
[MO866] Iteration,2,25,1592227578.926098,0.034300
[MO866] Iteration,1,25,1592227578.926398,0.034289
[MO866] Iteration,0,26,1592227578.966808,0.041465
[MO866] Iteration,3,26,1592227578.967257,0.041565
[MO866] Iteration,2,26,1592227578.967385,0.041272
[MO866] Iteration,1,26,1592227578.967832,0.041417
[MO866] Iteration,0,27,1592227579.001942,0.035085
[MO866] Iteration,3,27,1592227579.002300,0.034998
[MO866] Iteration,2,27,1592227579.002697,0.035288
[MO866] Iteration,1,27,1592227579.002997,0.035135
[MO866] Iteration,0,28,1592227579.036415,0.034424
[MO866] Iteration,3,28,1592227579.036770,0.034439
[MO866] Iteration,2,28,1592227579.037188,0.034475
[MO866] Iteration,1,28,1592227579.037490,0.034476
[MO866] Iteration,0,29,1592227579.070648,0.034189
[MO866] Iteration,3,29,1592227579.071036,0.034237
[MO866] Iteration,2,29,1592227579.071458,0.034254
[MO866] Iteration,1,29,1592227579.071784,0.034277
[MO866] Iteration,0,30,1592227579.105067,0.034370
[MO866] Iteration,3,30,1592227579.105452,0.034385
[MO866] Iteration,2,30,1592227579.105876,0.034401
[MO866] Iteration,1,30,1592227579.106183,0.034383
[MO866] Iteration,0,31,1592227579.139467,0.034351
[MO866] Iteration,3,31,1592227579.139872,0.034390
[MO866] Iteration,2,31,1592227579.140279,0.034385
[MO866] Iteration,1,31,1592227579.140589,0.034388
[MO866] Iteration,0,32,1592227579.173752,0.034211
[MO866] Iteration,3,32,1592227579.174128,0.034228
[MO866] Iteration,2,32,1592227579.174524,0.034229
[MO866] Iteration,1,32,1592227579.174833,0.034228
[MO866] Iteration,0,33,1592227579.208204,0.034402
[MO866] Iteration,3,33,1592227579.208562,0.034405
[MO866] Iteration,2,33,1592227579.209027,0.034486
[MO866] Iteration,1,33,1592227579.209343,0.034493
[MO866] Iteration,0,34,1592227579.242620,0.034372
[MO866] Iteration,3,34,1592227579.242992,0.034401
[MO866] Iteration,2,34,1592227579.243412,0.034368
[MO866] Iteration,1,34,1592227579.243770,0.034410
[MO866] Iteration,0,35,1592227579.276988,0.034319
[MO866] Iteration,3,35,1592227579.277368,0.034345
[MO866] Iteration,2,35,1592227579.277779,0.034349
[MO866] Iteration,1,35,1592227579.278079,0.034291
[MO866] Iteration,0,36,1592227579.311384,0.034347
[MO866] Iteration,3,36,1592227579.311797,0.034397
[MO866] Iteration,2,36,1592227579.312211,0.034415
[MO866] Iteration,1,36,1592227579.312520,0.034424
[MO866] Iteration,0,37,1592227579.345652,0.034222
[MO866] Iteration,3,37,1592227579.346016,0.034190
[MO866] Iteration,2,37,1592227579.346447,0.034221
[MO866] Iteration,1,37,1592227579.346770,0.034234
[MO866] Iteration,2,38,1592227579.381235,0.034771
[MO866] Iteration,0,38,1592227579.381508,0.035805
[MO866] Iteration,1,38,1592227579.381531,0.034744
[MO866] Iteration,3,38,1592227579.381770,0.035722
[MO866] Iteration,0,39,1592227579.415266,0.033738
 Time step   40
[MO866] Iteration,3,39,1592227579.415669,0.033879
[MO866] Iteration,2,39,1592227579.416041,0.034761
[MO866] Iteration,1,39,1592227579.416361,0.034793
[MO866] Iteration,0,40,1592227579.449612,0.034289
[MO866] Iteration,3,40,1592227579.449976,0.034275
[MO866] Iteration,2,40,1592227579.450371,0.034314
[MO866] Iteration,1,40,1592227579.450673,0.034295
[MO866] Iteration,0,41,1592227579.483985,0.034320
[MO866] Iteration,3,41,1592227579.484337,0.034324
[MO866] Iteration,2,41,1592227579.484775,0.034388
[MO866] Iteration,1,41,1592227579.485070,0.034379
[MO866] Iteration,0,42,1592227579.518242,0.034209
[MO866] Iteration,3,42,1592227579.518621,0.034251
[MO866] Iteration,2,42,1592227579.519043,0.034253
[MO866] Iteration,1,42,1592227579.519340,0.034251
[MO866] Iteration,0,43,1592227579.552538,0.034245
[MO866] Iteration,3,43,1592227579.552906,0.034248
[MO866] Iteration,2,43,1592227579.553323,0.034264
[MO866] Iteration,1,43,1592227579.553623,0.034265
[MO866] Iteration,0,44,1592227579.586882,0.034293
[MO866] Iteration,3,44,1592227579.587251,0.034312
[MO866] Iteration,2,44,1592227579.587701,0.034363
[MO866] Iteration,1,44,1592227579.588005,0.034364
[MO866] Iteration,0,45,1592227579.621218,0.034281
[MO866] Iteration,3,45,1592227579.621581,0.034294
[MO866] Iteration,2,45,1592227579.621990,0.034273
[MO866] Iteration,1,45,1592227579.622284,0.034261
[MO866] Iteration,0,46,1592227579.655441,0.034174
[MO866] Iteration,3,46,1592227579.655841,0.034225
[MO866] Iteration,2,46,1592227579.656316,0.034310
[MO866] Iteration,1,46,1592227579.656634,0.034333
[MO866] Iteration,0,47,1592227579.689875,0.034374
[MO866] Iteration,3,47,1592227579.690241,0.034370
[MO866] Iteration,2,47,1592227579.690668,0.034337
[MO866] Iteration,1,47,1592227579.690969,0.034317
[MO866] Iteration,0,48,1592227579.724316,0.034392
[MO866] Iteration,3,48,1592227579.724677,0.034400
[MO866] Iteration,2,48,1592227579.725077,0.034394
[MO866] Iteration,1,48,1592227579.725397,0.034410
[MO866] Iteration,0,49,1592227579.758619,0.034255
[MO866] Iteration,3,49,1592227579.758992,0.034282
[MO866] Iteration,2,49,1592227579.759415,0.034322
[MO866] Iteration,1,49,1592227579.759739,0.034325
[MO866] Iteration,0,50,1592227579.792922,0.034253
[MO866] Iteration,3,50,1592227579.793301,0.034272
[MO866] Iteration,2,50,1592227579.793724,0.034293
[MO866] Iteration,1,50,1592227579.794030,0.034274
[MO866] Iteration,0,51,1592227579.827380,0.034411
[MO866] Iteration,3,51,1592227579.827762,0.034426
[MO866] Iteration,2,51,1592227579.828187,0.034446
[MO866] Iteration,1,51,1592227579.828497,0.034448
[MO866] Iteration,0,52,1592227579.861673,0.034241
[MO866] Iteration,3,52,1592227579.862039,0.034243
[MO866] Iteration,2,52,1592227579.862472,0.034269
[MO866] Iteration,1,52,1592227579.862777,0.034263
[MO866] Iteration,0,53,1592227579.896163,0.034440
[MO866] Iteration,3,53,1592227579.896515,0.034440
[MO866] Iteration,2,53,1592227579.896933,0.034445
[MO866] Iteration,1,53,1592227579.897235,0.034441
[MO866] Iteration,0,54,1592227579.930417,0.034206
[MO866] Iteration,3,54,1592227579.930793,0.034245
[MO866] Iteration,2,54,1592227579.931234,0.034285
[MO866] Iteration,1,54,1592227579.931555,0.034303
[MO866] Iteration,0,55,1592227579.964799,0.034331
[MO866] Iteration,3,55,1592227579.965181,0.034351
[MO866] Iteration,2,55,1592227579.965584,0.034333
[MO866] Iteration,1,55,1592227579.965892,0.034319
[MO866] Iteration,0,56,1592227579.999130,0.034284
[MO866] Iteration,3,56,1592227579.999522,0.034306
[MO866] Iteration,2,56,1592227579.999937,0.034337
[MO866] Iteration,1,56,1592227580.000237,0.034328
[MO866] Iteration,0,57,1592227580.033437,0.034253
[MO866] Iteration,3,57,1592227580.033816,0.034261
[MO866] Iteration,2,57,1592227580.034239,0.034287
[MO866] Iteration,1,57,1592227580.034541,0.034287
[MO866] Iteration,0,58,1592227580.068046,0.034555
[MO866] Iteration,3,58,1592227580.068401,0.034550
[MO866] Iteration,2,58,1592227580.068835,0.034580
[MO866] Iteration,1,58,1592227580.069134,0.034575
[MO866] Iteration,0,59,1592227580.102317,0.034230
 Time step   60
[MO866] Iteration,3,59,1592227580.102690,0.034256
[MO866] Iteration,2,59,1592227580.103123,0.034272
[MO866] Iteration,1,59,1592227580.103427,0.034275
[MO866] Iteration,0,60,1592227580.136668,0.034300
[MO866] Iteration,3,60,1592227580.137017,0.034291
[MO866] Iteration,2,60,1592227580.137441,0.034301
[MO866] Iteration,1,60,1592227580.137749,0.034303
[MO866] Iteration,0,61,1592227580.171078,0.034364
[MO866] Iteration,3,61,1592227580.171462,0.034412
[MO866] Iteration,2,61,1592227580.171906,0.034449
[MO866] Iteration,1,61,1592227580.172214,0.034448
[MO866] Iteration,0,62,1592227580.205461,0.034333
[MO866] Iteration,3,62,1592227580.205836,0.034326
[MO866] Iteration,2,62,1592227580.206261,0.034340
[MO866] Iteration,1,62,1592227580.206568,0.034337
[MO866] Iteration,0,63,1592227580.239817,0.034306
[MO866] Iteration,3,63,1592227580.240193,0.034322
[MO866] Iteration,2,63,1592227580.240635,0.034357
[MO866] Iteration,1,63,1592227580.240946,0.034360
[MO866] Iteration,0,64,1592227580.274100,0.034235
[MO866] Iteration,3,64,1592227580.274481,0.034257
[MO866] Iteration,2,64,1592227580.274944,0.034294
[MO866] Iteration,1,64,1592227580.275244,0.034281
[MO866] Iteration,0,65,1592227580.308525,0.034372
[MO866] Iteration,3,65,1592227580.308936,0.034420
[MO866] Iteration,2,65,1592227580.309337,0.034377
[MO866] Iteration,1,65,1592227580.309639,0.034377
[MO866] Iteration,0,66,1592227580.342879,0.034307
[MO866] Iteration,3,66,1592227580.343248,0.034280
[MO866] Iteration,2,66,1592227580.343699,0.034346
[MO866] Iteration,1,66,1592227580.344001,0.034345
[MO866] Iteration,0,67,1592227580.377215,0.034286
[MO866] Iteration,3,67,1592227580.377568,0.034285
[MO866] Iteration,2,67,1592227580.377985,0.034270
[MO866] Iteration,1,67,1592227580.378294,0.034277
[MO866] Iteration,0,68,1592227580.411641,0.034377
[MO866] Iteration,3,68,1592227580.412023,0.034420
[MO866] Iteration,2,68,1592227580.412467,0.034465
[MO866] Iteration,1,68,1592227580.412773,0.034461
[MO866] Iteration,0,69,1592227580.445965,0.034272
[MO866] Iteration,3,69,1592227580.446335,0.034280
[MO866] Iteration,2,69,1592227580.446731,0.034249
[MO866] Iteration,1,69,1592227580.447030,0.034240
[MO866] Iteration,0,70,1592227580.480349,0.034332
[MO866] Iteration,3,70,1592227580.480696,0.034327
[MO866] Iteration,2,70,1592227580.481128,0.034380
[MO866] Iteration,1,70,1592227580.481428,0.034380
[MO866] Iteration,0,71,1592227580.514567,0.034175
[MO866] Iteration,3,71,1592227580.514945,0.034215
[MO866] Iteration,2,71,1592227580.515372,0.034229
[MO866] Iteration,1,71,1592227580.515697,0.034252
[MO866] Iteration,0,72,1592227580.548867,0.034250
[MO866] Iteration,3,72,1592227580.549241,0.034260
[MO866] Iteration,2,72,1592227580.549666,0.034278
[MO866] Iteration,1,72,1592227580.549956,0.034242
[MO866] Iteration,0,73,1592227580.583298,0.034382
[MO866] Iteration,3,73,1592227580.583684,0.034408
[MO866] Iteration,2,73,1592227580.584097,0.034415
[MO866] Iteration,1,73,1592227580.584405,0.034432
[MO866] Iteration,0,74,1592227580.617616,0.034265
[MO866] Iteration,3,74,1592227580.617988,0.034271
[MO866] Iteration,2,74,1592227580.618401,0.034289
[MO866] Iteration,1,74,1592227580.618705,0.034283
[MO866] Iteration,0,75,1592227580.651951,0.034286
[MO866] Iteration,3,75,1592227580.652333,0.034308
[MO866] Iteration,2,75,1592227580.652773,0.034356
[MO866] Iteration,1,75,1592227580.653085,0.034362
[MO866] Iteration,0,76,1592227580.686316,0.034318
[MO866] Iteration,3,76,1592227580.686684,0.034318
[MO866] Iteration,2,76,1592227580.687111,0.034322
[MO866] Iteration,1,76,1592227580.687419,0.034317
[MO866] Iteration,0,77,1592227580.720693,0.034325
[MO866] Iteration,3,77,1592227580.721048,0.034326
[MO866] Iteration,2,77,1592227580.721477,0.034349
[MO866] Iteration,1,77,1592227580.721779,0.034341
[MO866] Iteration,0,78,1592227580.755040,0.034299
[MO866] Iteration,3,78,1592227580.755404,0.034321
[MO866] Iteration,2,78,1592227580.755853,0.034360
[MO866] Iteration,1,78,1592227580.756155,0.034358
[MO866] Iteration,0,79,1592227580.789377,0.034284
 Time step   80
[MO866] Iteration,3,79,1592227580.789749,0.034307
[MO866] Iteration,2,79,1592227580.790189,0.034321
[MO866] Iteration,1,79,1592227580.790502,0.034329
[MO866] Iteration,0,80,1592227580.823803,0.034373
[MO866] Iteration,3,80,1592227580.824170,0.034384
[MO866] Iteration,2,80,1592227580.824603,0.034398
[MO866] Iteration,1,80,1592227580.824900,0.034381
[MO866] Iteration,0,81,1592227580.858090,0.034241
[MO866] Iteration,3,81,1592227580.858467,0.034263
[MO866] Iteration,2,81,1592227580.858937,0.034319
[MO866] Iteration,1,81,1592227580.859254,0.034337
[MO866] Iteration,0,82,1592227580.892507,0.034368
[MO866] Iteration,3,82,1592227580.892887,0.034385
[MO866] Iteration,2,82,1592227580.893327,0.034375
[MO866] Iteration,1,82,1592227580.893633,0.034361
[MO866] Iteration,0,83,1592227580.926908,0.034353
[MO866] Iteration,3,83,1592227580.927290,0.034368
[MO866] Iteration,2,83,1592227580.927718,0.034374
[MO866] Iteration,1,83,1592227580.928025,0.034375
[MO866] Iteration,0,84,1592227580.966831,0.039874
[MO866] Iteration,3,84,1592227580.967279,0.039952
[MO866] Iteration,2,84,1592227580.967558,0.039825
[MO866] Iteration,1,84,1592227580.967987,0.039945
[MO866] Iteration,0,85,1592227581.002068,0.035192
[MO866] Iteration,3,85,1592227581.002442,0.035113
[MO866] Iteration,2,85,1592227581.002879,0.035293
[MO866] Iteration,1,85,1592227581.003162,0.035145
[MO866] Iteration,0,86,1592227581.036516,0.034399
[MO866] Iteration,3,86,1592227581.036888,0.034407
[MO866] Iteration,2,86,1592227581.037336,0.034440
[MO866] Iteration,1,86,1592227581.037637,0.034456
[MO866] Iteration,0,87,1592227581.070872,0.034311
[MO866] Iteration,3,87,1592227581.071243,0.034321
[MO866] Iteration,2,87,1592227581.071675,0.034323
[MO866] Iteration,1,87,1592227581.071978,0.034323
[MO866] Iteration,0,88,1592227581.105259,0.034338
[MO866] Iteration,3,88,1592227581.105633,0.034354
[MO866] Iteration,2,88,1592227581.106044,0.034353
[MO866] Iteration,1,88,1592227581.106346,0.034351
[MO866] Iteration,0,89,1592227581.139613,0.034305
[MO866] Iteration,3,89,1592227581.139991,0.034323
[MO866] Iteration,2,89,1592227581.140414,0.034355
[MO866] Iteration,1,89,1592227581.140715,0.034352
[MO866] Iteration,0,90,1592227581.173879,0.034218
[MO866] Iteration,3,90,1592227581.174234,0.034210
[MO866] Iteration,2,90,1592227581.174687,0.034259
[MO866] Iteration,1,90,1592227581.174992,0.034260
[MO866] Iteration,0,91,1592227581.208281,0.034351
[MO866] Iteration,3,91,1592227581.208670,0.034400
[MO866] Iteration,2,91,1592227581.209079,0.034376
[MO866] Iteration,1,91,1592227581.209380,0.034369
[MO866] Iteration,0,92,1592227581.242510,0.034184
[MO866] Iteration,3,92,1592227581.242887,0.034184
[MO866] Iteration,2,92,1592227581.243306,0.034211
[MO866] Iteration,1,92,1592227581.243631,0.034233
[MO866] Iteration,0,93,1592227581.276824,0.034267
[MO866] Iteration,3,93,1592227581.277197,0.034275
[MO866] Iteration,2,93,1592227581.277626,0.034305
[MO866] Iteration,1,93,1592227581.277928,0.034281
[MO866] Iteration,0,94,1592227581.311126,0.034255
[MO866] Iteration,3,94,1592227581.311504,0.034274
[MO866] Iteration,2,94,1592227581.311962,0.034320
[MO866] Iteration,1,94,1592227581.312261,0.034316
[MO866] Iteration,0,95,1592227581.345473,0.034296
[MO866] Iteration,3,95,1592227581.345842,0.034306
[MO866] Iteration,2,95,1592227581.346269,0.034291
[MO866] Iteration,1,95,1592227581.346565,0.034287
[MO866] Iteration,0,96,1592227581.379865,0.034344
[MO866] Iteration,3,96,1592227581.380233,0.034355
[MO866] Iteration,2,96,1592227581.380677,0.034393
[MO866] Iteration,1,96,1592227581.380980,0.034397
[MO866] Iteration,0,97,1592227581.414182,0.034269
[MO866] Iteration,3,97,1592227581.414551,0.034285
[MO866] Iteration,2,97,1592227581.415022,0.034329
[MO866] Iteration,1,97,1592227581.415334,0.034336
[MO866] Iteration,0,98,1592227581.448626,0.034392
[MO866] Iteration,3,98,1592227581.448990,0.034403
[MO866] Iteration,2,98,1592227581.449413,0.034376
[MO866] Iteration,1,98,1592227581.449715,0.034364
[MO866] Iteration,0,99,1592227581.482996,0.034324
 Time step  100
[MO866] Iteration,3,99,1592227581.483362,0.034339
[MO866] Iteration,2,99,1592227581.483812,0.034384
[MO866] Iteration,1,99,1592227581.484104,0.034371
[MO866] Iteration,0,100,1592227581.517335,0.034291
[MO866] Iteration,3,100,1592227581.517690,0.034291
[MO866] Iteration,2,100,1592227581.518138,0.034312
[MO866] Iteration,1,100,1592227581.518444,0.034321
[MO866] Iteration,0,101,1592227581.551760,0.034377
[MO866] Iteration,3,101,1592227581.552145,0.034419
[MO866] Iteration,2,101,1592227581.552593,0.034439
[MO866] Iteration,1,101,1592227581.552899,0.034437
[MO866] Iteration,0,102,1592227581.586097,0.034288
[MO866] Iteration,3,102,1592227581.586457,0.034280
[MO866] Iteration,2,102,1592227581.586863,0.034253
[MO866] Iteration,1,102,1592227581.587170,0.034253
[MO866] Iteration,0,103,1592227581.620457,0.034308
[MO866] Iteration,3,103,1592227581.620843,0.034351
[MO866] Iteration,2,103,1592227581.621280,0.034401
[MO866] Iteration,1,103,1592227581.621589,0.034401
[MO866] Iteration,0,104,1592227581.654800,0.034297
[MO866] Iteration,3,104,1592227581.655159,0.034283
[MO866] Iteration,2,104,1592227581.655621,0.034325
[MO866] Iteration,1,104,1592227581.655927,0.034321
[MO866] Iteration,0,105,1592227581.689128,0.034279
[MO866] Iteration,3,105,1592227581.689513,0.034318
[MO866] Iteration,2,105,1592227581.689924,0.034287
[MO866] Iteration,1,105,1592227581.690230,0.034287
[MO866] Iteration,0,106,1592227581.723532,0.034357
[MO866] Iteration,3,106,1592227581.723913,0.034365
[MO866] Iteration,2,106,1592227581.724319,0.034378
[MO866] Iteration,1,106,1592227581.724623,0.034375
[MO866] Iteration,0,107,1592227581.757808,0.034229
[MO866] Iteration,3,107,1592227581.758175,0.034230
[MO866] Iteration,2,107,1592227581.758600,0.034265
[MO866] Iteration,1,107,1592227581.758906,0.034266
[MO866] Iteration,0,108,1592227581.792125,0.034269
[MO866] Iteration,3,108,1592227581.792502,0.034291
[MO866] Iteration,2,108,1592227581.792941,0.034325
[MO866] Iteration,1,108,1592227581.793243,0.034319
[MO866] Iteration,0,109,1592227581.826391,0.034219
[MO866] Iteration,3,109,1592227581.826757,0.034222
[MO866] Iteration,2,109,1592227581.827236,0.034280
[MO866] Iteration,1,109,1592227581.827565,0.034305
[MO866] Iteration,0,110,1592227581.860869,0.034426
[MO866] Iteration,3,110,1592227581.861244,0.034453
[MO866] Iteration,2,110,1592227581.861667,0.034416
[MO866] Iteration,1,110,1592227581.861972,0.034390
[MO866] Iteration,0,111,1592227581.895238,0.034321
[MO866] Iteration,3,111,1592227581.895635,0.034357
[MO866] Iteration,2,111,1592227581.896061,0.034378
[MO866] Iteration,1,111,1592227581.896373,0.034384
[MO866] Iteration,0,112,1592227581.929552,0.034264
[MO866] Iteration,3,112,1592227581.929911,0.034244
[MO866] Iteration,2,112,1592227581.930339,0.034262
[MO866] Iteration,1,112,1592227581.930645,0.034255
[MO866] Iteration,0,113,1592227581.963946,0.034343
[MO866] Iteration,3,113,1592227581.964311,0.034365
[MO866] Iteration,2,113,1592227581.964757,0.034403
[MO866] Iteration,1,113,1592227581.965066,0.034404
[MO866] Iteration,0,114,1592227581.998344,0.034351
[MO866] Iteration,3,114,1592227581.998706,0.034364
[MO866] Iteration,2,114,1592227581.999159,0.034386
[MO866] Iteration,1,114,1592227581.999462,0.034379
[MO866] Iteration,0,115,1592227582.032632,0.034237
[MO866] Iteration,3,115,1592227582.032999,0.034256
[MO866] Iteration,2,115,1592227582.033447,0.034272
[MO866] Iteration,1,115,1592227582.033749,0.034258
[MO866] Iteration,0,116,1592227582.067055,0.034375
[MO866] Iteration,3,116,1592227582.067458,0.034424
[MO866] Iteration,2,116,1592227582.067947,0.034484
[MO866] Iteration,1,116,1592227582.068253,0.034486
[MO866] Iteration,0,117,1592227582.101482,0.034378
[MO866] Iteration,3,117,1592227582.101862,0.034356
[MO866] Iteration,2,117,1592227582.102275,0.034313
[MO866] Iteration,1,117,1592227582.102566,0.034295
[MO866] Iteration,0,118,1592227582.135878,0.034348
[MO866] Iteration,3,118,1592227582.136270,0.034371
[MO866] Iteration,2,118,1592227582.136707,0.034416
[MO866] Iteration,1,118,1592227582.137007,0.034423
[MO866] Iteration,0,119,1592227582.170245,0.034322
 Time step  120
[MO866] Iteration,3,119,1592227582.170611,0.034307
[MO866] Iteration,2,119,1592227582.171049,0.034326
[MO866] Iteration,1,119,1592227582.171357,0.034333
[MO866] Iteration,0,120,1592227582.204584,0.034288
[MO866] Iteration,3,120,1592227582.204959,0.034311
[MO866] Iteration,2,120,1592227582.205392,0.034327
[MO866] Iteration,1,120,1592227582.205700,0.034325
[MO866] Iteration,0,121,1592227582.239021,0.034391
[MO866] Iteration,3,121,1592227582.239378,0.034386
[MO866] Iteration,2,121,1592227582.239814,0.034404
[MO866] Iteration,1,121,1592227582.240111,0.034393
[MO866] Iteration,0,122,1592227582.273301,0.034229
[MO866] Iteration,3,122,1592227582.273672,0.034258
[MO866] Iteration,2,122,1592227582.274095,0.034266
[MO866] Iteration,1,122,1592227582.274406,0.034278
[MO866] Iteration,0,123,1592227582.307721,0.034377
[MO866] Iteration,3,123,1592227582.308088,0.034380
[MO866] Iteration,2,123,1592227582.308514,0.034403
[MO866] Iteration,1,123,1592227582.308816,0.034391
[MO866] Iteration,0,124,1592227582.342020,0.034254
[MO866] Iteration,3,124,1592227582.342387,0.034266
[MO866] Iteration,2,124,1592227582.342829,0.034300
[MO866] Iteration,1,124,1592227582.343132,0.034300
[MO866] Iteration,0,125,1592227582.376446,0.034377
[MO866] Iteration,3,125,1592227582.376807,0.034385
[MO866] Iteration,2,125,1592227582.377253,0.034407
[MO866] Iteration,1,125,1592227582.377557,0.034407
[MO866] Iteration,0,126,1592227582.410778,0.034286
[MO866] Iteration,3,126,1592227582.411166,0.034327
[MO866] Iteration,2,126,1592227582.411606,0.034336
[MO866] Iteration,1,126,1592227582.411923,0.034349
[MO866] Iteration,0,127,1592227582.445129,0.034299
[MO866] Iteration,3,127,1592227582.445504,0.034301
[MO866] Iteration,2,127,1592227582.445930,0.034309
[MO866] Iteration,1,127,1592227582.446233,0.034294
[MO866] Iteration,0,128,1592227582.479528,0.034351
[MO866] Iteration,3,128,1592227582.479910,0.034371
[MO866] Iteration,2,128,1592227582.480344,0.034399
[MO866] Iteration,1,128,1592227582.480645,0.034395
[MO866] Iteration,0,129,1592227582.513844,0.034273
[MO866] Iteration,3,129,1592227582.514204,0.034262
[MO866] Iteration,2,129,1592227582.514639,0.034280
[MO866] Iteration,1,129,1592227582.514938,0.034276
[MO866] Iteration,0,130,1592227582.548227,0.034332
[MO866] Iteration,3,130,1592227582.548596,0.034357
[MO866] Iteration,2,130,1592227582.549051,0.034395
[MO866] Iteration,1,130,1592227582.549360,0.034405
[MO866] Iteration,0,131,1592227582.582620,0.034346
[MO866] Iteration,3,131,1592227582.583000,0.034370
[MO866] Iteration,2,131,1592227582.583402,0.034336
[MO866] Iteration,1,131,1592227582.583734,0.034357
[MO866] Iteration,0,132,1592227582.616963,0.034293
[MO866] Iteration,3,132,1592227582.617349,0.034313
[MO866] Iteration,2,132,1592227582.617763,0.034345
[MO866] Iteration,1,132,1592227582.618066,0.034316
[MO866] Iteration,0,133,1592227582.651345,0.034336
[MO866] Iteration,3,133,1592227582.651756,0.034373
[MO866] Iteration,2,133,1592227582.652163,0.034384
[MO866] Iteration,1,133,1592227582.652466,0.034383
[MO866] Iteration,0,134,1592227582.685598,0.034204
[MO866] Iteration,3,134,1592227582.685951,0.034164
[MO866] Iteration,2,134,1592227582.686387,0.034209
[MO866] Iteration,1,134,1592227582.686689,0.034206
[MO866] Iteration,0,135,1592227582.719982,0.034335
[MO866] Iteration,3,135,1592227582.720352,0.034363
[MO866] Iteration,2,135,1592227582.720775,0.034371
[MO866] Iteration,1,135,1592227582.721087,0.034380
[MO866] Iteration,0,136,1592227582.754301,0.034275
[MO866] Iteration,3,136,1592227582.754665,0.034281
[MO866] Iteration,2,136,1592227582.755106,0.034316
[MO866] Iteration,1,136,1592227582.755404,0.034300
[MO866] Iteration,0,137,1592227582.788618,0.034265
[MO866] Iteration,3,137,1592227582.788996,0.034296
[MO866] Iteration,2,137,1592227582.789433,0.034311
[MO866] Iteration,1,137,1592227582.789726,0.034305
[MO866] Iteration,0,138,1592227582.823019,0.034356
[MO866] Iteration,3,138,1592227582.823383,0.034354
[MO866] Iteration,2,138,1592227582.823854,0.034404
[MO866] Iteration,1,138,1592227582.824136,0.034392
[MO866] Iteration,0,139,1592227582.857318,0.034251
 Time step  140
[MO866] Iteration,3,139,1592227582.857697,0.034278
[MO866] Iteration,2,139,1592227582.858118,0.034248
[MO866] Iteration,1,139,1592227582.858425,0.034273
[MO866] Iteration,0,140,1592227582.891777,0.034411
[MO866] Iteration,3,140,1592227582.892155,0.034423
[MO866] Iteration,2,140,1592227582.892593,0.034458
[MO866] Iteration,1,140,1592227582.892897,0.034455
[MO866] Iteration,0,141,1592227582.926060,0.034239
[MO866] Iteration,3,141,1592227582.926420,0.034232
[MO866] Iteration,2,141,1592227582.926860,0.034252
[MO866] Iteration,1,141,1592227582.927165,0.034251
[MO866] Iteration,0,142,1592227582.960520,0.034410
[MO866] Iteration,3,142,1592227582.960877,0.034421
[MO866] Iteration,2,142,1592227582.961303,0.034426
[MO866] Iteration,1,142,1592227582.961614,0.034431
[MO866] Iteration,0,143,1592227582.994841,0.034273
[MO866] Iteration,3,143,1592227582.995221,0.034310
[MO866] Iteration,2,143,1592227582.995657,0.034338
[MO866] Iteration,1,143,1592227582.995968,0.034336
[MO866] Iteration,0,144,1592227583.029147,0.034252
[MO866] Iteration,3,144,1592227583.029497,0.034240
[MO866] Iteration,2,144,1592227583.029945,0.034272
[MO866] Iteration,1,144,1592227583.030253,0.034269
[MO866] Iteration,0,145,1592227583.063589,0.034394
[MO866] Iteration,3,145,1592227583.063967,0.034435
[MO866] Iteration,2,145,1592227583.064391,0.034430
[MO866] Iteration,1,145,1592227583.064696,0.034426
[MO866] Iteration,0,146,1592227583.097865,0.034229
[MO866] Iteration,3,146,1592227583.098252,0.034252
[MO866] Iteration,2,146,1592227583.098658,0.034253
[MO866] Iteration,1,146,1592227583.098965,0.034252
[MO866] Iteration,0,147,1592227583.132270,0.034356
[MO866] Iteration,3,147,1592227583.132630,0.034343
[MO866] Iteration,2,147,1592227583.133040,0.034364
[MO866] Iteration,1,147,1592227583.133336,0.034353
[MO866] Iteration,0,148,1592227583.166435,0.034119
[MO866] Iteration,3,148,1592227583.166801,0.034137
[MO866] Iteration,2,148,1592227583.167275,0.034218
[MO866] Iteration,1,148,1592227583.167593,0.034240
[MO866] Iteration,0,149,1592227583.200804,0.034317
[MO866] Iteration,3,149,1592227583.201178,0.034341
[MO866] Iteration,2,149,1592227583.201623,0.034331
[MO866] Iteration,1,149,1592227583.201922,0.034313
[MO866] Iteration,0,150,1592227583.235182,0.034329
[MO866] Iteration,3,150,1592227583.235582,0.034370
[MO866] Iteration,2,150,1592227583.235999,0.034360
[MO866] Iteration,1,150,1592227583.236298,0.034359
[MO866] Iteration,0,151,1592227583.269555,0.034323
[MO866] Iteration,3,151,1592227583.269936,0.034320
[MO866] Iteration,2,151,1592227583.270342,0.034326
[MO866] Iteration,1,151,1592227583.270649,0.034334
[MO866] Iteration,0,152,1592227583.303940,0.034334
[MO866] Iteration,3,152,1592227583.304304,0.034329
[MO866] Iteration,2,152,1592227583.304726,0.034367
[MO866] Iteration,1,152,1592227583.305036,0.034369
[MO866] Iteration,0,153,1592227583.338224,0.034240
[MO866] Iteration,3,153,1592227583.338594,0.034257
[MO866] Iteration,2,153,1592227583.339058,0.034316
[MO866] Iteration,1,153,1592227583.339371,0.034317
[MO866] Iteration,3,154,1592227583.375403,0.036773
[MO866] Iteration,0,154,1592227583.376164,0.037890
[MO866] Iteration,1,154,1592227583.376930,0.037541
[MO866] Iteration,2,154,1592227583.377695,0.038620
[MO866] Iteration,0,155,1592227583.411135,0.034931
[MO866] Iteration,3,155,1592227583.411543,0.036091
[MO866] Iteration,2,155,1592227583.411964,0.034246
[MO866] Iteration,1,155,1592227583.412276,0.035329
[MO866] Iteration,0,156,1592227583.445455,0.034269
[MO866] Iteration,3,156,1592227583.445841,0.034270
[MO866] Iteration,2,156,1592227583.446272,0.034292
[MO866] Iteration,1,156,1592227583.446575,0.034282
[MO866] Iteration,0,157,1592227583.479977,0.034472
[MO866] Iteration,3,157,1592227583.480339,0.034468
[MO866] Iteration,2,157,1592227583.480765,0.034476
[MO866] Iteration,1,157,1592227583.481075,0.034483
[MO866] Iteration,0,158,1592227583.514271,0.034249
[MO866] Iteration,3,158,1592227583.514651,0.034283
[MO866] Iteration,2,158,1592227583.515092,0.034311
[MO866] Iteration,1,158,1592227583.515397,0.034304
[MO866] Iteration,0,159,1592227583.548606,0.034285
 Time step  160
[MO866] Iteration,3,159,1592227583.549004,0.034323
[MO866] Iteration,2,159,1592227583.549398,0.034289
[MO866] Iteration,1,159,1592227583.549710,0.034295
[MO866] Iteration,0,160,1592227583.582948,0.034298
[MO866] Iteration,3,160,1592227583.583336,0.034302
[MO866] Iteration,2,160,1592227583.583774,0.034359
[MO866] Iteration,1,160,1592227583.584077,0.034350
[MO866] Iteration,0,161,1592227583.617289,0.034291
[MO866] Iteration,3,161,1592227583.617664,0.034297
[MO866] Iteration,2,161,1592227583.618058,0.034268
[MO866] Iteration,1,161,1592227583.618369,0.034276
[MO866] Iteration,0,162,1592227583.651711,0.034375
[MO866] Iteration,3,162,1592227583.652095,0.034401
[MO866] Iteration,2,162,1592227583.652533,0.034458
[MO866] Iteration,1,162,1592227583.652841,0.034455
[MO866] Iteration,0,163,1592227583.686016,0.034255
[MO866] Iteration,3,163,1592227583.686390,0.034267
[MO866] Iteration,2,163,1592227583.686817,0.034269
[MO866] Iteration,1,163,1592227583.687122,0.034264
[MO866] Iteration,0,164,1592227583.720436,0.034371
[MO866] Iteration,3,164,1592227583.720798,0.034377
[MO866] Iteration,2,164,1592227583.721217,0.034384
[MO866] Iteration,1,164,1592227583.721528,0.034387
[MO866] Iteration,0,165,1592227583.754797,0.034317
[MO866] Iteration,3,165,1592227583.755170,0.034344
[MO866] Iteration,2,165,1592227583.755623,0.034391
[MO866] Iteration,1,165,1592227583.755941,0.034396
[MO866] Iteration,0,166,1592227583.789184,0.034337
[MO866] Iteration,3,166,1592227583.789562,0.034362
[MO866] Iteration,2,166,1592227583.790002,0.034363
[MO866] Iteration,1,166,1592227583.790304,0.034347
[MO866] Iteration,0,167,1592227583.823662,0.034427
[MO866] Iteration,3,167,1592227583.824041,0.034450
[MO866] Iteration,2,167,1592227583.824471,0.034452
[MO866] Iteration,1,167,1592227583.824776,0.034454
[MO866] Iteration,0,168,1592227583.857927,0.034219
[MO866] Iteration,3,168,1592227583.858291,0.034223
[MO866] Iteration,2,168,1592227583.858759,0.034273
[MO866] Iteration,1,168,1592227583.859065,0.034272
[MO866] Iteration,0,169,1592227583.892397,0.034420
[MO866] Iteration,3,169,1592227583.892800,0.034480
[MO866] Iteration,2,169,1592227583.893208,0.034432
[MO866] Iteration,1,169,1592227583.893513,0.034431
[MO866] Iteration,0,170,1592227583.926722,0.034282
[MO866] Iteration,3,170,1592227583.927091,0.034262
[MO866] Iteration,2,170,1592227583.927549,0.034325
[MO866] Iteration,1,170,1592227583.927860,0.034330
[MO866] Iteration,0,171,1592227583.961099,0.034324
[MO866] Iteration,3,171,1592227583.961453,0.034331
[MO866] Iteration,2,171,1592227583.961887,0.034323
[MO866] Iteration,1,171,1592227583.962188,0.034312
[MO866] Iteration,0,172,1592227583.995505,0.034358
[MO866] Iteration,3,172,1592227583.995896,0.034413
[MO866] Iteration,2,172,1592227583.996301,0.034397
[MO866] Iteration,1,172,1592227583.996606,0.034400
[MO866] Iteration,0,173,1592227584.029873,0.034326
[MO866] Iteration,3,173,1592227584.030242,0.034319
[MO866] Iteration,2,173,1592227584.030646,0.034330
[MO866] Iteration,1,173,1592227584.030964,0.034341
[MO866] Iteration,0,174,1592227584.064280,0.034358
[MO866] Iteration,3,174,1592227584.064663,0.034391
[MO866] Iteration,2,174,1592227584.065103,0.034440
[MO866] Iteration,1,174,1592227584.065413,0.034431
[MO866] Iteration,0,175,1592227584.098564,0.034238
[MO866] Iteration,3,175,1592227584.098949,0.034257
[MO866] Iteration,2,175,1592227584.099375,0.034256
[MO866] Iteration,1,175,1592227584.099703,0.034272
[MO866] Iteration,0,176,1592227584.132950,0.034336
[MO866] Iteration,3,176,1592227584.133328,0.034348
[MO866] Iteration,2,176,1592227584.133746,0.034353
[MO866] Iteration,1,176,1592227584.134055,0.034337
[MO866] Iteration,0,177,1592227584.167309,0.034311
[MO866] Iteration,3,177,1592227584.167714,0.034356
[MO866] Iteration,2,177,1592227584.168149,0.034386
[MO866] Iteration,1,177,1592227584.168449,0.034377
[MO866] Iteration,0,178,1592227584.201654,0.034297
[MO866] Iteration,3,178,1592227584.202024,0.034281
[MO866] Iteration,2,178,1592227584.202471,0.034307
[MO866] Iteration,1,178,1592227584.202779,0.034314
[MO866] Iteration,0,179,1592227584.236106,0.034399
 Time step  180
[MO866] Iteration,3,179,1592227584.236485,0.034432
[MO866] Iteration,2,179,1592227584.236948,0.034460
[MO866] Iteration,1,179,1592227584.237255,0.034459
[MO866] Iteration,0,180,1592227584.270417,0.034266
[MO866] Iteration,3,180,1592227584.270790,0.034276
[MO866] Iteration,2,180,1592227584.271228,0.034263
[MO866] Iteration,1,180,1592227584.271559,0.034287
[MO866] Iteration,0,181,1592227584.304856,0.034385
[MO866] Iteration,3,181,1592227584.305226,0.034403
[MO866] Iteration,2,181,1592227584.305655,0.034411
[MO866] Iteration,1,181,1592227584.305966,0.034392
[MO866] Iteration,0,182,1592227584.339211,0.034311
[MO866] Iteration,3,182,1592227584.339591,0.034335
[MO866] Iteration,2,182,1592227584.340023,0.034353
[MO866] Iteration,1,182,1592227584.340318,0.034336
[MO866] Iteration,0,183,1592227584.373558,0.034296
[MO866] Iteration,3,183,1592227584.373938,0.034318
[MO866] Iteration,2,183,1592227584.374380,0.034341
[MO866] Iteration,1,183,1592227584.374696,0.034362
[MO866] Iteration,0,184,1592227584.407976,0.034369
[MO866] Iteration,3,184,1592227584.408347,0.034378
[MO866] Iteration,2,184,1592227584.408759,0.034362
[MO866] Iteration,1,184,1592227584.409072,0.034359
[MO866] Iteration,0,185,1592227584.442206,0.034187
[MO866] Iteration,3,185,1592227584.442581,0.034206
[MO866] Iteration,2,185,1592227584.443029,0.034254
[MO866] Iteration,1,185,1592227584.443346,0.034257
[MO866] Iteration,0,186,1592227584.476575,0.034320
[MO866] Iteration,3,186,1592227584.476953,0.034343
[MO866] Iteration,2,186,1592227584.477346,0.034301
[MO866] Iteration,1,186,1592227584.477658,0.034295
[MO866] Iteration,0,187,1592227584.510901,0.034280
[MO866] Iteration,3,187,1592227584.511266,0.034284
[MO866] Iteration,2,187,1592227584.511727,0.034364
[MO866] Iteration,1,187,1592227584.512039,0.034364
[MO866] Iteration,0,188,1592227584.545278,0.034325
[MO866] Iteration,3,188,1592227584.545657,0.034361
[MO866] Iteration,2,188,1592227584.546094,0.034352
[MO866] Iteration,1,188,1592227584.546396,0.034341
[MO866] Iteration,0,189,1592227584.579744,0.034412
[MO866] Iteration,3,189,1592227584.580114,0.034427
[MO866] Iteration,2,189,1592227584.580530,0.034421
[MO866] Iteration,1,189,1592227584.580837,0.034425
[MO866] Iteration,0,190,1592227584.614018,0.034224
[MO866] Iteration,3,190,1592227584.614404,0.034262
[MO866] Iteration,2,190,1592227584.614834,0.034288
[MO866] Iteration,1,190,1592227584.615141,0.034287
[MO866] Iteration,0,191,1592227584.648405,0.034333
[MO866] Iteration,3,191,1592227584.648771,0.034337
[MO866] Iteration,2,191,1592227584.649200,0.034348
[MO866] Iteration,1,191,1592227584.649499,0.034340
[MO866] Iteration,0,192,1592227584.682734,0.034281
[MO866] Iteration,3,192,1592227584.683097,0.034297
[MO866] Iteration,2,192,1592227584.683534,0.034317
[MO866] Iteration,1,192,1592227584.683842,0.034325
[MO866] Iteration,0,193,1592227584.717103,0.034317
[MO866] Iteration,3,193,1592227584.717465,0.034331
[MO866] Iteration,2,193,1592227584.717907,0.034358
[MO866] Iteration,1,193,1592227584.718220,0.034360
[MO866] Iteration,0,194,1592227584.751541,0.034385
[MO866] Iteration,3,194,1592227584.751926,0.034427
[MO866] Iteration,2,194,1592227584.752363,0.034440
[MO866] Iteration,1,194,1592227584.752675,0.034437
[MO866] Iteration,0,195,1592227584.785859,0.034269
[MO866] Iteration,3,195,1592227584.786231,0.034274
[MO866] Iteration,2,195,1592227584.786660,0.034282
[MO866] Iteration,1,195,1592227584.786982,0.034289
[MO866] Iteration,0,196,1592227584.820349,0.034438
[MO866] Iteration,3,196,1592227584.820728,0.034461
[MO866] Iteration,2,196,1592227584.821160,0.034485
[MO866] Iteration,1,196,1592227584.821464,0.034464
[MO866] Iteration,0,197,1592227584.854697,0.034300
[MO866] Iteration,3,197,1592227584.855068,0.034307
[MO866] Iteration,2,197,1592227584.855517,0.034340
[MO866] Iteration,1,197,1592227584.855826,0.034345
[MO866] Iteration,0,198,1592227584.889104,0.034355
[MO866] Iteration,3,198,1592227584.889465,0.034361
[MO866] Iteration,2,198,1592227584.889890,0.034359
[MO866] Iteration,1,198,1592227584.890194,0.034351
[MO866] Iteration,0,199,1592227584.923516,0.034363
 Time step  200
[MO866] Iteration,3,199,1592227584.923908,0.034409
[MO866] Iteration,2,199,1592227584.924316,0.034410
[MO866] Iteration,1,199,1592227584.924614,0.034402
[MO866] Iteration,0,200,1592227584.957781,0.034220
[MO866] Iteration,3,200,1592227584.958165,0.034226
[MO866] Iteration,2,200,1592227584.958609,0.034278
[MO866] Iteration,1,200,1592227584.958905,0.034274
[MO866] Iteration,0,201,1592227584.998221,0.040386
[MO866] Iteration,3,201,1592227584.998606,0.040404
[MO866] Iteration,2,201,1592227584.999068,0.040443
[MO866] Iteration,1,201,1592227584.999377,0.040452
[MO866] Iteration,0,202,1592227585.032750,0.034474
[MO866] Iteration,3,202,1592227585.033126,0.034459
[MO866] Iteration,2,202,1592227585.033540,0.034455
[MO866] Iteration,1,202,1592227585.033841,0.034432
[MO866] Iteration,0,203,1592227585.067144,0.034346
[MO866] Iteration,3,203,1592227585.067536,0.034374
[MO866] Iteration,2,203,1592227585.067973,0.034417
[MO866] Iteration,1,203,1592227585.068277,0.034418
[MO866] Iteration,0,204,1592227585.101473,0.034281
[MO866] Iteration,3,204,1592227585.101847,0.034278
[MO866] Iteration,2,204,1592227585.102268,0.034280
[MO866] Iteration,1,204,1592227585.102573,0.034279
[MO866] Iteration,0,205,1592227585.135906,0.034382
[MO866] Iteration,3,205,1592227585.136301,0.034419
[MO866] Iteration,2,205,1592227585.136738,0.034454
[MO866] Iteration,1,205,1592227585.137049,0.034458
[MO866] Iteration,0,206,1592227585.170244,0.034291
[MO866] Iteration,3,206,1592227585.170613,0.034279
[MO866] Iteration,2,206,1592227585.171065,0.034310
[MO866] Iteration,1,206,1592227585.171363,0.034296
[MO866] Iteration,0,207,1592227585.204582,0.034286
[MO866] Iteration,3,207,1592227585.204956,0.034307
[MO866] Iteration,2,207,1592227585.205379,0.034297
[MO866] Iteration,1,207,1592227585.205681,0.034300
[MO866] Iteration,0,208,1592227585.238937,0.034309
[MO866] Iteration,3,208,1592227585.239315,0.034325
[MO866] Iteration,2,208,1592227585.239759,0.034364
[MO866] Iteration,1,208,1592227585.240066,0.034367
[MO866] Iteration,0,209,1592227585.273258,0.034270
[MO866] Iteration,3,209,1592227585.273633,0.034282
[MO866] Iteration,2,209,1592227585.274050,0.034276
[MO866] Iteration,1,209,1592227585.274358,0.034276
[MO866] Iteration,0,210,1592227585.307653,0.034344
[MO866] Iteration,3,210,1592227585.308034,0.034364
[MO866] Iteration,2,210,1592227585.308424,0.034358
[MO866] Iteration,1,210,1592227585.308730,0.034354
[MO866] Iteration,0,211,1592227585.341911,0.034211
[MO866] Iteration,3,211,1592227585.342272,0.034204
[MO866] Iteration,2,211,1592227585.342672,0.034233
[MO866] Iteration,1,211,1592227585.342969,0.034221
[MO866] Iteration,0,212,1592227585.376330,0.034370
[MO866] Iteration,3,212,1592227585.376704,0.034397
[MO866] Iteration,2,212,1592227585.377118,0.034430
[MO866] Iteration,1,212,1592227585.377418,0.034431
[MO866] Iteration,0,213,1592227585.410583,0.034205
[MO866] Iteration,3,213,1592227585.410948,0.034210
[MO866] Iteration,2,213,1592227585.411399,0.034265
[MO866] Iteration,1,213,1592227585.411726,0.034291
[MO866] Iteration,0,214,1592227585.444942,0.034308
[MO866] Iteration,3,214,1592227585.445307,0.034323
[MO866] Iteration,2,214,1592227585.445734,0.034319
[MO866] Iteration,1,214,1592227585.446034,0.034292
[MO866] Iteration,0,215,1592227585.479417,0.034427
[MO866] Iteration,3,215,1592227585.479819,0.034478
[MO866] Iteration,2,215,1592227585.480239,0.034490
[MO866] Iteration,1,215,1592227585.480540,0.034488
[MO866] Iteration,0,216,1592227585.513771,0.034307
[MO866] Iteration,3,216,1592227585.514142,0.034290
[MO866] Iteration,2,216,1592227585.514591,0.034336
[MO866] Iteration,1,216,1592227585.514888,0.034329
[MO866] Iteration,0,217,1592227585.548119,0.034295
[MO866] Iteration,3,217,1592227585.548497,0.034319
[MO866] Iteration,2,217,1592227585.548926,0.034319
[MO866] Iteration,1,217,1592227585.549234,0.034327
[MO866] Iteration,0,218,1592227585.582442,0.034275
[MO866] Iteration,3,218,1592227585.582821,0.034290
[MO866] Iteration,2,218,1592227585.583286,0.034345
[MO866] Iteration,1,218,1592227585.583607,0.034354
[MO866] Iteration,0,219,1592227585.616820,0.034328
 Time step  220
[MO866] Iteration,3,219,1592227585.617191,0.034334
[MO866] Iteration,2,219,1592227585.617642,0.034339
[MO866] Iteration,1,219,1592227585.617957,0.034333
[MO866] Iteration,0,220,1592227585.651234,0.034365
[MO866] Iteration,3,220,1592227585.651637,0.034412
[MO866] Iteration,2,220,1592227585.652063,0.034404
[MO866] Iteration,1,220,1592227585.652376,0.034401
[MO866] Iteration,0,221,1592227585.685583,0.034298
[MO866] Iteration,3,221,1592227585.685953,0.034284
[MO866] Iteration,2,221,1592227585.686371,0.034293
[MO866] Iteration,1,221,1592227585.686678,0.034285
[MO866] Iteration,0,222,1592227585.719908,0.034276
[MO866] Iteration,3,222,1592227585.720281,0.034293
[MO866] Iteration,2,222,1592227585.720742,0.034355
[MO866] Iteration,1,222,1592227585.721049,0.034352
[MO866] Iteration,0,223,1592227585.754168,0.034214
[MO866] Iteration,3,223,1592227585.754550,0.034237
[MO866] Iteration,2,223,1592227585.754988,0.034230
[MO866] Iteration,1,223,1592227585.755291,0.034225
[MO866] Iteration,0,224,1592227585.788518,0.034299
[MO866] Iteration,3,224,1592227585.788893,0.034307
[MO866] Iteration,2,224,1592227585.789324,0.034319
[MO866] Iteration,1,224,1592227585.789645,0.034336
[MO866] Iteration,0,225,1592227585.822939,0.034375
[MO866] Iteration,3,225,1592227585.823293,0.034365
[MO866] Iteration,2,225,1592227585.823777,0.034436
[MO866] Iteration,1,225,1592227585.824075,0.034412
[MO866] Iteration,0,226,1592227585.857245,0.034253
[MO866] Iteration,3,226,1592227585.857626,0.034297
[MO866] Iteration,2,226,1592227585.858051,0.034260
[MO866] Iteration,1,226,1592227585.858358,0.034266
[MO866] Iteration,0,227,1592227585.891593,0.034298
[MO866] Iteration,3,227,1592227585.891989,0.034328
[MO866] Iteration,2,227,1592227585.892406,0.034339
[MO866] Iteration,1,227,1592227585.892699,0.034323
[MO866] Iteration,0,228,1592227585.925836,0.034196
[MO866] Iteration,3,228,1592227585.926200,0.034180
[MO866] Iteration,2,228,1592227585.926644,0.034223
[MO866] Iteration,1,228,1592227585.926937,0.034221
[MO866] Iteration,0,229,1592227585.960294,0.034408
[MO866] Iteration,3,229,1592227585.960657,0.034421
[MO866] Iteration,2,229,1592227585.961112,0.034453
[MO866] Iteration,1,229,1592227585.961411,0.034456
[MO866] Iteration,0,230,1592227585.994539,0.034196
[MO866] Iteration,3,230,1592227585.994907,0.034216
[MO866] Iteration,2,230,1592227585.995332,0.034205
[MO866] Iteration,1,230,1592227585.995672,0.034244
[MO866] Iteration,0,231,1592227586.028875,0.034286
[MO866] Iteration,3,231,1592227586.029237,0.034295
[MO866] Iteration,2,231,1592227586.029687,0.034338
[MO866] Iteration,1,231,1592227586.029992,0.034303
[MO866] Iteration,0,232,1592227586.063362,0.034436
[MO866] Iteration,3,232,1592227586.063736,0.034465
[MO866] Iteration,2,232,1592227586.064170,0.034467
[MO866] Iteration,1,232,1592227586.064470,0.034460
[MO866] Iteration,0,233,1592227586.097682,0.034280
[MO866] Iteration,3,233,1592227586.098060,0.034294
[MO866] Iteration,2,233,1592227586.098481,0.034296
[MO866] Iteration,1,233,1592227586.098788,0.034300
[MO866] Iteration,0,234,1592227586.132116,0.034384
[MO866] Iteration,3,234,1592227586.132483,0.034388
[MO866] Iteration,2,234,1592227586.132921,0.034424
[MO866] Iteration,1,234,1592227586.133220,0.034414
[MO866] Iteration,0,235,1592227586.166359,0.034198
[MO866] Iteration,3,235,1592227586.166736,0.034220
[MO866] Iteration,2,235,1592227586.167207,0.034271
[MO866] Iteration,1,235,1592227586.167527,0.034290
[MO866] Iteration,0,236,1592227586.200859,0.034445
[MO866] Iteration,3,236,1592227586.201234,0.034462
[MO866] Iteration,2,236,1592227586.201625,0.034401
[MO866] Iteration,1,236,1592227586.201934,0.034391
[MO866] Iteration,0,237,1592227586.235155,0.034247
[MO866] Iteration,3,237,1592227586.235547,0.034278
[MO866] Iteration,2,237,1592227586.235979,0.034337
[MO866] Iteration,1,237,1592227586.236279,0.034327
[MO866] Iteration,0,238,1592227586.274067,0.038863
[MO866] Iteration,3,238,1592227586.273951,0.038371
[MO866] Iteration,1,238,1592227586.274504,0.038208
[MO866] Iteration,2,238,1592227586.275145,0.039151
[MO866] Iteration,0,239,1592227586.308630,0.034515
 Time step  240
[MO866] Iteration,3,239,1592227586.309014,0.035006
[MO866] Iteration,2,239,1592227586.309420,0.034253
[MO866] Iteration,1,239,1592227586.309720,0.035198
[MO866] Iteration,0,240,1592227586.343004,0.034327
[MO866] Iteration,3,240,1592227586.343369,0.034320
[MO866] Iteration,2,240,1592227586.343833,0.034396
[MO866] Iteration,1,240,1592227586.344143,0.034406
[MO866] Iteration,0,241,1592227586.377357,0.034302
[MO866] Iteration,3,241,1592227586.377726,0.034321
[MO866] Iteration,2,241,1592227586.378148,0.034301
[MO866] Iteration,1,241,1592227586.378457,0.034297
[MO866] Iteration,0,242,1592227586.411738,0.034332
[MO866] Iteration,3,242,1592227586.412116,0.034354
[MO866] Iteration,2,242,1592227586.412539,0.034375
[MO866] Iteration,1,242,1592227586.412864,0.034389
[MO866] Iteration,0,243,1592227586.446030,0.034244
[MO866] Iteration,3,243,1592227586.446415,0.034267
[MO866] Iteration,2,243,1592227586.446828,0.034273
[MO866] Iteration,1,243,1592227586.447128,0.034247
[MO866] Iteration,0,244,1592227586.480405,0.034324
[MO866] Iteration,3,244,1592227586.480776,0.034326
[MO866] Iteration,2,244,1592227586.481236,0.034392
[MO866] Iteration,1,244,1592227586.481539,0.034392
[MO866] Iteration,0,245,1592227586.514790,0.034339
[MO866] Iteration,3,245,1592227586.515160,0.034350
[MO866] Iteration,2,245,1592227586.515606,0.034353
[MO866] Iteration,1,245,1592227586.515908,0.034352
[MO866] Iteration,0,246,1592227586.549114,0.034271
[MO866] Iteration,3,246,1592227586.549484,0.034286
[MO866] Iteration,2,246,1592227586.549905,0.034284
[MO866] Iteration,1,246,1592227586.550206,0.034281
[MO866] Iteration,0,247,1592227586.583561,0.034396
[MO866] Iteration,3,247,1592227586.583945,0.034425
[MO866] Iteration,2,247,1592227586.584371,0.034450
[MO866] Iteration,1,247,1592227586.584669,0.034446
[MO866] Iteration,0,248,1592227586.618524,0.034917
[MO866] Iteration,3,248,1592227586.618855,0.034879
[MO866] Iteration,2,248,1592227586.619209,0.034822
[MO866] Iteration,1,248,1592227586.619532,0.034846
[MO866] Iteration,0,249,1592227586.652869,0.034296
[MO866] Iteration,3,249,1592227586.653237,0.034346
[MO866] Iteration,2,249,1592227586.653660,0.034433
[MO866] Iteration,1,249,1592227586.653960,0.034412
[MO866] Iteration,0,250,1592227586.687274,0.034357
[MO866] Iteration,3,250,1592227586.687676,0.034404
[MO866] Iteration,2,250,1592227586.688086,0.034408
[MO866] Iteration,1,250,1592227586.688397,0.034420
[MO866] Iteration,0,251,1592227586.721585,0.034261
[MO866] Iteration,3,251,1592227586.721965,0.034255
[MO866] Iteration,2,251,1592227586.722410,0.034308
[MO866] Iteration,1,251,1592227586.722710,0.034294
[MO866] Iteration,0,252,1592227586.755990,0.034353
[MO866] Iteration,3,252,1592227586.756360,0.034358
[MO866] Iteration,2,252,1592227586.756820,0.034394
[MO866] Iteration,1,252,1592227586.757108,0.034380
[MO866] Iteration,0,253,1592227586.790401,0.034363
[MO866] Iteration,3,253,1592227586.790766,0.034374
[MO866] Iteration,2,253,1592227586.791195,0.034359
[MO866] Iteration,1,253,1592227586.791530,0.034404
[MO866] Iteration,0,254,1592227586.824753,0.034300
[MO866] Iteration,3,254,1592227586.825111,0.034311
[MO866] Iteration,2,254,1592227586.825552,0.034339
[MO866] Iteration,1,254,1592227586.825848,0.034301
[MO866] Iteration,0,255,1592227586.859160,0.034361
[MO866] Iteration,3,255,1592227586.859573,0.034427
[MO866] Iteration,2,255,1592227586.859993,0.034423
[MO866] Iteration,1,255,1592227586.860293,0.034428
[MO866] Iteration,0,256,1592227586.893444,0.034235
[MO866] Iteration,3,256,1592227586.893827,0.034221
[MO866] Iteration,2,256,1592227586.894268,0.034259
[MO866] Iteration,1,256,1592227586.894569,0.034259
[MO866] Iteration,0,257,1592227586.927837,0.034340
[MO866] Iteration,3,257,1592227586.928194,0.034331
[MO866] Iteration,2,257,1592227586.928651,0.034366
[MO866] Iteration,1,257,1592227586.928943,0.034356
[MO866] Iteration,0,258,1592227586.962117,0.034234
[MO866] Iteration,3,258,1592227586.962481,0.034255
[MO866] Iteration,2,258,1592227586.962936,0.034270
[MO866] Iteration,1,258,1592227586.963234,0.034274
[MO866] Iteration,0,259,1592227586.996510,0.034342
 Time step  260
[MO866] Iteration,3,259,1592227586.996883,0.034365
[MO866] Iteration,2,259,1592227586.997320,0.034368
[MO866] Iteration,1,259,1592227586.997615,0.034363
[MO866] Iteration,0,260,1592227587.030792,0.034235
[MO866] Iteration,3,260,1592227587.031157,0.034241
[MO866] Iteration,2,260,1592227587.031619,0.034283
[MO866] Iteration,1,260,1592227587.031928,0.034296
[MO866] Iteration,0,261,1592227587.065115,0.034270
[MO866] Iteration,3,261,1592227587.065469,0.034276
[MO866] Iteration,2,261,1592227587.065922,0.034288
[MO866] Iteration,1,261,1592227587.066223,0.034278
[MO866] Iteration,0,262,1592227587.099533,0.034367
[MO866] Iteration,3,262,1592227587.099911,0.034408
[MO866] Iteration,2,262,1592227587.100328,0.034390
[MO866] Iteration,1,262,1592227587.100636,0.034395
[MO866] Iteration,0,263,1592227587.133836,0.034257
[MO866] Iteration,3,263,1592227587.134202,0.034259
[MO866] Iteration,2,263,1592227587.134640,0.034297
[MO866] Iteration,1,263,1592227587.134927,0.034273
[MO866] Iteration,0,264,1592227587.168229,0.034345
[MO866] Iteration,3,264,1592227587.168603,0.034364
[MO866] Iteration,2,264,1592227587.169022,0.034366
[MO866] Iteration,1,264,1592227587.169317,0.034372
[MO866] Iteration,0,265,1592227587.202503,0.034232
[MO866] Iteration,3,265,1592227587.202873,0.034238
[MO866] Iteration,2,265,1592227587.203315,0.034277
[MO866] Iteration,1,265,1592227587.203645,0.034310
[MO866] Iteration,0,266,1592227587.236878,0.034324
[MO866] Iteration,3,266,1592227587.237254,0.034346
[MO866] Iteration,2,266,1592227587.237686,0.034356
[MO866] Iteration,1,266,1592227587.237982,0.034320
[MO866] Iteration,0,267,1592227587.271228,0.034302
[MO866] Iteration,3,267,1592227587.271636,0.034348
[MO866] Iteration,2,267,1592227587.272072,0.034368
[MO866] Iteration,1,267,1592227587.272365,0.034365
[MO866] Iteration,0,268,1592227587.305583,0.034303
[MO866] Iteration,3,268,1592227587.305940,0.034270
[MO866] Iteration,2,268,1592227587.306373,0.034286
[MO866] Iteration,1,268,1592227587.306675,0.034292
[MO866] Iteration,0,269,1592227587.339971,0.034340
[MO866] Iteration,3,269,1592227587.340347,0.034371
[MO866] Iteration,2,269,1592227587.340796,0.034408
[MO866] Iteration,1,269,1592227587.341112,0.034419
[MO866] Iteration,0,270,1592227587.374335,0.034321
[MO866] Iteration,3,270,1592227587.374698,0.034319
[MO866] Iteration,2,270,1592227587.375145,0.034332
[MO866] Iteration,1,270,1592227587.375452,0.034323
[MO866] Iteration,0,271,1592227587.408708,0.034323
[MO866] Iteration,3,271,1592227587.409086,0.034351
[MO866] Iteration,2,271,1592227587.409496,0.034334
[MO866] Iteration,1,271,1592227587.409804,0.034335
[MO866] Iteration,0,272,1592227587.443079,0.034327
[MO866] Iteration,3,272,1592227587.443448,0.034328
[MO866] Iteration,2,272,1592227587.443939,0.034427
[MO866] Iteration,1,272,1592227587.444241,0.034420
[MO866] Iteration,0,273,1592227587.477552,0.034424
[MO866] Iteration,3,273,1592227587.477922,0.034427
[MO866] Iteration,2,273,1592227587.478329,0.034376
[MO866] Iteration,1,273,1592227587.478626,0.034369
[MO866] Iteration,0,274,1592227587.511877,0.034275
[MO866] Iteration,3,274,1592227587.512267,0.034309
[MO866] Iteration,2,274,1592227587.512705,0.034361
[MO866] Iteration,1,274,1592227587.513010,0.034365
[MO866] Iteration,0,275,1592227587.546163,0.034240
[MO866] Iteration,3,275,1592227587.546545,0.034246
[MO866] Iteration,2,275,1592227587.546984,0.034263
[MO866] Iteration,1,275,1592227587.547303,0.034275
[MO866] Iteration,0,276,1592227587.580527,0.034314
[MO866] Iteration,3,276,1592227587.580888,0.034306
[MO866] Iteration,2,276,1592227587.581337,0.034338
[MO866] Iteration,1,276,1592227587.581644,0.034322
[MO866] Iteration,0,277,1592227587.614951,0.034376
[MO866] Iteration,3,277,1592227587.615318,0.034398
[MO866] Iteration,2,277,1592227587.615795,0.034443
[MO866] Iteration,1,277,1592227587.616089,0.034427
[MO866] Iteration,0,278,1592227587.649293,0.034291
[MO866] Iteration,3,278,1592227587.649647,0.034292
[MO866] Iteration,2,278,1592227587.650067,0.034257
[MO866] Iteration,1,278,1592227587.650377,0.034271
[MO866] Iteration,0,279,1592227587.683694,0.034353
 Time step  280
[MO866] Iteration,3,279,1592227587.684049,0.034366
[MO866] Iteration,2,279,1592227587.684481,0.034398
[MO866] Iteration,1,279,1592227587.684787,0.034392
[MO866] Iteration,0,280,1592227587.717924,0.034184
[MO866] Iteration,3,280,1592227587.718306,0.034226
[MO866] Iteration,2,280,1592227587.718732,0.034236
[MO866] Iteration,1,280,1592227587.719024,0.034219
[MO866] Iteration,0,281,1592227587.752372,0.034400
[MO866] Iteration,3,281,1592227587.752744,0.034401
[MO866] Iteration,2,281,1592227587.753172,0.034424
[MO866] Iteration,1,281,1592227587.753473,0.034431
[MO866] Iteration,0,282,1592227587.786612,0.034195
[MO866] Iteration,3,282,1592227587.786963,0.034185
[MO866] Iteration,2,282,1592227587.787400,0.034213
[MO866] Iteration,1,282,1592227587.787730,0.034240
[MO866] Iteration,0,283,1592227587.821016,0.034356
[MO866] Iteration,3,283,1592227587.821388,0.034389
[MO866] Iteration,2,283,1592227587.821830,0.034413
[MO866] Iteration,1,283,1592227587.822144,0.034397
[MO866] Iteration,0,284,1592227587.855374,0.034310
[MO866] Iteration,3,284,1592227587.855754,0.034329
[MO866] Iteration,2,284,1592227587.856191,0.034344
[MO866] Iteration,1,284,1592227587.856491,0.034330
[MO866] Iteration,0,285,1592227587.889748,0.034324
[MO866] Iteration,3,285,1592227587.890117,0.034331
[MO866] Iteration,2,285,1592227587.890549,0.034343
[MO866] Iteration,1,285,1592227587.890863,0.034355
[MO866] Iteration,0,286,1592227587.924281,0.034484
[MO866] Iteration,3,286,1592227587.924633,0.034482
[MO866] Iteration,2,286,1592227587.925053,0.034488
[MO866] Iteration,1,286,1592227587.925367,0.034486
[MO866] Iteration,0,287,1592227587.958589,0.034262
[MO866] Iteration,3,287,1592227587.958958,0.034292
[MO866] Iteration,2,287,1592227587.959394,0.034326
[MO866] Iteration,1,287,1592227587.959716,0.034331
[MO866] Iteration,0,288,1592227587.992991,0.034352
[MO866] Iteration,3,288,1592227587.993382,0.034390
[MO866] Iteration,2,288,1592227587.993775,0.034364
[MO866] Iteration,1,288,1592227587.994070,0.034337
[MO866] Iteration,0,289,1592227588.027273,0.034235
[MO866] Iteration,3,289,1592227588.027674,0.034257
[MO866] Iteration,2,289,1592227588.028110,0.034320
[MO866] Iteration,1,289,1592227588.028411,0.034324
[MO866] Iteration,0,290,1592227588.061619,0.034296
[MO866] Iteration,3,290,1592227588.061999,0.034293
[MO866] Iteration,2,290,1592227588.062405,0.034280
[MO866] Iteration,1,290,1592227588.062711,0.034283
[MO866] Iteration,0,291,1592227588.095984,0.034318
[MO866] Iteration,3,291,1592227588.096346,0.034311
[MO866] Iteration,2,291,1592227588.096773,0.034351
[MO866] Iteration,1,291,1592227588.097072,0.034343
[MO866] Iteration,0,292,1592227588.130290,0.034262
[MO866] Iteration,3,292,1592227588.130676,0.034298
[MO866] Iteration,2,292,1592227588.131087,0.034299
[MO866] Iteration,1,292,1592227588.131388,0.034297
[MO866] Iteration,0,293,1592227588.164579,0.034238
[MO866] Iteration,3,293,1592227588.164956,0.034244
[MO866] Iteration,2,293,1592227588.165385,0.034282
[MO866] Iteration,1,293,1592227588.165674,0.034266
[MO866] Iteration,0,294,1592227588.198877,0.034255
[MO866] Iteration,3,294,1592227588.199242,0.034252
[MO866] Iteration,2,294,1592227588.199704,0.034304
[MO866] Iteration,1,294,1592227588.199995,0.034302
[MO866] Iteration,0,295,1592227588.233228,0.034302
[MO866] Iteration,3,295,1592227588.233564,0.034288
[MO866] Iteration,2,295,1592227588.233994,0.034275
[MO866] Iteration,1,295,1592227588.234299,0.034286
[MO866] Iteration,0,296,1592227588.267606,0.034331
[MO866] Iteration,3,296,1592227588.267988,0.034389
[MO866] Iteration,2,296,1592227588.268425,0.034415
[MO866] Iteration,1,296,1592227588.268721,0.034404
[MO866] Iteration,0,297,1592227588.301890,0.034236
[MO866] Iteration,3,297,1592227588.302260,0.034240
[MO866] Iteration,2,297,1592227588.302701,0.034261
[MO866] Iteration,1,297,1592227588.302992,0.034254
[MO866] Iteration,0,298,1592227588.336306,0.034368
[MO866] Iteration,3,298,1592227588.336680,0.034383
[MO866] Iteration,2,298,1592227588.337128,0.034412
[MO866] Iteration,1,298,1592227588.337430,0.034420
[MO866] Iteration,0,299,1592227588.370643,0.034291
 Time step  300
[MO866] Iteration,3,299,1592227588.371004,0.034291
[MO866] Iteration,2,299,1592227588.371433,0.034289
[MO866] Iteration,1,299,1592227588.371759,0.034311
[MO866] Iteration,0,300,1592227588.404999,0.034308
[MO866] Iteration,3,300,1592227588.405365,0.034325
[MO866] Iteration,2,300,1592227588.405781,0.034332
[MO866] Iteration,1,300,1592227588.406079,0.034304
[MO866] Iteration,0,301,1592227588.439282,0.034234
[MO866] Iteration,3,301,1592227588.439689,0.034290
[MO866] Iteration,2,301,1592227588.440096,0.034299
[MO866] Iteration,1,301,1592227588.440411,0.034315
[MO866] Iteration,0,302,1592227588.473594,0.034265
[MO866] Iteration,3,302,1592227588.473972,0.034250
[MO866] Iteration,2,302,1592227588.474399,0.034287
[MO866] Iteration,1,302,1592227588.474706,0.034278
[MO866] Iteration,0,303,1592227588.507968,0.034326
[MO866] Iteration,3,303,1592227588.508338,0.034331
[MO866] Iteration,2,303,1592227588.508735,0.034320
[MO866] Iteration,1,303,1592227588.509046,0.034322
[MO866] Iteration,0,304,1592227588.542279,0.034267
[MO866] Iteration,3,304,1592227588.542650,0.034279
[MO866] Iteration,2,304,1592227588.543076,0.034326
[MO866] Iteration,1,304,1592227588.543387,0.034322
[MO866] Iteration,0,305,1592227588.576628,0.034299
[MO866] Iteration,3,305,1592227588.577008,0.034322
[MO866] Iteration,2,305,1592227588.577427,0.034334
[MO866] Iteration,1,305,1592227588.577724,0.034319
[MO866] Iteration,0,306,1592227588.611018,0.034346
[MO866] Iteration,3,306,1592227588.611381,0.034341
[MO866] Iteration,2,306,1592227588.611859,0.034416
[MO866] Iteration,1,306,1592227588.612153,0.034411
[MO866] Iteration,0,307,1592227588.645452,0.034384
[MO866] Iteration,3,307,1592227588.645831,0.034414
[MO866] Iteration,2,307,1592227588.646245,0.034370
[MO866] Iteration,1,307,1592227588.646546,0.034376
[MO866] Iteration,0,308,1592227588.679934,0.034433
[MO866] Iteration,3,308,1592227588.680289,0.034421
[MO866] Iteration,2,308,1592227588.680720,0.034459
[MO866] Iteration,1,308,1592227588.681011,0.034447
[MO866] Iteration,0,309,1592227588.714202,0.034227
[MO866] Iteration,3,309,1592227588.714575,0.034252
[MO866] Iteration,2,309,1592227588.715011,0.034276
[MO866] Iteration,1,309,1592227588.715320,0.034290
[MO866] Iteration,0,310,1592227588.748627,0.034378
[MO866] Iteration,3,310,1592227588.749005,0.034394
[MO866] Iteration,2,310,1592227588.749434,0.034407
[MO866] Iteration,1,310,1592227588.749745,0.034408
[MO866] Iteration,0,311,1592227588.783011,0.034340
[MO866] Iteration,3,311,1592227588.783401,0.034360
[MO866] Iteration,2,311,1592227588.783830,0.034379
[MO866] Iteration,1,311,1592227588.784135,0.034371
[MO866] Iteration,0,312,1592227588.817348,0.034289
[MO866] Iteration,3,312,1592227588.817712,0.034274
[MO866] Iteration,2,312,1592227588.818127,0.034282
[MO866] Iteration,1,312,1592227588.818445,0.034293
[MO866] Iteration,0,313,1592227588.851700,0.034305
[MO866] Iteration,3,313,1592227588.852065,0.034316
[MO866] Iteration,2,313,1592227588.852516,0.034373
[MO866] Iteration,1,313,1592227588.852821,0.034358
[MO866] Iteration,0,314,1592227588.886071,0.034323
[MO866] Iteration,3,314,1592227588.886440,0.034343
[MO866] Iteration,2,314,1592227588.886865,0.034334
[MO866] Iteration,1,314,1592227588.887172,0.034333
[MO866] Iteration,0,315,1592227588.920487,0.034368
[MO866] Iteration,3,315,1592227588.920856,0.034378
[MO866] Iteration,2,315,1592227588.921304,0.034424
[MO866] Iteration,1,315,1592227588.921614,0.034424
[MO866] Iteration,0,316,1592227588.954906,0.034375
[MO866] Iteration,3,316,1592227588.955277,0.034386
[MO866] Iteration,2,316,1592227588.955724,0.034404
[MO866] Iteration,1,316,1592227588.956033,0.034401
[MO866] Iteration,0,317,1592227588.989242,0.034290
[MO866] Iteration,3,317,1592227588.989598,0.034285
[MO866] Iteration,2,317,1592227588.990034,0.034295
[MO866] Iteration,1,317,1592227588.990342,0.034292
[MO866] Iteration,0,318,1592227589.023659,0.034368
[MO866] Iteration,3,318,1592227589.024031,0.034396
[MO866] Iteration,2,318,1592227589.024467,0.034417
[MO866] Iteration,1,318,1592227589.024781,0.034421
[MO866] Iteration,0,319,1592227589.057898,0.034190
 Time step  320
[MO866] Iteration,3,319,1592227589.058272,0.034208
[MO866] Iteration,2,319,1592227589.058693,0.034212
[MO866] Iteration,1,319,1592227589.058997,0.034199
[MO866] Iteration,0,320,1592227589.092353,0.034407
[MO866] Iteration,3,320,1592227589.092729,0.034421
[MO866] Iteration,2,320,1592227589.093153,0.034442
[MO866] Iteration,1,320,1592227589.093456,0.034441
[MO866] Iteration,0,321,1592227589.126623,0.034227
[MO866] Iteration,3,321,1592227589.126996,0.034233
[MO866] Iteration,2,321,1592227589.127419,0.034250
[MO866] Iteration,1,321,1592227589.127742,0.034268
[MO866] Iteration,0,322,1592227589.160965,0.034291
[MO866] Iteration,3,322,1592227589.161348,0.034315
[MO866] Iteration,2,322,1592227589.161794,0.034360
[MO866] Iteration,1,322,1592227589.162112,0.034354
[MO866] Iteration,0,323,1592227589.195379,0.034366
[MO866] Iteration,3,323,1592227589.195776,0.034391
[MO866] Iteration,2,323,1592227589.196237,0.034427
[MO866] Iteration,1,323,1592227589.196559,0.034429
[MO866] Iteration,0,324,1592227589.229712,0.034284
[MO866] Iteration,3,324,1592227589.230073,0.034265
[MO866] Iteration,2,324,1592227589.230513,0.034261
[MO866] Iteration,1,324,1592227589.230827,0.034251
[MO866] Iteration,0,325,1592227589.264173,0.034411
[MO866] Iteration,3,325,1592227589.264546,0.034437
[MO866] Iteration,2,325,1592227589.264966,0.034438
[MO866] Iteration,1,325,1592227589.265260,0.034415
[MO866] Iteration,0,326,1592227589.298429,0.034209
[MO866] Iteration,3,326,1592227589.298814,0.034234
[MO866] Iteration,2,326,1592227589.299277,0.034295
[MO866] Iteration,1,326,1592227589.299586,0.034308
[MO866] Iteration,0,327,1592227589.332757,0.034278
[MO866] Iteration,3,327,1592227589.333116,0.034266
[MO866] Iteration,2,327,1592227589.333543,0.034250
[MO866] Iteration,1,327,1592227589.333837,0.034234
[MO866] Iteration,0,328,1592227589.367203,0.034403
[MO866] Iteration,3,328,1592227589.367621,0.034470
[MO866] Iteration,2,328,1592227589.368018,0.034459
[MO866] Iteration,1,328,1592227589.368318,0.034464
[MO866] Iteration,0,329,1592227589.401560,0.034306
[MO866] Iteration,3,329,1592227589.401920,0.034268
[MO866] Iteration,2,329,1592227589.402328,0.034296
[MO866] Iteration,1,329,1592227589.402638,0.034303
[MO866] Iteration,0,330,1592227589.435973,0.034363
[MO866] Iteration,3,330,1592227589.436343,0.034387
[MO866] Iteration,2,330,1592227589.436797,0.034452
[MO866] Iteration,1,330,1592227589.437103,0.034447
[MO866] Iteration,0,331,1592227589.470190,0.034173
[MO866] Iteration,3,331,1592227589.470574,0.034198
[MO866] Iteration,2,331,1592227589.471197,0.034385
[MO866] Iteration,1,331,1592227589.471546,0.034425
[MO866] Iteration,0,332,1592227589.504725,0.034488
[MO866] Iteration,3,332,1592227589.505112,0.034501
[MO866] Iteration,2,332,1592227589.505558,0.034343
[MO866] Iteration,1,332,1592227589.505861,0.034296
[MO866] Iteration,0,333,1592227589.539193,0.034420
[MO866] Iteration,3,333,1592227589.539588,0.034441
[MO866] Iteration,2,333,1592227589.540014,0.034440
[MO866] Iteration,1,333,1592227589.540327,0.034447
[MO866] Iteration,0,334,1592227589.573493,0.034251
[MO866] Iteration,3,334,1592227589.573860,0.034238
[MO866] Iteration,2,334,1592227589.574298,0.034268
[MO866] Iteration,1,334,1592227589.574610,0.034266
[MO866] Iteration,0,335,1592227589.607913,0.034372
[MO866] Iteration,3,335,1592227589.608260,0.034365
[MO866] Iteration,2,335,1592227589.608719,0.034406
[MO866] Iteration,1,335,1592227589.609001,0.034373
[MO866] Iteration,0,336,1592227589.642194,0.034239
[MO866] Iteration,3,336,1592227589.642579,0.034288
[MO866] Iteration,2,336,1592227589.643015,0.034281
[MO866] Iteration,1,336,1592227589.643324,0.034306
[MO866] Iteration,0,337,1592227589.676591,0.034344
[MO866] Iteration,3,337,1592227589.676979,0.034363
[MO866] Iteration,2,337,1592227589.677420,0.034389
[MO866] Iteration,1,337,1592227589.677737,0.034395
[MO866] Iteration,3,338,1592227589.712936,0.035923
[MO866] Iteration,1,338,1592227589.713688,0.035932
[MO866] Iteration,0,338,1592227589.714519,0.037881
[MO866] Iteration,2,338,1592227589.715213,0.037777
[MO866] Iteration,0,339,1592227589.749136,0.034581
 Time step  340
[MO866] Iteration,3,339,1592227589.749500,0.036518
[MO866] Iteration,2,339,1592227589.749925,0.034690
[MO866] Iteration,1,339,1592227589.750225,0.036518
[MO866] Iteration,0,340,1592227589.783528,0.034343
[MO866] Iteration,3,340,1592227589.783916,0.034380
[MO866] Iteration,2,340,1592227589.784340,0.034399
[MO866] Iteration,1,340,1592227589.784650,0.034406
[MO866] Iteration,0,341,1592227589.817993,0.034417
[MO866] Iteration,3,341,1592227589.818357,0.034409
[MO866] Iteration,2,341,1592227589.818781,0.034426
[MO866] Iteration,1,341,1592227589.819087,0.034419
[MO866] Iteration,0,342,1592227589.852357,0.034314
[MO866] Iteration,3,342,1592227589.852740,0.034347
[MO866] Iteration,2,342,1592227589.853172,0.034374
[MO866] Iteration,1,342,1592227589.853473,0.034367
[MO866] Iteration,0,343,1592227589.886700,0.034300
[MO866] Iteration,3,343,1592227589.887051,0.034278
[MO866] Iteration,2,343,1592227589.887468,0.034280
[MO866] Iteration,1,343,1592227589.887794,0.034303
[MO866] Iteration,0,344,1592227589.921022,0.034272
[MO866] Iteration,3,344,1592227589.921398,0.034311
[MO866] Iteration,2,344,1592227589.921821,0.034328
[MO866] Iteration,1,344,1592227589.922117,0.034307
[MO866] Iteration,0,345,1592227589.955381,0.034311
[MO866] Iteration,3,345,1592227589.955775,0.034341
[MO866] Iteration,2,345,1592227589.956185,0.034348
[MO866] Iteration,1,345,1592227589.956488,0.034354
[MO866] Iteration,0,346,1592227589.989641,0.034208
[MO866] Iteration,3,346,1592227589.990001,0.034193
[MO866] Iteration,2,346,1592227589.990442,0.034243
[MO866] Iteration,1,346,1592227589.990752,0.034247
[MO866] Iteration,0,347,1592227590.024076,0.034381
[MO866] Iteration,3,347,1592227590.024454,0.034417
[MO866] Iteration,2,347,1592227590.024886,0.034428
[MO866] Iteration,1,347,1592227590.025199,0.034429
[MO866] Iteration,0,348,1592227590.058509,0.034387
[MO866] Iteration,3,348,1592227590.058893,0.034407
[MO866] Iteration,2,348,1592227590.059292,0.034391
[MO866] Iteration,1,348,1592227590.059628,0.034412
[MO866] Iteration,0,349,1592227590.092816,0.034255
[MO866] Iteration,3,349,1592227590.093175,0.034246
[MO866] Iteration,2,349,1592227590.093636,0.034329
[MO866] Iteration,1,349,1592227590.093937,0.034288
[MO866] Iteration,0,350,1592227590.127225,0.034360
[MO866] Iteration,3,350,1592227590.127625,0.034415
[MO866] Iteration,2,350,1592227590.128052,0.034400
[MO866] Iteration,1,350,1592227590.128357,0.034398
[MO866] Iteration,0,351,1592227590.161587,0.034311
[MO866] Iteration,3,351,1592227590.161957,0.034300
[MO866] Iteration,2,351,1592227590.162383,0.034316
[MO866] Iteration,1,351,1592227590.162683,0.034308
[MO866] Iteration,0,352,1592227590.195955,0.034317
[MO866] Iteration,3,352,1592227590.196310,0.034316
[MO866] Iteration,2,352,1592227590.196749,0.034350
[MO866] Iteration,1,352,1592227590.197044,0.034343
[MO866] Iteration,0,353,1592227590.230207,0.034207
[MO866] Iteration,3,353,1592227590.230565,0.034222
[MO866] Iteration,2,353,1592227590.231027,0.034261
[MO866] Iteration,1,353,1592227590.231335,0.034274
[MO866] Iteration,0,354,1592227590.264635,0.034376
[MO866] Iteration,3,354,1592227590.265008,0.034408
[MO866] Iteration,2,354,1592227590.265383,0.034339
[MO866] Iteration,1,354,1592227590.265686,0.034334
[MO866] Iteration,0,355,1592227590.299006,0.034325
[MO866] Iteration,3,355,1592227590.299361,0.034319
[MO866] Iteration,2,355,1592227590.299786,0.034387
[MO866] Iteration,1,355,1592227590.300085,0.034381
[MO866] Iteration,0,356,1592227590.333300,0.034243
[MO866] Iteration,3,356,1592227590.333679,0.034282
[MO866] Iteration,2,356,1592227590.334121,0.034319
[MO866] Iteration,1,356,1592227590.334430,0.034328
[MO866] Iteration,0,357,1592227590.367736,0.034385
[MO866] Iteration,3,357,1592227590.368118,0.034403
[MO866] Iteration,2,357,1592227590.368556,0.034420
[MO866] Iteration,1,357,1592227590.368865,0.034417
[MO866] Iteration,0,358,1592227590.402003,0.034217
[MO866] Iteration,3,358,1592227590.402385,0.034235
[MO866] Iteration,2,358,1592227590.402806,0.034235
[MO866] Iteration,1,358,1592227590.403109,0.034226
[MO866] Iteration,0,359,1592227590.436411,0.034360
 Time step  360
[MO866] Iteration,3,359,1592227590.436792,0.034372
[MO866] Iteration,2,359,1592227590.437193,0.034372
[MO866] Iteration,1,359,1592227590.437502,0.034375
[MO866] Iteration,0,360,1592227590.470705,0.034247
[MO866] Iteration,3,360,1592227590.471067,0.034241
[MO866] Iteration,2,360,1592227590.471517,0.034309
[MO866] Iteration,1,360,1592227590.471822,0.034302
[MO866] Iteration,0,361,1592227590.505037,0.034282
[MO866] Iteration,3,361,1592227590.505398,0.034294
[MO866] Iteration,2,361,1592227590.505826,0.034296
[MO866] Iteration,1,361,1592227590.506127,0.034288
[MO866] Iteration,0,362,1592227590.539426,0.034339
[MO866] Iteration,3,362,1592227590.539818,0.034385
[MO866] Iteration,2,362,1592227590.540242,0.034399
[MO866] Iteration,1,362,1592227590.540546,0.034400
[MO866] Iteration,0,363,1592227590.573712,0.034233
[MO866] Iteration,3,363,1592227590.574083,0.034232
[MO866] Iteration,2,363,1592227590.574512,0.034255
[MO866] Iteration,1,363,1592227590.574814,0.034251
[MO866] Iteration,0,364,1592227590.608113,0.034352
[MO866] Iteration,3,364,1592227590.608470,0.034350
[MO866] Iteration,2,364,1592227590.608906,0.034379
[MO866] Iteration,1,364,1592227590.609215,0.034383
[MO866] Iteration,0,365,1592227590.642428,0.034270
[MO866] Iteration,3,365,1592227590.642795,0.034292
[MO866] Iteration,2,365,1592227590.643252,0.034330
[MO866] Iteration,1,365,1592227590.643573,0.034341
[MO866] Iteration,0,366,1592227590.676807,0.034327
[MO866] Iteration,3,366,1592227590.677240,0.034410
[MO866] Iteration,2,366,1592227590.677797,0.034529
[MO866] Iteration,1,366,1592227590.678113,0.034523
[MO866] Iteration,0,367,1592227590.711405,0.034555
[MO866] Iteration,3,367,1592227590.711819,0.034543
[MO866] Iteration,2,367,1592227590.712244,0.034430
[MO866] Iteration,1,367,1592227590.712547,0.034415
[MO866] Iteration,0,368,1592227590.745700,0.034244
[MO866] Iteration,3,368,1592227590.746078,0.034229
[MO866] Iteration,2,368,1592227590.746516,0.034257
[MO866] Iteration,1,368,1592227590.746824,0.034260
[MO866] Iteration,0,369,1592227590.780195,0.034442
[MO866] Iteration,3,369,1592227590.780547,0.034433
[MO866] Iteration,2,369,1592227590.780994,0.034462
[MO866] Iteration,1,369,1592227590.781299,0.034457
[MO866] Iteration,0,370,1592227590.814520,0.034280
[MO866] Iteration,3,370,1592227590.814882,0.034303
[MO866] Iteration,2,370,1592227590.815323,0.034313
[MO866] Iteration,1,370,1592227590.815643,0.034328
[MO866] Iteration,0,371,1592227590.848894,0.034325
[MO866] Iteration,3,371,1592227590.849263,0.034344
[MO866] Iteration,2,371,1592227590.849693,0.034353
[MO866] Iteration,1,371,1592227590.850003,0.034343
[MO866] Iteration,0,372,1592227590.883304,0.034362
[MO866] Iteration,3,372,1592227590.883705,0.034407
[MO866] Iteration,2,372,1592227590.884138,0.034428
[MO866] Iteration,1,372,1592227590.884445,0.034424
[MO866] Iteration,0,373,1592227590.917625,0.034276
[MO866] Iteration,3,373,1592227590.918000,0.034261
[MO866] Iteration,2,373,1592227590.918433,0.034280
[MO866] Iteration,1,373,1592227590.918749,0.034287
[MO866] Iteration,0,374,1592227590.952146,0.034471
[MO866] Iteration,3,374,1592227590.952516,0.034481
[MO866] Iteration,2,374,1592227590.952955,0.034506
[MO866] Iteration,1,374,1592227590.953260,0.034494
[MO866] Iteration,0,375,1592227590.986405,0.034217
[MO866] Iteration,3,375,1592227590.986787,0.034238
[MO866] Iteration,2,375,1592227590.987264,0.034294
[MO866] Iteration,1,375,1592227590.987597,0.034320
[MO866] Iteration,0,376,1592227591.020907,0.034453
[MO866] Iteration,3,376,1592227591.021264,0.034441
[MO866] Iteration,2,376,1592227591.021723,0.034443
[MO866] Iteration,1,376,1592227591.022031,0.034416
[MO866] Iteration,0,377,1592227591.055292,0.034335
[MO866] Iteration,3,377,1592227591.055711,0.034413
[MO866] Iteration,2,377,1592227591.056106,0.034367
[MO866] Iteration,1,377,1592227591.056410,0.034360
[MO866] Iteration,0,378,1592227591.089612,0.034272
[MO866] Iteration,3,378,1592227591.089992,0.034250
[MO866] Iteration,2,378,1592227591.090435,0.034314
[MO866] Iteration,1,378,1592227591.090739,0.034311
[MO866] Iteration,0,379,1592227591.123961,0.034298
 Time step  380
[MO866] Iteration,3,379,1592227591.124334,0.034306
[MO866] Iteration,2,379,1592227591.124760,0.034310
[MO866] Iteration,1,379,1592227591.125064,0.034307
[MO866] Iteration,0,380,1592227591.158190,0.034185
[MO866] Iteration,3,380,1592227591.158582,0.034216
[MO866] Iteration,2,380,1592227591.159056,0.034279
[MO866] Iteration,1,380,1592227591.159364,0.034283
[MO866] Iteration,0,381,1592227591.192615,0.034375
[MO866] Iteration,3,381,1592227591.193001,0.034384
[MO866] Iteration,2,381,1592227591.193392,0.034321
[MO866] Iteration,1,381,1592227591.193694,0.034312
[MO866] Iteration,0,382,1592227591.227021,0.034360
[MO866] Iteration,3,382,1592227591.227373,0.034339
[MO866] Iteration,2,382,1592227591.227792,0.034384
[MO866] Iteration,1,382,1592227591.228095,0.034383
[MO866] Iteration,0,383,1592227591.261396,0.034328
[MO866] Iteration,3,383,1592227591.261760,0.034351
[MO866] Iteration,2,383,1592227591.262168,0.034361
[MO866] Iteration,1,383,1592227591.262477,0.034365
[MO866] Iteration,0,384,1592227591.295797,0.034353
[MO866] Iteration,3,384,1592227591.296164,0.034368
[MO866] Iteration,2,384,1592227591.296601,0.034417
[MO866] Iteration,1,384,1592227591.296898,0.034403
[MO866] Iteration,0,385,1592227591.330080,0.034238
[MO866] Iteration,3,385,1592227591.330455,0.034258
[MO866] Iteration,2,385,1592227591.330926,0.034310
[MO866] Iteration,1,385,1592227591.331231,0.034315
[MO866] Iteration,0,386,1592227591.364530,0.034400
[MO866] Iteration,3,386,1592227591.364900,0.034410
[MO866] Iteration,2,386,1592227591.365338,0.034396
[MO866] Iteration,1,386,1592227591.365644,0.034395
[MO866] Iteration,0,387,1592227591.398893,0.034316
[MO866] Iteration,3,387,1592227591.399273,0.034341
[MO866] Iteration,2,387,1592227591.399743,0.034390
[MO866] Iteration,1,387,1592227591.400033,0.034372
[MO866] Iteration,0,388,1592227591.433271,0.034328
[MO866] Iteration,3,388,1592227591.433630,0.034321
[MO866] Iteration,2,388,1592227591.434075,0.034317
[MO866] Iteration,1,388,1592227591.434381,0.034331
[MO866] Iteration,0,389,1592227591.467710,0.034391
[MO866] Iteration,3,389,1592227591.468077,0.034410
[MO866] Iteration,2,389,1592227591.468541,0.034448
[MO866] Iteration,1,389,1592227591.468846,0.034447
[MO866] Iteration,0,390,1592227591.502058,0.034301
[MO866] Iteration,3,390,1592227591.502432,0.034323
[MO866] Iteration,2,390,1592227591.502876,0.034320
[MO866] Iteration,1,390,1592227591.503182,0.034318
[MO866] Iteration,0,391,1592227591.536517,0.034407
[MO866] Iteration,3,391,1592227591.536889,0.034421
[MO866] Iteration,2,391,1592227591.537331,0.034438
[MO866] Iteration,1,391,1592227591.537636,0.034434
[MO866] Iteration,0,392,1592227591.570885,0.034321
[MO866] Iteration,3,392,1592227591.571252,0.034331
[MO866] Iteration,2,392,1592227591.571730,0.034383
[MO866] Iteration,1,392,1592227591.572033,0.034378
[MO866] Iteration,0,393,1592227591.605242,0.034306
[MO866] Iteration,3,393,1592227591.605594,0.034306
[MO866] Iteration,2,393,1592227591.606038,0.034294
[MO866] Iteration,1,393,1592227591.606336,0.034286
[MO866] Iteration,0,394,1592227591.639604,0.034313
[MO866] Iteration,3,394,1592227591.639986,0.034356
[MO866] Iteration,2,394,1592227591.640422,0.034368
[MO866] Iteration,1,394,1592227591.640728,0.034375
[MO866] Iteration,0,395,1592227591.673922,0.034270
[MO866] Iteration,3,395,1592227591.674296,0.034278
[MO866] Iteration,2,395,1592227591.674719,0.034281
[MO866] Iteration,1,395,1592227591.675025,0.034279
[MO866] Iteration,0,396,1592227591.708365,0.034396
[MO866] Iteration,3,396,1592227591.708732,0.034399
[MO866] Iteration,2,396,1592227591.709161,0.034427
[MO866] Iteration,1,396,1592227591.709468,0.034424
[MO866] Iteration,0,397,1592227591.742592,0.034182
[MO866] Iteration,3,397,1592227591.742965,0.034199
[MO866] Iteration,2,397,1592227591.743401,0.034224
[MO866] Iteration,1,397,1592227591.743722,0.034237
[MO866] Iteration,0,398,1592227591.777000,0.034359
[MO866] Iteration,3,398,1592227591.777374,0.034373
[MO866] Iteration,2,398,1592227591.777803,0.034386
[MO866] Iteration,1,398,1592227591.778100,0.034361
[MO866] Iteration,0,399,1592227591.811391,0.034343
 Time step  400
[MO866] Iteration,3,399,1592227591.811793,0.034385
[MO866] Iteration,2,399,1592227591.812213,0.034394
[MO866] Iteration,1,399,1592227591.812523,0.034405
[MO866] Iteration,0,400,1592227591.845745,0.034307
[MO866] Iteration,3,400,1592227591.846087,0.034262
[MO866] Iteration,2,400,1592227591.846476,0.034247
[MO866] Iteration,1,400,1592227591.846766,0.034226
 Verification being performed for class A
 accuracy setting for epsilon =  0.1000000000000E-07
 Comparison of RMS-norms of residual
           1 0.2479982239930E+01 0.2479982239930E+01 0.7306036095804E-13
           2 0.1127633796437E+01 0.1127633796437E+01 0.7935552842380E-13
           3 0.1502897788877E+01 0.1502897788877E+01 0.4136840831036E-13
           4 0.1421781621170E+01 0.1421781621170E+01 0.4029276171367E-13
           5 0.2129211303514E+01 0.2129211303514E+01 0.1126277006530E-12
 Comparison of RMS-norms of solution error
           1 0.1090014029782E-03 0.1090014029782E-03 0.3983645698278E-12
           2 0.3734395176929E-04 0.3734395176928E-04 0.1014335966243E-12
           3 0.5009278540654E-04 0.5009278540654E-04 0.6357889376342E-14
           4 0.4767109393954E-04 0.4767109393953E-04 0.1975831808143E-12
           5 0.1362161339921E-03 0.1362161339921E-03 0.6944598762055E-13
 Verification Successful


 SP Benchmark Completed.
 Class           =                        A
 Size            =             64x  64x  64
 Iterations      =                      400
 Time in seconds =                    13.78
 Total processes =                        8
 Active procs    =                        4
 Mop/s total     =                  6169.21
 Mop/s/process   =                   771.15
 Operation type  =           floating point
 Verification    =               SUCCESSFUL
 Version         =                      3.4
 Compile date    =              15 Jun 2020

 Compile options:
    MPIFC        = mpif90
    FLINK        = $(MPIFC)
    FMPI_LIB     = (none)
    FMPI_INC     = (none)
    FFLAGS       = -O3
    FLINKFLAGS   = $(FFLAGS) -O ../kernel_stats/kernel_stats.o...
    RAND         = (none)


 Please send feedbacks and/or the results of this run to:

 NPB Development Team 
 Internet: npb@nas.nasa.gov


