--------------------------------------------------------------------------
[[59644,1],1]: A high-performance Open MPI point-to-point messaging module
was unable to find any relevant network interfaces:

Module: OpenFabrics (openib)
  Host: node06

Another transport will be used instead, although this may result in
lower performance.

NOTE: You can disable this warning by setting the MCA parameter
btl_base_warn_component_unused to 0.
--------------------------------------------------------------------------


 NAS Parallel Benchmarks 3.4 -- SP Benchmark

 No input file inputsp.data. Using compiled defaults
 Size:   64x  64x  64  (class A)
 Iterations:  400    dt:   0.0015000
 Total number of processes:     4

[MO866] Init time,1,1592227563.951166
[MO866] Init time,2,1592227563.951154
[MO866] Init time,3,1592227563.951166
[MO866] Init time,0,1592227563.951154
 Time step    1
[MO866] Iteration,0,1,1592227563.986717,0.035528
[MO866] Iteration,3,1,1592227563.987168,0.035942
[MO866] Iteration,2,1,1592227563.987613,0.036424
[MO866] Iteration,1,1,1592227563.987959,0.036733
[MO866] Iteration,0,2,1592227564.023651,0.036879
[MO866] Iteration,3,2,1592227564.023978,0.036770
[MO866] Iteration,2,2,1592227564.024491,0.036855
[MO866] Iteration,1,2,1592227564.024939,0.036961
[MO866] Iteration,0,3,1592227564.060519,0.036818
[MO866] Iteration,3,3,1592227564.060948,0.036911
[MO866] Iteration,2,3,1592227564.061374,0.036867
[MO866] Iteration,1,3,1592227564.061715,0.036756
[MO866] Iteration,0,4,1592227564.097266,0.036687
[MO866] Iteration,3,4,1592227564.097705,0.036719
[MO866] Iteration,2,4,1592227564.098144,0.036752
[MO866] Iteration,1,4,1592227564.098501,0.036765
[MO866] Iteration,0,5,1592227564.134016,0.036697
[MO866] Iteration,3,5,1592227564.134429,0.036686
[MO866] Iteration,2,5,1592227564.134888,0.036713
[MO866] Iteration,1,5,1592227564.135248,0.036727
[MO866] Iteration,0,6,1592227564.170585,0.036515
[MO866] Iteration,3,6,1592227564.171019,0.036553
[MO866] Iteration,2,6,1592227564.171517,0.036613
[MO866] Iteration,1,6,1592227564.171869,0.036601
[MO866] Iteration,0,7,1592227564.205107,0.034465
[MO866] Iteration,3,7,1592227564.205462,0.034395
[MO866] Iteration,2,7,1592227564.205962,0.034430
[MO866] Iteration,1,7,1592227564.206274,0.034387
[MO866] Iteration,0,8,1592227564.239162,0.033999
[MO866] Iteration,3,8,1592227564.239581,0.034083
[MO866] Iteration,2,8,1592227564.240084,0.034105
[MO866] Iteration,1,8,1592227564.240387,0.034094
[MO866] Iteration,0,9,1592227564.273245,0.034029
[MO866] Iteration,3,9,1592227564.273606,0.033992
[MO866] Iteration,2,9,1592227564.274128,0.034027
[MO866] Iteration,1,9,1592227564.274439,0.034034
[MO866] Iteration,0,10,1592227564.307341,0.034039
[MO866] Iteration,3,10,1592227564.307749,0.034106
[MO866] Iteration,2,10,1592227564.308259,0.034113
[MO866] Iteration,1,10,1592227564.308555,0.034097
[MO866] Iteration,0,11,1592227564.341390,0.033991
[MO866] Iteration,3,11,1592227564.341758,0.033976
[MO866] Iteration,2,11,1592227564.342264,0.033989
[MO866] Iteration,1,11,1592227564.342564,0.033990
[MO866] Iteration,0,12,1592227564.375538,0.034093
[MO866] Iteration,3,12,1592227564.375919,0.034125
[MO866] Iteration,2,12,1592227564.376433,0.034151
[MO866] Iteration,1,12,1592227564.376727,0.034144
[MO866] Iteration,0,13,1592227564.409533,0.033941
[MO866] Iteration,3,13,1592227564.409900,0.033948
[MO866] Iteration,2,13,1592227564.410418,0.033968
[MO866] Iteration,1,13,1592227564.410739,0.033994
[MO866] Iteration,0,14,1592227564.443680,0.034093
[MO866] Iteration,3,14,1592227564.444051,0.034114
[MO866] Iteration,2,14,1592227564.444585,0.034150
[MO866] Iteration,1,14,1592227564.444886,0.034129
[MO866] Iteration,0,15,1592227564.477719,0.033987
[MO866] Iteration,3,15,1592227564.478092,0.034007
[MO866] Iteration,2,15,1592227564.478587,0.033987
[MO866] Iteration,1,15,1592227564.478886,0.033982
[MO866] Iteration,0,16,1592227564.511856,0.034083
[MO866] Iteration,3,16,1592227564.512226,0.034098
[MO866] Iteration,2,16,1592227564.512772,0.034168
[MO866] Iteration,1,16,1592227564.513082,0.034178
[MO866] Iteration,0,17,1592227564.545941,0.034034
[MO866] Iteration,3,17,1592227564.546309,0.034049
[MO866] Iteration,2,17,1592227564.546832,0.034043
[MO866] Iteration,1,17,1592227564.547131,0.034031
[MO866] Iteration,0,18,1592227564.579998,0.034003
[MO866] Iteration,3,18,1592227564.580355,0.034009
[MO866] Iteration,2,18,1592227564.580888,0.034040
[MO866] Iteration,1,18,1592227564.581187,0.034037
[MO866] Iteration,0,19,1592227564.614057,0.034009
 Time step   20
[MO866] Iteration,3,19,1592227564.614444,0.034055
[MO866] Iteration,2,19,1592227564.614985,0.034080
[MO866] Iteration,1,19,1592227564.615288,0.034083
[MO866] Iteration,0,20,1592227564.648889,0.034774
[MO866] Iteration,3,20,1592227564.649285,0.034804
[MO866] Iteration,2,20,1592227564.649788,0.034786
[MO866] Iteration,1,20,1592227564.650100,0.034793
[MO866] Iteration,0,21,1592227564.683268,0.034328
[MO866] Iteration,3,21,1592227564.683657,0.034336
[MO866] Iteration,2,21,1592227564.684135,0.034330
[MO866] Iteration,1,21,1592227564.684444,0.034324
[MO866] Iteration,0,22,1592227564.717306,0.033986
[MO866] Iteration,3,22,1592227564.717688,0.033998
[MO866] Iteration,2,22,1592227564.718196,0.034044
[MO866] Iteration,1,22,1592227564.718495,0.034033
[MO866] Iteration,0,23,1592227564.751403,0.034040
[MO866] Iteration,3,23,1592227564.751860,0.034137
[MO866] Iteration,2,23,1592227564.752379,0.034166
[MO866] Iteration,1,23,1592227564.752683,0.034169
[MO866] Iteration,0,24,1592227564.785516,0.034060
[MO866] Iteration,3,24,1592227564.785919,0.034027
[MO866] Iteration,2,24,1592227564.786474,0.034077
[MO866] Iteration,1,24,1592227564.786784,0.034082
[MO866] Iteration,0,25,1592227564.819901,0.034331
[MO866] Iteration,3,25,1592227564.820262,0.034306
[MO866] Iteration,2,25,1592227564.820790,0.034298
[MO866] Iteration,1,25,1592227564.821090,0.034287
[MO866] Iteration,0,26,1592227564.859516,0.039567
[MO866] Iteration,2,26,1592227564.860093,0.039287
[MO866] Iteration,1,26,1592227564.860385,0.039277
[MO866] Iteration,3,26,1592227564.860806,0.040509
[MO866] Iteration,0,27,1592227564.894634,0.035072
[MO866] Iteration,3,27,1592227564.895024,0.034184
[MO866] Iteration,2,27,1592227564.895586,0.035466
[MO866] Iteration,1,27,1592227564.895872,0.035438
[MO866] Iteration,0,28,1592227564.928724,0.034036
[MO866] Iteration,3,28,1592227564.929108,0.034047
[MO866] Iteration,2,28,1592227564.929611,0.034008
[MO866] Iteration,1,28,1592227564.929914,0.034024
[MO866] Iteration,0,29,1592227564.962762,0.033983
[MO866] Iteration,3,29,1592227564.963139,0.033994
[MO866] Iteration,2,29,1592227564.963685,0.034057
[MO866] Iteration,1,29,1592227564.963983,0.034050
[MO866] Iteration,0,30,1592227564.996808,0.033991
[MO866] Iteration,3,30,1592227564.997181,0.034004
[MO866] Iteration,2,30,1592227564.997709,0.034007
[MO866] Iteration,1,30,1592227564.998008,0.034008
[MO866] Iteration,0,31,1592227565.030878,0.034019
[MO866] Iteration,3,31,1592227565.031255,0.034039
[MO866] Iteration,2,31,1592227565.031799,0.034074
[MO866] Iteration,1,31,1592227565.032098,0.034072
[MO866] Iteration,0,32,1592227565.064974,0.034041
[MO866] Iteration,3,32,1592227565.065341,0.034048
[MO866] Iteration,2,32,1592227565.065834,0.034019
[MO866] Iteration,1,32,1592227565.066137,0.034021
[MO866] Iteration,0,33,1592227565.099011,0.033988
[MO866] Iteration,3,33,1592227565.099379,0.034002
[MO866] Iteration,2,33,1592227565.099910,0.034060
[MO866] Iteration,1,33,1592227565.100205,0.034048
[MO866] Iteration,0,34,1592227565.133090,0.034028
[MO866] Iteration,3,34,1592227565.133459,0.034043
[MO866] Iteration,2,34,1592227565.133999,0.034073
[MO866] Iteration,1,34,1592227565.134291,0.034068
[MO866] Iteration,0,35,1592227565.167171,0.034027
[MO866] Iteration,3,35,1592227565.167567,0.034071
[MO866] Iteration,2,35,1592227565.168076,0.034060
[MO866] Iteration,1,35,1592227565.168378,0.034068
[MO866] Iteration,0,36,1592227565.201200,0.033972
[MO866] Iteration,3,36,1592227565.201601,0.034002
[MO866] Iteration,2,36,1592227565.202120,0.034028
[MO866] Iteration,1,36,1592227565.202424,0.034029
[MO866] Iteration,0,37,1592227565.235337,0.034083
[MO866] Iteration,3,37,1592227565.235755,0.034117
[MO866] Iteration,2,37,1592227565.236251,0.034114
[MO866] Iteration,1,37,1592227565.236569,0.034127
[MO866] Iteration,0,38,1592227565.269414,0.034022
[MO866] Iteration,3,38,1592227565.269795,0.034008
[MO866] Iteration,2,38,1592227565.270291,0.034023
[MO866] Iteration,1,38,1592227565.270589,0.034002
[MO866] Iteration,0,39,1592227565.303473,0.034003
 Time step   40
[MO866] Iteration,3,39,1592227565.303914,0.034083
[MO866] Iteration,2,39,1592227565.304432,0.034124
[MO866] Iteration,1,39,1592227565.304740,0.034132
[MO866] Iteration,0,40,1592227565.337485,0.033933
[MO866] Iteration,3,40,1592227565.337871,0.033924
[MO866] Iteration,2,40,1592227565.338390,0.033941
[MO866] Iteration,1,40,1592227565.338683,0.033925
[MO866] Iteration,0,41,1592227565.371610,0.034070
[MO866] Iteration,3,41,1592227565.371983,0.034077
[MO866] Iteration,2,41,1592227565.372527,0.034119
[MO866] Iteration,1,41,1592227565.372841,0.034139
[MO866] Iteration,0,42,1592227565.405726,0.034066
[MO866] Iteration,3,42,1592227565.406102,0.034086
[MO866] Iteration,2,42,1592227565.406586,0.034043
[MO866] Iteration,1,42,1592227565.406886,0.034027
[MO866] Iteration,0,43,1592227565.439761,0.033984
[MO866] Iteration,3,43,1592227565.440150,0.034012
[MO866] Iteration,2,43,1592227565.440720,0.034117
[MO866] Iteration,1,43,1592227565.441014,0.034108
[MO866] Iteration,0,44,1592227565.473823,0.034010
[MO866] Iteration,3,44,1592227565.474210,0.034026
[MO866] Iteration,2,44,1592227565.474748,0.034011
[MO866] Iteration,1,44,1592227565.475059,0.034025
[MO866] Iteration,0,45,1592227565.508006,0.034128
[MO866] Iteration,3,45,1592227565.508369,0.034123
[MO866] Iteration,2,45,1592227565.508885,0.034119
[MO866] Iteration,1,45,1592227565.509181,0.034102
[MO866] Iteration,0,46,1592227565.542018,0.033962
[MO866] Iteration,3,46,1592227565.542405,0.034002
[MO866] Iteration,2,46,1592227565.542934,0.034033
[MO866] Iteration,1,46,1592227565.543243,0.034043
[MO866] Iteration,0,47,1592227565.576158,0.034084
[MO866] Iteration,3,47,1592227565.576536,0.034095
[MO866] Iteration,2,47,1592227565.577050,0.034099
[MO866] Iteration,1,47,1592227565.577349,0.034087
[MO866] Iteration,0,48,1592227565.610193,0.033983
[MO866] Iteration,3,48,1592227565.610576,0.034006
[MO866] Iteration,2,48,1592227565.611088,0.034021
[MO866] Iteration,1,48,1592227565.611389,0.034022
[MO866] Iteration,0,49,1592227565.644278,0.034029
[MO866] Iteration,3,49,1592227565.644662,0.034050
[MO866] Iteration,2,49,1592227565.645246,0.034141
[MO866] Iteration,1,49,1592227565.645547,0.034140
[MO866] Iteration,0,50,1592227565.678268,0.033937
[MO866] Iteration,3,50,1592227565.678667,0.033970
[MO866] Iteration,2,50,1592227565.679238,0.033976
[MO866] Iteration,1,50,1592227565.679568,0.034001
[MO866] Iteration,0,51,1592227565.712406,0.034081
[MO866] Iteration,3,51,1592227565.712781,0.034077
[MO866] Iteration,2,51,1592227565.713320,0.034065
[MO866] Iteration,1,51,1592227565.713613,0.034028
[MO866] Iteration,0,52,1592227565.746495,0.034039
[MO866] Iteration,3,52,1592227565.746874,0.034058
[MO866] Iteration,2,52,1592227565.747407,0.034070
[MO866] Iteration,1,52,1592227565.747734,0.034102
[MO866] Iteration,0,53,1592227565.780596,0.034046
[MO866] Iteration,3,53,1592227565.780968,0.034057
[MO866] Iteration,2,53,1592227565.781447,0.034023
[MO866] Iteration,1,53,1592227565.781741,0.033989
[MO866] Iteration,0,54,1592227565.814638,0.033990
[MO866] Iteration,3,54,1592227565.815031,0.034028
[MO866] Iteration,2,54,1592227565.815575,0.034111
[MO866] Iteration,1,54,1592227565.815868,0.034108
[MO866] Iteration,0,55,1592227565.848733,0.034040
[MO866] Iteration,3,55,1592227565.849119,0.034051
[MO866] Iteration,2,55,1592227565.849611,0.034019
[MO866] Iteration,1,55,1592227565.849909,0.034024
[MO866] Iteration,0,56,1592227565.882782,0.034000
[MO866] Iteration,3,56,1592227565.883178,0.034023
[MO866] Iteration,2,56,1592227565.883738,0.034110
[MO866] Iteration,1,56,1592227565.884025,0.034098
[MO866] Iteration,0,57,1592227565.916908,0.034072
[MO866] Iteration,3,57,1592227565.917272,0.034056
[MO866] Iteration,2,57,1592227565.917774,0.034021
[MO866] Iteration,1,57,1592227565.918071,0.034028
[MO866] Iteration,0,58,1592227565.950942,0.033983
[MO866] Iteration,3,58,1592227565.951342,0.034035
[MO866] Iteration,2,58,1592227565.951866,0.034074
[MO866] Iteration,1,58,1592227565.952167,0.034077
[MO866] Iteration,0,59,1592227565.985036,0.034039
 Time step   60
[MO866] Iteration,3,59,1592227565.985405,0.034027
[MO866] Iteration,2,59,1592227565.985920,0.034038
[MO866] Iteration,1,59,1592227565.986218,0.034033
[MO866] Iteration,0,60,1592227566.019068,0.033980
[MO866] Iteration,3,60,1592227566.019458,0.034016
[MO866] Iteration,2,60,1592227566.020031,0.034094
[MO866] Iteration,1,60,1592227566.020337,0.034101
[MO866] Iteration,0,61,1592227566.053208,0.034087
[MO866] Iteration,3,61,1592227566.053580,0.034069
[MO866] Iteration,2,61,1592227566.054087,0.034041
[MO866] Iteration,1,61,1592227566.054392,0.034038
[MO866] Iteration,0,62,1592227566.087333,0.034071
[MO866] Iteration,3,62,1592227566.087750,0.034134
[MO866] Iteration,2,62,1592227566.088246,0.034142
[MO866] Iteration,1,62,1592227566.088559,0.034148
[MO866] Iteration,0,63,1592227566.121349,0.033960
[MO866] Iteration,3,63,1592227566.121734,0.033951
[MO866] Iteration,2,63,1592227566.122214,0.033952
[MO866] Iteration,1,63,1592227566.122532,0.033955
[MO866] Iteration,0,64,1592227566.155457,0.034053
[MO866] Iteration,3,64,1592227566.155857,0.034087
[MO866] Iteration,2,64,1592227566.156374,0.034144
[MO866] Iteration,1,64,1592227566.156680,0.034129
[MO866] Iteration,0,65,1592227566.189484,0.033949
[MO866] Iteration,3,65,1592227566.189871,0.033981
[MO866] Iteration,2,65,1592227566.190366,0.033976
[MO866] Iteration,1,65,1592227566.190675,0.033977
[MO866] Iteration,0,66,1592227566.223547,0.034005
[MO866] Iteration,3,66,1592227566.223947,0.034040
[MO866] Iteration,2,66,1592227566.224470,0.034087
[MO866] Iteration,1,66,1592227566.224768,0.034074
[MO866] Iteration,0,67,1592227566.257573,0.033971
[MO866] Iteration,3,67,1592227566.257964,0.033984
[MO866] Iteration,2,67,1592227566.258446,0.033959
[MO866] Iteration,1,67,1592227566.258747,0.033961
[MO866] Iteration,0,68,1592227566.291664,0.034041
[MO866] Iteration,3,68,1592227566.292054,0.034053
[MO866] Iteration,2,68,1592227566.292565,0.034103
[MO866] Iteration,1,68,1592227566.292875,0.034109
[MO866] Iteration,0,69,1592227566.325620,0.033906
[MO866] Iteration,3,69,1592227566.326012,0.033926
[MO866] Iteration,2,69,1592227566.326527,0.033946
[MO866] Iteration,1,69,1592227566.326829,0.033936
[MO866] Iteration,0,70,1592227566.359681,0.034008
[MO866] Iteration,3,70,1592227566.360079,0.034030
[MO866] Iteration,2,70,1592227566.360634,0.034090
[MO866] Iteration,1,70,1592227566.360937,0.034090
[MO866] Iteration,0,71,1592227566.393735,0.034001
[MO866] Iteration,3,71,1592227566.394115,0.034002
[MO866] Iteration,2,71,1592227566.394633,0.033982
[MO866] Iteration,1,71,1592227566.394944,0.033989
[MO866] Iteration,0,72,1592227566.427912,0.034125
[MO866] Iteration,3,72,1592227566.428292,0.034140
[MO866] Iteration,2,72,1592227566.428838,0.034189
[MO866] Iteration,1,72,1592227566.429131,0.034168
[MO866] Iteration,0,73,1592227566.461962,0.033999
[MO866] Iteration,3,73,1592227566.462339,0.034013
[MO866] Iteration,2,73,1592227566.462841,0.033987
[MO866] Iteration,1,73,1592227566.463142,0.033993
[MO866] Iteration,0,74,1592227566.496053,0.034037
[MO866] Iteration,3,74,1592227566.496437,0.034062
[MO866] Iteration,2,74,1592227566.496986,0.034128
[MO866] Iteration,1,74,1592227566.497280,0.034119
[MO866] Iteration,0,75,1592227566.530044,0.033931
[MO866] Iteration,3,75,1592227566.530448,0.033977
[MO866] Iteration,2,75,1592227566.530968,0.033965
[MO866] Iteration,1,75,1592227566.531276,0.033977
[MO866] Iteration,0,76,1592227566.564206,0.034095
[MO866] Iteration,3,76,1592227566.564558,0.034073
[MO866] Iteration,2,76,1592227566.565109,0.034125
[MO866] Iteration,1,76,1592227566.565405,0.034111
[MO866] Iteration,0,77,1592227566.598138,0.033882
[MO866] Iteration,3,77,1592227566.598537,0.033944
[MO866] Iteration,2,77,1592227566.599096,0.033971
[MO866] Iteration,1,77,1592227566.599399,0.033976
[MO866] Iteration,0,78,1592227566.632290,0.034096
[MO866] Iteration,3,78,1592227566.632646,0.034072
[MO866] Iteration,2,78,1592227566.633176,0.034063
[MO866] Iteration,1,78,1592227566.633483,0.034066
[MO866] Iteration,0,79,1592227566.666309,0.033967
 Time step   80
[MO866] Iteration,3,79,1592227566.666704,0.034025
[MO866] Iteration,2,79,1592227566.667250,0.034057
[MO866] Iteration,1,79,1592227566.667579,0.034077
[MO866] Iteration,0,80,1592227566.700459,0.034098
[MO866] Iteration,3,80,1592227566.700824,0.034083
[MO866] Iteration,2,80,1592227566.701321,0.034054
[MO866] Iteration,1,80,1592227566.701624,0.034028
[MO866] Iteration,0,81,1592227566.734400,0.033892
[MO866] Iteration,3,81,1592227566.734781,0.033923
[MO866] Iteration,2,81,1592227566.735295,0.033958
[MO866] Iteration,1,81,1592227566.735624,0.033982
[MO866] Iteration,0,82,1592227566.768452,0.033997
[MO866] Iteration,3,82,1592227566.768816,0.033996
[MO866] Iteration,2,82,1592227566.769372,0.034060
[MO866] Iteration,1,82,1592227566.769676,0.034034
[MO866] Iteration,0,83,1592227566.802531,0.034031
[MO866] Iteration,3,83,1592227566.802905,0.034054
[MO866] Iteration,2,83,1592227566.803424,0.034035
[MO866] Iteration,1,83,1592227566.803755,0.034060
[MO866] Iteration,3,84,1592227566.838081,0.035139
[MO866] Iteration,0,84,1592227566.839694,0.037109
[MO866] Iteration,2,84,1592227566.840716,0.037275
[MO866] Iteration,1,84,1592227566.841176,0.037404
[MO866] Iteration,0,85,1592227566.878027,0.038296
[MO866] Iteration,3,85,1592227566.878412,0.040286
[MO866] Iteration,2,85,1592227566.879659,0.038920
[MO866] Iteration,1,85,1592227566.879977,0.038771
[MO866] Iteration,0,86,1592227566.912789,0.034715
[MO866] Iteration,3,86,1592227566.913172,0.034707
[MO866] Iteration,2,86,1592227566.913698,0.034021
[MO866] Iteration,1,86,1592227566.914008,0.034013
[MO866] Iteration,0,87,1592227566.946911,0.034070
[MO866] Iteration,3,87,1592227566.947288,0.034080
[MO866] Iteration,2,87,1592227566.947836,0.034121
[MO866] Iteration,1,87,1592227566.948137,0.034111
[MO866] Iteration,0,88,1592227566.980999,0.034021
[MO866] Iteration,3,88,1592227566.981372,0.034047
[MO866] Iteration,2,88,1592227566.981877,0.034025
[MO866] Iteration,1,88,1592227566.982175,0.034021
[MO866] Iteration,0,89,1592227567.014996,0.033943
[MO866] Iteration,3,89,1592227567.015375,0.033967
[MO866] Iteration,2,89,1592227567.015926,0.034033
[MO866] Iteration,1,89,1592227567.016220,0.034027
[MO866] Iteration,0,90,1592227567.049056,0.034005
[MO866] Iteration,3,90,1592227567.049413,0.034001
[MO866] Iteration,2,90,1592227567.049955,0.034012
[MO866] Iteration,1,90,1592227567.050267,0.034028
[MO866] Iteration,0,91,1592227567.083196,0.034085
[MO866] Iteration,3,91,1592227567.083581,0.034132
[MO866] Iteration,2,91,1592227567.084105,0.034133
[MO866] Iteration,1,91,1592227567.084406,0.034120
[MO866] Iteration,0,92,1592227567.117249,0.033987
[MO866] Iteration,3,92,1592227567.117611,0.033996
[MO866] Iteration,2,92,1592227567.118110,0.033988
[MO866] Iteration,1,92,1592227567.118411,0.033987
[MO866] Iteration,0,93,1592227567.151276,0.033973
[MO866] Iteration,3,93,1592227567.151691,0.034044
[MO866] Iteration,2,93,1592227567.152220,0.034094
[MO866] Iteration,1,93,1592227567.152525,0.034095
[MO866] Iteration,0,94,1592227567.185352,0.034024
[MO866] Iteration,3,94,1592227567.185716,0.033993
[MO866] Iteration,2,94,1592227567.186250,0.034013
[MO866] Iteration,1,94,1592227567.186556,0.034013
[MO866] Iteration,0,95,1592227567.219593,0.034187
[MO866] Iteration,3,95,1592227567.220005,0.034253
[MO866] Iteration,2,95,1592227567.220501,0.034234
[MO866] Iteration,1,95,1592227567.220815,0.034241
[MO866] Iteration,0,96,1592227567.253750,0.034105
[MO866] Iteration,3,96,1592227567.254139,0.034101
[MO866] Iteration,2,96,1592227567.254642,0.034125
[MO866] Iteration,1,96,1592227567.254955,0.034121
[MO866] Iteration,0,97,1592227567.287873,0.034069
[MO866] Iteration,3,97,1592227567.288260,0.034085
[MO866] Iteration,2,97,1592227567.288776,0.034118
[MO866] Iteration,1,97,1592227567.289074,0.034100
[MO866] Iteration,0,98,1592227567.321913,0.033989
[MO866] Iteration,3,98,1592227567.322318,0.034026
[MO866] Iteration,2,98,1592227567.322806,0.034013
[MO866] Iteration,1,98,1592227567.323095,0.034002
[MO866] Iteration,0,99,1592227567.355968,0.034001
 Time step  100
[MO866] Iteration,3,99,1592227567.356335,0.033980
[MO866] Iteration,2,99,1592227567.356872,0.034049
[MO866] Iteration,1,99,1592227567.357169,0.034054
[MO866] Iteration,0,100,1592227567.389977,0.033960
[MO866] Iteration,3,100,1592227567.390364,0.033995
[MO866] Iteration,2,100,1592227567.390902,0.034013
[MO866] Iteration,1,100,1592227567.391202,0.034015
[MO866] Iteration,0,101,1592227567.424022,0.033977
[MO866] Iteration,3,101,1592227567.424408,0.034007
[MO866] Iteration,2,101,1592227567.424949,0.034030
[MO866] Iteration,1,101,1592227567.425245,0.034025
[MO866] Iteration,0,102,1592227567.458070,0.033986
[MO866] Iteration,3,102,1592227567.458457,0.034015
[MO866] Iteration,2,102,1592227567.458965,0.034000
[MO866] Iteration,1,102,1592227567.459263,0.034000
[MO866] Iteration,0,103,1592227567.492138,0.034011
[MO866] Iteration,3,103,1592227567.492519,0.034026
[MO866] Iteration,2,103,1592227567.493067,0.034084
[MO866] Iteration,1,103,1592227567.493342,0.034059
[MO866] Iteration,0,104,1592227567.526136,0.033950
[MO866] Iteration,3,104,1592227567.526529,0.033975
[MO866] Iteration,2,104,1592227567.527037,0.033953
[MO866] Iteration,1,104,1592227567.527353,0.033993
[MO866] Iteration,0,105,1592227567.560281,0.034077
[MO866] Iteration,3,105,1592227567.560622,0.034056
[MO866] Iteration,2,105,1592227567.561181,0.034128
[MO866] Iteration,1,105,1592227567.561456,0.034085
[MO866] Iteration,0,106,1592227567.594226,0.033896
[MO866] Iteration,3,106,1592227567.594614,0.033959
[MO866] Iteration,2,106,1592227567.595134,0.033937
[MO866] Iteration,1,106,1592227567.595440,0.033965
[MO866] Iteration,0,107,1592227567.628341,0.034063
[MO866] Iteration,3,107,1592227567.628713,0.034062
[MO866] Iteration,2,107,1592227567.629229,0.034078
[MO866] Iteration,1,107,1592227567.629538,0.034079
[MO866] Iteration,0,108,1592227567.663320,0.034929
[MO866] Iteration,3,108,1592227567.663736,0.034988
[MO866] Iteration,2,108,1592227567.664081,0.034835
[MO866] Iteration,1,108,1592227567.664406,0.034849
[MO866] Iteration,0,109,1592227567.697496,0.034125
[MO866] Iteration,3,109,1592227567.697885,0.034117
[MO866] Iteration,2,109,1592227567.698352,0.034256
[MO866] Iteration,1,109,1592227567.698688,0.034252
[MO866] Iteration,0,110,1592227567.731585,0.034038
[MO866] Iteration,3,110,1592227567.731993,0.034067
[MO866] Iteration,2,110,1592227567.732521,0.034152
[MO866] Iteration,1,110,1592227567.732849,0.034142
[MO866] Iteration,0,111,1592227567.765617,0.033980
[MO866] Iteration,3,111,1592227567.766006,0.033983
[MO866] Iteration,2,111,1592227567.766529,0.033991
[MO866] Iteration,1,111,1592227567.766873,0.034006
[MO866] Iteration,0,112,1592227567.799720,0.034048
[MO866] Iteration,3,112,1592227567.800105,0.034057
[MO866] Iteration,2,112,1592227567.800621,0.034075
[MO866] Iteration,1,112,1592227567.800965,0.034073
[MO866] Iteration,0,113,1592227567.833792,0.034018
[MO866] Iteration,3,113,1592227567.834168,0.034024
[MO866] Iteration,2,113,1592227567.834638,0.033999
[MO866] Iteration,1,113,1592227567.834953,0.033970
[MO866] Iteration,0,114,1592227567.867882,0.034039
[MO866] Iteration,3,114,1592227567.868279,0.034071
[MO866] Iteration,2,114,1592227567.868793,0.034138
[MO866] Iteration,1,114,1592227567.869125,0.034145
[MO866] Iteration,0,115,1592227567.901957,0.034024
[MO866] Iteration,3,115,1592227567.902348,0.034039
[MO866] Iteration,2,115,1592227567.902859,0.034049
[MO866] Iteration,1,115,1592227567.903179,0.034036
[MO866] Iteration,0,116,1592227567.936119,0.034109
[MO866] Iteration,3,116,1592227567.936507,0.034117
[MO866] Iteration,2,116,1592227567.937004,0.034126
[MO866] Iteration,1,116,1592227567.937317,0.034110
[MO866] Iteration,0,117,1592227567.970145,0.033979
[MO866] Iteration,3,117,1592227567.970529,0.033992
[MO866] Iteration,2,117,1592227567.971010,0.033986
[MO866] Iteration,1,117,1592227567.971356,0.034011
[MO866] Iteration,0,118,1592227568.004225,0.034027
[MO866] Iteration,3,118,1592227568.004624,0.034054
[MO866] Iteration,2,118,1592227568.005135,0.034107
[MO866] Iteration,1,118,1592227568.005463,0.034089
[MO866] Iteration,0,119,1592227568.038203,0.033916
 Time step  120
[MO866] Iteration,3,119,1592227568.038626,0.033971
[MO866] Iteration,2,119,1592227568.039100,0.033947
[MO866] Iteration,1,119,1592227568.039458,0.033977
[MO866] Iteration,0,120,1592227568.072364,0.034107
[MO866] Iteration,3,120,1592227568.072734,0.034077
[MO866] Iteration,2,120,1592227568.073246,0.034129
[MO866] Iteration,1,120,1592227568.073580,0.034102
[MO866] Iteration,0,121,1592227568.106368,0.033954
[MO866] Iteration,3,121,1592227568.106789,0.034014
[MO866] Iteration,2,121,1592227568.107299,0.034036
[MO866] Iteration,1,121,1592227568.107653,0.034054
[MO866] Iteration,0,122,1592227568.140470,0.034051
[MO866] Iteration,3,122,1592227568.140876,0.034053
[MO866] Iteration,2,122,1592227568.141385,0.034070
[MO866] Iteration,1,122,1592227568.141719,0.034048
[MO866] Iteration,0,123,1592227568.174493,0.033973
[MO866] Iteration,3,123,1592227568.174917,0.034009
[MO866] Iteration,2,123,1592227568.175403,0.034002
[MO866] Iteration,1,123,1592227568.175763,0.034025
[MO866] Iteration,0,124,1592227568.208541,0.033995
[MO866] Iteration,3,124,1592227568.208984,0.034033
[MO866] Iteration,2,124,1592227568.209458,0.034037
[MO866] Iteration,1,124,1592227568.209803,0.034023
[MO866] Iteration,0,125,1592227568.242559,0.033954
[MO866] Iteration,3,125,1592227568.242971,0.033956
[MO866] Iteration,2,125,1592227568.243531,0.034056
[MO866] Iteration,1,125,1592227568.243859,0.034037
[MO866] Iteration,0,126,1592227568.276707,0.034093
[MO866] Iteration,3,126,1592227568.277085,0.034082
[MO866] Iteration,2,126,1592227568.277584,0.034037
[MO866] Iteration,1,126,1592227568.277922,0.034045
[MO866] Iteration,0,127,1592227568.310774,0.034016
[MO866] Iteration,3,127,1592227568.311179,0.034053
[MO866] Iteration,2,127,1592227568.311694,0.034093
[MO866] Iteration,1,127,1592227568.312025,0.034085
[MO866] Iteration,0,128,1592227568.344859,0.034032
[MO866] Iteration,3,128,1592227568.345253,0.034042
[MO866] Iteration,2,128,1592227568.345702,0.033992
[MO866] Iteration,1,128,1592227568.346040,0.033998
[MO866] Iteration,0,129,1592227568.378855,0.033946
[MO866] Iteration,3,129,1592227568.379273,0.033988
[MO866] Iteration,2,129,1592227568.379779,0.034059
[MO866] Iteration,1,129,1592227568.380103,0.034045
[MO866] Iteration,0,130,1592227568.412925,0.034006
[MO866] Iteration,3,130,1592227568.413325,0.034020
[MO866] Iteration,2,130,1592227568.413807,0.034011
[MO866] Iteration,1,130,1592227568.414149,0.034029
[MO866] Iteration,0,131,1592227568.446943,0.033966
[MO866] Iteration,3,131,1592227568.447370,0.034013
[MO866] Iteration,2,131,1592227568.447919,0.034094
[MO866] Iteration,1,131,1592227568.448236,0.034068
[MO866] Iteration,0,132,1592227568.481131,0.034132
[MO866] Iteration,3,132,1592227568.481503,0.034100
[MO866] Iteration,2,132,1592227568.481972,0.034035
[MO866] Iteration,1,132,1592227568.482324,0.034071
[MO866] Iteration,0,133,1592227568.515162,0.033978
[MO866] Iteration,3,133,1592227568.515603,0.034059
[MO866] Iteration,2,133,1592227568.516091,0.034101
[MO866] Iteration,1,133,1592227568.516427,0.034085
[MO866] Iteration,0,134,1592227568.549211,0.033985
[MO866] Iteration,3,134,1592227568.549591,0.033959
[MO866] Iteration,2,134,1592227568.550085,0.033978
[MO866] Iteration,1,134,1592227568.550420,0.033976
[MO866] Iteration,0,135,1592227568.583223,0.033956
[MO866] Iteration,3,135,1592227568.583660,0.034026
[MO866] Iteration,2,135,1592227568.584185,0.034083
[MO866] Iteration,1,135,1592227568.584537,0.034099
[MO866] Iteration,0,136,1592227568.617415,0.034134
[MO866] Iteration,3,136,1592227568.617815,0.034124
[MO866] Iteration,2,136,1592227568.618289,0.034087
[MO866] Iteration,1,136,1592227568.618628,0.034073
[MO866] Iteration,0,137,1592227568.651623,0.034155
[MO866] Iteration,3,137,1592227568.652020,0.034173
[MO866] Iteration,2,137,1592227568.652500,0.034194
[MO866] Iteration,1,137,1592227568.652825,0.034178
[MO866] Iteration,0,138,1592227568.685613,0.033936
[MO866] Iteration,3,138,1592227568.686004,0.033956
[MO866] Iteration,2,138,1592227568.686481,0.033964
[MO866] Iteration,1,138,1592227568.686816,0.033972
[MO866] Iteration,0,139,1592227568.719640,0.033974
 Time step  140
[MO866] Iteration,3,139,1592227568.720072,0.034027
[MO866] Iteration,2,139,1592227568.720601,0.034103
[MO866] Iteration,1,139,1592227568.720909,0.034074
[MO866] Iteration,0,140,1592227568.753754,0.034062
[MO866] Iteration,3,140,1592227568.754147,0.034043
[MO866] Iteration,2,140,1592227568.754659,0.034041
[MO866] Iteration,1,140,1592227568.754962,0.034036
[MO866] Iteration,0,141,1592227568.787883,0.034074
[MO866] Iteration,3,141,1592227568.788252,0.034069
[MO866] Iteration,2,141,1592227568.788786,0.034110
[MO866] Iteration,1,141,1592227568.789087,0.034106
[MO866] Iteration,0,142,1592227568.821903,0.033971
[MO866] Iteration,3,142,1592227568.822279,0.033992
[MO866] Iteration,2,142,1592227568.822811,0.034008
[MO866] Iteration,1,142,1592227568.823120,0.034015
[MO866] Iteration,0,143,1592227568.856050,0.034092
[MO866] Iteration,3,143,1592227568.856427,0.034109
[MO866] Iteration,2,143,1592227568.856923,0.034095
[MO866] Iteration,1,143,1592227568.857220,0.034082
[MO866] Iteration,0,144,1592227568.890037,0.033937
[MO866] Iteration,3,144,1592227568.890417,0.033957
[MO866] Iteration,2,144,1592227568.890957,0.034017
[MO866] Iteration,1,144,1592227568.891254,0.034016
[MO866] Iteration,0,145,1592227568.924170,0.034077
[MO866] Iteration,3,145,1592227568.924540,0.034086
[MO866] Iteration,2,145,1592227568.925074,0.034101
[MO866] Iteration,1,145,1592227568.925366,0.034093
[MO866] Iteration,0,146,1592227568.958149,0.033928
[MO866] Iteration,3,146,1592227568.958542,0.033968
[MO866] Iteration,2,146,1592227568.959074,0.033984
[MO866] Iteration,1,146,1592227568.959379,0.033995
[MO866] Iteration,0,147,1592227568.992274,0.034067
[MO866] Iteration,3,147,1592227568.992655,0.034076
[MO866] Iteration,2,147,1592227568.993214,0.034124
[MO866] Iteration,1,147,1592227568.993511,0.034113
[MO866] Iteration,0,148,1592227569.026322,0.033998
[MO866] Iteration,3,148,1592227569.026699,0.034010
[MO866] Iteration,2,148,1592227569.027214,0.033984
[MO866] Iteration,1,148,1592227569.027544,0.034015
[MO866] Iteration,0,149,1592227569.060351,0.033971
[MO866] Iteration,3,149,1592227569.060730,0.033993
[MO866] Iteration,2,149,1592227569.061268,0.034038
[MO866] Iteration,1,149,1592227569.061561,0.034001
[MO866] Iteration,0,150,1592227569.094372,0.033972
[MO866] Iteration,3,150,1592227569.094755,0.033990
[MO866] Iteration,2,150,1592227569.095254,0.033969
[MO866] Iteration,1,150,1592227569.095597,0.034018
[MO866] Iteration,0,151,1592227569.128418,0.033991
[MO866] Iteration,3,151,1592227569.128807,0.034017
[MO866] Iteration,2,151,1592227569.129354,0.034083
[MO866] Iteration,1,151,1592227569.129655,0.034041
[MO866] Iteration,0,152,1592227569.162504,0.034042
[MO866] Iteration,3,152,1592227569.162889,0.034047
[MO866] Iteration,2,152,1592227569.163407,0.034037
[MO866] Iteration,1,152,1592227569.163742,0.034070
[MO866] Iteration,0,153,1592227569.196518,0.033958
[MO866] Iteration,3,153,1592227569.196904,0.033978
[MO866] Iteration,2,153,1592227569.197419,0.033995
[MO866] Iteration,1,153,1592227569.197720,0.033962
[MO866] Iteration,0,154,1592227569.230570,0.034002
[MO866] Iteration,3,154,1592227569.230949,0.034010
[MO866] Iteration,2,154,1592227569.231522,0.034086
[MO866] Iteration,1,154,1592227569.231826,0.034089
[MO866] Iteration,3,155,1592227569.269178,0.038191
[MO866] Iteration,1,155,1592227569.269285,0.037442
[MO866] Iteration,0,155,1592227569.269331,0.038704
[MO866] Iteration,2,155,1592227569.269957,0.038419
[MO866] Iteration,0,156,1592227569.302924,0.033543
[MO866] Iteration,3,156,1592227569.303297,0.034064
[MO866] Iteration,2,156,1592227569.303815,0.033836
[MO866] Iteration,1,156,1592227569.304101,0.034783
[MO866] Iteration,0,157,1592227569.336951,0.033970
[MO866] Iteration,3,157,1592227569.337321,0.033987
[MO866] Iteration,2,157,1592227569.337830,0.033999
[MO866] Iteration,1,157,1592227569.338135,0.034015
[MO866] Iteration,0,158,1592227569.371043,0.034039
[MO866] Iteration,3,158,1592227569.371443,0.034086
[MO866] Iteration,2,158,1592227569.371994,0.034146
[MO866] Iteration,1,158,1592227569.372303,0.034149
[MO866] Iteration,0,159,1592227569.405154,0.034058
 Time step  160
[MO866] Iteration,3,159,1592227569.405519,0.034012
[MO866] Iteration,2,159,1592227569.406021,0.033999
[MO866] Iteration,1,159,1592227569.406328,0.034007
[MO866] Iteration,0,160,1592227569.439226,0.034019
[MO866] Iteration,3,160,1592227569.439637,0.034081
[MO866] Iteration,2,160,1592227569.440147,0.034110
[MO866] Iteration,1,160,1592227569.440455,0.034109
[MO866] Iteration,0,161,1592227569.473348,0.034067
[MO866] Iteration,3,161,1592227569.473726,0.034056
[MO866] Iteration,2,161,1592227569.474238,0.034075
[MO866] Iteration,1,161,1592227569.474541,0.034068
[MO866] Iteration,0,162,1592227569.507523,0.034117
[MO866] Iteration,3,162,1592227569.507905,0.034142
[MO866] Iteration,2,162,1592227569.508417,0.034162
[MO866] Iteration,1,162,1592227569.508715,0.034155
[MO866] Iteration,0,163,1592227569.541526,0.033953
[MO866] Iteration,3,163,1592227569.541907,0.033968
[MO866] Iteration,2,163,1592227569.542412,0.033979
[MO866] Iteration,1,163,1592227569.542735,0.034003
[MO866] Iteration,0,164,1592227569.575594,0.034013
[MO866] Iteration,3,164,1592227569.575990,0.034046
[MO866] Iteration,2,164,1592227569.576557,0.034128
[MO866] Iteration,1,164,1592227569.576858,0.034105
[MO866] Iteration,0,165,1592227569.609664,0.034018
[MO866] Iteration,3,165,1592227569.610052,0.034029
[MO866] Iteration,2,165,1592227569.610593,0.034020
[MO866] Iteration,1,165,1592227569.610891,0.034015
[MO866] Iteration,0,166,1592227569.643764,0.034049
[MO866] Iteration,3,166,1592227569.644140,0.034051
[MO866] Iteration,2,166,1592227569.644858,0.034249
[MO866] Iteration,1,166,1592227569.645153,0.034244
[MO866] Iteration,0,167,1592227569.677970,0.034165
[MO866] Iteration,3,167,1592227569.678361,0.034188
[MO866] Iteration,2,167,1592227569.678907,0.034032
[MO866] Iteration,1,167,1592227569.679216,0.034044
[MO866] Iteration,0,168,1592227569.712104,0.034079
[MO866] Iteration,3,168,1592227569.712485,0.034086
[MO866] Iteration,2,168,1592227569.713021,0.034097
[MO866] Iteration,1,168,1592227569.713319,0.034085
[MO866] Iteration,0,169,1592227569.746161,0.034006
[MO866] Iteration,3,169,1592227569.746555,0.034036
[MO866] Iteration,2,169,1592227569.747103,0.034066
[MO866] Iteration,1,169,1592227569.747401,0.034064
[MO866] Iteration,0,170,1592227569.780319,0.034104
[MO866] Iteration,3,170,1592227569.780679,0.034087
[MO866] Iteration,2,170,1592227569.781194,0.034074
[MO866] Iteration,1,170,1592227569.781494,0.034074
[MO866] Iteration,0,171,1592227569.814289,0.033923
[MO866] Iteration,3,171,1592227569.814684,0.033971
[MO866] Iteration,2,171,1592227569.815226,0.034015
[MO866] Iteration,1,171,1592227569.815559,0.034047
[MO866] Iteration,0,172,1592227569.848398,0.034053
[MO866] Iteration,3,172,1592227569.848759,0.034035
[MO866] Iteration,2,172,1592227569.849286,0.034043
[MO866] Iteration,1,172,1592227569.849583,0.034007
[MO866] Iteration,0,173,1592227569.882489,0.034041
[MO866] Iteration,3,173,1592227569.882862,0.034067
[MO866] Iteration,2,173,1592227569.883372,0.034069
[MO866] Iteration,1,173,1592227569.883702,0.034100
[MO866] Iteration,0,174,1592227569.916526,0.033981
[MO866] Iteration,3,174,1592227569.916888,0.033988
[MO866] Iteration,2,174,1592227569.917401,0.034012
[MO866] Iteration,1,174,1592227569.917714,0.033995
[MO866] Iteration,0,175,1592227569.950548,0.033971
[MO866] Iteration,3,175,1592227569.950930,0.034009
[MO866] Iteration,2,175,1592227569.951450,0.034031
[MO866] Iteration,1,175,1592227569.951780,0.034048
[MO866] Iteration,0,176,1592227569.984616,0.034014
[MO866] Iteration,3,176,1592227569.984997,0.034029
[MO866] Iteration,2,176,1592227569.985528,0.034060
[MO866] Iteration,1,176,1592227569.985839,0.034043
[MO866] Iteration,0,177,1592227570.018783,0.034113
[MO866] Iteration,3,177,1592227570.019165,0.034133
[MO866] Iteration,2,177,1592227570.019692,0.034147
[MO866] Iteration,1,177,1592227570.019989,0.034132
[MO866] Iteration,0,178,1592227570.052913,0.034074
[MO866] Iteration,3,178,1592227570.053286,0.034084
[MO866] Iteration,2,178,1592227570.053786,0.034078
[MO866] Iteration,1,178,1592227570.054089,0.034083
[MO866] Iteration,0,179,1592227570.086888,0.033923
 Time step  180
[MO866] Iteration,3,179,1592227570.087287,0.033964
[MO866] Iteration,2,179,1592227570.087854,0.034050
[MO866] Iteration,1,179,1592227570.088152,0.034043
[MO866] Iteration,0,180,1592227570.120977,0.034036
[MO866] Iteration,3,180,1592227570.121346,0.034021
[MO866] Iteration,2,180,1592227570.121907,0.034037
[MO866] Iteration,1,180,1592227570.122220,0.034051
[MO866] Iteration,0,181,1592227570.155170,0.034141
[MO866] Iteration,3,181,1592227570.155578,0.034194
[MO866] Iteration,2,181,1592227570.156089,0.034165
[MO866] Iteration,1,181,1592227570.156394,0.034155
[MO866] Iteration,0,182,1592227570.189206,0.033983
[MO866] Iteration,3,182,1592227570.189592,0.033982
[MO866] Iteration,2,182,1592227570.190107,0.034002
[MO866] Iteration,1,182,1592227570.190420,0.034007
[MO866] Iteration,0,183,1592227570.223331,0.034073
[MO866] Iteration,3,183,1592227570.223735,0.034106
[MO866] Iteration,2,183,1592227570.224266,0.034142
[MO866] Iteration,1,183,1592227570.224582,0.034143
[MO866] Iteration,0,184,1592227570.257433,0.034048
[MO866] Iteration,3,184,1592227570.257796,0.034029
[MO866] Iteration,2,184,1592227570.258322,0.034040
[MO866] Iteration,1,184,1592227570.258620,0.034020
[MO866] Iteration,0,185,1592227570.291536,0.034047
[MO866] Iteration,3,185,1592227570.291918,0.034086
[MO866] Iteration,2,185,1592227570.292458,0.034120
[MO866] Iteration,1,185,1592227570.292751,0.034112
[MO866] Iteration,0,186,1592227570.325592,0.034005
[MO866] Iteration,3,186,1592227570.325966,0.034015
[MO866] Iteration,2,186,1592227570.326454,0.033979
[MO866] Iteration,1,186,1592227570.326768,0.033999
[MO866] Iteration,0,187,1592227570.359664,0.034009
[MO866] Iteration,3,187,1592227570.360029,0.034027
[MO866] Iteration,2,187,1592227570.360577,0.034106
[MO866] Iteration,1,187,1592227570.360891,0.034104
[MO866] Iteration,0,188,1592227570.393716,0.034001
[MO866] Iteration,3,188,1592227570.394084,0.034022
[MO866] Iteration,2,188,1592227570.394576,0.033983
[MO866] Iteration,1,188,1592227570.394867,0.033957
[MO866] Iteration,0,189,1592227570.427768,0.034001
[MO866] Iteration,3,189,1592227570.428150,0.034031
[MO866] Iteration,2,189,1592227570.428668,0.034077
[MO866] Iteration,1,189,1592227570.428967,0.034081
[MO866] Iteration,0,190,1592227570.461770,0.033950
[MO866] Iteration,3,190,1592227570.462143,0.033962
[MO866] Iteration,2,190,1592227570.462652,0.033968
[MO866] Iteration,1,190,1592227570.462959,0.033974
[MO866] Iteration,0,191,1592227570.495857,0.034030
[MO866] Iteration,3,191,1592227570.496219,0.034040
[MO866] Iteration,2,191,1592227570.496754,0.034085
[MO866] Iteration,1,191,1592227570.497061,0.034084
[MO866] Iteration,0,192,1592227570.529869,0.033961
[MO866] Iteration,3,192,1592227570.530270,0.034017
[MO866] Iteration,2,192,1592227570.530782,0.034011
[MO866] Iteration,1,192,1592227570.531092,0.034013
[MO866] Iteration,0,193,1592227570.563946,0.034024
[MO866] Iteration,3,193,1592227570.564313,0.034005
[MO866] Iteration,2,193,1592227570.564863,0.034064
[MO866] Iteration,1,193,1592227570.565158,0.034046
[MO866] Iteration,0,194,1592227570.598001,0.034006
[MO866] Iteration,3,194,1592227570.598370,0.034024
[MO866] Iteration,2,194,1592227570.598870,0.033991
[MO866] Iteration,1,194,1592227570.599178,0.034002
[MO866] Iteration,0,195,1592227570.632108,0.034056
[MO866] Iteration,3,195,1592227570.632474,0.034067
[MO866] Iteration,2,195,1592227570.633044,0.034156
[MO866] Iteration,1,195,1592227570.633331,0.034134
[MO866] Iteration,0,196,1592227570.666818,0.034662
[MO866] Iteration,3,196,1592227570.667190,0.034682
[MO866] Iteration,2,196,1592227570.667536,0.034474
[MO866] Iteration,1,196,1592227570.667845,0.034497
[MO866] Iteration,0,197,1592227570.701312,0.034443
[MO866] Iteration,3,197,1592227570.701691,0.034468
[MO866] Iteration,2,197,1592227570.702169,0.034619
[MO866] Iteration,1,197,1592227570.702501,0.034638
[MO866] Iteration,0,198,1592227570.735971,0.034603
[MO866] Iteration,3,198,1592227570.736354,0.034628
[MO866] Iteration,2,198,1592227570.736826,0.034639
[MO866] Iteration,1,198,1592227570.737140,0.034621
[MO866] Iteration,0,199,1592227570.770481,0.034461
 Time step  200
[MO866] Iteration,3,199,1592227570.770891,0.034509
[MO866] Iteration,2,199,1592227570.771354,0.034512
[MO866] Iteration,1,199,1592227570.771693,0.034527
[MO866] Iteration,0,200,1592227570.805074,0.034539
[MO866] Iteration,3,200,1592227570.805471,0.034551
[MO866] Iteration,2,200,1592227570.805932,0.034559
[MO866] Iteration,1,200,1592227570.806257,0.034548
[MO866] Iteration,0,201,1592227570.839669,0.034544
[MO866] Iteration,3,201,1592227570.840064,0.034563
[MO866] Iteration,2,201,1592227570.840546,0.034597
[MO866] Iteration,1,201,1592227570.840859,0.034585
[MO866] Iteration,0,202,1592227570.880383,0.040660
[MO866] Iteration,2,202,1592227570.881061,0.040498
[MO866] Iteration,3,202,1592227570.881194,0.041102
[MO866] Iteration,1,202,1592227570.881357,0.040472
[MO866] Iteration,0,203,1592227570.915261,0.034838
[MO866] Iteration,3,203,1592227570.915688,0.034447
[MO866] Iteration,2,203,1592227570.916212,0.035132
[MO866] Iteration,1,203,1592227570.916518,0.035116
[MO866] Iteration,0,204,1592227570.949831,0.034503
[MO866] Iteration,3,204,1592227570.950238,0.034519
[MO866] Iteration,2,204,1592227570.950696,0.034466
[MO866] Iteration,1,204,1592227570.951029,0.034484
[MO866] Iteration,0,205,1592227570.984457,0.034573
[MO866] Iteration,3,205,1592227570.984838,0.034570
[MO866] Iteration,2,205,1592227570.985311,0.034598
[MO866] Iteration,1,205,1592227570.985636,0.034589
[MO866] Iteration,0,206,1592227571.018973,0.034468
[MO866] Iteration,3,206,1592227571.019376,0.034509
[MO866] Iteration,2,206,1592227571.019900,0.034572
[MO866] Iteration,1,206,1592227571.020207,0.034554
[MO866] Iteration,0,207,1592227571.053503,0.034464
[MO866] Iteration,3,207,1592227571.053906,0.034499
[MO866] Iteration,2,207,1592227571.054382,0.034464
[MO866] Iteration,1,207,1592227571.054690,0.034467
[MO866] Iteration,0,208,1592227571.088136,0.034577
[MO866] Iteration,3,208,1592227571.088521,0.034585
[MO866] Iteration,2,208,1592227571.088992,0.034592
[MO866] Iteration,1,208,1592227571.089305,0.034589
[MO866] Iteration,0,209,1592227571.122627,0.034442
[MO866] Iteration,3,209,1592227571.123029,0.034479
[MO866] Iteration,2,209,1592227571.123514,0.034504
[MO866] Iteration,1,209,1592227571.123824,0.034494
[MO866] Iteration,0,210,1592227571.157270,0.034590
[MO866] Iteration,3,210,1592227571.157649,0.034590
[MO866] Iteration,2,210,1592227571.158082,0.034552
[MO866] Iteration,1,210,1592227571.158387,0.034547
[MO866] Iteration,0,211,1592227571.191832,0.034511
[MO866] Iteration,3,211,1592227571.192219,0.034531
[MO866] Iteration,2,211,1592227571.192690,0.034590
[MO866] Iteration,1,211,1592227571.192996,0.034582
[MO866] Iteration,0,212,1592227571.226374,0.034490
[MO866] Iteration,3,212,1592227571.226776,0.034529
[MO866] Iteration,2,212,1592227571.227230,0.034523
[MO866] Iteration,1,212,1592227571.227553,0.034541
[MO866] Iteration,0,213,1592227571.260936,0.034512
[MO866] Iteration,3,213,1592227571.261341,0.034535
[MO866] Iteration,2,213,1592227571.261786,0.034538
[MO866] Iteration,1,213,1592227571.262112,0.034543
[MO866] Iteration,0,214,1592227571.295578,0.034591
[MO866] Iteration,3,214,1592227571.295973,0.034602
[MO866] Iteration,2,214,1592227571.296448,0.034644
[MO866] Iteration,1,214,1592227571.296776,0.034646
[MO866] Iteration,0,215,1592227571.330044,0.034414
[MO866] Iteration,3,215,1592227571.330470,0.034470
[MO866] Iteration,2,215,1592227571.330942,0.034478
[MO866] Iteration,1,215,1592227571.331255,0.034462
[MO866] Iteration,0,216,1592227571.364678,0.034578
[MO866] Iteration,3,216,1592227571.365070,0.034569
[MO866] Iteration,2,216,1592227571.365532,0.034573
[MO866] Iteration,1,216,1592227571.365843,0.034561
[MO866] Iteration,0,217,1592227571.399197,0.034470
[MO866] Iteration,3,217,1592227571.399618,0.034519
[MO866] Iteration,2,217,1592227571.400059,0.034510
[MO866] Iteration,1,217,1592227571.400404,0.034534
[MO866] Iteration,0,218,1592227571.433745,0.034496
[MO866] Iteration,3,218,1592227571.434146,0.034500
[MO866] Iteration,2,218,1592227571.434592,0.034516
[MO866] Iteration,1,218,1592227571.434901,0.034481
[MO866] Iteration,0,219,1592227571.468316,0.034519
 Time step  220
[MO866] Iteration,3,219,1592227571.468706,0.034530
[MO866] Iteration,2,219,1592227571.469175,0.034567
[MO866] Iteration,1,219,1592227571.469487,0.034559
[MO866] Iteration,0,220,1592227571.502834,0.034474
[MO866] Iteration,3,220,1592227571.503227,0.034492
[MO866] Iteration,2,220,1592227571.503722,0.034529
[MO866] Iteration,1,220,1592227571.504020,0.034514
[MO866] Iteration,0,221,1592227571.537467,0.034578
[MO866] Iteration,3,221,1592227571.537845,0.034582
[MO866] Iteration,2,221,1592227571.538311,0.034573
[MO866] Iteration,1,221,1592227571.538617,0.034570
[MO866] Iteration,0,222,1592227571.572091,0.034571
[MO866] Iteration,3,222,1592227571.572480,0.034600
[MO866] Iteration,2,222,1592227571.572979,0.034650
[MO866] Iteration,1,222,1592227571.573265,0.034630
[MO866] Iteration,0,223,1592227571.606633,0.034492
[MO866] Iteration,3,223,1592227571.607012,0.034500
[MO866] Iteration,2,223,1592227571.607469,0.034474
[MO866] Iteration,1,223,1592227571.607792,0.034509
[MO866] Iteration,0,224,1592227571.641167,0.034483
[MO866] Iteration,3,224,1592227571.641552,0.034503
[MO866] Iteration,2,224,1592227571.642038,0.034531
[MO866] Iteration,1,224,1592227571.642338,0.034529
[MO866] Iteration,0,225,1592227571.675856,0.034634
[MO866] Iteration,3,225,1592227571.676232,0.034647
[MO866] Iteration,2,225,1592227571.676767,0.034712
[MO866] Iteration,1,225,1592227571.677054,0.034697
[MO866] Iteration,0,226,1592227571.710360,0.034461
[MO866] Iteration,3,226,1592227571.710762,0.034497
[MO866] Iteration,2,226,1592227571.711243,0.034460
[MO866] Iteration,1,226,1592227571.711572,0.034500
[MO866] Iteration,0,227,1592227571.744954,0.034540
[MO866] Iteration,3,227,1592227571.745335,0.034537
[MO866] Iteration,2,227,1592227571.745796,0.034537
[MO866] Iteration,1,227,1592227571.746105,0.034516
[MO866] Iteration,0,228,1592227571.779579,0.034575
[MO866] Iteration,3,228,1592227571.779952,0.034582
[MO866] Iteration,2,228,1592227571.780452,0.034638
[MO866] Iteration,1,228,1592227571.780764,0.034642
[MO866] Iteration,0,229,1592227571.814125,0.034492
[MO866] Iteration,3,229,1592227571.814514,0.034530
[MO866] Iteration,2,229,1592227571.815020,0.034552
[MO866] Iteration,1,229,1592227571.815331,0.034550
[MO866] Iteration,0,230,1592227571.848766,0.034585
[MO866] Iteration,3,230,1592227571.849147,0.034596
[MO866] Iteration,2,230,1592227571.849629,0.034593
[MO866] Iteration,1,230,1592227571.849932,0.034583
[MO866] Iteration,0,231,1592227571.883298,0.034479
[MO866] Iteration,3,231,1592227571.883715,0.034533
[MO866] Iteration,2,231,1592227571.884234,0.034588
[MO866] Iteration,1,231,1592227571.884533,0.034583
[MO866] Iteration,0,232,1592227571.917902,0.034550
[MO866] Iteration,3,232,1592227571.918311,0.034563
[MO866] Iteration,2,232,1592227571.918800,0.034550
[MO866] Iteration,1,232,1592227571.919109,0.034560
[MO866] Iteration,0,233,1592227571.952591,0.034635
[MO866] Iteration,3,233,1592227571.952964,0.034618
[MO866] Iteration,2,233,1592227571.953445,0.034627
[MO866] Iteration,1,233,1592227571.953743,0.034617
[MO866] Iteration,0,234,1592227571.987053,0.034415
[MO866] Iteration,3,234,1592227571.987453,0.034455
[MO866] Iteration,2,234,1592227571.987978,0.034516
[MO866] Iteration,1,234,1592227571.988295,0.034534
[MO866] Iteration,0,235,1592227572.021623,0.034514
[MO866] Iteration,3,235,1592227572.022001,0.034499
[MO866] Iteration,2,235,1592227572.022467,0.034460
[MO866] Iteration,1,235,1592227572.022782,0.034470
[MO866] Iteration,0,236,1592227572.056451,0.034778
[MO866] Iteration,3,236,1592227572.056831,0.034794
[MO866] Iteration,2,236,1592227572.057280,0.034796
[MO866] Iteration,1,236,1592227572.057581,0.034781
[MO866] Iteration,0,237,1592227572.090925,0.034425
[MO866] Iteration,3,237,1592227572.091333,0.034468
[MO866] Iteration,2,237,1592227572.091826,0.034530
[MO866] Iteration,1,237,1592227572.092111,0.034511
[MO866] Iteration,0,238,1592227572.125453,0.034472
[MO866] Iteration,3,238,1592227572.125819,0.034451
[MO866] Iteration,2,238,1592227572.126288,0.034446
[MO866] Iteration,1,238,1592227572.126598,0.034471
[MO866] Iteration,0,239,1592227572.164577,0.039073
 Time step  240
[MO866] Iteration,3,239,1592227572.164908,0.039053
[MO866] Iteration,1,239,1592227572.165505,0.038890
[MO866] Iteration,2,239,1592227572.165651,0.039346
[MO866] Iteration,0,240,1592227572.199198,0.034561
[MO866] Iteration,3,240,1592227572.199606,0.034667
[MO866] Iteration,2,240,1592227572.200073,0.034396
[MO866] Iteration,1,240,1592227572.200375,0.034851
[MO866] Iteration,0,241,1592227572.233702,0.034449
[MO866] Iteration,3,241,1592227572.234098,0.034460
[MO866] Iteration,2,241,1592227572.234567,0.034477
[MO866] Iteration,1,241,1592227572.234874,0.034482
[MO866] Iteration,0,242,1592227572.268344,0.034587
[MO866] Iteration,3,242,1592227572.268745,0.034612
[MO866] Iteration,2,242,1592227572.269253,0.034669
[MO866] Iteration,1,242,1592227572.269557,0.034665
[MO866] Iteration,0,243,1592227572.302990,0.034596
[MO866] Iteration,3,243,1592227572.303381,0.034602
[MO866] Iteration,2,243,1592227572.303864,0.034595
[MO866] Iteration,1,243,1592227572.304162,0.034588
[MO866] Iteration,0,244,1592227572.337566,0.034526
[MO866] Iteration,3,244,1592227572.337947,0.034530
[MO866] Iteration,2,244,1592227572.338399,0.034519
[MO866] Iteration,1,244,1592227572.338699,0.034520
[MO866] Iteration,0,245,1592227572.372130,0.034511
[MO866] Iteration,3,245,1592227572.372510,0.034528
[MO866] Iteration,2,245,1592227572.373011,0.034595
[MO866] Iteration,1,245,1592227572.373302,0.034585
[MO866] Iteration,0,246,1592227572.406605,0.034425
[MO866] Iteration,3,246,1592227572.406996,0.034454
[MO866] Iteration,2,246,1592227572.407470,0.034442
[MO866] Iteration,1,246,1592227572.407792,0.034473
[MO866] Iteration,0,247,1592227572.441190,0.034532
[MO866] Iteration,3,247,1592227572.441549,0.034516
[MO866] Iteration,2,247,1592227572.442008,0.034501
[MO866] Iteration,1,247,1592227572.442317,0.034508
[MO866] Iteration,0,248,1592227572.475768,0.034526
[MO866] Iteration,3,248,1592227572.476145,0.034560
[MO866] Iteration,2,248,1592227572.476645,0.034620
[MO866] Iteration,1,248,1592227572.476951,0.034617
[MO866] Iteration,0,249,1592227572.510270,0.034449
[MO866] Iteration,3,249,1592227572.510673,0.034496
[MO866] Iteration,2,249,1592227572.511174,0.034513
[MO866] Iteration,1,249,1592227572.511472,0.034503
[MO866] Iteration,0,250,1592227572.544807,0.034484
[MO866] Iteration,3,250,1592227572.545194,0.034485
[MO866] Iteration,2,250,1592227572.545678,0.034487
[MO866] Iteration,1,250,1592227572.545983,0.034482
[MO866] Iteration,0,251,1592227572.579415,0.034554
[MO866] Iteration,3,251,1592227572.579830,0.034601
[MO866] Iteration,2,251,1592227572.580303,0.034608
[MO866] Iteration,1,251,1592227572.580627,0.034626
[MO866] Iteration,0,252,1592227572.613915,0.034449
[MO866] Iteration,3,252,1592227572.614303,0.034441
[MO866] Iteration,2,252,1592227572.614824,0.034505
[MO866] Iteration,1,252,1592227572.615133,0.034489
[MO866] Iteration,0,253,1592227572.648542,0.034575
[MO866] Iteration,3,253,1592227572.648928,0.034589
[MO866] Iteration,2,253,1592227572.649421,0.034580
[MO866] Iteration,1,253,1592227572.649723,0.034573
[MO866] Iteration,0,254,1592227572.683136,0.034545
[MO866] Iteration,3,254,1592227572.683537,0.034576
[MO866] Iteration,2,254,1592227572.684021,0.034583
[MO866] Iteration,1,254,1592227572.684330,0.034588
[MO866] Iteration,0,255,1592227572.717183,0.033995
[MO866] Iteration,3,255,1592227572.717565,0.033995
[MO866] Iteration,2,255,1592227572.718049,0.034013
[MO866] Iteration,1,255,1592227572.718351,0.034003
[MO866] Iteration,0,256,1592227572.751214,0.033978
[MO866] Iteration,3,256,1592227572.751642,0.034041
[MO866] Iteration,2,256,1592227572.752186,0.034120
[MO866] Iteration,1,256,1592227572.752497,0.034127
[MO866] Iteration,0,257,1592227572.785303,0.034036
[MO866] Iteration,3,257,1592227572.785698,0.034023
[MO866] Iteration,2,257,1592227572.786205,0.034002
[MO866] Iteration,1,257,1592227572.786520,0.034006
[MO866] Iteration,0,258,1592227572.819416,0.034058
[MO866] Iteration,3,258,1592227572.819826,0.034093
[MO866] Iteration,2,258,1592227572.820350,0.034128
[MO866] Iteration,1,258,1592227572.820651,0.034112
[MO866] Iteration,0,259,1592227572.853479,0.034007
 Time step  260
[MO866] Iteration,3,259,1592227572.853841,0.033981
[MO866] Iteration,2,259,1592227572.854359,0.033991
[MO866] Iteration,1,259,1592227572.854661,0.033992
[MO866] Iteration,0,260,1592227572.887585,0.034052
[MO866] Iteration,3,260,1592227572.887984,0.034104
[MO866] Iteration,2,260,1592227572.888546,0.034169
[MO866] Iteration,1,260,1592227572.888842,0.034163
[MO866] Iteration,0,261,1592227572.921629,0.033992
[MO866] Iteration,3,261,1592227572.922008,0.033990
[MO866] Iteration,2,261,1592227572.922528,0.033965
[MO866] Iteration,1,261,1592227572.922833,0.033973
[MO866] Iteration,0,262,1592227572.955767,0.034086
[MO866] Iteration,3,262,1592227572.956133,0.034088
[MO866] Iteration,2,262,1592227572.956668,0.034122
[MO866] Iteration,1,262,1592227572.956967,0.034116
[MO866] Iteration,0,263,1592227572.989757,0.033938
[MO866] Iteration,3,263,1592227572.990148,0.033982
[MO866] Iteration,2,263,1592227572.990655,0.033972
[MO866] Iteration,1,263,1592227572.990960,0.033974
[MO866] Iteration,0,264,1592227573.023828,0.034017
[MO866] Iteration,3,264,1592227573.024214,0.034030
[MO866] Iteration,2,264,1592227573.024757,0.034086
[MO866] Iteration,1,264,1592227573.025070,0.034091
[MO866] Iteration,0,265,1592227573.057869,0.033989
[MO866] Iteration,3,265,1592227573.058257,0.034010
[MO866] Iteration,2,265,1592227573.058785,0.034013
[MO866] Iteration,1,265,1592227573.059097,0.034009
[MO866] Iteration,0,266,1592227573.092016,0.034096
[MO866] Iteration,3,266,1592227573.092379,0.034085
[MO866] Iteration,2,266,1592227573.092925,0.034123
[MO866] Iteration,1,266,1592227573.093214,0.034098
[MO866] Iteration,0,267,1592227573.126041,0.033977
[MO866] Iteration,3,267,1592227573.126421,0.034007
[MO866] Iteration,2,267,1592227573.126919,0.033976
[MO866] Iteration,1,267,1592227573.127222,0.033989
[MO866] Iteration,0,268,1592227573.160137,0.034042
[MO866] Iteration,3,268,1592227573.160498,0.034040
[MO866] Iteration,2,268,1592227573.161006,0.034070
[MO866] Iteration,1,268,1592227573.161299,0.034058
[MO866] Iteration,0,269,1592227573.194064,0.033879
[MO866] Iteration,3,269,1592227573.194459,0.033928
[MO866] Iteration,2,269,1592227573.195009,0.033986
[MO866] Iteration,1,269,1592227573.195325,0.034008
[MO866] Iteration,0,270,1592227573.228237,0.034109
[MO866] Iteration,3,270,1592227573.228597,0.034100
[MO866] Iteration,2,270,1592227573.229137,0.034111
[MO866] Iteration,1,270,1592227573.229437,0.034094
[MO866] Iteration,0,271,1592227573.262252,0.033965
[MO866] Iteration,3,271,1592227573.262632,0.034000
[MO866] Iteration,2,271,1592227573.263128,0.033974
[MO866] Iteration,1,271,1592227573.263443,0.033988
[MO866] Iteration,0,272,1592227573.296276,0.033971
[MO866] Iteration,3,272,1592227573.296663,0.033995
[MO866] Iteration,2,272,1592227573.297184,0.034039
[MO866] Iteration,1,272,1592227573.297481,0.034020
[MO866] Iteration,0,273,1592227573.330270,0.033944
[MO866] Iteration,3,273,1592227573.330666,0.033970
[MO866] Iteration,2,273,1592227573.331206,0.034007
[MO866] Iteration,1,273,1592227573.331524,0.034025
[MO866] Iteration,0,274,1592227573.364347,0.034025
[MO866] Iteration,3,274,1592227573.364729,0.034024
[MO866] Iteration,2,274,1592227573.365268,0.034045
[MO866] Iteration,1,274,1592227573.365565,0.034020
[MO866] Iteration,0,275,1592227573.398333,0.033938
[MO866] Iteration,3,275,1592227573.398726,0.033962
[MO866] Iteration,2,275,1592227573.399262,0.033977
[MO866] Iteration,1,275,1592227573.399587,0.034003
[MO866] Iteration,0,276,1592227573.432597,0.034213
[MO866] Iteration,3,276,1592227573.432997,0.034234
[MO866] Iteration,2,276,1592227573.433503,0.034225
[MO866] Iteration,1,276,1592227573.433809,0.034204
[MO866] Iteration,0,277,1592227573.466817,0.034170
[MO866] Iteration,3,277,1592227573.467192,0.034159
[MO866] Iteration,2,277,1592227573.467672,0.034152
[MO866] Iteration,1,277,1592227573.467968,0.034141
[MO866] Iteration,0,278,1592227573.500796,0.033924
[MO866] Iteration,3,278,1592227573.501161,0.033932
[MO866] Iteration,2,278,1592227573.501698,0.034010
[MO866] Iteration,1,278,1592227573.502000,0.034013
[MO866] Iteration,0,279,1592227573.534859,0.034012
 Time step  280
[MO866] Iteration,3,279,1592227573.535229,0.034032
[MO866] Iteration,2,279,1592227573.535727,0.034013
[MO866] Iteration,1,279,1592227573.536025,0.034006
[MO866] Iteration,0,280,1592227573.568874,0.033964
[MO866] Iteration,3,280,1592227573.569244,0.033980
[MO866] Iteration,2,280,1592227573.569783,0.034040
[MO866] Iteration,1,280,1592227573.570078,0.034036
[MO866] Iteration,0,281,1592227573.602921,0.033997
[MO866] Iteration,3,281,1592227573.603311,0.034030
[MO866] Iteration,2,281,1592227573.603833,0.034032
[MO866] Iteration,1,281,1592227573.604134,0.034037
[MO866] Iteration,0,282,1592227573.637046,0.034070
[MO866] Iteration,3,282,1592227573.637414,0.034065
[MO866] Iteration,2,282,1592227573.637933,0.034084
[MO866] Iteration,1,282,1592227573.638232,0.034080
[MO866] Iteration,0,283,1592227573.671328,0.034228
[MO866] Iteration,3,283,1592227573.671707,0.034257
[MO866] Iteration,2,283,1592227573.672187,0.034237
[MO866] Iteration,1,283,1592227573.672495,0.034244
[MO866] Iteration,0,284,1592227573.705312,0.033933
[MO866] Iteration,3,284,1592227573.705695,0.033955
[MO866] Iteration,2,284,1592227573.706242,0.034040
[MO866] Iteration,1,284,1592227573.706553,0.034040
[MO866] Iteration,0,285,1592227573.739412,0.034034
[MO866] Iteration,3,285,1592227573.739836,0.034104
[MO866] Iteration,2,285,1592227573.740369,0.034110
[MO866] Iteration,1,285,1592227573.740667,0.034096
[MO866] Iteration,0,286,1592227573.773545,0.034050
[MO866] Iteration,3,286,1592227573.773936,0.034066
[MO866] Iteration,2,286,1592227573.774443,0.034059
[MO866] Iteration,1,286,1592227573.774745,0.034060
[MO866] Iteration,0,287,1592227573.807590,0.033995
[MO866] Iteration,3,287,1592227573.807989,0.034016
[MO866] Iteration,2,287,1592227573.808542,0.034083
[MO866] Iteration,1,287,1592227573.808839,0.034075
[MO866] Iteration,0,288,1592227573.841746,0.034104
[MO866] Iteration,3,288,1592227573.842110,0.034087
[MO866] Iteration,2,288,1592227573.842619,0.034060
[MO866] Iteration,1,288,1592227573.842935,0.034078
[MO866] Iteration,0,289,1592227573.875947,0.034148
[MO866] Iteration,3,289,1592227573.876294,0.034149
[MO866] Iteration,2,289,1592227573.876810,0.034174
[MO866] Iteration,1,289,1592227573.877114,0.034160
[MO866] Iteration,0,290,1592227573.909964,0.033967
[MO866] Iteration,3,290,1592227573.910352,0.034024
[MO866] Iteration,2,290,1592227573.910843,0.034016
[MO866] Iteration,1,290,1592227573.911154,0.034021
[MO866] Iteration,0,291,1592227573.944027,0.034011
[MO866] Iteration,3,291,1592227573.944403,0.034013
[MO866] Iteration,2,291,1592227573.944919,0.034059
[MO866] Iteration,1,291,1592227573.945218,0.034046
[MO866] Iteration,0,292,1592227573.978172,0.034094
[MO866] Iteration,3,292,1592227573.978539,0.034102
[MO866] Iteration,2,292,1592227573.979026,0.034090
[MO866] Iteration,1,292,1592227573.979327,0.034091
[MO866] Iteration,0,293,1592227574.012234,0.034010
[MO866] Iteration,3,293,1592227574.012595,0.034018
[MO866] Iteration,2,293,1592227574.013112,0.034069
[MO866] Iteration,1,293,1592227574.013412,0.034067
[MO866] Iteration,0,294,1592227574.046208,0.033925
[MO866] Iteration,3,294,1592227574.046591,0.033963
[MO866] Iteration,2,294,1592227574.047105,0.033978
[MO866] Iteration,1,294,1592227574.047446,0.034015
[MO866] Iteration,0,295,1592227574.080304,0.034030
[MO866] Iteration,3,295,1592227574.080682,0.034054
[MO866] Iteration,2,295,1592227574.081198,0.034076
[MO866] Iteration,1,295,1592227574.081490,0.034024
[MO866] Iteration,0,296,1592227574.114315,0.033961
[MO866] Iteration,3,296,1592227574.114699,0.033983
[MO866] Iteration,2,296,1592227574.115238,0.034023
[MO866] Iteration,1,296,1592227574.115558,0.034049
[MO866] Iteration,0,297,1592227574.148413,0.034044
[MO866] Iteration,3,297,1592227574.148773,0.034037
[MO866] Iteration,2,297,1592227574.149285,0.034031
[MO866] Iteration,1,297,1592227574.149578,0.034002
[MO866] Iteration,0,298,1592227574.182380,0.033918
[MO866] Iteration,3,298,1592227574.182775,0.033968
[MO866] Iteration,2,298,1592227574.183274,0.033974
[MO866] Iteration,1,298,1592227574.183620,0.034024
[MO866] Iteration,0,299,1592227574.216406,0.033974
 Time step  300
[MO866] Iteration,3,299,1592227574.216769,0.033957
[MO866] Iteration,2,299,1592227574.217319,0.034028
[MO866] Iteration,1,299,1592227574.217628,0.033991
[MO866] Iteration,0,300,1592227574.250346,0.033879
[MO866] Iteration,3,300,1592227574.250737,0.033934
[MO866] Iteration,2,300,1592227574.251251,0.033917
[MO866] Iteration,1,300,1592227574.251585,0.033939
[MO866] Iteration,0,301,1592227574.284432,0.034034
[MO866] Iteration,3,301,1592227574.284819,0.034045
[MO866] Iteration,2,301,1592227574.285337,0.034069
[MO866] Iteration,1,301,1592227574.285636,0.034034
[MO866] Iteration,0,302,1592227574.318535,0.034055
[MO866] Iteration,3,302,1592227574.318905,0.034051
[MO866] Iteration,2,302,1592227574.319412,0.034059
[MO866] Iteration,1,302,1592227574.319741,0.034087
[MO866] Iteration,0,303,1592227574.352642,0.034052
[MO866] Iteration,3,303,1592227574.353051,0.034111
[MO866] Iteration,2,303,1592227574.353529,0.034101
[MO866] Iteration,1,303,1592227574.353843,0.034084
[MO866] Iteration,0,304,1592227574.386704,0.034009
[MO866] Iteration,3,304,1592227574.387091,0.034005
[MO866] Iteration,2,304,1592227574.387626,0.034080
[MO866] Iteration,1,304,1592227574.387927,0.034065
[MO866] Iteration,0,305,1592227574.420819,0.034062
[MO866] Iteration,3,305,1592227574.421189,0.034063
[MO866] Iteration,2,305,1592227574.421697,0.034054
[MO866] Iteration,1,305,1592227574.421996,0.034051
[MO866] Iteration,0,306,1592227574.454920,0.034049
[MO866] Iteration,3,306,1592227574.455307,0.034082
[MO866] Iteration,2,306,1592227574.455856,0.034143
[MO866] Iteration,1,306,1592227574.456153,0.034139
[MO866] Iteration,0,307,1592227574.489090,0.034114
[MO866] Iteration,3,307,1592227574.489429,0.034084
[MO866] Iteration,2,307,1592227574.489944,0.034071
[MO866] Iteration,1,307,1592227574.490252,0.034082
[MO866] Iteration,0,308,1592227574.523109,0.033968
[MO866] Iteration,3,308,1592227574.523547,0.034082
[MO866] Iteration,2,308,1592227574.524040,0.034079
[MO866] Iteration,1,308,1592227574.524341,0.034070
[MO866] Iteration,0,309,1592227574.557141,0.033976
[MO866] Iteration,3,309,1592227574.557526,0.033947
[MO866] Iteration,2,309,1592227574.558040,0.033984
[MO866] Iteration,1,309,1592227574.558351,0.033992
[MO866] Iteration,0,310,1592227574.591293,0.034097
[MO866] Iteration,3,310,1592227574.591700,0.034138
[MO866] Iteration,2,310,1592227574.592202,0.034145
[MO866] Iteration,1,310,1592227574.592514,0.034144
[MO866] Iteration,0,311,1592227574.625585,0.034236
[MO866] Iteration,3,311,1592227574.625956,0.034222
[MO866] Iteration,2,311,1592227574.626418,0.034199
[MO866] Iteration,1,311,1592227574.626730,0.034198
[MO866] Iteration,0,312,1592227574.659732,0.034096
[MO866] Iteration,3,312,1592227574.660115,0.034122
[MO866] Iteration,2,312,1592227574.660614,0.034182
[MO866] Iteration,1,312,1592227574.660918,0.034169
[MO866] Iteration,0,313,1592227574.693777,0.033990
[MO866] Iteration,3,313,1592227574.694161,0.034012
[MO866] Iteration,2,313,1592227574.694664,0.034034
[MO866] Iteration,1,313,1592227574.694964,0.034027
[MO866] Iteration,0,314,1592227574.727955,0.034121
[MO866] Iteration,3,314,1592227574.728286,0.034089
[MO866] Iteration,2,314,1592227574.728822,0.034140
[MO866] Iteration,1,314,1592227574.729145,0.034162
[MO866] Iteration,0,315,1592227574.761969,0.033966
[MO866] Iteration,3,315,1592227574.762348,0.034029
[MO866] Iteration,2,315,1592227574.762886,0.034049
[MO866] Iteration,1,315,1592227574.763181,0.034018
[MO866] Iteration,0,316,1592227574.796089,0.034065
[MO866] Iteration,3,316,1592227574.796469,0.034084
[MO866] Iteration,2,316,1592227574.797026,0.034123
[MO866] Iteration,1,316,1592227574.797345,0.034146
[MO866] Iteration,0,317,1592227574.830086,0.033948
[MO866] Iteration,3,317,1592227574.830477,0.033975
[MO866] Iteration,2,317,1592227574.831024,0.033972
[MO866] Iteration,1,317,1592227574.831334,0.033971
[MO866] Iteration,0,318,1592227574.864242,0.034101
[MO866] Iteration,3,318,1592227574.864648,0.034133
[MO866] Iteration,2,318,1592227574.865197,0.034156
[MO866] Iteration,1,318,1592227574.865503,0.034151
[MO866] Iteration,0,319,1592227574.898253,0.033969
 Time step  320
[MO866] Iteration,3,319,1592227574.898656,0.033974
[MO866] Iteration,2,319,1592227574.899201,0.033987
[MO866] Iteration,1,319,1592227574.899520,0.033999
[MO866] Iteration,0,320,1592227574.932609,0.034301
[MO866] Iteration,3,320,1592227574.932979,0.034285
[MO866] Iteration,2,320,1592227574.933487,0.034269
[MO866] Iteration,1,320,1592227574.933785,0.034243
[MO866] Iteration,0,321,1592227574.966680,0.034021
[MO866] Iteration,3,321,1592227574.967056,0.034043
[MO866] Iteration,2,321,1592227574.967587,0.034084
[MO866] Iteration,1,321,1592227574.967883,0.034080
[MO866] Iteration,0,322,1592227575.001533,0.034789
[MO866] Iteration,3,322,1592227575.001911,0.034819
[MO866] Iteration,2,322,1592227575.002304,0.034701
[MO866] Iteration,1,322,1592227575.002600,0.034700
[MO866] Iteration,0,323,1592227575.036665,0.035077
[MO866] Iteration,3,323,1592227575.037049,0.035108
[MO866] Iteration,2,323,1592227575.037411,0.035090
[MO866] Iteration,1,323,1592227575.037700,0.035082
[MO866] Iteration,0,324,1592227575.071692,0.034980
[MO866] Iteration,3,324,1592227575.072073,0.034987
[MO866] Iteration,2,324,1592227575.072464,0.035037
[MO866] Iteration,1,324,1592227575.072759,0.035041
[MO866] Iteration,0,325,1592227575.106696,0.034954
[MO866] Iteration,3,325,1592227575.107089,0.034985
[MO866] Iteration,2,325,1592227575.107492,0.035011
[MO866] Iteration,1,325,1592227575.107810,0.035033
[MO866] Iteration,0,326,1592227575.141828,0.035082
[MO866] Iteration,3,326,1592227575.142210,0.035085
[MO866] Iteration,2,326,1592227575.142585,0.035078
[MO866] Iteration,1,326,1592227575.142893,0.035065
[MO866] Iteration,0,327,1592227575.176853,0.034973
[MO866] Iteration,3,327,1592227575.177219,0.034970
[MO866] Iteration,2,327,1592227575.177603,0.035002
[MO866] Iteration,1,327,1592227575.177905,0.034995
[MO866] Iteration,0,328,1592227575.211927,0.035026
[MO866] Iteration,3,328,1592227575.212295,0.035046
[MO866] Iteration,2,328,1592227575.212641,0.035022
[MO866] Iteration,1,328,1592227575.212946,0.035023
[MO866] Iteration,0,329,1592227575.246831,0.034860
[MO866] Iteration,3,329,1592227575.247220,0.034897
[MO866] Iteration,2,329,1592227575.247635,0.034979
[MO866] Iteration,1,329,1592227575.247928,0.034964
[MO866] Iteration,0,330,1592227575.281399,0.034516
[MO866] Iteration,3,330,1592227575.281772,0.034515
[MO866] Iteration,2,330,1592227575.282259,0.034608
[MO866] Iteration,1,330,1592227575.282562,0.034616
[MO866] Iteration,0,331,1592227575.315441,0.033987
[MO866] Iteration,3,331,1592227575.315847,0.034037
[MO866] Iteration,2,331,1592227575.316364,0.034089
[MO866] Iteration,1,331,1592227575.316656,0.034076
[MO866] Iteration,0,332,1592227575.349441,0.033928
[MO866] Iteration,3,332,1592227575.349825,0.033944
[MO866] Iteration,2,332,1592227575.350358,0.033978
[MO866] Iteration,1,332,1592227575.350660,0.033986
[MO866] Iteration,0,333,1592227575.384319,0.034824
[MO866] Iteration,3,333,1592227575.384680,0.034818
[MO866] Iteration,2,333,1592227575.385138,0.034764
[MO866] Iteration,1,333,1592227575.385437,0.034758
[MO866] Iteration,0,334,1592227575.418779,0.034417
[MO866] Iteration,3,334,1592227575.419168,0.034452
[MO866] Iteration,2,334,1592227575.419660,0.034505
[MO866] Iteration,1,334,1592227575.419963,0.034507
[MO866] Iteration,0,335,1592227575.453237,0.034407
[MO866] Iteration,3,335,1592227575.453612,0.034408
[MO866] Iteration,2,335,1592227575.454143,0.034468
[MO866] Iteration,1,335,1592227575.454451,0.034471
[MO866] Iteration,0,336,1592227575.487783,0.034494
[MO866] Iteration,3,336,1592227575.488163,0.034515
[MO866] Iteration,2,336,1592227575.488684,0.034525
[MO866] Iteration,1,336,1592227575.488971,0.034501
[MO866] Iteration,0,337,1592227575.522264,0.034432
[MO866] Iteration,3,337,1592227575.522644,0.034449
[MO866] Iteration,2,337,1592227575.523118,0.034418
[MO866] Iteration,1,337,1592227575.523413,0.034425
[MO866] Iteration,0,338,1592227575.556768,0.034452
[MO866] Iteration,3,338,1592227575.557134,0.034455
[MO866] Iteration,2,338,1592227575.557623,0.034489
[MO866] Iteration,1,338,1592227575.557923,0.034492
[MO866] Iteration,0,339,1592227575.591239,0.034423
 Time step  340
[MO866] Iteration,3,339,1592227575.591647,0.034478
[MO866] Iteration,2,339,1592227575.592107,0.034467
[MO866] Iteration,1,339,1592227575.592409,0.034468
[MO866] Iteration,0,340,1592227575.629512,0.038220
[MO866] Iteration,3,340,1592227575.629879,0.038198
[MO866] Iteration,2,340,1592227575.630486,0.038362
[MO866] Iteration,1,340,1592227575.630780,0.038354
[MO866] Iteration,0,341,1592227575.664243,0.034661
[MO866] Iteration,3,341,1592227575.664613,0.034699
[MO866] Iteration,2,341,1592227575.665127,0.034612
[MO866] Iteration,1,341,1592227575.665425,0.034624
[MO866] Iteration,0,342,1592227575.698715,0.034424
[MO866] Iteration,3,342,1592227575.699100,0.034452
[MO866] Iteration,2,342,1592227575.699617,0.034474
[MO866] Iteration,1,342,1592227575.699912,0.034468
[MO866] Iteration,0,343,1592227575.733270,0.034502
[MO866] Iteration,3,343,1592227575.733617,0.034478
[MO866] Iteration,2,343,1592227575.734098,0.034466
[MO866] Iteration,1,343,1592227575.734384,0.034456
[MO866] Iteration,0,344,1592227575.767814,0.034495
[MO866] Iteration,3,344,1592227575.768196,0.034543
[MO866] Iteration,2,344,1592227575.768669,0.034555
[MO866] Iteration,1,344,1592227575.768953,0.034551
[MO866] Iteration,0,345,1592227575.802168,0.034312
[MO866] Iteration,3,345,1592227575.802546,0.034317
[MO866] Iteration,2,345,1592227575.803063,0.034379
[MO866] Iteration,1,345,1592227575.803375,0.034405
[MO866] Iteration,0,346,1592227575.836699,0.034476
[MO866] Iteration,3,346,1592227575.837072,0.034489
[MO866] Iteration,2,346,1592227575.837553,0.034474
[MO866] Iteration,1,346,1592227575.837851,0.034458
[MO866] Iteration,0,347,1592227575.871181,0.034431
[MO866] Iteration,3,347,1592227575.871579,0.034472
[MO866] Iteration,2,347,1592227575.872057,0.034488
[MO866] Iteration,1,347,1592227575.872347,0.034478
[MO866] Iteration,0,348,1592227575.905659,0.034425
[MO866] Iteration,3,348,1592227575.906029,0.034417
[MO866] Iteration,2,348,1592227575.906530,0.034457
[MO866] Iteration,1,348,1592227575.906815,0.034451
[MO866] Iteration,0,349,1592227575.940154,0.034444
[MO866] Iteration,3,349,1592227575.940531,0.034464
[MO866] Iteration,2,349,1592227575.941040,0.034493
[MO866] Iteration,1,349,1592227575.941332,0.034499
[MO866] Iteration,0,350,1592227575.974622,0.034424
[MO866] Iteration,3,350,1592227575.974990,0.034425
[MO866] Iteration,2,350,1592227575.975468,0.034410
[MO866] Iteration,1,350,1592227575.975789,0.034439
[MO866] Iteration,0,351,1592227576.009100,0.034425
[MO866] Iteration,3,351,1592227576.009463,0.034437
[MO866] Iteration,2,351,1592227576.009972,0.034478
[MO866] Iteration,1,351,1592227576.010274,0.034467
[MO866] Iteration,0,352,1592227576.043603,0.034452
[MO866] Iteration,3,352,1592227576.043986,0.034487
[MO866] Iteration,2,352,1592227576.044493,0.034505
[MO866] Iteration,1,352,1592227576.044798,0.034507
[MO866] Iteration,0,353,1592227576.077993,0.034342
[MO866] Iteration,3,353,1592227576.078364,0.034346
[MO866] Iteration,2,353,1592227576.078840,0.034331
[MO866] Iteration,1,353,1592227576.079140,0.034324
[MO866] Iteration,0,354,1592227576.112493,0.034448
[MO866] Iteration,3,354,1592227576.112867,0.034466
[MO866] Iteration,2,354,1592227576.113353,0.034497
[MO866] Iteration,1,354,1592227576.113648,0.034489
[MO866] Iteration,0,355,1592227576.147024,0.034482
[MO866] Iteration,3,355,1592227576.147390,0.034489
[MO866] Iteration,2,355,1592227576.147869,0.034500
[MO866] Iteration,1,355,1592227576.148173,0.034506
[MO866] Iteration,0,356,1592227576.181438,0.034363
[MO866] Iteration,3,356,1592227576.181813,0.034385
[MO866] Iteration,2,356,1592227576.182313,0.034428
[MO866] Iteration,1,356,1592227576.182607,0.034417
[MO866] Iteration,0,357,1592227576.215983,0.034491
[MO866] Iteration,3,357,1592227576.216345,0.034496
[MO866] Iteration,2,357,1592227576.216858,0.034529
[MO866] Iteration,1,357,1592227576.217159,0.034534
[MO866] Iteration,0,358,1592227576.250399,0.034368
[MO866] Iteration,3,358,1592227576.250790,0.034412
[MO866] Iteration,2,358,1592227576.251287,0.034413
[MO866] Iteration,1,358,1592227576.251611,0.034434
[MO866] Iteration,0,359,1592227576.284997,0.034546
 Time step  360
[MO866] Iteration,3,359,1592227576.285359,0.034532
[MO866] Iteration,2,359,1592227576.285840,0.034537
[MO866] Iteration,1,359,1592227576.286128,0.034500
[MO866] Iteration,0,360,1592227576.319473,0.034426
[MO866] Iteration,3,360,1592227576.319871,0.034477
[MO866] Iteration,2,360,1592227576.320380,0.034524
[MO866] Iteration,1,360,1592227576.320682,0.034537
[MO866] Iteration,0,361,1592227576.353973,0.034434
[MO866] Iteration,3,361,1592227576.354340,0.034436
[MO866] Iteration,2,361,1592227576.354811,0.034415
[MO866] Iteration,1,361,1592227576.355112,0.034413
[MO866] Iteration,0,362,1592227576.388513,0.034485
[MO866] Iteration,3,362,1592227576.388878,0.034503
[MO866] Iteration,2,362,1592227576.389358,0.034529
[MO866] Iteration,1,362,1592227576.389655,0.034525
[MO866] Iteration,0,363,1592227576.422960,0.034399
[MO866] Iteration,3,363,1592227576.423344,0.034433
[MO866] Iteration,2,363,1592227576.423864,0.034491
[MO866] Iteration,1,363,1592227576.424163,0.034491
[MO866] Iteration,0,364,1592227576.457443,0.034428
[MO866] Iteration,3,364,1592227576.457821,0.034442
[MO866] Iteration,2,364,1592227576.458306,0.034428
[MO866] Iteration,1,364,1592227576.458604,0.034424
[MO866] Iteration,0,365,1592227576.492029,0.034534
[MO866] Iteration,3,365,1592227576.492390,0.034534
[MO866] Iteration,2,365,1592227576.492899,0.034576
[MO866] Iteration,1,365,1592227576.493196,0.034574
[MO866] Iteration,0,366,1592227576.526515,0.034437
[MO866] Iteration,3,366,1592227576.526898,0.034476
[MO866] Iteration,2,366,1592227576.527380,0.034464
[MO866] Iteration,1,366,1592227576.527709,0.034495
[MO866] Iteration,0,367,1592227576.561058,0.034487
[MO866] Iteration,3,367,1592227576.561429,0.034494
[MO866] Iteration,2,367,1592227576.561914,0.034519
[MO866] Iteration,1,367,1592227576.562217,0.034491
[MO866] Iteration,0,368,1592227576.595608,0.034499
[MO866] Iteration,3,368,1592227576.595989,0.034524
[MO866] Iteration,2,368,1592227576.596458,0.034529
[MO866] Iteration,1,368,1592227576.596756,0.034522
[MO866] Iteration,0,369,1592227576.630064,0.034406
[MO866] Iteration,3,369,1592227576.630425,0.034403
[MO866] Iteration,2,369,1592227576.630910,0.034436
[MO866] Iteration,1,369,1592227576.631206,0.034434
[MO866] Iteration,0,370,1592227576.664679,0.034561
[MO866] Iteration,3,370,1592227576.665032,0.034571
[MO866] Iteration,2,370,1592227576.665472,0.034547
[MO866] Iteration,1,370,1592227576.665770,0.034547
[MO866] Iteration,0,371,1592227576.699121,0.034392
[MO866] Iteration,3,371,1592227576.699523,0.034455
[MO866] Iteration,2,371,1592227576.700036,0.034548
[MO866] Iteration,1,371,1592227576.700330,0.034540
[MO866] Iteration,0,372,1592227576.733553,0.034378
[MO866] Iteration,3,372,1592227576.733931,0.034373
[MO866] Iteration,2,372,1592227576.734450,0.034399
[MO866] Iteration,1,372,1592227576.734747,0.034400
[MO866] Iteration,0,373,1592227576.768183,0.034575
[MO866] Iteration,3,373,1592227576.768548,0.034581
[MO866] Iteration,2,373,1592227576.769051,0.034585
[MO866] Iteration,1,373,1592227576.769346,0.034581
[MO866] Iteration,0,374,1592227576.802643,0.034412
[MO866] Iteration,3,374,1592227576.803018,0.034437
[MO866] Iteration,2,374,1592227576.803514,0.034446
[MO866] Iteration,1,374,1592227576.803813,0.034450
[MO866] Iteration,0,375,1592227576.837139,0.034440
[MO866] Iteration,3,375,1592227576.837510,0.034458
[MO866] Iteration,2,375,1592227576.837984,0.034456
[MO866] Iteration,1,375,1592227576.838287,0.034458
[MO866] Iteration,0,376,1592227576.871638,0.034446
[MO866] Iteration,3,376,1592227576.872017,0.034472
[MO866] Iteration,2,376,1592227576.872547,0.034547
[MO866] Iteration,1,376,1592227576.872822,0.034517
[MO866] Iteration,0,377,1592227576.906094,0.034407
[MO866] Iteration,3,377,1592227576.906465,0.034414
[MO866] Iteration,2,377,1592227576.906967,0.034405
[MO866] Iteration,1,377,1592227576.907266,0.034427
[MO866] Iteration,0,378,1592227576.940598,0.034451
[MO866] Iteration,3,378,1592227576.940976,0.034473
[MO866] Iteration,2,378,1592227576.941457,0.034474
[MO866] Iteration,1,378,1592227576.941766,0.034482
[MO866] Iteration,0,379,1592227576.975080,0.034430
 Time step  380
[MO866] Iteration,3,379,1592227576.975466,0.034456
[MO866] Iteration,2,379,1592227576.975985,0.034512
[MO866] Iteration,1,379,1592227576.976284,0.034501
[MO866] Iteration,0,380,1592227577.009558,0.034425
[MO866] Iteration,3,380,1592227577.009933,0.034419
[MO866] Iteration,2,380,1592227577.010439,0.034438
[MO866] Iteration,1,380,1592227577.010731,0.034432
[MO866] Iteration,0,381,1592227577.044141,0.034526
[MO866] Iteration,3,381,1592227577.044488,0.034518
[MO866] Iteration,2,381,1592227577.044980,0.034525
[MO866] Iteration,1,381,1592227577.045276,0.034527
[MO866] Iteration,0,382,1592227577.078570,0.034382
[MO866] Iteration,3,382,1592227577.078948,0.034428
[MO866] Iteration,2,382,1592227577.079418,0.034421
[MO866] Iteration,1,382,1592227577.079731,0.034439
[MO866] Iteration,0,383,1592227577.113064,0.034441
[MO866] Iteration,3,383,1592227577.113438,0.034455
[MO866] Iteration,2,383,1592227577.113929,0.034496
[MO866] Iteration,1,383,1592227577.114221,0.034474
[MO866] Iteration,0,384,1592227577.147595,0.034480
[MO866] Iteration,3,384,1592227577.147979,0.034505
[MO866] Iteration,2,384,1592227577.148493,0.034549
[MO866] Iteration,1,384,1592227577.148783,0.034545
[MO866] Iteration,0,385,1592227577.182054,0.034412
[MO866] Iteration,3,385,1592227577.182440,0.034428
[MO866] Iteration,2,385,1592227577.182950,0.034442
[MO866] Iteration,1,385,1592227577.183244,0.034445
[MO866] Iteration,0,386,1592227577.216608,0.034502
[MO866] Iteration,3,386,1592227577.216995,0.034517
[MO866] Iteration,2,386,1592227577.217433,0.034467
[MO866] Iteration,1,386,1592227577.217724,0.034462
[MO866] Iteration,0,387,1592227577.251014,0.034360
[MO866] Iteration,3,387,1592227577.251400,0.034370
[MO866] Iteration,2,387,1592227577.251925,0.034476
[MO866] Iteration,1,387,1592227577.252220,0.034479
[MO866] Iteration,0,388,1592227577.285505,0.034440
[MO866] Iteration,3,388,1592227577.285875,0.034439
[MO866] Iteration,2,388,1592227577.286362,0.034422
[MO866] Iteration,1,388,1592227577.286670,0.034434
[MO866] Iteration,0,389,1592227577.320035,0.034477
[MO866] Iteration,3,389,1592227577.320420,0.034507
[MO866] Iteration,2,389,1592227577.320909,0.034530
[MO866] Iteration,1,389,1592227577.321199,0.034511
[MO866] Iteration,0,390,1592227577.354426,0.034344
[MO866] Iteration,3,390,1592227577.354808,0.034356
[MO866] Iteration,2,390,1592227577.355297,0.034372
[MO866] Iteration,1,390,1592227577.355614,0.034398
[MO866] Iteration,0,391,1592227577.388981,0.034502
[MO866] Iteration,3,391,1592227577.389338,0.034492
[MO866] Iteration,2,391,1592227577.389812,0.034499
[MO866] Iteration,1,391,1592227577.390110,0.034479
[MO866] Iteration,0,392,1592227577.423479,0.034450
[MO866] Iteration,3,392,1592227577.423918,0.034545
[MO866] Iteration,2,392,1592227577.424390,0.034563
[MO866] Iteration,1,392,1592227577.424695,0.034567
[MO866] Iteration,0,393,1592227577.457907,0.034367
[MO866] Iteration,3,393,1592227577.458283,0.034333
[MO866] Iteration,2,393,1592227577.458869,0.034463
[MO866] Iteration,1,393,1592227577.459178,0.034466
[MO866] Iteration,0,394,1592227577.492525,0.034568
[MO866] Iteration,3,394,1592227577.492895,0.034574
[MO866] Iteration,2,394,1592227577.493367,0.034482
[MO866] Iteration,1,394,1592227577.493656,0.034458
[MO866] Iteration,0,395,1592227577.527002,0.034428
[MO866] Iteration,3,395,1592227577.527378,0.034450
[MO866] Iteration,2,395,1592227577.527882,0.034500
[MO866] Iteration,1,395,1592227577.528181,0.034507
[MO866] Iteration,0,396,1592227577.561584,0.034527
[MO866] Iteration,3,396,1592227577.561941,0.034529
[MO866] Iteration,2,396,1592227577.562377,0.034481
[MO866] Iteration,1,396,1592227577.562671,0.034473
[MO866] Iteration,0,397,1592227577.596020,0.034383
[MO866] Iteration,3,397,1592227577.596405,0.034427
[MO866] Iteration,2,397,1592227577.596892,0.034497
[MO866] Iteration,1,397,1592227577.597186,0.034496
[MO866] Iteration,0,398,1592227577.630439,0.034372
[MO866] Iteration,3,398,1592227577.630795,0.034359
[MO866] Iteration,2,398,1592227577.631300,0.034392
[MO866] Iteration,1,398,1592227577.631618,0.034414
[MO866] Iteration,0,399,1592227577.664932,0.034442
 Time step  400
[MO866] Iteration,3,399,1592227577.665296,0.034463
[MO866] Iteration,2,399,1592227577.665802,0.034486
[MO866] Iteration,1,399,1592227577.666105,0.034470
[MO866] Iteration,0,400,1592227577.699504,0.034523
[MO866] Iteration,3,400,1592227577.699884,0.034553
[MO866] Iteration,2,400,1592227577.700328,0.034510
[MO866] Iteration,1,400,1592227577.700613,0.034488
 Verification being performed for class A
 accuracy setting for epsilon =  0.1000000000000E-07
 Comparison of RMS-norms of residual
           1 0.2479982239930E+01 0.2479982239930E+01 0.7306036095804E-13
           2 0.1127633796437E+01 0.1127633796437E+01 0.7935552842380E-13
           3 0.1502897788877E+01 0.1502897788877E+01 0.4136840831036E-13
           4 0.1421781621170E+01 0.1421781621170E+01 0.4029276171367E-13
           5 0.2129211303514E+01 0.2129211303514E+01 0.1126277006530E-12
 Comparison of RMS-norms of solution error
           1 0.1090014029782E-03 0.1090014029782E-03 0.3983645698278E-12
           2 0.3734395176929E-04 0.3734395176928E-04 0.1014335966243E-12
           3 0.5009278540654E-04 0.5009278540654E-04 0.6357889376342E-14
           4 0.4767109393954E-04 0.4767109393953E-04 0.1975831808143E-12
           5 0.1362161339921E-03 0.1362161339921E-03 0.6944598762055E-13
 Verification Successful


 SP Benchmark Completed.
 Class           =                        A
 Size            =             64x  64x  64
 Iterations      =                      400
 Time in seconds =                    13.75
 Total processes =                        4
 Active procs    =                        4
 Mop/s total     =                  6182.78
 Mop/s/process   =                  1545.70
 Operation type  =           floating point
 Verification    =               SUCCESSFUL
 Version         =                      3.4
 Compile date    =              15 Jun 2020

 Compile options:
    MPIFC        = mpif90
    FLINK        = $(MPIFC)
    FMPI_LIB     = (none)
    FMPI_INC     = (none)
    FFLAGS       = -O3
    FLINKFLAGS   = $(FFLAGS) -O ../kernel_stats/kernel_stats.o...
    RAND         = (none)


 Please send feedbacks and/or the results of this run to:

 NPB Development Team 
 Internet: npb@nas.nasa.gov


