--------------------------------------------------------------------------
[[59426,1],0]: A high-performance Open MPI point-to-point messaging module
was unable to find any relevant network interfaces:

Module: OpenFabrics (openib)
  Host: node06

Another transport will be used instead, although this may result in
lower performance.

NOTE: You can disable this warning by setting the MCA parameter
btl_base_warn_component_unused to 0.
--------------------------------------------------------------------------


 NAS Parallel Benchmarks 3.4 -- SP Benchmark

 No input file inputsp.data. Using compiled defaults
 Size:  102x 102x 102  (class B)
 Iterations:  400    dt:   0.0010000
 Total number of processes:     4

[MO866] Init time,1,1592227813.248065
[MO866] Init time,2,1592227813.248050
[MO866] Init time,3,1592227813.248065
[MO866] Init time,0,1592227813.248050
 Time step    1
[MO866] Iteration,2,1,1592227813.443392,0.195305
[MO866] Iteration,0,1,1592227813.443382,0.195295
[MO866] Iteration,3,1,1592227813.445039,0.196912
[MO866] Iteration,1,1,1592227813.445034,0.196907
[MO866] Iteration,0,2,1592227813.639978,0.196544
[MO866] Iteration,2,2,1592227813.639912,0.196479
[MO866] Iteration,1,2,1592227813.641533,0.196461
[MO866] Iteration,3,2,1592227813.641592,0.196521
[MO866] Iteration,3,3,1592227813.854133,0.212518
[MO866] Iteration,1,3,1592227813.854295,0.212721
[MO866] Iteration,0,3,1592227813.855210,0.215211
[MO866] Iteration,2,3,1592227813.855737,0.215761
[MO866] Iteration,0,4,1592227814.050513,0.195258
[MO866] Iteration,2,4,1592227814.050514,0.194754
[MO866] Iteration,3,4,1592227814.052106,0.197909
[MO866] Iteration,1,4,1592227814.052108,0.197784
[MO866] Iteration,0,5,1592227814.245229,0.194666
[MO866] Iteration,2,5,1592227814.245196,0.194633
[MO866] Iteration,1,5,1592227814.246759,0.194620
[MO866] Iteration,3,5,1592227814.246788,0.194649
[MO866] Iteration,2,6,1592227814.439681,0.194428
[MO866] Iteration,0,6,1592227814.439709,0.194457
[MO866] Iteration,3,6,1592227814.441280,0.194459
[MO866] Iteration,1,6,1592227814.441274,0.194475
[MO866] Iteration,0,7,1592227814.634123,0.194385
[MO866] Iteration,2,7,1592227814.634084,0.194346
[MO866] Iteration,1,7,1592227814.635683,0.194374
[MO866] Iteration,3,7,1592227814.635740,0.194431
[MO866] Iteration,2,8,1592227814.828843,0.194694
[MO866] Iteration,0,8,1592227814.828847,0.194698
[MO866] Iteration,3,8,1592227814.830417,0.194655
[MO866] Iteration,1,8,1592227814.830441,0.194724
[MO866] Iteration,0,9,1592227815.023386,0.194488
[MO866] Iteration,2,9,1592227815.023374,0.194476
[MO866] Iteration,1,9,1592227815.024959,0.194483
[MO866] Iteration,3,9,1592227815.024987,0.194511
[MO866] Iteration,2,10,1592227815.218083,0.194657
[MO866] Iteration,0,10,1592227815.218131,0.194705
[MO866] Iteration,3,10,1592227815.219778,0.194759
[MO866] Iteration,1,10,1592227815.219757,0.194759
[MO866] Iteration,0,11,1592227815.413268,0.195116
[MO866] Iteration,2,11,1592227815.413150,0.194999
[MO866] Iteration,1,11,1592227815.414707,0.194900
[MO866] Iteration,3,11,1592227815.414833,0.195023
[MO866] Iteration,2,12,1592227815.607787,0.194557
[MO866] Iteration,0,12,1592227815.607931,0.194637
[MO866] Iteration,1,12,1592227815.609372,0.194623
[MO866] Iteration,3,12,1592227815.609500,0.194644
[MO866] Iteration,2,13,1592227815.802590,0.194742
[MO866] Iteration,0,13,1592227815.802644,0.194689
[MO866] Iteration,1,13,1592227815.804214,0.194804
[MO866] Iteration,3,13,1592227815.804247,0.194723
[MO866] Iteration,0,14,1592227815.997446,0.194767
[MO866] Iteration,2,14,1592227815.997403,0.194747
[MO866] Iteration,3,14,1592227815.999027,0.194748
[MO866] Iteration,1,14,1592227815.998967,0.194718
[MO866] Iteration,2,15,1592227816.197584,0.200121
[MO866] Iteration,0,15,1592227816.197583,0.200103
[MO866] Iteration,1,15,1592227816.199090,0.200083
[MO866] Iteration,3,15,1592227816.199157,0.200093
[MO866] Iteration,0,16,1592227816.392311,0.194663
[MO866] Iteration,2,16,1592227816.392273,0.194626
[MO866] Iteration,3,16,1592227816.393882,0.194700
[MO866] Iteration,1,16,1592227816.393858,0.194727
[MO866] Iteration,2,17,1592227816.586953,0.194628
[MO866] Iteration,0,17,1592227816.586992,0.194650
[MO866] Iteration,1,17,1592227816.588555,0.194657
[MO866] Iteration,3,17,1592227816.588645,0.194742
[MO866] Iteration,0,18,1592227816.782423,0.195405
[MO866] Iteration,2,18,1592227816.782256,0.195238
[MO866] Iteration,3,18,1592227816.783962,0.195296
[MO866] Iteration,1,18,1592227816.783879,0.195291
[MO866] Iteration,2,19,1592227816.996215,0.213889
[MO866] Iteration,0,19,1592227816.996299,0.213848
 Time step   20
[MO866] Iteration,1,19,1592227816.997771,0.213854
[MO866] Iteration,3,19,1592227816.997853,0.213871
[MO866] Iteration,0,20,1592227817.192594,0.196265
[MO866] Iteration,2,20,1592227817.192435,0.196146
[MO866] Iteration,1,20,1592227817.194033,0.196200
[MO866] Iteration,3,20,1592227817.194161,0.196256
[MO866] Iteration,2,21,1592227817.387021,0.194523
[MO866] Iteration,0,21,1592227817.387056,0.194437
[MO866] Iteration,1,21,1592227817.388608,0.194536
[MO866] Iteration,3,21,1592227817.388635,0.194451
[MO866] Iteration,1,22,1592227817.584962,0.196317
[MO866] Iteration,3,22,1592227817.584963,0.196311
[MO866] Iteration,0,22,1592227817.587169,0.200087
[MO866] Iteration,2,22,1592227817.587186,0.200104
[MO866] Iteration,0,23,1592227817.780594,0.193381
[MO866] Iteration,2,23,1592227817.780594,0.193382
[MO866] Iteration,3,23,1592227817.782179,0.197167
[MO866] Iteration,1,23,1592227817.782156,0.197144
[MO866] Iteration,2,24,1592227817.975334,0.194699
[MO866] Iteration,0,24,1592227817.975439,0.194804
[MO866] Iteration,1,24,1592227817.976932,0.194737
[MO866] Iteration,3,24,1592227817.977015,0.194816
[MO866] Iteration,0,25,1592227818.170183,0.194714
[MO866] Iteration,2,25,1592227818.170024,0.194608
[MO866] Iteration,1,25,1592227818.171676,0.194708
[MO866] Iteration,3,25,1592227818.171784,0.194746
[MO866] Iteration,2,26,1592227818.364920,0.194828
[MO866] Iteration,0,26,1592227818.364950,0.194742
[MO866] Iteration,1,26,1592227818.366485,0.194775
[MO866] Iteration,3,26,1592227818.366526,0.194722
[MO866] Iteration,0,27,1592227818.560143,0.195170
[MO866] Iteration,2,27,1592227818.560120,0.195135
[MO866] Iteration,3,27,1592227818.561687,0.195128
[MO866] Iteration,1,27,1592227818.561680,0.195156
[MO866] Iteration,2,28,1592227818.754973,0.194799
[MO866] Iteration,0,28,1592227818.755192,0.195019
[MO866] Iteration,1,28,1592227818.756590,0.194873
[MO866] Iteration,3,28,1592227818.756747,0.195030
[MO866] Iteration,0,29,1592227818.949816,0.194599
[MO866] Iteration,2,29,1592227818.949730,0.194685
[MO866] Iteration,3,29,1592227818.951423,0.194655
[MO866] Iteration,1,29,1592227818.951329,0.194702
[MO866] Iteration,2,30,1592227819.144969,0.195171
[MO866] Iteration,0,30,1592227819.144996,0.195157
[MO866] Iteration,1,30,1592227819.146529,0.195159
[MO866] Iteration,3,30,1592227819.146520,0.195074
[MO866] Iteration,1,31,1592227819.342303,0.195744
[MO866] Iteration,3,31,1592227819.342443,0.195884
[MO866] Iteration,0,31,1592227819.342709,0.197685
[MO866] Iteration,2,31,1592227819.344197,0.199173
[MO866] Iteration,0,32,1592227819.537281,0.194509
[MO866] Iteration,2,32,1592227819.537265,0.193044
[MO866] Iteration,3,32,1592227819.538809,0.196336
[MO866] Iteration,1,32,1592227819.538846,0.196465
[MO866] Iteration,2,33,1592227819.732545,0.195231
[MO866] Iteration,0,33,1592227819.732664,0.195351
[MO866] Iteration,1,33,1592227819.734111,0.195237
[MO866] Iteration,3,33,1592227819.734194,0.195343
[MO866] Iteration,0,34,1592227819.927387,0.194700
[MO866] Iteration,2,34,1592227819.927431,0.194822
[MO866] Iteration,3,34,1592227819.929019,0.194803
[MO866] Iteration,1,34,1592227819.929043,0.194893
[MO866] Iteration,2,35,1592227820.122326,0.194860
[MO866] Iteration,0,35,1592227820.122392,0.194942
[MO866] Iteration,1,35,1592227820.123973,0.194898
[MO866] Iteration,3,35,1592227820.123991,0.194935
[MO866] Iteration,2,36,1592227820.317745,0.195347
[MO866] Iteration,0,36,1592227820.317948,0.195521
[MO866] Iteration,1,36,1592227820.319331,0.195315
[MO866] Iteration,3,36,1592227820.319449,0.195433
[MO866] Iteration,2,37,1592227820.512377,0.194563
[MO866] Iteration,0,37,1592227820.512507,0.194535
[MO866] Iteration,3,37,1592227820.514082,0.194611
[MO866] Iteration,1,37,1592227820.514005,0.194633
[MO866] Iteration,2,38,1592227820.707289,0.194854
[MO866] Iteration,0,38,1592227820.707550,0.195020
[MO866] Iteration,1,38,1592227820.708970,0.194926
[MO866] Iteration,3,38,1592227820.709069,0.194964
[MO866] Iteration,2,39,1592227820.912439,0.205065
[MO866] Iteration,0,39,1592227820.914822,0.207250
 Time step   40
[MO866] Iteration,1,39,1592227820.921320,0.212313
[MO866] Iteration,3,39,1592227820.923091,0.214000
[MO866] Iteration,2,40,1592227821.118704,0.206222
[MO866] Iteration,0,40,1592227821.118807,0.203948
[MO866] Iteration,1,40,1592227821.120318,0.198951
[MO866] Iteration,3,40,1592227821.120378,0.197255
[MO866] Iteration,1,41,1592227821.314189,0.193833
[MO866] Iteration,3,41,1592227821.314163,0.193750
[MO866] Iteration,0,41,1592227821.319700,0.200864
[MO866] Iteration,2,41,1592227821.319757,0.200970
[MO866] Iteration,0,42,1592227821.512143,0.192399
[MO866] Iteration,2,42,1592227821.512123,0.192339
[MO866] Iteration,3,42,1592227821.513649,0.199427
[MO866] Iteration,1,42,1592227821.513664,0.199442
[MO866] Iteration,2,43,1592227821.706670,0.194497
[MO866] Iteration,0,43,1592227821.706771,0.194598
[MO866] Iteration,1,43,1592227821.708303,0.194616
[MO866] Iteration,3,43,1592227821.708395,0.194708
[MO866] Iteration,0,44,1592227821.901598,0.194798
[MO866] Iteration,2,44,1592227821.901539,0.194799
[MO866] Iteration,3,44,1592227821.903145,0.194729
[MO866] Iteration,1,44,1592227821.903092,0.194752
[MO866] Iteration,2,45,1592227822.096250,0.194645
[MO866] Iteration,0,45,1592227822.096346,0.194715
[MO866] Iteration,1,45,1592227822.097867,0.194734
[MO866] Iteration,3,45,1592227822.097917,0.194738
[MO866] Iteration,0,46,1592227822.291841,0.195469
[MO866] Iteration,2,46,1592227822.291735,0.195415
[MO866] Iteration,1,46,1592227822.293333,0.195429
[MO866] Iteration,3,46,1592227822.293437,0.195485
[MO866] Iteration,2,47,1592227822.486476,0.194676
[MO866] Iteration,0,47,1592227822.486547,0.194677
[MO866] Iteration,1,47,1592227822.488124,0.194754
[MO866] Iteration,3,47,1592227822.488141,0.194681
[MO866] Iteration,2,48,1592227822.681279,0.194718
[MO866] Iteration,0,48,1592227822.681462,0.194880
[MO866] Iteration,1,48,1592227822.682879,0.194721
[MO866] Iteration,3,48,1592227822.683011,0.194853
[MO866] Iteration,2,49,1592227822.876961,0.195605
[MO866] Iteration,0,49,1592227822.876961,0.195474
[MO866] Iteration,3,49,1592227822.878495,0.195460
[MO866] Iteration,1,49,1592227822.878535,0.195615
[MO866] Iteration,0,50,1592227823.071962,0.194958
[MO866] Iteration,2,50,1592227823.071925,0.194920
[MO866] Iteration,1,50,1592227823.073499,0.194926
[MO866] Iteration,3,50,1592227823.073480,0.194948
[MO866] Iteration,2,51,1592227823.266806,0.194825
[MO866] Iteration,0,51,1592227823.266857,0.194876
[MO866] Iteration,3,51,1592227823.268471,0.194951
[MO866] Iteration,1,51,1592227823.268457,0.194937
[MO866] Iteration,0,52,1592227823.461702,0.194811
[MO866] Iteration,2,52,1592227823.461642,0.194769
[MO866] Iteration,1,52,1592227823.463231,0.194739
[MO866] Iteration,3,52,1592227823.463256,0.194764
[MO866] Iteration,2,53,1592227823.656264,0.194554
[MO866] Iteration,0,53,1592227823.656385,0.194650
[MO866] Iteration,1,53,1592227823.657818,0.194547
[MO866] Iteration,3,53,1592227823.657935,0.194658
[MO866] Iteration,1,54,1592227823.853279,0.195421
[MO866] Iteration,3,54,1592227823.853237,0.195281
[MO866] Iteration,2,54,1592227823.855746,0.199406
[MO866] Iteration,0,54,1592227823.855757,0.199351
[MO866] Iteration,2,55,1592227824.049046,0.193258
[MO866] Iteration,0,55,1592227824.049227,0.193439
[MO866] Iteration,1,55,1592227824.050668,0.197354
[MO866] Iteration,3,55,1592227824.050779,0.197464
[MO866] Iteration,0,56,1592227824.244147,0.194895
[MO866] Iteration,2,56,1592227824.244081,0.194969
[MO866] Iteration,3,56,1592227824.245717,0.194916
[MO866] Iteration,1,56,1592227824.245633,0.194925
[MO866] Iteration,2,57,1592227824.438769,0.194624
[MO866] Iteration,0,57,1592227824.438770,0.194602
[MO866] Iteration,1,57,1592227824.440347,0.194674
[MO866] Iteration,3,57,1592227824.440409,0.194671
[MO866] Iteration,2,58,1592227824.633466,0.194650
[MO866] Iteration,0,58,1592227824.633633,0.194817
[MO866] Iteration,1,58,1592227824.635048,0.194665
[MO866] Iteration,3,58,1592227824.635184,0.194752
[MO866] Iteration,2,59,1592227824.828166,0.194631
[MO866] Iteration,0,59,1592227824.828349,0.194691
 Time step   60
[MO866] Iteration,1,59,1592227824.829747,0.194658
[MO866] Iteration,3,59,1592227824.829871,0.194663
[MO866] Iteration,2,60,1592227825.022983,0.194758
[MO866] Iteration,0,60,1592227825.023159,0.194787
[MO866] Iteration,1,60,1592227825.024593,0.194806
[MO866] Iteration,3,60,1592227825.024731,0.194836
[MO866] Iteration,0,61,1592227825.218278,0.195095
[MO866] Iteration,2,61,1592227825.218143,0.195097
[MO866] Iteration,3,61,1592227825.219962,0.195211
[MO866] Iteration,1,61,1592227825.219883,0.195254
[MO866] Iteration,2,62,1592227825.413266,0.195052
[MO866] Iteration,0,62,1592227825.413260,0.194954
[MO866] Iteration,1,62,1592227825.414812,0.194893
[MO866] Iteration,3,62,1592227825.414823,0.194841
[MO866] Iteration,2,63,1592227825.607666,0.194362
[MO866] Iteration,0,63,1592227825.607848,0.194544
[MO866] Iteration,1,63,1592227825.609289,0.194439
[MO866] Iteration,3,63,1592227825.609407,0.194557
[MO866] Iteration,2,64,1592227825.802359,0.194634
[MO866] Iteration,0,64,1592227825.802464,0.194594
[MO866] Iteration,1,64,1592227825.803945,0.194617
[MO866] Iteration,3,64,1592227825.804067,0.194637
[MO866] Iteration,2,65,1592227825.997290,0.194860
[MO866] Iteration,0,65,1592227825.997377,0.194883
[MO866] Iteration,1,65,1592227825.998892,0.194912
[MO866] Iteration,3,65,1592227825.998886,0.194799
[MO866] Iteration,0,66,1592227826.192179,0.194774
[MO866] Iteration,2,66,1592227826.192199,0.194846
[MO866] Iteration,3,66,1592227826.193751,0.194827
[MO866] Iteration,1,66,1592227826.193730,0.194806
[MO866] Iteration,2,67,1592227826.386816,0.194588
[MO866] Iteration,0,67,1592227826.386862,0.194634
[MO866] Iteration,1,67,1592227826.388455,0.194686
[MO866] Iteration,3,67,1592227826.388443,0.194671
[MO866] Iteration,0,68,1592227826.581736,0.194854
[MO866] Iteration,2,68,1592227826.581611,0.194732
[MO866] Iteration,1,68,1592227826.583219,0.194740
[MO866] Iteration,3,68,1592227826.583317,0.194838
[MO866] Iteration,1,69,1592227826.776080,0.192822
[MO866] Iteration,3,69,1592227826.777575,0.194236
[MO866] Iteration,2,69,1592227826.782095,0.200414
[MO866] Iteration,0,69,1592227826.784212,0.202444
[MO866] Iteration,2,70,1592227826.975829,0.193684
[MO866] Iteration,0,70,1592227826.975927,0.191690
[MO866] Iteration,1,70,1592227826.977450,0.201318
[MO866] Iteration,3,70,1592227826.977462,0.199860
[MO866] Iteration,0,71,1592227827.170807,0.194857
[MO866] Iteration,2,71,1592227827.170688,0.194798
[MO866] Iteration,1,71,1592227827.172304,0.194817
[MO866] Iteration,3,71,1592227827.172389,0.194901
[MO866] Iteration,2,72,1592227827.365611,0.194851
[MO866] Iteration,0,72,1592227827.365656,0.194819
[MO866] Iteration,1,72,1592227827.367172,0.194831
[MO866] Iteration,3,72,1592227827.367240,0.194830
[MO866] Iteration,0,73,1592227827.560491,0.194803
[MO866] Iteration,2,73,1592227827.560468,0.194797
[MO866] Iteration,3,73,1592227827.562057,0.194781
[MO866] Iteration,1,73,1592227827.562030,0.194817
[MO866] Iteration,2,74,1592227827.754964,0.194448
[MO866] Iteration,0,74,1592227827.755058,0.194543
[MO866] Iteration,1,74,1592227827.756531,0.194462
[MO866] Iteration,3,74,1592227827.756685,0.194609
[MO866] Iteration,2,75,1592227827.949612,0.194576
[MO866] Iteration,0,75,1592227827.949812,0.194730
[MO866] Iteration,1,75,1592227827.951235,0.194668
[MO866] Iteration,3,75,1592227827.951380,0.194674
[MO866] Iteration,2,76,1592227828.144538,0.194857
[MO866] Iteration,0,76,1592227828.144629,0.194791
[MO866] Iteration,1,76,1592227828.146095,0.194822
[MO866] Iteration,3,76,1592227828.146202,0.194800
[MO866] Iteration,2,77,1592227828.340160,0.195564
[MO866] Iteration,0,77,1592227828.340310,0.195654
[MO866] Iteration,1,77,1592227828.341740,0.195605
[MO866] Iteration,3,77,1592227828.341854,0.195628
[MO866] Iteration,0,78,1592227828.536696,0.196363
[MO866] Iteration,2,78,1592227828.536581,0.196360
[MO866] Iteration,3,78,1592227828.538281,0.196404
[MO866] Iteration,1,78,1592227828.538225,0.196446
[MO866] Iteration,2,79,1592227828.732185,0.195542
[MO866] Iteration,0,79,1592227828.732319,0.195599
 Time step   80
[MO866] Iteration,1,79,1592227828.733763,0.195498
[MO866] Iteration,3,79,1592227828.733860,0.195556
[MO866] Iteration,0,80,1592227828.943135,0.210794
[MO866] Iteration,2,80,1592227828.943111,0.210864
[MO866] Iteration,3,80,1592227828.951194,0.217310
[MO866] Iteration,1,80,1592227828.951181,0.217379
[MO866] Iteration,2,81,1592227829.147207,0.204048
[MO866] Iteration,0,81,1592227829.147303,0.204144
[MO866] Iteration,1,81,1592227829.148828,0.197599
[MO866] Iteration,3,81,1592227829.148918,0.197689
[MO866] Iteration,0,82,1592227829.342119,0.194786
[MO866] Iteration,2,82,1592227829.342011,0.194734
[MO866] Iteration,3,82,1592227829.343703,0.194764
[MO866] Iteration,1,82,1592227829.343639,0.194771
[MO866] Iteration,2,83,1592227829.536770,0.194689
[MO866] Iteration,0,83,1592227829.536944,0.194796
[MO866] Iteration,1,83,1592227829.538367,0.194691
[MO866] Iteration,3,83,1592227829.538479,0.194744
[MO866] Iteration,0,84,1592227829.731590,0.194623
[MO866] Iteration,2,84,1592227829.731527,0.194691
[MO866] Iteration,1,84,1592227829.733073,0.194665
[MO866] Iteration,3,84,1592227829.733182,0.194681
[MO866] Iteration,2,85,1592227829.926402,0.194809
[MO866] Iteration,0,85,1592227829.926537,0.194928
[MO866] Iteration,1,85,1592227829.928006,0.194895
[MO866] Iteration,3,85,1592227829.928176,0.194972
[MO866] Iteration,0,86,1592227830.121488,0.194926
[MO866] Iteration,2,86,1592227830.121392,0.194921
[MO866] Iteration,3,86,1592227830.123039,0.194843
[MO866] Iteration,1,86,1592227830.122992,0.194941
[MO866] Iteration,2,87,1592227830.316122,0.194667
[MO866] Iteration,0,87,1592227830.316231,0.194715
[MO866] Iteration,1,87,1592227830.317688,0.194659
[MO866] Iteration,3,87,1592227830.317779,0.194705
[MO866] Iteration,1,88,1592227830.514814,0.197085
[MO866] Iteration,3,88,1592227830.514917,0.197115
[MO866] Iteration,0,88,1592227830.515201,0.198948
[MO866] Iteration,2,88,1592227830.515166,0.198981
[MO866] Iteration,0,89,1592227830.708755,0.193520
[MO866] Iteration,2,89,1592227830.708647,0.193412
[MO866] Iteration,1,89,1592227830.710175,0.195274
[MO866] Iteration,3,89,1592227830.710295,0.195334
[MO866] Iteration,2,90,1592227830.903310,0.194599
[MO866] Iteration,0,90,1592227830.903495,0.194716
[MO866] Iteration,1,90,1592227830.904962,0.194747
[MO866] Iteration,3,90,1592227830.905025,0.194708
[MO866] Iteration,0,91,1592227831.098344,0.194831
[MO866] Iteration,2,91,1592227831.098339,0.194955
[MO866] Iteration,3,91,1592227831.099939,0.194890
[MO866] Iteration,1,91,1592227831.099880,0.194880
[MO866] Iteration,2,92,1592227831.293946,0.195558
[MO866] Iteration,0,92,1592227831.293910,0.195522
[MO866] Iteration,1,92,1592227831.295601,0.195685
[MO866] Iteration,3,92,1592227831.295588,0.195615
[MO866] Iteration,0,93,1592227831.489146,0.195176
[MO866] Iteration,2,93,1592227831.489111,0.195141
[MO866] Iteration,3,93,1592227831.490691,0.195067
[MO866] Iteration,1,93,1592227831.490699,0.195075
[MO866] Iteration,2,94,1592227831.683591,0.194426
[MO866] Iteration,0,94,1592227831.683776,0.194610
[MO866] Iteration,1,94,1592227831.685253,0.194524
[MO866] Iteration,3,94,1592227831.685352,0.194623
[MO866] Iteration,2,95,1592227831.878394,0.194739
[MO866] Iteration,0,95,1592227831.878587,0.194788
[MO866] Iteration,1,95,1592227831.880087,0.194798
[MO866] Iteration,3,95,1592227831.880191,0.194819
[MO866] Iteration,2,96,1592227832.073266,0.194804
[MO866] Iteration,0,96,1592227832.073308,0.194693
[MO866] Iteration,3,96,1592227832.074853,0.194641
[MO866] Iteration,1,96,1592227832.074849,0.194729
[MO866] Iteration,2,97,1592227832.267790,0.194466
[MO866] Iteration,0,97,1592227832.267946,0.194605
[MO866] Iteration,1,97,1592227832.269361,0.194476
[MO866] Iteration,3,97,1592227832.269475,0.194590
[MO866] Iteration,2,98,1592227832.462504,0.194647
[MO866] Iteration,0,98,1592227832.462482,0.194515
[MO866] Iteration,3,98,1592227832.464093,0.194597
[MO866] Iteration,1,98,1592227832.464111,0.194710
[MO866] Iteration,0,99,1592227832.657793,0.195256
 Time step  100
[MO866] Iteration,2,99,1592227832.657694,0.195157
[MO866] Iteration,1,99,1592227832.659251,0.195122
[MO866] Iteration,3,99,1592227832.659339,0.195211
[MO866] Iteration,2,100,1592227832.852362,0.194601
[MO866] Iteration,0,100,1592227832.852524,0.194702
[MO866] Iteration,1,100,1592227832.853944,0.194652
[MO866] Iteration,3,100,1592227832.854055,0.194693
[MO866] Iteration,2,101,1592227833.047107,0.194672
[MO866] Iteration,0,101,1592227833.047162,0.194615
[MO866] Iteration,1,101,1592227833.048696,0.194713
[MO866] Iteration,3,101,1592227833.048759,0.194682
[MO866] Iteration,0,102,1592227833.242079,0.194882
[MO866] Iteration,2,102,1592227833.242045,0.194871
[MO866] Iteration,3,102,1592227833.243668,0.194887
[MO866] Iteration,1,102,1592227833.243617,0.194886
[MO866] Iteration,2,103,1592227833.436663,0.194557
[MO866] Iteration,0,103,1592227833.436750,0.194644
[MO866] Iteration,1,103,1592227833.438251,0.194597
[MO866] Iteration,3,103,1592227833.438288,0.194598
[MO866] Iteration,0,104,1592227833.631524,0.194749
[MO866] Iteration,2,104,1592227833.631468,0.194745
[MO866] Iteration,3,104,1592227833.633082,0.194760
[MO866] Iteration,1,104,1592227833.633056,0.194766
[MO866] Iteration,2,105,1592227833.826181,0.194630
[MO866] Iteration,0,105,1592227833.826288,0.194737
[MO866] Iteration,1,105,1592227833.827819,0.194726
[MO866] Iteration,3,105,1592227833.827898,0.194797
[MO866] Iteration,0,106,1592227834.021201,0.194885
[MO866] Iteration,2,106,1592227834.021174,0.194922
[MO866] Iteration,3,106,1592227834.022781,0.194862
[MO866] Iteration,1,106,1592227834.022749,0.194896
[MO866] Iteration,2,107,1592227834.215616,0.194388
[MO866] Iteration,0,107,1592227834.215705,0.194477
[MO866] Iteration,1,107,1592227834.217216,0.194428
[MO866] Iteration,3,107,1592227834.217273,0.194459
[MO866] Iteration,0,108,1592227834.411202,0.195472
[MO866] Iteration,2,108,1592227834.411177,0.195498
[MO866] Iteration,3,108,1592227834.412832,0.195524
[MO866] Iteration,1,108,1592227834.412765,0.195510
[MO866] Iteration,2,109,1592227834.605985,0.194752
[MO866] Iteration,0,109,1592227834.605999,0.194766
[MO866] Iteration,1,109,1592227834.607589,0.194786
[MO866] Iteration,3,109,1592227834.607606,0.194752
[MO866] Iteration,1,110,1592227834.802670,0.195046
[MO866] Iteration,3,110,1592227834.802562,0.194937
[MO866] Iteration,0,110,1592227834.804831,0.198795
[MO866] Iteration,2,110,1592227834.804907,0.198871
[MO866] Iteration,2,111,1592227834.997901,0.192966
[MO866] Iteration,0,111,1592227834.998133,0.193260
[MO866] Iteration,3,111,1592227834.999647,0.196994
[MO866] Iteration,1,111,1592227834.999579,0.196881
[MO866] Iteration,2,112,1592227835.192964,0.194981
[MO866] Iteration,0,112,1592227835.193146,0.194989
[MO866] Iteration,1,112,1592227835.194553,0.194938
[MO866] Iteration,3,112,1592227835.194665,0.194986
[MO866] Iteration,2,113,1592227835.387947,0.194907
[MO866] Iteration,0,113,1592227835.388009,0.194838
[MO866] Iteration,3,113,1592227835.389549,0.194862
[MO866] Iteration,1,113,1592227835.389528,0.194934
[MO866] Iteration,0,114,1592227835.582696,0.194666
[MO866] Iteration,2,114,1592227835.582660,0.194653
[MO866] Iteration,1,114,1592227835.584260,0.194693
[MO866] Iteration,3,114,1592227835.584332,0.194763
[MO866] Iteration,2,115,1592227835.777481,0.194759
[MO866] Iteration,0,115,1592227835.777590,0.194868
[MO866] Iteration,3,115,1592227835.779149,0.194795
[MO866] Iteration,1,115,1592227835.779063,0.194767
[MO866] Iteration,0,116,1592227835.972329,0.194709
[MO866] Iteration,2,116,1592227835.972344,0.194796
[MO866] Iteration,1,116,1592227835.973935,0.194832
[MO866] Iteration,3,116,1592227835.973970,0.194797
[MO866] Iteration,2,117,1592227836.167005,0.194631
[MO866] Iteration,0,117,1592227836.167070,0.194696
[MO866] Iteration,3,117,1592227836.168682,0.194679
[MO866] Iteration,1,117,1592227836.168655,0.194683
[MO866] Iteration,2,118,1592227836.361904,0.194829
[MO866] Iteration,0,118,1592227836.362093,0.194987
[MO866] Iteration,1,118,1592227836.363544,0.194856
[MO866] Iteration,3,118,1592227836.363662,0.194959
[MO866] Iteration,2,119,1592227836.556610,0.194636
[MO866] Iteration,0,119,1592227836.556827,0.194707
 Time step  120
[MO866] Iteration,1,119,1592227836.558217,0.194637
[MO866] Iteration,3,119,1592227836.558341,0.194659
[MO866] Iteration,0,120,1592227836.751682,0.194833
[MO866] Iteration,2,120,1592227836.751560,0.194890
[MO866] Iteration,1,120,1592227836.753130,0.194872
[MO866] Iteration,3,120,1592227836.753224,0.194861
[MO866] Iteration,2,121,1592227836.946507,0.194882
[MO866] Iteration,0,121,1592227836.946557,0.194849
[MO866] Iteration,3,121,1592227836.948233,0.194988
[MO866] Iteration,1,121,1592227836.948195,0.195028
[MO866] Iteration,0,122,1592227837.141447,0.194857
[MO866] Iteration,2,122,1592227837.141330,0.194757
[MO866] Iteration,1,122,1592227837.142881,0.194652
[MO866] Iteration,3,122,1592227837.142999,0.194734
[MO866] Iteration,2,123,1592227837.336878,0.195484
[MO866] Iteration,0,123,1592227837.336896,0.195423
[MO866] Iteration,3,123,1592227837.338449,0.195428
[MO866] Iteration,1,123,1592227837.338446,0.195526
[MO866] Iteration,2,124,1592227837.531506,0.194578
[MO866] Iteration,0,124,1592227837.531705,0.194777
[MO866] Iteration,1,124,1592227837.533144,0.194661
[MO866] Iteration,3,124,1592227837.533254,0.194771
[MO866] Iteration,2,125,1592227837.726264,0.194691
[MO866] Iteration,0,125,1592227837.726402,0.194674
[MO866] Iteration,1,125,1592227837.727878,0.194696
[MO866] Iteration,3,125,1592227837.727964,0.194688
[MO866] Iteration,2,126,1592227837.921151,0.194816
[MO866] Iteration,0,126,1592227837.921336,0.194909
[MO866] Iteration,1,126,1592227837.922773,0.194859
[MO866] Iteration,3,126,1592227837.922873,0.194890
[MO866] Iteration,0,127,1592227838.116074,0.194714
[MO866] Iteration,2,127,1592227838.116022,0.194799
[MO866] Iteration,3,127,1592227838.117608,0.194713
[MO866] Iteration,1,127,1592227838.117574,0.194760
[MO866] Iteration,2,128,1592227838.310663,0.194581
[MO866] Iteration,0,128,1592227838.310888,0.194795
[MO866] Iteration,1,128,1592227838.312310,0.194697
[MO866] Iteration,3,128,1592227838.312486,0.194856
[MO866] Iteration,0,129,1592227838.505756,0.194844
[MO866] Iteration,2,129,1592227838.505669,0.194922
[MO866] Iteration,3,129,1592227838.507337,0.194831
[MO866] Iteration,1,129,1592227838.507253,0.194908
[MO866] Iteration,2,130,1592227838.700527,0.194790
[MO866] Iteration,0,130,1592227838.700658,0.194878
[MO866] Iteration,1,130,1592227838.702144,0.194850
[MO866] Iteration,3,130,1592227838.702178,0.194818
[MO866] Iteration,0,131,1592227838.895561,0.194878
[MO866] Iteration,2,131,1592227838.895431,0.194833
[MO866] Iteration,3,131,1592227838.897129,0.194916
[MO866] Iteration,1,131,1592227838.897065,0.194881
[MO866] Iteration,2,132,1592227839.090424,0.194899
[MO866] Iteration,0,132,1592227839.090497,0.194911
[MO866] Iteration,1,132,1592227839.092046,0.194944
[MO866] Iteration,3,132,1592227839.092132,0.194970
[MO866] Iteration,0,133,1592227839.285989,0.195457
[MO866] Iteration,2,133,1592227839.285958,0.195461
[MO866] Iteration,3,133,1592227839.287624,0.195472
[MO866] Iteration,1,133,1592227839.287582,0.195499
[MO866] Iteration,2,134,1592227839.480568,0.194549
[MO866] Iteration,0,134,1592227839.480617,0.194598
[MO866] Iteration,1,134,1592227839.482140,0.194521
[MO866] Iteration,3,134,1592227839.482157,0.194511
[MO866] Iteration,0,135,1592227839.675381,0.194733
[MO866] Iteration,2,135,1592227839.675290,0.194662
[MO866] Iteration,3,135,1592227839.676968,0.194790
[MO866] Iteration,1,135,1592227839.676927,0.194749
[MO866] Iteration,3,136,1592227839.873837,0.196847
[MO866] Iteration,1,136,1592227839.875550,0.198586
[MO866] Iteration,0,136,1592227839.879636,0.204232
[MO866] Iteration,2,136,1592227839.881020,0.205662
[MO866] Iteration,2,137,1592227840.073220,0.192175
[MO866] Iteration,0,137,1592227840.073404,0.193727
[MO866] Iteration,1,137,1592227840.074825,0.199248
[MO866] Iteration,3,137,1592227840.074952,0.201040
[MO866] Iteration,2,138,1592227840.268319,0.195033
[MO866] Iteration,0,138,1592227840.268362,0.194931
[MO866] Iteration,3,138,1592227840.269951,0.194976
[MO866] Iteration,1,138,1592227840.269942,0.195077
[MO866] Iteration,2,139,1592227840.464560,0.196185
[MO866] Iteration,0,139,1592227840.464735,0.196341
 Time step  140
[MO866] Iteration,1,139,1592227840.466193,0.196213
[MO866] Iteration,3,139,1592227840.466267,0.196288
[MO866] Iteration,2,140,1592227840.659434,0.194813
[MO866] Iteration,0,140,1592227840.659615,0.194857
[MO866] Iteration,3,140,1592227840.661195,0.194904
[MO866] Iteration,1,140,1592227840.661119,0.194885
[MO866] Iteration,0,141,1592227840.854486,0.194846
[MO866] Iteration,2,141,1592227840.854459,0.194943
[MO866] Iteration,1,141,1592227840.856050,0.194896
[MO866] Iteration,3,141,1592227840.856128,0.194910
[MO866] Iteration,2,142,1592227841.049309,0.194793
[MO866] Iteration,0,142,1592227841.049344,0.194828
[MO866] Iteration,3,142,1592227841.050887,0.194739
[MO866] Iteration,1,142,1592227841.050895,0.194814
[MO866] Iteration,2,143,1592227841.243982,0.194618
[MO866] Iteration,0,143,1592227841.244187,0.194822
[MO866] Iteration,1,143,1592227841.245615,0.194690
[MO866] Iteration,3,143,1592227841.245720,0.194795
[MO866] Iteration,2,144,1592227841.438755,0.194714
[MO866] Iteration,0,144,1592227841.438851,0.194642
[MO866] Iteration,3,144,1592227841.440459,0.194717
[MO866] Iteration,1,144,1592227841.440363,0.194709
[MO866] Iteration,2,145,1592227841.633783,0.194954
[MO866] Iteration,0,145,1592227841.634120,0.195245
[MO866] Iteration,1,145,1592227841.635452,0.195054
[MO866] Iteration,3,145,1592227841.635637,0.195158
[MO866] Iteration,2,146,1592227841.828746,0.194892
[MO866] Iteration,0,146,1592227841.828767,0.194624
[MO866] Iteration,3,146,1592227841.830331,0.194674
[MO866] Iteration,1,146,1592227841.830313,0.194794
[MO866] Iteration,2,147,1592227842.023466,0.194670
[MO866] Iteration,0,147,1592227842.023655,0.194859
[MO866] Iteration,1,147,1592227842.025076,0.194724
[MO866] Iteration,3,147,1592227842.025200,0.194848
[MO866] Iteration,2,148,1592227842.218188,0.194623
[MO866] Iteration,0,148,1592227842.218370,0.194690
[MO866] Iteration,1,148,1592227842.219831,0.194716
[MO866] Iteration,3,148,1592227842.219938,0.194715
[MO866] Iteration,2,149,1592227842.412895,0.194636
[MO866] Iteration,0,149,1592227842.412945,0.194549
[MO866] Iteration,1,149,1592227842.414425,0.194559
[MO866] Iteration,3,149,1592227842.414529,0.194570
[MO866] Iteration,0,150,1592227842.607659,0.194681
[MO866] Iteration,2,150,1592227842.607569,0.194617
[MO866] Iteration,3,150,1592227842.609232,0.194680
[MO866] Iteration,1,150,1592227842.609161,0.194697
[MO866] Iteration,2,151,1592227842.802356,0.194720
[MO866] Iteration,0,151,1592227842.802491,0.194806
[MO866] Iteration,1,151,1592227842.804002,0.194803
[MO866] Iteration,3,151,1592227842.804084,0.194827
[MO866] Iteration,0,152,1592227842.997530,0.195012
[MO866] Iteration,2,152,1592227842.997465,0.195028
[MO866] Iteration,3,152,1592227842.999110,0.195005
[MO866] Iteration,1,152,1592227842.999029,0.194983
[MO866] Iteration,2,153,1592227843.192464,0.194932
[MO866] Iteration,0,153,1592227843.192552,0.194989
[MO866] Iteration,1,153,1592227843.194042,0.194972
[MO866] Iteration,3,153,1592227843.194124,0.194991
[MO866] Iteration,0,154,1592227843.387968,0.195390
[MO866] Iteration,2,154,1592227843.387929,0.195392
[MO866] Iteration,3,154,1592227843.389569,0.195421
[MO866] Iteration,1,154,1592227843.389531,0.195449
[MO866] Iteration,2,155,1592227843.582534,0.194548
[MO866] Iteration,0,155,1592227843.582643,0.194656
[MO866] Iteration,1,155,1592227843.584187,0.194616
[MO866] Iteration,3,155,1592227843.584203,0.194600
[MO866] Iteration,0,156,1592227843.777344,0.194672
[MO866] Iteration,2,156,1592227843.777352,0.194747
[MO866] Iteration,3,156,1592227843.778918,0.194697
[MO866] Iteration,1,156,1592227843.778913,0.194692
[MO866] Iteration,2,157,1592227843.972100,0.194711
[MO866] Iteration,0,157,1592227843.972260,0.194871
[MO866] Iteration,1,157,1592227843.973710,0.194759
[MO866] Iteration,3,157,1592227843.973771,0.194820
[MO866] Iteration,2,158,1592227844.166765,0.194606
[MO866] Iteration,0,158,1592227844.166973,0.194691
[MO866] Iteration,1,158,1592227844.168411,0.194663
[MO866] Iteration,3,158,1592227844.168525,0.194718
[MO866] Iteration,2,159,1592227844.361713,0.194878
[MO866] Iteration,0,159,1592227844.361761,0.194761
 Time step  160
[MO866] Iteration,3,159,1592227844.363328,0.194782
[MO866] Iteration,1,159,1592227844.363270,0.194823
[MO866] Iteration,2,160,1592227844.556274,0.194486
[MO866] Iteration,0,160,1592227844.556525,0.194732
[MO866] Iteration,1,160,1592227844.557886,0.194576
[MO866] Iteration,3,160,1592227844.558027,0.194665
[MO866] Iteration,2,161,1592227844.751244,0.194909
[MO866] Iteration,0,161,1592227844.751288,0.194741
[MO866] Iteration,3,161,1592227844.752869,0.194819
[MO866] Iteration,1,161,1592227844.752856,0.194930
[MO866] Iteration,0,162,1592227844.962387,0.211065
[MO866] Iteration,2,162,1592227844.962381,0.211061
[MO866] Iteration,1,162,1592227844.970189,0.217297
[MO866] Iteration,3,162,1592227844.970469,0.217577
[MO866] Iteration,2,163,1592227845.166171,0.203747
[MO866] Iteration,0,163,1592227845.166318,0.203894
[MO866] Iteration,1,163,1592227845.167768,0.197530
[MO866] Iteration,3,163,1592227845.167901,0.197397
[MO866] Iteration,2,164,1592227845.360986,0.194742
[MO866] Iteration,0,164,1592227845.361068,0.194723
[MO866] Iteration,1,164,1592227845.362572,0.194768
[MO866] Iteration,3,164,1592227845.362646,0.194724
[MO866] Iteration,0,165,1592227845.556449,0.195353
[MO866] Iteration,2,165,1592227845.556355,0.195297
[MO866] Iteration,3,165,1592227845.558012,0.195342
[MO866] Iteration,1,165,1592227845.557964,0.195352
[MO866] Iteration,2,166,1592227845.750993,0.194566
[MO866] Iteration,0,166,1592227845.751144,0.194663
[MO866] Iteration,1,166,1592227845.752646,0.194645
[MO866] Iteration,3,166,1592227845.752766,0.194720
[MO866] Iteration,0,167,1592227845.946298,0.195130
[MO866] Iteration,2,167,1592227845.946315,0.195251
[MO866] Iteration,3,167,1592227845.947876,0.195089
[MO866] Iteration,1,167,1592227845.947906,0.195227
[MO866] Iteration,3,168,1592227846.141481,0.193570
[MO866] Iteration,0,168,1592227846.144116,0.197764
[MO866] Iteration,1,168,1592227846.146243,0.198312
[MO866] Iteration,2,168,1592227846.148688,0.202336
[MO866] Iteration,0,169,1592227846.341945,0.197782
[MO866] Iteration,2,169,1592227846.341899,0.193176
[MO866] Iteration,1,169,1592227846.343657,0.197375
[MO866] Iteration,3,169,1592227846.343661,0.202109
[MO866] Iteration,2,170,1592227846.536998,0.195025
[MO866] Iteration,0,170,1592227846.537111,0.195132
[MO866] Iteration,3,170,1592227846.538649,0.194969
[MO866] Iteration,1,170,1592227846.538560,0.194879
[MO866] Iteration,2,171,1592227846.731860,0.194783
[MO866] Iteration,0,171,1592227846.732082,0.194948
[MO866] Iteration,1,171,1592227846.733463,0.194863
[MO866] Iteration,3,171,1592227846.733534,0.194861
[MO866] Iteration,2,172,1592227846.926687,0.194768
[MO866] Iteration,0,172,1592227846.926762,0.194660
[MO866] Iteration,3,172,1592227846.928305,0.194734
[MO866] Iteration,1,172,1592227846.928237,0.194731
[MO866] Iteration,0,173,1592227847.121042,0.194256
[MO866] Iteration,2,173,1592227847.120955,0.194198
[MO866] Iteration,1,173,1592227847.122437,0.194163
[MO866] Iteration,3,173,1592227847.122540,0.194213
[MO866] Iteration,2,174,1592227847.315319,0.194306
[MO866] Iteration,0,174,1592227847.315582,0.194516
[MO866] Iteration,1,174,1592227847.316971,0.194491
[MO866] Iteration,3,174,1592227847.317111,0.194546
[MO866] Iteration,2,175,1592227847.510269,0.194877
[MO866] Iteration,0,175,1592227847.510269,0.194663
[MO866] Iteration,1,175,1592227847.511852,0.194843
[MO866] Iteration,3,175,1592227847.511869,0.194733
[MO866] Iteration,2,176,1592227847.704727,0.194410
[MO866] Iteration,0,176,1592227847.704987,0.194670
[MO866] Iteration,1,176,1592227847.706323,0.194436
[MO866] Iteration,3,176,1592227847.706533,0.194646
[MO866] Iteration,2,177,1592227847.899596,0.194792
[MO866] Iteration,0,177,1592227847.899585,0.194576
[MO866] Iteration,3,177,1592227847.901154,0.194599
[MO866] Iteration,1,177,1592227847.901156,0.194793
[MO866] Iteration,0,178,1592227848.094387,0.194755
[MO866] Iteration,2,178,1592227848.094261,0.194629
[MO866] Iteration,1,178,1592227848.095909,0.194719
[MO866] Iteration,3,178,1592227848.096031,0.194841
[MO866] Iteration,2,179,1592227848.289192,0.194858
[MO866] Iteration,0,179,1592227848.289210,0.194795
 Time step  180
[MO866] Iteration,3,179,1592227848.290759,0.194708
[MO866] Iteration,1,179,1592227848.290749,0.194804
[MO866] Iteration,2,180,1592227848.483658,0.194414
[MO866] Iteration,0,180,1592227848.483940,0.194696
[MO866] Iteration,1,180,1592227848.485310,0.194523
[MO866] Iteration,3,180,1592227848.485475,0.194688
[MO866] Iteration,2,181,1592227848.678591,0.194869
[MO866] Iteration,0,181,1592227848.678653,0.194690
[MO866] Iteration,1,181,1592227848.680199,0.194850
[MO866] Iteration,3,181,1592227848.680315,0.194818
[MO866] Iteration,2,182,1592227848.873422,0.194762
[MO866] Iteration,0,182,1592227848.873524,0.194836
[MO866] Iteration,1,182,1592227848.874988,0.194753
[MO866] Iteration,3,182,1592227848.875092,0.194758
[MO866] Iteration,2,183,1592227849.069090,0.195591
[MO866] Iteration,0,183,1592227849.069249,0.195697
[MO866] Iteration,1,183,1592227849.070674,0.195644
[MO866] Iteration,3,183,1592227849.070776,0.195661
[MO866] Iteration,2,184,1592227849.264085,0.194934
[MO866] Iteration,0,184,1592227849.264170,0.194896
[MO866] Iteration,3,184,1592227849.265693,0.194894
[MO866] Iteration,1,184,1592227849.265638,0.194922
[MO866] Iteration,0,185,1592227849.459380,0.195185
[MO866] Iteration,2,185,1592227849.459269,0.195120
[MO866] Iteration,1,185,1592227849.460880,0.195202
[MO866] Iteration,3,185,1592227849.460974,0.195246
[MO866] Iteration,2,186,1592227849.654160,0.194818
[MO866] Iteration,0,186,1592227849.654368,0.194957
[MO866] Iteration,1,186,1592227849.655829,0.194910
[MO866] Iteration,3,186,1592227849.655928,0.194934
[MO866] Iteration,2,187,1592227849.848893,0.194663
[MO866] Iteration,0,187,1592227849.849068,0.194676
[MO866] Iteration,1,187,1592227849.850471,0.194607
[MO866] Iteration,3,187,1592227849.850565,0.194617
[MO866] Iteration,2,188,1592227850.043910,0.194956
[MO866] Iteration,0,188,1592227850.044068,0.194975
[MO866] Iteration,1,188,1592227850.045549,0.195038
[MO866] Iteration,3,188,1592227850.045641,0.195054
[MO866] Iteration,2,189,1592227850.238659,0.194686
[MO866] Iteration,0,189,1592227850.238694,0.194604
[MO866] Iteration,3,189,1592227850.240336,0.194673
[MO866] Iteration,1,189,1592227850.240258,0.194673
[MO866] Iteration,0,190,1592227850.433541,0.194822
[MO866] Iteration,2,190,1592227850.433541,0.194822
[MO866] Iteration,1,190,1592227850.435091,0.194800
[MO866] Iteration,3,190,1592227850.435090,0.194735
[MO866] Iteration,2,191,1592227850.628100,0.194515
[MO866] Iteration,0,191,1592227850.628113,0.194527
[MO866] Iteration,3,191,1592227850.629669,0.194542
[MO866] Iteration,1,191,1592227850.629640,0.194513
[MO866] Iteration,0,192,1592227850.822788,0.194640
[MO866] Iteration,2,192,1592227850.822770,0.194622
[MO866] Iteration,1,192,1592227850.824371,0.194691
[MO866] Iteration,3,192,1592227850.824386,0.194685
[MO866] Iteration,2,193,1592227851.017451,0.194625
[MO866] Iteration,0,193,1592227851.017621,0.194795
[MO866] Iteration,1,193,1592227851.019050,0.194643
[MO866] Iteration,3,193,1592227851.019199,0.194792
[MO866] Iteration,2,194,1592227851.212488,0.194956
[MO866] Iteration,0,194,1592227851.212607,0.194960
[MO866] Iteration,1,194,1592227851.214100,0.195011
[MO866] Iteration,3,194,1592227851.214106,0.194884
[MO866] Iteration,0,195,1592227851.407289,0.194660
[MO866] Iteration,2,195,1592227851.407177,0.194629
[MO866] Iteration,3,195,1592227851.408899,0.194761
[MO866] Iteration,1,195,1592227851.408797,0.194659
[MO866] Iteration,2,196,1592227851.602087,0.194839
[MO866] Iteration,0,196,1592227851.602330,0.195012
[MO866] Iteration,1,196,1592227851.603715,0.194881
[MO866] Iteration,3,196,1592227851.603859,0.194939
[MO866] Iteration,2,197,1592227851.796799,0.194642
[MO866] Iteration,0,197,1592227851.797226,0.194871
[MO866] Iteration,1,197,1592227851.798472,0.194721
[MO866] Iteration,3,197,1592227851.798776,0.194898
[MO866] Iteration,2,198,1592227851.991719,0.194861
[MO866] Iteration,0,198,1592227851.991790,0.194541
[MO866] Iteration,1,198,1592227851.993293,0.194779
[MO866] Iteration,3,198,1592227851.993392,0.194590
[MO866] Iteration,2,199,1592227852.186603,0.194818
[MO866] Iteration,0,199,1592227852.186851,0.195039
 Time step  200
[MO866] Iteration,1,199,1592227852.188258,0.194927
[MO866] Iteration,3,199,1592227852.188396,0.194981
[MO866] Iteration,0,200,1592227852.381788,0.194910
[MO866] Iteration,2,200,1592227852.381656,0.194970
[MO866] Iteration,3,200,1592227852.383430,0.195011
[MO866] Iteration,1,200,1592227852.383388,0.195095
[MO866] Iteration,2,201,1592227852.576679,0.194942
[MO866] Iteration,0,201,1592227852.576876,0.195062
[MO866] Iteration,1,201,1592227852.578274,0.194861
[MO866] Iteration,3,201,1592227852.578423,0.194959
[MO866] Iteration,0,202,1592227852.771775,0.194877
[MO866] Iteration,2,202,1592227852.771759,0.195017
[MO866] Iteration,3,202,1592227852.773326,0.194881
[MO866] Iteration,1,202,1592227852.773352,0.195037
[MO866] Iteration,2,203,1592227852.966533,0.194724
[MO866] Iteration,0,203,1592227852.966598,0.194789
[MO866] Iteration,1,203,1592227852.968212,0.194828
[MO866] Iteration,3,203,1592227852.968330,0.194964
[MO866] Iteration,0,204,1592227853.161695,0.195063
[MO866] Iteration,2,204,1592227853.161604,0.194989
[MO866] Iteration,3,204,1592227853.163274,0.194923
[MO866] Iteration,1,204,1592227853.163207,0.194959
[MO866] Iteration,2,205,1592227853.356329,0.194659
[MO866] Iteration,0,205,1592227853.356617,0.194891
[MO866] Iteration,1,205,1592227853.357965,0.194717
[MO866] Iteration,3,205,1592227853.358149,0.194851
[MO866] Iteration,1,206,1592227853.551854,0.193849
[MO866] Iteration,3,206,1592227853.551841,0.193669
[MO866] Iteration,0,206,1592227853.555744,0.199103
[MO866] Iteration,2,206,1592227853.557375,0.200974
[MO866] Iteration,2,207,1592227853.749756,0.192355
[MO866] Iteration,0,207,1592227853.749936,0.194148
[MO866] Iteration,1,207,1592227853.751353,0.199463
[MO866] Iteration,3,207,1592227853.751516,0.199626
[MO866] Iteration,0,208,1592227853.944655,0.194694
[MO866] Iteration,2,208,1592227853.944545,0.194711
[MO866] Iteration,1,208,1592227853.946146,0.194753
[MO866] Iteration,3,208,1592227853.946236,0.194702
[MO866] Iteration,2,209,1592227854.139062,0.194455
[MO866] Iteration,0,209,1592227854.139311,0.194632
[MO866] Iteration,1,209,1592227854.140743,0.194557
[MO866] Iteration,3,209,1592227854.140885,0.194626
[MO866] Iteration,0,210,1592227854.334154,0.194817
[MO866] Iteration,2,210,1592227854.334053,0.194907
[MO866] Iteration,1,210,1592227854.335679,0.194899
[MO866] Iteration,3,210,1592227854.335773,0.194866
[MO866] Iteration,2,211,1592227854.528968,0.194842
[MO866] Iteration,0,211,1592227854.529133,0.194949
[MO866] Iteration,1,211,1592227854.530568,0.194854
[MO866] Iteration,3,211,1592227854.530720,0.194925
[MO866] Iteration,0,212,1592227854.723836,0.194679
[MO866] Iteration,2,212,1592227854.723769,0.194737
[MO866] Iteration,1,212,1592227854.725367,0.194762
[MO866] Iteration,3,212,1592227854.725471,0.194728
[MO866] Iteration,2,213,1592227854.918604,0.194781
[MO866] Iteration,0,213,1592227854.918653,0.194786
[MO866] Iteration,3,213,1592227854.920246,0.194753
[MO866] Iteration,1,213,1592227854.920253,0.194850
[MO866] Iteration,0,214,1592227855.113505,0.194818
[MO866] Iteration,2,214,1592227855.113379,0.194710
[MO866] Iteration,1,214,1592227855.115003,0.194724
[MO866] Iteration,3,214,1592227855.115103,0.194824
[MO866] Iteration,2,215,1592227855.308386,0.194927
[MO866] Iteration,0,215,1592227855.308548,0.195018
[MO866] Iteration,3,215,1592227855.310050,0.194923
[MO866] Iteration,1,215,1592227855.310031,0.194986
[MO866] Iteration,0,216,1592227855.503779,0.195209
[MO866] Iteration,2,216,1592227855.503727,0.195284
[MO866] Iteration,1,216,1592227855.505285,0.195215
[MO866] Iteration,3,216,1592227855.505320,0.195249
[MO866] Iteration,2,217,1592227855.698497,0.194707
[MO866] Iteration,0,217,1592227855.698513,0.194712
[MO866] Iteration,3,217,1592227855.700081,0.194730
[MO866] Iteration,1,217,1592227855.700087,0.194763
[MO866] Iteration,0,218,1592227855.893259,0.194707
[MO866] Iteration,2,218,1592227855.893216,0.194664
[MO866] Iteration,1,218,1592227855.894755,0.194640
[MO866] Iteration,3,218,1592227855.894837,0.194722
[MO866] Iteration,2,219,1592227856.088332,0.195045
[MO866] Iteration,0,219,1592227856.088371,0.195080
 Time step  220
[MO866] Iteration,3,219,1592227856.089900,0.195039
[MO866] Iteration,1,219,1592227856.089912,0.195116
[MO866] Iteration,0,220,1592227856.283283,0.194882
[MO866] Iteration,2,220,1592227856.283181,0.194793
[MO866] Iteration,1,220,1592227856.284818,0.194880
[MO866] Iteration,3,220,1592227856.284896,0.194958
[MO866] Iteration,2,221,1592227856.478013,0.194762
[MO866] Iteration,0,221,1592227856.478155,0.194842
[MO866] Iteration,3,221,1592227856.479730,0.194813
[MO866] Iteration,1,221,1592227856.479650,0.194795
[MO866] Iteration,0,222,1592227856.672865,0.194685
[MO866] Iteration,2,222,1592227856.672767,0.194673
[MO866] Iteration,1,222,1592227856.674374,0.194688
[MO866] Iteration,3,222,1592227856.674374,0.194623
[MO866] Iteration,2,223,1592227856.867530,0.194692
[MO866] Iteration,0,223,1592227856.867637,0.194746
[MO866] Iteration,3,223,1592227856.869202,0.194792
[MO866] Iteration,1,223,1592227856.869110,0.194700
[MO866] Iteration,2,224,1592227857.062042,0.194448
[MO866] Iteration,0,224,1592227857.062314,0.194656
[MO866] Iteration,1,224,1592227857.063684,0.194534
[MO866] Iteration,3,224,1592227857.063807,0.194583
[MO866] Iteration,2,225,1592227857.256658,0.194551
[MO866] Iteration,0,225,1592227857.256747,0.194408
[MO866] Iteration,3,225,1592227857.258325,0.194498
[MO866] Iteration,1,225,1592227857.258231,0.194511
[MO866] Iteration,0,226,1592227857.451115,0.194342
[MO866] Iteration,2,226,1592227857.451112,0.194392
[MO866] Iteration,1,226,1592227857.452682,0.194413
[MO866] Iteration,3,226,1592227857.452715,0.194367
[MO866] Iteration,2,227,1592227857.646033,0.194871
[MO866] Iteration,0,227,1592227857.646131,0.194969
[MO866] Iteration,1,227,1592227857.647620,0.194901
[MO866] Iteration,3,227,1592227857.647749,0.195002
[MO866] Iteration,2,228,1592227857.840689,0.194569
[MO866] Iteration,0,228,1592227857.840917,0.194758
[MO866] Iteration,1,228,1592227857.842301,0.194645
[MO866] Iteration,3,228,1592227857.842470,0.194700
[MO866] Iteration,0,229,1592227858.035381,0.194441
[MO866] Iteration,2,229,1592227858.035212,0.194463
[MO866] Iteration,1,229,1592227858.036845,0.194504
[MO866] Iteration,3,229,1592227858.036950,0.194458
[MO866] Iteration,0,230,1592227858.230004,0.194595
[MO866] Iteration,2,230,1592227858.229847,0.194566
[MO866] Iteration,1,230,1592227858.231416,0.194534
[MO866] Iteration,3,230,1592227858.231571,0.194599
[MO866] Iteration,2,231,1592227858.425028,0.195102
[MO866] Iteration,0,231,1592227858.425137,0.195108
[MO866] Iteration,3,231,1592227858.426751,0.195160
[MO866] Iteration,1,231,1592227858.426656,0.195199
[MO866] Iteration,2,232,1592227858.619998,0.194907
[MO866] Iteration,0,232,1592227858.620242,0.195080
[MO866] Iteration,1,232,1592227858.621615,0.194916
[MO866] Iteration,3,232,1592227858.621727,0.194953
[MO866] Iteration,2,233,1592227858.814449,0.194391
[MO866] Iteration,0,233,1592227858.814544,0.194280
[MO866] Iteration,1,233,1592227858.815996,0.194342
[MO866] Iteration,3,233,1592227858.816100,0.194350
[MO866] Iteration,0,234,1592227859.008717,0.194144
[MO866] Iteration,2,234,1592227859.008628,0.194111
[MO866] Iteration,1,234,1592227859.010210,0.194183
[MO866] Iteration,3,234,1592227859.010292,0.194172
[MO866] Iteration,2,235,1592227859.203182,0.194502
[MO866] Iteration,0,235,1592227859.203243,0.194503
[MO866] Iteration,3,235,1592227859.204813,0.194498
[MO866] Iteration,1,235,1592227859.204825,0.194578
[MO866] Iteration,0,236,1592227859.398035,0.194757
[MO866] Iteration,2,236,1592227859.397956,0.194704
[MO866] Iteration,1,236,1592227859.399570,0.194722
[MO866] Iteration,3,236,1592227859.399646,0.194798
[MO866] Iteration,2,237,1592227859.592596,0.194573
[MO866] Iteration,0,237,1592227859.592650,0.194592
[MO866] Iteration,1,237,1592227859.594134,0.194527
[MO866] Iteration,3,237,1592227859.594238,0.194570
[MO866] Iteration,2,238,1592227859.786956,0.194299
[MO866] Iteration,0,238,1592227859.787175,0.194494
[MO866] Iteration,1,238,1592227859.788591,0.194417
[MO866] Iteration,3,238,1592227859.788766,0.194504
[MO866] Iteration,0,239,1592227859.981960,0.194761
 Time step  240
[MO866] Iteration,2,239,1592227859.981935,0.194897
[MO866] Iteration,3,239,1592227859.983580,0.194794
[MO866] Iteration,1,239,1592227859.983514,0.194888
[MO866] Iteration,2,240,1592227860.176446,0.194454
[MO866] Iteration,0,240,1592227860.176625,0.194633
[MO866] Iteration,1,240,1592227860.178009,0.194460
[MO866] Iteration,3,240,1592227860.178127,0.194524
[MO866] Iteration,0,241,1592227860.371004,0.194355
[MO866] Iteration,2,241,1592227860.370956,0.194436
[MO866] Iteration,3,241,1592227860.372551,0.194401
[MO866] Iteration,1,241,1592227860.372551,0.194502
[MO866] Iteration,2,242,1592227860.565513,0.194494
[MO866] Iteration,0,242,1592227860.565609,0.194572
[MO866] Iteration,1,242,1592227860.567047,0.194465
[MO866] Iteration,3,242,1592227860.567173,0.194591
[MO866] Iteration,2,243,1592227860.760160,0.194570
[MO866] Iteration,0,243,1592227860.760335,0.194697
[MO866] Iteration,3,243,1592227860.761853,0.194657
[MO866] Iteration,1,243,1592227860.761745,0.194658
[MO866] Iteration,2,244,1592227860.954579,0.194357
[MO866] Iteration,0,244,1592227860.954933,0.194576
[MO866] Iteration,1,244,1592227860.956268,0.194484
[MO866] Iteration,3,244,1592227860.956486,0.194610
[MO866] Iteration,0,245,1592227861.149698,0.194741
[MO866] Iteration,2,245,1592227861.149618,0.194954
[MO866] Iteration,3,245,1592227861.151241,0.194734
[MO866] Iteration,1,245,1592227861.151158,0.194855
[MO866] Iteration,2,246,1592227861.344438,0.194766
[MO866] Iteration,0,246,1592227861.344601,0.194877
[MO866] Iteration,1,246,1592227861.346060,0.194862
[MO866] Iteration,3,246,1592227861.346156,0.194891
[MO866] Iteration,0,247,1592227861.540589,0.195964
[MO866] Iteration,2,247,1592227861.540483,0.195985
[MO866] Iteration,1,247,1592227861.542099,0.195999
[MO866] Iteration,3,247,1592227861.542181,0.196001
[MO866] Iteration,0,248,1592227861.736970,0.196359
[MO866] Iteration,2,248,1592227861.736831,0.196278
[MO866] Iteration,1,248,1592227861.738506,0.196367
[MO866] Iteration,3,248,1592227861.738557,0.196353
[MO866] Iteration,2,249,1592227861.933814,0.196920
[MO866] Iteration,0,249,1592227861.933853,0.196858
[MO866] Iteration,1,249,1592227861.935407,0.196860
[MO866] Iteration,3,249,1592227861.935511,0.196933
[MO866] Iteration,0,250,1592227862.128661,0.194786
[MO866] Iteration,2,250,1592227862.128624,0.194749
[MO866] Iteration,1,250,1592227862.130185,0.194739
[MO866] Iteration,3,250,1592227862.130225,0.194696
[MO866] Iteration,2,251,1592227862.323123,0.194445
[MO866] Iteration,0,251,1592227862.323239,0.194559
[MO866] Iteration,1,251,1592227862.324714,0.194490
[MO866] Iteration,3,251,1592227862.324824,0.194565
[MO866] Iteration,3,252,1592227862.520598,0.195753
[MO866] Iteration,1,252,1592227862.520959,0.196210
[MO866] Iteration,0,252,1592227862.523087,0.199819
[MO866] Iteration,2,252,1592227862.523402,0.200208
[MO866] Iteration,0,253,1592227862.717059,0.193926
[MO866] Iteration,2,253,1592227862.716971,0.193543
[MO866] Iteration,3,253,1592227862.718606,0.197940
[MO866] Iteration,1,253,1592227862.718566,0.197583
[MO866] Iteration,2,254,1592227862.911841,0.194809
[MO866] Iteration,0,254,1592227862.911961,0.194874
[MO866] Iteration,1,254,1592227862.913443,0.194837
[MO866] Iteration,3,254,1592227862.913508,0.194868
[MO866] Iteration,2,255,1592227863.106428,0.194523
[MO866] Iteration,0,255,1592227863.106637,0.194653
[MO866] Iteration,1,255,1592227863.108071,0.194589
[MO866] Iteration,3,255,1592227863.108182,0.194650
[MO866] Iteration,2,256,1592227863.301330,0.194829
[MO866] Iteration,0,256,1592227863.301485,0.194823
[MO866] Iteration,3,256,1592227863.303027,0.194824
[MO866] Iteration,1,256,1592227863.302976,0.194870
[MO866] Iteration,2,257,1592227863.495939,0.194532
[MO866] Iteration,0,257,1592227863.496167,0.194654
[MO866] Iteration,1,257,1592227863.497540,0.194527
[MO866] Iteration,3,257,1592227863.497678,0.194626
[MO866] Iteration,2,258,1592227863.690644,0.194655
[MO866] Iteration,0,258,1592227863.690659,0.194469
[MO866] Iteration,3,258,1592227863.692254,0.194553
[MO866] Iteration,1,258,1592227863.692267,0.194689
[MO866] Iteration,2,259,1592227863.885235,0.194538
[MO866] Iteration,0,259,1592227863.885495,0.194798
 Time step  260
[MO866] Iteration,1,259,1592227863.886805,0.194517
[MO866] Iteration,3,259,1592227863.886977,0.194689
[MO866] Iteration,2,260,1592227864.079935,0.194622
[MO866] Iteration,0,260,1592227864.080033,0.194515
[MO866] Iteration,3,260,1592227864.081611,0.194611
[MO866] Iteration,1,260,1592227864.081510,0.194664
[MO866] Iteration,2,261,1592227864.274437,0.194440
[MO866] Iteration,0,261,1592227864.274776,0.194719
[MO866] Iteration,1,261,1592227864.276136,0.194588
[MO866] Iteration,3,261,1592227864.276320,0.194685
[MO866] Iteration,2,262,1592227864.469550,0.195030
[MO866] Iteration,0,262,1592227864.469610,0.194809
[MO866] Iteration,3,262,1592227864.471186,0.194846
[MO866] Iteration,1,262,1592227864.471154,0.194983
[MO866] Iteration,0,263,1592227864.664350,0.194706
[MO866] Iteration,2,263,1592227864.664300,0.194682
[MO866] Iteration,1,263,1592227864.665855,0.194661
[MO866] Iteration,3,263,1592227864.665938,0.194717
[MO866] Iteration,2,264,1592227864.858871,0.194514
[MO866] Iteration,0,264,1592227864.858935,0.194554
[MO866] Iteration,3,264,1592227864.860553,0.194592
[MO866] Iteration,1,264,1592227864.860491,0.194596
[MO866] Iteration,0,265,1592227865.053898,0.194929
[MO866] Iteration,2,265,1592227865.053773,0.194832
[MO866] Iteration,1,265,1592227865.055356,0.194830
[MO866] Iteration,3,265,1592227865.055423,0.194848
[MO866] Iteration,2,266,1592227865.248327,0.194469
[MO866] Iteration,0,266,1592227865.248450,0.194524
[MO866] Iteration,1,266,1592227865.249878,0.194481
[MO866] Iteration,3,266,1592227865.249987,0.194539
[MO866] Iteration,2,267,1592227865.442794,0.194390
[MO866] Iteration,0,267,1592227865.442968,0.194494
[MO866] Iteration,1,267,1592227865.444425,0.194509
[MO866] Iteration,3,267,1592227865.444583,0.194572
[MO866] Iteration,0,268,1592227865.637466,0.194472
[MO866] Iteration,2,268,1592227865.637427,0.194550
[MO866] Iteration,3,268,1592227865.639038,0.194434
[MO866] Iteration,1,268,1592227865.639024,0.194563
[MO866] Iteration,2,269,1592227865.832264,0.194779
[MO866] Iteration,0,269,1592227865.832486,0.195000
[MO866] Iteration,1,269,1592227865.833872,0.194810
[MO866] Iteration,3,269,1592227865.833991,0.194929
[MO866] Iteration,0,270,1592227866.027030,0.194523
[MO866] Iteration,2,270,1592227866.026909,0.194587
[MO866] Iteration,3,270,1592227866.028567,0.194552
[MO866] Iteration,1,270,1592227866.028556,0.194644
[MO866] Iteration,2,271,1592227866.221615,0.194625
[MO866] Iteration,0,271,1592227866.221641,0.194584
[MO866] Iteration,1,271,1592227866.223217,0.194627
[MO866] Iteration,3,271,1592227866.223234,0.194645
[MO866] Iteration,0,272,1592227866.416367,0.194698
[MO866] Iteration,2,272,1592227866.416278,0.194609
[MO866] Iteration,3,272,1592227866.417957,0.194700
[MO866] Iteration,1,272,1592227866.417863,0.194606
[MO866] Iteration,2,273,1592227866.610846,0.194509
[MO866] Iteration,0,273,1592227866.611055,0.194662
[MO866] Iteration,1,273,1592227866.612516,0.194613
[MO866] Iteration,3,273,1592227866.612650,0.194670
[MO866] Iteration,0,274,1592227866.805614,0.194537
[MO866] Iteration,2,274,1592227866.805525,0.194606
[MO866] Iteration,3,274,1592227866.807171,0.194500
[MO866] Iteration,1,274,1592227866.807081,0.194530
[MO866] Iteration,2,275,1592227866.999971,0.194379
[MO866] Iteration,0,275,1592227867.000138,0.194495
[MO866] Iteration,1,275,1592227867.001575,0.194456
[MO866] Iteration,3,275,1592227867.001699,0.194505
[MO866] Iteration,0,276,1592227867.195434,0.195273
[MO866] Iteration,2,276,1592227867.195345,0.195313
[MO866] Iteration,3,276,1592227867.197042,0.195319
[MO866] Iteration,1,276,1592227867.196961,0.195347
[MO866] Iteration,2,277,1592227867.390144,0.194730
[MO866] Iteration,0,277,1592227867.390229,0.194772
[MO866] Iteration,1,277,1592227867.391758,0.194760
[MO866] Iteration,3,277,1592227867.391853,0.194788
[MO866] Iteration,2,278,1592227867.585832,0.195621
[MO866] Iteration,0,278,1592227867.586079,0.195825
[MO866] Iteration,1,278,1592227867.587469,0.195676
[MO866] Iteration,3,278,1592227867.587702,0.195828
[MO866] Iteration,2,279,1592227867.780698,0.194784
[MO866] Iteration,0,279,1592227867.780780,0.194674
 Time step  280
[MO866] Iteration,3,279,1592227867.782364,0.194641
[MO866] Iteration,1,279,1592227867.782279,0.194751
[MO866] Iteration,2,280,1592227867.975464,0.194700
[MO866] Iteration,0,280,1592227867.975659,0.194849
[MO866] Iteration,1,280,1592227867.977101,0.194785
[MO866] Iteration,3,280,1592227867.977214,0.194828
[MO866] Iteration,2,281,1592227868.170171,0.194615
[MO866] Iteration,0,281,1592227868.170328,0.194647
[MO866] Iteration,1,281,1592227868.171806,0.194668
[MO866] Iteration,3,281,1592227868.171914,0.194677
[MO866] Iteration,2,282,1592227868.364606,0.194350
[MO866] Iteration,0,282,1592227868.364791,0.194436
[MO866] Iteration,1,282,1592227868.366192,0.194351
[MO866] Iteration,3,282,1592227868.366327,0.194393
[MO866] Iteration,0,283,1592227868.559239,0.194424
[MO866] Iteration,2,283,1592227868.559214,0.194545
[MO866] Iteration,3,283,1592227868.560826,0.194477
[MO866] Iteration,1,283,1592227868.560814,0.194583
[MO866] Iteration,2,284,1592227868.754008,0.194734
[MO866] Iteration,0,284,1592227868.754249,0.194975
[MO866] Iteration,1,284,1592227868.755625,0.194776
[MO866] Iteration,3,284,1592227868.755779,0.194930
[MO866] Iteration,0,285,1592227868.948965,0.194690
[MO866] Iteration,2,285,1592227868.948944,0.194862
[MO866] Iteration,3,285,1592227868.950509,0.194709
[MO866] Iteration,1,285,1592227868.950502,0.194841
[MO866] Iteration,2,286,1592227869.143556,0.194561
[MO866] Iteration,0,286,1592227869.143643,0.194648
[MO866] Iteration,1,286,1592227869.145137,0.194599
[MO866] Iteration,3,286,1592227869.145221,0.194683
[MO866] Iteration,0,287,1592227869.338622,0.194956
[MO866] Iteration,2,287,1592227869.338589,0.194968
[MO866] Iteration,3,287,1592227869.340230,0.194986
[MO866] Iteration,1,287,1592227869.340219,0.195046
[MO866] Iteration,2,288,1592227869.533142,0.194490
[MO866] Iteration,0,288,1592227869.533359,0.194707
[MO866] Iteration,1,288,1592227869.534750,0.194498
[MO866] Iteration,3,288,1592227869.534886,0.194635
[MO866] Iteration,0,289,1592227869.727897,0.194514
[MO866] Iteration,2,289,1592227869.727840,0.194632
[MO866] Iteration,3,289,1592227869.729454,0.194545
[MO866] Iteration,1,289,1592227869.729386,0.194598
[MO866] Iteration,2,290,1592227869.922460,0.194556
[MO866] Iteration,0,290,1592227869.922625,0.194709
[MO866] Iteration,1,290,1592227869.924123,0.194698
[MO866] Iteration,3,290,1592227869.924213,0.194736
[MO866] Iteration,2,291,1592227870.117074,0.194542
[MO866] Iteration,0,291,1592227870.117296,0.194646
[MO866] Iteration,1,291,1592227870.118661,0.194502
[MO866] Iteration,3,291,1592227870.118834,0.194600
[MO866] Iteration,2,292,1592227870.311763,0.194625
[MO866] Iteration,0,292,1592227870.311837,0.194516
[MO866] Iteration,3,292,1592227870.313426,0.194570
[MO866] Iteration,1,292,1592227870.313324,0.194622
[MO866] Iteration,0,293,1592227870.506907,0.195048
[MO866] Iteration,2,293,1592227870.506807,0.194981
[MO866] Iteration,1,293,1592227870.508519,0.195157
[MO866] Iteration,3,293,1592227870.508546,0.195097
[MO866] Iteration,2,294,1592227870.703408,0.196521
[MO866] Iteration,0,294,1592227870.703460,0.196525
[MO866] Iteration,3,294,1592227870.705127,0.196564
[MO866] Iteration,1,294,1592227870.705063,0.196510
[MO866] Iteration,2,295,1592227870.899790,0.196318
[MO866] Iteration,0,295,1592227870.899952,0.196441
[MO866] Iteration,1,295,1592227870.901432,0.196332
[MO866] Iteration,3,295,1592227870.901568,0.196420
[MO866] Iteration,2,296,1592227871.094327,0.194473
[MO866] Iteration,0,296,1592227871.094529,0.194553
[MO866] Iteration,1,296,1592227871.095960,0.194490
[MO866] Iteration,3,296,1592227871.096093,0.194504
[MO866] Iteration,2,297,1592227871.289340,0.194942
[MO866] Iteration,0,297,1592227871.289426,0.194872
[MO866] Iteration,1,297,1592227871.290920,0.194925
[MO866] Iteration,3,297,1592227871.290952,0.194840
[MO866] Iteration,2,298,1592227871.483843,0.194439
[MO866] Iteration,0,298,1592227871.484102,0.194645
[MO866] Iteration,1,298,1592227871.485482,0.194523
[MO866] Iteration,3,298,1592227871.485633,0.194646
[MO866] Iteration,2,299,1592227871.678586,0.194680
[MO866] Iteration,0,299,1592227871.678570,0.194443
 Time step  300
[MO866] Iteration,3,299,1592227871.680194,0.194538
[MO866] Iteration,1,299,1592227871.680178,0.194657
[MO866] Iteration,2,300,1592227871.873259,0.194633
[MO866] Iteration,0,300,1592227871.873442,0.194816
[MO866] Iteration,1,300,1592227871.874917,0.194705
[MO866] Iteration,3,300,1592227871.875009,0.194797
[MO866] Iteration,2,301,1592227872.067848,0.194515
[MO866] Iteration,0,301,1592227872.068031,0.194563
[MO866] Iteration,1,301,1592227872.069456,0.194503
[MO866] Iteration,3,301,1592227872.069571,0.194539
[MO866] Iteration,2,302,1592227872.262348,0.194437
[MO866] Iteration,0,302,1592227872.262571,0.194519
[MO866] Iteration,1,302,1592227872.264038,0.194544
[MO866] Iteration,3,302,1592227872.264131,0.194537
[MO866] Iteration,0,303,1592227872.457366,0.194768
[MO866] Iteration,2,303,1592227872.457276,0.194844
[MO866] Iteration,3,303,1592227872.458927,0.194775
[MO866] Iteration,1,303,1592227872.458843,0.194770
[MO866] Iteration,2,304,1592227872.651889,0.194549
[MO866] Iteration,0,304,1592227872.651907,0.194513
[MO866] Iteration,1,304,1592227872.653472,0.194589
[MO866] Iteration,3,304,1592227872.653494,0.194543
[MO866] Iteration,0,305,1592227872.846700,0.194759
[MO866] Iteration,2,305,1592227872.846550,0.194609
[MO866] Iteration,3,305,1592227872.848253,0.194727
[MO866] Iteration,1,305,1592227872.848200,0.194690
[MO866] Iteration,2,306,1592227873.041450,0.194817
[MO866] Iteration,0,306,1592227873.041616,0.194888
[MO866] Iteration,1,306,1592227873.043045,0.194809
[MO866] Iteration,3,306,1592227873.043166,0.194896
[MO866] Iteration,3,307,1592227873.239076,0.195887
[MO866] Iteration,1,307,1592227873.239466,0.196382
[MO866] Iteration,0,307,1592227873.241669,0.200028
[MO866] Iteration,2,307,1592227873.241988,0.200472
[MO866] Iteration,2,308,1592227873.434774,0.192761
[MO866] Iteration,0,308,1592227873.434997,0.193282
[MO866] Iteration,1,308,1592227873.436445,0.196934
[MO866] Iteration,3,308,1592227873.436593,0.197426
[MO866] Iteration,0,309,1592227873.630227,0.195206
[MO866] Iteration,2,309,1592227873.630162,0.195306
[MO866] Iteration,3,309,1592227873.631845,0.195231
[MO866] Iteration,1,309,1592227873.631760,0.195279
[MO866] Iteration,2,310,1592227873.824864,0.194631
[MO866] Iteration,0,310,1592227873.824973,0.194709
[MO866] Iteration,1,310,1592227873.826447,0.194652
[MO866] Iteration,3,310,1592227873.826534,0.194668
[MO866] Iteration,0,311,1592227874.021356,0.196360
[MO866] Iteration,2,311,1592227874.021216,0.196278
[MO866] Iteration,1,311,1592227874.022834,0.196348
[MO866] Iteration,3,311,1592227874.022948,0.196390
[MO866] Iteration,2,312,1592227874.216216,0.194935
[MO866] Iteration,0,312,1592227874.216380,0.194999
[MO866] Iteration,1,312,1592227874.217832,0.194957
[MO866] Iteration,3,312,1592227874.217940,0.194971
[MO866] Iteration,0,313,1592227874.410881,0.194477
[MO866] Iteration,2,313,1592227874.410838,0.194550
[MO866] Iteration,1,313,1592227874.412438,0.194566
[MO866] Iteration,3,313,1592227874.412538,0.194575
[MO866] Iteration,2,314,1592227874.605572,0.194670
[MO866] Iteration,0,314,1592227874.605572,0.194669
[MO866] Iteration,1,314,1592227874.607115,0.194643
[MO866] Iteration,3,314,1592227874.607123,0.194564
[MO866] Iteration,2,315,1592227874.799881,0.194265
[MO866] Iteration,0,315,1592227874.800102,0.194486
[MO866] Iteration,1,315,1592227874.801490,0.194337
[MO866] Iteration,3,315,1592227874.801598,0.194445
[MO866] Iteration,2,316,1592227874.994515,0.194572
[MO866] Iteration,0,316,1592227874.994617,0.194493
[MO866] Iteration,3,316,1592227874.996151,0.194531
[MO866] Iteration,1,316,1592227874.996163,0.194634
[MO866] Iteration,2,317,1592227875.189293,0.194710
[MO866] Iteration,0,317,1592227875.189486,0.194841
[MO866] Iteration,1,317,1592227875.190889,0.194704
[MO866] Iteration,3,317,1592227875.191007,0.194822
[MO866] Iteration,2,318,1592227875.384137,0.194767
[MO866] Iteration,0,318,1592227875.384230,0.194719
[MO866] Iteration,3,318,1592227875.385801,0.194770
[MO866] Iteration,1,318,1592227875.385701,0.194771
[MO866] Iteration,0,319,1592227875.578671,0.194419
 Time step  320
[MO866] Iteration,2,319,1592227875.578586,0.194392
[MO866] Iteration,1,319,1592227875.580172,0.194433
[MO866] Iteration,3,319,1592227875.580252,0.194428
[MO866] Iteration,2,320,1592227875.773338,0.194672
[MO866] Iteration,0,320,1592227875.773394,0.194698
[MO866] Iteration,3,320,1592227875.774971,0.194698
[MO866] Iteration,1,320,1592227875.774917,0.194711
[MO866] Iteration,2,321,1592227875.968152,0.194749
[MO866] Iteration,0,321,1592227875.968362,0.194936
[MO866] Iteration,1,321,1592227875.969713,0.194757
[MO866] Iteration,3,321,1592227875.969900,0.194907
[MO866] Iteration,2,322,1592227876.162974,0.194762
[MO866] Iteration,0,322,1592227876.163021,0.194637
[MO866] Iteration,3,322,1592227876.164594,0.194671
[MO866] Iteration,1,322,1592227876.164588,0.194836
[MO866] Iteration,0,323,1592227876.357644,0.194589
[MO866] Iteration,2,323,1592227876.357607,0.194569
[MO866] Iteration,1,323,1592227876.359161,0.194541
[MO866] Iteration,3,323,1592227876.359222,0.194602
[MO866] Iteration,2,324,1592227876.552620,0.194954
[MO866] Iteration,0,324,1592227876.552672,0.195006
[MO866] Iteration,3,324,1592227876.554305,0.195058
[MO866] Iteration,1,324,1592227876.554238,0.195039
[MO866] Iteration,2,325,1592227876.747075,0.194403
[MO866] Iteration,0,325,1592227876.747380,0.194671
[MO866] Iteration,1,325,1592227876.748758,0.194484
[MO866] Iteration,3,325,1592227876.748921,0.194593
[MO866] Iteration,2,326,1592227876.957193,0.210032
[MO866] Iteration,0,326,1592227876.957308,0.209902
[MO866] Iteration,3,326,1592227876.965405,0.216462
[MO866] Iteration,1,326,1592227876.965332,0.216537
[MO866] Iteration,0,327,1592227877.161323,0.203995
[MO866] Iteration,2,327,1592227877.161221,0.203967
[MO866] Iteration,1,327,1592227877.162814,0.197435
[MO866] Iteration,3,327,1592227877.162853,0.197413
[MO866] Iteration,2,328,1592227877.355810,0.194512
[MO866] Iteration,0,328,1592227877.355899,0.194550
[MO866] Iteration,1,328,1592227877.357424,0.194571
[MO866] Iteration,3,328,1592227877.357802,0.194915
[MO866] Iteration,2,329,1592227877.550742,0.194870
[MO866] Iteration,0,329,1592227877.550914,0.194991
[MO866] Iteration,1,329,1592227877.552366,0.194903
[MO866] Iteration,3,329,1592227877.552500,0.194675
[MO866] Iteration,2,330,1592227877.745562,0.194750
[MO866] Iteration,0,330,1592227877.745722,0.194783
[MO866] Iteration,1,330,1592227877.747146,0.194744
[MO866] Iteration,3,330,1592227877.747243,0.194723
[MO866] Iteration,2,331,1592227877.940194,0.194554
[MO866] Iteration,0,331,1592227877.940330,0.194582
[MO866] Iteration,1,331,1592227877.941757,0.194571
[MO866] Iteration,3,331,1592227877.941886,0.194619
[MO866] Iteration,2,332,1592227878.134671,0.194404
[MO866] Iteration,0,332,1592227878.134709,0.194360
[MO866] Iteration,1,332,1592227878.136289,0.194493
[MO866] Iteration,3,332,1592227878.136315,0.194407
[MO866] Iteration,0,333,1592227878.329643,0.194910
[MO866] Iteration,2,333,1592227878.329581,0.194848
[MO866] Iteration,3,333,1592227878.331195,0.194849
[MO866] Iteration,1,333,1592227878.331173,0.194849
[MO866] Iteration,2,334,1592227878.523996,0.194350
[MO866] Iteration,0,334,1592227878.524212,0.194535
[MO866] Iteration,1,334,1592227878.525631,0.194418
[MO866] Iteration,3,334,1592227878.525724,0.194511
[MO866] Iteration,0,335,1592227878.718852,0.194618
[MO866] Iteration,2,335,1592227878.718699,0.194639
[MO866] Iteration,3,335,1592227878.720431,0.194683
[MO866] Iteration,1,335,1592227878.720353,0.194682
[MO866] Iteration,2,336,1592227878.913350,0.194575
[MO866] Iteration,0,336,1592227878.913462,0.194582
[MO866] Iteration,1,336,1592227878.914939,0.194551
[MO866] Iteration,3,336,1592227878.915025,0.194573
[MO866] Iteration,0,337,1592227879.108005,0.194516
[MO866] Iteration,2,337,1592227879.107989,0.194572
[MO866] Iteration,3,337,1592227879.109548,0.194501
[MO866] Iteration,1,337,1592227879.109535,0.194557
[MO866] Iteration,2,338,1592227879.302890,0.194854
[MO866] Iteration,0,338,1592227879.303067,0.195031
[MO866] Iteration,1,338,1592227879.304514,0.194942
[MO866] Iteration,3,338,1592227879.304655,0.195084
[MO866] Iteration,0,339,1592227879.497590,0.194497
 Time step  340
[MO866] Iteration,2,339,1592227879.497537,0.194581
[MO866] Iteration,3,339,1592227879.499164,0.194489
[MO866] Iteration,1,339,1592227879.499136,0.194585
[MO866] Iteration,2,340,1592227879.692798,0.195198
[MO866] Iteration,0,340,1592227879.692966,0.195344
[MO866] Iteration,1,340,1592227879.694407,0.195231
[MO866] Iteration,3,340,1592227879.694498,0.195302
[MO866] Iteration,0,341,1592227879.887609,0.194620
[MO866] Iteration,2,341,1592227879.887539,0.194668
[MO866] Iteration,3,341,1592227879.889177,0.194656
[MO866] Iteration,1,341,1592227879.889095,0.194649
[MO866] Iteration,2,342,1592227880.082305,0.194700
[MO866] Iteration,0,342,1592227880.082601,0.194971
[MO866] Iteration,1,342,1592227880.083987,0.194855
[MO866] Iteration,3,342,1592227880.084167,0.194968
[MO866] Iteration,0,343,1592227880.277063,0.194435
[MO866] Iteration,2,343,1592227880.277010,0.194621
[MO866] Iteration,3,343,1592227880.278607,0.194420
[MO866] Iteration,1,343,1592227880.278546,0.194524
[MO866] Iteration,2,344,1592227880.471541,0.194470
[MO866] Iteration,0,344,1592227880.471664,0.194567
[MO866] Iteration,1,344,1592227880.473135,0.194551
[MO866] Iteration,3,344,1592227880.473229,0.194597
[MO866] Iteration,2,345,1592227880.666151,0.194545
[MO866] Iteration,0,345,1592227880.666332,0.194646
[MO866] Iteration,1,345,1592227880.667810,0.194639
[MO866] Iteration,3,345,1592227880.667901,0.194649
[MO866] Iteration,2,346,1592227880.860982,0.194747
[MO866] Iteration,0,346,1592227880.861069,0.194713
[MO866] Iteration,1,346,1592227880.862517,0.194673
[MO866] Iteration,3,346,1592227880.862626,0.194704
[MO866] Iteration,2,347,1592227881.055694,0.194651
[MO866] Iteration,0,347,1592227881.055761,0.194665
[MO866] Iteration,1,347,1592227881.057332,0.194777
[MO866] Iteration,3,347,1592227881.057363,0.194714
[MO866] Iteration,2,348,1592227881.250373,0.194618
[MO866] Iteration,0,348,1592227881.250599,0.194813
[MO866] Iteration,1,348,1592227881.252036,0.194667
[MO866] Iteration,3,348,1592227881.252142,0.194747
[MO866] Iteration,2,349,1592227881.445211,0.194769
[MO866] Iteration,0,349,1592227881.445363,0.194741
[MO866] Iteration,1,349,1592227881.446805,0.194728
[MO866] Iteration,3,349,1592227881.446923,0.194760
[MO866] Iteration,2,350,1592227881.639643,0.194367
[MO866] Iteration,0,350,1592227881.639902,0.194514
[MO866] Iteration,1,350,1592227881.641288,0.194443
[MO866] Iteration,3,350,1592227881.641442,0.194495
[MO866] Iteration,0,351,1592227881.834270,0.194346
[MO866] Iteration,2,351,1592227881.834215,0.194510
[MO866] Iteration,1,351,1592227881.835814,0.194489
[MO866] Iteration,3,351,1592227881.835923,0.194459
[MO866] Iteration,2,352,1592227882.028823,0.194541
[MO866] Iteration,0,352,1592227882.029044,0.194739
[MO866] Iteration,1,352,1592227882.030433,0.194584
[MO866] Iteration,3,352,1592227882.030583,0.194639
[MO866] Iteration,2,353,1592227882.223310,0.194427
[MO866] Iteration,0,353,1592227882.223570,0.194503
[MO866] Iteration,1,353,1592227882.224988,0.194515
[MO866] Iteration,3,353,1592227882.225149,0.194544
[MO866] Iteration,2,354,1592227882.418282,0.194898
[MO866] Iteration,0,354,1592227882.418414,0.194821
[MO866] Iteration,3,354,1592227882.419988,0.194817
[MO866] Iteration,1,354,1592227882.419954,0.194928
[MO866] Iteration,0,355,1592227882.613540,0.195099
[MO866] Iteration,2,355,1592227882.613533,0.195167
[MO866] Iteration,1,355,1592227882.615076,0.195085
[MO866] Iteration,3,355,1592227882.615116,0.195087
[MO866] Iteration,2,356,1592227882.808030,0.194451
[MO866] Iteration,0,356,1592227882.808252,0.194673
[MO866] Iteration,1,356,1592227882.809638,0.194523
[MO866] Iteration,3,356,1592227882.809760,0.194610
[MO866] Iteration,2,357,1592227883.002591,0.194499
[MO866] Iteration,0,357,1592227883.002815,0.194543
[MO866] Iteration,1,357,1592227883.004228,0.194551
[MO866] Iteration,3,357,1592227883.004407,0.194624
[MO866] Iteration,0,358,1592227883.197556,0.194717
[MO866] Iteration,2,358,1592227883.197470,0.194795
[MO866] Iteration,1,358,1592227883.199018,0.194754
[MO866] Iteration,3,358,1592227883.199132,0.194706
[MO866] Iteration,2,359,1592227883.392091,0.194554
[MO866] Iteration,0,359,1592227883.392255,0.194669
 Time step  360
[MO866] Iteration,1,359,1592227883.393670,0.194613
[MO866] Iteration,3,359,1592227883.393780,0.194625
[MO866] Iteration,0,360,1592227883.586767,0.194487
[MO866] Iteration,2,360,1592227883.586757,0.194605
[MO866] Iteration,3,360,1592227883.588368,0.194564
[MO866] Iteration,1,360,1592227883.588345,0.194636
[MO866] Iteration,2,361,1592227883.781321,0.194513
[MO866] Iteration,0,361,1592227883.781434,0.194626
[MO866] Iteration,1,361,1592227883.782914,0.194534
[MO866] Iteration,3,361,1592227883.783019,0.194620
[MO866] Iteration,2,362,1592227883.975977,0.194580
[MO866] Iteration,0,362,1592227883.976124,0.194666
[MO866] Iteration,1,362,1592227883.977523,0.194567
[MO866] Iteration,3,362,1592227883.977673,0.194631
[MO866] Iteration,2,363,1592227884.170460,0.194422
[MO866] Iteration,0,363,1592227884.170521,0.194374
[MO866] Iteration,3,363,1592227884.172109,0.194414
[MO866] Iteration,1,363,1592227884.172073,0.194510
[MO866] Iteration,0,364,1592227884.365107,0.194549
[MO866] Iteration,2,364,1592227884.365042,0.194514
[MO866] Iteration,1,364,1592227884.366577,0.194469
[MO866] Iteration,3,364,1592227884.366640,0.194501
[MO866] Iteration,2,365,1592227884.559000,0.193894
[MO866] Iteration,0,365,1592227884.559181,0.194052
[MO866] Iteration,1,365,1592227884.560568,0.193955
[MO866] Iteration,3,365,1592227884.560699,0.194035
[MO866] Iteration,2,366,1592227884.753377,0.194310
[MO866] Iteration,0,366,1592227884.753472,0.194267
[MO866] Iteration,1,366,1592227884.754895,0.194290
[MO866] Iteration,3,366,1592227884.754973,0.194251
[MO866] Iteration,2,367,1592227884.947118,0.193679
[MO866] Iteration,0,367,1592227884.947296,0.193798
[MO866] Iteration,1,367,1592227884.948702,0.193766
[MO866] Iteration,3,367,1592227884.948823,0.193827
[MO866] Iteration,2,368,1592227885.141277,0.194093
[MO866] Iteration,0,368,1592227885.141309,0.193988
[MO866] Iteration,3,368,1592227885.142857,0.194013
[MO866] Iteration,1,368,1592227885.142774,0.194034
[MO866] Iteration,2,369,1592227885.335109,0.193780
[MO866] Iteration,0,369,1592227885.335359,0.194030
[MO866] Iteration,1,369,1592227885.336761,0.193946
[MO866] Iteration,3,369,1592227885.336955,0.194074
[MO866] Iteration,2,370,1592227885.529306,0.194129
[MO866] Iteration,0,370,1592227885.529367,0.193983
[MO866] Iteration,3,370,1592227885.530917,0.193941
[MO866] Iteration,1,370,1592227885.530835,0.194040
[MO866] Iteration,2,371,1592227885.724805,0.195446
[MO866] Iteration,0,371,1592227885.724943,0.195555
[MO866] Iteration,1,371,1592227885.726411,0.195540
[MO866] Iteration,3,371,1592227885.726442,0.195503
[MO866] Iteration,2,372,1592227885.920406,0.195543
[MO866] Iteration,0,372,1592227885.920538,0.195575
[MO866] Iteration,1,372,1592227885.922016,0.195564
[MO866] Iteration,3,372,1592227885.922102,0.195636
[MO866] Iteration,3,373,1592227886.116255,0.194131
[MO866] Iteration,0,373,1592227886.118855,0.198296
[MO866] Iteration,1,373,1592227886.120607,0.198553
[MO866] Iteration,2,373,1592227886.122861,0.202397
[MO866] Iteration,0,374,1592227886.315801,0.196894
[MO866] Iteration,2,374,1592227886.315746,0.192853
[MO866] Iteration,1,374,1592227886.317317,0.196674
[MO866] Iteration,3,374,1592227886.317435,0.201125
[MO866] Iteration,0,375,1592227886.510361,0.194540
[MO866] Iteration,2,375,1592227886.510327,0.194519
[MO866] Iteration,3,375,1592227886.511945,0.194487
[MO866] Iteration,1,375,1592227886.511921,0.194565
[MO866] Iteration,2,376,1592227886.705086,0.194698
[MO866] Iteration,0,376,1592227886.705266,0.194878
[MO866] Iteration,1,376,1592227886.706687,0.194730
[MO866] Iteration,3,376,1592227886.706819,0.194844
[MO866] Iteration,0,377,1592227886.899922,0.194630
[MO866] Iteration,2,377,1592227886.899889,0.194744
[MO866] Iteration,3,377,1592227886.901500,0.194659
[MO866] Iteration,1,377,1592227886.901487,0.194760
[MO866] Iteration,2,378,1592227887.094313,0.194370
[MO866] Iteration,0,378,1592227887.094646,0.194703
[MO866] Iteration,1,378,1592227887.095989,0.194464
[MO866] Iteration,3,378,1592227887.096173,0.194648
[MO866] Iteration,2,379,1592227887.289169,0.194785
[MO866] Iteration,0,379,1592227887.289353,0.194682
 Time step  380
[MO866] Iteration,3,379,1592227887.290872,0.194679
[MO866] Iteration,1,379,1592227887.290786,0.194761
[MO866] Iteration,2,380,1592227887.483679,0.194434
[MO866] Iteration,0,380,1592227887.483921,0.194542
[MO866] Iteration,1,380,1592227887.485285,0.194458
[MO866] Iteration,3,380,1592227887.485454,0.194558
[MO866] Iteration,0,381,1592227887.678399,0.194457
[MO866] Iteration,2,381,1592227887.678430,0.194689
[MO866] Iteration,3,381,1592227887.679987,0.194512
[MO866] Iteration,1,381,1592227887.679997,0.194673
[MO866] Iteration,2,382,1592227887.872860,0.194403
[MO866] Iteration,0,382,1592227887.873072,0.194614
[MO866] Iteration,1,382,1592227887.874442,0.194413
[MO866] Iteration,3,382,1592227887.874596,0.194567
[MO866] Iteration,2,383,1592227888.067439,0.194515
[MO866] Iteration,0,383,1592227888.067619,0.194524
[MO866] Iteration,3,383,1592227888.069179,0.194561
[MO866] Iteration,1,383,1592227888.069085,0.194602
[MO866] Iteration,2,384,1592227888.262152,0.194619
[MO866] Iteration,0,384,1592227888.262308,0.194667
[MO866] Iteration,1,384,1592227888.263769,0.194647
[MO866] Iteration,3,384,1592227888.263908,0.194707
[MO866] Iteration,2,385,1592227888.457003,0.194779
[MO866] Iteration,0,385,1592227888.457257,0.194923
[MO866] Iteration,1,385,1592227888.458627,0.194822
[MO866] Iteration,3,385,1592227888.458768,0.194840
[MO866] Iteration,2,386,1592227888.652369,0.195301
[MO866] Iteration,0,386,1592227888.652469,0.195188
[MO866] Iteration,3,386,1592227888.654034,0.195244
[MO866] Iteration,1,386,1592227888.653963,0.195295
[MO866] Iteration,0,387,1592227888.846966,0.194475
[MO866] Iteration,2,387,1592227888.846909,0.194482
[MO866] Iteration,1,387,1592227888.848514,0.194511
[MO866] Iteration,3,387,1592227888.848545,0.194485
[MO866] Iteration,2,388,1592227889.041724,0.194746
[MO866] Iteration,0,388,1592227889.041904,0.194904
[MO866] Iteration,3,388,1592227889.043409,0.194833
[MO866] Iteration,1,388,1592227889.043306,0.194756
[MO866] Iteration,0,389,1592227889.236422,0.194493
[MO866] Iteration,2,389,1592227889.236381,0.194584
[MO866] Iteration,1,389,1592227889.237926,0.194580
[MO866] Iteration,3,389,1592227889.238006,0.194574
[MO866] Iteration,2,390,1592227889.431027,0.194591
[MO866] Iteration,0,390,1592227889.431032,0.194579
[MO866] Iteration,3,390,1592227889.432697,0.194668
[MO866] Iteration,1,390,1592227889.432641,0.194676
[MO866] Iteration,0,391,1592227889.625996,0.194919
[MO866] Iteration,2,391,1592227889.625977,0.194900
[MO866] Iteration,1,391,1592227889.627584,0.194909
[MO866] Iteration,3,391,1592227889.627586,0.194867
[MO866] Iteration,2,392,1592227889.820397,0.194365
[MO866] Iteration,0,392,1592227889.820610,0.194578
[MO866] Iteration,1,392,1592227889.822023,0.194406
[MO866] Iteration,3,392,1592227889.822158,0.194541
[MO866] Iteration,0,393,1592227890.015256,0.194623
[MO866] Iteration,2,393,1592227890.015098,0.194631
[MO866] Iteration,1,393,1592227890.016731,0.194672
[MO866] Iteration,3,393,1592227890.016805,0.194624
[MO866] Iteration,2,394,1592227890.209648,0.194478
[MO866] Iteration,0,394,1592227890.209956,0.194676
[MO866] Iteration,1,394,1592227890.211304,0.194537
[MO866] Iteration,3,394,1592227890.211442,0.194616
[MO866] Iteration,0,395,1592227890.404538,0.194554
[MO866] Iteration,2,395,1592227890.404418,0.194701
[MO866] Iteration,1,395,1592227890.406004,0.194662
[MO866] Iteration,3,395,1592227890.406126,0.194661
[MO866] Iteration,2,396,1592227890.599117,0.194634
[MO866] Iteration,0,396,1592227890.599222,0.194661
[MO866] Iteration,3,396,1592227890.600821,0.194672
[MO866] Iteration,1,396,1592227890.600736,0.194693
[MO866] Iteration,0,397,1592227890.793935,0.194681
[MO866] Iteration,2,397,1592227890.793815,0.194626
[MO866] Iteration,1,397,1592227890.795378,0.194606
[MO866] Iteration,3,397,1592227890.795515,0.194673
[MO866] Iteration,2,398,1592227890.988526,0.194626
[MO866] Iteration,0,398,1592227890.988823,0.194860
[MO866] Iteration,1,398,1592227890.990147,0.194731
[MO866] Iteration,3,398,1592227890.990325,0.194792
[MO866] Iteration,0,399,1592227891.183402,0.194554
 Time step  400
[MO866] Iteration,2,399,1592227891.183331,0.194732
[MO866] Iteration,1,399,1592227891.184945,0.194759
[MO866] Iteration,3,399,1592227891.185026,0.194678
[MO866] Iteration,2,400,1592227891.377950,0.194546
[MO866] Iteration,0,400,1592227891.378081,0.194645
[MO866] Iteration,3,400,1592227891.379415,0.194367
[MO866] Iteration,1,400,1592227891.379352,0.194370
 Verification being performed for class B
 accuracy setting for epsilon =  0.1000000000000E-07
 Comparison of RMS-norms of residual
           1 0.6903293579998E+02 0.6903293579998E+02 0.5661044255750E-13
           2 0.3095134488084E+02 0.3095134488084E+02 0.8861311101644E-13
           3 0.4103336647017E+02 0.4103336647017E+02 0.1163649876931E-12
           4 0.3864769009604E+02 0.3864769009604E+02 0.3051931275661E-13
           5 0.5643482272596E+02 0.5643482272596E+02 0.5590182788549E-13
 Comparison of RMS-norms of solution error
           1 0.9810006190188E-02 0.9810006190188E-02 0.4792148474482E-13
           2 0.1022827905670E-02 0.1022827905670E-02 0.3962296783540E-12
           3 0.1720597911692E-02 0.1720597911692E-02 0.1548862126276E-12
           4 0.1694479428231E-02 0.1694479428231E-02 0.1122286041870E-12
           5 0.1847456263981E-01 0.1847456263981E-01 0.7624513174985E-13
 Verification Successful


 SP Benchmark Completed.
 Class           =                        B
 Size            =            102x 102x 102
 Iterations      =                      400
 Time in seconds =                    78.13
 Total processes =                        4
 Active procs    =                        4
 Mop/s total     =                  4543.78
 Mop/s/process   =                  1135.95
 Operation type  =           floating point
 Verification    =               SUCCESSFUL
 Version         =                      3.4
 Compile date    =              15 Jun 2020

 Compile options:
    MPIFC        = mpif90
    FLINK        = $(MPIFC)
    FMPI_LIB     = (none)
    FMPI_INC     = (none)
    FFLAGS       = -O3
    FLINKFLAGS   = $(FFLAGS) -O ../kernel_stats/kernel_stats.o...
    RAND         = (none)


 Please send feedbacks and/or the results of this run to:

 NPB Development Team 
 Internet: npb@nas.nasa.gov


