--------------------------------------------------------------------------
[[61072,1],1]: A high-performance Open MPI point-to-point messaging module
was unable to find any relevant network interfaces:

Module: OpenFabrics (openib)
  Host: node06

Another transport will be used instead, although this may result in
lower performance.

NOTE: You can disable this warning by setting the MCA parameter
btl_base_warn_component_unused to 0.
--------------------------------------------------------------------------


 NAS Parallel Benchmarks 3.4 -- SP Benchmark

 No input file inputsp.data. Using compiled defaults
 Size:  162x 162x 162  (class C)
 Iterations:  400    dt:   0.0006700
 WARNING: Number of active processes:     4
 Total number of processes:     8

[MO866] Init time,1,1592229211.572619
[MO866] Init time,2,1592229211.572594
[MO866] Init time,3,1592229211.572612
[MO866] Init time,0,1592229211.572594
 Time step    1
[MO866] Iteration,0,1,1592229212.470123,0.897486
[MO866] Iteration,2,1,1592229212.470820,0.898183
[MO866] Iteration,3,1,1592229212.476290,0.903623
[MO866] Iteration,1,1,1592229212.476282,0.903615
[MO866] Iteration,3,2,1592229213.413218,0.936891
[MO866] Iteration,1,2,1592229213.414199,0.937872
[MO866] Iteration,0,2,1592229213.420192,0.949996
[MO866] Iteration,2,2,1592229213.420415,0.949564
[MO866] Iteration,0,3,1592229214.346471,0.926241
[MO866] Iteration,3,3,1592229214.353664,0.940385
[MO866] Iteration,2,3,1592229214.368009,0.947574
[MO866] Iteration,1,3,1592229214.374482,0.960243
[MO866] Iteration,0,4,1592229215.283551,0.937024
[MO866] Iteration,1,4,1592229215.289605,0.915078
[MO866] Iteration,2,4,1592229215.294145,0.926091
[MO866] Iteration,3,4,1592229215.299187,0.945451
[MO866] Iteration,0,5,1592229216.195333,0.911714
[MO866] Iteration,3,5,1592229216.201938,0.902705
[MO866] Iteration,1,5,1592229216.231836,0.942174
[MO866] Iteration,2,5,1592229216.240398,0.946208
[MO866] Iteration,1,6,1592229217.124991,0.893099
[MO866] Iteration,2,6,1592229217.133202,0.892768
[MO866] Iteration,0,6,1592229217.181175,0.985778
[MO866] Iteration,3,6,1592229217.182523,0.980530
[MO866] Iteration,2,7,1592229218.076947,0.943694
[MO866] Iteration,0,7,1592229218.076918,0.895696
[MO866] Iteration,3,7,1592229218.083157,0.900573
[MO866] Iteration,1,7,1592229218.102013,0.976959
[MO866] Iteration,2,8,1592229218.994304,0.917329
[MO866] Iteration,1,8,1592229219.001438,0.899368
[MO866] Iteration,3,8,1592229219.001701,0.918496
[MO866] Iteration,0,8,1592229219.008746,0.931771
[MO866] Iteration,2,9,1592229219.929064,0.934693
[MO866] Iteration,1,9,1592229219.936620,0.935127
[MO866] Iteration,3,9,1592229219.936668,0.934942
[MO866] Iteration,0,9,1592229219.943984,0.935202
[MO866] Iteration,0,10,1592229220.831590,0.887572
[MO866] Iteration,1,10,1592229220.838681,0.902005
[MO866] Iteration,3,10,1592229220.838729,0.902026
[MO866] Iteration,2,10,1592229220.846604,0.917478
[MO866] Iteration,2,11,1592229221.736388,0.889746
[MO866] Iteration,3,11,1592229221.743470,0.904719
[MO866] Iteration,1,11,1592229221.743374,0.904634
[MO866] Iteration,0,11,1592229221.749774,0.918137
[MO866] Iteration,0,12,1592229222.683666,0.933856
[MO866] Iteration,2,12,1592229222.685082,0.948647
[MO866] Iteration,3,12,1592229222.690503,0.947001
[MO866] Iteration,1,12,1592229222.691262,0.947829
[MO866] Iteration,2,13,1592229223.608469,0.923350
[MO866] Iteration,0,13,1592229223.610070,0.926358
[MO866] Iteration,1,13,1592229223.622083,0.930788
[MO866] Iteration,3,13,1592229223.623203,0.932649
[MO866] Iteration,2,14,1592229224.520178,0.911652
[MO866] Iteration,1,14,1592229224.527312,0.905182
[MO866] Iteration,3,14,1592229224.527654,0.904417
[MO866] Iteration,0,14,1592229224.535593,0.925482
[MO866] Iteration,2,15,1592229225.427723,0.907488
[MO866] Iteration,0,15,1592229225.427688,0.892057
[MO866] Iteration,1,15,1592229225.434236,0.906863
[MO866] Iteration,3,15,1592229225.434172,0.906498
[MO866] Iteration,0,16,1592229226.321581,0.893842
[MO866] Iteration,3,16,1592229226.323228,0.889005
[MO866] Iteration,2,16,1592229226.326333,0.898592
[MO866] Iteration,1,16,1592229226.347230,0.912974
[MO866] Iteration,2,17,1592229227.234818,0.908432
[MO866] Iteration,1,17,1592229227.242877,0.895601
[MO866] Iteration,0,17,1592229227.246386,0.924735
[MO866] Iteration,3,17,1592229227.267742,0.944463
[MO866] Iteration,2,18,1592229228.163047,0.928168
[MO866] Iteration,1,18,1592229228.164240,0.921305
[MO866] Iteration,3,18,1592229228.164631,0.896841
[MO866] Iteration,0,18,1592229228.172676,0.926251
[MO866] Iteration,0,19,1592229229.064358,0.891645
 Time step   20
[MO866] Iteration,2,19,1592229229.064462,0.901348
[MO866] Iteration,3,19,1592229229.070872,0.906218
[MO866] Iteration,1,19,1592229229.070938,0.906656
[MO866] Iteration,2,20,1592229229.958547,0.894066
[MO866] Iteration,0,20,1592229229.960842,0.896431
[MO866] Iteration,1,20,1592229229.965203,0.894245
[MO866] Iteration,3,20,1592229229.965342,0.894418
[MO866] Iteration,2,21,1592229230.869429,0.910804
[MO866] Iteration,0,21,1592229230.871968,0.911091
[MO866] Iteration,3,21,1592229230.876243,0.910879
[MO866] Iteration,1,21,1592229230.876217,0.910971
[MO866] Iteration,0,22,1592229231.761821,0.889800
[MO866] Iteration,1,22,1592229231.768573,0.892319
[MO866] Iteration,3,22,1592229231.768881,0.892620
[MO866] Iteration,2,22,1592229231.777217,0.907727
[MO866] Iteration,2,23,1592229232.665835,0.888581
[MO866] Iteration,1,23,1592229232.672968,0.904341
[MO866] Iteration,3,23,1592229232.673234,0.904330
[MO866] Iteration,0,23,1592229232.681065,0.919193
[MO866] Iteration,0,24,1592229233.572580,0.891481
[MO866] Iteration,2,24,1592229233.572721,0.906835
[MO866] Iteration,3,24,1592229233.579047,0.905790
[MO866] Iteration,1,24,1592229233.579119,0.906091
[MO866] Iteration,0,25,1592229234.471530,0.898897
[MO866] Iteration,3,25,1592229234.478864,0.899766
[MO866] Iteration,1,25,1592229234.525052,0.945910
[MO866] Iteration,2,25,1592229234.530504,0.957763
[MO866] Iteration,2,26,1592229235.403097,0.872550
[MO866] Iteration,1,26,1592229235.412677,0.887561
[MO866] Iteration,0,26,1592229235.457080,0.985509
[MO866] Iteration,3,26,1592229235.464142,0.985222
[MO866] Iteration,2,27,1592229236.364004,0.960856
[MO866] Iteration,0,27,1592229236.364019,0.906891
[MO866] Iteration,3,27,1592229236.370547,0.906357
[MO866] Iteration,1,27,1592229236.370557,0.957821
[MO866] Iteration,0,28,1592229237.260914,0.896866
[MO866] Iteration,1,28,1592229237.267794,0.897200
[MO866] Iteration,3,28,1592229237.268024,0.897430
[MO866] Iteration,2,28,1592229237.274704,0.910656
[MO866] Iteration,2,29,1592229238.164053,0.889312
[MO866] Iteration,1,29,1592229238.171035,0.903189
[MO866] Iteration,3,29,1592229238.171331,0.903287
[MO866] Iteration,0,29,1592229238.177454,0.916496
[MO866] Iteration,2,30,1592229239.069564,0.905466
[MO866] Iteration,0,30,1592229239.069565,0.892081
[MO866] Iteration,3,30,1592229239.076056,0.904703
[MO866] Iteration,1,30,1592229239.076097,0.905005
[MO866] Iteration,2,31,1592229239.968870,0.899262
[MO866] Iteration,0,31,1592229239.969039,0.899432
[MO866] Iteration,1,31,1592229239.975368,0.899254
[MO866] Iteration,3,31,1592229239.975560,0.899459
[MO866] Iteration,2,32,1592229240.855013,0.886085
[MO866] Iteration,1,32,1592229240.861491,0.886072
[MO866] Iteration,3,32,1592229240.876940,0.901361
[MO866] Iteration,0,32,1592229240.880402,0.911341
[MO866] Iteration,0,33,1592229241.771062,0.890623
[MO866] Iteration,2,33,1592229241.771267,0.916194
[MO866] Iteration,3,33,1592229241.777614,0.900622
[MO866] Iteration,1,33,1592229241.777795,0.916248
[MO866] Iteration,0,34,1592229242.669063,0.897940
[MO866] Iteration,3,34,1592229242.677149,0.899483
[MO866] Iteration,2,34,1592229242.679097,0.907808
[MO866] Iteration,1,34,1592229242.699572,0.921755
[MO866] Iteration,1,35,1592229243.596764,0.897144
[MO866] Iteration,0,35,1592229243.598983,0.929867
[MO866] Iteration,2,35,1592229243.603714,0.924571
[MO866] Iteration,3,35,1592229243.619464,0.942257
[MO866] Iteration,2,36,1592229244.511954,0.908201
[MO866] Iteration,1,36,1592229244.518977,0.922154
[MO866] Iteration,3,36,1592229244.519066,0.899547
[MO866] Iteration,0,36,1592229244.525259,0.926229
[MO866] Iteration,2,37,1592229245.417378,0.905378
[MO866] Iteration,0,37,1592229245.417264,0.891969
[MO866] Iteration,1,37,1592229245.423806,0.904769
[MO866] Iteration,3,37,1592229245.423811,0.904714
[MO866] Iteration,2,38,1592229246.316861,0.899460
[MO866] Iteration,0,38,1592229246.317095,0.899774
[MO866] Iteration,1,38,1592229246.323417,0.899573
[MO866] Iteration,3,38,1592229246.323584,0.899740
[MO866] Iteration,0,39,1592229247.211547,0.894431
 Time step   40
[MO866] Iteration,1,39,1592229247.219861,0.896392
[MO866] Iteration,3,39,1592229247.219891,0.896288
[MO866] Iteration,2,39,1592229247.224275,0.907359
[MO866] Iteration,0,40,1592229248.108747,0.897147
[MO866] Iteration,2,40,1592229248.108877,0.884563
[MO866] Iteration,3,40,1592229248.115163,0.895251
[MO866] Iteration,1,40,1592229248.115225,0.895313
[MO866] Iteration,2,41,1592229249.006484,0.897582
[MO866] Iteration,0,41,1592229249.006677,0.897863
[MO866] Iteration,1,41,1592229249.013037,0.897790
[MO866] Iteration,3,41,1592229249.013187,0.897972
[MO866] Iteration,2,42,1592229249.906089,0.899541
[MO866] Iteration,0,42,1592229249.906167,0.899471
[MO866] Iteration,3,42,1592229249.912682,0.899473
[MO866] Iteration,1,42,1592229249.912615,0.899526
[MO866] Iteration,0,43,1592229250.802224,0.896037
[MO866] Iteration,3,43,1592229250.809174,0.896469
[MO866] Iteration,1,43,1592229250.812240,0.899577
[MO866] Iteration,2,43,1592229250.819853,0.913703
[MO866] Iteration,2,44,1592229251.709337,0.889447
[MO866] Iteration,3,44,1592229251.716352,0.907120
[MO866] Iteration,1,44,1592229251.716401,0.904107
[MO866] Iteration,0,44,1592229251.724290,0.922018
[MO866] Iteration,2,45,1592229252.615947,0.906559
[MO866] Iteration,0,45,1592229252.616103,0.891776
[MO866] Iteration,3,45,1592229252.622589,0.906183
[MO866] Iteration,1,45,1592229252.622527,0.906105
[MO866] Iteration,2,46,1592229253.515723,0.899719
[MO866] Iteration,0,46,1592229253.515695,0.899574
[MO866] Iteration,1,46,1592229253.522184,0.899605
[MO866] Iteration,3,46,1592229253.522265,0.899655
[MO866] Iteration,2,47,1592229254.414908,0.899163
[MO866] Iteration,0,47,1592229254.415122,0.899377
[MO866] Iteration,1,47,1592229254.421404,0.899169
[MO866] Iteration,3,47,1592229254.421598,0.899308
[MO866] Iteration,0,48,1592229255.306054,0.890910
[MO866] Iteration,3,48,1592229255.312358,0.890740
[MO866] Iteration,1,48,1592229255.327148,0.905693
[MO866] Iteration,2,48,1592229255.330911,0.915938
[MO866] Iteration,2,49,1592229256.218806,0.887853
[MO866] Iteration,0,49,1592229256.221024,0.914924
[MO866] Iteration,1,49,1592229256.225652,0.898447
[MO866] Iteration,3,49,1592229256.225886,0.913476
[MO866] Iteration,2,50,1592229257.116689,0.897820
[MO866] Iteration,0,50,1592229257.117110,0.896034
[MO866] Iteration,1,50,1592229257.123324,0.897627
[MO866] Iteration,3,50,1592229257.123629,0.897721
[MO866] Iteration,2,51,1592229258.016423,0.899680
[MO866] Iteration,0,51,1592229258.016451,0.899320
[MO866] Iteration,3,51,1592229258.023002,0.899353
[MO866] Iteration,1,51,1592229258.022992,0.899619
[MO866] Iteration,0,52,1592229258.960009,0.943536
[MO866] Iteration,2,52,1592229258.961281,0.944807
[MO866] Iteration,3,52,1592229258.966697,0.943661
[MO866] Iteration,1,52,1592229258.967558,0.944521
[MO866] Iteration,0,53,1592229259.887632,0.927573
[MO866] Iteration,1,53,1592229259.900794,0.933205
[MO866] Iteration,3,53,1592229259.902085,0.935338
[MO866] Iteration,2,53,1592229259.903383,0.942078
[MO866] Iteration,2,54,1592229260.800418,0.896991
[MO866] Iteration,1,54,1592229260.807552,0.906702
[MO866] Iteration,3,54,1592229260.807649,0.905525
[MO866] Iteration,0,54,1592229260.814652,0.926972
[MO866] Iteration,2,55,1592229261.706429,0.905964
[MO866] Iteration,0,55,1592229261.706612,0.891922
[MO866] Iteration,1,55,1592229261.712913,0.905312
[MO866] Iteration,3,55,1592229261.713049,0.905376
[MO866] Iteration,2,56,1592229262.606266,0.899774
[MO866] Iteration,0,56,1592229262.606239,0.899606
[MO866] Iteration,3,56,1592229262.612689,0.899619
[MO866] Iteration,1,56,1592229262.612712,0.899752
[MO866] Iteration,0,57,1592229263.505870,0.899580
[MO866] Iteration,2,57,1592229263.505790,0.899499
[MO866] Iteration,1,57,1592229263.512322,0.899586
[MO866] Iteration,3,57,1592229263.512405,0.899669
[MO866] Iteration,2,58,1592229264.405372,0.899521
[MO866] Iteration,0,58,1592229264.405821,0.899928
[MO866] Iteration,1,58,1592229264.412021,0.899654
[MO866] Iteration,3,58,1592229264.412311,0.899883
[MO866] Iteration,0,59,1592229265.296845,0.891005
 Time step   60
[MO866] Iteration,3,59,1592229265.303197,0.890866
[MO866] Iteration,1,59,1592229265.317916,0.905851
[MO866] Iteration,2,59,1592229265.321729,0.916296
[MO866] Iteration,0,60,1592229266.206351,0.909461
[MO866] Iteration,2,60,1592229266.206338,0.884567
[MO866] Iteration,3,60,1592229266.212788,0.909536
[MO866] Iteration,1,60,1592229266.212761,0.894795
[MO866] Iteration,2,61,1592229267.103911,0.897522
[MO866] Iteration,0,61,1592229267.103962,0.897574
[MO866] Iteration,1,61,1592229267.110403,0.897595
[MO866] Iteration,3,61,1592229267.110413,0.897605
[MO866] Iteration,0,62,1592229268.003467,0.899489
[MO866] Iteration,2,62,1592229268.003429,0.899467
[MO866] Iteration,3,62,1592229268.010022,0.899575
[MO866] Iteration,1,62,1592229268.009959,0.899512
[MO866] Iteration,2,63,1592229268.903420,0.899919
[MO866] Iteration,0,63,1592229268.903411,0.899908
[MO866] Iteration,1,63,1592229268.909923,0.899912
[MO866] Iteration,3,63,1592229268.909984,0.899936
[MO866] Iteration,0,64,1592229269.802453,0.898994
[MO866] Iteration,2,64,1592229269.802369,0.898909
[MO866] Iteration,3,64,1592229269.808992,0.898986
[MO866] Iteration,1,64,1592229269.808909,0.898933
[MO866] Iteration,0,65,1592229270.699016,0.896540
[MO866] Iteration,3,65,1592229270.706220,0.897205
[MO866] Iteration,1,65,1592229270.706465,0.897509
[MO866] Iteration,2,65,1592229270.714230,0.911799
[MO866] Iteration,2,66,1592229271.606731,0.892464
[MO866] Iteration,1,66,1592229271.613705,0.907215
[MO866] Iteration,3,66,1592229271.613751,0.907473
[MO866] Iteration,0,66,1592229271.620694,0.921625
[MO866] Iteration,2,67,1592229272.518804,0.912023
[MO866] Iteration,0,67,1592229272.518922,0.898193
[MO866] Iteration,1,67,1592229272.525364,0.911603
[MO866] Iteration,3,67,1592229272.525314,0.911538
[MO866] Iteration,2,68,1592229273.419676,0.900807
[MO866] Iteration,0,68,1592229273.419629,0.900683
[MO866] Iteration,3,68,1592229273.426132,0.900765
[MO866] Iteration,1,68,1592229273.426163,0.900777
[MO866] Iteration,2,69,1592229274.323355,0.903651
[MO866] Iteration,0,69,1592229274.323591,0.903911
[MO866] Iteration,1,69,1592229274.329850,0.903665
[MO866] Iteration,3,69,1592229274.330033,0.903849
[MO866] Iteration,0,70,1592229275.236526,0.912914
[MO866] Iteration,2,70,1592229275.236705,0.913286
[MO866] Iteration,3,70,1592229275.242714,0.912658
[MO866] Iteration,1,70,1592229275.248412,0.918507
[MO866] Iteration,2,71,1592229276.145821,0.909096
[MO866] Iteration,0,71,1592229276.146203,0.909630
[MO866] Iteration,1,71,1592229276.151987,0.903514
[MO866] Iteration,3,71,1592229276.157867,0.915099
[MO866] Iteration,0,72,1592229277.045234,0.899010
[MO866] Iteration,2,72,1592229277.050647,0.904769
[MO866] Iteration,3,72,1592229277.051706,0.893776
[MO866] Iteration,1,72,1592229277.051760,0.899729
[MO866] Iteration,2,73,1592229277.930460,0.879766
[MO866] Iteration,0,73,1592229277.930705,0.885428
[MO866] Iteration,1,73,1592229277.936869,0.885087
[MO866] Iteration,3,73,1592229277.937011,0.885266
[MO866] Iteration,2,74,1592229278.825005,0.894477
[MO866] Iteration,0,74,1592229278.825219,0.894479
[MO866] Iteration,1,74,1592229278.831530,0.894614
[MO866] Iteration,3,74,1592229278.831687,0.894654
[MO866] Iteration,2,75,1592229279.720614,0.895553
[MO866] Iteration,0,75,1592229279.720654,0.895415
[MO866] Iteration,1,75,1592229279.727089,0.895515
[MO866] Iteration,3,75,1592229279.727234,0.895528
[MO866] Iteration,0,76,1592229280.616059,0.895387
[MO866] Iteration,2,76,1592229280.616043,0.895376
[MO866] Iteration,3,76,1592229280.622462,0.895205
[MO866] Iteration,1,76,1592229280.622463,0.895320
[MO866] Iteration,2,77,1592229281.511180,0.895093
[MO866] Iteration,0,77,1592229281.511380,0.895293
[MO866] Iteration,1,77,1592229281.517742,0.895235
[MO866] Iteration,3,77,1592229281.517767,0.895260
[MO866] Iteration,2,78,1592229282.406738,0.895495
[MO866] Iteration,0,78,1592229282.406991,0.895589
[MO866] Iteration,1,78,1592229282.413228,0.895439
[MO866] Iteration,3,78,1592229282.413330,0.895541
[MO866] Iteration,2,79,1592229283.302308,0.895509
[MO866] Iteration,0,79,1592229283.302589,0.895576
 Time step   80
[MO866] Iteration,1,79,1592229283.308862,0.895587
[MO866] Iteration,3,79,1592229283.308998,0.895645
[MO866] Iteration,1,80,1592229284.201018,0.892105
[MO866] Iteration,3,80,1592229284.203587,0.894567
[MO866] Iteration,2,80,1592229284.207707,0.905338
[MO866] Iteration,0,80,1592229284.211668,0.909056
[MO866] Iteration,2,81,1592229285.098538,0.890793
[MO866] Iteration,0,81,1592229285.098737,0.887033
[MO866] Iteration,1,81,1592229285.105034,0.903957
[MO866] Iteration,3,81,1592229285.105189,0.901557
[MO866] Iteration,2,82,1592229285.993600,0.895000
[MO866] Iteration,0,82,1592229285.993874,0.895117
[MO866] Iteration,1,82,1592229286.000079,0.894997
[MO866] Iteration,3,82,1592229286.000249,0.895038
[MO866] Iteration,2,83,1592229286.888772,0.895110
[MO866] Iteration,0,83,1592229286.888763,0.894867
[MO866] Iteration,3,83,1592229286.895099,0.894829
[MO866] Iteration,1,83,1592229286.895201,0.895074
[MO866] Iteration,2,84,1592229287.784063,0.895263
[MO866] Iteration,0,84,1592229287.784283,0.895483
[MO866] Iteration,1,84,1592229287.790571,0.895350
[MO866] Iteration,3,84,1592229287.790659,0.895507
[MO866] Iteration,2,85,1592229288.679393,0.895274
[MO866] Iteration,0,85,1592229288.679687,0.895384
[MO866] Iteration,1,85,1592229288.685893,0.895270
[MO866] Iteration,3,85,1592229288.686054,0.895370
[MO866] Iteration,0,86,1592229289.574827,0.895120
[MO866] Iteration,2,86,1592229289.574992,0.895530
[MO866] Iteration,1,86,1592229289.581328,0.895385
[MO866] Iteration,3,86,1592229289.581262,0.895185
[MO866] Iteration,2,87,1592229290.469835,0.894818
[MO866] Iteration,0,87,1592229290.469945,0.895056
[MO866] Iteration,1,87,1592229290.476364,0.895013
[MO866] Iteration,3,87,1592229290.476562,0.895250
[MO866] Iteration,0,88,1592229291.365030,0.895063
[MO866] Iteration,2,88,1592229291.370365,0.900467
[MO866] Iteration,1,88,1592229291.371441,0.895034
[MO866] Iteration,3,88,1592229291.371347,0.894765
[MO866] Iteration,2,89,1592229292.250424,0.880014
[MO866] Iteration,0,89,1592229292.250591,0.885519
[MO866] Iteration,1,89,1592229292.256818,0.885353
[MO866] Iteration,3,89,1592229292.256958,0.885566
[MO866] Iteration,2,90,1592229293.145141,0.894653
[MO866] Iteration,0,90,1592229293.145436,0.894812
[MO866] Iteration,1,90,1592229293.151625,0.894758
[MO866] Iteration,3,90,1592229293.151744,0.894765
[MO866] Iteration,0,91,1592229294.040479,0.895022
[MO866] Iteration,2,91,1592229294.040511,0.895312
[MO866] Iteration,3,91,1592229294.046870,0.895105
[MO866] Iteration,1,91,1592229294.046915,0.895243
[MO866] Iteration,2,92,1592229294.935864,0.895334
[MO866] Iteration,0,92,1592229294.936188,0.895661
[MO866] Iteration,1,92,1592229294.942424,0.895490
[MO866] Iteration,3,92,1592229294.942602,0.895683
[MO866] Iteration,2,93,1592229295.831040,0.895125
[MO866] Iteration,0,93,1592229295.831410,0.895203
[MO866] Iteration,1,93,1592229295.837610,0.895135
[MO866] Iteration,3,93,1592229295.837764,0.895140
[MO866] Iteration,2,94,1592229296.726068,0.894964
[MO866] Iteration,0,94,1592229296.726108,0.894679
[MO866] Iteration,3,94,1592229296.732612,0.894827
[MO866] Iteration,1,94,1592229296.732552,0.894890
[MO866] Iteration,0,95,1592229297.621454,0.895327
[MO866] Iteration,2,95,1592229297.621426,0.895306
[MO866] Iteration,1,95,1592229297.627887,0.895289
[MO866] Iteration,3,95,1592229297.627857,0.895220
[MO866] Iteration,2,96,1592229298.517200,0.895723
[MO866] Iteration,0,96,1592229298.517352,0.895875
[MO866] Iteration,3,96,1592229298.523778,0.895875
[MO866] Iteration,1,96,1592229298.523672,0.895767
[MO866] Iteration,0,97,1592229299.410004,0.892630
[MO866] Iteration,1,97,1592229299.416970,0.893253
[MO866] Iteration,3,97,1592229299.416997,0.893199
[MO866] Iteration,2,97,1592229299.424719,0.907461
[MO866] Iteration,2,98,1592229300.310777,0.886022
[MO866] Iteration,1,98,1592229300.317873,0.900850
[MO866] Iteration,3,98,1592229300.318139,0.901116
[MO866] Iteration,0,98,1592229300.324206,0.914148
[MO866] Iteration,2,99,1592229301.211534,0.900705
[MO866] Iteration,0,99,1592229301.211413,0.887170
 Time step  100
[MO866] Iteration,3,99,1592229301.217925,0.899762
[MO866] Iteration,1,99,1592229301.217898,0.899966
[MO866] Iteration,0,100,1592229302.106956,0.895481
[MO866] Iteration,2,100,1592229302.106996,0.895440
[MO866] Iteration,1,100,1592229302.113439,0.895494
[MO866] Iteration,3,100,1592229302.113470,0.895524
[MO866] Iteration,2,101,1592229303.002732,0.895717
[MO866] Iteration,0,101,1592229303.002703,0.895687
[MO866] Iteration,3,101,1592229303.009166,0.895676
[MO866] Iteration,1,101,1592229303.009193,0.895706
[MO866] Iteration,0,102,1592229303.898086,0.895331
[MO866] Iteration,2,102,1592229303.898186,0.895431
[MO866] Iteration,1,102,1592229303.904702,0.895485
[MO866] Iteration,3,102,1592229303.904583,0.895366
[MO866] Iteration,0,103,1592229304.793232,0.895086
[MO866] Iteration,3,103,1592229304.809935,0.905302
[MO866] Iteration,2,103,1592229304.820237,0.922022
[MO866] Iteration,1,103,1592229304.834046,0.929320
[MO866] Iteration,2,104,1592229305.708226,0.887952
[MO866] Iteration,1,104,1592229305.717499,0.883400
[MO866] Iteration,0,104,1592229305.765293,0.972024
[MO866] Iteration,3,104,1592229305.772315,0.962313
[MO866] Iteration,2,105,1592229306.669321,0.961053
[MO866] Iteration,0,105,1592229306.669616,0.904283
[MO866] Iteration,1,105,1592229306.675840,0.958282
[MO866] Iteration,3,105,1592229306.676091,0.903727
[MO866] Iteration,2,106,1592229307.565070,0.895689
[MO866] Iteration,0,106,1592229307.565463,0.895822
[MO866] Iteration,1,106,1592229307.571630,0.895746
[MO866] Iteration,3,106,1592229307.571881,0.895769
[MO866] Iteration,2,107,1592229308.460910,0.895783
[MO866] Iteration,0,107,1592229308.461208,0.895724
[MO866] Iteration,1,107,1592229308.467407,0.895730
[MO866] Iteration,3,107,1592229308.467565,0.895663
[MO866] Iteration,0,108,1592229309.344382,0.883151
[MO866] Iteration,2,108,1592229309.344404,0.883435
[MO866] Iteration,3,108,1592229309.350838,0.883253
[MO866] Iteration,1,108,1592229309.350857,0.883399
[MO866] Iteration,2,109,1592229310.238495,0.894058
[MO866] Iteration,0,109,1592229310.238917,0.894480
[MO866] Iteration,1,109,1592229310.245083,0.894195
[MO866] Iteration,3,109,1592229310.245410,0.894522
[MO866] Iteration,0,110,1592229311.134527,0.895590
[MO866] Iteration,2,110,1592229311.134655,0.896096
[MO866] Iteration,3,110,1592229311.141019,0.895588
[MO866] Iteration,1,110,1592229311.141011,0.895879
[MO866] Iteration,2,111,1592229312.030635,0.895957
[MO866] Iteration,0,111,1592229312.030567,0.895983
[MO866] Iteration,1,111,1592229312.037061,0.896008
[MO866] Iteration,3,111,1592229312.037044,0.895991
[MO866] Iteration,0,112,1592229312.926509,0.895888
[MO866] Iteration,2,112,1592229312.926503,0.895840
[MO866] Iteration,3,112,1592229312.933111,0.896018
[MO866] Iteration,1,112,1592229312.933005,0.895913
[MO866] Iteration,2,113,1592229313.822606,0.896059
[MO866] Iteration,0,113,1592229313.822644,0.896097
[MO866] Iteration,1,113,1592229313.829081,0.896025
[MO866] Iteration,3,113,1592229313.829093,0.895958
[MO866] Iteration,0,114,1592229314.718478,0.895815
[MO866] Iteration,2,114,1592229314.718360,0.895699
[MO866] Iteration,1,114,1592229314.724817,0.895693
[MO866] Iteration,3,114,1592229314.724975,0.895851
[MO866] Iteration,2,115,1592229315.614328,0.895906
[MO866] Iteration,0,115,1592229315.614744,0.896245
[MO866] Iteration,1,115,1592229315.620965,0.896102
[MO866] Iteration,3,115,1592229315.621284,0.896287
[MO866] Iteration,0,116,1592229316.510852,0.896088
[MO866] Iteration,2,116,1592229316.510736,0.896345
[MO866] Iteration,1,116,1592229316.517176,0.896162
[MO866] Iteration,3,116,1592229316.517296,0.895989
[MO866] Iteration,0,117,1592229317.406154,0.895277
[MO866] Iteration,2,117,1592229317.406123,0.895321
[MO866] Iteration,1,117,1592229317.412596,0.895367
[MO866] Iteration,3,117,1592229317.412678,0.895361
[MO866] Iteration,0,118,1592229318.299865,0.893687
[MO866] Iteration,1,118,1592229318.306647,0.894005
[MO866] Iteration,3,118,1592229318.306963,0.894261
[MO866] Iteration,2,118,1592229318.313244,0.907066
[MO866] Iteration,2,119,1592229319.199845,0.886564
[MO866] Iteration,0,119,1592229319.199931,0.900022
 Time step  120
[MO866] Iteration,3,119,1592229319.206323,0.899337
[MO866] Iteration,1,119,1592229319.206257,0.899553
[MO866] Iteration,2,120,1592229320.095382,0.895482
[MO866] Iteration,0,120,1592229320.095601,0.895636
[MO866] Iteration,1,120,1592229320.101803,0.895495
[MO866] Iteration,3,120,1592229320.101955,0.895608
[MO866] Iteration,2,121,1592229320.991075,0.895629
[MO866] Iteration,0,121,1592229320.991089,0.895468
[MO866] Iteration,3,121,1592229320.997629,0.895651
[MO866] Iteration,1,121,1592229320.997599,0.895743
[MO866] Iteration,2,122,1592229321.886585,0.895461
[MO866] Iteration,0,122,1592229321.886877,0.895754
[MO866] Iteration,1,122,1592229321.893028,0.895380
[MO866] Iteration,3,122,1592229321.893310,0.895660
[MO866] Iteration,2,123,1592229322.782712,0.896064
[MO866] Iteration,0,123,1592229322.782985,0.896086
[MO866] Iteration,1,123,1592229322.789153,0.896074
[MO866] Iteration,3,123,1592229322.789334,0.895999
[MO866] Iteration,2,124,1592229323.678300,0.895524
[MO866] Iteration,0,124,1592229323.678700,0.895691
[MO866] Iteration,1,124,1592229323.684847,0.895647
[MO866] Iteration,3,124,1592229323.685105,0.895749
[MO866] Iteration,0,125,1592229324.574607,0.895887
[MO866] Iteration,2,125,1592229324.574634,0.896268
[MO866] Iteration,1,125,1592229324.581015,0.896119
[MO866] Iteration,3,125,1592229324.581154,0.896027
[MO866] Iteration,2,126,1592229325.470091,0.895433
[MO866] Iteration,0,126,1592229325.470427,0.895770
[MO866] Iteration,1,126,1592229325.476610,0.895546
[MO866] Iteration,3,126,1592229325.476916,0.895741
[MO866] Iteration,2,127,1592229326.366396,0.896240
[MO866] Iteration,0,127,1592229326.366656,0.896207
[MO866] Iteration,1,127,1592229326.372969,0.896313
[MO866] Iteration,3,127,1592229326.373150,0.896212
[MO866] Iteration,2,128,1592229327.262465,0.896005
[MO866] Iteration,0,128,1592229327.262475,0.895797
[MO866] Iteration,3,128,1592229327.268937,0.895767
[MO866] Iteration,1,128,1592229327.268948,0.895932
[MO866] Iteration,0,129,1592229328.157963,0.895450
[MO866] Iteration,2,129,1592229328.157931,0.895417
[MO866] Iteration,1,129,1592229328.164376,0.895393
[MO866] Iteration,3,129,1592229328.164391,0.895408
[MO866] Iteration,2,130,1592229329.053361,0.895375
[MO866] Iteration,0,130,1592229329.053534,0.895548
[MO866] Iteration,3,130,1592229329.059982,0.895562
[MO866] Iteration,1,130,1592229329.059914,0.895494
[MO866] Iteration,0,131,1592229329.940059,0.886504
[MO866] Iteration,2,131,1592229329.939984,0.886559
[MO866] Iteration,1,131,1592229329.946480,0.886521
[MO866] Iteration,3,131,1592229329.946616,0.886612
[MO866] Iteration,2,132,1592229330.834161,0.894107
[MO866] Iteration,0,132,1592229330.834415,0.894328
[MO866] Iteration,1,132,1592229330.840730,0.894197
[MO866] Iteration,3,132,1592229330.840902,0.894264
[MO866] Iteration,2,133,1592229331.730029,0.895805
[MO866] Iteration,0,133,1592229331.730476,0.896041
[MO866] Iteration,1,133,1592229331.736625,0.895845
[MO866] Iteration,3,133,1592229331.736948,0.896022
[MO866] Iteration,0,134,1592229332.630756,0.900259
[MO866] Iteration,2,134,1592229332.630644,0.900554
[MO866] Iteration,3,134,1592229332.637224,0.900254
[MO866] Iteration,1,134,1592229332.637106,0.900434
[MO866] Iteration,2,135,1592229333.523111,0.892402
[MO866] Iteration,0,135,1592229333.523277,0.892497
[MO866] Iteration,1,135,1592229333.529618,0.892458
[MO866] Iteration,3,135,1592229333.529721,0.892472
[MO866] Iteration,2,136,1592229334.414971,0.891799
[MO866] Iteration,0,136,1592229334.415439,0.892140
[MO866] Iteration,1,136,1592229334.421650,0.891978
[MO866] Iteration,3,136,1592229334.421857,0.892112
[MO866] Iteration,2,137,1592229335.321975,0.906937
[MO866] Iteration,0,137,1592229335.321927,0.906469
[MO866] Iteration,3,137,1592229335.328083,0.906203
[MO866] Iteration,1,137,1592229335.333672,0.911969
[MO866] Iteration,2,138,1592229336.218034,0.896031
[MO866] Iteration,1,138,1592229336.226234,0.892497
[MO866] Iteration,0,138,1592229336.227887,0.905904
[MO866] Iteration,3,138,1592229336.246110,0.917977
[MO866] Iteration,2,139,1592229337.132286,0.914193
[MO866] Iteration,0,139,1592229337.132298,0.904371
 Time step  140
[MO866] Iteration,1,139,1592229337.138769,0.912478
[MO866] Iteration,3,139,1592229337.138772,0.892614
[MO866] Iteration,2,140,1592229338.024665,0.892335
[MO866] Iteration,0,140,1592229338.024950,0.892620
[MO866] Iteration,1,140,1592229338.031170,0.892356
[MO866] Iteration,3,140,1592229338.031381,0.892567
[MO866] Iteration,2,141,1592229338.916939,0.892212
[MO866] Iteration,0,141,1592229338.917108,0.892135
[MO866] Iteration,1,141,1592229338.923427,0.892203
[MO866] Iteration,3,141,1592229338.923640,0.892237
[MO866] Iteration,2,142,1592229339.809079,0.892081
[MO866] Iteration,0,142,1592229339.809264,0.892136
[MO866] Iteration,1,142,1592229339.815535,0.892058
[MO866] Iteration,3,142,1592229339.815686,0.892025
[MO866] Iteration,1,143,1592229340.703699,0.888120
[MO866] Iteration,3,143,1592229340.704266,0.888559
[MO866] Iteration,2,143,1592229340.711017,0.901876
[MO866] Iteration,0,143,1592229340.712561,0.903275
[MO866] Iteration,2,144,1592229341.596825,0.885764
[MO866] Iteration,0,144,1592229341.597275,0.884688
[MO866] Iteration,1,144,1592229341.603372,0.899591
[MO866] Iteration,3,144,1592229341.603722,0.899434
[MO866] Iteration,2,145,1592229342.488905,0.892020
[MO866] Iteration,0,145,1592229342.488912,0.891617
[MO866] Iteration,3,145,1592229342.495459,0.891718
[MO866] Iteration,1,145,1592229342.495448,0.892025
[MO866] Iteration,2,146,1592229343.380629,0.891683
[MO866] Iteration,0,146,1592229343.381015,0.892069
[MO866] Iteration,1,146,1592229343.387132,0.891617
[MO866] Iteration,3,146,1592229343.387378,0.891872
[MO866] Iteration,2,147,1592229344.272616,0.891932
[MO866] Iteration,0,147,1592229344.272826,0.891791
[MO866] Iteration,1,147,1592229344.279154,0.891968
[MO866] Iteration,3,147,1592229344.279340,0.891938
[MO866] Iteration,2,148,1592229345.164135,0.891466
[MO866] Iteration,0,148,1592229345.164567,0.891719
[MO866] Iteration,1,148,1592229345.170698,0.891492
[MO866] Iteration,3,148,1592229345.171003,0.891642
[MO866] Iteration,2,149,1592229346.055852,0.891665
[MO866] Iteration,0,149,1592229346.056468,0.891883
[MO866] Iteration,1,149,1592229346.062418,0.891669
[MO866] Iteration,3,149,1592229346.062767,0.891742
[MO866] Iteration,2,150,1592229346.947653,0.891747
[MO866] Iteration,0,150,1592229346.948132,0.891644
[MO866] Iteration,1,150,1592229346.954208,0.891744
[MO866] Iteration,3,150,1592229346.954464,0.891677
[MO866] Iteration,2,151,1592229347.839634,0.891924
[MO866] Iteration,0,151,1592229347.839770,0.891618
[MO866] Iteration,1,151,1592229347.846082,0.891824
[MO866] Iteration,3,151,1592229347.846237,0.891750
[MO866] Iteration,2,152,1592229348.731662,0.891967
[MO866] Iteration,0,152,1592229348.732028,0.892238
[MO866] Iteration,1,152,1592229348.738202,0.892067
[MO866] Iteration,3,152,1592229348.738375,0.892115
[MO866] Iteration,2,153,1592229349.623577,0.891857
[MO866] Iteration,0,153,1592229349.623759,0.891713
[MO866] Iteration,3,153,1592229349.630112,0.891714
[MO866] Iteration,1,153,1592229349.630071,0.891819
[MO866] Iteration,2,154,1592229350.515160,0.891518
[MO866] Iteration,0,154,1592229350.515465,0.891685
[MO866] Iteration,1,154,1592229350.521664,0.891546
[MO866] Iteration,3,154,1592229350.521777,0.891645
[MO866] Iteration,2,155,1592229351.407093,0.891871
[MO866] Iteration,0,155,1592229351.407320,0.891824
[MO866] Iteration,1,155,1592229351.413543,0.891829
[MO866] Iteration,3,155,1592229351.413699,0.891899
[MO866] Iteration,2,156,1592229352.299152,0.891992
[MO866] Iteration,0,156,1592229352.299071,0.891729
[MO866] Iteration,1,156,1592229352.305523,0.891928
[MO866] Iteration,3,156,1592229352.305471,0.891750
[MO866] Iteration,2,157,1592229353.190814,0.891638
[MO866] Iteration,0,157,1592229353.191226,0.892090
[MO866] Iteration,1,157,1592229353.197341,0.891798
[MO866] Iteration,3,157,1592229353.197602,0.892082
[MO866] Iteration,2,158,1592229354.066132,0.875259
[MO866] Iteration,1,158,1592229354.072350,0.874961
[MO866] Iteration,3,158,1592229354.089997,0.892372
[MO866] Iteration,0,158,1592229354.093889,0.902641
[MO866] Iteration,2,159,1592229354.977717,0.911525
[MO866] Iteration,0,159,1592229354.977942,0.884012
 Time step  160
[MO866] Iteration,1,159,1592229354.984209,0.911807
[MO866] Iteration,3,159,1592229354.984383,0.894332
[MO866] Iteration,2,160,1592229355.869098,0.891319
[MO866] Iteration,0,160,1592229355.869562,0.891600
[MO866] Iteration,1,160,1592229355.875653,0.891398
[MO866] Iteration,3,160,1592229355.875960,0.891555
[MO866] Iteration,2,161,1592229356.761368,0.892211
[MO866] Iteration,0,161,1592229356.761405,0.891824
[MO866] Iteration,3,161,1592229356.767870,0.891890
[MO866] Iteration,1,161,1592229356.767824,0.892121
[MO866] Iteration,0,162,1592229357.653204,0.891779
[MO866] Iteration,2,162,1592229357.653126,0.891704
[MO866] Iteration,1,162,1592229357.659621,0.891753
[MO866] Iteration,3,162,1592229357.659656,0.891767
[MO866] Iteration,2,163,1592229358.544617,0.891431
[MO866] Iteration,0,163,1592229358.544855,0.891630
[MO866] Iteration,1,163,1592229358.551059,0.891392
[MO866] Iteration,3,163,1592229358.551257,0.891585
[MO866] Iteration,2,164,1592229359.436519,0.891847
[MO866] Iteration,0,164,1592229359.437012,0.892139
[MO866] Iteration,1,164,1592229359.443030,0.891920
[MO866] Iteration,3,164,1592229359.443412,0.892133
[MO866] Iteration,0,165,1592229360.328677,0.891644
[MO866] Iteration,2,165,1592229360.328662,0.892087
[MO866] Iteration,3,165,1592229360.335106,0.891672
[MO866] Iteration,1,165,1592229360.335172,0.892089
[MO866] Iteration,2,166,1592229361.219929,0.891224
[MO866] Iteration,0,166,1592229361.220453,0.891748
[MO866] Iteration,1,166,1592229361.226482,0.891286
[MO866] Iteration,3,166,1592229361.226841,0.891683
[MO866] Iteration,2,167,1592229362.111841,0.891859
[MO866] Iteration,0,167,1592229362.111983,0.891511
[MO866] Iteration,1,167,1592229362.118394,0.891862
[MO866] Iteration,3,167,1592229362.118464,0.891603
[MO866] Iteration,2,168,1592229363.003611,0.891715
[MO866] Iteration,0,168,1592229363.003821,0.891819
[MO866] Iteration,3,168,1592229363.010271,0.891784
[MO866] Iteration,1,168,1592229363.010223,0.891777
[MO866] Iteration,2,169,1592229363.895279,0.891612
[MO866] Iteration,0,169,1592229363.895405,0.891565
[MO866] Iteration,1,169,1592229363.901811,0.891539
[MO866] Iteration,3,169,1592229363.901888,0.891595
[MO866] Iteration,0,170,1592229364.766991,0.871565
[MO866] Iteration,3,170,1592229364.776763,0.874848
[MO866] Iteration,2,170,1592229364.822516,0.927180
[MO866] Iteration,1,170,1592229364.830359,0.928495
[MO866] Iteration,2,171,1592229365.715899,0.893338
[MO866] Iteration,1,171,1592229365.722518,0.892104
[MO866] Iteration,0,171,1592229365.738750,0.971706
[MO866] Iteration,3,171,1592229365.757374,0.980553
[MO866] Iteration,0,172,1592229366.660877,0.922089
[MO866] Iteration,2,172,1592229366.660887,0.944946
[MO866] Iteration,3,172,1592229366.667225,0.909802
[MO866] Iteration,1,172,1592229366.667287,0.944711
[MO866] Iteration,1,173,1592229367.554130,0.886822
[MO866] Iteration,3,173,1592229367.556955,0.889678
[MO866] Iteration,2,173,1592229367.560857,0.899938
[MO866] Iteration,0,173,1592229367.565082,0.904163
[MO866] Iteration,2,174,1592229368.449339,0.888442
[MO866] Iteration,0,174,1592229368.449668,0.884550
[MO866] Iteration,1,174,1592229368.455818,0.901622
[MO866] Iteration,3,174,1592229368.455954,0.898951
[MO866] Iteration,2,175,1592229369.340925,0.891522
[MO866] Iteration,0,175,1592229369.341297,0.891607
[MO866] Iteration,1,175,1592229369.347367,0.891505
[MO866] Iteration,3,175,1592229369.347685,0.891711
[MO866] Iteration,2,176,1592229370.232512,0.891529
[MO866] Iteration,0,176,1592229370.233117,0.891800
[MO866] Iteration,1,176,1592229370.239081,0.891663
[MO866] Iteration,3,176,1592229370.239514,0.891809
[MO866] Iteration,2,177,1592229371.124948,0.892377
[MO866] Iteration,0,177,1592229371.125137,0.892001
[MO866] Iteration,3,177,1592229371.131519,0.891987
[MO866] Iteration,1,177,1592229371.131431,0.892301
[MO866] Iteration,2,178,1592229372.016389,0.891383
[MO866] Iteration,0,178,1592229372.016836,0.891676
[MO866] Iteration,1,178,1592229372.022862,0.891367
[MO866] Iteration,3,178,1592229372.023236,0.891697
[MO866] Iteration,2,179,1592229372.908195,0.891754
[MO866] Iteration,0,179,1592229372.908570,0.891714
 Time step  180
[MO866] Iteration,1,179,1592229372.914771,0.891856
[MO866] Iteration,3,179,1592229372.914966,0.891708
[MO866] Iteration,2,180,1592229373.800077,0.891830
[MO866] Iteration,0,180,1592229373.800268,0.891681
[MO866] Iteration,1,180,1592229373.806552,0.891730
[MO866] Iteration,3,180,1592229373.806586,0.891598
[MO866] Iteration,2,181,1592229374.691960,0.891832
[MO866] Iteration,0,181,1592229374.692119,0.891831
[MO866] Iteration,1,181,1592229374.698430,0.891829
[MO866] Iteration,3,181,1592229374.698562,0.891956
[MO866] Iteration,2,182,1592229375.583423,0.891408
[MO866] Iteration,0,182,1592229375.583833,0.891696
[MO866] Iteration,1,182,1592229375.589934,0.891453
[MO866] Iteration,3,182,1592229375.590244,0.891659
[MO866] Iteration,2,183,1592229376.475663,0.892165
[MO866] Iteration,0,183,1592229376.475909,0.892056
[MO866] Iteration,1,183,1592229376.482136,0.892147
[MO866] Iteration,3,183,1592229376.482291,0.892025
[MO866] Iteration,2,184,1592229377.367191,0.891474
[MO866] Iteration,0,184,1592229377.367836,0.891906
[MO866] Iteration,1,184,1592229377.373788,0.891600
[MO866] Iteration,3,184,1592229377.374222,0.891909
[MO866] Iteration,2,185,1592229378.259343,0.892090
[MO866] Iteration,0,185,1592229378.259501,0.891645
[MO866] Iteration,3,185,1592229378.265890,0.891646
[MO866] Iteration,1,185,1592229378.265777,0.891939
[MO866] Iteration,2,186,1592229379.150414,0.891005
[MO866] Iteration,0,186,1592229379.150879,0.891360
[MO866] Iteration,1,186,1592229379.156972,0.891144
[MO866] Iteration,3,186,1592229379.157256,0.891343
[MO866] Iteration,2,187,1592229380.042041,0.891567
[MO866] Iteration,0,187,1592229380.042477,0.891579
[MO866] Iteration,1,187,1592229380.048661,0.891640
[MO866] Iteration,3,187,1592229380.048890,0.891611
[MO866] Iteration,2,188,1592229380.934075,0.891970
[MO866] Iteration,0,188,1592229380.934466,0.891968
[MO866] Iteration,1,188,1592229380.940547,0.891835
[MO866] Iteration,3,188,1592229380.940831,0.891917
[MO866] Iteration,2,189,1592229381.825505,0.891367
[MO866] Iteration,0,189,1592229381.826128,0.891644
[MO866] Iteration,1,189,1592229381.832202,0.891608
[MO866] Iteration,3,189,1592229381.832603,0.891748
[MO866] Iteration,2,190,1592229382.717729,0.892169
[MO866] Iteration,0,190,1592229382.717665,0.891519
[MO866] Iteration,3,190,1592229382.724187,0.891565
[MO866] Iteration,1,190,1592229382.724155,0.891908
[MO866] Iteration,2,191,1592229383.598015,0.880265
[MO866] Iteration,1,191,1592229383.604729,0.880530
[MO866] Iteration,3,191,1592229383.614816,0.890610
[MO866] Iteration,0,191,1592229383.617906,0.900183
[MO866] Iteration,2,192,1592229384.500775,0.902701
[MO866] Iteration,0,192,1592229384.501224,0.883270
[MO866] Iteration,1,192,1592229384.507238,0.902449
[MO866] Iteration,3,192,1592229384.507617,0.892744
[MO866] Iteration,2,193,1592229385.392825,0.891993
[MO866] Iteration,0,193,1592229385.393039,0.891795
[MO866] Iteration,1,193,1592229385.399280,0.891989
[MO866] Iteration,3,193,1592229385.399475,0.891840
[MO866] Iteration,2,194,1592229386.284204,0.891319
[MO866] Iteration,0,194,1592229386.284530,0.891471
[MO866] Iteration,1,194,1592229386.290816,0.891485
[MO866] Iteration,3,194,1592229386.291027,0.891522
[MO866] Iteration,2,195,1592229387.175930,0.891672
[MO866] Iteration,0,195,1592229387.176440,0.891888
[MO866] Iteration,1,195,1592229387.182529,0.891663
[MO866] Iteration,3,195,1592229387.182904,0.891856
[MO866] Iteration,2,196,1592229388.068241,0.892256
[MO866] Iteration,0,196,1592229388.068495,0.892037
[MO866] Iteration,1,196,1592229388.074700,0.892123
[MO866] Iteration,3,196,1592229388.074853,0.891929
[MO866] Iteration,0,197,1592229388.959873,0.891358
[MO866] Iteration,2,197,1592229388.959855,0.891561
[MO866] Iteration,3,197,1592229388.966258,0.891382
[MO866] Iteration,1,197,1592229388.966303,0.891547
[MO866] Iteration,2,198,1592229389.851686,0.891788
[MO866] Iteration,0,198,1592229389.851972,0.892074
[MO866] Iteration,1,198,1592229389.858211,0.891887
[MO866] Iteration,3,198,1592229389.858385,0.892073
[MO866] Iteration,2,199,1592229390.745258,0.893516
[MO866] Iteration,0,199,1592229390.745642,0.893650
 Time step  200
[MO866] Iteration,1,199,1592229390.751792,0.893531
[MO866] Iteration,3,199,1592229390.751914,0.893506
[MO866] Iteration,2,200,1592229391.639444,0.894121
[MO866] Iteration,0,200,1592229391.639737,0.894076
[MO866] Iteration,1,200,1592229391.646007,0.894164
[MO866] Iteration,3,200,1592229391.646202,0.894267
[MO866] Iteration,0,201,1592229392.534273,0.894514
[MO866] Iteration,2,201,1592229392.534176,0.894655
[MO866] Iteration,1,201,1592229392.540597,0.894537
[MO866] Iteration,3,201,1592229392.540742,0.894517
[MO866] Iteration,2,202,1592229393.428143,0.893900
[MO866] Iteration,0,202,1592229393.428754,0.894460
[MO866] Iteration,1,202,1592229393.434678,0.894034
[MO866] Iteration,3,202,1592229393.435126,0.894363
[MO866] Iteration,2,203,1592229394.322767,0.894574
[MO866] Iteration,0,203,1592229394.323204,0.894432
[MO866] Iteration,1,203,1592229394.329335,0.894603
[MO866] Iteration,3,203,1592229394.329643,0.894496
[MO866] Iteration,0,204,1592229395.217165,0.893942
[MO866] Iteration,3,204,1592229395.225339,0.895675
[MO866] Iteration,2,204,1592229395.226911,0.904083
[MO866] Iteration,1,204,1592229395.246234,0.916850
[MO866] Iteration,2,205,1592229396.130799,0.903844
[MO866] Iteration,1,205,1592229396.138974,0.892692
[MO866] Iteration,0,205,1592229396.141724,0.924509
[MO866] Iteration,3,205,1592229396.161000,0.935599
[MO866] Iteration,0,206,1592229397.048433,0.906667
[MO866] Iteration,2,206,1592229397.048342,0.917483
[MO866] Iteration,1,206,1592229397.054975,0.915936
[MO866] Iteration,3,206,1592229397.054990,0.893941
[MO866] Iteration,2,207,1592229397.942478,0.894081
[MO866] Iteration,0,207,1592229397.943147,0.894693
[MO866] Iteration,1,207,1592229397.949139,0.894115
[MO866] Iteration,3,207,1592229397.949503,0.894479
[MO866] Iteration,0,208,1592229398.837378,0.894209
[MO866] Iteration,2,208,1592229398.837398,0.894857
[MO866] Iteration,1,208,1592229398.843875,0.894688
[MO866] Iteration,3,208,1592229398.843850,0.894326
[MO866] Iteration,0,209,1592229399.735275,0.897849
[MO866] Iteration,1,209,1592229399.737318,0.893423
[MO866] Iteration,3,209,1592229399.737407,0.893511
[MO866] Iteration,2,209,1592229399.743374,0.905948
[MO866] Iteration,0,210,1592229400.630937,0.895595
[MO866] Iteration,2,210,1592229400.630859,0.887449
[MO866] Iteration,3,210,1592229400.637348,0.899916
[MO866] Iteration,1,210,1592229400.637388,0.900027
[MO866] Iteration,2,211,1592229401.525136,0.894211
[MO866] Iteration,0,211,1592229401.525363,0.894401
[MO866] Iteration,1,211,1592229401.531691,0.894282
[MO866] Iteration,3,211,1592229401.531879,0.894479
[MO866] Iteration,0,212,1592229402.419447,0.894060
[MO866] Iteration,2,212,1592229402.419389,0.894195
[MO866] Iteration,3,212,1592229402.425957,0.894058
[MO866] Iteration,1,212,1592229402.425919,0.894182
[MO866] Iteration,2,213,1592229403.313984,0.894535
[MO866] Iteration,0,213,1592229403.314222,0.894756
[MO866] Iteration,1,213,1592229403.320481,0.894511
[MO866] Iteration,3,213,1592229403.320620,0.894644
[MO866] Iteration,0,214,1592229404.208402,0.894159
[MO866] Iteration,2,214,1592229404.208374,0.894327
[MO866] Iteration,3,214,1592229404.214860,0.894218
[MO866] Iteration,1,214,1592229404.214848,0.894317
[MO866] Iteration,2,215,1592229405.102518,0.894095
[MO866] Iteration,0,215,1592229405.103021,0.894598
[MO866] Iteration,1,215,1592229405.109050,0.894155
[MO866] Iteration,3,215,1592229405.109431,0.894536
[MO866] Iteration,0,216,1592229405.996567,0.893527
[MO866] Iteration,2,216,1592229405.996751,0.894172
[MO866] Iteration,3,216,1592229406.003029,0.893576
[MO866] Iteration,1,216,1592229406.003154,0.894054
[MO866] Iteration,2,217,1592229406.891606,0.894833
[MO866] Iteration,0,217,1592229406.891857,0.895234
[MO866] Iteration,1,217,1592229406.898082,0.894906
[MO866] Iteration,3,217,1592229406.898296,0.895214
[MO866] Iteration,2,218,1592229407.786023,0.894358
[MO866] Iteration,0,218,1592229407.786296,0.894418
[MO866] Iteration,1,218,1592229407.792446,0.894311
[MO866] Iteration,3,218,1592229407.792709,0.894391
[MO866] Iteration,2,219,1592229408.679766,0.893678
[MO866] Iteration,0,219,1592229408.680207,0.893890
 Time step  220
[MO866] Iteration,1,219,1592229408.686327,0.893831
[MO866] Iteration,3,219,1592229408.686676,0.893944
[MO866] Iteration,0,220,1592229409.574331,0.894107
[MO866] Iteration,2,220,1592229409.574273,0.894461
[MO866] Iteration,1,220,1592229409.580792,0.894413
[MO866] Iteration,3,220,1592229409.580852,0.894154
[MO866] Iteration,2,221,1592229410.468472,0.894137
[MO866] Iteration,0,221,1592229410.468892,0.894542
[MO866] Iteration,1,221,1592229410.475117,0.894278
[MO866] Iteration,3,221,1592229410.475297,0.894418
[MO866] Iteration,2,222,1592229411.362766,0.894248
[MO866] Iteration,0,222,1592229411.363055,0.894143
[MO866] Iteration,1,222,1592229411.369323,0.894155
[MO866] Iteration,3,222,1592229411.369421,0.894103
[MO866] Iteration,0,223,1592229412.257241,0.894163
[MO866] Iteration,2,223,1592229412.257220,0.894390
[MO866] Iteration,3,223,1592229412.263695,0.894250
[MO866] Iteration,1,223,1592229412.263634,0.894258
[MO866] Iteration,2,224,1592229413.151689,0.894420
[MO866] Iteration,0,224,1592229413.151772,0.894503
[MO866] Iteration,1,224,1592229413.158188,0.894507
[MO866] Iteration,3,224,1592229413.158220,0.894504
[MO866] Iteration,2,225,1592229414.046221,0.894474
[MO866] Iteration,0,225,1592229414.046348,0.894556
[MO866] Iteration,3,225,1592229414.052852,0.894612
[MO866] Iteration,1,225,1592229414.052737,0.894500
[MO866] Iteration,2,226,1592229414.941003,0.894719
[MO866] Iteration,0,226,1592229414.941197,0.894829
[MO866] Iteration,1,226,1592229414.947469,0.894684
[MO866] Iteration,3,226,1592229414.947623,0.894748
[MO866] Iteration,2,227,1592229415.835275,0.894215
[MO866] Iteration,0,227,1592229415.835650,0.894433
[MO866] Iteration,1,227,1592229415.841888,0.894359
[MO866] Iteration,3,227,1592229415.842122,0.894479
[MO866] Iteration,2,228,1592229416.730211,0.894873
[MO866] Iteration,0,228,1592229416.730242,0.894574
[MO866] Iteration,3,228,1592229416.736672,0.894527
[MO866] Iteration,1,228,1592229416.736576,0.894635
[MO866] Iteration,2,229,1592229417.624350,0.894082
[MO866] Iteration,0,229,1592229417.624620,0.894352
[MO866] Iteration,3,229,1592229417.630969,0.894272
[MO866] Iteration,1,229,1592229417.630938,0.894315
[MO866] Iteration,0,230,1592229418.514871,0.890230
[MO866] Iteration,1,230,1592229418.523096,0.892108
[MO866] Iteration,3,230,1592229418.523063,0.892074
[MO866] Iteration,2,230,1592229418.529572,0.905165
[MO866] Iteration,0,231,1592229419.409711,0.894788
[MO866] Iteration,2,231,1592229419.409635,0.880028
[MO866] Iteration,3,231,1592229419.416157,0.893038
[MO866] Iteration,1,231,1592229419.416078,0.892960
[MO866] Iteration,0,232,1592229420.303215,0.893469
[MO866] Iteration,2,232,1592229420.303382,0.893684
[MO866] Iteration,3,232,1592229420.309666,0.893488
[MO866] Iteration,1,232,1592229420.309791,0.893664
[MO866] Iteration,0,233,1592229421.198067,0.894795
[MO866] Iteration,2,233,1592229421.197970,0.894565
[MO866] Iteration,1,233,1592229421.204428,0.894615
[MO866] Iteration,3,233,1592229421.204477,0.894761
[MO866] Iteration,2,234,1592229422.092505,0.894468
[MO866] Iteration,0,234,1592229422.092491,0.894401
[MO866] Iteration,3,234,1592229422.098957,0.894461
[MO866] Iteration,1,234,1592229422.098969,0.894494
[MO866] Iteration,2,235,1592229422.986822,0.894289
[MO866] Iteration,0,235,1592229422.987290,0.894757
[MO866] Iteration,1,235,1592229422.993453,0.894449
[MO866] Iteration,3,235,1592229422.993767,0.894763
[MO866] Iteration,2,236,1592229423.881528,0.894647
[MO866] Iteration,0,236,1592229423.881529,0.894218
[MO866] Iteration,3,236,1592229423.888012,0.894222
[MO866] Iteration,1,236,1592229423.887945,0.894443
[MO866] Iteration,2,237,1592229424.776058,0.894487
[MO866] Iteration,0,237,1592229424.776291,0.894720
[MO866] Iteration,3,237,1592229424.782113,0.894078
[MO866] Iteration,1,237,1592229424.791400,0.903407
[MO866] Iteration,0,238,1592229425.716482,0.940171
[MO866] Iteration,2,238,1592229425.716881,0.940777
[MO866] Iteration,3,238,1592229425.723006,0.940845
[MO866] Iteration,1,238,1592229425.723294,0.931837
[MO866] Iteration,2,239,1592229426.650077,0.933176
[MO866] Iteration,0,239,1592229426.650761,0.934226
 Time step  240
[MO866] Iteration,1,239,1592229426.656648,0.933331
[MO866] Iteration,3,239,1592229426.657198,0.934140
[MO866] Iteration,2,240,1592229427.547275,0.897134
[MO866] Iteration,0,240,1592229427.547400,0.896617
[MO866] Iteration,3,240,1592229427.553846,0.896613
[MO866] Iteration,1,240,1592229427.553743,0.897045
[MO866] Iteration,0,241,1592229428.441626,0.894204
[MO866] Iteration,2,241,1592229428.441592,0.894254
[MO866] Iteration,1,241,1592229428.447994,0.894197
[MO866] Iteration,3,241,1592229428.448129,0.894259
[MO866] Iteration,2,242,1592229429.335769,0.894121
[MO866] Iteration,0,242,1592229429.336151,0.894504
[MO866] Iteration,1,242,1592229429.342314,0.894274
[MO866] Iteration,3,242,1592229429.342470,0.894321
[MO866] Iteration,2,243,1592229430.230284,0.894453
[MO866] Iteration,0,243,1592229430.230566,0.894397
[MO866] Iteration,1,243,1592229430.236805,0.894437
[MO866] Iteration,3,243,1592229430.237064,0.894571
[MO866] Iteration,0,244,1592229431.124969,0.894381
[MO866] Iteration,2,244,1592229431.124962,0.894614
[MO866] Iteration,3,244,1592229431.131334,0.894247
[MO866] Iteration,1,244,1592229431.131415,0.894562
[MO866] Iteration,2,245,1592229432.019794,0.894790
[MO866] Iteration,0,245,1592229432.019971,0.894968
[MO866] Iteration,1,245,1592229432.026328,0.894888
[MO866] Iteration,3,245,1592229432.026391,0.895005
[MO866] Iteration,2,246,1592229432.913854,0.894002
[MO866] Iteration,0,246,1592229432.914201,0.894210
[MO866] Iteration,1,246,1592229432.920334,0.893951
[MO866] Iteration,3,246,1592229432.920601,0.894188
[MO866] Iteration,2,247,1592229433.807077,0.893157
[MO866] Iteration,0,247,1592229433.809756,0.895534
[MO866] Iteration,1,247,1592229433.813943,0.893563
[MO866] Iteration,3,247,1592229433.814097,0.893474
[MO866] Iteration,2,248,1592229434.690988,0.883848
[MO866] Iteration,0,248,1592229434.691419,0.881622
[MO866] Iteration,1,248,1592229434.697582,0.883599
[MO866] Iteration,3,248,1592229434.697891,0.883774
[MO866] Iteration,2,249,1592229435.585590,0.894541
[MO866] Iteration,0,249,1592229435.585788,0.894347
[MO866] Iteration,1,249,1592229435.592072,0.894440
[MO866] Iteration,3,249,1592229435.592191,0.894278
[MO866] Iteration,0,250,1592229436.480151,0.894341
[MO866] Iteration,2,250,1592229436.480316,0.894667
[MO866] Iteration,1,250,1592229436.486685,0.894565
[MO866] Iteration,3,250,1592229436.486597,0.894385
[MO866] Iteration,2,251,1592229437.374726,0.894391
[MO866] Iteration,0,251,1592229437.374997,0.894792
[MO866] Iteration,1,251,1592229437.381239,0.894531
[MO866] Iteration,3,251,1592229437.381419,0.894770
[MO866] Iteration,1,252,1592229438.273262,0.891971
[MO866] Iteration,3,252,1592229438.273412,0.891971
[MO866] Iteration,2,252,1592229438.279525,0.904734
[MO866] Iteration,0,252,1592229438.284253,0.909233
[MO866] Iteration,2,253,1592229439.170447,0.890879
[MO866] Iteration,0,253,1592229439.170460,0.886167
[MO866] Iteration,3,253,1592229439.176841,0.903405
[MO866] Iteration,1,253,1592229439.176866,0.903544
[MO866] Iteration,0,254,1592229440.064336,0.893841
[MO866] Iteration,2,254,1592229440.064386,0.893891
[MO866] Iteration,1,254,1592229440.070877,0.893989
[MO866] Iteration,3,254,1592229440.070841,0.893953
[MO866] Iteration,2,255,1592229440.960257,0.895851
[MO866] Iteration,0,255,1592229440.960435,0.896047
[MO866] Iteration,1,255,1592229440.966723,0.895824
[MO866] Iteration,3,255,1592229440.966861,0.895969
[MO866] Iteration,0,256,1592229441.855681,0.895228
[MO866] Iteration,2,256,1592229441.855762,0.895450
[MO866] Iteration,1,256,1592229441.862225,0.895445
[MO866] Iteration,3,256,1592229441.862197,0.895314
[MO866] Iteration,2,257,1592229442.750885,0.895102
[MO866] Iteration,0,257,1592229442.751390,0.895652
[MO866] Iteration,1,257,1592229442.757441,0.895196
[MO866] Iteration,3,257,1592229442.757823,0.895579
[MO866] Iteration,2,258,1592229443.645833,0.894887
[MO866] Iteration,0,258,1592229443.646199,0.894788
[MO866] Iteration,1,258,1592229443.652472,0.894981
[MO866] Iteration,3,258,1592229443.652652,0.894809
[MO866] Iteration,2,259,1592229444.541018,0.895122
[MO866] Iteration,0,259,1592229444.541324,0.895104
 Time step  260
[MO866] Iteration,1,259,1592229444.547574,0.895056
[MO866] Iteration,3,259,1592229444.547786,0.895112
[MO866] Iteration,2,260,1592229445.436115,0.895037
[MO866] Iteration,0,260,1592229445.436269,0.894924
[MO866] Iteration,3,260,1592229445.442662,0.894857
[MO866] Iteration,1,260,1592229445.442579,0.894959
[MO866] Iteration,0,261,1592229446.331566,0.895278
[MO866] Iteration,2,261,1592229446.331612,0.895443
[MO866] Iteration,1,261,1592229446.338020,0.895389
[MO866] Iteration,3,261,1592229446.338037,0.895351
[MO866] Iteration,0,262,1592229447.227535,0.895912
[MO866] Iteration,2,262,1592229447.227741,0.896111
[MO866] Iteration,1,262,1592229447.234183,0.896117
[MO866] Iteration,3,262,1592229447.234065,0.895999
[MO866] Iteration,2,263,1592229448.123259,0.895497
[MO866] Iteration,0,263,1592229448.123564,0.895975
[MO866] Iteration,1,263,1592229448.129881,0.895674
[MO866] Iteration,3,263,1592229448.130020,0.895902
[MO866] Iteration,2,264,1592229449.018719,0.895399
[MO866] Iteration,0,264,1592229449.018722,0.895136
[MO866] Iteration,3,264,1592229449.025171,0.895127
[MO866] Iteration,1,264,1592229449.025181,0.895246
[MO866] Iteration,2,265,1592229449.914361,0.895599
[MO866] Iteration,0,265,1592229449.914740,0.895978
[MO866] Iteration,1,265,1592229449.921001,0.895784
[MO866] Iteration,3,265,1592229449.921144,0.895927
[MO866] Iteration,2,266,1592229450.810053,0.895627
[MO866] Iteration,0,266,1592229450.810127,0.895366
[MO866] Iteration,3,266,1592229450.816629,0.895462
[MO866] Iteration,1,266,1592229450.816569,0.895520
[MO866] Iteration,0,267,1592229451.705806,0.895659
[MO866] Iteration,2,267,1592229451.705781,0.895666
[MO866] Iteration,1,267,1592229451.712245,0.895631
[MO866] Iteration,3,267,1592229451.712294,0.895637
[MO866] Iteration,2,268,1592229452.601811,0.895977
[MO866] Iteration,0,268,1592229452.601852,0.896019
[MO866] Iteration,3,268,1592229452.608426,0.896113
[MO866] Iteration,1,268,1592229452.608338,0.896046
[MO866] Iteration,0,269,1592229453.497889,0.896018
[MO866] Iteration,2,269,1592229453.497888,0.896022
[MO866] Iteration,1,269,1592229453.504302,0.895916
[MO866] Iteration,3,269,1592229453.504291,0.895844
[MO866] Iteration,2,270,1592229454.393118,0.895186
[MO866] Iteration,0,270,1592229454.393390,0.895458
[MO866] Iteration,1,270,1592229454.399632,0.895299
[MO866] Iteration,3,270,1592229454.399836,0.895503
[MO866] Iteration,0,271,1592229455.287051,0.893640
[MO866] Iteration,3,271,1592229455.295141,0.895285
[MO866] Iteration,2,271,1592229455.296771,0.903597
[MO866] Iteration,1,271,1592229455.316991,0.917315
[MO866] Iteration,2,272,1592229456.201591,0.904782
[MO866] Iteration,1,272,1592229456.209710,0.892670
[MO866] Iteration,0,272,1592229456.212493,0.925387
[MO866] Iteration,3,272,1592229456.232769,0.937568
[MO866] Iteration,2,273,1592229457.120518,0.918873
[MO866] Iteration,0,273,1592229457.120741,0.908208
[MO866] Iteration,3,273,1592229457.127087,0.894270
[MO866] Iteration,1,273,1592229457.127026,0.917255
[MO866] Iteration,2,274,1592229458.016577,0.896005
[MO866] Iteration,0,274,1592229458.016885,0.896124
[MO866] Iteration,1,274,1592229458.023031,0.895953
[MO866] Iteration,3,274,1592229458.023240,0.896132
[MO866] Iteration,2,275,1592229458.911685,0.895057
[MO866] Iteration,0,275,1592229458.911882,0.894974
[MO866] Iteration,1,275,1592229458.918189,0.895106
[MO866] Iteration,3,275,1592229458.918316,0.895053
[MO866] Iteration,2,276,1592229459.806747,0.895007
[MO866] Iteration,0,276,1592229459.806948,0.895047
[MO866] Iteration,1,276,1592229459.813200,0.894960
[MO866] Iteration,3,276,1592229459.813355,0.895015
[MO866] Iteration,2,277,1592229460.702240,0.895432
[MO866] Iteration,0,277,1592229460.702445,0.895475
[MO866] Iteration,3,277,1592229460.708899,0.895521
[MO866] Iteration,1,277,1592229460.708807,0.895552
[MO866] Iteration,2,278,1592229461.591123,0.888820
[MO866] Iteration,0,278,1592229461.590984,0.888518
[MO866] Iteration,1,278,1592229461.597339,0.888483
[MO866] Iteration,3,278,1592229461.597514,0.888591
[MO866] Iteration,0,279,1592229462.486480,0.895418
 Time step  280
[MO866] Iteration,2,279,1592229462.486406,0.895252
[MO866] Iteration,3,279,1592229462.492960,0.895424
[MO866] Iteration,1,279,1592229462.492899,0.895511
[MO866] Iteration,2,280,1592229463.382110,0.895641
[MO866] Iteration,0,280,1592229463.382177,0.895676
[MO866] Iteration,1,280,1592229463.388570,0.895624
[MO866] Iteration,3,280,1592229463.388619,0.895632
[MO866] Iteration,2,281,1592229464.277214,0.895038
[MO866] Iteration,0,281,1592229464.277633,0.895428
[MO866] Iteration,1,281,1592229464.283808,0.895191
[MO866] Iteration,3,281,1592229464.284059,0.895419
[MO866] Iteration,2,282,1592229465.172980,0.895713
[MO866] Iteration,0,282,1592229465.172950,0.895297
[MO866] Iteration,3,282,1592229465.179373,0.895294
[MO866] Iteration,1,282,1592229465.179492,0.895637
[MO866] Iteration,0,283,1592229466.068597,0.895598
[MO866] Iteration,2,283,1592229466.068552,0.895551
[MO866] Iteration,3,283,1592229466.074948,0.895524
[MO866] Iteration,1,283,1592229466.075087,0.895570
[MO866] Iteration,2,284,1592229466.964577,0.895974
[MO866] Iteration,0,284,1592229466.964611,0.895991
[MO866] Iteration,3,284,1592229466.971093,0.896093
[MO866] Iteration,1,284,1592229466.971030,0.895923
[MO866] Iteration,2,285,1592229467.860488,0.895863
[MO866] Iteration,0,285,1592229467.860894,0.896264
[MO866] Iteration,1,285,1592229467.866973,0.895893
[MO866] Iteration,3,285,1592229467.867288,0.896174
[MO866] Iteration,2,286,1592229468.755591,0.895055
[MO866] Iteration,0,286,1592229468.755638,0.894723
[MO866] Iteration,3,286,1592229468.762091,0.894780
[MO866] Iteration,1,286,1592229468.762107,0.895081
[MO866] Iteration,2,287,1592229469.650764,0.895116
[MO866] Iteration,0,287,1592229469.651078,0.895422
[MO866] Iteration,1,287,1592229469.657309,0.895171
[MO866] Iteration,3,287,1592229469.657528,0.895390
[MO866] Iteration,2,288,1592229470.546248,0.895423
[MO866] Iteration,0,288,1592229470.546526,0.895426
[MO866] Iteration,1,288,1592229470.552763,0.895401
[MO866] Iteration,3,288,1592229470.552924,0.895375
[MO866] Iteration,0,289,1592229471.441811,0.895262
[MO866] Iteration,2,289,1592229471.441800,0.895495
[MO866] Iteration,1,289,1592229471.448304,0.895495
[MO866] Iteration,3,289,1592229471.448290,0.895346
[MO866] Iteration,2,290,1592229472.337576,0.895729
[MO866] Iteration,0,290,1592229472.337844,0.895998
[MO866] Iteration,1,290,1592229472.344096,0.895763
[MO866] Iteration,3,290,1592229472.344369,0.896036
[MO866] Iteration,2,291,1592229473.232461,0.894826
[MO866] Iteration,0,291,1592229473.232968,0.895104
[MO866] Iteration,1,291,1592229473.238964,0.894820
[MO866] Iteration,3,291,1592229473.239382,0.894992
[MO866] Iteration,0,292,1592229474.127287,0.894301
[MO866] Iteration,2,292,1592229474.127216,0.894702
[MO866] Iteration,3,292,1592229474.133772,0.894368
[MO866] Iteration,1,292,1592229474.133721,0.894708
[MO866] Iteration,2,293,1592229475.022555,0.895276
[MO866] Iteration,0,293,1592229475.022655,0.895343
[MO866] Iteration,1,293,1592229475.028997,0.895221
[MO866] Iteration,3,293,1592229475.029134,0.895343
[MO866] Iteration,0,294,1592229475.917745,0.895063
[MO866] Iteration,2,294,1592229475.917774,0.895161
[MO866] Iteration,3,294,1592229475.924216,0.895059
[MO866] Iteration,1,294,1592229475.924210,0.895162
[MO866] Iteration,2,295,1592229476.813341,0.895540
[MO866] Iteration,0,295,1592229476.813489,0.895689
[MO866] Iteration,1,295,1592229476.819867,0.895615
[MO866] Iteration,3,295,1592229476.819962,0.895710
[MO866] Iteration,2,296,1592229477.708633,0.895236
[MO866] Iteration,0,296,1592229477.708864,0.895353
[MO866] Iteration,1,296,1592229477.715067,0.895157
[MO866] Iteration,3,296,1592229477.715210,0.895228
[MO866] Iteration,2,297,1592229478.603933,0.895252
[MO866] Iteration,0,297,1592229478.603946,0.895062
[MO866] Iteration,1,297,1592229478.610388,0.895271
[MO866] Iteration,3,297,1592229478.610511,0.895280
[MO866] Iteration,2,298,1592229479.498981,0.895006
[MO866] Iteration,0,298,1592229479.499361,0.895386
[MO866] Iteration,1,298,1592229479.505526,0.895086
[MO866] Iteration,3,298,1592229479.505760,0.895228
[MO866] Iteration,2,299,1592229480.393787,0.894745
[MO866] Iteration,0,299,1592229480.393999,0.894619
 Time step  300
[MO866] Iteration,1,299,1592229480.400259,0.894681
[MO866] Iteration,3,299,1592229480.400414,0.894632
[MO866] Iteration,2,300,1592229481.289471,0.895625
[MO866] Iteration,0,300,1592229481.289549,0.895530
[MO866] Iteration,3,300,1592229481.295936,0.895501
[MO866] Iteration,1,300,1592229481.295834,0.895529
[MO866] Iteration,0,301,1592229482.184333,0.894759
[MO866] Iteration,2,301,1592229482.184279,0.894749
[MO866] Iteration,1,301,1592229482.190693,0.894813
[MO866] Iteration,3,301,1592229482.190792,0.894834
[MO866] Iteration,2,302,1592229483.079354,0.895021
[MO866] Iteration,0,302,1592229483.079684,0.895335
[MO866] Iteration,1,302,1592229483.085811,0.895069
[MO866] Iteration,3,302,1592229483.086093,0.895277
[MO866] Iteration,0,303,1592229483.974153,0.894450
[MO866] Iteration,2,303,1592229483.974009,0.894594
[MO866] Iteration,1,303,1592229483.980553,0.894690
[MO866] Iteration,3,303,1592229483.980635,0.894519
[MO866] Iteration,1,304,1592229484.873637,0.893034
[MO866] Iteration,3,304,1592229484.873566,0.892909
[MO866] Iteration,2,304,1592229484.879928,0.905856
[MO866] Iteration,0,304,1592229484.881080,0.906905
[MO866] Iteration,0,305,1592229485.809734,0.928631
[MO866] Iteration,2,305,1592229485.810617,0.930652
[MO866] Iteration,3,305,1592229485.816351,0.942724
[MO866] Iteration,1,305,1592229485.817043,0.943371
[MO866] Iteration,2,306,1592229486.741786,0.931149
[MO866] Iteration,0,306,1592229486.742430,0.932636
[MO866] Iteration,1,306,1592229486.748240,0.931163
[MO866] Iteration,3,306,1592229486.748803,0.932405
[MO866] Iteration,2,307,1592229487.638541,0.896697
[MO866] Iteration,0,307,1592229487.638829,0.896376
[MO866] Iteration,1,307,1592229487.645060,0.896775
[MO866] Iteration,3,307,1592229487.645207,0.896372
[MO866] Iteration,2,308,1592229488.533744,0.895140
[MO866] Iteration,0,308,1592229488.533987,0.895134
[MO866] Iteration,1,308,1592229488.540314,0.895202
[MO866] Iteration,3,308,1592229488.540428,0.895198
[MO866] Iteration,2,309,1592229489.429187,0.895379
[MO866] Iteration,0,309,1592229489.429546,0.895538
[MO866] Iteration,1,309,1592229489.435747,0.895387
[MO866] Iteration,3,309,1592229489.435919,0.895470
[MO866] Iteration,0,310,1592229490.324734,0.895169
[MO866] Iteration,2,310,1592229490.324754,0.895509
[MO866] Iteration,3,310,1592229490.331080,0.895141
[MO866] Iteration,1,310,1592229490.331142,0.895351
[MO866] Iteration,2,311,1592229491.220499,0.895722
[MO866] Iteration,0,311,1592229491.220569,0.895792
[MO866] Iteration,1,311,1592229491.227065,0.895904
[MO866] Iteration,3,311,1592229491.227080,0.895949
[MO866] Iteration,2,312,1592229492.116405,0.895853
[MO866] Iteration,0,312,1592229492.116513,0.895923
[MO866] Iteration,1,312,1592229492.122768,0.895657
[MO866] Iteration,3,312,1592229492.122831,0.895720
[MO866] Iteration,2,313,1592229493.011828,0.895365
[MO866] Iteration,0,313,1592229493.011846,0.895313
[MO866] Iteration,3,313,1592229493.018374,0.895522
[MO866] Iteration,1,313,1592229493.018289,0.895465
[MO866] Iteration,0,314,1592229493.907232,0.895358
[MO866] Iteration,2,314,1592229493.907247,0.895373
[MO866] Iteration,1,314,1592229493.913693,0.895356
[MO866] Iteration,3,314,1592229493.913761,0.895363
[MO866] Iteration,2,315,1592229494.802493,0.895212
[MO866] Iteration,0,315,1592229494.802678,0.895398
[MO866] Iteration,1,315,1592229494.809023,0.895282
[MO866] Iteration,3,315,1592229494.809157,0.895371
[MO866] Iteration,2,316,1592229495.698240,0.895683
[MO866] Iteration,0,316,1592229495.698268,0.895570
[MO866] Iteration,1,316,1592229495.704638,0.895568
[MO866] Iteration,3,316,1592229495.704754,0.895575
[MO866] Iteration,2,317,1592229496.593362,0.895068
[MO866] Iteration,0,317,1592229496.593933,0.895640
[MO866] Iteration,1,317,1592229496.599958,0.895271
[MO866] Iteration,3,317,1592229496.600254,0.895477
[MO866] Iteration,2,318,1592229497.488707,0.895291
[MO866] Iteration,0,318,1592229497.488728,0.894772
[MO866] Iteration,3,318,1592229497.495196,0.894923
[MO866] Iteration,1,318,1592229497.495111,0.895105
[MO866] Iteration,0,319,1592229498.384713,0.895963
 Time step  320
[MO866] Iteration,2,319,1592229498.384759,0.896008
[MO866] Iteration,1,319,1592229498.391197,0.896034
[MO866] Iteration,3,319,1592229498.391167,0.895947
[MO866] Iteration,2,320,1592229499.280468,0.895692
[MO866] Iteration,0,320,1592229499.280549,0.895785
[MO866] Iteration,1,320,1592229499.286909,0.895693
[MO866] Iteration,3,320,1592229499.287063,0.895846
[MO866] Iteration,2,321,1592229500.175669,0.895147
[MO866] Iteration,0,321,1592229500.175676,0.895106
[MO866] Iteration,1,321,1592229500.182113,0.895150
[MO866] Iteration,3,321,1592229500.182097,0.895011
[MO866] Iteration,0,322,1592229501.071022,0.895312
[MO866] Iteration,2,322,1592229501.071103,0.895393
[MO866] Iteration,3,322,1592229501.077471,0.895327
[MO866] Iteration,1,322,1592229501.077487,0.895343
[MO866] Iteration,2,323,1592229501.966644,0.895515
[MO866] Iteration,0,323,1592229501.966857,0.895773
[MO866] Iteration,1,323,1592229501.973115,0.895597
[MO866] Iteration,3,323,1592229501.973241,0.895723
[MO866] Iteration,0,324,1592229502.861700,0.894823
[MO866] Iteration,2,324,1592229502.861675,0.894962
[MO866] Iteration,3,324,1592229502.868134,0.894871
[MO866] Iteration,1,324,1592229502.868066,0.894902
[MO866] Iteration,2,325,1592229503.757218,0.895494
[MO866] Iteration,0,325,1592229503.757557,0.895833
[MO866] Iteration,1,325,1592229503.763819,0.895707
[MO866] Iteration,3,325,1592229503.763993,0.895837
[MO866] Iteration,0,326,1592229504.652973,0.895393
[MO866] Iteration,2,326,1592229504.653002,0.895726
[MO866] Iteration,3,326,1592229504.659392,0.895379
[MO866] Iteration,1,326,1592229504.659368,0.895503
[MO866] Iteration,2,327,1592229505.548884,0.895864
[MO866] Iteration,0,327,1592229505.549064,0.896044
[MO866] Iteration,1,327,1592229505.555415,0.895998
[MO866] Iteration,3,327,1592229505.555535,0.896118
[MO866] Iteration,2,328,1592229506.444126,0.895185
[MO866] Iteration,0,328,1592229506.444362,0.895278
[MO866] Iteration,1,328,1592229506.450617,0.895152
[MO866] Iteration,3,328,1592229506.450790,0.895234
[MO866] Iteration,2,329,1592229507.339059,0.894882
[MO866] Iteration,0,329,1592229507.339009,0.894626
[MO866] Iteration,3,329,1592229507.345479,0.894668
[MO866] Iteration,1,329,1592229507.345545,0.894878
[MO866] Iteration,0,330,1592229508.234844,0.895775
[MO866] Iteration,2,330,1592229508.234730,0.895650
[MO866] Iteration,1,330,1592229508.241254,0.895681
[MO866] Iteration,3,330,1592229508.241264,0.895733
[MO866] Iteration,2,331,1592229509.130338,0.895546
[MO866] Iteration,0,331,1592229509.130457,0.895590
[MO866] Iteration,3,331,1592229509.136811,0.895511
[MO866] Iteration,1,331,1592229509.136905,0.895605
[MO866] Iteration,0,332,1592229510.026343,0.895865
[MO866] Iteration,2,332,1592229510.026214,0.895818
[MO866] Iteration,1,332,1592229510.032686,0.895759
[MO866] Iteration,3,332,1592229510.032839,0.895976
[MO866] Iteration,2,333,1592229510.921184,0.894910
[MO866] Iteration,0,333,1592229510.921364,0.894999
[MO866] Iteration,1,333,1592229510.927573,0.894838
[MO866] Iteration,3,333,1592229510.927706,0.894846
[MO866] Iteration,2,334,1592229511.815984,0.894741
[MO866] Iteration,0,334,1592229511.816006,0.894622
[MO866] Iteration,1,334,1592229511.822376,0.894754
[MO866] Iteration,3,334,1592229511.822434,0.894708
[MO866] Iteration,0,335,1592229512.712697,0.896667
[MO866] Iteration,2,335,1592229512.712589,0.896559
[MO866] Iteration,3,335,1592229512.719075,0.896620
[MO866] Iteration,1,335,1592229512.718969,0.896539
[MO866] Iteration,2,336,1592229513.607340,0.894681
[MO866] Iteration,0,336,1592229513.607536,0.894811
[MO866] Iteration,1,336,1592229513.613843,0.894823
[MO866] Iteration,3,336,1592229513.613979,0.894882
[MO866] Iteration,2,337,1592229514.502186,0.894781
[MO866] Iteration,0,337,1592229514.502358,0.894801
[MO866] Iteration,1,337,1592229514.508592,0.894700
[MO866] Iteration,3,337,1592229514.508726,0.894726
[MO866] Iteration,0,338,1592229515.395213,0.892834
[MO866] Iteration,3,338,1592229515.403219,0.894472
[MO866] Iteration,2,338,1592229515.405100,0.902850
[MO866] Iteration,1,338,1592229515.425429,0.916792
[MO866] Iteration,2,339,1592229516.312117,0.906979
[MO866] Iteration,1,339,1592229516.320192,0.894714
[MO866] Iteration,0,339,1592229516.322885,0.927616
 Time step  340
[MO866] Iteration,3,339,1592229516.343150,0.939868
[MO866] Iteration,0,340,1592229517.230756,0.907828
[MO866] Iteration,2,340,1592229517.230730,0.918565
[MO866] Iteration,3,340,1592229517.237252,0.894053
[MO866] Iteration,1,340,1592229517.237158,0.916911
[MO866] Iteration,2,341,1592229518.125145,0.894363
[MO866] Iteration,0,341,1592229518.125270,0.894489
[MO866] Iteration,1,341,1592229518.131638,0.894430
[MO866] Iteration,3,341,1592229518.131669,0.894392
[MO866] Iteration,2,342,1592229519.020175,0.894976
[MO866] Iteration,0,342,1592229519.020412,0.895121
[MO866] Iteration,1,342,1592229519.026698,0.895015
[MO866] Iteration,3,342,1592229519.026846,0.895159
[MO866] Iteration,2,343,1592229519.914994,0.894762
[MO866] Iteration,0,343,1592229519.914992,0.894561
[MO866] Iteration,3,343,1592229519.921498,0.894629
[MO866] Iteration,1,343,1592229519.921492,0.894740
[MO866] Iteration,0,344,1592229520.809921,0.894885
[MO866] Iteration,2,344,1592229520.809826,0.894789
[MO866] Iteration,1,344,1592229520.816315,0.894779
[MO866] Iteration,3,344,1592229520.816362,0.894825
[MO866] Iteration,2,345,1592229521.705582,0.895698
[MO866] Iteration,0,345,1592229521.705845,0.895900
[MO866] Iteration,3,345,1592229521.712180,0.895798
[MO866] Iteration,1,345,1592229521.712177,0.895812
[MO866] Iteration,2,346,1592229522.601743,0.896102
[MO866] Iteration,0,346,1592229522.601911,0.896045
[MO866] Iteration,1,346,1592229522.608219,0.896001
[MO866] Iteration,3,346,1592229522.608376,0.896159
[MO866] Iteration,2,347,1592229523.497022,0.895217
[MO866] Iteration,0,347,1592229523.497241,0.895310
[MO866] Iteration,1,347,1592229523.503541,0.895277
[MO866] Iteration,3,347,1592229523.503676,0.895281
[MO866] Iteration,2,348,1592229524.392224,0.895145
[MO866] Iteration,0,348,1592229524.392365,0.895102
[MO866] Iteration,1,348,1592229524.398782,0.895195
[MO866] Iteration,3,348,1592229524.398877,0.895181
[MO866] Iteration,0,349,1592229525.286937,0.894553
[MO866] Iteration,2,349,1592229525.287043,0.894763
[MO866] Iteration,3,349,1592229525.293363,0.894464
[MO866] Iteration,1,349,1592229525.293467,0.894637
[MO866] Iteration,2,350,1592229526.182611,0.895544
[MO866] Iteration,0,350,1592229526.183127,0.896132
[MO866] Iteration,1,350,1592229526.189300,0.895810
[MO866] Iteration,3,350,1592229526.189496,0.896083
[MO866] Iteration,0,351,1592229527.077780,0.894631
[MO866] Iteration,2,351,1592229527.077765,0.895095
[MO866] Iteration,3,351,1592229527.084302,0.894784
[MO866] Iteration,1,351,1592229527.084273,0.894923
[MO866] Iteration,2,352,1592229527.973507,0.895694
[MO866] Iteration,0,352,1592229527.973743,0.895930
[MO866] Iteration,1,352,1592229527.979962,0.895646
[MO866] Iteration,3,352,1592229527.980174,0.895853
[MO866] Iteration,2,353,1592229528.868810,0.895245
[MO866] Iteration,0,353,1592229528.869433,0.895666
[MO866] Iteration,1,353,1592229528.875455,0.895446
[MO866] Iteration,3,353,1592229528.875875,0.895680
[MO866] Iteration,2,354,1592229529.762778,0.893910
[MO866] Iteration,0,354,1592229529.765221,0.895769
[MO866] Iteration,3,354,1592229529.769625,0.893731
[MO866] Iteration,1,354,1592229529.769620,0.894107
[MO866] Iteration,2,355,1592229530.646967,0.884132
[MO866] Iteration,0,355,1592229530.649772,0.884510
[MO866] Iteration,1,355,1592229530.653859,0.884202
[MO866] Iteration,3,355,1592229530.654130,0.884473
[MO866] Iteration,2,356,1592229531.535831,0.888804
[MO866] Iteration,0,356,1592229531.536512,0.886700
[MO866] Iteration,1,356,1592229531.542332,0.888433
[MO866] Iteration,3,356,1592229531.542870,0.888717
[MO866] Iteration,2,357,1592229532.430759,0.894874
[MO866] Iteration,0,357,1592229532.430813,0.894281
[MO866] Iteration,1,357,1592229532.437210,0.894827
[MO866] Iteration,3,357,1592229532.437223,0.894330
[MO866] Iteration,2,358,1592229533.325821,0.895004
[MO866] Iteration,0,358,1592229533.326482,0.895649
[MO866] Iteration,1,358,1592229533.332380,0.895124
[MO866] Iteration,3,358,1592229533.332789,0.895532
[MO866] Iteration,2,359,1592229534.221318,0.895435
[MO866] Iteration,0,359,1592229534.221383,0.894881
 Time step  360
[MO866] Iteration,3,359,1592229534.227887,0.895077
[MO866] Iteration,1,359,1592229534.227802,0.895379
[MO866] Iteration,2,360,1592229535.116750,0.895375
[MO866] Iteration,0,360,1592229535.116988,0.895586
[MO866] Iteration,1,360,1592229535.123266,0.895419
[MO866] Iteration,3,360,1592229535.123407,0.895499
[MO866] Iteration,2,361,1592229536.011961,0.895163
[MO866] Iteration,0,361,1592229536.011993,0.894982
[MO866] Iteration,3,361,1592229536.018392,0.894964
[MO866] Iteration,1,361,1592229536.018403,0.895087
[MO866] Iteration,0,362,1592229536.907520,0.895510
[MO866] Iteration,2,362,1592229536.907399,0.895390
[MO866] Iteration,1,362,1592229536.913934,0.895495
[MO866] Iteration,3,362,1592229536.914060,0.895621
[MO866] Iteration,2,363,1592229537.803367,0.895904
[MO866] Iteration,0,363,1592229537.803513,0.895964
[MO866] Iteration,3,363,1592229537.809959,0.895877
[MO866] Iteration,1,363,1592229537.809891,0.895902
[MO866] Iteration,2,364,1592229538.699023,0.895596
[MO866] Iteration,0,364,1592229538.699228,0.895694
[MO866] Iteration,1,364,1592229538.705552,0.895611
[MO866] Iteration,3,364,1592229538.705681,0.895697
[MO866] Iteration,0,365,1592229539.594140,0.894893
[MO866] Iteration,2,365,1592229539.594429,0.895345
[MO866] Iteration,3,365,1592229539.600633,0.894930
[MO866] Iteration,1,365,1592229539.600883,0.895280
[MO866] Iteration,3,366,1592229540.493901,0.893218
[MO866] Iteration,1,366,1592229540.493856,0.892949
[MO866] Iteration,2,366,1592229540.498622,0.904168
[MO866] Iteration,0,366,1592229540.500403,0.906203
[MO866] Iteration,2,367,1592229541.386872,0.888208
[MO866] Iteration,0,367,1592229541.386920,0.886489
[MO866] Iteration,1,367,1592229541.393306,0.899390
[MO866] Iteration,3,367,1592229541.393467,0.899544
[MO866] Iteration,2,368,1592229542.281743,0.894813
[MO866] Iteration,0,368,1592229542.282106,0.895165
[MO866] Iteration,1,368,1592229542.288305,0.894949
[MO866] Iteration,3,368,1592229542.288479,0.894990
[MO866] Iteration,2,369,1592229543.177309,0.895506
[MO866] Iteration,0,369,1592229543.177388,0.895260
[MO866] Iteration,1,369,1592229543.183676,0.895325
[MO866] Iteration,3,369,1592229543.183853,0.895354
[MO866] Iteration,2,370,1592229544.072418,0.895048
[MO866] Iteration,0,370,1592229544.072688,0.895278
[MO866] Iteration,1,370,1592229544.078823,0.895102
[MO866] Iteration,3,370,1592229544.079058,0.895185
[MO866] Iteration,2,371,1592229544.967546,0.895070
[MO866] Iteration,0,371,1592229544.967967,0.895257
[MO866] Iteration,1,371,1592229544.974131,0.895254
[MO866] Iteration,3,371,1592229544.974397,0.895316
[MO866] Iteration,0,372,1592229545.903819,0.935833
[MO866] Iteration,2,372,1592229545.904718,0.937114
[MO866] Iteration,3,372,1592229545.910408,0.935988
[MO866] Iteration,1,372,1592229545.911008,0.936823
[MO866] Iteration,2,373,1592229546.834374,0.929635
[MO866] Iteration,0,373,1592229546.835645,0.931774
[MO866] Iteration,1,373,1592229546.841127,0.930085
[MO866] Iteration,3,373,1592229546.841891,0.931430
[MO866] Iteration,2,374,1592229547.734134,0.899696
[MO866] Iteration,0,374,1592229547.734143,0.898475
[MO866] Iteration,1,374,1592229547.740669,0.899496
[MO866] Iteration,3,374,1592229547.740710,0.898784
[MO866] Iteration,0,375,1592229548.629559,0.895379
[MO866] Iteration,2,375,1592229548.629447,0.895266
[MO866] Iteration,1,375,1592229548.635928,0.895209
[MO866] Iteration,3,375,1592229548.636046,0.895315
[MO866] Iteration,2,376,1592229549.525401,0.895892
[MO866] Iteration,0,376,1592229549.525399,0.895820
[MO866] Iteration,1,376,1592229549.531809,0.895838
[MO866] Iteration,3,376,1592229549.531816,0.895751
[MO866] Iteration,2,377,1592229550.420532,0.895090
[MO866] Iteration,0,377,1592229550.421110,0.895668
[MO866] Iteration,1,377,1592229550.427182,0.895332
[MO866] Iteration,3,377,1592229550.427540,0.895690
[MO866] Iteration,2,378,1592229551.315833,0.895246
[MO866] Iteration,0,378,1592229551.315814,0.894682
[MO866] Iteration,3,378,1592229551.322242,0.894683
[MO866] Iteration,1,378,1592229551.322326,0.895094
[MO866] Iteration,0,379,1592229552.211621,0.895761
 Time step  380
[MO866] Iteration,2,379,1592229552.211538,0.895678
[MO866] Iteration,1,379,1592229552.217961,0.895612
[MO866] Iteration,3,379,1592229552.218027,0.895730
[MO866] Iteration,2,380,1592229553.107012,0.895415
[MO866] Iteration,0,380,1592229553.107413,0.895769
[MO866] Iteration,1,380,1592229553.113626,0.895617
[MO866] Iteration,3,380,1592229553.113888,0.895837
[MO866] Iteration,2,381,1592229554.002017,0.894942
[MO866] Iteration,0,381,1592229554.002387,0.894955
[MO866] Iteration,1,381,1592229554.008580,0.894903
[MO866] Iteration,3,381,1592229554.008927,0.895015
[MO866] Iteration,0,382,1592229554.897346,0.894938
[MO866] Iteration,2,382,1592229554.897347,0.895271
[MO866] Iteration,3,382,1592229554.903749,0.894801
[MO866] Iteration,1,382,1592229554.903815,0.895186
[MO866] Iteration,2,383,1592229555.793352,0.895967
[MO866] Iteration,0,383,1592229555.793410,0.896025
[MO866] Iteration,1,383,1592229555.799854,0.896017
[MO866] Iteration,3,383,1592229555.799890,0.896093
[MO866] Iteration,2,384,1592229556.688741,0.895330
[MO866] Iteration,0,384,1592229556.689090,0.895660
[MO866] Iteration,1,384,1592229556.695204,0.895305
[MO866] Iteration,3,384,1592229556.695450,0.895541
[MO866] Iteration,2,385,1592229557.584017,0.895222
[MO866] Iteration,0,385,1592229557.584139,0.895028
[MO866] Iteration,1,385,1592229557.590462,0.895205
[MO866] Iteration,3,385,1592229557.590625,0.895151
[MO866] Iteration,2,386,1592229558.479241,0.895170
[MO866] Iteration,0,386,1592229558.479429,0.895271
[MO866] Iteration,1,386,1592229558.485792,0.895278
[MO866] Iteration,3,386,1592229558.485931,0.895284
[MO866] Iteration,2,387,1592229559.374746,0.895446
[MO866] Iteration,0,387,1592229559.375004,0.895553
[MO866] Iteration,1,387,1592229559.381195,0.895354
[MO866] Iteration,3,387,1592229559.381360,0.895410
[MO866] Iteration,2,388,1592229560.270217,0.895403
[MO866] Iteration,0,388,1592229560.270564,0.895540
[MO866] Iteration,1,388,1592229560.276763,0.895516
[MO866] Iteration,3,388,1592229560.277078,0.895696
[MO866] Iteration,2,389,1592229561.165322,0.895046
[MO866] Iteration,0,389,1592229561.165403,0.894820
[MO866] Iteration,1,389,1592229561.171805,0.894995
[MO866] Iteration,3,389,1592229561.171848,0.894749
[MO866] Iteration,2,390,1592229562.060911,0.895533
[MO866] Iteration,0,390,1592229562.061270,0.895844
[MO866] Iteration,1,390,1592229562.067448,0.895598
[MO866] Iteration,3,390,1592229562.067697,0.895831
[MO866] Iteration,2,391,1592229562.956127,0.895163
[MO866] Iteration,0,391,1592229562.956210,0.894921
[MO866] Iteration,3,391,1592229562.962699,0.894983
[MO866] Iteration,1,391,1592229562.962678,0.895169
[MO866] Iteration,2,392,1592229563.851737,0.895558
[MO866] Iteration,0,392,1592229563.852021,0.895791
[MO866] Iteration,1,392,1592229563.858214,0.895487
[MO866] Iteration,3,392,1592229563.858374,0.895647
[MO866] Iteration,2,393,1592229564.746530,0.894738
[MO866] Iteration,0,393,1592229564.746917,0.894875
[MO866] Iteration,1,393,1592229564.753053,0.894783
[MO866] Iteration,3,393,1592229564.753328,0.894933
[MO866] Iteration,2,394,1592229565.641428,0.894834
[MO866] Iteration,0,394,1592229565.641633,0.894697
[MO866] Iteration,1,394,1592229565.647961,0.894859
[MO866] Iteration,3,394,1592229565.648005,0.894654
[MO866] Iteration,0,395,1592229566.536980,0.895326
[MO866] Iteration,2,395,1592229566.536880,0.895393
[MO866] Iteration,3,395,1592229566.543478,0.895455
[MO866] Iteration,1,395,1592229566.543360,0.895352
[MO866] Iteration,2,396,1592229567.432375,0.895442
[MO866] Iteration,0,396,1592229567.432442,0.895439
[MO866] Iteration,1,396,1592229567.438755,0.895347
[MO866] Iteration,3,396,1592229567.438800,0.895292
[MO866] Iteration,2,397,1592229568.327974,0.895544
[MO866] Iteration,0,397,1592229568.328114,0.895653
[MO866] Iteration,1,397,1592229568.334502,0.895695
[MO866] Iteration,3,397,1592229568.334567,0.895746
[MO866] Iteration,2,398,1592229569.223190,0.895160
[MO866] Iteration,0,398,1592229569.223270,0.895137
[MO866] Iteration,3,398,1592229569.229745,0.895157
[MO866] Iteration,1,398,1592229569.229681,0.895126
[MO866] Iteration,2,399,1592229570.105130,0.881877
[MO866] Iteration,1,399,1592229570.111929,0.882198
[MO866] Iteration,3,399,1592229570.120784,0.891015
[MO866] Iteration,0,399,1592229570.124112,0.900819
 Time step  400
[MO866] Iteration,2,400,1592229571.010510,0.905324
[MO866] Iteration,0,400,1592229571.010621,0.886468
[MO866] Iteration,1,400,1592229571.016640,0.904656
[MO866] Iteration,3,400,1592229571.016781,0.895947
 Verification being performed for class C
 accuracy setting for epsilon =  0.1000000000000E-07
 Comparison of RMS-norms of residual
           1 0.5881691581829E+03 0.5881691581829E+03 0.6726469583912E-13
           2 0.2454417603569E+03 0.2454417603569E+03 0.4608767610227E-13
           3 0.3293829191851E+03 0.3293829191851E+03 0.3537797556502E-13
           4 0.3081924971891E+03 0.3081924971891E+03 0.1392531668724E-12
           5 0.4597223799176E+03 0.4597223799176E+03 0.2720240017817E-13
 Comparison of RMS-norms of solution error
           1 0.2598120500183E+00 0.2598120500183E+00 0.1666539252407E-13
           2 0.2590888922315E-01 0.2590888922315E-01 0.1665834444332E-12
           3 0.5132886416320E-01 0.5132886416320E-01 0.4014995311231E-13
           4 0.4806073419454E-01 0.4806073419454E-01 0.2454419357993E-14
           5 0.5483377491301E+00 0.5483377491301E+00 0.7066225810805E-13
 Verification Successful


 SP Benchmark Completed.
 Class           =                        C
 Size            =            162x 162x 162
 Iterations      =                      400
 Time in seconds =                   359.44
 Total processes =                        8
 Active procs    =                        4
 Mop/s total     =                  4034.29
 Mop/s/process   =                   504.29
 Operation type  =           floating point
 Verification    =               SUCCESSFUL
 Version         =                      3.4
 Compile date    =              15 Jun 2020

 Compile options:
    MPIFC        = mpif90
    FLINK        = $(MPIFC)
    FMPI_LIB     = (none)
    FMPI_INC     = (none)
    FFLAGS       = -O3
    FLINKFLAGS   = $(FFLAGS) -O ../kernel_stats/kernel_stats.o...
    RAND         = (none)


 Please send feedbacks and/or the results of this run to:

 NPB Development Team 
 Internet: npb@nas.nasa.gov


