--------------------------------------------------------------------------
[[61168,1],0]: A high-performance Open MPI point-to-point messaging module
was unable to find any relevant network interfaces:

Module: OpenFabrics (openib)
  Host: node06

Another transport will be used instead, although this may result in
lower performance.

NOTE: You can disable this warning by setting the MCA parameter
btl_base_warn_component_unused to 0.
--------------------------------------------------------------------------


 NAS Parallel Benchmarks 3.4 -- SP Benchmark

 No input file inputsp.data. Using compiled defaults
 Size:  162x 162x 162  (class C)
 Iterations:  400    dt:   0.0006700
 Total number of processes:     4

[MO866] Init time,1,1592228849.822371
[MO866] Init time,2,1592228849.822355
[MO866] Init time,3,1592228849.822368
[MO866] Init time,0,1592228849.822355
 Time step    1
[MO866] Iteration,0,1,1592228850.715111,0.892717
[MO866] Iteration,2,1,1592228850.716025,0.893631
[MO866] Iteration,3,1,1592228850.721468,0.899039
[MO866] Iteration,1,1,1592228850.721732,0.899303
[MO866] Iteration,3,2,1592228851.662485,0.940940
[MO866] Iteration,1,2,1592228851.662931,0.941175
[MO866] Iteration,0,2,1592228851.669212,0.954010
[MO866] Iteration,2,2,1592228851.669314,0.953253
[MO866] Iteration,0,3,1592228852.574304,0.905051
[MO866] Iteration,2,3,1592228852.591936,0.922596
[MO866] Iteration,1,3,1592228852.595408,0.932436
[MO866] Iteration,3,3,1592228852.595529,0.932951
[MO866] Iteration,3,4,1592228853.482877,0.887315
[MO866] Iteration,0,4,1592228853.486393,0.912037
[MO866] Iteration,1,4,1592228853.496582,0.901127
[MO866] Iteration,2,4,1592228853.499865,0.907865
[MO866] Iteration,0,5,1592228854.428968,0.942518
[MO866] Iteration,2,5,1592228854.435180,0.935268
[MO866] Iteration,1,5,1592228854.435164,0.938531
[MO866] Iteration,3,5,1592228854.435778,0.952835
[MO866] Iteration,2,6,1592228855.338403,0.903174
[MO866] Iteration,0,6,1592228855.344762,0.915740
[MO866] Iteration,3,6,1592228855.345984,0.910175
[MO866] Iteration,1,6,1592228855.346092,0.910859
[MO866] Iteration,2,7,1592228856.230263,0.891806
[MO866] Iteration,0,7,1592228856.230222,0.885406
[MO866] Iteration,3,7,1592228856.236775,0.890749
[MO866] Iteration,1,7,1592228856.236864,0.890747
[MO866] Iteration,3,8,1592228857.147909,0.911071
[MO866] Iteration,1,8,1592228857.148017,0.911129
[MO866] Iteration,2,8,1592228857.154319,0.924027
[MO866] Iteration,0,8,1592228857.154987,0.924695
[MO866] Iteration,2,9,1592228858.036717,0.882353
[MO866] Iteration,3,9,1592228858.043884,0.895889
[MO866] Iteration,1,9,1592228858.044108,0.896055
[MO866] Iteration,0,9,1592228858.050035,0.895027
[MO866] Iteration,0,10,1592228858.936482,0.886414
[MO866] Iteration,2,10,1592228858.936866,0.900085
[MO866] Iteration,3,10,1592228858.943080,0.899141
[MO866] Iteration,1,10,1592228858.943320,0.899190
[MO866] Iteration,3,11,1592228859.835691,0.892559
[MO866] Iteration,1,11,1592228859.835916,0.892572
[MO866] Iteration,2,11,1592228859.839565,0.902677
[MO866] Iteration,0,11,1592228859.842436,0.905900
[MO866] Iteration,0,12,1592228860.752052,0.909584
[MO866] Iteration,2,12,1592228860.765555,0.925946
[MO866] Iteration,3,12,1592228860.768499,0.932745
[MO866] Iteration,1,12,1592228860.768925,0.932987
[MO866] Iteration,0,13,1592228861.669914,0.917809
[MO866] Iteration,2,13,1592228861.670647,0.905041
[MO866] Iteration,3,13,1592228861.676774,0.908224
[MO866] Iteration,1,13,1592228861.677231,0.908277
[MO866] Iteration,3,14,1592228862.575770,0.898947
[MO866] Iteration,1,14,1592228862.576197,0.898945
[MO866] Iteration,2,14,1592228862.581933,0.911264
[MO866] Iteration,0,14,1592228862.586407,0.916421
[MO866] Iteration,0,15,1592228863.481596,0.895150
[MO866] Iteration,2,15,1592228863.482037,0.900061
[MO866] Iteration,3,15,1592228863.488206,0.912375
[MO866] Iteration,1,15,1592228863.488465,0.912249
[MO866] Iteration,2,16,1592228864.369123,0.887063
[MO866] Iteration,3,16,1592228864.376780,0.888527
[MO866] Iteration,1,16,1592228864.377181,0.888694
[MO866] Iteration,0,16,1592228864.387565,0.905909
[MO866] Iteration,0,17,1592228865.292035,0.904433
[MO866] Iteration,2,17,1592228865.292646,0.923465
[MO866] Iteration,3,17,1592228865.298746,0.921907
[MO866] Iteration,1,17,1592228865.299105,0.921900
[MO866] Iteration,0,18,1592228866.185357,0.893269
[MO866] Iteration,3,18,1592228866.192438,0.893625
[MO866] Iteration,1,18,1592228866.192395,0.893257
[MO866] Iteration,2,18,1592228866.198436,0.905768
[MO866] Iteration,0,19,1592228867.085700,0.900292
 Time step   20
[MO866] Iteration,2,19,1592228867.086048,0.887574
[MO866] Iteration,3,19,1592228867.092317,0.899846
[MO866] Iteration,1,19,1592228867.092566,0.900118
[MO866] Iteration,0,20,1592228867.975305,0.889516
[MO866] Iteration,3,20,1592228867.982781,0.890417
[MO866] Iteration,1,20,1592228867.991006,0.898418
[MO866] Iteration,2,20,1592228867.994089,0.908017
[MO866] Iteration,0,21,1592228868.875273,0.899919
[MO866] Iteration,2,21,1592228868.875646,0.881509
[MO866] Iteration,3,21,1592228868.881968,0.899112
[MO866] Iteration,1,21,1592228868.882056,0.890991
[MO866] Iteration,0,22,1592228869.770025,0.894675
[MO866] Iteration,2,22,1592228869.770394,0.894727
[MO866] Iteration,3,22,1592228869.776681,0.894663
[MO866] Iteration,1,22,1592228869.776866,0.894784
[MO866] Iteration,1,23,1592228870.669006,0.892117
[MO866] Iteration,3,23,1592228870.671806,0.895066
[MO866] Iteration,2,23,1592228870.675446,0.905031
[MO866] Iteration,0,23,1592228870.679401,0.909316
[MO866] Iteration,0,24,1592228871.567699,0.888263
[MO866] Iteration,2,24,1592228871.568205,0.892691
[MO866] Iteration,3,24,1592228871.574397,0.902541
[MO866] Iteration,1,24,1592228871.574689,0.905611
[MO866] Iteration,0,25,1592228872.459657,0.891900
[MO866] Iteration,2,25,1592228872.459845,0.891606
[MO866] Iteration,3,25,1592228872.480790,0.906343
[MO866] Iteration,1,25,1592228872.481046,0.906332
[MO866] Iteration,0,26,1592228873.415553,0.955845
[MO866] Iteration,2,26,1592228873.415866,0.956002
[MO866] Iteration,3,26,1592228873.422273,0.941435
[MO866] Iteration,1,26,1592228873.422480,0.941409
[MO866] Iteration,0,27,1592228874.309971,0.894346
[MO866] Iteration,2,27,1592228874.310492,0.894599
[MO866] Iteration,3,27,1592228874.316713,0.894388
[MO866] Iteration,1,27,1592228874.317000,0.894498
[MO866] Iteration,0,28,1592228875.206194,0.896148
[MO866] Iteration,2,28,1592228875.206599,0.896085
[MO866] Iteration,3,28,1592228875.212830,0.896067
[MO866] Iteration,1,28,1592228875.213118,0.896094
[MO866] Iteration,3,29,1592228876.105153,0.892273
[MO866] Iteration,1,29,1592228876.105180,0.892040
[MO866] Iteration,2,29,1592228876.107951,0.901330
[MO866] Iteration,0,29,1592228876.112224,0.905970
[MO866] Iteration,0,30,1592228876.999233,0.886973
[MO866] Iteration,2,30,1592228876.999570,0.891566
[MO866] Iteration,3,30,1592228877.005749,0.900537
[MO866] Iteration,1,30,1592228877.005921,0.900709
[MO866] Iteration,0,31,1592228877.892827,0.893532
[MO866] Iteration,2,31,1592228877.893606,0.894015
[MO866] Iteration,3,31,1592228877.899418,0.893617
[MO866] Iteration,1,31,1592228877.899765,0.893822
[MO866] Iteration,0,32,1592228878.781395,0.888516
[MO866] Iteration,2,32,1592228878.781615,0.887987
[MO866] Iteration,3,32,1592228878.787821,0.888353
[MO866] Iteration,1,32,1592228878.787966,0.888180
[MO866] Iteration,0,33,1592228879.677512,0.896060
[MO866] Iteration,2,33,1592228879.677830,0.896180
[MO866] Iteration,3,33,1592228879.684349,0.896482
[MO866] Iteration,1,33,1592228879.684394,0.896408
[MO866] Iteration,0,34,1592228880.571914,0.894328
[MO866] Iteration,2,34,1592228880.572568,0.894715
[MO866] Iteration,3,34,1592228880.578651,0.894255
[MO866] Iteration,1,34,1592228880.578993,0.894577
[MO866] Iteration,0,35,1592228881.486783,0.914812
[MO866] Iteration,2,35,1592228881.487218,0.914630
[MO866] Iteration,3,35,1592228881.493430,0.914729
[MO866] Iteration,1,35,1592228881.493699,0.914684
[MO866] Iteration,2,36,1592228882.384437,0.897195
[MO866] Iteration,3,36,1592228882.385529,0.892024
[MO866] Iteration,1,36,1592228882.385774,0.892040
[MO866] Iteration,0,36,1592228882.392377,0.905532
[MO866] Iteration,0,37,1592228883.280951,0.888538
[MO866] Iteration,2,37,1592228883.281324,0.896829
[MO866] Iteration,3,37,1592228883.287622,0.902049
[MO866] Iteration,1,37,1592228883.287787,0.901987
[MO866] Iteration,0,38,1592228884.176826,0.895814
[MO866] Iteration,2,38,1592228884.177292,0.895946
[MO866] Iteration,3,38,1592228884.183336,0.895669
[MO866] Iteration,1,38,1592228884.183770,0.895962
[MO866] Iteration,0,39,1592228885.072834,0.895955
 Time step   40
[MO866] Iteration,2,39,1592228885.073539,0.896226
[MO866] Iteration,3,39,1592228885.079517,0.896129
[MO866] Iteration,1,39,1592228885.079992,0.896203
[MO866] Iteration,0,40,1592228885.974303,0.901401
[MO866] Iteration,2,40,1592228885.974982,0.901422
[MO866] Iteration,3,40,1592228885.981025,0.901466
[MO866] Iteration,1,40,1592228885.981374,0.901351
[MO866] Iteration,0,41,1592228886.869032,0.894648
[MO866] Iteration,2,41,1592228886.869285,0.894274
[MO866] Iteration,1,41,1592228886.875727,0.894331
[MO866] Iteration,3,41,1592228886.875678,0.894602
[MO866] Iteration,0,42,1592228887.765097,0.895992
[MO866] Iteration,2,42,1592228887.765326,0.896017
[MO866] Iteration,1,42,1592228887.771741,0.895984
[MO866] Iteration,3,42,1592228887.771663,0.895937
[MO866] Iteration,0,43,1592228888.661673,0.896519
[MO866] Iteration,2,43,1592228888.662059,0.896709
[MO866] Iteration,3,43,1592228888.668336,0.896626
[MO866] Iteration,1,43,1592228888.668528,0.896764
[MO866] Iteration,1,44,1592228889.560266,0.891717
[MO866] Iteration,3,44,1592228889.563181,0.894798
[MO866] Iteration,2,44,1592228889.566881,0.904798
[MO866] Iteration,0,44,1592228889.570913,0.909177
[MO866] Iteration,0,45,1592228890.458441,0.887493
[MO866] Iteration,2,45,1592228890.458995,0.892069
[MO866] Iteration,3,45,1592228890.465164,0.901923
[MO866] Iteration,1,45,1592228890.465501,0.905178
[MO866] Iteration,0,46,1592228891.355173,0.896656
[MO866] Iteration,2,46,1592228891.355472,0.896441
[MO866] Iteration,3,46,1592228891.361776,0.896562
[MO866] Iteration,1,46,1592228891.361964,0.896441
[MO866] Iteration,0,47,1592228892.251079,0.895844
[MO866] Iteration,2,47,1592228892.251573,0.896068
[MO866] Iteration,3,47,1592228892.257640,0.895811
[MO866] Iteration,1,47,1592228892.257961,0.895974
[MO866] Iteration,0,48,1592228893.146941,0.895798
[MO866] Iteration,2,48,1592228893.147420,0.895825
[MO866] Iteration,3,48,1592228893.153562,0.895859
[MO866] Iteration,1,48,1592228893.153875,0.895889
[MO866] Iteration,2,49,1592228894.025042,0.877598
[MO866] Iteration,1,49,1592228894.031753,0.877856
[MO866] Iteration,3,49,1592228894.055058,0.901445
[MO866] Iteration,0,49,1592228894.062948,0.915945
[MO866] Iteration,2,50,1592228894.948747,0.923650
[MO866] Iteration,0,50,1592228894.950599,0.887606
[MO866] Iteration,3,50,1592228894.955202,0.900088
[MO866] Iteration,1,50,1592228894.955581,0.923778
[MO866] Iteration,0,51,1592228895.840205,0.889572
[MO866] Iteration,2,51,1592228895.840542,0.891742
[MO866] Iteration,3,51,1592228895.846811,0.891562
[MO866] Iteration,1,51,1592228895.846961,0.891360
[MO866] Iteration,0,52,1592228896.776729,0.936471
[MO866] Iteration,2,52,1592228896.776635,0.936070
[MO866] Iteration,1,52,1592228896.786591,0.939608
[MO866] Iteration,3,52,1592228896.786587,0.939711
[MO866] Iteration,0,53,1592228897.686291,0.909540
[MO866] Iteration,2,53,1592228897.686628,0.909942
[MO866] Iteration,3,53,1592228897.692886,0.906243
[MO866] Iteration,1,53,1592228897.693130,0.906487
[MO866] Iteration,0,54,1592228898.579114,0.892745
[MO866] Iteration,1,54,1592228898.586218,0.893063
[MO866] Iteration,3,54,1592228898.586210,0.893261
[MO866] Iteration,2,54,1592228898.592292,0.905640
[MO866] Iteration,2,55,1592228899.476954,0.884624
[MO866] Iteration,0,55,1592228899.483086,0.903920
[MO866] Iteration,3,55,1592228899.484372,0.898111
[MO866] Iteration,1,55,1592228899.484719,0.898458
[MO866] Iteration,0,56,1592228900.375451,0.892305
[MO866] Iteration,2,56,1592228900.375803,0.898795
[MO866] Iteration,3,56,1592228900.382241,0.897832
[MO866] Iteration,1,56,1592228900.382439,0.897698
[MO866] Iteration,0,57,1592228901.278408,0.902872
[MO866] Iteration,2,57,1592228901.278754,0.902930
[MO866] Iteration,3,57,1592228901.285033,0.902740
[MO866] Iteration,1,57,1592228901.285256,0.902796
[MO866] Iteration,0,58,1592228902.174012,0.895544
[MO866] Iteration,2,58,1592228902.174337,0.895556
[MO866] Iteration,3,58,1592228902.180662,0.895578
[MO866] Iteration,1,58,1592228902.180748,0.895469
[MO866] Iteration,0,59,1592228903.069702,0.895630
 Time step   60
[MO866] Iteration,2,59,1592228903.069959,0.895597
[MO866] Iteration,3,59,1592228903.076366,0.895656
[MO866] Iteration,1,59,1592228903.076446,0.895675
[MO866] Iteration,0,60,1592228903.975447,0.905686
[MO866] Iteration,2,60,1592228903.975582,0.905600
[MO866] Iteration,1,60,1592228903.982236,0.905766
[MO866] Iteration,3,60,1592228903.982220,0.905809
[MO866] Iteration,0,61,1592228904.866650,0.891120
[MO866] Iteration,2,61,1592228904.867130,0.891513
[MO866] Iteration,3,61,1592228904.873297,0.891028
[MO866] Iteration,1,61,1592228904.873638,0.891368
[MO866] Iteration,0,62,1592228905.762116,0.895393
[MO866] Iteration,2,62,1592228905.762545,0.895393
[MO866] Iteration,3,62,1592228905.768890,0.895545
[MO866] Iteration,1,62,1592228905.769079,0.895419
[MO866] Iteration,0,63,1592228906.658490,0.896312
[MO866] Iteration,2,63,1592228906.658799,0.896233
[MO866] Iteration,3,63,1592228906.665189,0.896249
[MO866] Iteration,1,63,1592228906.665440,0.896339
[MO866] Iteration,0,64,1592228907.554812,0.896258
[MO866] Iteration,2,64,1592228907.555120,0.896295
[MO866] Iteration,3,64,1592228907.561485,0.896247
[MO866] Iteration,1,64,1592228907.561700,0.896236
[MO866] Iteration,0,65,1592228908.450309,0.895423
[MO866] Iteration,2,65,1592228908.450480,0.895335
[MO866] Iteration,1,65,1592228908.456989,0.895266
[MO866] Iteration,3,65,1592228908.456954,0.895419
[MO866] Iteration,0,66,1592228909.344079,0.893705
[MO866] Iteration,3,66,1592228909.351471,0.894468
[MO866] Iteration,1,66,1592228909.351470,0.894449
[MO866] Iteration,2,66,1592228909.357298,0.906796
[MO866] Iteration,2,67,1592228910.249296,0.891962
[MO866] Iteration,0,67,1592228910.255213,0.911088
[MO866] Iteration,3,67,1592228910.256503,0.904959
[MO866] Iteration,1,67,1592228910.257030,0.905486
[MO866] Iteration,2,68,1592228911.146146,0.896791
[MO866] Iteration,0,68,1592228911.146109,0.890834
[MO866] Iteration,3,68,1592228911.152658,0.896116
[MO866] Iteration,1,68,1592228911.152659,0.895606
[MO866] Iteration,0,69,1592228912.042472,0.896306
[MO866] Iteration,2,69,1592228912.042695,0.896529
[MO866] Iteration,3,69,1592228912.049176,0.896479
[MO866] Iteration,1,69,1592228912.049353,0.896656
[MO866] Iteration,2,70,1592228912.952008,0.909290
[MO866] Iteration,0,70,1592228912.952005,0.909456
[MO866] Iteration,3,70,1592228912.973537,0.924307
[MO866] Iteration,1,70,1592228912.973474,0.924097
[MO866] Iteration,0,71,1592228913.871702,0.919657
[MO866] Iteration,2,71,1592228913.871821,0.919776
[MO866] Iteration,1,71,1592228913.878512,0.904985
[MO866] Iteration,3,71,1592228913.878466,0.904898
[MO866] Iteration,0,72,1592228914.767129,0.895371
[MO866] Iteration,2,72,1592228914.767326,0.895482
[MO866] Iteration,1,72,1592228914.773800,0.895265
[MO866] Iteration,3,72,1592228914.773802,0.895283
[MO866] Iteration,0,73,1592228915.661316,0.894110
[MO866] Iteration,2,73,1592228915.661584,0.894234
[MO866] Iteration,3,73,1592228915.668121,0.894278
[MO866] Iteration,1,73,1592228915.668210,0.894367
[MO866] Iteration,0,74,1592228916.553666,0.892293
[MO866] Iteration,2,74,1592228916.554286,0.892663
[MO866] Iteration,3,74,1592228916.560374,0.892205
[MO866] Iteration,1,74,1592228916.560739,0.892509
[MO866] Iteration,0,75,1592228917.448368,0.894625
[MO866] Iteration,2,75,1592228917.448891,0.894583
[MO866] Iteration,3,75,1592228917.454980,0.894560
[MO866] Iteration,1,75,1592228917.455327,0.894568
[MO866] Iteration,0,76,1592228918.344537,0.896114
[MO866] Iteration,2,76,1592228918.344915,0.895990
[MO866] Iteration,3,76,1592228918.351326,0.896297
[MO866] Iteration,1,76,1592228918.351507,0.896158
[MO866] Iteration,0,77,1592228919.240208,0.895605
[MO866] Iteration,2,77,1592228919.240621,0.895684
[MO866] Iteration,3,77,1592228919.246916,0.895540
[MO866] Iteration,1,77,1592228919.247084,0.895543
[MO866] Iteration,0,78,1592228920.136238,0.895977
[MO866] Iteration,2,78,1592228920.136645,0.896003
[MO866] Iteration,3,78,1592228920.142844,0.895877
[MO866] Iteration,1,78,1592228920.142993,0.895886
[MO866] Iteration,0,79,1592228921.032122,0.895832
 Time step   80
[MO866] Iteration,2,79,1592228921.032487,0.895821
[MO866] Iteration,3,79,1592228921.038743,0.895848
[MO866] Iteration,1,79,1592228921.039018,0.896002
[MO866] Iteration,2,80,1592228921.928862,0.896352
[MO866] Iteration,0,80,1592228921.928942,0.896767
[MO866] Iteration,1,80,1592228921.935393,0.896352
[MO866] Iteration,3,80,1592228921.935525,0.896732
[MO866] Iteration,2,81,1592228922.820590,0.891659
[MO866] Iteration,3,81,1592228922.827759,0.892214
[MO866] Iteration,1,81,1592228922.827770,0.892326
[MO866] Iteration,0,81,1592228922.834383,0.905414
[MO866] Iteration,0,82,1592228923.722774,0.888356
[MO866] Iteration,2,82,1592228923.723130,0.902483
[MO866] Iteration,3,82,1592228923.729424,0.901620
[MO866] Iteration,1,82,1592228923.729597,0.901793
[MO866] Iteration,0,83,1592228924.619088,0.896253
[MO866] Iteration,2,83,1592228924.619590,0.896437
[MO866] Iteration,3,83,1592228924.625805,0.896330
[MO866] Iteration,1,83,1592228924.626007,0.896388
[MO866] Iteration,0,84,1592228925.515199,0.896053
[MO866] Iteration,2,84,1592228925.515581,0.895970
[MO866] Iteration,3,84,1592228925.521836,0.895981
[MO866] Iteration,1,84,1592228925.522005,0.895976
[MO866] Iteration,0,85,1592228926.410744,0.895482
[MO866] Iteration,2,85,1592228926.411229,0.895628
[MO866] Iteration,3,85,1592228926.417394,0.895506
[MO866] Iteration,1,85,1592228926.417749,0.895722
[MO866] Iteration,0,86,1592228927.307268,0.896459
[MO866] Iteration,2,86,1592228927.307514,0.896262
[MO866] Iteration,3,86,1592228927.313804,0.896359
[MO866] Iteration,1,86,1592228927.313890,0.896119
[MO866] Iteration,0,87,1592228928.203901,0.896569
[MO866] Iteration,2,87,1592228928.204078,0.896544
[MO866] Iteration,3,87,1592228928.210410,0.896544
[MO866] Iteration,1,87,1592228928.210619,0.896705
[MO866] Iteration,0,88,1592228929.099776,0.895820
[MO866] Iteration,2,88,1592228929.100112,0.896012
[MO866] Iteration,3,88,1592228929.106371,0.895910
[MO866] Iteration,1,88,1592228929.106636,0.895995
[MO866] Iteration,0,89,1592228929.990253,0.890420
[MO866] Iteration,2,89,1592228929.990454,0.890320
[MO866] Iteration,3,89,1592228929.996763,0.890329
[MO866] Iteration,1,89,1592228929.996855,0.890197
[MO866] Iteration,2,90,1592228930.882889,0.892399
[MO866] Iteration,0,90,1592228930.882909,0.892593
[MO866] Iteration,1,90,1592228930.889354,0.892477
[MO866] Iteration,3,90,1592228930.889451,0.892640
[MO866] Iteration,0,91,1592228931.777344,0.894402
[MO866] Iteration,2,91,1592228931.777708,0.894754
[MO866] Iteration,3,91,1592228931.784003,0.894528
[MO866] Iteration,1,91,1592228931.784266,0.894861
[MO866] Iteration,0,92,1592228932.672767,0.895364
[MO866] Iteration,2,92,1592228932.673365,0.895635
[MO866] Iteration,3,92,1592228932.679377,0.895327
[MO866] Iteration,1,92,1592228932.679770,0.895482
[MO866] Iteration,0,93,1592228933.570257,0.897421
[MO866] Iteration,2,93,1592228933.570895,0.897507
[MO866] Iteration,3,93,1592228933.577237,0.897811
[MO866] Iteration,1,93,1592228933.577488,0.897699
[MO866] Iteration,0,94,1592228934.471989,0.901673
[MO866] Iteration,2,94,1592228934.472403,0.901484
[MO866] Iteration,3,94,1592228934.478501,0.901216
[MO866] Iteration,1,94,1592228934.478806,0.901296
[MO866] Iteration,0,95,1592228935.367681,0.895641
[MO866] Iteration,2,95,1592228935.368511,0.896087
[MO866] Iteration,3,95,1592228935.374409,0.895858
[MO866] Iteration,1,95,1592228935.374842,0.896012
[MO866] Iteration,0,96,1592228936.263366,0.895625
[MO866] Iteration,2,96,1592228936.263366,0.894833
[MO866] Iteration,1,96,1592228936.269803,0.894939
[MO866] Iteration,3,96,1592228936.269843,0.895385
[MO866] Iteration,0,97,1592228937.167350,0.903940
[MO866] Iteration,2,97,1592228937.167605,0.904195
[MO866] Iteration,3,97,1592228937.174116,0.904241
[MO866] Iteration,1,97,1592228937.174223,0.904370
[MO866] Iteration,3,98,1592228938.075048,0.900882
[MO866] Iteration,1,98,1592228938.074984,0.900740
[MO866] Iteration,2,98,1592228938.080995,0.913370
[MO866] Iteration,0,98,1592228938.082713,0.915288
[MO866] Iteration,0,99,1592228938.979594,0.896855
 Time step  100
[MO866] Iteration,2,99,1592228938.979920,0.898884
[MO866] Iteration,3,99,1592228938.986363,0.911291
[MO866] Iteration,1,99,1592228938.986576,0.911526
[MO866] Iteration,0,100,1592228939.876140,0.896489
[MO866] Iteration,2,100,1592228939.876488,0.896546
[MO866] Iteration,3,100,1592228939.882640,0.896227
[MO866] Iteration,1,100,1592228939.882874,0.896276
[MO866] Iteration,0,101,1592228940.771266,0.895070
[MO866] Iteration,2,101,1592228940.771748,0.895240
[MO866] Iteration,3,101,1592228940.777829,0.895137
[MO866] Iteration,1,101,1592228940.778172,0.895275
[MO866] Iteration,0,102,1592228941.666908,0.895583
[MO866] Iteration,2,102,1592228941.667353,0.895584
[MO866] Iteration,3,102,1592228941.673596,0.895715
[MO866] Iteration,1,102,1592228941.673804,0.895610
[MO866] Iteration,0,103,1592228942.563231,0.896259
[MO866] Iteration,2,103,1592228942.563889,0.896512
[MO866] Iteration,3,103,1592228942.570214,0.896568
[MO866] Iteration,1,103,1592228942.570524,0.896698
[MO866] Iteration,2,104,1592228943.512321,0.948412
[MO866] Iteration,0,104,1592228943.512255,0.948969
[MO866] Iteration,3,104,1592228943.518870,0.948602
[MO866] Iteration,1,104,1592228943.518896,0.948350
[MO866] Iteration,0,105,1592228944.415139,0.902832
[MO866] Iteration,2,105,1592228944.415625,0.903284
[MO866] Iteration,3,105,1592228944.421818,0.902885
[MO866] Iteration,1,105,1592228944.422084,0.903151
[MO866] Iteration,0,106,1592228945.311095,0.895893
[MO866] Iteration,2,106,1592228945.311831,0.896185
[MO866] Iteration,3,106,1592228945.317804,0.895934
[MO866] Iteration,1,106,1592228945.318238,0.896129
[MO866] Iteration,2,107,1592228946.207575,0.895723
[MO866] Iteration,0,107,1592228946.207445,0.896273
[MO866] Iteration,1,107,1592228946.214077,0.895817
[MO866] Iteration,3,107,1592228946.214040,0.896185
[MO866] Iteration,0,108,1592228947.096574,0.889036
[MO866] Iteration,2,108,1592228947.097026,0.889423
[MO866] Iteration,3,108,1592228947.103120,0.889029
[MO866] Iteration,1,108,1592228947.103506,0.889397
[MO866] Iteration,0,109,1592228947.987615,0.890988
[MO866] Iteration,2,109,1592228947.987908,0.890849
[MO866] Iteration,3,109,1592228947.994189,0.891019
[MO866] Iteration,1,109,1592228947.994325,0.890800
[MO866] Iteration,0,110,1592228948.881448,0.893770
[MO866] Iteration,2,110,1592228948.882174,0.894245
[MO866] Iteration,3,110,1592228948.888012,0.893771
[MO866] Iteration,1,110,1592228948.888417,0.894069
[MO866] Iteration,2,111,1592228949.775304,0.893109
[MO866] Iteration,0,111,1592228949.775180,0.893669
[MO866] Iteration,3,111,1592228949.781656,0.893599
[MO866] Iteration,1,111,1592228949.781755,0.893317
[MO866] Iteration,0,112,1592228950.667991,0.892746
[MO866] Iteration,2,112,1592228950.668786,0.893458
[MO866] Iteration,3,112,1592228950.674591,0.892884
[MO866] Iteration,1,112,1592228950.675107,0.893328
[MO866] Iteration,0,113,1592228951.562344,0.894301
[MO866] Iteration,2,113,1592228951.562557,0.893750
[MO866] Iteration,3,113,1592228951.569106,0.894465
[MO866] Iteration,1,113,1592228951.569172,0.894043
[MO866] Iteration,0,114,1592228952.457919,0.895511
[MO866] Iteration,2,114,1592228952.458449,0.895870
[MO866] Iteration,3,114,1592228952.464588,0.895432
[MO866] Iteration,1,114,1592228952.464889,0.895695
[MO866] Iteration,0,115,1592228953.354274,0.896294
[MO866] Iteration,2,115,1592228953.354583,0.896111
[MO866] Iteration,3,115,1592228953.360846,0.896211
[MO866] Iteration,1,115,1592228953.361138,0.896225
[MO866] Iteration,0,116,1592228954.250164,0.895829
[MO866] Iteration,2,116,1592228954.250791,0.896184
[MO866] Iteration,3,116,1592228954.256878,0.895983
[MO866] Iteration,1,116,1592228954.257259,0.896097
[MO866] Iteration,0,117,1592228955.148598,0.898371
[MO866] Iteration,2,117,1592228955.149023,0.898208
[MO866] Iteration,3,117,1592228955.155246,0.898318
[MO866] Iteration,1,117,1592228955.155459,0.898179
[MO866] Iteration,0,118,1592228956.045112,0.896459
[MO866] Iteration,2,118,1592228956.045577,0.896532
[MO866] Iteration,3,118,1592228956.051696,0.896400
[MO866] Iteration,1,118,1592228956.051954,0.896453
[MO866] Iteration,2,119,1592228956.936522,0.890922
[MO866] Iteration,3,119,1592228956.943450,0.891708
[MO866] Iteration,1,119,1592228956.943667,0.891692
[MO866] Iteration,0,119,1592228956.950133,0.904966
 Time step  120
[MO866] Iteration,0,120,1592228957.839218,0.889049
[MO866] Iteration,2,120,1592228957.839684,0.903103
[MO866] Iteration,3,120,1592228957.845910,0.902378
[MO866] Iteration,1,120,1592228957.846172,0.902473
[MO866] Iteration,0,121,1592228958.734925,0.895629
[MO866] Iteration,2,121,1592228958.735383,0.895679
[MO866] Iteration,3,121,1592228958.741562,0.895589
[MO866] Iteration,1,121,1592228958.741849,0.895653
[MO866] Iteration,0,122,1592228959.630245,0.895259
[MO866] Iteration,2,122,1592228959.630822,0.895416
[MO866] Iteration,3,122,1592228959.637035,0.895411
[MO866] Iteration,1,122,1592228959.637409,0.895538
[MO866] Iteration,0,123,1592228960.526277,0.895956
[MO866] Iteration,2,123,1592228960.526829,0.895982
[MO866] Iteration,3,123,1592228960.533009,0.895924
[MO866] Iteration,1,123,1592228960.533375,0.895944
[MO866] Iteration,0,124,1592228961.422932,0.896595
[MO866] Iteration,2,124,1592228961.423261,0.896408
[MO866] Iteration,3,124,1592228961.429498,0.896441
[MO866] Iteration,1,124,1592228961.429813,0.896416
[MO866] Iteration,0,125,1592228962.318068,0.895060
[MO866] Iteration,2,125,1592228962.318478,0.895192
[MO866] Iteration,3,125,1592228962.324744,0.895195
[MO866] Iteration,1,125,1592228962.325049,0.895215
[MO866] Iteration,0,126,1592228963.214357,0.896227
[MO866] Iteration,2,126,1592228963.214690,0.896190
[MO866] Iteration,3,126,1592228963.221016,0.896211
[MO866] Iteration,1,126,1592228963.221318,0.896247
[MO866] Iteration,0,127,1592228964.110355,0.895920
[MO866] Iteration,2,127,1592228964.110876,0.896162
[MO866] Iteration,3,127,1592228964.117193,0.896128
[MO866] Iteration,1,127,1592228964.117477,0.896136
[MO866] Iteration,0,128,1592228965.006371,0.895941
[MO866] Iteration,2,128,1592228965.006818,0.895917
[MO866] Iteration,3,128,1592228965.013057,0.895814
[MO866] Iteration,1,128,1592228965.013264,0.895763
[MO866] Iteration,2,129,1592228965.902892,0.896052
[MO866] Iteration,0,129,1592228965.902760,0.896316
[MO866] Iteration,1,129,1592228965.909439,0.896152
[MO866] Iteration,3,129,1592228965.909365,0.896259
[MO866] Iteration,0,130,1592228966.799086,0.896247
[MO866] Iteration,2,130,1592228966.799443,0.896527
[MO866] Iteration,3,130,1592228966.805789,0.896371
[MO866] Iteration,1,130,1592228966.805924,0.896461
[MO866] Iteration,0,131,1592228967.697407,0.898243
[MO866] Iteration,2,131,1592228967.697771,0.898304
[MO866] Iteration,3,131,1592228967.704025,0.898174
[MO866] Iteration,1,131,1592228967.704241,0.898293
[MO866] Iteration,0,132,1592228968.588652,0.891187
[MO866] Iteration,2,132,1592228968.588779,0.890975
[MO866] Iteration,1,132,1592228968.595221,0.890959
[MO866] Iteration,3,132,1592228968.595222,0.891149
[MO866] Iteration,0,133,1592228969.484851,0.896134
[MO866] Iteration,2,133,1592228969.485323,0.896521
[MO866] Iteration,3,133,1592228969.491553,0.896290
[MO866] Iteration,1,133,1592228969.491895,0.896632
[MO866] Iteration,0,134,1592228970.381233,0.896331
[MO866] Iteration,2,134,1592228970.381330,0.895985
[MO866] Iteration,1,134,1592228970.387809,0.895894
[MO866] Iteration,3,134,1592228970.387761,0.896162
[MO866] Iteration,0,135,1592228971.275559,0.894256
[MO866] Iteration,2,135,1592228971.275803,0.894447
[MO866] Iteration,3,135,1592228971.282286,0.894479
[MO866] Iteration,1,135,1592228971.282393,0.894553
[MO866] Iteration,0,136,1592228972.171543,0.895927
[MO866] Iteration,2,136,1592228972.172040,0.896215
[MO866] Iteration,3,136,1592228972.178172,0.895834
[MO866] Iteration,1,136,1592228972.178461,0.896044
[MO866] Iteration,2,137,1592228973.073886,0.901826
[MO866] Iteration,0,137,1592228973.074491,0.902896
[MO866] Iteration,1,137,1592228973.095107,0.916622
[MO866] Iteration,3,137,1592228973.095582,0.917359
[MO866] Iteration,0,138,1592228973.985783,0.911271
[MO866] Iteration,2,138,1592228973.986315,0.912352
[MO866] Iteration,3,138,1592228973.992473,0.896862
[MO866] Iteration,1,138,1592228973.992788,0.897629
[MO866] Iteration,0,139,1592228974.881446,0.895605
 Time step  140
[MO866] Iteration,2,139,1592228974.881444,0.895093
[MO866] Iteration,3,139,1592228974.887943,0.895408
[MO866] Iteration,1,139,1592228974.887943,0.895132
[MO866] Iteration,0,140,1592228975.777700,0.896214
[MO866] Iteration,2,140,1592228975.778065,0.896580
[MO866] Iteration,3,140,1592228975.784335,0.896353
[MO866] Iteration,1,140,1592228975.784527,0.896545
[MO866] Iteration,0,141,1592228976.673677,0.895918
[MO866] Iteration,2,141,1592228976.674150,0.896063
[MO866] Iteration,3,141,1592228976.680382,0.895997
[MO866] Iteration,1,141,1592228976.680673,0.896124
[MO866] Iteration,0,142,1592228977.569070,0.895319
[MO866] Iteration,2,142,1592228977.569765,0.895593
[MO866] Iteration,3,142,1592228977.575807,0.895379
[MO866] Iteration,1,142,1592228977.576235,0.895538
[MO866] Iteration,0,143,1592228978.452020,0.882882
[MO866] Iteration,3,143,1592228978.457315,0.881464
[MO866] Iteration,1,143,1592228978.458216,0.881960
[MO866] Iteration,2,143,1592228978.465848,0.896061
[MO866] Iteration,2,144,1592228979.349861,0.883976
[MO866] Iteration,3,144,1592228979.356736,0.899362
[MO866] Iteration,1,144,1592228979.357011,0.898770
[MO866] Iteration,0,144,1592228979.363368,0.911298
[MO866] Iteration,0,145,1592228980.251686,0.888281
[MO866] Iteration,2,145,1592228980.251882,0.901971
[MO866] Iteration,3,145,1592228980.258306,0.901514
[MO866] Iteration,1,145,1592228980.258442,0.901407
[MO866] Iteration,0,146,1592228981.147520,0.895777
[MO866] Iteration,2,146,1592228981.148209,0.896306
[MO866] Iteration,3,146,1592228981.154247,0.895889
[MO866] Iteration,1,146,1592228981.154607,0.896142
[MO866] Iteration,0,147,1592228982.047117,0.899545
[MO866] Iteration,2,147,1592228982.047418,0.899190
[MO866] Iteration,3,147,1592228982.053951,0.899653
[MO866] Iteration,1,147,1592228982.054060,0.899430
[MO866] Iteration,0,148,1592228982.949640,0.902461
[MO866] Iteration,2,148,1592228982.949968,0.902526
[MO866] Iteration,3,148,1592228982.956230,0.902226
[MO866] Iteration,1,148,1592228982.956487,0.902405
[MO866] Iteration,0,149,1592228983.845196,0.895484
[MO866] Iteration,2,149,1592228983.845798,0.895806
[MO866] Iteration,3,149,1592228983.851756,0.895480
[MO866] Iteration,1,149,1592228983.852201,0.895692
[MO866] Iteration,0,150,1592228984.740986,0.895732
[MO866] Iteration,2,150,1592228984.740965,0.895145
[MO866] Iteration,1,150,1592228984.747737,0.895516
[MO866] Iteration,3,150,1592228984.747697,0.895896
[MO866] Iteration,0,151,1592228985.645128,0.904116
[MO866] Iteration,2,151,1592228985.645383,0.904371
[MO866] Iteration,3,151,1592228985.651892,0.904150
[MO866] Iteration,1,151,1592228985.652132,0.904375
[MO866] Iteration,0,152,1592228986.540976,0.895789
[MO866] Iteration,2,152,1592228986.541680,0.896274
[MO866] Iteration,3,152,1592228986.547839,0.895904
[MO866] Iteration,1,152,1592228986.548182,0.896031
[MO866] Iteration,0,153,1592228987.437202,0.896169
[MO866] Iteration,2,153,1592228987.437535,0.895833
[MO866] Iteration,3,153,1592228987.443786,0.895903
[MO866] Iteration,1,153,1592228987.443941,0.895740
[MO866] Iteration,0,154,1592228988.333727,0.896455
[MO866] Iteration,2,154,1592228988.333890,0.896331
[MO866] Iteration,3,154,1592228988.340289,0.896458
[MO866] Iteration,1,154,1592228988.340421,0.896460
[MO866] Iteration,0,155,1592228989.229646,0.895857
[MO866] Iteration,2,155,1592228989.230020,0.896106
[MO866] Iteration,3,155,1592228989.236338,0.896003
[MO866] Iteration,1,155,1592228989.236513,0.896072
[MO866] Iteration,0,156,1592228990.124966,0.895258
[MO866] Iteration,2,156,1592228990.125239,0.895196
[MO866] Iteration,3,156,1592228990.131498,0.895116
[MO866] Iteration,1,156,1592228990.131741,0.895207
[MO866] Iteration,0,157,1592228991.022725,0.897706
[MO866] Iteration,2,157,1592228991.023096,0.897833
[MO866] Iteration,3,157,1592228991.029649,0.898086
[MO866] Iteration,1,157,1592228991.029698,0.897937
[MO866] Iteration,0,158,1592228991.915372,0.892584
[MO866] Iteration,3,158,1592228991.923871,0.894170
[MO866] Iteration,1,158,1592228991.924355,0.894637
[MO866] Iteration,2,158,1592228991.928172,0.905054
[MO866] Iteration,0,159,1592228992.809421,0.893975
 Time step  160
[MO866] Iteration,2,159,1592228992.809700,0.881490
[MO866] Iteration,3,159,1592228992.816033,0.892105
[MO866] Iteration,1,159,1592228992.816231,0.891854
[MO866] Iteration,2,160,1592228993.704430,0.894704
[MO866] Iteration,0,160,1592228993.704425,0.894927
[MO866] Iteration,1,160,1592228993.711177,0.894925
[MO866] Iteration,3,160,1592228993.711142,0.895062
[MO866] Iteration,0,161,1592228994.600415,0.895951
[MO866] Iteration,2,161,1592228994.600855,0.896391
[MO866] Iteration,3,161,1592228994.607013,0.895818
[MO866] Iteration,1,161,1592228994.607316,0.896106
[MO866] Iteration,0,162,1592228995.496527,0.896057
[MO866] Iteration,2,162,1592228995.496766,0.895891
[MO866] Iteration,3,162,1592228995.503127,0.896064
[MO866] Iteration,1,162,1592228995.503220,0.895881
[MO866] Iteration,0,163,1592228996.391876,0.895294
[MO866] Iteration,2,163,1592228996.392208,0.895420
[MO866] Iteration,3,163,1592228996.398448,0.895270
[MO866] Iteration,1,163,1592228996.398738,0.895495
[MO866] Iteration,0,164,1592228997.292530,0.900598
[MO866] Iteration,2,164,1592228997.292910,0.900681
[MO866] Iteration,3,164,1592228997.299368,0.900870
[MO866] Iteration,1,164,1592228997.299561,0.900800
[MO866] Iteration,2,165,1592228998.197116,0.904186
[MO866] Iteration,0,165,1592228998.197123,0.904539
[MO866] Iteration,1,165,1592228998.203817,0.904236
[MO866] Iteration,3,165,1592228998.203855,0.904438
[MO866] Iteration,0,166,1592228999.092790,0.895631
[MO866] Iteration,2,166,1592228999.093620,0.896461
[MO866] Iteration,3,166,1592228999.099538,0.895642
[MO866] Iteration,1,166,1592228999.099997,0.896114
[MO866] Iteration,0,167,1592228999.990847,0.898002
[MO866] Iteration,2,167,1592228999.991107,0.897464
[MO866] Iteration,3,167,1592228999.997710,0.898129
[MO866] Iteration,1,167,1592228999.997794,0.897776
[MO866] Iteration,0,168,1592229000.893662,0.902742
[MO866] Iteration,2,168,1592229000.893770,0.902639
[MO866] Iteration,1,168,1592229000.900354,0.902540
[MO866] Iteration,3,168,1592229000.900294,0.902533
[MO866] Iteration,0,169,1592229001.789192,0.895457
[MO866] Iteration,2,169,1592229001.789501,0.895707
[MO866] Iteration,3,169,1592229001.795824,0.895484
[MO866] Iteration,1,169,1592229001.796065,0.895692
[MO866] Iteration,0,170,1592229002.684953,0.895701
[MO866] Iteration,2,170,1592229002.685313,0.895788
[MO866] Iteration,3,170,1592229002.691624,0.895743
[MO866] Iteration,1,170,1592229002.691841,0.895756
[MO866] Iteration,0,171,1592229003.625101,0.940080
[MO866] Iteration,2,171,1592229003.625438,0.940102
[MO866] Iteration,3,171,1592229003.631731,0.940059
[MO866] Iteration,1,171,1592229003.631979,0.940109
[MO866] Iteration,0,172,1592229004.528734,0.903559
[MO866] Iteration,2,172,1592229004.529062,0.903600
[MO866] Iteration,3,172,1592229004.535351,0.903557
[MO866] Iteration,1,172,1592229004.535537,0.903530
[MO866] Iteration,0,173,1592229005.421546,0.892753
[MO866] Iteration,3,173,1592229005.428662,0.893257
[MO866] Iteration,1,173,1592229005.428886,0.893329
[MO866] Iteration,2,173,1592229005.435770,0.906684
[MO866] Iteration,2,174,1592229006.321932,0.886124
[MO866] Iteration,3,174,1592229006.328697,0.899979
[MO866] Iteration,1,174,1592229006.329044,0.900135
[MO866] Iteration,0,174,1592229006.334543,0.912951
[MO866] Iteration,0,175,1592229007.222640,0.888061
[MO866] Iteration,2,175,1592229007.223047,0.901050
[MO866] Iteration,3,175,1592229007.229446,0.900681
[MO866] Iteration,1,175,1592229007.229638,0.900570
[MO866] Iteration,0,176,1592229008.118683,0.895979
[MO866] Iteration,2,176,1592229008.118813,0.895744
[MO866] Iteration,1,176,1592229008.125382,0.895721
[MO866] Iteration,3,176,1592229008.125342,0.895847
[MO866] Iteration,0,177,1592229009.015147,0.896386
[MO866] Iteration,2,177,1592229009.015572,0.896736
[MO866] Iteration,3,177,1592229009.021751,0.896359
[MO866] Iteration,1,177,1592229009.021947,0.896532
[MO866] Iteration,0,178,1592229009.910742,0.895534
[MO866] Iteration,2,178,1592229009.911313,0.895716
[MO866] Iteration,3,178,1592229009.917410,0.895610
[MO866] Iteration,1,178,1592229009.917708,0.895738
[MO866] Iteration,0,179,1592229010.806305,0.895500
 Time step  180
[MO866] Iteration,2,179,1592229010.806505,0.895156
[MO866] Iteration,3,179,1592229010.812936,0.895475
[MO866] Iteration,1,179,1592229010.813071,0.895339
[MO866] Iteration,0,180,1592229011.702077,0.895709
[MO866] Iteration,2,180,1592229011.702295,0.895768
[MO866] Iteration,3,180,1592229011.708619,0.895633
[MO866] Iteration,1,180,1592229011.708825,0.895731
[MO866] Iteration,0,181,1592229012.605223,0.903082
[MO866] Iteration,2,181,1592229012.605441,0.903123
[MO866] Iteration,1,181,1592229012.612113,0.903265
[MO866] Iteration,3,181,1592229012.612024,0.903357
[MO866] Iteration,0,182,1592229013.501591,0.896299
[MO866] Iteration,2,182,1592229013.502243,0.896780
[MO866] Iteration,3,182,1592229013.508349,0.896279
[MO866] Iteration,1,182,1592229013.508722,0.896590
[MO866] Iteration,0,183,1592229014.396403,0.894741
[MO866] Iteration,2,183,1592229014.396640,0.894375
[MO866] Iteration,1,183,1592229014.403093,0.894351
[MO866] Iteration,3,183,1592229014.403009,0.894616
[MO866] Iteration,0,184,1592229015.290297,0.893844
[MO866] Iteration,2,184,1592229015.290574,0.893912
[MO866] Iteration,3,184,1592229015.297050,0.893989
[MO866] Iteration,1,184,1592229015.297065,0.893944
[MO866] Iteration,0,185,1592229016.186353,0.895984
[MO866] Iteration,2,185,1592229016.187018,0.896419
[MO866] Iteration,3,185,1592229016.193030,0.895936
[MO866] Iteration,1,185,1592229016.193439,0.896344
[MO866] Iteration,0,186,1592229017.082272,0.895858
[MO866] Iteration,2,186,1592229017.082686,0.895647
[MO866] Iteration,3,186,1592229017.088900,0.895823
[MO866] Iteration,1,186,1592229017.089099,0.895639
[MO866] Iteration,0,187,1592229017.978330,0.895994
[MO866] Iteration,2,187,1592229017.978828,0.896120
[MO866] Iteration,3,187,1592229017.985124,0.896175
[MO866] Iteration,1,187,1592229017.985485,0.896363
[MO866] Iteration,0,188,1592229018.874751,0.896361
[MO866] Iteration,2,188,1592229018.875228,0.896376
[MO866] Iteration,3,188,1592229018.881337,0.896162
[MO866] Iteration,1,188,1592229018.881567,0.896060
[MO866] Iteration,0,189,1592229019.770893,0.896067
[MO866] Iteration,2,189,1592229019.771247,0.895995
[MO866] Iteration,3,189,1592229019.777451,0.896063
[MO866] Iteration,1,189,1592229019.777663,0.896074
[MO866] Iteration,0,190,1592229020.666138,0.895183
[MO866] Iteration,2,190,1592229020.666532,0.895261
[MO866] Iteration,3,190,1592229020.672742,0.895227
[MO866] Iteration,1,190,1592229020.673045,0.895361
[MO866] Iteration,0,191,1592229021.558087,0.891883
[MO866] Iteration,2,191,1592229021.558570,0.892015
[MO866] Iteration,3,191,1592229021.564691,0.891903
[MO866] Iteration,1,191,1592229021.564999,0.891931
[MO866] Iteration,0,192,1592229022.450041,0.891896
[MO866] Iteration,2,192,1592229022.450232,0.891627
[MO866] Iteration,3,192,1592229022.456669,0.891931
[MO866] Iteration,1,192,1592229022.456647,0.891625
[MO866] Iteration,0,193,1592229023.344667,0.894535
[MO866] Iteration,2,193,1592229023.344949,0.894695
[MO866] Iteration,3,193,1592229023.351205,0.894515
[MO866] Iteration,1,193,1592229023.351436,0.894745
[MO866] Iteration,0,194,1592229024.243364,0.898630
[MO866] Iteration,2,194,1592229024.243594,0.898622
[MO866] Iteration,3,194,1592229024.250176,0.898909
[MO866] Iteration,1,194,1592229024.250419,0.898960
[MO866] Iteration,0,195,1592229025.147934,0.904509
[MO866] Iteration,2,195,1592229025.148458,0.904843
[MO866] Iteration,3,195,1592229025.154852,0.904623
[MO866] Iteration,1,195,1592229025.155065,0.904624
[MO866] Iteration,0,196,1592229026.052628,0.904640
[MO866] Iteration,2,196,1592229026.052820,0.904341
[MO866] Iteration,3,196,1592229026.059579,0.904677
[MO866] Iteration,1,196,1592229026.059578,0.904492
[MO866] Iteration,0,197,1592229026.957073,0.904392
[MO866] Iteration,2,197,1592229026.957111,0.904269
[MO866] Iteration,1,197,1592229026.963866,0.904250
[MO866] Iteration,3,197,1592229026.963934,0.904318
[MO866] Iteration,0,198,1592229027.861326,0.904199
[MO866] Iteration,2,198,1592229027.861851,0.904709
[MO866] Iteration,3,198,1592229027.868235,0.904278
[MO866] Iteration,1,198,1592229027.868436,0.904526
[MO866] Iteration,0,199,1592229028.765929,0.904546
 Time step  200
[MO866] Iteration,2,199,1592229028.766369,0.904493
[MO866] Iteration,3,199,1592229028.772822,0.904541
[MO866] Iteration,1,199,1592229028.773055,0.904598
[MO866] Iteration,0,200,1592229029.670867,0.904882
[MO866] Iteration,2,200,1592229029.670889,0.904499
[MO866] Iteration,3,200,1592229029.677653,0.904781
[MO866] Iteration,1,200,1592229029.677703,0.904627
[MO866] Iteration,0,201,1592229030.575321,0.904400
[MO866] Iteration,2,201,1592229030.575940,0.905019
[MO866] Iteration,3,201,1592229030.582237,0.904534
[MO866] Iteration,1,201,1592229030.582482,0.904760
[MO866] Iteration,0,202,1592229031.478113,0.902724
[MO866] Iteration,2,202,1592229031.478072,0.902111
[MO866] Iteration,1,202,1592229031.484582,0.902079
[MO866] Iteration,3,202,1592229031.484670,0.902383
[MO866] Iteration,2,203,1592229032.373204,0.895074
[MO866] Iteration,0,203,1592229032.373075,0.894940
[MO866] Iteration,3,203,1592229032.379748,0.895056
[MO866] Iteration,1,203,1592229032.379682,0.895052
[MO866] Iteration,0,204,1592229033.276650,0.903512
[MO866] Iteration,2,204,1592229033.276770,0.903542
[MO866] Iteration,3,204,1592229033.297344,0.917576
[MO866] Iteration,1,204,1592229033.297477,0.917747
[MO866] Iteration,0,205,1592229034.195892,0.919189
[MO866] Iteration,2,205,1592229034.196142,0.919351
[MO866] Iteration,3,205,1592229034.202763,0.905363
[MO866] Iteration,1,205,1592229034.202777,0.905271
[MO866] Iteration,0,206,1592229035.093053,0.897109
[MO866] Iteration,2,206,1592229035.093662,0.897498
[MO866] Iteration,3,206,1592229035.099695,0.896884
[MO866] Iteration,1,206,1592229035.100078,0.897267
[MO866] Iteration,0,207,1592229035.988627,0.895503
[MO866] Iteration,2,207,1592229035.988786,0.895101
[MO866] Iteration,1,207,1592229035.995154,0.895055
[MO866] Iteration,3,207,1592229035.995263,0.895521
[MO866] Iteration,0,208,1592229036.884982,0.896290
[MO866] Iteration,2,208,1592229036.885130,0.896321
[MO866] Iteration,3,208,1592229036.891549,0.896262
[MO866] Iteration,1,208,1592229036.891610,0.896405
[MO866] Iteration,0,209,1592229037.777933,0.892892
[MO866] Iteration,3,209,1592229037.785087,0.893494
[MO866] Iteration,1,209,1592229037.785277,0.893644
[MO866] Iteration,2,209,1592229037.791373,0.906220
[MO866] Iteration,0,210,1592229038.676728,0.898745
[MO866] Iteration,2,210,1592229038.676747,0.885337
[MO866] Iteration,3,210,1592229038.683152,0.898010
[MO866] Iteration,1,210,1592229038.683181,0.897880
[MO866] Iteration,0,211,1592229039.575859,0.899076
[MO866] Iteration,2,211,1592229039.576370,0.899586
[MO866] Iteration,3,211,1592229039.582762,0.899558
[MO866] Iteration,1,211,1592229039.582915,0.899712
[MO866] Iteration,0,212,1592229040.480539,0.904621
[MO866] Iteration,2,212,1592229040.480741,0.904338
[MO866] Iteration,1,212,1592229040.487346,0.904410
[MO866] Iteration,3,212,1592229040.487317,0.904503
[MO866] Iteration,0,213,1592229041.385060,0.904468
[MO866] Iteration,2,213,1592229041.385372,0.904610
[MO866] Iteration,3,213,1592229041.391974,0.904606
[MO866] Iteration,1,213,1592229041.392097,0.904729
[MO866] Iteration,0,214,1592229042.289467,0.904353
[MO866] Iteration,2,214,1592229042.289761,0.904364
[MO866] Iteration,3,214,1592229042.296277,0.904256
[MO866] Iteration,1,214,1592229042.296463,0.904347
[MO866] Iteration,0,215,1592229043.185391,0.895869
[MO866] Iteration,2,215,1592229043.185542,0.895756
[MO866] Iteration,3,215,1592229043.192000,0.895675
[MO866] Iteration,1,215,1592229043.192037,0.895555
[MO866] Iteration,2,216,1592229044.081483,0.895918
[MO866] Iteration,0,216,1592229044.081401,0.895936
[MO866] Iteration,1,216,1592229044.087902,0.895834
[MO866] Iteration,3,216,1592229044.087820,0.895773
[MO866] Iteration,0,217,1592229044.977079,0.895620
[MO866] Iteration,2,217,1592229044.977103,0.895592
[MO866] Iteration,3,217,1592229044.983682,0.895815
[MO866] Iteration,1,217,1592229044.983603,0.895679
[MO866] Iteration,0,218,1592229045.870905,0.893778
[MO866] Iteration,2,218,1592229045.871064,0.893937
[MO866] Iteration,3,218,1592229045.877403,0.893700
[MO866] Iteration,1,218,1592229045.877572,0.893922
[MO866] Iteration,0,219,1592229046.764373,0.893405
 Time step  220
[MO866] Iteration,2,219,1592229046.764374,0.893286
[MO866] Iteration,1,219,1592229046.770828,0.893234
[MO866] Iteration,3,219,1592229046.770829,0.893376
[MO866] Iteration,2,220,1592229047.659478,0.895066
[MO866] Iteration,0,220,1592229047.659315,0.894903
[MO866] Iteration,3,220,1592229047.665785,0.894914
[MO866] Iteration,1,220,1592229047.665862,0.894991
[MO866] Iteration,0,221,1592229048.552264,0.892885
[MO866] Iteration,2,221,1592229048.552612,0.893102
[MO866] Iteration,3,221,1592229048.558714,0.892862
[MO866] Iteration,1,221,1592229048.558981,0.893094
[MO866] Iteration,0,222,1592229049.447565,0.895246
[MO866] Iteration,2,222,1592229049.447628,0.894996
[MO866] Iteration,3,222,1592229049.454103,0.895336
[MO866] Iteration,1,222,1592229049.453994,0.894989
[MO866] Iteration,0,223,1592229050.343352,0.895730
[MO866] Iteration,2,223,1592229050.343668,0.896020
[MO866] Iteration,3,223,1592229050.349880,0.895753
[MO866] Iteration,1,223,1592229050.350091,0.896046
[MO866] Iteration,0,224,1592229051.239386,0.895963
[MO866] Iteration,2,224,1592229051.239820,0.896129
[MO866] Iteration,3,224,1592229051.246050,0.896119
[MO866] Iteration,1,224,1592229051.246352,0.896238
[MO866] Iteration,0,225,1592229052.135149,0.895702
[MO866] Iteration,2,225,1592229052.135890,0.896049
[MO866] Iteration,3,225,1592229052.141888,0.895786
[MO866] Iteration,1,225,1592229052.142246,0.895869
[MO866] Iteration,0,226,1592229053.031177,0.895967
[MO866] Iteration,2,226,1592229053.031408,0.895499
[MO866] Iteration,3,226,1592229053.037757,0.895818
[MO866] Iteration,1,226,1592229053.037889,0.895621
[MO866] Iteration,0,227,1592229053.927626,0.896375
[MO866] Iteration,2,227,1592229053.927912,0.896480
[MO866] Iteration,1,227,1592229053.934417,0.896505
[MO866] Iteration,3,227,1592229053.934297,0.896487
[MO866] Iteration,2,228,1592229054.823945,0.896011
[MO866] Iteration,0,228,1592229054.823910,0.896230
[MO866] Iteration,3,228,1592229054.830374,0.896026
[MO866] Iteration,1,228,1592229054.830355,0.895915
[MO866] Iteration,0,229,1592229055.719609,0.895650
[MO866] Iteration,2,229,1592229055.719756,0.895794
[MO866] Iteration,3,229,1592229055.726167,0.895764
[MO866] Iteration,1,229,1592229055.726378,0.895975
[MO866] Iteration,0,230,1592229056.606261,0.886591
[MO866] Iteration,3,230,1592229056.612690,0.886470
[MO866] Iteration,1,230,1592229056.626846,0.900446
[MO866] Iteration,2,230,1592229056.630136,0.910357
[MO866] Iteration,0,231,1592229057.511562,0.905254
[MO866] Iteration,2,231,1592229057.511653,0.881468
[MO866] Iteration,3,231,1592229057.518103,0.905361
[MO866] Iteration,1,231,1592229057.518136,0.891232
[MO866] Iteration,0,232,1592229058.405816,0.894186
[MO866] Iteration,2,232,1592229058.406058,0.894381
[MO866] Iteration,3,232,1592229058.412526,0.894374
[MO866] Iteration,1,232,1592229058.412697,0.894528
[MO866] Iteration,0,233,1592229059.302280,0.896402
[MO866] Iteration,2,233,1592229059.302413,0.896332
[MO866] Iteration,3,233,1592229059.308812,0.896237
[MO866] Iteration,1,233,1592229059.308813,0.896093
[MO866] Iteration,0,234,1592229060.197977,0.895619
[MO866] Iteration,2,234,1592229060.198147,0.895710
[MO866] Iteration,3,234,1592229060.204570,0.895715
[MO866] Iteration,1,234,1592229060.204637,0.895782
[MO866] Iteration,0,235,1592229061.093572,0.895521
[MO866] Iteration,2,235,1592229061.093693,0.895521
[MO866] Iteration,1,235,1592229061.100199,0.895539
[MO866] Iteration,3,235,1592229061.100118,0.895501
[MO866] Iteration,2,236,1592229061.982757,0.889040
[MO866] Iteration,0,236,1592229061.984914,0.891270
[MO866] Iteration,3,236,1592229061.989345,0.889182
[MO866] Iteration,1,236,1592229061.989672,0.889450
[MO866] Iteration,2,237,1592229062.865346,0.882526
[MO866] Iteration,0,237,1592229062.869646,0.884694
[MO866] Iteration,1,237,1592229062.871795,0.882100
[MO866] Iteration,3,237,1592229062.873354,0.883963
[MO866] Iteration,0,238,1592229063.807949,0.938261
[MO866] Iteration,2,238,1592229063.808128,0.942724
[MO866] Iteration,3,238,1592229063.813710,0.940326
[MO866] Iteration,1,238,1592229063.813776,0.941942
[MO866] Iteration,0,239,1592229064.710109,0.902103
 Time step  240
[MO866] Iteration,2,239,1592229064.710267,0.902117
[MO866] Iteration,3,239,1592229064.716774,0.902995
[MO866] Iteration,1,239,1592229064.716896,0.903079
[MO866] Iteration,0,240,1592229065.605786,0.895605
[MO866] Iteration,2,240,1592229065.606353,0.896063
[MO866] Iteration,3,240,1592229065.612485,0.895660
[MO866] Iteration,1,240,1592229065.612826,0.895907
[MO866] Iteration,0,241,1592229066.501911,0.896052
[MO866] Iteration,2,241,1592229066.502469,0.896080
[MO866] Iteration,3,241,1592229066.508614,0.896078
[MO866] Iteration,1,241,1592229066.508939,0.896092
[MO866] Iteration,0,242,1592229067.398093,0.896119
[MO866] Iteration,2,242,1592229067.398658,0.896151
[MO866] Iteration,3,242,1592229067.404824,0.896163
[MO866] Iteration,1,242,1592229067.405175,0.896214
[MO866] Iteration,0,243,1592229068.294004,0.895848
[MO866] Iteration,2,243,1592229068.294634,0.895939
[MO866] Iteration,3,243,1592229068.300759,0.895872
[MO866] Iteration,1,243,1592229068.301083,0.895886
[MO866] Iteration,2,244,1592229069.190168,0.895510
[MO866] Iteration,0,244,1592229069.190021,0.895955
[MO866] Iteration,1,244,1592229069.196752,0.895648
[MO866] Iteration,3,244,1592229069.196638,0.895831
[MO866] Iteration,0,245,1592229070.084395,0.894300
[MO866] Iteration,2,245,1592229070.084875,0.894683
[MO866] Iteration,3,245,1592229070.090861,0.894176
[MO866] Iteration,1,245,1592229070.091174,0.894400
[MO866] Iteration,0,246,1592229070.978940,0.894491
[MO866] Iteration,2,246,1592229070.979324,0.894429
[MO866] Iteration,3,246,1592229070.985540,0.894628
[MO866] Iteration,1,246,1592229070.985753,0.894557
[MO866] Iteration,0,247,1592229071.874430,0.895429
[MO866] Iteration,2,247,1592229071.874811,0.895465
[MO866] Iteration,3,247,1592229071.881024,0.895435
[MO866] Iteration,1,247,1592229071.881255,0.895480
[MO866] Iteration,0,248,1592229072.770032,0.895541
[MO866] Iteration,2,248,1592229072.770544,0.895712
[MO866] Iteration,3,248,1592229072.776775,0.895702
[MO866] Iteration,1,248,1592229072.777041,0.895763
[MO866] Iteration,0,249,1592229073.657838,0.887733
[MO866] Iteration,2,249,1592229073.658280,0.887714
[MO866] Iteration,3,249,1592229073.664469,0.887646
[MO866] Iteration,1,249,1592229073.664752,0.887688
[MO866] Iteration,0,250,1592229074.553959,0.896059
[MO866] Iteration,2,250,1592229074.554460,0.896157
[MO866] Iteration,3,250,1592229074.560625,0.896097
[MO866] Iteration,1,250,1592229074.560913,0.896138
[MO866] Iteration,0,251,1592229075.449968,0.895935
[MO866] Iteration,2,251,1592229075.450146,0.895663
[MO866] Iteration,3,251,1592229075.456622,0.895949
[MO866] Iteration,1,251,1592229075.456722,0.895787
[MO866] Iteration,0,252,1592229076.342257,0.892215
[MO866] Iteration,3,252,1592229076.349421,0.892749
[MO866] Iteration,1,252,1592229076.349546,0.892793
[MO866] Iteration,2,252,1592229076.355653,0.905484
[MO866] Iteration,0,253,1592229077.241754,0.899447
[MO866] Iteration,2,253,1592229077.242568,0.886876
[MO866] Iteration,3,253,1592229077.248479,0.898999
[MO866] Iteration,1,253,1592229077.248914,0.899342
[MO866] Iteration,0,254,1592229078.137716,0.895883
[MO866] Iteration,2,254,1592229078.138019,0.895430
[MO866] Iteration,3,254,1592229078.144381,0.895856
[MO866] Iteration,1,254,1592229078.144577,0.895641
[MO866] Iteration,0,255,1592229079.032241,0.894461
[MO866] Iteration,2,255,1592229079.032802,0.894757
[MO866] Iteration,3,255,1592229079.038936,0.894498
[MO866] Iteration,1,255,1592229079.039279,0.894681
[MO866] Iteration,0,256,1592229079.928978,0.896674
[MO866] Iteration,2,256,1592229079.929227,0.896403
[MO866] Iteration,3,256,1592229079.935421,0.896436
[MO866] Iteration,1,256,1592229079.935710,0.896409
[MO866] Iteration,0,257,1592229080.824856,0.895811
[MO866] Iteration,2,257,1592229080.825639,0.896390
[MO866] Iteration,3,257,1592229080.831568,0.896095
[MO866] Iteration,1,257,1592229080.832026,0.896296
[MO866] Iteration,2,258,1592229081.721387,0.895725
[MO866] Iteration,0,258,1592229081.721277,0.896370
[MO866] Iteration,1,258,1592229081.727919,0.895874
[MO866] Iteration,3,258,1592229081.727878,0.896264
[MO866] Iteration,0,259,1592229082.617009,0.895671
 Time step  260
[MO866] Iteration,2,259,1592229082.617196,0.895786
[MO866] Iteration,3,259,1592229082.623586,0.895664
[MO866] Iteration,1,259,1592229082.623731,0.895781
[MO866] Iteration,0,260,1592229083.513238,0.896174
[MO866] Iteration,2,260,1592229083.513726,0.896506
[MO866] Iteration,3,260,1592229083.519826,0.896193
[MO866] Iteration,1,260,1592229083.520161,0.896410
[MO866] Iteration,0,261,1592229084.409037,0.895743
[MO866] Iteration,2,261,1592229084.409558,0.895809
[MO866] Iteration,3,261,1592229084.415836,0.895954
[MO866] Iteration,1,261,1592229084.416000,0.895818
[MO866] Iteration,0,262,1592229085.304914,0.895823
[MO866] Iteration,2,262,1592229085.305408,0.895828
[MO866] Iteration,3,262,1592229085.311674,0.895782
[MO866] Iteration,1,262,1592229085.311872,0.895852
[MO866] Iteration,0,263,1592229086.201347,0.896369
[MO866] Iteration,2,263,1592229086.201608,0.896177
[MO866] Iteration,3,263,1592229086.207980,0.896260
[MO866] Iteration,1,263,1592229086.208150,0.896257
[MO866] Iteration,0,264,1592229087.097141,0.895732
[MO866] Iteration,2,264,1592229087.097522,0.895891
[MO866] Iteration,3,264,1592229087.103830,0.895804
[MO866] Iteration,1,264,1592229087.104010,0.895839
[MO866] Iteration,0,265,1592229087.993321,0.896126
[MO866] Iteration,2,265,1592229087.993973,0.896429
[MO866] Iteration,3,265,1592229088.000058,0.896174
[MO866] Iteration,1,265,1592229088.000417,0.896386
[MO866] Iteration,2,266,1592229088.889189,0.895195
[MO866] Iteration,0,266,1592229088.889233,0.895841
[MO866] Iteration,1,266,1592229088.895789,0.895351
[MO866] Iteration,3,266,1592229088.895808,0.895705
[MO866] Iteration,0,267,1592229089.784488,0.895224
[MO866] Iteration,2,267,1592229089.784868,0.895624
[MO866] Iteration,3,267,1592229089.791090,0.895257
[MO866] Iteration,1,267,1592229089.791333,0.895500
[MO866] Iteration,0,268,1592229090.680213,0.895673
[MO866] Iteration,2,268,1592229090.680410,0.895519
[MO866] Iteration,3,268,1592229090.686756,0.895619
[MO866] Iteration,1,268,1592229090.686934,0.895578
[MO866] Iteration,0,269,1592229091.575795,0.895519
[MO866] Iteration,2,269,1592229091.576359,0.895927
[MO866] Iteration,3,269,1592229091.582415,0.895605
[MO866] Iteration,1,269,1592229091.582768,0.895812
[MO866] Iteration,0,270,1592229092.471156,0.895301
[MO866] Iteration,2,270,1592229092.471438,0.895057
[MO866] Iteration,3,270,1592229092.477683,0.895217
[MO866] Iteration,1,270,1592229092.477894,0.895104
[MO866] Iteration,0,271,1592229093.373778,0.902549
[MO866] Iteration,2,271,1592229093.374279,0.902815
[MO866] Iteration,3,271,1592229093.394502,0.916767
[MO866] Iteration,1,271,1592229093.394753,0.916836
[MO866] Iteration,0,272,1592229094.282179,0.908347
[MO866] Iteration,2,272,1592229094.282402,0.908101
[MO866] Iteration,1,272,1592229094.289013,0.894232
[MO866] Iteration,3,272,1592229094.288895,0.894338
[MO866] Iteration,0,273,1592229095.177359,0.895116
[MO866] Iteration,2,273,1592229095.177566,0.895140
[MO866] Iteration,3,273,1592229095.184043,0.895097
[MO866] Iteration,1,273,1592229095.184040,0.895004
[MO866] Iteration,0,274,1592229096.073472,0.896050
[MO866] Iteration,2,274,1592229096.073344,0.895755
[MO866] Iteration,1,274,1592229096.080020,0.895940
[MO866] Iteration,3,274,1592229096.080219,0.896139
[MO866] Iteration,0,275,1592229096.969133,0.895637
[MO866] Iteration,2,275,1592229096.969559,0.896154
[MO866] Iteration,3,275,1592229096.975725,0.895484
[MO866] Iteration,1,275,1592229096.975989,0.895921
[MO866] Iteration,0,276,1592229097.865290,0.896100
[MO866] Iteration,2,276,1592229097.865676,0.896094
[MO866] Iteration,3,276,1592229097.871933,0.896161
[MO866] Iteration,1,276,1592229097.872091,0.896080
[MO866] Iteration,0,277,1592229098.760812,0.895463
[MO866] Iteration,2,277,1592229098.761114,0.895416
[MO866] Iteration,3,277,1592229098.767349,0.895368
[MO866] Iteration,1,277,1592229098.767684,0.895573
[MO866] Iteration,2,278,1592229099.647883,0.886745
[MO866] Iteration,3,278,1592229099.656014,0.888616
[MO866] Iteration,1,278,1592229099.656251,0.888545
[MO866] Iteration,0,278,1592229099.659962,0.899096
[MO866] Iteration,0,279,1592229100.545818,0.885817
 Time step  280
[MO866] Iteration,2,279,1592229100.546013,0.898069
[MO866] Iteration,3,279,1592229100.552512,0.896438
[MO866] Iteration,1,279,1592229100.552620,0.896347
[MO866] Iteration,0,280,1592229101.441563,0.895686
[MO866] Iteration,2,280,1592229101.442157,0.896121
[MO866] Iteration,3,280,1592229101.448231,0.895671
[MO866] Iteration,1,280,1592229101.448612,0.895969
[MO866] Iteration,0,281,1592229102.337398,0.895777
[MO866] Iteration,2,281,1592229102.337647,0.895467
[MO866] Iteration,1,281,1592229102.344158,0.895526
[MO866] Iteration,3,281,1592229102.344082,0.895808
[MO866] Iteration,0,282,1592229103.233072,0.895617
[MO866] Iteration,2,282,1592229103.233510,0.895839
[MO866] Iteration,3,282,1592229103.239858,0.895727
[MO866] Iteration,1,282,1592229103.240064,0.895884
[MO866] Iteration,0,283,1592229104.129358,0.896233
[MO866] Iteration,2,283,1592229104.129479,0.895947
[MO866] Iteration,1,283,1592229104.135954,0.895870
[MO866] Iteration,3,283,1592229104.135919,0.896018
[MO866] Iteration,2,284,1592229105.025298,0.895795
[MO866] Iteration,0,284,1592229105.025263,0.895847
[MO866] Iteration,3,284,1592229105.031883,0.895919
[MO866] Iteration,1,284,1592229105.031797,0.895813
[MO866] Iteration,0,285,1592229105.921317,0.896004
[MO866] Iteration,2,285,1592229105.921426,0.896097
[MO866] Iteration,1,285,1592229105.927996,0.896152
[MO866] Iteration,3,285,1592229105.928013,0.896110
[MO866] Iteration,0,286,1592229106.817561,0.896187
[MO866] Iteration,2,286,1592229106.817915,0.896466
[MO866] Iteration,3,286,1592229106.824216,0.896176
[MO866] Iteration,1,286,1592229106.824484,0.896444
[MO866] Iteration,0,287,1592229107.713592,0.895969
[MO866] Iteration,2,287,1592229107.714307,0.896370
[MO866] Iteration,3,287,1592229107.720303,0.896039
[MO866] Iteration,1,287,1592229107.720568,0.896063
[MO866] Iteration,0,288,1592229108.609501,0.895848
[MO866] Iteration,2,288,1592229108.609906,0.895578
[MO866] Iteration,3,288,1592229108.616200,0.895839
[MO866] Iteration,1,288,1592229108.616334,0.895744
[MO866] Iteration,0,289,1592229109.505779,0.896221
[MO866] Iteration,2,289,1592229109.506041,0.896113
[MO866] Iteration,3,289,1592229109.512376,0.896130
[MO866] Iteration,1,289,1592229109.512536,0.896181
[MO866] Iteration,0,290,1592229110.401368,0.895530
[MO866] Iteration,2,290,1592229110.401802,0.895738
[MO866] Iteration,3,290,1592229110.408023,0.895600
[MO866] Iteration,1,290,1592229110.408204,0.895647
[MO866] Iteration,0,291,1592229111.297047,0.895621
[MO866] Iteration,2,291,1592229111.297573,0.895748
[MO866] Iteration,3,291,1592229111.303826,0.895757
[MO866] Iteration,1,291,1592229111.304073,0.895848
[MO866] Iteration,0,292,1592229112.193263,0.896160
[MO866] Iteration,2,292,1592229112.193582,0.895986
[MO866] Iteration,3,292,1592229112.199958,0.896077
[MO866] Iteration,1,292,1592229112.200172,0.896077
[MO866] Iteration,0,293,1592229113.089239,0.895916
[MO866] Iteration,2,293,1592229113.089776,0.896171
[MO866] Iteration,3,293,1592229113.095906,0.895903
[MO866] Iteration,1,293,1592229113.096200,0.896008
[MO866] Iteration,0,294,1592229113.985124,0.895830
[MO866] Iteration,2,294,1592229113.985386,0.895575
[MO866] Iteration,3,294,1592229113.991685,0.895734
[MO866] Iteration,1,294,1592229113.991889,0.895668
[MO866] Iteration,0,295,1592229114.881059,0.895868
[MO866] Iteration,2,295,1592229114.881281,0.895871
[MO866] Iteration,1,295,1592229114.887777,0.895868
[MO866] Iteration,3,295,1592229114.887694,0.895963
[MO866] Iteration,0,296,1592229115.777236,0.896122
[MO866] Iteration,2,296,1592229115.777687,0.896381
[MO866] Iteration,3,296,1592229115.783883,0.896143
[MO866] Iteration,1,296,1592229115.784062,0.896264
[MO866] Iteration,0,297,1592229116.673057,0.895764
[MO866] Iteration,2,297,1592229116.673389,0.895681
[MO866] Iteration,1,297,1592229116.679896,0.895814
[MO866] Iteration,3,297,1592229116.679808,0.895881
[MO866] Iteration,0,298,1592229117.569430,0.896312
[MO866] Iteration,2,298,1592229117.570036,0.896624
[MO866] Iteration,3,298,1592229117.576019,0.896158
[MO866] Iteration,1,298,1592229117.576331,0.896417
[MO866] Iteration,0,299,1592229118.462972,0.893487
 Time step  300
[MO866] Iteration,2,299,1592229118.463425,0.893368
[MO866] Iteration,3,299,1592229118.469509,0.893447
[MO866] Iteration,1,299,1592229118.469921,0.893570
[MO866] Iteration,0,300,1592229119.358933,0.895899
[MO866] Iteration,2,300,1592229119.359255,0.895808
[MO866] Iteration,3,300,1592229119.365567,0.896008
[MO866] Iteration,1,300,1592229119.365780,0.895837
[MO866] Iteration,0,301,1592229120.254801,0.895802
[MO866] Iteration,2,301,1592229120.255264,0.895984
[MO866] Iteration,3,301,1592229120.261386,0.895768
[MO866] Iteration,1,301,1592229120.261670,0.895868
[MO866] Iteration,0,302,1592229121.150926,0.896063
[MO866] Iteration,2,302,1592229121.151370,0.896083
[MO866] Iteration,3,302,1592229121.157563,0.896129
[MO866] Iteration,1,302,1592229121.157832,0.896138
[MO866] Iteration,0,303,1592229122.043815,0.892813
[MO866] Iteration,3,303,1592229122.050947,0.893335
[MO866] Iteration,1,303,1592229122.051479,0.893623
[MO866] Iteration,2,303,1592229122.059223,0.907832
[MO866] Iteration,2,304,1592229122.944285,0.885024
[MO866] Iteration,3,304,1592229122.951475,0.900466
[MO866] Iteration,1,304,1592229122.951391,0.899856
[MO866] Iteration,0,304,1592229122.958178,0.914313
[MO866] Iteration,0,305,1592229123.889848,0.931635
[MO866] Iteration,2,305,1592229123.890282,0.945952
[MO866] Iteration,3,305,1592229123.896541,0.945022
[MO866] Iteration,1,305,1592229123.896702,0.945251
[MO866] Iteration,0,306,1592229124.791602,0.901690
[MO866] Iteration,2,306,1592229124.791860,0.901556
[MO866] Iteration,3,306,1592229124.798110,0.901510
[MO866] Iteration,1,306,1592229124.798287,0.901555
[MO866] Iteration,0,307,1592229125.686672,0.895014
[MO866] Iteration,2,307,1592229125.687099,0.895218
[MO866] Iteration,3,307,1592229125.693378,0.895204
[MO866] Iteration,1,307,1592229125.693643,0.895333
[MO866] Iteration,0,308,1592229126.582864,0.896115
[MO866] Iteration,2,308,1592229126.583045,0.895924
[MO866] Iteration,1,308,1592229126.589549,0.895883
[MO866] Iteration,3,308,1592229126.589479,0.896051
[MO866] Iteration,0,309,1592229127.478952,0.896009
[MO866] Iteration,2,309,1592229127.479360,0.896288
[MO866] Iteration,3,309,1592229127.485523,0.895991
[MO866] Iteration,1,309,1592229127.485839,0.896268
[MO866] Iteration,0,310,1592229128.374348,0.895335
[MO866] Iteration,2,310,1592229128.374720,0.895339
[MO866] Iteration,3,310,1592229128.380936,0.895360
[MO866] Iteration,1,310,1592229128.381167,0.895304
[MO866] Iteration,0,311,1592229129.270406,0.895984
[MO866] Iteration,2,311,1592229129.270446,0.895704
[MO866] Iteration,1,311,1592229129.276963,0.895773
[MO866] Iteration,3,311,1592229129.276981,0.895993
[MO866] Iteration,0,312,1592229130.166328,0.895866
[MO866] Iteration,2,312,1592229130.166708,0.896231
[MO866] Iteration,3,312,1592229130.172897,0.895887
[MO866] Iteration,1,312,1592229130.173075,0.896065
[MO866] Iteration,0,313,1592229131.061742,0.895353
[MO866] Iteration,2,313,1592229131.062389,0.895659
[MO866] Iteration,3,313,1592229131.068386,0.895427
[MO866] Iteration,1,313,1592229131.068784,0.895687
[MO866] Iteration,0,314,1592229131.958038,0.896238
[MO866] Iteration,2,314,1592229131.958243,0.895831
[MO866] Iteration,3,314,1592229131.964643,0.896211
[MO866] Iteration,1,314,1592229131.964779,0.895974
[MO866] Iteration,2,315,1592229132.854011,0.895745
[MO866] Iteration,0,315,1592229132.853882,0.895782
[MO866] Iteration,3,315,1592229132.860434,0.895741
[MO866] Iteration,1,315,1592229132.860588,0.895787
[MO866] Iteration,0,316,1592229133.749599,0.895655
[MO866] Iteration,2,316,1592229133.749994,0.895958
[MO866] Iteration,3,316,1592229133.756120,0.895640
[MO866] Iteration,1,316,1592229133.756487,0.895878
[MO866] Iteration,0,317,1592229134.645334,0.895678
[MO866] Iteration,2,317,1592229134.645506,0.895491
[MO866] Iteration,1,317,1592229134.651932,0.895425
[MO866] Iteration,3,317,1592229134.651830,0.895666
[MO866] Iteration,0,318,1592229135.540982,0.895578
[MO866] Iteration,2,318,1592229135.541550,0.896022
[MO866] Iteration,3,318,1592229135.547630,0.895744
[MO866] Iteration,1,318,1592229135.548044,0.896091
[MO866] Iteration,0,319,1592229136.436526,0.895489
 Time step  320
[MO866] Iteration,2,319,1592229136.437035,0.895460
[MO866] Iteration,3,319,1592229136.443055,0.895378
[MO866] Iteration,1,319,1592229136.443357,0.895294
[MO866] Iteration,0,320,1592229137.331547,0.894964
[MO866] Iteration,2,320,1592229137.331676,0.894619
[MO866] Iteration,1,320,1592229137.338241,0.894861
[MO866] Iteration,3,320,1592229137.338259,0.895153
[MO866] Iteration,2,321,1592229138.227241,0.895543
[MO866] Iteration,0,321,1592229138.227183,0.895572
[MO866] Iteration,3,321,1592229138.233926,0.895636
[MO866] Iteration,1,321,1592229138.233926,0.895636
[MO866] Iteration,0,322,1592229139.123378,0.896133
[MO866] Iteration,2,322,1592229139.123567,0.896293
[MO866] Iteration,1,322,1592229139.129982,0.896011
[MO866] Iteration,3,322,1592229139.129948,0.895977
[MO866] Iteration,0,323,1592229140.018952,0.895498
[MO866] Iteration,2,323,1592229140.019622,0.896034
[MO866] Iteration,3,323,1592229140.025711,0.895713
[MO866] Iteration,1,323,1592229140.026082,0.896068
[MO866] Iteration,0,324,1592229140.915304,0.896286
[MO866] Iteration,2,324,1592229140.915706,0.896064
[MO866] Iteration,3,324,1592229140.921853,0.896078
[MO866] Iteration,1,324,1592229140.922116,0.896012
[MO866] Iteration,0,325,1592229141.811405,0.896025
[MO866] Iteration,2,325,1592229141.811827,0.896101
[MO866] Iteration,3,325,1592229141.818073,0.896168
[MO866] Iteration,1,325,1592229141.818360,0.896221
[MO866] Iteration,0,326,1592229142.707317,0.895817
[MO866] Iteration,2,326,1592229142.707704,0.895855
[MO866] Iteration,3,326,1592229142.713890,0.895766
[MO866] Iteration,1,326,1592229142.714064,0.895681
[MO866] Iteration,0,327,1592229143.603399,0.896022
[MO866] Iteration,2,327,1592229143.604039,0.896314
[MO866] Iteration,3,327,1592229143.610015,0.896074
[MO866] Iteration,1,327,1592229143.610338,0.896252
[MO866] Iteration,0,328,1592229144.499207,0.895729
[MO866] Iteration,2,328,1592229144.499471,0.895412
[MO866] Iteration,3,328,1592229144.505812,0.895748
[MO866] Iteration,1,328,1592229144.505960,0.895600
[MO866] Iteration,2,329,1592229145.395468,0.895967
[MO866] Iteration,0,329,1592229145.395328,0.896048
[MO866] Iteration,1,329,1592229145.401968,0.895985
[MO866] Iteration,3,329,1592229145.401927,0.896068
[MO866] Iteration,0,330,1592229146.290901,0.895507
[MO866] Iteration,2,330,1592229146.290848,0.895345
[MO866] Iteration,3,330,1592229146.297447,0.895470
[MO866] Iteration,1,330,1592229146.297382,0.895381
[MO866] Iteration,0,331,1592229147.186204,0.895270
[MO866] Iteration,2,331,1592229147.186835,0.895926
[MO866] Iteration,3,331,1592229147.192914,0.895445
[MO866] Iteration,1,331,1592229147.193291,0.895859
[MO866] Iteration,0,332,1592229148.082191,0.895922
[MO866] Iteration,2,332,1592229148.082670,0.895811
[MO866] Iteration,3,332,1592229148.088960,0.895985
[MO866] Iteration,1,332,1592229148.089206,0.895893
[MO866] Iteration,0,333,1592229148.977714,0.895449
[MO866] Iteration,2,333,1592229148.978002,0.895311
[MO866] Iteration,3,333,1592229148.984394,0.895383
[MO866] Iteration,1,333,1592229148.984430,0.895201
[MO866] Iteration,0,334,1592229149.868744,0.890970
[MO866] Iteration,3,334,1592229149.877151,0.892710
[MO866] Iteration,1,334,1592229149.877328,0.892866
[MO866] Iteration,2,334,1592229149.881464,0.903434
[MO866] Iteration,0,335,1592229150.763444,0.894646
[MO866] Iteration,2,335,1592229150.763679,0.882175
[MO866] Iteration,1,335,1592229150.770115,0.892761
[MO866] Iteration,3,335,1592229150.770026,0.892816
[MO866] Iteration,0,336,1592229151.658096,0.894534
[MO866] Iteration,2,336,1592229151.658803,0.895102
[MO866] Iteration,3,336,1592229151.664823,0.894745
[MO866] Iteration,1,336,1592229151.665161,0.895021
[MO866] Iteration,0,337,1592229152.552976,0.894804
[MO866] Iteration,2,337,1592229152.553774,0.894949
[MO866] Iteration,3,337,1592229152.559608,0.894725
[MO866] Iteration,1,337,1592229152.560142,0.894959
[MO866] Iteration,2,338,1592229153.454737,0.900940
[MO866] Iteration,0,338,1592229153.454735,0.901704
[MO866] Iteration,3,338,1592229153.476550,0.916897
[MO866] Iteration,1,338,1592229153.476519,0.916356
[MO866] Iteration,0,339,1592229154.364467,0.909689
 Time step  340
[MO866] Iteration,2,339,1592229154.364879,0.910100
[MO866] Iteration,3,339,1592229154.370952,0.894365
[MO866] Iteration,1,339,1592229154.371273,0.894702
[MO866] Iteration,0,340,1592229155.258494,0.893976
[MO866] Iteration,2,340,1592229155.258969,0.894070
[MO866] Iteration,3,340,1592229155.265223,0.894220
[MO866] Iteration,1,340,1592229155.265539,0.894242
[MO866] Iteration,0,341,1592229156.154137,0.895562
[MO866] Iteration,2,341,1592229156.154537,0.895545
[MO866] Iteration,3,341,1592229156.160726,0.895437
[MO866] Iteration,1,341,1592229156.161040,0.895476
[MO866] Iteration,0,342,1592229157.049972,0.895769
[MO866] Iteration,2,342,1592229157.050623,0.896063
[MO866] Iteration,3,342,1592229157.056675,0.895897
[MO866] Iteration,1,342,1592229157.056980,0.895917
[MO866] Iteration,0,343,1592229157.946158,0.896111
[MO866] Iteration,2,343,1592229157.946612,0.895967
[MO866] Iteration,3,343,1592229157.952847,0.896126
[MO866] Iteration,1,343,1592229157.953113,0.896109
[MO866] Iteration,0,344,1592229158.842217,0.895997
[MO866] Iteration,2,344,1592229158.842400,0.895764
[MO866] Iteration,3,344,1592229158.848783,0.895871
[MO866] Iteration,1,344,1592229158.848955,0.895818
[MO866] Iteration,0,345,1592229159.738362,0.896085
[MO866] Iteration,2,345,1592229159.738765,0.896342
[MO866] Iteration,3,345,1592229159.744984,0.896151
[MO866] Iteration,1,345,1592229159.745178,0.896201
[MO866] Iteration,0,346,1592229160.633960,0.895552
[MO866] Iteration,2,346,1592229160.634323,0.895536
[MO866] Iteration,3,346,1592229160.640683,0.895650
[MO866] Iteration,1,346,1592229160.640766,0.895566
[MO866] Iteration,0,347,1592229161.529974,0.895953
[MO866] Iteration,2,347,1592229161.530386,0.896042
[MO866] Iteration,3,347,1592229161.536587,0.895856
[MO866] Iteration,1,347,1592229161.536868,0.896079
[MO866] Iteration,0,348,1592229162.425550,0.895503
[MO866] Iteration,2,348,1592229162.425988,0.895581
[MO866] Iteration,3,348,1592229162.432161,0.895525
[MO866] Iteration,1,348,1592229162.432462,0.895571
[MO866] Iteration,0,349,1592229163.321092,0.895487
[MO866] Iteration,2,349,1592229163.321233,0.895222
[MO866] Iteration,3,349,1592229163.327592,0.895385
[MO866] Iteration,1,349,1592229163.327612,0.895128
[MO866] Iteration,2,350,1592229164.215517,0.894263
[MO866] Iteration,0,350,1592229164.215373,0.894221
[MO866] Iteration,1,350,1592229164.221940,0.894303
[MO866] Iteration,3,350,1592229164.221941,0.894304
[MO866] Iteration,0,351,1592229165.111353,0.895902
[MO866] Iteration,2,351,1592229165.111859,0.896319
[MO866] Iteration,3,351,1592229165.118014,0.896029
[MO866] Iteration,1,351,1592229165.118327,0.896342
[MO866] Iteration,2,352,1592229166.007625,0.895745
[MO866] Iteration,0,352,1592229166.007532,0.896116
[MO866] Iteration,1,352,1592229166.014028,0.895678
[MO866] Iteration,3,352,1592229166.014096,0.896030
[MO866] Iteration,0,353,1592229166.903061,0.895475
[MO866] Iteration,2,353,1592229166.903469,0.895823
[MO866] Iteration,3,353,1592229166.909640,0.895523
[MO866] Iteration,1,353,1592229166.909918,0.895839
[MO866] Iteration,0,354,1592229167.799100,0.895963
[MO866] Iteration,2,354,1592229167.799328,0.895828
[MO866] Iteration,3,354,1592229167.805690,0.895997
[MO866] Iteration,1,354,1592229167.805825,0.895886
[MO866] Iteration,0,355,1592229168.694787,0.895625
[MO866] Iteration,2,355,1592229168.695123,0.895772
[MO866] Iteration,3,355,1592229168.701211,0.895469
[MO866] Iteration,1,355,1592229168.701541,0.895694
[MO866] Iteration,0,356,1592229169.588177,0.893327
[MO866] Iteration,2,356,1592229169.588667,0.893521
[MO866] Iteration,3,356,1592229169.594735,0.893472
[MO866] Iteration,1,356,1592229169.594973,0.893409
[MO866] Iteration,0,357,1592229170.481438,0.893207
[MO866] Iteration,2,357,1592229170.481829,0.893141
[MO866] Iteration,3,357,1592229170.487936,0.893151
[MO866] Iteration,1,357,1592229170.488219,0.893223
[MO866] Iteration,0,358,1592229171.375537,0.894042
[MO866] Iteration,2,358,1592229171.375938,0.894088
[MO866] Iteration,3,358,1592229171.382111,0.894129
[MO866] Iteration,1,358,1592229171.382413,0.894174
[MO866] Iteration,0,359,1592229172.271737,0.896146
 Time step  360
[MO866] Iteration,2,359,1592229172.271954,0.895997
[MO866] Iteration,3,359,1592229172.278338,0.896175
[MO866] Iteration,1,359,1592229172.278568,0.896132
[MO866] Iteration,0,360,1592229173.168202,0.896409
[MO866] Iteration,2,360,1592229173.168421,0.896446
[MO866] Iteration,1,360,1592229173.174878,0.896288
[MO866] Iteration,3,360,1592229173.174847,0.896455
[MO866] Iteration,0,361,1592229174.064095,0.895841
[MO866] Iteration,2,361,1592229174.064313,0.895872
[MO866] Iteration,3,361,1592229174.070655,0.895759
[MO866] Iteration,1,361,1592229174.070901,0.896003
[MO866] Iteration,0,362,1592229174.959808,0.895658
[MO866] Iteration,2,362,1592229174.960119,0.895784
[MO866] Iteration,3,362,1592229174.966365,0.895658
[MO866] Iteration,1,362,1592229174.966596,0.895672
[MO866] Iteration,0,363,1592229175.855387,0.895523
[MO866] Iteration,2,363,1592229175.855799,0.895655
[MO866] Iteration,3,363,1592229175.861929,0.895514
[MO866] Iteration,1,363,1592229175.862208,0.895590
[MO866] Iteration,2,364,1592229176.750979,0.895160
[MO866] Iteration,0,364,1592229176.751099,0.895651
[MO866] Iteration,1,364,1592229176.757519,0.895288
[MO866] Iteration,3,364,1592229176.757645,0.895666
[MO866] Iteration,0,365,1592229177.644025,0.892897
[MO866] Iteration,3,365,1592229177.651167,0.893499
[MO866] Iteration,1,365,1592229177.651359,0.893789
[MO866] Iteration,2,365,1592229177.659164,0.908119
[MO866] Iteration,2,366,1592229178.543940,0.884739
[MO866] Iteration,3,366,1592229178.550715,0.899482
[MO866] Iteration,1,366,1592229178.550968,0.899585
[MO866] Iteration,0,366,1592229178.556722,0.912653
[MO866] Iteration,0,367,1592229179.444983,0.888227
[MO866] Iteration,2,367,1592229179.445316,0.901334
[MO866] Iteration,1,367,1592229179.451791,0.900798
[MO866] Iteration,3,367,1592229179.451676,0.900890
[MO866] Iteration,0,368,1592229180.341052,0.896012
[MO866] Iteration,2,368,1592229180.341484,0.896144
[MO866] Iteration,3,368,1592229180.347604,0.895882
[MO866] Iteration,1,368,1592229180.347936,0.896124
[MO866] Iteration,0,369,1592229181.237272,0.896152
[MO866] Iteration,2,369,1592229181.237769,0.896262
[MO866] Iteration,3,369,1592229181.243937,0.896288
[MO866] Iteration,1,369,1592229181.244277,0.896320
[MO866] Iteration,0,370,1592229182.133097,0.895764
[MO866] Iteration,2,370,1592229182.133545,0.895754
[MO866] Iteration,3,370,1592229182.139741,0.895758
[MO866] Iteration,1,370,1592229182.140041,0.895744
[MO866] Iteration,2,371,1592229183.028952,0.895385
[MO866] Iteration,0,371,1592229183.028927,0.895763
[MO866] Iteration,3,371,1592229183.035515,0.895726
[MO866] Iteration,1,371,1592229183.035405,0.895342
[MO866] Iteration,0,372,1592229183.966255,0.937279
[MO866] Iteration,2,372,1592229183.966650,0.937674
[MO866] Iteration,3,372,1592229183.972950,0.937411
[MO866] Iteration,1,372,1592229183.973213,0.937758
[MO866] Iteration,0,373,1592229184.870158,0.903842
[MO866] Iteration,2,373,1592229184.870622,0.903948
[MO866] Iteration,3,373,1592229184.876768,0.903752
[MO866] Iteration,1,373,1592229184.877054,0.903809
[MO866] Iteration,2,374,1592229185.765577,0.894931
[MO866] Iteration,0,374,1592229185.765518,0.895299
[MO866] Iteration,1,374,1592229185.772024,0.894947
[MO866] Iteration,3,374,1592229185.772030,0.895212
[MO866] Iteration,0,375,1592229186.659799,0.894223
[MO866] Iteration,2,375,1592229186.660265,0.894667
[MO866] Iteration,3,375,1592229186.666474,0.894409
[MO866] Iteration,1,375,1592229186.666722,0.894657
[MO866] Iteration,0,376,1592229187.556048,0.896190
[MO866] Iteration,2,376,1592229187.556607,0.896321
[MO866] Iteration,3,376,1592229187.562642,0.896119
[MO866] Iteration,1,376,1592229187.563071,0.896326
[MO866] Iteration,0,377,1592229188.452154,0.896052
[MO866] Iteration,2,377,1592229188.452553,0.895920
[MO866] Iteration,3,377,1592229188.458695,0.896003
[MO866] Iteration,1,377,1592229188.459038,0.895945
[MO866] Iteration,0,378,1592229189.347976,0.895760
[MO866] Iteration,2,378,1592229189.348288,0.895714
[MO866] Iteration,3,378,1592229189.354515,0.895766
[MO866] Iteration,1,378,1592229189.354702,0.895642
[MO866] Iteration,0,379,1592229190.243583,0.895551
 Time step  380
[MO866] Iteration,2,379,1592229190.243988,0.895676
[MO866] Iteration,3,379,1592229190.250188,0.895621
[MO866] Iteration,1,379,1592229190.250416,0.895691
[MO866] Iteration,0,380,1592229191.139020,0.895379
[MO866] Iteration,2,380,1592229191.139350,0.895343
[MO866] Iteration,3,380,1592229191.145631,0.895389
[MO866] Iteration,1,380,1592229191.145789,0.895350
[MO866] Iteration,0,381,1592229192.034841,0.895754
[MO866] Iteration,2,381,1592229192.035360,0.895986
[MO866] Iteration,3,381,1592229192.041527,0.895842
[MO866] Iteration,1,381,1592229192.041837,0.896026
[MO866] Iteration,0,382,1592229192.930686,0.895782
[MO866] Iteration,2,382,1592229192.931089,0.895704
[MO866] Iteration,3,382,1592229192.937313,0.895735
[MO866] Iteration,1,382,1592229192.937526,0.895665
[MO866] Iteration,0,383,1592229193.826040,0.895298
[MO866] Iteration,2,383,1592229193.826486,0.895375
[MO866] Iteration,3,383,1592229193.832668,0.895310
[MO866] Iteration,1,383,1592229193.832934,0.895385
[MO866] Iteration,0,384,1592229194.721836,0.895736
[MO866] Iteration,2,384,1592229194.722217,0.895709
[MO866] Iteration,3,384,1592229194.728326,0.895596
[MO866] Iteration,1,384,1592229194.728645,0.895688
[MO866] Iteration,0,385,1592229195.617561,0.895664
[MO866] Iteration,2,385,1592229195.618079,0.895839
[MO866] Iteration,3,385,1592229195.624171,0.895797
[MO866] Iteration,1,385,1592229195.624503,0.895837
[MO866] Iteration,0,386,1592229196.513938,0.896320
[MO866] Iteration,2,386,1592229196.513900,0.895797
[MO866] Iteration,1,386,1592229196.520447,0.895923
[MO866] Iteration,3,386,1592229196.520482,0.896263
[MO866] Iteration,0,387,1592229197.410324,0.896366
[MO866] Iteration,2,387,1592229197.410811,0.896853
[MO866] Iteration,3,387,1592229197.416992,0.896478
[MO866] Iteration,1,387,1592229197.417250,0.896755
[MO866] Iteration,0,388,1592229198.306048,0.895659
[MO866] Iteration,2,388,1592229198.306031,0.895197
[MO866] Iteration,1,388,1592229198.312682,0.895409
[MO866] Iteration,3,388,1592229198.312644,0.895603
[MO866] Iteration,0,389,1592229199.201931,0.895849
[MO866] Iteration,2,389,1592229199.202156,0.896074
[MO866] Iteration,3,389,1592229199.208497,0.895807
[MO866] Iteration,1,389,1592229199.208674,0.895960
[MO866] Iteration,0,390,1592229200.097873,0.895880
[MO866] Iteration,2,390,1592229200.097992,0.895812
[MO866] Iteration,1,390,1592229200.104469,0.895773
[MO866] Iteration,3,390,1592229200.104597,0.896052
[MO866] Iteration,0,391,1592229200.994062,0.896116
[MO866] Iteration,2,391,1592229200.994773,0.896756
[MO866] Iteration,3,391,1592229201.000843,0.896225
[MO866] Iteration,1,391,1592229201.001203,0.896687
[MO866] Iteration,0,392,1592229201.890121,0.895994
[MO866] Iteration,2,392,1592229201.890382,0.895586
[MO866] Iteration,1,392,1592229201.896816,0.895591
[MO866] Iteration,3,392,1592229201.896734,0.895842
[MO866] Iteration,0,393,1592229202.786281,0.896084
[MO866] Iteration,2,393,1592229202.786711,0.896305
[MO866] Iteration,3,393,1592229202.792899,0.896117
[MO866] Iteration,1,393,1592229202.793178,0.896338
[MO866] Iteration,0,394,1592229203.682594,0.896238
[MO866] Iteration,2,394,1592229203.682748,0.896016
[MO866] Iteration,1,394,1592229203.689254,0.896053
[MO866] Iteration,3,394,1592229203.689173,0.896227
[MO866] Iteration,0,395,1592229204.577685,0.895012
[MO866] Iteration,2,395,1592229204.577999,0.895227
[MO866] Iteration,3,395,1592229204.584338,0.895117
[MO866] Iteration,1,395,1592229204.584545,0.895267
[MO866] Iteration,0,396,1592229205.473515,0.895755
[MO866] Iteration,2,396,1592229205.473703,0.895679
[MO866] Iteration,3,396,1592229205.479996,0.895610
[MO866] Iteration,1,396,1592229205.480229,0.895662
[MO866] Iteration,0,397,1592229206.368585,0.894996
[MO866] Iteration,2,397,1592229206.368991,0.895263
[MO866] Iteration,3,397,1592229206.375219,0.895176
[MO866] Iteration,1,397,1592229206.375408,0.895158
[MO866] Iteration,0,398,1592229207.264040,0.895397
[MO866] Iteration,2,398,1592229207.264333,0.895321
[MO866] Iteration,1,398,1592229207.270871,0.895441
[MO866] Iteration,3,398,1592229207.270742,0.895472
[MO866] Iteration,2,399,1592229208.146028,0.881673
[MO866] Iteration,1,399,1592229208.152242,0.881349
[MO866] Iteration,3,399,1592229208.166810,0.896005
[MO866] Iteration,0,399,1592229208.170433,0.906339
 Time step  400
[MO866] Iteration,0,400,1592229209.056456,0.885980
[MO866] Iteration,2,400,1592229209.057005,0.910921
[MO866] Iteration,3,400,1592229209.062810,0.895929
[MO866] Iteration,1,400,1592229209.063100,0.910805
 Verification being performed for class C
 accuracy setting for epsilon =  0.1000000000000E-07
 Comparison of RMS-norms of residual
           1 0.5881691581829E+03 0.5881691581829E+03 0.6726469583912E-13
           2 0.2454417603569E+03 0.2454417603569E+03 0.4608767610227E-13
           3 0.3293829191851E+03 0.3293829191851E+03 0.3537797556502E-13
           4 0.3081924971891E+03 0.3081924971891E+03 0.1392531668724E-12
           5 0.4597223799176E+03 0.4597223799176E+03 0.2720240017817E-13
 Comparison of RMS-norms of solution error
           1 0.2598120500183E+00 0.2598120500183E+00 0.1666539252407E-13
           2 0.2590888922315E-01 0.2590888922315E-01 0.1665834444332E-12
           3 0.5132886416320E-01 0.5132886416320E-01 0.4014995311231E-13
           4 0.4806073419454E-01 0.4806073419454E-01 0.2454419357993E-14
           5 0.5483377491301E+00 0.5483377491301E+00 0.7066225810805E-13
 Verification Successful


 SP Benchmark Completed.
 Class           =                        C
 Size            =            162x 162x 162
 Iterations      =                      400
 Time in seconds =                   359.24
 Total processes =                        4
 Active procs    =                        4
 Mop/s total     =                  4036.57
 Mop/s/process   =                  1009.14
 Operation type  =           floating point
 Verification    =               SUCCESSFUL
 Version         =                      3.4
 Compile date    =              15 Jun 2020

 Compile options:
    MPIFC        = mpif90
    FLINK        = $(MPIFC)
    FMPI_LIB     = (none)
    FMPI_INC     = (none)
    FFLAGS       = -O3
    FLINKFLAGS   = $(FFLAGS) -O ../kernel_stats/kernel_stats.o...
    RAND         = (none)


 Please send feedbacks and/or the results of this run to:

 NPB Development Team 
 Internet: npb@nas.nasa.gov


