--------------------------------------------------------------------------
[[52714,1],0]: A high-performance Open MPI point-to-point messaging module
was unable to find any relevant network interfaces:

Module: OpenFabrics (openib)
  Host: node06

Another transport will be used instead, although this may result in
lower performance.

NOTE: You can disable this warning by setting the MCA parameter
btl_base_warn_component_unused to 0.
--------------------------------------------------------------------------


 NAS Parallel Benchmarks 3.4 -- SP Benchmark

 No input file inputsp.data. Using compiled defaults
 Size:  102x 102x 102  (class B)
 Iterations:  400    dt:   0.0010000
 Total number of processes:     4

 Time step    1
[MO833] Paramount Iteration,2,1,0.613331,0.192627
[MO833] Paramount Iteration,0,1,0.614009,0.193301
[MO833] Paramount Iteration,1,1,0.615116,0.194398
[MO833] Paramount Iteration,3,1,0.615554,0.194836
[MO833] Paramount Iteration,2,2,0.808278,0.194947
[MO833] Paramount Iteration,0,2,0.808772,0.194763
[MO833] Paramount Iteration,1,2,0.809938,0.194822
[MO833] Paramount Iteration,3,2,0.810287,0.194733
[MO833] Paramount Iteration,0,3,1.014974,0.206202
[MO833] Paramount Iteration,3,3,1.016772,0.206485
[MO833] Paramount Iteration,2,3,1.017589,0.209311
[MO833] Paramount Iteration,1,3,1.019433,0.209495
[MO833] Paramount Iteration,2,4,1.215843,0.198254
[MO833] Paramount Iteration,0,4,1.216408,0.201434
[MO833] Paramount Iteration,1,4,1.217573,0.198140
[MO833] Paramount Iteration,3,4,1.217924,0.201152
[MO833] Paramount Iteration,2,5,1.410015,0.194172
[MO833] Paramount Iteration,0,5,1.410824,0.194416
[MO833] Paramount Iteration,1,5,1.411832,0.194259
[MO833] Paramount Iteration,3,5,1.412307,0.194383
[MO833] Paramount Iteration,2,6,1.604561,0.194546
[MO833] Paramount Iteration,0,6,1.605117,0.194293
[MO833] Paramount Iteration,1,6,1.606228,0.194396
[MO833] Paramount Iteration,3,6,1.606652,0.194345
[MO833] Paramount Iteration,2,7,1.798315,0.193754
[MO833] Paramount Iteration,0,7,1.798944,0.193827
[MO833] Paramount Iteration,1,7,1.800064,0.193836
[MO833] Paramount Iteration,3,7,1.800456,0.193804
[MO833] Paramount Iteration,2,8,1.992775,0.194460
[MO833] Paramount Iteration,0,8,1.993223,0.194279
[MO833] Paramount Iteration,1,8,1.994453,0.194389
[MO833] Paramount Iteration,3,8,1.994760,0.194304
[MO833] Paramount Iteration,2,9,2.187008,0.194233
[MO833] Paramount Iteration,0,9,2.187514,0.194291
[MO833] Paramount Iteration,1,9,2.188678,0.194225
[MO833] Paramount Iteration,3,9,2.189001,0.194241
[MO833] Paramount Iteration,2,10,2.381229,0.194221
[MO833] Paramount Iteration,0,10,2.381902,0.194388
[MO833] Paramount Iteration,1,10,2.383041,0.194363
[MO833] Paramount Iteration,3,10,2.383424,0.194423
[MO833] Paramount Iteration,2,11,2.575676,0.194447
[MO833] Paramount Iteration,0,11,2.576076,0.194174
[MO833] Paramount Iteration,1,11,2.577342,0.194301
[MO833] Paramount Iteration,3,11,2.577560,0.194136
[MO833] Paramount Iteration,2,12,2.769669,0.193993
[MO833] Paramount Iteration,0,12,2.770210,0.194134
[MO833] Paramount Iteration,1,12,2.771397,0.194055
[MO833] Paramount Iteration,3,12,2.771745,0.194185
[MO833] Paramount Iteration,2,13,2.963803,0.194134
[MO833] Paramount Iteration,0,13,2.964365,0.194155
[MO833] Paramount Iteration,1,13,2.965534,0.194137
[MO833] Paramount Iteration,3,13,2.965899,0.194154
[MO833] Paramount Iteration,2,14,3.157757,0.193954
[MO833] Paramount Iteration,0,14,3.158191,0.193826
[MO833] Paramount Iteration,1,14,3.159455,0.193921
[MO833] Paramount Iteration,3,14,3.159754,0.193855
[MO833] Paramount Iteration,0,15,3.355005,0.196814
[MO833] Paramount Iteration,1,15,3.356526,0.197071
[MO833] Paramount Iteration,2,15,3.356731,0.198974
[MO833] Paramount Iteration,3,15,3.356930,0.197176
[MO833] Paramount Iteration,2,16,3.548903,0.192172
[MO833] Paramount Iteration,0,16,3.549386,0.194381
[MO833] Paramount Iteration,1,16,3.550625,0.194099
[MO833] Paramount Iteration,3,16,3.550951,0.194021
[MO833] Paramount Iteration,2,17,3.742858,0.193955
[MO833] Paramount Iteration,0,17,3.743465,0.194079
[MO833] Paramount Iteration,1,17,3.744602,0.193977
[MO833] Paramount Iteration,3,17,3.744965,0.194014
[MO833] Paramount Iteration,2,18,3.937017,0.194159
[MO833] Paramount Iteration,0,18,3.937662,0.194197
[MO833] Paramount Iteration,1,18,3.938757,0.194155
[MO833] Paramount Iteration,3,18,3.939156,0.194191
[MO833] Paramount Iteration,2,19,4.147465,0.210448
[MO833] Paramount Iteration,0,19,4.147912,0.210250
 Time step   20
[MO833] Paramount Iteration,1,19,4.150501,0.211744
[MO833] Paramount Iteration,3,19,4.150848,0.211692
[MO833] Paramount Iteration,2,20,4.346154,0.198689
[MO833] Paramount Iteration,0,20,4.346845,0.198933
[MO833] Paramount Iteration,1,20,4.347924,0.197423
[MO833] Paramount Iteration,3,20,4.348348,0.197500
[MO833] Paramount Iteration,2,21,4.540563,0.194409
[MO833] Paramount Iteration,0,21,4.541273,0.194428
[MO833] Paramount Iteration,1,21,4.542313,0.194389
[MO833] Paramount Iteration,3,21,4.542763,0.194415
[MO833] Paramount Iteration,1,22,4.738964,0.196651
[MO833] Paramount Iteration,3,22,4.739377,0.196614
[MO833] Paramount Iteration,2,22,4.741191,0.200628
[MO833] Paramount Iteration,0,22,4.741464,0.200191
[MO833] Paramount Iteration,2,23,4.933507,0.192316
[MO833] Paramount Iteration,0,23,4.933962,0.192498
[MO833] Paramount Iteration,1,23,4.935233,0.196269
[MO833] Paramount Iteration,3,23,4.935506,0.196129
[MO833] Paramount Iteration,2,24,5.128012,0.194505
[MO833] Paramount Iteration,0,24,5.128454,0.194492
[MO833] Paramount Iteration,1,24,5.129722,0.194489
[MO833] Paramount Iteration,3,24,5.129957,0.194451
[MO833] Paramount Iteration,2,25,5.321936,0.193924
[MO833] Paramount Iteration,0,25,5.322579,0.194125
[MO833] Paramount Iteration,1,25,5.323660,0.193938
[MO833] Paramount Iteration,3,25,5.324084,0.194127
[MO833] Paramount Iteration,2,26,5.516299,0.194363
[MO833] Paramount Iteration,0,26,5.516766,0.194187
[MO833] Paramount Iteration,1,26,5.518035,0.194375
[MO833] Paramount Iteration,3,26,5.518258,0.194174
[MO833] Paramount Iteration,2,27,5.710383,0.194084
[MO833] Paramount Iteration,0,27,5.711032,0.194266
[MO833] Paramount Iteration,1,27,5.712080,0.194045
[MO833] Paramount Iteration,3,27,5.712532,0.194274
[MO833] Paramount Iteration,2,28,5.904567,0.194184
[MO833] Paramount Iteration,0,28,5.905151,0.194119
[MO833] Paramount Iteration,1,28,5.906289,0.194209
[MO833] Paramount Iteration,3,28,5.906664,0.194132
[MO833] Paramount Iteration,2,29,6.099510,0.194943
[MO833] Paramount Iteration,0,29,6.099964,0.194813
[MO833] Paramount Iteration,1,29,6.101162,0.194873
[MO833] Paramount Iteration,3,29,6.101477,0.194813
[MO833] Paramount Iteration,2,30,6.293604,0.194094
[MO833] Paramount Iteration,0,30,6.293974,0.194010
[MO833] Paramount Iteration,1,30,6.295318,0.194156
[MO833] Paramount Iteration,3,30,6.295567,0.194090
[MO833] Paramount Iteration,1,31,6.492250,0.196932
[MO833] Paramount Iteration,3,31,6.492565,0.196998
[MO833] Paramount Iteration,2,31,6.494381,0.200777
[MO833] Paramount Iteration,0,31,6.494622,0.200648
[MO833] Paramount Iteration,2,32,6.686595,0.192214
[MO833] Paramount Iteration,0,32,6.686992,0.192370
[MO833] Paramount Iteration,1,32,6.688261,0.196011
[MO833] Paramount Iteration,3,32,6.688490,0.195925
[MO833] Paramount Iteration,2,33,6.880819,0.194224
[MO833] Paramount Iteration,0,33,6.881203,0.194211
[MO833] Paramount Iteration,1,33,6.882446,0.194185
[MO833] Paramount Iteration,3,33,6.882777,0.194287
[MO833] Paramount Iteration,2,34,7.075179,0.194360
[MO833] Paramount Iteration,0,34,7.075733,0.194530
[MO833] Paramount Iteration,1,34,7.076850,0.194404
[MO833] Paramount Iteration,3,34,7.077228,0.194451
[MO833] Paramount Iteration,2,35,7.269109,0.193930
[MO833] Paramount Iteration,0,35,7.269720,0.193987
[MO833] Paramount Iteration,1,35,7.270896,0.194046
[MO833] Paramount Iteration,3,35,7.271283,0.194055
[MO833] Paramount Iteration,2,36,7.463711,0.194602
[MO833] Paramount Iteration,0,36,7.464095,0.194375
[MO833] Paramount Iteration,1,36,7.465387,0.194491
[MO833] Paramount Iteration,3,36,7.465657,0.194374
[MO833] Paramount Iteration,2,37,7.657908,0.194197
[MO833] Paramount Iteration,0,37,7.658352,0.194257
[MO833] Paramount Iteration,1,37,7.659587,0.194200
[MO833] Paramount Iteration,3,37,7.659903,0.194246
[MO833] Paramount Iteration,2,38,7.852185,0.194277
[MO833] Paramount Iteration,0,38,7.852909,0.194557
[MO833] Paramount Iteration,1,38,7.853972,0.194385
[MO833] Paramount Iteration,3,38,7.854438,0.194535
[MO833] Paramount Iteration,2,39,8.058712,0.206527
[MO833] Paramount Iteration,0,39,8.059030,0.206121
 Time step   40
[MO833] Paramount Iteration,1,39,8.064066,0.210094
[MO833] Paramount Iteration,3,39,8.064316,0.209878
[MO833] Paramount Iteration,2,40,8.259531,0.200819
[MO833] Paramount Iteration,0,40,8.259945,0.200915
[MO833] Paramount Iteration,1,40,8.261217,0.197151
[MO833] Paramount Iteration,3,40,8.261490,0.197174
[MO833] Paramount Iteration,2,41,8.453140,0.193609
[MO833] Paramount Iteration,1,41,8.454890,0.193673
[MO833] Paramount Iteration,3,41,8.455237,0.193747
[MO833] Paramount Iteration,0,41,8.460702,0.200757
[MO833] Paramount Iteration,2,42,8.653875,0.200735
[MO833] Paramount Iteration,0,42,8.654332,0.193630
[MO833] Paramount Iteration,1,42,8.655501,0.200611
[MO833] Paramount Iteration,3,42,8.655900,0.200663
[MO833] Paramount Iteration,2,43,8.847883,0.194008
[MO833] Paramount Iteration,0,43,8.848504,0.194172
[MO833] Paramount Iteration,1,43,8.849581,0.194080
[MO833] Paramount Iteration,3,43,8.849999,0.194099
[MO833] Paramount Iteration,2,44,9.042899,0.195016
[MO833] Paramount Iteration,0,44,9.043290,0.194786
[MO833] Paramount Iteration,1,44,9.044577,0.194996
[MO833] Paramount Iteration,3,44,9.044802,0.194803
[MO833] Paramount Iteration,2,45,9.236792,0.193893
[MO833] Paramount Iteration,0,45,9.237322,0.194032
[MO833] Paramount Iteration,1,45,9.238520,0.193943
[MO833] Paramount Iteration,3,45,9.238860,0.194058
[MO833] Paramount Iteration,2,46,9.430976,0.194184
[MO833] Paramount Iteration,0,46,9.431411,0.194089
[MO833] Paramount Iteration,1,46,9.432635,0.194115
[MO833] Paramount Iteration,3,46,9.432920,0.194060
[MO833] Paramount Iteration,2,47,9.624885,0.193909
[MO833] Paramount Iteration,0,47,9.625308,0.193897
[MO833] Paramount Iteration,1,47,9.626573,0.193938
[MO833] Paramount Iteration,3,47,9.626891,0.193971
[MO833] Paramount Iteration,2,48,9.818883,0.193998
[MO833] Paramount Iteration,0,48,9.819493,0.194185
[MO833] Paramount Iteration,1,48,9.820608,0.194035
[MO833] Paramount Iteration,3,48,9.820997,0.194106
[MO833] Paramount Iteration,2,49,10.013149,0.194266
[MO833] Paramount Iteration,0,49,10.013720,0.194227
[MO833] Paramount Iteration,1,49,10.014844,0.194236
[MO833] Paramount Iteration,3,49,10.015203,0.194206
[MO833] Paramount Iteration,2,50,10.206919,0.193770
[MO833] Paramount Iteration,0,50,10.207549,0.193829
[MO833] Paramount Iteration,1,50,10.208641,0.193797
[MO833] Paramount Iteration,3,50,10.209031,0.193828
[MO833] Paramount Iteration,2,51,10.400980,0.194061
[MO833] Paramount Iteration,0,51,10.401622,0.194073
[MO833] Paramount Iteration,1,51,10.402724,0.194083
[MO833] Paramount Iteration,3,51,10.403120,0.194089
[MO833] Paramount Iteration,2,52,10.595473,0.194493
[MO833] Paramount Iteration,0,52,10.595892,0.194270
[MO833] Paramount Iteration,1,52,10.597120,0.194396
[MO833] Paramount Iteration,3,52,10.597396,0.194276
[MO833] Paramount Iteration,2,53,10.789904,0.194431
[MO833] Paramount Iteration,0,53,10.790326,0.194434
[MO833] Paramount Iteration,1,53,10.791605,0.194485
[MO833] Paramount Iteration,3,53,10.791917,0.194521
[MO833] Paramount Iteration,3,54,10.983445,0.191528
[MO833] Paramount Iteration,1,54,10.987470,0.195865
[MO833] Paramount Iteration,0,54,10.989641,0.199315
[MO833] Paramount Iteration,2,54,10.992968,0.203064
[MO833] Paramount Iteration,2,55,11.184107,0.191139
[MO833] Paramount Iteration,0,55,11.184737,0.195096
[MO833] Paramount Iteration,1,55,11.185834,0.198364
[MO833] Paramount Iteration,3,55,11.186240,0.202795
[MO833] Paramount Iteration,2,56,11.377970,0.193863
[MO833] Paramount Iteration,0,56,11.378659,0.193922
[MO833] Paramount Iteration,1,56,11.379728,0.193894
[MO833] Paramount Iteration,3,56,11.380143,0.193903
[MO833] Paramount Iteration,2,57,11.572081,0.194111
[MO833] Paramount Iteration,0,57,11.572595,0.193936
[MO833] Paramount Iteration,1,57,11.573780,0.194052
[MO833] Paramount Iteration,3,57,11.574082,0.193939
[MO833] Paramount Iteration,2,58,11.767008,0.194927
[MO833] Paramount Iteration,0,58,11.767383,0.194788
[MO833] Paramount Iteration,1,58,11.768632,0.194852
[MO833] Paramount Iteration,3,58,11.768907,0.194825
[MO833] Paramount Iteration,2,59,11.960939,0.193931
[MO833] Paramount Iteration,0,59,11.961545,0.194162
 Time step   60
[MO833] Paramount Iteration,1,59,11.962677,0.194045
[MO833] Paramount Iteration,3,59,11.963069,0.194162
[MO833] Paramount Iteration,2,60,12.155115,0.194176
[MO833] Paramount Iteration,0,60,12.155700,0.194155
[MO833] Paramount Iteration,1,60,12.156819,0.194142
[MO833] Paramount Iteration,3,60,12.157152,0.194083
[MO833] Paramount Iteration,2,61,12.349513,0.194398
[MO833] Paramount Iteration,0,61,12.350079,0.194379
[MO833] Paramount Iteration,1,61,12.351267,0.194448
[MO833] Paramount Iteration,3,61,12.351617,0.194465
[MO833] Paramount Iteration,2,62,12.543832,0.194319
[MO833] Paramount Iteration,0,62,12.544322,0.194243
[MO833] Paramount Iteration,1,62,12.545502,0.194235
[MO833] Paramount Iteration,3,62,12.545875,0.194258
[MO833] Paramount Iteration,2,63,12.737872,0.194040
[MO833] Paramount Iteration,0,63,12.738387,0.194065
[MO833] Paramount Iteration,1,63,12.739581,0.194079
[MO833] Paramount Iteration,3,63,12.739924,0.194049
[MO833] Paramount Iteration,2,64,12.931638,0.193766
[MO833] Paramount Iteration,0,64,12.932080,0.193693
[MO833] Paramount Iteration,1,64,12.933335,0.193754
[MO833] Paramount Iteration,3,64,12.933555,0.193631
[MO833] Paramount Iteration,2,65,13.125871,0.194233
[MO833] Paramount Iteration,0,65,13.126477,0.194397
[MO833] Paramount Iteration,1,65,13.127627,0.194292
[MO833] Paramount Iteration,3,65,13.128000,0.194445
[MO833] Paramount Iteration,2,66,13.320178,0.194307
[MO833] Paramount Iteration,0,66,13.320748,0.194271
[MO833] Paramount Iteration,1,66,13.321891,0.194264
[MO833] Paramount Iteration,3,66,13.322242,0.194242
[MO833] Paramount Iteration,2,67,13.514048,0.193870
[MO833] Paramount Iteration,0,67,13.514731,0.193983
[MO833] Paramount Iteration,1,67,13.515804,0.193913
[MO833] Paramount Iteration,3,67,13.516276,0.194034
[MO833] Paramount Iteration,2,68,13.708386,0.194338
[MO833] Paramount Iteration,0,68,13.708901,0.194170
[MO833] Paramount Iteration,1,68,13.710073,0.194269
[MO833] Paramount Iteration,3,68,13.710395,0.194119
[MO833] Paramount Iteration,2,69,13.902577,0.194191
[MO833] Paramount Iteration,0,69,13.903097,0.194196
[MO833] Paramount Iteration,1,69,13.904239,0.194166
[MO833] Paramount Iteration,3,69,13.904617,0.194222
[MO833] Paramount Iteration,1,70,14.100112,0.195873
[MO833] Paramount Iteration,2,70,14.100308,0.197731
[MO833] Paramount Iteration,3,70,14.100600,0.195983
[MO833] Paramount Iteration,0,70,14.100728,0.197631
[MO833] Paramount Iteration,2,71,14.292905,0.192597
[MO833] Paramount Iteration,0,71,14.293589,0.192861
[MO833] Paramount Iteration,1,71,14.294709,0.194597
[MO833] Paramount Iteration,3,71,14.295130,0.194530
[MO833] Paramount Iteration,2,72,14.487048,0.194143
[MO833] Paramount Iteration,0,72,14.487500,0.193911
[MO833] Paramount Iteration,1,72,14.488716,0.194007
[MO833] Paramount Iteration,3,72,14.489038,0.193908
[MO833] Paramount Iteration,2,73,14.681098,0.194050
[MO833] Paramount Iteration,0,73,14.681624,0.194124
[MO833] Paramount Iteration,1,73,14.682848,0.194132
[MO833] Paramount Iteration,3,73,14.683169,0.194131
[MO833] Paramount Iteration,2,74,14.875315,0.194217
[MO833] Paramount Iteration,0,74,14.875762,0.194138
[MO833] Paramount Iteration,1,74,14.876979,0.194131
[MO833] Paramount Iteration,3,74,14.877289,0.194120
[MO833] Paramount Iteration,2,75,15.069288,0.193973
[MO833] Paramount Iteration,0,75,15.069831,0.194069
[MO833] Paramount Iteration,1,75,15.071059,0.194080
[MO833] Paramount Iteration,3,75,15.071329,0.194040
[MO833] Paramount Iteration,2,76,15.263463,0.194175
[MO833] Paramount Iteration,0,76,15.264070,0.194239
[MO833] Paramount Iteration,1,76,15.265199,0.194140
[MO833] Paramount Iteration,3,76,15.265570,0.194241
[MO833] Paramount Iteration,2,77,15.457433,0.193970
[MO833] Paramount Iteration,0,77,15.457936,0.193866
[MO833] Paramount Iteration,1,77,15.459156,0.193957
[MO833] Paramount Iteration,3,77,15.459495,0.193925
[MO833] Paramount Iteration,2,78,15.651534,0.194101
[MO833] Paramount Iteration,0,78,15.652178,0.194242
[MO833] Paramount Iteration,1,78,15.653226,0.194070
[MO833] Paramount Iteration,3,78,15.653603,0.194108
[MO833] Paramount Iteration,2,79,15.845374,0.193840
[MO833] Paramount Iteration,0,79,15.846028,0.193850
 Time step   80
[MO833] Paramount Iteration,1,79,15.847174,0.193948
[MO833] Paramount Iteration,3,79,15.847557,0.193954
[MO833] Paramount Iteration,0,80,16.045696,0.199668
[MO833] Paramount Iteration,2,80,16.049277,0.203903
[MO833] Paramount Iteration,3,80,16.055077,0.207520
[MO833] Paramount Iteration,1,80,16.056383,0.209209
[MO833] Paramount Iteration,2,81,16.252685,0.203408
[MO833] Paramount Iteration,0,81,16.253285,0.207589
[MO833] Paramount Iteration,1,81,16.254354,0.197971
[MO833] Paramount Iteration,3,81,16.254824,0.199747
[MO833] Paramount Iteration,2,82,16.446795,0.194110
[MO833] Paramount Iteration,0,82,16.447304,0.194019
[MO833] Paramount Iteration,1,82,16.448442,0.194088
[MO833] Paramount Iteration,3,82,16.448798,0.193974
[MO833] Paramount Iteration,2,83,16.641149,0.194354
[MO833] Paramount Iteration,0,83,16.641770,0.194466
[MO833] Paramount Iteration,1,83,16.642968,0.194526
[MO833] Paramount Iteration,3,83,16.643383,0.194585
[MO833] Paramount Iteration,2,84,16.835487,0.194338
[MO833] Paramount Iteration,0,84,16.836072,0.194302
[MO833] Paramount Iteration,1,84,16.837224,0.194256
[MO833] Paramount Iteration,3,84,16.837630,0.194247
[MO833] Paramount Iteration,2,85,17.029750,0.194263
[MO833] Paramount Iteration,0,85,17.030202,0.194130
[MO833] Paramount Iteration,1,85,17.031447,0.194223
[MO833] Paramount Iteration,3,85,17.031728,0.194098
[MO833] Paramount Iteration,2,86,17.223659,0.193909
[MO833] Paramount Iteration,0,86,17.224169,0.193967
[MO833] Paramount Iteration,1,86,17.225352,0.193905
[MO833] Paramount Iteration,3,86,17.225659,0.193931
[MO833] Paramount Iteration,2,87,17.417467,0.193808
[MO833] Paramount Iteration,0,87,17.418107,0.193938
[MO833] Paramount Iteration,1,87,17.419167,0.193815
[MO833] Paramount Iteration,3,87,17.419614,0.193955
[MO833] Paramount Iteration,1,88,17.612103,0.192936
[MO833] Paramount Iteration,3,88,17.612547,0.192933
[MO833] Paramount Iteration,2,88,17.614545,0.197078
[MO833] Paramount Iteration,0,88,17.614920,0.196813
[MO833] Paramount Iteration,2,89,17.807112,0.192567
[MO833] Paramount Iteration,0,89,17.807598,0.192678
[MO833] Paramount Iteration,1,89,17.808794,0.196691
[MO833] Paramount Iteration,3,89,17.809078,0.196531
[MO833] Paramount Iteration,2,90,18.000885,0.193773
[MO833] Paramount Iteration,0,90,18.001516,0.193918
[MO833] Paramount Iteration,1,90,18.002659,0.193865
[MO833] Paramount Iteration,3,90,18.003033,0.193955
[MO833] Paramount Iteration,2,91,18.194697,0.193812
[MO833] Paramount Iteration,0,91,18.195384,0.193868
[MO833] Paramount Iteration,1,91,18.196407,0.193748
[MO833] Paramount Iteration,3,91,18.196881,0.193848
[MO833] Paramount Iteration,2,92,18.389110,0.194413
[MO833] Paramount Iteration,0,92,18.389587,0.194203
[MO833] Paramount Iteration,1,92,18.390802,0.194395
[MO833] Paramount Iteration,3,92,18.391106,0.194225
[MO833] Paramount Iteration,2,93,18.583255,0.194145
[MO833] Paramount Iteration,0,93,18.583713,0.194126
[MO833] Paramount Iteration,1,93,18.584947,0.194145
[MO833] Paramount Iteration,3,93,18.585263,0.194157
[MO833] Paramount Iteration,2,94,18.777213,0.193958
[MO833] Paramount Iteration,0,94,18.777776,0.194063
[MO833] Paramount Iteration,1,94,18.778913,0.193966
[MO833] Paramount Iteration,3,94,18.779309,0.194046
[MO833] Paramount Iteration,2,95,18.971247,0.194034
[MO833] Paramount Iteration,0,95,18.971781,0.194005
[MO833] Paramount Iteration,1,95,18.972942,0.194029
[MO833] Paramount Iteration,3,95,18.973307,0.193998
[MO833] Paramount Iteration,2,96,19.165775,0.194528
[MO833] Paramount Iteration,0,96,19.166171,0.194390
[MO833] Paramount Iteration,1,96,19.167481,0.194539
[MO833] Paramount Iteration,3,96,19.167705,0.194398
[MO833] Paramount Iteration,2,97,19.359464,0.193689
[MO833] Paramount Iteration,0,97,19.360080,0.193909
[MO833] Paramount Iteration,1,97,19.361217,0.193736
[MO833] Paramount Iteration,3,97,19.361589,0.193884
[MO833] Paramount Iteration,2,98,19.553776,0.194312
[MO833] Paramount Iteration,0,98,19.554420,0.194340
[MO833] Paramount Iteration,1,98,19.555510,0.194293
[MO833] Paramount Iteration,3,98,19.555892,0.194303
[MO833] Paramount Iteration,2,99,19.748331,0.194555
[MO833] Paramount Iteration,0,99,19.748842,0.194422
 Time step  100
[MO833] Paramount Iteration,1,99,19.749973,0.194463
[MO833] Paramount Iteration,3,99,19.750351,0.194459
[MO833] Paramount Iteration,2,100,19.942387,0.194056
[MO833] Paramount Iteration,0,100,19.943056,0.194214
[MO833] Paramount Iteration,1,100,19.944169,0.194196
[MO833] Paramount Iteration,3,100,19.944558,0.194207
[MO833] Paramount Iteration,2,101,20.136501,0.194114
[MO833] Paramount Iteration,0,101,20.137118,0.194062
[MO833] Paramount Iteration,1,101,20.138216,0.194047
[MO833] Paramount Iteration,3,101,20.138657,0.194099
[MO833] Paramount Iteration,2,102,20.330776,0.194275
[MO833] Paramount Iteration,0,102,20.331249,0.194131
[MO833] Paramount Iteration,1,102,20.332461,0.194245
[MO833] Paramount Iteration,3,102,20.332769,0.194112
[MO833] Paramount Iteration,2,103,20.524521,0.193745
[MO833] Paramount Iteration,0,103,20.525304,0.194055
[MO833] Paramount Iteration,1,103,20.526311,0.193850
[MO833] Paramount Iteration,3,103,20.526808,0.194039
[MO833] Paramount Iteration,2,104,20.718572,0.194051
[MO833] Paramount Iteration,0,104,20.719134,0.193830
[MO833] Paramount Iteration,1,104,20.720321,0.194010
[MO833] Paramount Iteration,3,104,20.720673,0.193865
[MO833] Paramount Iteration,2,105,20.912624,0.194052
[MO833] Paramount Iteration,0,105,20.913086,0.193952
[MO833] Paramount Iteration,1,105,20.914298,0.193977
[MO833] Paramount Iteration,3,105,20.914681,0.194008
[MO833] Paramount Iteration,2,106,21.106505,0.193881
[MO833] Paramount Iteration,0,106,21.107247,0.194161
[MO833] Paramount Iteration,1,106,21.108277,0.193979
[MO833] Paramount Iteration,3,106,21.108692,0.194011
[MO833] Paramount Iteration,2,107,21.300417,0.193912
[MO833] Paramount Iteration,0,107,21.301091,0.193844
[MO833] Paramount Iteration,1,107,21.302179,0.193902
[MO833] Paramount Iteration,3,107,21.302672,0.193980
[MO833] Paramount Iteration,2,108,21.494449,0.194032
[MO833] Paramount Iteration,0,108,21.495091,0.194000
[MO833] Paramount Iteration,1,108,21.496199,0.194020
[MO833] Paramount Iteration,3,108,21.496558,0.193886
[MO833] Paramount Iteration,2,109,21.688333,0.193884
[MO833] Paramount Iteration,0,109,21.689006,0.193915
[MO833] Paramount Iteration,1,109,21.690103,0.193904
[MO833] Paramount Iteration,3,109,21.690552,0.193994
[MO833] Paramount Iteration,3,110,21.885430,0.194878
[MO833] Paramount Iteration,1,110,21.886419,0.196316
[MO833] Paramount Iteration,0,110,21.890886,0.201880
[MO833] Paramount Iteration,2,110,21.891694,0.203361
[MO833] Paramount Iteration,2,111,22.082832,0.191138
[MO833] Paramount Iteration,0,111,22.083462,0.192576
[MO833] Paramount Iteration,1,111,22.084550,0.198131
[MO833] Paramount Iteration,3,111,22.084890,0.199460
[MO833] Paramount Iteration,2,112,22.277052,0.194220
[MO833] Paramount Iteration,0,112,22.277676,0.194214
[MO833] Paramount Iteration,1,112,22.278827,0.194277
[MO833] Paramount Iteration,3,112,22.279190,0.194300
[MO833] Paramount Iteration,2,113,22.471235,0.194183
[MO833] Paramount Iteration,0,113,22.471705,0.194029
[MO833] Paramount Iteration,1,113,22.472893,0.194066
[MO833] Paramount Iteration,3,113,22.473202,0.194012
[MO833] Paramount Iteration,2,114,22.665756,0.194521
[MO833] Paramount Iteration,0,114,22.666284,0.194579
[MO833] Paramount Iteration,1,114,22.667461,0.194568
[MO833] Paramount Iteration,3,114,22.667820,0.194618
[MO833] Paramount Iteration,2,115,22.860110,0.194354
[MO833] Paramount Iteration,0,115,22.860537,0.194253
[MO833] Paramount Iteration,1,115,22.861755,0.194294
[MO833] Paramount Iteration,3,115,22.862065,0.194245
[MO833] Paramount Iteration,2,116,23.054046,0.193936
[MO833] Paramount Iteration,0,116,23.054478,0.193941
[MO833] Paramount Iteration,1,116,23.055729,0.193974
[MO833] Paramount Iteration,3,116,23.055973,0.193908
[MO833] Paramount Iteration,2,117,23.248344,0.194298
[MO833] Paramount Iteration,0,117,23.248787,0.194309
[MO833] Paramount Iteration,1,117,23.250011,0.194282
[MO833] Paramount Iteration,3,117,23.250337,0.194364
[MO833] Paramount Iteration,2,118,23.442342,0.193998
[MO833] Paramount Iteration,0,118,23.442972,0.194185
[MO833] Paramount Iteration,1,118,23.444097,0.194086
[MO833] Paramount Iteration,3,118,23.444481,0.194144
[MO833] Paramount Iteration,2,119,23.636546,0.194204
[MO833] Paramount Iteration,0,119,23.637139,0.194167
 Time step  120
[MO833] Paramount Iteration,1,119,23.638294,0.194197
[MO833] Paramount Iteration,3,119,23.638685,0.194204
[MO833] Paramount Iteration,2,120,23.831317,0.194771
[MO833] Paramount Iteration,0,120,23.831744,0.194605
[MO833] Paramount Iteration,1,120,23.832971,0.194677
[MO833] Paramount Iteration,3,120,23.833242,0.194557
[MO833] Paramount Iteration,2,121,24.025059,0.193742
[MO833] Paramount Iteration,0,121,24.025636,0.193892
[MO833] Paramount Iteration,1,121,24.026801,0.193830
[MO833] Paramount Iteration,3,121,24.027206,0.193964
[MO833] Paramount Iteration,2,122,24.219472,0.194413
[MO833] Paramount Iteration,0,122,24.220020,0.194384
[MO833] Paramount Iteration,1,122,24.221208,0.194407
[MO833] Paramount Iteration,3,122,24.221513,0.194307
[MO833] Paramount Iteration,2,123,24.414042,0.194570
[MO833] Paramount Iteration,0,123,24.414472,0.194452
[MO833] Paramount Iteration,1,123,24.415710,0.194502
[MO833] Paramount Iteration,3,123,24.415993,0.194480
[MO833] Paramount Iteration,2,124,24.608097,0.194055
[MO833] Paramount Iteration,0,124,24.608612,0.194140
[MO833] Paramount Iteration,1,124,24.609795,0.194085
[MO833] Paramount Iteration,3,124,24.610090,0.194097
[MO833] Paramount Iteration,2,125,24.802037,0.193940
[MO833] Paramount Iteration,0,125,24.802522,0.193910
[MO833] Paramount Iteration,1,125,24.803736,0.193941
[MO833] Paramount Iteration,3,125,24.804021,0.193931
[MO833] Paramount Iteration,2,126,24.996199,0.194162
[MO833] Paramount Iteration,0,126,24.996779,0.194257
[MO833] Paramount Iteration,1,126,24.997926,0.194190
[MO833] Paramount Iteration,3,126,24.998310,0.194289
[MO833] Paramount Iteration,2,127,25.190425,0.194226
[MO833] Paramount Iteration,0,127,25.191016,0.194237
[MO833] Paramount Iteration,1,127,25.192169,0.194243
[MO833] Paramount Iteration,3,127,25.192526,0.194216
[MO833] Paramount Iteration,2,128,25.384724,0.194299
[MO833] Paramount Iteration,0,128,25.385370,0.194354
[MO833] Paramount Iteration,1,128,25.386444,0.194275
[MO833] Paramount Iteration,3,128,25.386885,0.194359
[MO833] Paramount Iteration,2,129,25.579212,0.194488
[MO833] Paramount Iteration,0,129,25.579672,0.194302
[MO833] Paramount Iteration,1,129,25.580880,0.194436
[MO833] Paramount Iteration,3,129,25.581191,0.194306
[MO833] Paramount Iteration,2,130,25.773459,0.194247
[MO833] Paramount Iteration,0,130,25.774156,0.194484
[MO833] Paramount Iteration,1,130,25.775296,0.194416
[MO833] Paramount Iteration,3,130,25.775691,0.194500
[MO833] Paramount Iteration,2,131,25.967745,0.194286
[MO833] Paramount Iteration,0,131,25.968305,0.194149
[MO833] Paramount Iteration,1,131,25.969430,0.194134
[MO833] Paramount Iteration,3,131,25.969765,0.194074
[MO833] Paramount Iteration,2,132,26.161617,0.193872
[MO833] Paramount Iteration,0,132,26.162155,0.193850
[MO833] Paramount Iteration,1,132,26.163359,0.193929
[MO833] Paramount Iteration,3,132,26.163692,0.193927
[MO833] Paramount Iteration,2,133,26.355645,0.194028
[MO833] Paramount Iteration,0,133,26.356075,0.193920
[MO833] Paramount Iteration,1,133,26.357278,0.193919
[MO833] Paramount Iteration,3,133,26.357585,0.193893
[MO833] Paramount Iteration,2,134,26.549763,0.194118
[MO833] Paramount Iteration,0,134,26.550418,0.194343
[MO833] Paramount Iteration,1,134,26.551490,0.194212
[MO833] Paramount Iteration,3,134,26.551917,0.194332
[MO833] Paramount Iteration,2,135,26.743839,0.194076
[MO833] Paramount Iteration,0,135,26.744446,0.194028
[MO833] Paramount Iteration,1,135,26.745556,0.194066
[MO833] Paramount Iteration,3,135,26.745935,0.194018
[MO833] Paramount Iteration,2,136,26.937971,0.194132
[MO833] Paramount Iteration,0,136,26.938527,0.194081
[MO833] Paramount Iteration,1,136,26.939680,0.194124
[MO833] Paramount Iteration,3,136,26.940028,0.194093
[MO833] Paramount Iteration,1,137,27.137765,0.198085
[MO833] Paramount Iteration,3,137,27.138218,0.198190
[MO833] Paramount Iteration,2,137,27.139959,0.201988
[MO833] Paramount Iteration,0,137,27.140271,0.201744
[MO833] Paramount Iteration,2,138,27.332378,0.192419
[MO833] Paramount Iteration,0,138,27.332925,0.192654
[MO833] Paramount Iteration,1,138,27.334068,0.196303
[MO833] Paramount Iteration,3,138,27.334395,0.196177
[MO833] Paramount Iteration,2,139,27.526683,0.194305
[MO833] Paramount Iteration,0,139,27.527260,0.194335
 Time step  140
[MO833] Paramount Iteration,1,139,27.528427,0.194359
[MO833] Paramount Iteration,3,139,27.528787,0.194392
[MO833] Paramount Iteration,2,140,27.720749,0.194066
[MO833] Paramount Iteration,0,140,27.721285,0.194025
[MO833] Paramount Iteration,1,140,27.722432,0.194005
[MO833] Paramount Iteration,3,140,27.722807,0.194020
[MO833] Paramount Iteration,2,141,27.915188,0.194439
[MO833] Paramount Iteration,0,141,27.915662,0.194377
[MO833] Paramount Iteration,1,141,27.916823,0.194391
[MO833] Paramount Iteration,3,141,27.917145,0.194338
[MO833] Paramount Iteration,2,142,28.108989,0.193801
[MO833] Paramount Iteration,0,142,28.109587,0.193925
[MO833] Paramount Iteration,1,142,28.110729,0.193906
[MO833] Paramount Iteration,3,142,28.111114,0.193969
[MO833] Paramount Iteration,2,143,28.303372,0.194383
[MO833] Paramount Iteration,0,143,28.304054,0.194467
[MO833] Paramount Iteration,1,143,28.305120,0.194391
[MO833] Paramount Iteration,3,143,28.305521,0.194407
[MO833] Paramount Iteration,2,144,28.497410,0.194038
[MO833] Paramount Iteration,0,144,28.497930,0.193876
[MO833] Paramount Iteration,1,144,28.499115,0.193995
[MO833] Paramount Iteration,3,144,28.499473,0.193952
[MO833] Paramount Iteration,2,145,28.691712,0.194302
[MO833] Paramount Iteration,0,145,28.692304,0.194374
[MO833] Paramount Iteration,1,145,28.693469,0.194354
[MO833] Paramount Iteration,3,145,28.693811,0.194338
[MO833] Paramount Iteration,2,146,28.885755,0.194043
[MO833] Paramount Iteration,0,146,28.886226,0.193922
[MO833] Paramount Iteration,1,146,28.887458,0.193989
[MO833] Paramount Iteration,3,146,28.887780,0.193969
[MO833] Paramount Iteration,2,147,29.079807,0.194052
[MO833] Paramount Iteration,0,147,29.080336,0.194110
[MO833] Paramount Iteration,1,147,29.081495,0.194037
[MO833] Paramount Iteration,3,147,29.081845,0.194065
[MO833] Paramount Iteration,2,148,29.273888,0.194081
[MO833] Paramount Iteration,0,148,29.274329,0.193993
[MO833] Paramount Iteration,1,148,29.275578,0.194083
[MO833] Paramount Iteration,3,148,29.275922,0.194077
[MO833] Paramount Iteration,2,149,29.467725,0.193837
[MO833] Paramount Iteration,0,149,29.468362,0.194033
[MO833] Paramount Iteration,1,149,29.469448,0.193870
[MO833] Paramount Iteration,3,149,29.469812,0.193890
[MO833] Paramount Iteration,2,150,29.661729,0.194004
[MO833] Paramount Iteration,0,150,29.662274,0.193912
[MO833] Paramount Iteration,1,150,29.663434,0.193986
[MO833] Paramount Iteration,3,150,29.663785,0.193973
[MO833] Paramount Iteration,2,151,29.855832,0.194103
[MO833] Paramount Iteration,0,151,29.856298,0.194024
[MO833] Paramount Iteration,1,151,29.857503,0.194069
[MO833] Paramount Iteration,3,151,29.857784,0.193999
[MO833] Paramount Iteration,2,152,30.049526,0.193694
[MO833] Paramount Iteration,0,152,30.050105,0.193807
[MO833] Paramount Iteration,1,152,30.051288,0.193785
[MO833] Paramount Iteration,3,152,30.051615,0.193831
[MO833] Paramount Iteration,2,153,30.244160,0.194634
[MO833] Paramount Iteration,0,153,30.244617,0.194512
[MO833] Paramount Iteration,1,153,30.245831,0.194543
[MO833] Paramount Iteration,3,153,30.246103,0.194488
[MO833] Paramount Iteration,2,154,30.438554,0.194394
[MO833] Paramount Iteration,0,154,30.439094,0.194477
[MO833] Paramount Iteration,1,154,30.440226,0.194395
[MO833] Paramount Iteration,3,154,30.440577,0.194474
[MO833] Paramount Iteration,2,155,30.632434,0.193880
[MO833] Paramount Iteration,0,155,30.633121,0.194027
[MO833] Paramount Iteration,1,155,30.634128,0.193902
[MO833] Paramount Iteration,3,155,30.634579,0.194002
[MO833] Paramount Iteration,2,156,30.825972,0.193538
[MO833] Paramount Iteration,0,156,30.826648,0.193527
[MO833] Paramount Iteration,1,156,30.827664,0.193536
[MO833] Paramount Iteration,3,156,30.828120,0.193541
[MO833] Paramount Iteration,2,157,31.019990,0.194018
[MO833] Paramount Iteration,0,157,31.020590,0.193942
[MO833] Paramount Iteration,1,157,31.021660,0.193996
[MO833] Paramount Iteration,3,157,31.022049,0.193929
[MO833] Paramount Iteration,2,158,31.213796,0.193806
[MO833] Paramount Iteration,0,158,31.214364,0.193774
[MO833] Paramount Iteration,1,158,31.215480,0.193820
[MO833] Paramount Iteration,3,158,31.215859,0.193810
[MO833] Paramount Iteration,2,159,31.407429,0.193633
[MO833] Paramount Iteration,0,159,31.407936,0.193572
 Time step  160
[MO833] Paramount Iteration,1,159,31.409045,0.193565
[MO833] Paramount Iteration,3,159,31.409417,0.193558
[MO833] Paramount Iteration,2,160,31.601191,0.193762
[MO833] Paramount Iteration,0,160,31.601643,0.193707
[MO833] Paramount Iteration,1,160,31.602839,0.193794
[MO833] Paramount Iteration,3,160,31.603116,0.193699
[MO833] Paramount Iteration,2,161,31.794697,0.193506
[MO833] Paramount Iteration,0,161,31.795281,0.193638
[MO833] Paramount Iteration,1,161,31.796378,0.193539
[MO833] Paramount Iteration,3,161,31.796707,0.193591
[MO833] Paramount Iteration,2,162,31.988323,0.193626
[MO833] Paramount Iteration,0,162,31.988755,0.193474
[MO833] Paramount Iteration,1,162,31.989956,0.193578
[MO833] Paramount Iteration,3,162,31.990216,0.193509
[MO833] Paramount Iteration,2,163,32.200587,0.212264
[MO833] Paramount Iteration,0,163,32.201237,0.212482
[MO833] Paramount Iteration,1,163,32.202265,0.212309
[MO833] Paramount Iteration,3,163,32.202716,0.212500
[MO833] Paramount Iteration,2,164,32.395659,0.195072
[MO833] Paramount Iteration,0,164,32.396367,0.195130
[MO833] Paramount Iteration,1,164,32.397414,0.195149
[MO833] Paramount Iteration,3,164,32.397854,0.195138
[MO833] Paramount Iteration,2,165,32.589842,0.194183
[MO833] Paramount Iteration,0,165,32.590405,0.194038
[MO833] Paramount Iteration,1,165,32.591582,0.194168
[MO833] Paramount Iteration,3,165,32.591934,0.194080
[MO833] Paramount Iteration,2,166,32.783956,0.194114
[MO833] Paramount Iteration,0,166,32.784402,0.193997
[MO833] Paramount Iteration,1,166,32.785622,0.194040
[MO833] Paramount Iteration,3,166,32.785911,0.193977
[MO833] Paramount Iteration,2,167,32.978225,0.194269
[MO833] Paramount Iteration,0,167,32.978873,0.194471
[MO833] Paramount Iteration,1,167,32.979986,0.194364
[MO833] Paramount Iteration,3,167,32.980386,0.194475
[MO833] Paramount Iteration,2,168,33.172256,0.194031
[MO833] Paramount Iteration,0,168,33.172893,0.194020
[MO833] Paramount Iteration,1,168,33.173964,0.193978
[MO833] Paramount Iteration,3,168,33.174357,0.193971
[MO833] Paramount Iteration,1,169,33.365460,0.191496
[MO833] Paramount Iteration,3,169,33.365676,0.191319
[MO833] Paramount Iteration,2,169,33.367626,0.195370
[MO833] Paramount Iteration,0,169,33.367813,0.194920
[MO833] Paramount Iteration,2,170,33.559928,0.192302
[MO833] Paramount Iteration,0,170,33.560548,0.192735
[MO833] Paramount Iteration,1,170,33.561632,0.196172
[MO833] Paramount Iteration,3,170,33.562059,0.196383
[MO833] Paramount Iteration,2,171,33.754578,0.194650
[MO833] Paramount Iteration,0,171,33.755894,0.195346
[MO833] Paramount Iteration,1,171,33.756415,0.194783
[MO833] Paramount Iteration,3,171,33.757313,0.195254
[MO833] Paramount Iteration,2,172,33.950305,0.195727
[MO833] Paramount Iteration,0,172,33.950632,0.194738
[MO833] Paramount Iteration,1,172,33.951960,0.195545
[MO833] Paramount Iteration,3,172,33.952189,0.194876
[MO833] Paramount Iteration,2,173,34.144147,0.193842
[MO833] Paramount Iteration,0,173,34.144741,0.194109
[MO833] Paramount Iteration,1,173,34.145865,0.193905
[MO833] Paramount Iteration,3,173,34.146206,0.194017
[MO833] Paramount Iteration,2,174,34.337976,0.193829
[MO833] Paramount Iteration,0,174,34.338574,0.193833
[MO833] Paramount Iteration,1,174,34.339719,0.193854
[MO833] Paramount Iteration,3,174,34.340111,0.193905
[MO833] Paramount Iteration,2,175,34.531874,0.193898
[MO833] Paramount Iteration,0,175,34.532495,0.193921
[MO833] Paramount Iteration,1,175,34.533605,0.193886
[MO833] Paramount Iteration,3,175,34.533956,0.193845
[MO833] Paramount Iteration,2,176,34.726257,0.194383
[MO833] Paramount Iteration,0,176,34.726723,0.194228
[MO833] Paramount Iteration,1,176,34.727976,0.194371
[MO833] Paramount Iteration,3,176,34.728284,0.194328
[MO833] Paramount Iteration,2,177,34.920343,0.194086
[MO833] Paramount Iteration,0,177,34.921026,0.194303
[MO833] Paramount Iteration,1,177,34.922101,0.194125
[MO833] Paramount Iteration,3,177,34.922537,0.194253
[MO833] Paramount Iteration,2,178,35.114497,0.194154
[MO833] Paramount Iteration,0,178,35.115033,0.194007
[MO833] Paramount Iteration,1,178,35.116196,0.194095
[MO833] Paramount Iteration,3,178,35.116560,0.194023
[MO833] Paramount Iteration,2,179,35.308676,0.194179
[MO833] Paramount Iteration,0,179,35.309346,0.194313
 Time step  180
[MO833] Paramount Iteration,1,179,35.310410,0.194214
[MO833] Paramount Iteration,3,179,35.310877,0.194317
[MO833] Paramount Iteration,2,180,35.502445,0.193769
[MO833] Paramount Iteration,0,180,35.503038,0.193692
[MO833] Paramount Iteration,1,180,35.504136,0.193726
[MO833] Paramount Iteration,3,180,35.504485,0.193608
[MO833] Paramount Iteration,2,181,35.695936,0.193491
[MO833] Paramount Iteration,0,181,35.696361,0.193323
[MO833] Paramount Iteration,1,181,35.697568,0.193432
[MO833] Paramount Iteration,3,181,35.697843,0.193358
[MO833] Paramount Iteration,2,182,35.889491,0.193555
[MO833] Paramount Iteration,0,182,35.889933,0.193572
[MO833] Paramount Iteration,1,182,35.891178,0.193610
[MO833] Paramount Iteration,3,182,35.891463,0.193620
[MO833] Paramount Iteration,2,183,36.082826,0.193335
[MO833] Paramount Iteration,0,183,36.083472,0.193539
[MO833] Paramount Iteration,1,183,36.084510,0.193332
[MO833] Paramount Iteration,3,183,36.084891,0.193428
[MO833] Paramount Iteration,2,184,36.276581,0.193755
[MO833] Paramount Iteration,0,184,36.277195,0.193723
[MO833] Paramount Iteration,1,184,36.278210,0.193700
[MO833] Paramount Iteration,3,184,36.278624,0.193733
[MO833] Paramount Iteration,2,185,36.470187,0.193606
[MO833] Paramount Iteration,0,185,36.470675,0.193480
[MO833] Paramount Iteration,1,185,36.471829,0.193619
[MO833] Paramount Iteration,3,185,36.472121,0.193497
[MO833] Paramount Iteration,2,186,36.663514,0.193327
[MO833] Paramount Iteration,0,186,36.664083,0.193408
[MO833] Paramount Iteration,1,186,36.665214,0.193385
[MO833] Paramount Iteration,3,186,36.665550,0.193429
[MO833] Paramount Iteration,2,187,36.857096,0.193582
[MO833] Paramount Iteration,0,187,36.857766,0.193683
[MO833] Paramount Iteration,1,187,36.858835,0.193621
[MO833] Paramount Iteration,3,187,36.859202,0.193652
[MO833] Paramount Iteration,2,188,37.051313,0.194217
[MO833] Paramount Iteration,0,188,37.051776,0.194010
[MO833] Paramount Iteration,1,188,37.052930,0.194095
[MO833] Paramount Iteration,3,188,37.053199,0.193997
[MO833] Paramount Iteration,2,189,37.244764,0.193451
[MO833] Paramount Iteration,0,189,37.245393,0.193617
[MO833] Paramount Iteration,1,189,37.246455,0.193525
[MO833] Paramount Iteration,3,189,37.247058,0.193859
[MO833] Paramount Iteration,2,190,37.438358,0.193594
[MO833] Paramount Iteration,0,190,37.439017,0.193624
[MO833] Paramount Iteration,1,190,37.440040,0.193585
[MO833] Paramount Iteration,3,190,37.440464,0.193406
[MO833] Paramount Iteration,2,191,37.632127,0.193769
[MO833] Paramount Iteration,0,191,37.632567,0.193550
[MO833] Paramount Iteration,1,191,37.633784,0.193744
[MO833] Paramount Iteration,3,191,37.634081,0.193617
[MO833] Paramount Iteration,2,192,37.826017,0.193890
[MO833] Paramount Iteration,0,192,37.826653,0.194086
[MO833] Paramount Iteration,1,192,37.827703,0.193919
[MO833] Paramount Iteration,3,192,37.828114,0.194033
[MO833] Paramount Iteration,2,193,38.019844,0.193827
[MO833] Paramount Iteration,0,193,38.020375,0.193722
[MO833] Paramount Iteration,1,193,38.021491,0.193788
[MO833] Paramount Iteration,3,193,38.021843,0.193729
[MO833] Paramount Iteration,2,194,38.213210,0.193366
[MO833] Paramount Iteration,0,194,38.213686,0.193311
[MO833] Paramount Iteration,1,194,38.214871,0.193380
[MO833] Paramount Iteration,3,194,38.215207,0.193364
[MO833] Paramount Iteration,2,195,38.406609,0.193399
[MO833] Paramount Iteration,0,195,38.407107,0.193421
[MO833] Paramount Iteration,1,195,38.408254,0.193383
[MO833] Paramount Iteration,3,195,38.408550,0.193343
[MO833] Paramount Iteration,2,196,38.600272,0.193663
[MO833] Paramount Iteration,0,196,38.600870,0.193763
[MO833] Paramount Iteration,1,196,38.601960,0.193706
[MO833] Paramount Iteration,3,196,38.602334,0.193784
[MO833] Paramount Iteration,2,197,38.794179,0.193907
[MO833] Paramount Iteration,0,197,38.794823,0.193953
[MO833] Paramount Iteration,1,197,38.795889,0.193929
[MO833] Paramount Iteration,3,197,38.796248,0.193914
[MO833] Paramount Iteration,2,198,38.987923,0.193744
[MO833] Paramount Iteration,0,198,38.988407,0.193584
[MO833] Paramount Iteration,1,198,38.989531,0.193642
[MO833] Paramount Iteration,3,198,38.989883,0.193635
[MO833] Paramount Iteration,2,199,39.181656,0.193733
[MO833] Paramount Iteration,0,199,39.182137,0.193730
 Time step  200
[MO833] Paramount Iteration,1,199,39.183284,0.193753
[MO833] Paramount Iteration,3,199,39.183595,0.193712
[MO833] Paramount Iteration,2,200,39.375050,0.193394
[MO833] Paramount Iteration,0,200,39.375614,0.193477
[MO833] Paramount Iteration,1,200,39.376708,0.193424
[MO833] Paramount Iteration,3,200,39.377058,0.193463
[MO833] Paramount Iteration,2,201,39.568548,0.193498
[MO833] Paramount Iteration,0,201,39.569064,0.193450
[MO833] Paramount Iteration,1,201,39.570193,0.193485
[MO833] Paramount Iteration,3,201,39.570551,0.193493
[MO833] Paramount Iteration,2,202,39.762434,0.193886
[MO833] Paramount Iteration,0,202,39.763003,0.193939
[MO833] Paramount Iteration,1,202,39.764122,0.193929
[MO833] Paramount Iteration,3,202,39.764455,0.193904
[MO833] Paramount Iteration,2,203,39.956483,0.194049
[MO833] Paramount Iteration,0,203,39.956929,0.193926
[MO833] Paramount Iteration,1,203,39.958162,0.194040
[MO833] Paramount Iteration,3,203,39.958430,0.193975
[MO833] Paramount Iteration,2,204,40.150394,0.193911
[MO833] Paramount Iteration,0,204,40.151011,0.194082
[MO833] Paramount Iteration,1,204,40.152133,0.193971
[MO833] Paramount Iteration,3,204,40.152523,0.194093
[MO833] Paramount Iteration,2,205,40.344891,0.194497
[MO833] Paramount Iteration,0,205,40.345446,0.194435
[MO833] Paramount Iteration,1,205,40.346632,0.194499
[MO833] Paramount Iteration,3,205,40.346957,0.194434
[MO833] Paramount Iteration,2,206,40.538555,0.193664
[MO833] Paramount Iteration,0,206,40.539221,0.193775
[MO833] Paramount Iteration,1,206,40.540291,0.193659
[MO833] Paramount Iteration,3,206,40.540715,0.193758
[MO833] Paramount Iteration,1,207,40.733360,0.193069
[MO833] Paramount Iteration,3,207,40.733720,0.193005
[MO833] Paramount Iteration,0,207,40.736159,0.196938
[MO833] Paramount Iteration,2,207,40.738022,0.199467
[MO833] Paramount Iteration,2,208,40.929744,0.191722
[MO833] Paramount Iteration,0,208,40.930159,0.194000
[MO833] Paramount Iteration,1,208,40.931436,0.198076
[MO833] Paramount Iteration,3,208,40.931697,0.197977
[MO833] Paramount Iteration,2,209,41.123899,0.194155
[MO833] Paramount Iteration,0,209,41.124315,0.194156
[MO833] Paramount Iteration,1,209,41.125552,0.194116
[MO833] Paramount Iteration,3,209,41.125882,0.194185
[MO833] Paramount Iteration,2,210,41.317806,0.193907
[MO833] Paramount Iteration,0,210,41.318404,0.194089
[MO833] Paramount Iteration,1,210,41.319602,0.194050
[MO833] Paramount Iteration,3,210,41.319962,0.194080
[MO833] Paramount Iteration,2,211,41.512126,0.194320
[MO833] Paramount Iteration,0,211,41.512711,0.194307
[MO833] Paramount Iteration,1,211,41.513891,0.194289
[MO833] Paramount Iteration,3,211,41.514234,0.194272
[MO833] Paramount Iteration,2,212,41.706244,0.194118
[MO833] Paramount Iteration,0,212,41.706830,0.194119
[MO833] Paramount Iteration,1,212,41.707953,0.194062
[MO833] Paramount Iteration,3,212,41.708314,0.194080
[MO833] Paramount Iteration,2,213,41.900376,0.194132
[MO833] Paramount Iteration,0,213,41.901143,0.194313
[MO833] Paramount Iteration,1,213,41.902182,0.194229
[MO833] Paramount Iteration,3,213,41.902671,0.194357
[MO833] Paramount Iteration,2,214,42.094743,0.194367
[MO833] Paramount Iteration,0,214,42.095119,0.193976
[MO833] Paramount Iteration,1,214,42.096378,0.194196
[MO833] Paramount Iteration,3,214,42.096666,0.193995
[MO833] Paramount Iteration,2,215,42.288751,0.194008
[MO833] Paramount Iteration,0,215,42.289298,0.194179
[MO833] Paramount Iteration,1,215,42.290429,0.194051
[MO833] Paramount Iteration,3,215,42.290821,0.194155
[MO833] Paramount Iteration,2,216,42.483025,0.194274
[MO833] Paramount Iteration,0,216,42.483544,0.194246
[MO833] Paramount Iteration,1,216,42.484725,0.194296
[MO833] Paramount Iteration,3,216,42.485005,0.194184
[MO833] Paramount Iteration,2,217,42.677107,0.194082
[MO833] Paramount Iteration,0,217,42.677839,0.194295
[MO833] Paramount Iteration,1,217,42.678883,0.194158
[MO833] Paramount Iteration,3,217,42.679374,0.194369
[MO833] Paramount Iteration,2,218,42.871598,0.194491
[MO833] Paramount Iteration,0,218,42.872013,0.194174
[MO833] Paramount Iteration,1,218,42.873259,0.194376
[MO833] Paramount Iteration,3,218,42.873531,0.194157
[MO833] Paramount Iteration,2,219,43.065613,0.194015
[MO833] Paramount Iteration,0,219,43.065939,0.193926
 Time step  220
[MO833] Paramount Iteration,1,219,43.067307,0.194048
[MO833] Paramount Iteration,3,219,43.067509,0.193978
[MO833] Paramount Iteration,2,220,43.259668,0.194055
[MO833] Paramount Iteration,0,220,43.260236,0.194297
[MO833] Paramount Iteration,1,220,43.261316,0.194009
[MO833] Paramount Iteration,3,220,43.261686,0.194177
[MO833] Paramount Iteration,2,221,43.453806,0.194138
[MO833] Paramount Iteration,0,221,43.454265,0.194029
[MO833] Paramount Iteration,1,221,43.455520,0.194204
[MO833] Paramount Iteration,3,221,43.455798,0.194112
[MO833] Paramount Iteration,2,222,43.647628,0.193822
[MO833] Paramount Iteration,0,222,43.648126,0.193861
[MO833] Paramount Iteration,1,222,43.649263,0.193743
[MO833] Paramount Iteration,3,222,43.649634,0.193836
[MO833] Paramount Iteration,2,223,43.841465,0.193837
[MO833] Paramount Iteration,0,223,43.841980,0.193854
[MO833] Paramount Iteration,1,223,43.843203,0.193940
[MO833] Paramount Iteration,3,223,43.843554,0.193920
[MO833] Paramount Iteration,2,224,44.035587,0.194122
[MO833] Paramount Iteration,0,224,44.036131,0.194151
[MO833] Paramount Iteration,1,224,44.037218,0.194015
[MO833] Paramount Iteration,3,224,44.037577,0.194023
[MO833] Paramount Iteration,2,225,44.229322,0.193735
[MO833] Paramount Iteration,0,225,44.230003,0.193872
[MO833] Paramount Iteration,1,225,44.231142,0.193924
[MO833] Paramount Iteration,3,225,44.231558,0.193981
[MO833] Paramount Iteration,2,226,44.423730,0.194408
[MO833] Paramount Iteration,0,226,44.424334,0.194331
[MO833] Paramount Iteration,1,226,44.425483,0.194341
[MO833] Paramount Iteration,3,226,44.425839,0.194281
[MO833] Paramount Iteration,2,227,44.617687,0.193957
[MO833] Paramount Iteration,0,227,44.618196,0.193862
[MO833] Paramount Iteration,1,227,44.619401,0.193918
[MO833] Paramount Iteration,3,227,44.619723,0.193884
[MO833] Paramount Iteration,2,228,44.811689,0.194002
[MO833] Paramount Iteration,0,228,44.812325,0.194129
[MO833] Paramount Iteration,1,228,44.813440,0.194039
[MO833] Paramount Iteration,3,228,44.813830,0.194107
[MO833] Paramount Iteration,2,229,45.005931,0.194242
[MO833] Paramount Iteration,0,229,45.006407,0.194082
[MO833] Paramount Iteration,1,229,45.007596,0.194156
[MO833] Paramount Iteration,3,229,45.007948,0.194118
[MO833] Paramount Iteration,2,230,45.199929,0.193998
[MO833] Paramount Iteration,0,230,45.200541,0.194134
[MO833] Paramount Iteration,1,230,45.201651,0.194055
[MO833] Paramount Iteration,3,230,45.202007,0.194059
[MO833] Paramount Iteration,2,231,45.394169,0.194240
[MO833] Paramount Iteration,0,231,45.394626,0.194085
[MO833] Paramount Iteration,1,231,45.395884,0.194233
[MO833] Paramount Iteration,3,231,45.396190,0.194183
[MO833] Paramount Iteration,2,232,45.588407,0.194238
[MO833] Paramount Iteration,0,232,45.589055,0.194429
[MO833] Paramount Iteration,1,232,45.590117,0.194233
[MO833] Paramount Iteration,3,232,45.590504,0.194314
[MO833] Paramount Iteration,2,233,45.782412,0.194005
[MO833] Paramount Iteration,0,233,45.783053,0.193998
[MO833] Paramount Iteration,1,233,45.784160,0.194043
[MO833] Paramount Iteration,3,233,45.784547,0.194043
[MO833] Paramount Iteration,2,234,45.976615,0.194203
[MO833] Paramount Iteration,0,234,45.977338,0.194285
[MO833] Paramount Iteration,1,234,45.978376,0.194216
[MO833] Paramount Iteration,3,234,45.978872,0.194325
[MO833] Paramount Iteration,2,235,46.170618,0.194003
[MO833] Paramount Iteration,0,235,46.171257,0.193919
[MO833] Paramount Iteration,1,235,46.172324,0.193948
[MO833] Paramount Iteration,3,235,46.172744,0.193872
[MO833] Paramount Iteration,2,236,46.364860,0.194242
[MO833] Paramount Iteration,0,236,46.365420,0.194163
[MO833] Paramount Iteration,1,236,46.366598,0.194274
[MO833] Paramount Iteration,3,236,46.366956,0.194212
[MO833] Paramount Iteration,2,237,46.558563,0.193703
[MO833] Paramount Iteration,0,237,46.559258,0.193838
[MO833] Paramount Iteration,1,237,46.560329,0.193731
[MO833] Paramount Iteration,3,237,46.560758,0.193802
[MO833] Paramount Iteration,2,238,46.752615,0.194052
[MO833] Paramount Iteration,0,238,46.753263,0.194005
[MO833] Paramount Iteration,1,238,46.754377,0.194048
[MO833] Paramount Iteration,3,238,46.754812,0.194054
[MO833] Paramount Iteration,2,239,46.946557,0.193942
[MO833] Paramount Iteration,0,239,46.946980,0.193717
 Time step  240
[MO833] Paramount Iteration,1,239,46.948175,0.193798
[MO833] Paramount Iteration,3,239,46.948455,0.193643
[MO833] Paramount Iteration,2,240,47.140504,0.193947
[MO833] Paramount Iteration,0,240,47.141162,0.194182
[MO833] Paramount Iteration,1,240,47.142276,0.194101
[MO833] Paramount Iteration,3,240,47.142681,0.194226
[MO833] Paramount Iteration,2,241,47.334878,0.194374
[MO833] Paramount Iteration,0,241,47.335393,0.194231
[MO833] Paramount Iteration,1,241,47.336582,0.194306
[MO833] Paramount Iteration,3,241,47.336871,0.194190
[MO833] Paramount Iteration,2,242,47.529003,0.194125
[MO833] Paramount Iteration,0,242,47.529555,0.194162
[MO833] Paramount Iteration,1,242,47.530727,0.194145
[MO833] Paramount Iteration,3,242,47.531079,0.194208
[MO833] Paramount Iteration,2,243,47.723088,0.194085
[MO833] Paramount Iteration,0,243,47.723634,0.194079
[MO833] Paramount Iteration,1,243,47.724772,0.194045
[MO833] Paramount Iteration,3,243,47.725133,0.194054
[MO833] Paramount Iteration,2,244,47.917265,0.194177
[MO833] Paramount Iteration,0,244,47.917872,0.194238
[MO833] Paramount Iteration,1,244,47.919023,0.194251
[MO833] Paramount Iteration,3,244,47.919431,0.194298
[MO833] Paramount Iteration,2,245,48.111490,0.194225
[MO833] Paramount Iteration,0,245,48.111924,0.194052
[MO833] Paramount Iteration,1,245,48.113132,0.194109
[MO833] Paramount Iteration,3,245,48.113444,0.194013
[MO833] Paramount Iteration,2,246,48.305665,0.194175
[MO833] Paramount Iteration,0,246,48.306113,0.194189
[MO833] Paramount Iteration,1,246,48.307358,0.194226
[MO833] Paramount Iteration,3,246,48.307687,0.194243
[MO833] Paramount Iteration,2,247,48.499755,0.194090
[MO833] Paramount Iteration,0,247,48.500375,0.194262
[MO833] Paramount Iteration,1,247,48.501488,0.194130
[MO833] Paramount Iteration,3,247,48.501875,0.194188
[MO833] Paramount Iteration,2,248,48.693553,0.193798
[MO833] Paramount Iteration,0,248,48.694119,0.193744
[MO833] Paramount Iteration,1,248,48.695298,0.193810
[MO833] Paramount Iteration,3,248,48.695580,0.193705
[MO833] Paramount Iteration,2,249,48.887603,0.194050
[MO833] Paramount Iteration,0,249,48.888123,0.194004
[MO833] Paramount Iteration,1,249,48.889286,0.193988
[MO833] Paramount Iteration,3,249,48.889614,0.194034
[MO833] Paramount Iteration,2,250,49.081926,0.194323
[MO833] Paramount Iteration,0,250,49.082438,0.194315
[MO833] Paramount Iteration,1,250,49.083640,0.194354
[MO833] Paramount Iteration,3,250,49.083987,0.194373
[MO833] Paramount Iteration,2,251,49.276340,0.194414
[MO833] Paramount Iteration,0,251,49.276938,0.194500
[MO833] Paramount Iteration,1,251,49.278027,0.194387
[MO833] Paramount Iteration,3,251,49.278367,0.194380
[MO833] Paramount Iteration,2,252,49.469914,0.193574
[MO833] Paramount Iteration,0,252,49.470446,0.193508
[MO833] Paramount Iteration,1,252,49.471572,0.193545
[MO833] Paramount Iteration,3,252,49.471923,0.193556
[MO833] Paramount Iteration,1,253,49.664282,0.192710
[MO833] Paramount Iteration,3,253,49.664636,0.192713
[MO833] Paramount Iteration,0,253,49.667505,0.197059
[MO833] Paramount Iteration,2,253,49.669935,0.200021
[MO833] Paramount Iteration,2,254,49.861149,0.191214
[MO833] Paramount Iteration,0,254,49.861681,0.194176
[MO833] Paramount Iteration,1,254,49.862826,0.198544
[MO833] Paramount Iteration,3,254,49.863165,0.198529
[MO833] Paramount Iteration,2,255,50.054568,0.193419
[MO833] Paramount Iteration,0,255,50.055222,0.193541
[MO833] Paramount Iteration,1,255,50.056229,0.193403
[MO833] Paramount Iteration,3,255,50.056692,0.193527
[MO833] Paramount Iteration,2,256,50.248495,0.193927
[MO833] Paramount Iteration,0,256,50.249104,0.193882
[MO833] Paramount Iteration,1,256,50.250200,0.193971
[MO833] Paramount Iteration,3,256,50.250590,0.193898
[MO833] Paramount Iteration,2,257,50.442974,0.194479
[MO833] Paramount Iteration,0,257,50.443487,0.194383
[MO833] Paramount Iteration,1,257,50.444568,0.194368
[MO833] Paramount Iteration,3,257,50.444936,0.194346
[MO833] Paramount Iteration,2,258,50.636337,0.193363
[MO833] Paramount Iteration,0,258,50.637107,0.193620
[MO833] Paramount Iteration,1,258,50.638083,0.193515
[MO833] Paramount Iteration,3,258,50.638561,0.193625
[MO833] Paramount Iteration,2,259,50.829877,0.193540
[MO833] Paramount Iteration,0,259,50.830530,0.193423
 Time step  260
[MO833] Paramount Iteration,1,259,50.831576,0.193493
[MO833] Paramount Iteration,3,259,50.831989,0.193428
[MO833] Paramount Iteration,2,260,51.023650,0.193773
[MO833] Paramount Iteration,0,260,51.024019,0.193489
[MO833] Paramount Iteration,1,260,51.025245,0.193669
[MO833] Paramount Iteration,3,260,51.025515,0.193526
[MO833] Paramount Iteration,2,261,51.216913,0.193263
[MO833] Paramount Iteration,0,261,51.217577,0.193558
[MO833] Paramount Iteration,1,261,51.218628,0.193383
[MO833] Paramount Iteration,3,261,51.219089,0.193574
[MO833] Paramount Iteration,2,262,51.410541,0.193628
[MO833] Paramount Iteration,0,262,51.410949,0.193372
[MO833] Paramount Iteration,1,262,51.412151,0.193523
[MO833] Paramount Iteration,3,262,51.412423,0.193334
[MO833] Paramount Iteration,2,263,51.603940,0.193399
[MO833] Paramount Iteration,0,263,51.604465,0.193516
[MO833] Paramount Iteration,1,263,51.605543,0.193392
[MO833] Paramount Iteration,3,263,51.605960,0.193537
[MO833] Paramount Iteration,2,264,51.797711,0.193771
[MO833] Paramount Iteration,0,264,51.798074,0.193609
[MO833] Paramount Iteration,1,264,51.799341,0.193798
[MO833] Paramount Iteration,3,264,51.799568,0.193608
[MO833] Paramount Iteration,2,265,51.991097,0.193386
[MO833] Paramount Iteration,0,265,51.991522,0.193448
[MO833] Paramount Iteration,1,265,51.992716,0.193375
[MO833] Paramount Iteration,3,265,51.993026,0.193458
[MO833] Paramount Iteration,2,266,52.184780,0.193683
[MO833] Paramount Iteration,0,266,52.185300,0.193778
[MO833] Paramount Iteration,1,266,52.186449,0.193733
[MO833] Paramount Iteration,3,266,52.186872,0.193846
[MO833] Paramount Iteration,2,267,52.378831,0.194051
[MO833] Paramount Iteration,0,267,52.379370,0.194070
[MO833] Paramount Iteration,1,267,52.380523,0.194074
[MO833] Paramount Iteration,3,267,52.380886,0.194014
[MO833] Paramount Iteration,2,268,52.573658,0.194827
[MO833] Paramount Iteration,0,268,52.574095,0.194725
[MO833] Paramount Iteration,1,268,52.575383,0.194860
[MO833] Paramount Iteration,3,268,52.575655,0.194769
[MO833] Paramount Iteration,2,269,52.767599,0.193941
[MO833] Paramount Iteration,0,269,52.768174,0.194079
[MO833] Paramount Iteration,1,269,52.769330,0.193947
[MO833] Paramount Iteration,3,269,52.769708,0.194053
[MO833] Paramount Iteration,2,270,52.961598,0.193999
[MO833] Paramount Iteration,0,270,52.961998,0.193824
[MO833] Paramount Iteration,1,270,52.963298,0.193968
[MO833] Paramount Iteration,3,270,52.963580,0.193872
[MO833] Paramount Iteration,2,271,53.156097,0.194499
[MO833] Paramount Iteration,0,271,53.156541,0.194543
[MO833] Paramount Iteration,1,271,53.157790,0.194492
[MO833] Paramount Iteration,3,271,53.158086,0.194506
[MO833] Paramount Iteration,2,272,53.351033,0.194936
[MO833] Paramount Iteration,0,272,53.351466,0.194925
[MO833] Paramount Iteration,1,272,53.352719,0.194929
[MO833] Paramount Iteration,3,272,53.352997,0.194911
[MO833] Paramount Iteration,2,273,53.544959,0.193926
[MO833] Paramount Iteration,0,273,53.545613,0.194147
[MO833] Paramount Iteration,1,273,53.546704,0.193985
[MO833] Paramount Iteration,3,273,53.547115,0.194118
[MO833] Paramount Iteration,2,274,53.739092,0.194133
[MO833] Paramount Iteration,0,274,53.739606,0.193993
[MO833] Paramount Iteration,1,274,53.740734,0.194030
[MO833] Paramount Iteration,3,274,53.741110,0.193995
[MO833] Paramount Iteration,2,275,53.933732,0.194640
[MO833] Paramount Iteration,0,275,53.934135,0.194529
[MO833] Paramount Iteration,1,275,53.935484,0.194750
[MO833] Paramount Iteration,3,275,53.935709,0.194599
[MO833] Paramount Iteration,2,276,54.128020,0.194288
[MO833] Paramount Iteration,0,276,54.128469,0.194334
[MO833] Paramount Iteration,1,276,54.129677,0.194193
[MO833] Paramount Iteration,3,276,54.129981,0.194272
[MO833] Paramount Iteration,2,277,54.321875,0.193855
[MO833] Paramount Iteration,0,277,54.322582,0.194113
[MO833] Paramount Iteration,1,277,54.323675,0.193998
[MO833] Paramount Iteration,3,277,54.324055,0.194074
[MO833] Paramount Iteration,2,278,54.515964,0.194089
[MO833] Paramount Iteration,0,278,54.516386,0.193804
[MO833] Paramount Iteration,1,278,54.517642,0.193967
[MO833] Paramount Iteration,3,278,54.517889,0.193834
[MO833] Paramount Iteration,2,279,54.710788,0.194824
[MO833] Paramount Iteration,0,279,54.711135,0.194749
 Time step  280
[MO833] Paramount Iteration,1,279,54.712396,0.194754
[MO833] Paramount Iteration,3,279,54.712665,0.194776
[MO833] Paramount Iteration,2,280,54.904861,0.194073
[MO833] Paramount Iteration,0,280,54.905551,0.194416
[MO833] Paramount Iteration,1,280,54.906629,0.194233
[MO833] Paramount Iteration,3,280,54.907034,0.194369
[MO833] Paramount Iteration,2,281,55.099302,0.194441
[MO833] Paramount Iteration,0,281,55.099919,0.194368
[MO833] Paramount Iteration,1,281,55.101080,0.194451
[MO833] Paramount Iteration,3,281,55.101454,0.194420
[MO833] Paramount Iteration,2,282,55.293457,0.194155
[MO833] Paramount Iteration,0,282,55.294139,0.194220
[MO833] Paramount Iteration,1,282,55.295225,0.194145
[MO833] Paramount Iteration,3,282,55.295627,0.194173
[MO833] Paramount Iteration,2,283,55.487364,0.193907
[MO833] Paramount Iteration,0,283,55.488103,0.193964
[MO833] Paramount Iteration,1,283,55.489098,0.193873
[MO833] Paramount Iteration,3,283,55.489556,0.193929
[MO833] Paramount Iteration,2,284,55.681796,0.194432
[MO833] Paramount Iteration,0,284,55.682191,0.194088
[MO833] Paramount Iteration,1,284,55.683437,0.194339
[MO833] Paramount Iteration,3,284,55.683755,0.194199
[MO833] Paramount Iteration,2,285,55.875592,0.193796
[MO833] Paramount Iteration,0,285,55.876262,0.194071
[MO833] Paramount Iteration,1,285,55.877338,0.193901
[MO833] Paramount Iteration,3,285,55.877734,0.193979
[MO833] Paramount Iteration,2,286,56.069721,0.194129
[MO833] Paramount Iteration,0,286,56.070190,0.193928
[MO833] Paramount Iteration,1,286,56.071463,0.194125
[MO833] Paramount Iteration,3,286,56.071743,0.194009
[MO833] Paramount Iteration,2,287,56.263673,0.193952
[MO833] Paramount Iteration,0,287,56.264363,0.194173
[MO833] Paramount Iteration,1,287,56.265417,0.193954
[MO833] Paramount Iteration,3,287,56.265828,0.194085
[MO833] Paramount Iteration,2,288,56.458014,0.194341
[MO833] Paramount Iteration,0,288,56.458684,0.194321
[MO833] Paramount Iteration,1,288,56.459796,0.194379
[MO833] Paramount Iteration,3,288,56.460173,0.194345
[MO833] Paramount Iteration,2,289,56.652092,0.194078
[MO833] Paramount Iteration,0,289,56.652672,0.193988
[MO833] Paramount Iteration,1,289,56.653858,0.194062
[MO833] Paramount Iteration,3,289,56.654145,0.193972
[MO833] Paramount Iteration,2,290,56.846102,0.194010
[MO833] Paramount Iteration,0,290,56.846552,0.193880
[MO833] Paramount Iteration,1,290,56.847797,0.193939
[MO833] Paramount Iteration,3,290,56.848134,0.193989
[MO833] Paramount Iteration,2,291,57.040189,0.194087
[MO833] Paramount Iteration,0,291,57.040793,0.194241
[MO833] Paramount Iteration,1,291,57.041955,0.194158
[MO833] Paramount Iteration,3,291,57.042287,0.194153
[MO833] Paramount Iteration,2,292,57.234302,0.194113
[MO833] Paramount Iteration,0,292,57.234926,0.194133
[MO833] Paramount Iteration,1,292,57.236072,0.194117
[MO833] Paramount Iteration,3,292,57.236461,0.194174
[MO833] Paramount Iteration,2,293,57.428509,0.194207
[MO833] Paramount Iteration,0,293,57.429131,0.194205
[MO833] Paramount Iteration,1,293,57.430271,0.194199
[MO833] Paramount Iteration,3,293,57.430662,0.194201
[MO833] Paramount Iteration,2,294,57.622511,0.194002
[MO833] Paramount Iteration,0,294,57.623121,0.193990
[MO833] Paramount Iteration,1,294,57.624241,0.193970
[MO833] Paramount Iteration,3,294,57.624592,0.193930
[MO833] Paramount Iteration,2,295,57.816863,0.194352
[MO833] Paramount Iteration,0,295,57.817464,0.194343
[MO833] Paramount Iteration,1,295,57.818598,0.194357
[MO833] Paramount Iteration,3,295,57.818993,0.194401
[MO833] Paramount Iteration,2,296,58.011029,0.194166
[MO833] Paramount Iteration,0,296,58.011678,0.194214
[MO833] Paramount Iteration,1,296,58.012782,0.194184
[MO833] Paramount Iteration,3,296,58.013159,0.194166
[MO833] Paramount Iteration,2,297,58.205615,0.194586
[MO833] Paramount Iteration,0,297,58.206106,0.194428
[MO833] Paramount Iteration,1,297,58.207359,0.194577
[MO833] Paramount Iteration,3,297,58.207674,0.194515
[MO833] Paramount Iteration,2,298,58.399963,0.194348
[MO833] Paramount Iteration,0,298,58.400580,0.194474
[MO833] Paramount Iteration,1,298,58.401693,0.194334
[MO833] Paramount Iteration,3,298,58.402063,0.194389
[MO833] Paramount Iteration,2,299,58.594015,0.194052
[MO833] Paramount Iteration,0,299,58.594699,0.194119
 Time step  300
[MO833] Paramount Iteration,1,299,58.595756,0.194063
[MO833] Paramount Iteration,3,299,58.596201,0.194138
[MO833] Paramount Iteration,2,300,58.788210,0.194195
[MO833] Paramount Iteration,0,300,58.788999,0.194300
[MO833] Paramount Iteration,1,300,58.789947,0.194191
[MO833] Paramount Iteration,3,300,58.790491,0.194290
[MO833] Paramount Iteration,2,301,58.982723,0.194513
[MO833] Paramount Iteration,0,301,58.983247,0.194248
[MO833] Paramount Iteration,1,301,58.984391,0.194444
[MO833] Paramount Iteration,3,301,58.984746,0.194255
[MO833] Paramount Iteration,2,302,59.176701,0.193978
[MO833] Paramount Iteration,0,302,59.177301,0.194054
[MO833] Paramount Iteration,1,302,59.178401,0.194010
[MO833] Paramount Iteration,3,302,59.178835,0.194089
[MO833] Paramount Iteration,2,303,59.371698,0.194997
[MO833] Paramount Iteration,0,303,59.372075,0.194774
[MO833] Paramount Iteration,1,303,59.373380,0.194979
[MO833] Paramount Iteration,3,303,59.373609,0.194774
[MO833] Paramount Iteration,2,304,59.565633,0.193935
[MO833] Paramount Iteration,0,304,59.566207,0.194132
[MO833] Paramount Iteration,1,304,59.567364,0.193984
[MO833] Paramount Iteration,3,304,59.567711,0.194102
[MO833] Paramount Iteration,2,305,59.759686,0.194053
[MO833] Paramount Iteration,0,305,59.760282,0.194075
[MO833] Paramount Iteration,1,305,59.761404,0.194040
[MO833] Paramount Iteration,3,305,59.761773,0.194062
[MO833] Paramount Iteration,2,306,59.953940,0.194254
[MO833] Paramount Iteration,0,306,59.954498,0.194216
[MO833] Paramount Iteration,1,306,59.955661,0.194257
[MO833] Paramount Iteration,3,306,59.955970,0.194197
[MO833] Paramount Iteration,2,307,60.147891,0.193951
[MO833] Paramount Iteration,0,307,60.148581,0.194083
[MO833] Paramount Iteration,1,307,60.149641,0.193980
[MO833] Paramount Iteration,3,307,60.150094,0.194124
[MO833] Paramount Iteration,2,308,60.341473,0.193582
[MO833] Paramount Iteration,1,308,60.343347,0.193706
[MO833] Paramount Iteration,3,308,60.343785,0.193691
[MO833] Paramount Iteration,0,308,60.349729,0.201148
[MO833] Paramount Iteration,2,309,60.543102,0.201629
[MO833] Paramount Iteration,0,309,60.543588,0.193859
[MO833] Paramount Iteration,1,309,60.544762,0.201415
[MO833] Paramount Iteration,3,309,60.545111,0.201326
[MO833] Paramount Iteration,2,310,60.736927,0.193825
[MO833] Paramount Iteration,0,310,60.737524,0.193936
[MO833] Paramount Iteration,1,310,60.738689,0.193927
[MO833] Paramount Iteration,3,310,60.739073,0.193962
[MO833] Paramount Iteration,2,311,60.930771,0.193844
[MO833] Paramount Iteration,0,311,60.931269,0.193745
[MO833] Paramount Iteration,1,311,60.932470,0.193781
[MO833] Paramount Iteration,3,311,60.932776,0.193703
[MO833] Paramount Iteration,2,312,61.124969,0.194198
[MO833] Paramount Iteration,0,312,61.125502,0.194233
[MO833] Paramount Iteration,1,312,61.126739,0.194269
[MO833] Paramount Iteration,3,312,61.127063,0.194287
[MO833] Paramount Iteration,2,313,61.318611,0.193642
[MO833] Paramount Iteration,0,313,61.319268,0.193766
[MO833] Paramount Iteration,1,313,61.320345,0.193606
[MO833] Paramount Iteration,3,313,61.320756,0.193693
[MO833] Paramount Iteration,2,314,61.512395,0.193784
[MO833] Paramount Iteration,0,314,61.513017,0.193749
[MO833] Paramount Iteration,1,314,61.514086,0.193741
[MO833] Paramount Iteration,3,314,61.514578,0.193822
[MO833] Paramount Iteration,2,315,61.705898,0.193503
[MO833] Paramount Iteration,0,315,61.706472,0.193455
[MO833] Paramount Iteration,1,315,61.707541,0.193455
[MO833] Paramount Iteration,3,315,61.707896,0.193318
[MO833] Paramount Iteration,2,316,61.899526,0.193628
[MO833] Paramount Iteration,0,316,61.899917,0.193445
[MO833] Paramount Iteration,1,316,61.901148,0.193607
[MO833] Paramount Iteration,3,316,61.901423,0.193527
[MO833] Paramount Iteration,2,317,62.092789,0.193263
[MO833] Paramount Iteration,0,317,62.093422,0.193505
[MO833] Paramount Iteration,1,317,62.094480,0.193332
[MO833] Paramount Iteration,3,317,62.094906,0.193483
[MO833] Paramount Iteration,2,318,62.286363,0.193574
[MO833] Paramount Iteration,0,318,62.287048,0.193626
[MO833] Paramount Iteration,1,318,62.288113,0.193633
[MO833] Paramount Iteration,3,318,62.288507,0.193601
[MO833] Paramount Iteration,2,319,62.480114,0.193751
[MO833] Paramount Iteration,0,319,62.480536,0.193488
 Time step  320
[MO833] Paramount Iteration,1,319,62.481718,0.193605
[MO833] Paramount Iteration,3,319,62.482004,0.193497
[MO833] Paramount Iteration,2,320,62.673331,0.193217
[MO833] Paramount Iteration,0,320,62.673846,0.193310
[MO833] Paramount Iteration,1,320,62.675033,0.193315
[MO833] Paramount Iteration,3,320,62.675377,0.193373
[MO833] Paramount Iteration,2,321,62.866734,0.193403
[MO833] Paramount Iteration,0,321,62.867802,0.193956
[MO833] Paramount Iteration,1,321,62.868441,0.193408
[MO833] Paramount Iteration,3,321,62.869198,0.193821
[MO833] Paramount Iteration,2,322,63.060679,0.193945
[MO833] Paramount Iteration,0,322,63.061416,0.193614
[MO833] Paramount Iteration,1,322,63.062341,0.193900
[MO833] Paramount Iteration,3,322,63.062858,0.193660
[MO833] Paramount Iteration,2,323,63.254328,0.193649
[MO833] Paramount Iteration,0,323,63.254825,0.193409
[MO833] Paramount Iteration,1,323,63.255979,0.193638
[MO833] Paramount Iteration,3,323,63.256314,0.193456
[MO833] Paramount Iteration,2,324,63.447714,0.193386
[MO833] Paramount Iteration,0,324,63.448267,0.193442
[MO833] Paramount Iteration,1,324,63.449343,0.193364
[MO833] Paramount Iteration,3,324,63.449738,0.193424
[MO833] Paramount Iteration,2,325,63.641580,0.193866
[MO833] Paramount Iteration,0,325,63.642020,0.193753
[MO833] Paramount Iteration,1,325,63.643228,0.193885
[MO833] Paramount Iteration,3,325,63.643525,0.193787
[MO833] Paramount Iteration,2,326,63.835132,0.193552
[MO833] Paramount Iteration,0,326,63.835665,0.193645
[MO833] Paramount Iteration,1,326,63.836759,0.193531
[MO833] Paramount Iteration,3,326,63.837141,0.193616
[MO833] Paramount Iteration,0,327,64.025818,0.190153
[MO833] Paramount Iteration,2,327,64.031672,0.196540
[MO833] Paramount Iteration,3,327,64.037959,0.200818
[MO833] Paramount Iteration,1,327,64.040976,0.204217
[MO833] Paramount Iteration,2,328,64.242234,0.210562
[MO833] Paramount Iteration,0,328,64.242917,0.217099
[MO833] Paramount Iteration,1,328,64.243921,0.202945
[MO833] Paramount Iteration,3,328,64.244413,0.206454
[MO833] Paramount Iteration,2,329,64.436060,0.193826
[MO833] Paramount Iteration,0,329,64.436669,0.193752
[MO833] Paramount Iteration,1,329,64.437694,0.193773
[MO833] Paramount Iteration,3,329,64.438157,0.193744
[MO833] Paramount Iteration,2,330,64.629540,0.193480
[MO833] Paramount Iteration,0,330,64.630122,0.193453
[MO833] Paramount Iteration,1,330,64.631278,0.193584
[MO833] Paramount Iteration,3,330,64.631608,0.193451
[MO833] Paramount Iteration,2,331,64.823307,0.193767
[MO833] Paramount Iteration,0,331,64.823737,0.193615
[MO833] Paramount Iteration,1,331,64.824927,0.193649
[MO833] Paramount Iteration,3,331,64.825243,0.193635
[MO833] Paramount Iteration,2,332,65.016899,0.193592
[MO833] Paramount Iteration,0,332,65.017476,0.193739
[MO833] Paramount Iteration,1,332,65.018566,0.193639
[MO833] Paramount Iteration,3,332,65.018929,0.193686
[MO833] Paramount Iteration,2,333,65.210318,0.193419
[MO833] Paramount Iteration,0,333,65.210891,0.193415
[MO833] Paramount Iteration,1,333,65.212046,0.193480
[MO833] Paramount Iteration,3,333,65.212425,0.193496
[MO833] Paramount Iteration,2,334,65.404415,0.194097
[MO833] Paramount Iteration,0,334,65.405049,0.194158
[MO833] Paramount Iteration,1,334,65.406149,0.194103
[MO833] Paramount Iteration,3,334,65.406541,0.194116
[MO833] Paramount Iteration,2,335,65.598170,0.193755
[MO833] Paramount Iteration,0,335,65.598848,0.193799
[MO833] Paramount Iteration,1,335,65.599939,0.193790
[MO833] Paramount Iteration,3,335,65.600386,0.193845
[MO833] Paramount Iteration,2,336,65.792560,0.194390
[MO833] Paramount Iteration,0,336,65.793140,0.194292
[MO833] Paramount Iteration,1,336,65.794241,0.194302
[MO833] Paramount Iteration,3,336,65.794698,0.194312
[MO833] Paramount Iteration,2,337,65.986509,0.193949
[MO833] Paramount Iteration,0,337,65.987135,0.193995
[MO833] Paramount Iteration,1,337,65.988261,0.194020
[MO833] Paramount Iteration,3,337,65.988644,0.193946
[MO833] Paramount Iteration,2,338,66.180760,0.194251
[MO833] Paramount Iteration,0,338,66.181216,0.194081
[MO833] Paramount Iteration,1,338,66.182419,0.194158
[MO833] Paramount Iteration,3,338,66.182743,0.194099
[MO833] Paramount Iteration,2,339,66.374823,0.194063
[MO833] Paramount Iteration,0,339,66.375216,0.194000
 Time step  340
[MO833] Paramount Iteration,1,339,66.376442,0.194023
[MO833] Paramount Iteration,3,339,66.376751,0.194008
[MO833] Paramount Iteration,2,340,66.568528,0.193705
[MO833] Paramount Iteration,0,340,66.569163,0.193947
[MO833] Paramount Iteration,1,340,66.570268,0.193826
[MO833] Paramount Iteration,3,340,66.570665,0.193914
[MO833] Paramount Iteration,2,341,66.763686,0.195158
[MO833] Paramount Iteration,0,341,66.764046,0.194883
[MO833] Paramount Iteration,1,341,66.765301,0.195033
[MO833] Paramount Iteration,3,341,66.765570,0.194905
[MO833] Paramount Iteration,2,342,66.957716,0.194030
[MO833] Paramount Iteration,0,342,66.958308,0.194262
[MO833] Paramount Iteration,1,342,66.959518,0.194217
[MO833] Paramount Iteration,3,342,66.959866,0.194296
[MO833] Paramount Iteration,2,343,67.152100,0.194384
[MO833] Paramount Iteration,0,343,67.152750,0.194442
[MO833] Paramount Iteration,1,343,67.153865,0.194347
[MO833] Paramount Iteration,3,343,67.154220,0.194354
[MO833] Paramount Iteration,2,344,67.346308,0.194208
[MO833] Paramount Iteration,0,344,67.346812,0.194062
[MO833] Paramount Iteration,1,344,67.348031,0.194166
[MO833] Paramount Iteration,3,344,67.348358,0.194138
[MO833] Paramount Iteration,2,345,67.540528,0.194220
[MO833] Paramount Iteration,0,345,67.541170,0.194358
[MO833] Paramount Iteration,1,345,67.542267,0.194236
[MO833] Paramount Iteration,3,345,67.542700,0.194342
[MO833] Paramount Iteration,2,346,67.734852,0.194324
[MO833] Paramount Iteration,0,346,67.735567,0.194397
[MO833] Paramount Iteration,1,346,67.736617,0.194350
[MO833] Paramount Iteration,3,346,67.737080,0.194380
[MO833] Paramount Iteration,2,347,67.929053,0.194201
[MO833] Paramount Iteration,0,347,67.929763,0.194196
[MO833] Paramount Iteration,1,347,67.930861,0.194244
[MO833] Paramount Iteration,3,347,67.931231,0.194151
[MO833] Paramount Iteration,2,348,68.123347,0.194294
[MO833] Paramount Iteration,0,348,68.123992,0.194229
[MO833] Paramount Iteration,1,348,68.125085,0.194224
[MO833] Paramount Iteration,3,348,68.125449,0.194218
[MO833] Paramount Iteration,2,349,68.317398,0.194051
[MO833] Paramount Iteration,0,349,68.318030,0.194038
[MO833] Paramount Iteration,1,349,68.319229,0.194144
[MO833] Paramount Iteration,3,349,68.319634,0.194185
[MO833] Paramount Iteration,2,350,68.511584,0.194186
[MO833] Paramount Iteration,0,350,68.512242,0.194212
[MO833] Paramount Iteration,1,350,68.513345,0.194116
[MO833] Paramount Iteration,3,350,68.513768,0.194134
[MO833] Paramount Iteration,2,351,68.705546,0.193962
[MO833] Paramount Iteration,0,351,68.706168,0.193926
[MO833] Paramount Iteration,1,351,68.707289,0.193944
[MO833] Paramount Iteration,3,351,68.707708,0.193940
[MO833] Paramount Iteration,2,352,68.899753,0.194207
[MO833] Paramount Iteration,0,352,68.900243,0.194075
[MO833] Paramount Iteration,1,352,68.901399,0.194110
[MO833] Paramount Iteration,3,352,68.901754,0.194046
[MO833] Paramount Iteration,2,353,69.093879,0.194126
[MO833] Paramount Iteration,0,353,69.094560,0.194317
[MO833] Paramount Iteration,1,353,69.095662,0.194263
[MO833] Paramount Iteration,3,353,69.096095,0.194341
[MO833] Paramount Iteration,2,354,69.288491,0.194612
[MO833] Paramount Iteration,0,354,69.289051,0.194491
[MO833] Paramount Iteration,1,354,69.290184,0.194522
[MO833] Paramount Iteration,3,354,69.290567,0.194472
[MO833] Paramount Iteration,2,355,69.482664,0.194173
[MO833] Paramount Iteration,0,355,69.483155,0.194104
[MO833] Paramount Iteration,1,355,69.484350,0.194166
[MO833] Paramount Iteration,3,355,69.484671,0.194104
[MO833] Paramount Iteration,2,356,69.676708,0.194044
[MO833] Paramount Iteration,0,356,69.677242,0.194087
[MO833] Paramount Iteration,1,356,69.678422,0.194072
[MO833] Paramount Iteration,3,356,69.678832,0.194161
[MO833] Paramount Iteration,2,357,69.870626,0.193918
[MO833] Paramount Iteration,0,357,69.871228,0.193986
[MO833] Paramount Iteration,1,357,69.872388,0.193966
[MO833] Paramount Iteration,3,357,69.872799,0.193967
[MO833] Paramount Iteration,2,358,70.064827,0.194201
[MO833] Paramount Iteration,0,358,70.065606,0.194378
[MO833] Paramount Iteration,1,358,70.066634,0.194246
[MO833] Paramount Iteration,3,358,70.067133,0.194334
[MO833] Paramount Iteration,2,359,70.260091,0.195264
[MO833] Paramount Iteration,0,359,70.260608,0.195002
 Time step  360
[MO833] Paramount Iteration,1,359,70.261764,0.195130
[MO833] Paramount Iteration,3,359,70.262121,0.194988
[MO833] Paramount Iteration,2,360,70.454106,0.194015
[MO833] Paramount Iteration,0,360,70.454828,0.194220
[MO833] Paramount Iteration,1,360,70.455827,0.194063
[MO833] Paramount Iteration,3,360,70.456270,0.194149
[MO833] Paramount Iteration,2,361,70.648200,0.194094
[MO833] Paramount Iteration,0,361,70.648831,0.194003
[MO833] Paramount Iteration,1,361,70.649909,0.194082
[MO833] Paramount Iteration,3,361,70.650295,0.194025
[MO833] Paramount Iteration,2,362,70.842610,0.194410
[MO833] Paramount Iteration,0,362,70.843043,0.194212
[MO833] Paramount Iteration,1,362,70.844265,0.194356
[MO833] Paramount Iteration,3,362,70.844600,0.194305
[MO833] Paramount Iteration,2,363,71.036629,0.194019
[MO833] Paramount Iteration,0,363,71.037131,0.194088
[MO833] Paramount Iteration,1,363,71.038327,0.194062
[MO833] Paramount Iteration,3,363,71.038641,0.194041
[MO833] Paramount Iteration,2,364,71.230515,0.193886
[MO833] Paramount Iteration,0,364,71.231087,0.193956
[MO833] Paramount Iteration,1,364,71.232203,0.193876
[MO833] Paramount Iteration,3,364,71.232553,0.193912
[MO833] Paramount Iteration,2,365,71.424705,0.194190
[MO833] Paramount Iteration,0,365,71.425304,0.194217
[MO833] Paramount Iteration,1,365,71.426505,0.194302
[MO833] Paramount Iteration,3,365,71.426876,0.194323
[MO833] Paramount Iteration,2,366,71.618743,0.194038
[MO833] Paramount Iteration,0,366,71.619398,0.194094
[MO833] Paramount Iteration,1,366,71.620486,0.193981
[MO833] Paramount Iteration,3,366,71.620892,0.194016
[MO833] Paramount Iteration,2,367,71.812678,0.193935
[MO833] Paramount Iteration,0,367,71.813290,0.193892
[MO833] Paramount Iteration,1,367,71.814436,0.193950
[MO833] Paramount Iteration,3,367,71.814878,0.193986
[MO833] Paramount Iteration,2,368,72.007847,0.195169
[MO833] Paramount Iteration,0,368,72.008244,0.194954
[MO833] Paramount Iteration,1,368,72.009489,0.195053
[MO833] Paramount Iteration,3,368,72.009769,0.194891
[MO833] Paramount Iteration,2,369,72.202059,0.194212
[MO833] Paramount Iteration,0,369,72.202557,0.194313
[MO833] Paramount Iteration,1,369,72.203740,0.194251
[MO833] Paramount Iteration,3,369,72.204085,0.194316
[MO833] Paramount Iteration,2,370,72.396120,0.194061
[MO833] Paramount Iteration,0,370,72.396797,0.194240
[MO833] Paramount Iteration,1,370,72.397847,0.194107
[MO833] Paramount Iteration,3,370,72.398276,0.194191
[MO833] Paramount Iteration,2,371,72.590429,0.194309
[MO833] Paramount Iteration,0,371,72.590951,0.194154
[MO833] Paramount Iteration,1,371,72.592112,0.194265
[MO833] Paramount Iteration,3,371,72.592477,0.194201
[MO833] Paramount Iteration,2,372,72.784289,0.193860
[MO833] Paramount Iteration,0,372,72.784926,0.193975
[MO833] Paramount Iteration,1,372,72.786022,0.193910
[MO833] Paramount Iteration,3,372,72.786393,0.193916
[MO833] Paramount Iteration,2,373,72.978392,0.194103
[MO833] Paramount Iteration,0,373,72.978943,0.194017
[MO833] Paramount Iteration,1,373,72.980070,0.194048
[MO833] Paramount Iteration,3,373,72.980449,0.194056
[MO833] Paramount Iteration,2,374,73.172715,0.194323
[MO833] Paramount Iteration,0,374,73.173265,0.194322
[MO833] Paramount Iteration,1,374,73.174391,0.194321
[MO833] Paramount Iteration,3,374,73.174796,0.194347
[MO833] Paramount Iteration,1,375,73.369669,0.195278
[MO833] Paramount Iteration,2,375,73.370048,0.197333
[MO833] Paramount Iteration,3,375,73.370130,0.195334
[MO833] Paramount Iteration,0,375,73.370362,0.197097
[MO833] Paramount Iteration,2,376,73.563023,0.192975
[MO833] Paramount Iteration,0,376,73.563540,0.193178
[MO833] Paramount Iteration,1,376,73.564719,0.195050
[MO833] Paramount Iteration,3,376,73.565053,0.194923
[MO833] Paramount Iteration,2,377,73.757050,0.194027
[MO833] Paramount Iteration,0,377,73.757758,0.194218
[MO833] Paramount Iteration,1,377,73.758870,0.194151
[MO833] Paramount Iteration,3,377,73.759336,0.194283
[MO833] Paramount Iteration,2,378,73.951335,0.194285
[MO833] Paramount Iteration,0,378,73.951901,0.194143
[MO833] Paramount Iteration,1,378,73.953085,0.194215
[MO833] Paramount Iteration,3,378,73.953439,0.194103
[MO833] Paramount Iteration,2,379,74.145369,0.194034
[MO833] Paramount Iteration,0,379,74.145836,0.193935
 Time step  380
[MO833] Paramount Iteration,1,379,74.147127,0.194042
[MO833] Paramount Iteration,3,379,74.147432,0.193993
[MO833] Paramount Iteration,2,380,74.339536,0.194167
[MO833] Paramount Iteration,0,380,74.339990,0.194154
[MO833] Paramount Iteration,1,380,74.341191,0.194064
[MO833] Paramount Iteration,3,380,74.341480,0.194048
[MO833] Paramount Iteration,2,381,74.533751,0.194215
[MO833] Paramount Iteration,0,381,74.534201,0.194211
[MO833] Paramount Iteration,1,381,74.535421,0.194230
[MO833] Paramount Iteration,3,381,74.535726,0.194246
[MO833] Paramount Iteration,2,382,74.727576,0.193825
[MO833] Paramount Iteration,0,382,74.728209,0.194008
[MO833] Paramount Iteration,1,382,74.729340,0.193919
[MO833] Paramount Iteration,3,382,74.729672,0.193946
[MO833] Paramount Iteration,2,383,74.921564,0.193988
[MO833] Paramount Iteration,0,383,74.922235,0.194026
[MO833] Paramount Iteration,1,383,74.923294,0.193954
[MO833] Paramount Iteration,3,383,74.923715,0.194043
[MO833] Paramount Iteration,2,384,75.115853,0.194289
[MO833] Paramount Iteration,0,384,75.116359,0.194124
[MO833] Paramount Iteration,1,384,75.117556,0.194262
[MO833] Paramount Iteration,3,384,75.117870,0.194155
[MO833] Paramount Iteration,2,385,75.309998,0.194145
[MO833] Paramount Iteration,0,385,75.310594,0.194235
[MO833] Paramount Iteration,1,385,75.311731,0.194175
[MO833] Paramount Iteration,3,385,75.312129,0.194259
[MO833] Paramount Iteration,2,386,75.504169,0.194171
[MO833] Paramount Iteration,0,386,75.504735,0.194141
[MO833] Paramount Iteration,1,386,75.505893,0.194162
[MO833] Paramount Iteration,3,386,75.506222,0.194093
[MO833] Paramount Iteration,2,387,75.698722,0.194553
[MO833] Paramount Iteration,0,387,75.699209,0.194474
[MO833] Paramount Iteration,1,387,75.700370,0.194477
[MO833] Paramount Iteration,3,387,75.700731,0.194509
[MO833] Paramount Iteration,2,388,75.892567,0.193845
[MO833] Paramount Iteration,0,388,75.893283,0.194074
[MO833] Paramount Iteration,1,388,75.894336,0.193966
[MO833] Paramount Iteration,3,388,75.894765,0.194034
[MO833] Paramount Iteration,2,389,76.086590,0.194023
[MO833] Paramount Iteration,0,389,76.087129,0.193846
[MO833] Paramount Iteration,1,389,76.088266,0.193930
[MO833] Paramount Iteration,3,389,76.088624,0.193859
[MO833] Paramount Iteration,2,390,76.280415,0.193825
[MO833] Paramount Iteration,0,390,76.281038,0.193909
[MO833] Paramount Iteration,1,390,76.282154,0.193888
[MO833] Paramount Iteration,3,390,76.282562,0.193938
[MO833] Paramount Iteration,2,391,76.474851,0.194436
[MO833] Paramount Iteration,0,391,76.475460,0.194422
[MO833] Paramount Iteration,1,391,76.476583,0.194429
[MO833] Paramount Iteration,3,391,76.476917,0.194355
[MO833] Paramount Iteration,2,392,76.668639,0.193788
[MO833] Paramount Iteration,0,392,76.669208,0.193748
[MO833] Paramount Iteration,1,392,76.670310,0.193727
[MO833] Paramount Iteration,3,392,76.670753,0.193836
[MO833] Paramount Iteration,2,393,76.862793,0.194154
[MO833] Paramount Iteration,0,393,76.863390,0.194182
[MO833] Paramount Iteration,1,393,76.864525,0.194215
[MO833] Paramount Iteration,3,393,76.864877,0.194124
[MO833] Paramount Iteration,2,394,77.056836,0.194043
[MO833] Paramount Iteration,0,394,77.057351,0.193961
[MO833] Paramount Iteration,1,394,77.058522,0.193997
[MO833] Paramount Iteration,3,394,77.058908,0.194031
[MO833] Paramount Iteration,2,395,77.250767,0.193931
[MO833] Paramount Iteration,0,395,77.251326,0.193975
[MO833] Paramount Iteration,1,395,77.252477,0.193955
[MO833] Paramount Iteration,3,395,77.252852,0.193944
[MO833] Paramount Iteration,2,396,77.444717,0.193950
[MO833] Paramount Iteration,0,396,77.445406,0.194080
[MO833] Paramount Iteration,1,396,77.446502,0.194025
[MO833] Paramount Iteration,3,396,77.446907,0.194055
[MO833] Paramount Iteration,2,397,77.638810,0.194093
[MO833] Paramount Iteration,0,397,77.639234,0.193828
[MO833] Paramount Iteration,1,397,77.640459,0.193957
[MO833] Paramount Iteration,3,397,77.640734,0.193827
[MO833] Paramount Iteration,2,398,77.832577,0.193767
[MO833] Paramount Iteration,0,398,77.833230,0.193996
[MO833] Paramount Iteration,1,398,77.834321,0.193862
[MO833] Paramount Iteration,3,398,77.834770,0.194036
[MO833] Paramount Iteration,2,399,78.027264,0.194687
[MO833] Paramount Iteration,0,399,78.027635,0.194405
 Time step  400
[MO833] Paramount Iteration,1,399,78.028955,0.194634
[MO833] Paramount Iteration,3,399,78.029183,0.194413
[MO833] PI avg,2,0.194016,400
[MO833] Beta,2,0.000910
[MO833] PI avg,1,0.194021,400
[MO833] Beta,1,0.000890
 Verification being performed for class B
 accuracy setting for epsilon =  0.1000000000000E-07
 Comparison of RMS-norms of residual
           1 0.6903293579998E+02 0.6903293579998E+02 0.5661044255750E-13
           2 0.3095134488084E+02 0.3095134488084E+02 0.8861311101644E-13
           3 0.4103336647017E+02 0.4103336647017E+02 0.1163649876931E-12
           4 0.3864769009604E+02 0.3864769009604E+02 0.3051931275661E-13
           5 0.5643482272596E+02 0.5643482272596E+02 0.5590182788549E-13
 Comparison of RMS-norms of solution error
[MO833] PI avg,3,0.194021,400
[MO833] Beta,3,0.000886
           1 0.9810006190188E-02 0.9810006190188E-02 0.4792148474482E-13
           2 0.1022827905670E-02 0.1022827905670E-02 0.3962296783540E-12
           3 0.1720597911692E-02 0.1720597911692E-02 0.1548862126276E-12
           4 0.1694479428231E-02 0.1694479428231E-02 0.1122286041870E-12
           5 0.1847456263981E-01 0.1847456263981E-01 0.7624513174985E-13
 Verification Successful


 SP Benchmark Completed.
 Class           =                        B
 Size            =            102x 102x 102
 Iterations      =                      400
 Time in seconds =                    77.80
 Total processes =                        4
 Active procs    =                        4
 Mop/s total     =                  4562.98
 Mop/s/process   =                  1140.75
 Operation type  =           floating point
 Verification    =               SUCCESSFUL
 Version         =                      3.4
 Compile date    =              16 Jun 2020

 Compile options:
    MPIFC        = mpif90
    FLINK        = $(MPIFC)
    FMPI_LIB     = (none)
    FMPI_INC     = (none)
    FFLAGS       = -O3
    FLINKFLAGS   = $(FFLAGS) -O ../kernel_stats/kernel_stats.o...
    RAND         = (none)


 Please send feedbacks and/or the results of this run to:

 NPB Development Team 
 Internet: npb@nas.nasa.gov


[MO833] PI avg,0,0.194017,400
[MO833] Beta,0,0.000909
[MO833] Total time,78.292448
