--------------------------------------------------------------------------
[[49135,1],0]: A high-performance Open MPI point-to-point messaging module
was unable to find any relevant network interfaces:

Module: OpenFabrics (openib)
  Host: node06

Another transport will be used instead, although this may result in
lower performance.

NOTE: You can disable this warning by setting the MCA parameter
btl_base_warn_component_unused to 0.
--------------------------------------------------------------------------


 NAS Parallel Benchmarks 3.4 -- BT Benchmark

 No input file inputbt.data. Using compiled defaults
 Size:  162x 162x 162  (class C)
 Iterations:  200    dt:   0.0001000
 Total number of processes:     4

 Time step    1
[MO833] Paramount Iteration,0,1,4.608941,1.783907
[MO833] Paramount Iteration,2,1,4.605254,1.786712
[MO833] Paramount Iteration,3,1,4.610600,1.794919
[MO833] Paramount Iteration,1,1,4.619152,1.796928
[MO833] Paramount Iteration,0,2,6.334172,1.725231
[MO833] Paramount Iteration,2,2,6.332108,1.726854
[MO833] Paramount Iteration,3,2,6.332885,1.722285
[MO833] Paramount Iteration,1,2,6.342330,1.723178
[MO833] Paramount Iteration,0,3,8.087098,1.752926
[MO833] Paramount Iteration,3,3,8.085203,1.752318
[MO833] Paramount Iteration,1,3,8.093865,1.751535
[MO833] Paramount Iteration,2,3,8.095754,1.763646
[MO833] Paramount Iteration,0,4,9.837241,1.750143
[MO833] Paramount Iteration,1,4,9.837652,1.743787
[MO833] Paramount Iteration,3,4,9.835007,1.749804
[MO833] Paramount Iteration,2,4,9.850934,1.755180
[MO833] Paramount Iteration,0,5,11.537763,1.700522
[MO833] Paramount Iteration,2,5,11.535846,1.684912
[MO833] Paramount Iteration,3,5,11.536264,1.701257
[MO833] Paramount Iteration,1,5,11.545918,1.708266
[MO833] Paramount Iteration,0,6,13.227944,1.690181
[MO833] Paramount Iteration,3,6,13.225742,1.689478
[MO833] Paramount Iteration,1,6,13.235258,1.689340
[MO833] Paramount Iteration,2,6,13.248315,1.712469
[MO833] Paramount Iteration,0,7,14.922222,1.694278
[MO833] Paramount Iteration,3,7,14.920950,1.695208
[MO833] Paramount Iteration,2,7,14.924596,1.676281
[MO833] Paramount Iteration,1,7,14.931040,1.695782
[MO833] Paramount Iteration,0,8,16.654575,1.732353
[MO833] Paramount Iteration,2,8,16.652531,1.727935
[MO833] Paramount Iteration,3,8,16.652670,1.731720
[MO833] Paramount Iteration,1,8,16.662169,1.731129
[MO833] Paramount Iteration,0,9,18.359719,1.705144
[MO833] Paramount Iteration,2,9,18.357773,1.705242
[MO833] Paramount Iteration,3,9,18.358333,1.705663
[MO833] Paramount Iteration,1,9,18.367998,1.705829
[MO833] Paramount Iteration,2,10,20.085856,1.728083
[MO833] Paramount Iteration,3,10,20.088642,1.730309
[MO833] Paramount Iteration,1,10,20.096946,1.728948
[MO833] Paramount Iteration,0,10,20.108741,1.749022
[MO833] Paramount Iteration,0,11,21.784019,1.675278
[MO833] Paramount Iteration,2,11,21.782068,1.696212
[MO833] Paramount Iteration,3,11,21.782260,1.693618
[MO833] Paramount Iteration,1,11,21.791999,1.695053
[MO833] Paramount Iteration,0,12,23.483890,1.699871
[MO833] Paramount Iteration,2,12,23.481856,1.699788
[MO833] Paramount Iteration,3,12,23.482260,1.700000
[MO833] Paramount Iteration,1,12,23.491916,1.699917
[MO833] Paramount Iteration,0,13,25.183417,1.699527
[MO833] Paramount Iteration,2,13,25.181526,1.699670
[MO833] Paramount Iteration,3,13,25.181752,1.699492
[MO833] Paramount Iteration,1,13,25.191442,1.699526
[MO833] Paramount Iteration,0,14,26.863119,1.679702
[MO833] Paramount Iteration,2,14,26.861272,1.679746
[MO833] Paramount Iteration,3,14,26.861638,1.679886
[MO833] Paramount Iteration,1,14,26.871453,1.680011
[MO833] Paramount Iteration,0,15,28.541434,1.678315
[MO833] Paramount Iteration,2,15,28.539311,1.678039
[MO833] Paramount Iteration,3,15,28.539700,1.678062
[MO833] Paramount Iteration,1,15,28.549256,1.677803
[MO833] Paramount Iteration,3,16,30.218656,1.678956
[MO833] Paramount Iteration,1,16,30.225540,1.676284
[MO833] Paramount Iteration,2,16,30.225814,1.686503
[MO833] Paramount Iteration,0,16,30.245807,1.704373
[MO833] Paramount Iteration,0,17,31.959010,1.713203
[MO833] Paramount Iteration,3,17,31.956971,1.738315
[MO833] Paramount Iteration,2,17,31.963850,1.738036
[MO833] Paramount Iteration,1,17,31.973380,1.747840
[MO833] Paramount Iteration,0,18,33.657509,1.698499
[MO833] Paramount Iteration,2,18,33.655386,1.691536
[MO833] Paramount Iteration,3,18,33.655753,1.698782
[MO833] Paramount Iteration,1,18,33.665347,1.691967
[MO833] Paramount Iteration,0,19,35.335889,1.678380
 Time step   20
[MO833] Paramount Iteration,2,19,35.334072,1.678686
[MO833] Paramount Iteration,3,19,35.334266,1.678513
[MO833] Paramount Iteration,1,19,35.343995,1.678648
[MO833] Paramount Iteration,0,20,37.013180,1.677291
[MO833] Paramount Iteration,2,20,37.011176,1.677104
[MO833] Paramount Iteration,3,20,37.011523,1.677257
[MO833] Paramount Iteration,1,20,37.021105,1.677110
[MO833] Paramount Iteration,0,21,38.703665,1.690485
[MO833] Paramount Iteration,2,21,38.701564,1.690388
[MO833] Paramount Iteration,3,21,38.701649,1.690126
[MO833] Paramount Iteration,1,21,38.711099,1.689994
[MO833] Paramount Iteration,2,22,40.405174,1.703610
[MO833] Paramount Iteration,3,22,40.406405,1.704756
[MO833] Paramount Iteration,1,22,40.416026,1.704927
[MO833] Paramount Iteration,0,22,40.423264,1.719599
[MO833] Paramount Iteration,0,23,42.098537,1.675273
[MO833] Paramount Iteration,2,23,42.096574,1.691400
[MO833] Paramount Iteration,3,23,42.096829,1.690424
[MO833] Paramount Iteration,1,23,42.106563,1.690537
[MO833] Paramount Iteration,0,24,43.778274,1.679737
[MO833] Paramount Iteration,2,24,43.776182,1.679608
[MO833] Paramount Iteration,3,24,43.776658,1.679829
[MO833] Paramount Iteration,1,24,43.786159,1.679596
[MO833] Paramount Iteration,0,25,45.455438,1.677164
[MO833] Paramount Iteration,2,25,45.453349,1.677167
[MO833] Paramount Iteration,3,25,45.453464,1.676806
[MO833] Paramount Iteration,1,25,45.463029,1.676870
[MO833] Paramount Iteration,0,26,47.130153,1.674715
[MO833] Paramount Iteration,2,26,47.128035,1.674686
[MO833] Paramount Iteration,3,26,47.128206,1.674742
[MO833] Paramount Iteration,1,26,47.137778,1.674749
[MO833] Paramount Iteration,0,27,48.807348,1.677195
[MO833] Paramount Iteration,2,27,48.805478,1.677443
[MO833] Paramount Iteration,3,27,48.805806,1.677600
[MO833] Paramount Iteration,1,27,48.815480,1.677702
[MO833] Paramount Iteration,0,28,50.486980,1.679632
[MO833] Paramount Iteration,2,28,50.485115,1.679637
[MO833] Paramount Iteration,3,28,50.485349,1.679543
[MO833] Paramount Iteration,1,28,50.495123,1.679643
[MO833] Paramount Iteration,0,29,52.166254,1.679274
[MO833] Paramount Iteration,2,29,52.164210,1.679095
[MO833] Paramount Iteration,3,29,52.164606,1.679257
[MO833] Paramount Iteration,1,29,52.174279,1.679156
[MO833] Paramount Iteration,0,30,53.845195,1.678941
[MO833] Paramount Iteration,2,30,53.843090,1.678880
[MO833] Paramount Iteration,3,30,53.843469,1.678863
[MO833] Paramount Iteration,1,30,53.853064,1.678785
[MO833] Paramount Iteration,0,31,55.543578,1.698383
[MO833] Paramount Iteration,2,31,55.542430,1.699340
[MO833] Paramount Iteration,3,31,55.542104,1.698635
[MO833] Paramount Iteration,1,31,55.552299,1.699235
[MO833] Paramount Iteration,0,32,57.223798,1.680220
[MO833] Paramount Iteration,3,32,57.222683,1.680579
[MO833] Paramount Iteration,2,32,57.225965,1.683535
[MO833] Paramount Iteration,1,32,57.232534,1.680235
[MO833] Paramount Iteration,0,33,58.927134,1.703336
[MO833] Paramount Iteration,2,33,58.924809,1.698844
[MO833] Paramount Iteration,3,33,58.925523,1.702840
[MO833] Paramount Iteration,1,33,58.934944,1.702410
[MO833] Paramount Iteration,0,34,60.607914,1.680780
[MO833] Paramount Iteration,2,34,60.605866,1.681057
[MO833] Paramount Iteration,3,34,60.606177,1.680654
[MO833] Paramount Iteration,1,34,60.615780,1.680836
[MO833] Paramount Iteration,0,35,62.287422,1.679508
[MO833] Paramount Iteration,2,35,62.285405,1.679539
[MO833] Paramount Iteration,3,35,62.285736,1.679559
[MO833] Paramount Iteration,1,35,62.295365,1.679585
[MO833] Paramount Iteration,0,36,64.012987,1.725565
[MO833] Paramount Iteration,3,36,64.011102,1.725366
[MO833] Paramount Iteration,2,36,64.017542,1.732137
[MO833] Paramount Iteration,1,36,64.026995,1.731630
[MO833] Paramount Iteration,0,37,65.706224,1.693237
[MO833] Paramount Iteration,2,37,65.704069,1.686527
[MO833] Paramount Iteration,3,37,65.704439,1.693337
[MO833] Paramount Iteration,1,37,65.714112,1.687117
[MO833] Paramount Iteration,0,38,67.384933,1.678709
[MO833] Paramount Iteration,2,38,67.382983,1.678914
[MO833] Paramount Iteration,3,38,67.383408,1.678969
[MO833] Paramount Iteration,1,38,67.393150,1.679038
[MO833] Paramount Iteration,0,39,69.064920,1.679987
 Time step   40
[MO833] Paramount Iteration,2,39,69.063034,1.680051
[MO833] Paramount Iteration,3,39,69.063273,1.679865
[MO833] Paramount Iteration,1,39,69.072972,1.679822
[MO833] Paramount Iteration,2,40,70.745060,1.682026
[MO833] Paramount Iteration,3,40,70.746658,1.683385
[MO833] Paramount Iteration,0,40,70.756287,1.691367
[MO833] Paramount Iteration,1,40,70.756411,1.683439
[MO833] Paramount Iteration,0,41,72.426707,1.670420
[MO833] Paramount Iteration,2,41,72.424697,1.679637
[MO833] Paramount Iteration,3,41,72.425069,1.678411
[MO833] Paramount Iteration,1,41,72.434688,1.678277
[MO833] Paramount Iteration,0,42,74.106540,1.679833
[MO833] Paramount Iteration,2,42,74.104711,1.680014
[MO833] Paramount Iteration,3,42,74.104952,1.679883
[MO833] Paramount Iteration,1,42,74.114569,1.679881
[MO833] Paramount Iteration,0,43,75.787022,1.680482
[MO833] Paramount Iteration,2,43,75.784996,1.680285
[MO833] Paramount Iteration,3,43,75.785335,1.680383
[MO833] Paramount Iteration,1,43,75.795001,1.680432
[MO833] Paramount Iteration,0,44,77.464926,1.677904
[MO833] Paramount Iteration,2,44,77.462845,1.677849
[MO833] Paramount Iteration,3,44,77.463177,1.677842
[MO833] Paramount Iteration,1,44,77.472859,1.677858
[MO833] Paramount Iteration,0,45,79.144995,1.680069
[MO833] Paramount Iteration,2,45,79.143069,1.680224
[MO833] Paramount Iteration,3,45,79.143389,1.680212
[MO833] Paramount Iteration,1,45,79.153064,1.680205
[MO833] Paramount Iteration,0,46,80.856629,1.711634
[MO833] Paramount Iteration,2,46,80.854793,1.711724
[MO833] Paramount Iteration,3,46,80.855011,1.711622
[MO833] Paramount Iteration,1,46,80.864756,1.711692
[MO833] Paramount Iteration,0,47,82.540564,1.683935
[MO833] Paramount Iteration,2,47,82.538404,1.683611
[MO833] Paramount Iteration,3,47,82.538847,1.683836
[MO833] Paramount Iteration,1,47,82.548362,1.683606
[MO833] Paramount Iteration,0,48,84.220316,1.679752
[MO833] Paramount Iteration,2,48,84.218258,1.679854
[MO833] Paramount Iteration,3,48,84.218725,1.679878
[MO833] Paramount Iteration,1,48,84.228189,1.679827
[MO833] Paramount Iteration,2,49,85.898254,1.679996
[MO833] Paramount Iteration,3,49,85.902413,1.683688
[MO833] Paramount Iteration,1,49,85.909137,1.680948
[MO833] Paramount Iteration,0,49,85.928763,1.708447
[MO833] Paramount Iteration,0,50,87.595141,1.666378
[MO833] Paramount Iteration,2,50,87.591768,1.693514
[MO833] Paramount Iteration,3,50,87.593086,1.690673
[MO833] Paramount Iteration,1,50,87.601839,1.692702
[MO833] Paramount Iteration,0,51,89.273661,1.678520
[MO833] Paramount Iteration,2,51,89.270431,1.678663
[MO833] Paramount Iteration,3,51,89.271762,1.678676
[MO833] Paramount Iteration,1,51,89.280490,1.678651
[MO833] Paramount Iteration,0,52,90.953189,1.679528
[MO833] Paramount Iteration,2,52,90.949936,1.679505
[MO833] Paramount Iteration,3,52,90.951446,1.679684
[MO833] Paramount Iteration,1,52,90.960172,1.679682
[MO833] Paramount Iteration,0,53,92.654976,1.701787
[MO833] Paramount Iteration,2,53,92.652054,1.702118
[MO833] Paramount Iteration,3,53,92.653335,1.701889
[MO833] Paramount Iteration,1,53,92.662356,1.702184
[MO833] Paramount Iteration,0,54,94.364660,1.709684
[MO833] Paramount Iteration,3,54,94.362986,1.709651
[MO833] Paramount Iteration,2,54,94.369675,1.717621
[MO833] Paramount Iteration,1,54,94.379354,1.716998
[MO833] Paramount Iteration,0,55,96.041534,1.676874
[MO833] Paramount Iteration,3,55,96.039682,1.676696
[MO833] Paramount Iteration,2,55,96.046476,1.676801
[MO833] Paramount Iteration,1,55,96.055923,1.676569
[MO833] Paramount Iteration,0,56,97.722321,1.680787
[MO833] Paramount Iteration,3,56,97.720302,1.680620
[MO833] Paramount Iteration,2,56,97.727132,1.680656
[MO833] Paramount Iteration,1,56,97.736578,1.680655
[MO833] Paramount Iteration,0,57,99.397836,1.675515
[MO833] Paramount Iteration,3,57,99.396056,1.675754
[MO833] Paramount Iteration,2,57,99.402818,1.675686
[MO833] Paramount Iteration,1,57,99.412284,1.675706
[MO833] Paramount Iteration,0,58,101.073935,1.676099
[MO833] Paramount Iteration,3,58,101.071961,1.675905
[MO833] Paramount Iteration,2,58,101.078918,1.676100
[MO833] Paramount Iteration,1,58,101.088350,1.676066
[MO833] Paramount Iteration,0,59,102.762237,1.688302
 Time step   60
[MO833] Paramount Iteration,3,59,102.760619,1.688658
[MO833] Paramount Iteration,2,59,102.767205,1.688287
[MO833] Paramount Iteration,1,59,102.776877,1.688527
[MO833] Paramount Iteration,3,60,104.434387,1.673768
[MO833] Paramount Iteration,2,60,104.440725,1.673520
[MO833] Paramount Iteration,1,60,104.450700,1.673823
[MO833] Paramount Iteration,0,60,104.462302,1.700065
[MO833] Paramount Iteration,0,61,106.118838,1.656536
[MO833] Paramount Iteration,3,61,106.116988,1.682601
[MO833] Paramount Iteration,2,61,106.123747,1.683022
[MO833] Paramount Iteration,1,61,106.133228,1.682528
[MO833] Paramount Iteration,0,62,107.795232,1.676394
[MO833] Paramount Iteration,3,62,107.793162,1.676174
[MO833] Paramount Iteration,2,62,107.800165,1.676418
[MO833] Paramount Iteration,1,62,107.809673,1.676445
[MO833] Paramount Iteration,0,63,109.471701,1.676469
[MO833] Paramount Iteration,3,63,109.469691,1.676529
[MO833] Paramount Iteration,2,63,109.476448,1.676283
[MO833] Paramount Iteration,1,63,109.485822,1.676149
[MO833] Paramount Iteration,0,64,111.147558,1.675857
[MO833] Paramount Iteration,3,64,111.145528,1.675837
[MO833] Paramount Iteration,2,64,111.152469,1.676021
[MO833] Paramount Iteration,1,64,111.161909,1.676087
[MO833] Paramount Iteration,0,65,112.827905,1.680347
[MO833] Paramount Iteration,3,65,112.825973,1.680445
[MO833] Paramount Iteration,2,65,112.832665,1.680196
[MO833] Paramount Iteration,1,65,112.842248,1.680339
[MO833] Paramount Iteration,0,66,114.503040,1.675135
[MO833] Paramount Iteration,3,66,114.501097,1.675124
[MO833] Paramount Iteration,2,66,114.507957,1.675292
[MO833] Paramount Iteration,1,66,114.517493,1.675245
[MO833] Paramount Iteration,0,67,116.180598,1.677558
[MO833] Paramount Iteration,3,67,116.178950,1.677853
[MO833] Paramount Iteration,2,67,116.184713,1.676756
[MO833] Paramount Iteration,1,67,116.194110,1.676617
[MO833] Paramount Iteration,0,68,117.857607,1.677009
[MO833] Paramount Iteration,3,68,117.856070,1.677120
[MO833] Paramount Iteration,2,68,117.861633,1.676920
[MO833] Paramount Iteration,1,68,117.870894,1.676784
[MO833] Paramount Iteration,0,69,119.533351,1.675744
[MO833] Paramount Iteration,3,69,119.531696,1.675626
[MO833] Paramount Iteration,2,69,119.537588,1.675955
[MO833] Paramount Iteration,1,69,119.546988,1.676094
[MO833] Paramount Iteration,0,70,121.210754,1.677403
[MO833] Paramount Iteration,3,70,121.209196,1.677500
[MO833] Paramount Iteration,2,70,121.214926,1.677338
[MO833] Paramount Iteration,1,70,121.224366,1.677378
[MO833] Paramount Iteration,0,71,122.887780,1.677026
[MO833] Paramount Iteration,3,71,122.886047,1.676851
[MO833] Paramount Iteration,2,71,122.891774,1.676848
[MO833] Paramount Iteration,1,71,122.901157,1.676791
[MO833] Paramount Iteration,0,72,124.565334,1.677554
[MO833] Paramount Iteration,3,72,124.563778,1.677731
[MO833] Paramount Iteration,2,72,124.569242,1.677468
[MO833] Paramount Iteration,1,72,124.578556,1.677399
[MO833] Paramount Iteration,0,73,126.294746,1.729412
[MO833] Paramount Iteration,3,73,126.293301,1.729523
[MO833] Paramount Iteration,2,73,126.298228,1.728986
[MO833] Paramount Iteration,1,73,126.307734,1.729178
[MO833] Paramount Iteration,0,74,127.995955,1.701209
[MO833] Paramount Iteration,3,74,127.994323,1.701022
[MO833] Paramount Iteration,2,74,127.999969,1.701741
[MO833] Paramount Iteration,1,74,128.009384,1.701650
[MO833] Paramount Iteration,0,75,129.669992,1.674037
[MO833] Paramount Iteration,3,75,129.668209,1.673886
[MO833] Paramount Iteration,2,75,129.673587,1.673618
[MO833] Paramount Iteration,1,75,129.682681,1.673297
[MO833] Paramount Iteration,0,76,131.341974,1.671982
[MO833] Paramount Iteration,3,76,131.340400,1.672191
[MO833] Paramount Iteration,2,76,131.345731,1.672144
[MO833] Paramount Iteration,1,76,131.355132,1.672451
[MO833] Paramount Iteration,0,77,133.017438,1.675464
[MO833] Paramount Iteration,3,77,133.015670,1.675270
[MO833] Paramount Iteration,2,77,133.020978,1.675247
[MO833] Paramount Iteration,1,77,133.030155,1.675023
[MO833] Paramount Iteration,0,78,134.772541,1.755103
[MO833] Paramount Iteration,3,78,134.769187,1.753517
[MO833] Paramount Iteration,2,78,134.775275,1.754297
[MO833] Paramount Iteration,1,78,134.783367,1.753212
[MO833] Paramount Iteration,0,79,136.508521,1.735980
 Time step   80
[MO833] Paramount Iteration,3,79,136.507072,1.737885
[MO833] Paramount Iteration,2,79,136.511713,1.736438
[MO833] Paramount Iteration,1,79,136.521296,1.737929
[MO833] Paramount Iteration,0,80,138.182323,1.673802
[MO833] Paramount Iteration,3,80,138.180729,1.673657
[MO833] Paramount Iteration,2,80,138.186313,1.674600
[MO833] Paramount Iteration,1,80,138.195704,1.674408
[MO833] Paramount Iteration,0,81,139.859269,1.676946
[MO833] Paramount Iteration,3,81,139.857698,1.676969
[MO833] Paramount Iteration,2,81,139.863194,1.676881
[MO833] Paramount Iteration,1,81,139.872645,1.676941
[MO833] Paramount Iteration,0,82,141.535739,1.676470
[MO833] Paramount Iteration,3,82,141.534411,1.676713
[MO833] Paramount Iteration,2,82,141.539905,1.676711
[MO833] Paramount Iteration,1,82,141.549616,1.676971
[MO833] Paramount Iteration,0,83,143.249332,1.713593
[MO833] Paramount Iteration,3,83,143.248008,1.713597
[MO833] Paramount Iteration,2,83,143.253625,1.713720
[MO833] Paramount Iteration,1,83,143.263182,1.713566
[MO833] Paramount Iteration,0,84,144.926925,1.677593
[MO833] Paramount Iteration,3,84,144.925392,1.677384
[MO833] Paramount Iteration,2,84,144.930836,1.677211
[MO833] Paramount Iteration,1,84,144.940255,1.677073
[MO833] Paramount Iteration,0,85,146.606529,1.679604
[MO833] Paramount Iteration,3,85,146.605256,1.679864
[MO833] Paramount Iteration,2,85,146.610644,1.679808
[MO833] Paramount Iteration,1,85,146.620279,1.680024
[MO833] Paramount Iteration,0,86,148.300583,1.694054
[MO833] Paramount Iteration,3,86,148.299102,1.693846
[MO833] Paramount Iteration,2,86,148.304522,1.693878
[MO833] Paramount Iteration,1,86,148.313968,1.693689
[MO833] Paramount Iteration,0,87,149.977014,1.676431
[MO833] Paramount Iteration,3,87,149.975478,1.676376
[MO833] Paramount Iteration,2,87,149.980980,1.676458
[MO833] Paramount Iteration,1,87,149.990464,1.676496
[MO833] Paramount Iteration,0,88,151.677921,1.700907
[MO833] Paramount Iteration,3,88,151.675867,1.700389
[MO833] Paramount Iteration,2,88,151.686172,1.705192
[MO833] Paramount Iteration,1,88,151.690841,1.700377
[MO833] Paramount Iteration,0,89,153.389318,1.711397
[MO833] Paramount Iteration,3,89,153.388027,1.712160
[MO833] Paramount Iteration,2,89,153.393184,1.707012
[MO833] Paramount Iteration,1,89,153.402876,1.712035
[MO833] Paramount Iteration,0,90,155.105984,1.716666
[MO833] Paramount Iteration,3,90,155.104669,1.716642
[MO833] Paramount Iteration,2,90,155.110265,1.717081
[MO833] Paramount Iteration,1,90,155.119873,1.716997
[MO833] Paramount Iteration,0,91,156.818548,1.712564
[MO833] Paramount Iteration,3,91,156.817155,1.712486
[MO833] Paramount Iteration,2,91,156.822846,1.712581
[MO833] Paramount Iteration,1,91,156.832491,1.712618
[MO833] Paramount Iteration,0,92,158.503416,1.684868
[MO833] Paramount Iteration,3,92,158.501794,1.684639
[MO833] Paramount Iteration,2,92,158.507458,1.684612
[MO833] Paramount Iteration,1,92,158.516879,1.684388
[MO833] Paramount Iteration,0,93,160.193225,1.689809
[MO833] Paramount Iteration,3,93,160.191963,1.690169
[MO833] Paramount Iteration,2,93,160.197268,1.689810
[MO833] Paramount Iteration,1,93,160.206913,1.690034
[MO833] Paramount Iteration,0,94,161.869766,1.676541
[MO833] Paramount Iteration,3,94,161.868201,1.676238
[MO833] Paramount Iteration,2,94,161.873748,1.676480
[MO833] Paramount Iteration,1,94,161.883114,1.676201
[MO833] Paramount Iteration,0,95,163.546744,1.676978
[MO833] Paramount Iteration,3,95,163.545196,1.676995
[MO833] Paramount Iteration,2,95,163.550775,1.677027
[MO833] Paramount Iteration,1,95,163.560152,1.677038
[MO833] Paramount Iteration,0,96,165.222354,1.675610
[MO833] Paramount Iteration,3,96,165.220540,1.675344
[MO833] Paramount Iteration,2,96,165.226018,1.675243
[MO833] Paramount Iteration,1,96,165.235286,1.675134
[MO833] Paramount Iteration,0,97,166.894839,1.672485
[MO833] Paramount Iteration,3,97,166.892957,1.672417
[MO833] Paramount Iteration,2,97,166.898477,1.672459
[MO833] Paramount Iteration,1,97,166.907690,1.672404
[MO833] Paramount Iteration,0,98,168.568861,1.674022
[MO833] Paramount Iteration,3,98,168.567317,1.674360
[MO833] Paramount Iteration,2,98,168.572818,1.674341
[MO833] Paramount Iteration,1,98,168.582156,1.674466
[MO833] Paramount Iteration,0,99,170.281839,1.712978
 Time step  100
[MO833] Paramount Iteration,3,99,170.280604,1.713287
[MO833] Paramount Iteration,2,99,170.286108,1.713290
[MO833] Paramount Iteration,1,99,170.295670,1.713514
[MO833] Paramount Iteration,0,100,171.987926,1.706087
[MO833] Paramount Iteration,3,100,171.985183,1.704579
[MO833] Paramount Iteration,1,100,171.999773,1.704103
[MO833] Paramount Iteration,2,100,172.013312,1.727204
[MO833] Paramount Iteration,0,101,173.678304,1.690378
[MO833] Paramount Iteration,3,101,173.676657,1.691474
[MO833] Paramount Iteration,2,101,173.682151,1.668839
[MO833] Paramount Iteration,1,101,173.691580,1.691807
[MO833] Paramount Iteration,0,102,175.353152,1.674848
[MO833] Paramount Iteration,3,102,175.351155,1.674498
[MO833] Paramount Iteration,2,102,175.358729,1.676578
[MO833] Paramount Iteration,1,102,175.368256,1.676676
[MO833] Paramount Iteration,0,103,177.033729,1.680577
[MO833] Paramount Iteration,3,103,177.032101,1.680946
[MO833] Paramount Iteration,2,103,177.038501,1.679772
[MO833] Paramount Iteration,1,103,177.048060,1.679804
[MO833] Paramount Iteration,0,104,178.712495,1.678766
[MO833] Paramount Iteration,3,104,178.710501,1.678400
[MO833] Paramount Iteration,2,104,178.717316,1.678815
[MO833] Paramount Iteration,1,104,178.726685,1.678625
[MO833] Paramount Iteration,0,105,180.390765,1.678270
[MO833] Paramount Iteration,3,105,180.388843,1.678342
[MO833] Paramount Iteration,2,105,180.395544,1.678228
[MO833] Paramount Iteration,1,105,180.404963,1.678278
[MO833] Paramount Iteration,0,106,182.069062,1.678297
[MO833] Paramount Iteration,3,106,182.067290,1.678447
[MO833] Paramount Iteration,2,106,182.073677,1.678133
[MO833] Paramount Iteration,1,106,182.083032,1.678069
[MO833] Paramount Iteration,0,107,183.747326,1.678264
[MO833] Paramount Iteration,3,107,183.745727,1.678437
[MO833] Paramount Iteration,2,107,183.752092,1.678415
[MO833] Paramount Iteration,1,107,183.761735,1.678703
[MO833] Paramount Iteration,0,108,185.424082,1.676756
[MO833] Paramount Iteration,3,108,185.422166,1.676439
[MO833] Paramount Iteration,2,108,185.428884,1.676792
[MO833] Paramount Iteration,1,108,185.438373,1.676638
[MO833] Paramount Iteration,0,109,187.112333,1.688251
[MO833] Paramount Iteration,3,109,187.110610,1.688444
[MO833] Paramount Iteration,2,109,187.116884,1.688000
[MO833] Paramount Iteration,1,109,187.126308,1.687935
[MO833] Paramount Iteration,0,110,188.789281,1.676948
[MO833] Paramount Iteration,3,110,188.787479,1.676869
[MO833] Paramount Iteration,2,110,188.793896,1.677012
[MO833] Paramount Iteration,1,110,188.803349,1.677041
[MO833] Paramount Iteration,0,111,190.467655,1.678374
[MO833] Paramount Iteration,3,111,190.465747,1.678268
[MO833] Paramount Iteration,2,111,190.472137,1.678241
[MO833] Paramount Iteration,1,111,190.481608,1.678259
[MO833] Paramount Iteration,0,112,192.145246,1.677591
[MO833] Paramount Iteration,3,112,192.143416,1.677669
[MO833] Paramount Iteration,2,112,192.149911,1.677774
[MO833] Paramount Iteration,1,112,192.159376,1.677768
[MO833] Paramount Iteration,0,113,193.847016,1.701770
[MO833] Paramount Iteration,3,113,193.845424,1.702008
[MO833] Paramount Iteration,2,113,193.851882,1.701971
[MO833] Paramount Iteration,1,113,193.861560,1.702184
[MO833] Paramount Iteration,0,114,195.558220,1.711204
[MO833] Paramount Iteration,3,114,195.556364,1.710940
[MO833] Paramount Iteration,2,114,195.562969,1.711087
[MO833] Paramount Iteration,1,114,195.572378,1.710818
[MO833] Paramount Iteration,0,115,197.236552,1.678332
[MO833] Paramount Iteration,3,115,197.234744,1.678380
[MO833] Paramount Iteration,2,115,197.241292,1.678323
[MO833] Paramount Iteration,1,115,197.250661,1.678283
[MO833] Paramount Iteration,0,116,198.914123,1.677571
[MO833] Paramount Iteration,3,116,198.912225,1.677481
[MO833] Paramount Iteration,2,116,198.918799,1.677507
[MO833] Paramount Iteration,1,116,198.928216,1.677555
[MO833] Paramount Iteration,0,117,200.590466,1.676343
[MO833] Paramount Iteration,3,117,200.588550,1.676325
[MO833] Paramount Iteration,2,117,200.595202,1.676403
[MO833] Paramount Iteration,1,117,200.604717,1.676501
[MO833] Paramount Iteration,0,118,202.268249,1.677783
[MO833] Paramount Iteration,3,118,202.266427,1.677877
[MO833] Paramount Iteration,2,118,202.272988,1.677786
[MO833] Paramount Iteration,1,118,202.282426,1.677709
[MO833] Paramount Iteration,0,119,203.945004,1.676755
 Time step  120
[MO833] Paramount Iteration,3,119,203.942943,1.676516
[MO833] Paramount Iteration,2,119,203.949274,1.676286
[MO833] Paramount Iteration,1,119,203.958486,1.676060
[MO833] Paramount Iteration,0,120,205.618934,1.673930
[MO833] Paramount Iteration,3,120,205.615486,1.672543
[MO833] Paramount Iteration,2,120,205.656259,1.706985
[MO833] Paramount Iteration,1,120,205.666384,1.707898
[MO833] Paramount Iteration,0,121,207.328980,1.710046
[MO833] Paramount Iteration,3,121,207.326379,1.710893
[MO833] Paramount Iteration,1,121,207.340403,1.674019
[MO833] Paramount Iteration,2,121,207.353856,1.697597
[MO833] Paramount Iteration,0,122,209.020166,1.691186
[MO833] Paramount Iteration,3,122,209.018567,1.692188
[MO833] Paramount Iteration,2,122,209.024067,1.670211
[MO833] Paramount Iteration,1,122,209.033387,1.692984
[MO833] Paramount Iteration,0,123,210.696666,1.676500
[MO833] Paramount Iteration,3,123,210.695006,1.676439
[MO833] Paramount Iteration,2,123,210.700655,1.676588
[MO833] Paramount Iteration,1,123,210.710133,1.676746
[MO833] Paramount Iteration,0,124,212.373563,1.676897
[MO833] Paramount Iteration,3,124,212.371986,1.676980
[MO833] Paramount Iteration,2,124,212.377530,1.676875
[MO833] Paramount Iteration,1,124,212.386938,1.676805
[MO833] Paramount Iteration,0,125,214.049729,1.676166
[MO833] Paramount Iteration,3,125,214.048177,1.676191
[MO833] Paramount Iteration,2,125,214.053764,1.676234
[MO833] Paramount Iteration,1,125,214.063194,1.676256
[MO833] Paramount Iteration,0,126,215.782534,1.732805
[MO833] Paramount Iteration,2,126,215.786013,1.732249
[MO833] Paramount Iteration,3,126,215.786618,1.738441
[MO833] Paramount Iteration,1,126,215.800508,1.737314
[MO833] Paramount Iteration,0,127,217.470564,1.688030
[MO833] Paramount Iteration,3,127,217.468910,1.682292
[MO833] Paramount Iteration,2,127,217.474564,1.688551
[MO833] Paramount Iteration,1,127,217.483902,1.683394
[MO833] Paramount Iteration,0,128,219.144151,1.673587
[MO833] Paramount Iteration,3,128,219.142225,1.673315
[MO833] Paramount Iteration,2,128,219.147890,1.673326
[MO833] Paramount Iteration,1,128,219.157145,1.673243
[MO833] Paramount Iteration,0,129,220.819149,1.674998
[MO833] Paramount Iteration,3,129,220.816629,1.674404
[MO833] Paramount Iteration,1,129,220.830872,1.673727
[MO833] Paramount Iteration,2,129,220.833232,1.685342
[MO833] Paramount Iteration,0,130,222.497492,1.678343
[MO833] Paramount Iteration,3,130,222.495967,1.679338
[MO833] Paramount Iteration,2,130,222.501578,1.668346
[MO833] Paramount Iteration,1,130,222.511008,1.680136
[MO833] Paramount Iteration,0,131,224.174120,1.676628
[MO833] Paramount Iteration,3,131,224.172563,1.676596
[MO833] Paramount Iteration,2,131,224.178069,1.676491
[MO833] Paramount Iteration,1,131,224.187432,1.676424
[MO833] Paramount Iteration,0,132,225.862123,1.688003
[MO833] Paramount Iteration,3,132,225.860496,1.687933
[MO833] Paramount Iteration,2,132,225.866086,1.688017
[MO833] Paramount Iteration,1,132,225.875453,1.688021
[MO833] Paramount Iteration,0,133,227.537856,1.675733
[MO833] Paramount Iteration,3,133,227.536274,1.675778
[MO833] Paramount Iteration,2,133,227.541844,1.675758
[MO833] Paramount Iteration,1,133,227.551219,1.675766
[MO833] Paramount Iteration,0,134,229.212065,1.674209
[MO833] Paramount Iteration,3,134,229.210470,1.674196
[MO833] Paramount Iteration,2,134,229.216130,1.674286
[MO833] Paramount Iteration,1,134,229.225600,1.674381
[MO833] Paramount Iteration,0,135,230.888513,1.676448
[MO833] Paramount Iteration,3,135,230.886922,1.676452
[MO833] Paramount Iteration,2,135,230.892368,1.676238
[MO833] Paramount Iteration,1,135,230.901712,1.676112
[MO833] Paramount Iteration,0,136,232.564979,1.676466
[MO833] Paramount Iteration,3,136,232.563404,1.676482
[MO833] Paramount Iteration,2,136,232.568838,1.676470
[MO833] Paramount Iteration,1,136,232.578240,1.676528
[MO833] Paramount Iteration,0,137,234.241171,1.676192
[MO833] Paramount Iteration,3,137,234.239533,1.676129
[MO833] Paramount Iteration,2,137,234.245350,1.676512
[MO833] Paramount Iteration,1,137,234.254642,1.676402
[MO833] Paramount Iteration,0,138,235.918114,1.676943
[MO833] Paramount Iteration,3,138,235.916577,1.677044
[MO833] Paramount Iteration,2,138,235.922154,1.676804
[MO833] Paramount Iteration,1,138,235.931526,1.676884
[MO833] Paramount Iteration,0,139,237.594268,1.676154
 Time step  140
[MO833] Paramount Iteration,3,139,237.592784,1.676207
[MO833] Paramount Iteration,2,139,237.598193,1.676039
[MO833] Paramount Iteration,1,139,237.607573,1.676047
[MO833] Paramount Iteration,3,140,239.269073,1.676289
[MO833] Paramount Iteration,2,140,239.274506,1.676313
[MO833] Paramount Iteration,0,140,239.283412,1.689144
[MO833] Paramount Iteration,1,140,239.284773,1.677200
[MO833] Paramount Iteration,0,141,240.944763,1.661351
[MO833] Paramount Iteration,3,141,240.942848,1.673775
[MO833] Paramount Iteration,2,141,240.948494,1.673988
[MO833] Paramount Iteration,1,141,240.957701,1.672928
[MO833] Paramount Iteration,0,142,242.616895,1.672132
[MO833] Paramount Iteration,3,142,242.615163,1.672315
[MO833] Paramount Iteration,2,142,242.620510,1.672016
[MO833] Paramount Iteration,1,142,242.629603,1.671902
[MO833] Paramount Iteration,0,143,244.288917,1.672022
[MO833] Paramount Iteration,3,143,244.287262,1.672099
[MO833] Paramount Iteration,2,143,244.292847,1.672337
[MO833] Paramount Iteration,1,143,244.302254,1.672651
[MO833] Paramount Iteration,0,144,246.003233,1.714316
[MO833] Paramount Iteration,2,144,245.998399,1.705552
[MO833] Paramount Iteration,3,144,246.000825,1.713563
[MO833] Paramount Iteration,1,144,246.008296,1.706042
[MO833] Paramount Iteration,0,145,247.680202,1.676969
[MO833] Paramount Iteration,3,145,247.678439,1.677614
[MO833] Paramount Iteration,2,145,247.684182,1.685783
[MO833] Paramount Iteration,1,145,247.693611,1.685315
[MO833] Paramount Iteration,0,146,249.357019,1.676817
[MO833] Paramount Iteration,3,146,249.355362,1.676923
[MO833] Paramount Iteration,2,146,249.360965,1.676783
[MO833] Paramount Iteration,1,146,249.370376,1.676765
[MO833] Paramount Iteration,0,147,251.032995,1.675976
[MO833] Paramount Iteration,3,147,251.031492,1.676130
[MO833] Paramount Iteration,2,147,251.037089,1.676124
[MO833] Paramount Iteration,1,147,251.046488,1.676112
[MO833] Paramount Iteration,0,148,252.708099,1.675104
[MO833] Paramount Iteration,3,148,252.706543,1.675051
[MO833] Paramount Iteration,2,148,252.711803,1.674714
[MO833] Paramount Iteration,1,148,252.721256,1.674768
[MO833] Paramount Iteration,0,149,254.384259,1.676160
[MO833] Paramount Iteration,3,149,254.382696,1.676153
[MO833] Paramount Iteration,2,149,254.388268,1.676465
[MO833] Paramount Iteration,1,149,254.397705,1.676449
[MO833] Paramount Iteration,0,150,256.060740,1.676481
[MO833] Paramount Iteration,3,150,256.059163,1.676467
[MO833] Paramount Iteration,2,150,256.064786,1.676518
[MO833] Paramount Iteration,1,150,256.074163,1.676458
[MO833] Paramount Iteration,0,151,257.737495,1.676755
[MO833] Paramount Iteration,3,151,257.735873,1.676710
[MO833] Paramount Iteration,2,151,257.741388,1.676602
[MO833] Paramount Iteration,1,151,257.750741,1.676578
[MO833] Paramount Iteration,0,152,259.413528,1.676033
[MO833] Paramount Iteration,3,152,259.412185,1.676312
[MO833] Paramount Iteration,2,152,259.417495,1.676107
[MO833] Paramount Iteration,1,152,259.426882,1.676141
[MO833] Paramount Iteration,0,153,261.089674,1.676146
[MO833] Paramount Iteration,3,153,261.088158,1.675973
[MO833] Paramount Iteration,2,153,261.093616,1.676121
[MO833] Paramount Iteration,1,153,261.102992,1.676110
[MO833] Paramount Iteration,0,154,262.766075,1.676401
[MO833] Paramount Iteration,3,154,262.764558,1.676400
[MO833] Paramount Iteration,2,154,262.770099,1.676483
[MO833] Paramount Iteration,1,154,262.779531,1.676539
[MO833] Paramount Iteration,0,155,264.442627,1.676552
[MO833] Paramount Iteration,3,155,264.441014,1.676456
[MO833] Paramount Iteration,2,155,264.446701,1.676602
[MO833] Paramount Iteration,1,155,264.456103,1.676572
[MO833] Paramount Iteration,0,156,266.118875,1.676248
[MO833] Paramount Iteration,3,156,266.116242,1.675228
[MO833] Paramount Iteration,1,156,266.130668,1.674565
[MO833] Paramount Iteration,2,156,266.141886,1.695185
[MO833] Paramount Iteration,0,157,267.807056,1.688181
[MO833] Paramount Iteration,3,157,267.805547,1.689305
[MO833] Paramount Iteration,2,157,267.810902,1.669016
[MO833] Paramount Iteration,1,157,267.820336,1.689668
[MO833] Paramount Iteration,0,158,269.484066,1.677010
[MO833] Paramount Iteration,3,158,269.482600,1.677053
[MO833] Paramount Iteration,2,158,269.488031,1.677129
[MO833] Paramount Iteration,1,158,269.497623,1.677287
[MO833] Paramount Iteration,3,159,271.158499,1.675899
[MO833] Paramount Iteration,2,159,271.162481,1.674450
[MO833] Paramount Iteration,1,159,271.172516,1.674893
[MO833] Paramount Iteration,0,159,271.182265,1.698199
 Time step  160
[MO833] Paramount Iteration,0,160,272.840443,1.658178
[MO833] Paramount Iteration,3,160,272.838886,1.680387
[MO833] Paramount Iteration,2,160,272.844433,1.681952
[MO833] Paramount Iteration,1,160,272.853952,1.681436
[MO833] Paramount Iteration,0,161,274.517063,1.676620
[MO833] Paramount Iteration,3,161,274.515520,1.676634
[MO833] Paramount Iteration,2,161,274.520959,1.676526
[MO833] Paramount Iteration,1,161,274.530342,1.676390
[MO833] Paramount Iteration,0,162,276.193715,1.676652
[MO833] Paramount Iteration,3,162,276.192255,1.676735
[MO833] Paramount Iteration,2,162,276.197787,1.676828
[MO833] Paramount Iteration,1,162,276.207155,1.676813
[MO833] Paramount Iteration,0,163,277.870523,1.676808
[MO833] Paramount Iteration,3,163,277.868940,1.676685
[MO833] Paramount Iteration,2,163,277.874569,1.676782
[MO833] Paramount Iteration,1,163,277.883897,1.676742
[MO833] Paramount Iteration,0,164,279.546503,1.675980
[MO833] Paramount Iteration,3,164,279.544850,1.675910
[MO833] Paramount Iteration,2,164,279.550489,1.675920
[MO833] Paramount Iteration,1,164,279.560013,1.676116
[MO833] Paramount Iteration,0,165,281.223231,1.676728
[MO833] Paramount Iteration,3,165,281.221542,1.676692
[MO833] Paramount Iteration,2,165,281.227260,1.676771
[MO833] Paramount Iteration,1,165,281.236644,1.676631
[MO833] Paramount Iteration,0,166,282.899825,1.676594
[MO833] Paramount Iteration,3,166,282.898350,1.676808
[MO833] Paramount Iteration,2,166,282.903881,1.676621
[MO833] Paramount Iteration,1,166,282.913443,1.676799
[MO833] Paramount Iteration,0,167,284.576513,1.676688
[MO833] Paramount Iteration,3,167,284.574858,1.676508
[MO833] Paramount Iteration,2,167,284.580531,1.676650
[MO833] Paramount Iteration,1,167,284.589895,1.676452
[MO833] Paramount Iteration,0,168,286.252891,1.676378
[MO833] Paramount Iteration,3,168,286.251145,1.676287
[MO833] Paramount Iteration,2,168,286.256993,1.676462
[MO833] Paramount Iteration,1,168,286.266326,1.676431
[MO833] Paramount Iteration,0,169,287.929340,1.676449
[MO833] Paramount Iteration,3,169,287.927701,1.676556
[MO833] Paramount Iteration,2,169,287.933396,1.676403
[MO833] Paramount Iteration,1,169,287.942806,1.676480
[MO833] Paramount Iteration,0,170,289.605489,1.676149
[MO833] Paramount Iteration,3,170,289.603830,1.676129
[MO833] Paramount Iteration,2,170,289.609464,1.676068
[MO833] Paramount Iteration,1,170,289.618839,1.676033
[MO833] Paramount Iteration,0,171,291.280380,1.674891
[MO833] Paramount Iteration,3,171,291.278904,1.675074
[MO833] Paramount Iteration,2,171,291.284279,1.674815
[MO833] Paramount Iteration,1,171,291.293663,1.674824
[MO833] Paramount Iteration,0,172,292.956689,1.676309
[MO833] Paramount Iteration,3,172,292.955053,1.676149
[MO833] Paramount Iteration,2,172,292.960610,1.676331
[MO833] Paramount Iteration,1,172,292.969984,1.676321
[MO833] Paramount Iteration,0,173,294.633131,1.676442
[MO833] Paramount Iteration,3,173,294.631336,1.676283
[MO833] Paramount Iteration,2,173,294.637848,1.677238
[MO833] Paramount Iteration,1,173,294.647282,1.677298
[MO833] Paramount Iteration,0,174,296.311421,1.678290
[MO833] Paramount Iteration,3,174,296.309250,1.677914
[MO833] Paramount Iteration,2,174,296.315871,1.678023
[MO833] Paramount Iteration,1,174,296.325128,1.677846
[MO833] Paramount Iteration,0,175,297.989327,1.677906
[MO833] Paramount Iteration,3,175,297.987486,1.678236
[MO833] Paramount Iteration,2,175,297.993941,1.678070
[MO833] Paramount Iteration,1,175,298.003332,1.678204
[MO833] Paramount Iteration,0,176,299.670552,1.681225
[MO833] Paramount Iteration,3,176,299.668564,1.681078
[MO833] Paramount Iteration,2,176,299.675096,1.681155
[MO833] Paramount Iteration,1,176,299.684513,1.681181
[MO833] Paramount Iteration,0,177,301.348820,1.678268
[MO833] Paramount Iteration,3,177,301.346930,1.678366
[MO833] Paramount Iteration,2,177,301.353510,1.678414
[MO833] Paramount Iteration,1,177,301.362929,1.678416
[MO833] Paramount Iteration,0,178,303.051130,1.702310
[MO833] Paramount Iteration,3,178,303.049001,1.702071
[MO833] Paramount Iteration,2,178,303.055559,1.702049
[MO833] Paramount Iteration,1,178,303.064776,1.701847
[MO833] Paramount Iteration,0,179,304.727145,1.676015
 Time step  180
[MO833] Paramount Iteration,3,179,304.725290,1.676289
[MO833] Paramount Iteration,2,179,304.731885,1.676326
[MO833] Paramount Iteration,1,179,304.741388,1.676612
[MO833] Paramount Iteration,0,180,306.475022,1.747877
[MO833] Paramount Iteration,3,180,306.473201,1.747911
[MO833] Paramount Iteration,2,180,306.479672,1.747787
[MO833] Paramount Iteration,1,180,306.489263,1.747875
[MO833] Paramount Iteration,0,181,308.160188,1.685166
[MO833] Paramount Iteration,3,181,308.158296,1.685095
[MO833] Paramount Iteration,2,181,308.164987,1.685315
[MO833] Paramount Iteration,1,181,308.174502,1.685239
[MO833] Paramount Iteration,0,182,309.837963,1.677775
[MO833] Paramount Iteration,3,182,309.836077,1.677781
[MO833] Paramount Iteration,2,182,309.842784,1.677797
[MO833] Paramount Iteration,1,182,309.852234,1.677732
[MO833] Paramount Iteration,0,183,311.516126,1.678163
[MO833] Paramount Iteration,3,183,311.514300,1.678223
[MO833] Paramount Iteration,2,183,311.520861,1.678077
[MO833] Paramount Iteration,1,183,311.530271,1.678037
[MO833] Paramount Iteration,0,184,313.193639,1.677513
[MO833] Paramount Iteration,3,184,313.191705,1.677405
[MO833] Paramount Iteration,2,184,313.198591,1.677730
[MO833] Paramount Iteration,1,184,313.208082,1.677811
[MO833] Paramount Iteration,0,185,314.871386,1.677747
[MO833] Paramount Iteration,3,185,314.869510,1.677805
[MO833] Paramount Iteration,2,185,314.876096,1.677505
[MO833] Paramount Iteration,1,185,314.885547,1.677465
[MO833] Paramount Iteration,0,186,316.549522,1.678136
[MO833] Paramount Iteration,3,186,316.547538,1.678028
[MO833] Paramount Iteration,2,186,316.554251,1.678155
[MO833] Paramount Iteration,1,186,316.563702,1.678155
[MO833] Paramount Iteration,0,187,318.227357,1.677835
[MO833] Paramount Iteration,3,187,318.225510,1.677972
[MO833] Paramount Iteration,2,187,318.231965,1.677714
[MO833] Paramount Iteration,1,187,318.241464,1.677762
[MO833] Paramount Iteration,0,188,319.905595,1.678238
[MO833] Paramount Iteration,3,188,319.903687,1.678177
[MO833] Paramount Iteration,2,188,319.910571,1.678606
[MO833] Paramount Iteration,1,188,319.919996,1.678532
[MO833] Paramount Iteration,0,189,321.584186,1.678591
[MO833] Paramount Iteration,3,189,321.582314,1.678627
[MO833] Paramount Iteration,2,189,321.588635,1.678064
[MO833] Paramount Iteration,1,189,321.598093,1.678097
[MO833] Paramount Iteration,0,190,323.261070,1.676884
[MO833] Paramount Iteration,3,190,323.259419,1.677105
[MO833] Paramount Iteration,2,190,323.265825,1.677190
[MO833] Paramount Iteration,1,190,323.275330,1.677237
[MO833] Paramount Iteration,0,191,324.939136,1.678066
[MO833] Paramount Iteration,3,191,324.937141,1.677722
[MO833] Paramount Iteration,2,191,324.943860,1.678035
[MO833] Paramount Iteration,1,191,324.953368,1.678038
[MO833] Paramount Iteration,3,192,326.614972,1.677831
[MO833] Paramount Iteration,2,192,326.619989,1.676129
[MO833] Paramount Iteration,1,192,326.629928,1.676560
[MO833] Paramount Iteration,0,192,326.642637,1.703501
[MO833] Paramount Iteration,0,193,328.301565,1.658928
[MO833] Paramount Iteration,3,193,328.299709,1.684737
[MO833] Paramount Iteration,2,193,328.306201,1.686212
[MO833] Paramount Iteration,1,193,328.315688,1.685760
[MO833] Paramount Iteration,0,194,329.979713,1.678148
[MO833] Paramount Iteration,3,194,329.977705,1.677996
[MO833] Paramount Iteration,2,194,329.984348,1.678147
[MO833] Paramount Iteration,1,194,329.993803,1.678115
[MO833] Paramount Iteration,0,195,331.657254,1.677541
[MO833] Paramount Iteration,3,195,331.655320,1.677615
[MO833] Paramount Iteration,2,195,331.661943,1.677595
[MO833] Paramount Iteration,1,195,331.671306,1.677503
[MO833] Paramount Iteration,0,196,333.334926,1.677672
[MO833] Paramount Iteration,3,196,333.332980,1.677660
[MO833] Paramount Iteration,2,196,333.339628,1.677685
[MO833] Paramount Iteration,1,196,333.349093,1.677787
[MO833] Paramount Iteration,0,197,335.013177,1.678251
[MO833] Paramount Iteration,3,197,335.011416,1.678436
[MO833] Paramount Iteration,2,197,335.017994,1.678366
[MO833] Paramount Iteration,1,197,335.027492,1.678399
[MO833] Paramount Iteration,0,198,336.720746,1.707569
[MO833] Paramount Iteration,3,198,336.718838,1.707422
[MO833] Paramount Iteration,2,198,336.725386,1.707392
[MO833] Paramount Iteration,1,198,336.734841,1.707349
[MO833] Paramount Iteration,0,199,338.405581,1.684835
 Time step  200
[MO833] Paramount Iteration,3,199,338.403510,1.684672
[MO833] Paramount Iteration,2,199,338.409799,1.684413
[MO833] Paramount Iteration,1,199,338.419045,1.684204
 Verification being performed for class C
 accuracy setting for epsilon =  0.1000000000000E-07
 Comparison of RMS-norms of residual
           1 0.6239811655176E+04 0.6239811655176E+04 0.4226945909422E-14
           2 0.5079323919042E+03 0.5079323919042E+03 0.2238227754985E-15
           3 0.1542353009301E+04 0.1542353009301E+04 0.7813259821725E-14
           4 0.1330238792929E+04 0.1330238792929E+04 0.3760393161243E-14
[MO833] PI avg,3,1.677939,200
[MO833] Beta,3,0.000720
[MO833] PI avg,2,1.677956,200
[MO833] Beta,2,0.000709
[MO833] PI avg,1,1.677984,200
[MO833] Beta,1,0.000692
           5 0.1160408742844E+05 0.1160408742844E+05 0.1018902278698E-13
 Comparison of RMS-norms of solution error
           1 0.1646200836909E+03 0.1646200836909E+03 0.5179509472933E-15
           2 0.1149710790382E+02 0.1149710790382E+02 0.3399102695540E-14
           3 0.4120744620746E+02 0.4120744620746E+02 0.1379445320989E-14
           4 0.3708765105969E+02 0.3708765105969E+02 0.9770820876587E-14
           5 0.3621105305184E+03 0.3621105305184E+03 0.3139561767476E-14
 Verification Successful


 BT Benchmark Completed.
 Class           =                        C
 Size            =            162x 162x 162
 Iterations      =                      200
 Time in seconds =                   337.27
 Total processes =                        4
 Active procs    =                        4
 Mop/s total     =                  8498.42
 Mop/s/process   =                  2124.60
 Operation type  =           floating point
 Verification    =               SUCCESSFUL
 Version         =                      3.4
 Compile date    =              16 Jun 2020

 Compile options:
    MPIFC        = mpif90
    FLINK        = $(MPIFC)
    FMPI_LIB     = (none)
    FMPI_INC     = (none)
    FFLAGS       = -O3
    FLINKFLAGS   = $(FFLAGS) -O ../kernel_stats/kernel_stats.o...
    RAND         = (none)


 Please send feedbacks and/or the results of this run to:

 NPB Development Team 
 Internet: npb@nas.nasa.gov


[MO833] PI avg,0,1.677903,200
[MO833] Beta,0,0.000743
[MO833] Total time,340.329847
