--------------------------------------------------------------------------
[[50109,1],0]: A high-performance Open MPI point-to-point messaging module
was unable to find any relevant network interfaces:

Module: OpenFabrics (openib)
  Host: node06

Another transport will be used instead, although this may result in
lower performance.

NOTE: You can disable this warning by setting the MCA parameter
btl_base_warn_component_unused to 0.
--------------------------------------------------------------------------


 NAS Parallel Benchmarks 3.4 -- SP Benchmark

 No input file inputsp.data. Using compiled defaults
 Size:  162x 162x 162  (class C)
 Iterations:  400    dt:   0.0006700
 Total number of processes:     4

 Time step    1
[MO833] Paramount Iteration,0,1,2.806754,0.896133
[MO833] Paramount Iteration,3,1,2.807842,0.897207
[MO833] Paramount Iteration,1,1,2.808391,0.897753
[MO833] Paramount Iteration,2,1,2.812133,0.901516
[MO833] Paramount Iteration,1,2,3.741648,0.933257
[MO833] Paramount Iteration,2,2,3.749182,0.937049
[MO833] Paramount Iteration,3,2,3.755735,0.947893
[MO833] Paramount Iteration,0,2,3.759043,0.952289
[MO833] Paramount Iteration,2,3,4.664371,0.915189
[MO833] Paramount Iteration,3,3,4.674801,0.919066
[MO833] Paramount Iteration,1,3,4.675051,0.933403
[MO833] Paramount Iteration,0,3,4.676812,0.917769
[MO833] Paramount Iteration,1,4,5.561726,0.886675
[MO833] Paramount Iteration,2,4,5.574671,0.910300
[MO833] Paramount Iteration,3,4,5.576958,0.902157
[MO833] Paramount Iteration,0,4,5.580624,0.903812
[MO833] Paramount Iteration,3,5,6.506430,0.929472
[MO833] Paramount Iteration,1,5,6.506500,0.944774
[MO833] Paramount Iteration,0,5,6.507191,0.926567
[MO833] Paramount Iteration,2,5,6.508200,0.933529
[MO833] Paramount Iteration,0,6,7.404012,0.896821
[MO833] Paramount Iteration,2,6,7.404765,0.896565
[MO833] Paramount Iteration,3,6,7.410779,0.904349
[MO833] Paramount Iteration,1,6,7.411277,0.904777
[MO833] Paramount Iteration,0,7,8.303371,0.899359
[MO833] Paramount Iteration,2,7,8.304908,0.900143
[MO833] Paramount Iteration,3,7,8.323404,0.912625
[MO833] Paramount Iteration,1,7,8.325490,0.914213
[MO833] Paramount Iteration,2,8,9.219212,0.914304
[MO833] Paramount Iteration,3,8,9.220341,0.896937
[MO833] Paramount Iteration,1,8,9.220495,0.895005
[MO833] Paramount Iteration,0,8,9.226001,0.922630
[MO833] Paramount Iteration,2,9,10.099910,0.880698
[MO833] Paramount Iteration,1,9,10.106092,0.885597
[MO833] Paramount Iteration,3,9,10.119745,0.899404
[MO833] Paramount Iteration,0,9,10.122736,0.896735
[MO833] Paramount Iteration,0,10,11.010491,0.887755
[MO833] Paramount Iteration,3,10,11.017226,0.897481
[MO833] Paramount Iteration,1,10,11.018008,0.911916
[MO833] Paramount Iteration,2,10,11.018251,0.918341
[MO833] Paramount Iteration,2,11,11.910970,0.892719
[MO833] Paramount Iteration,3,11,11.917596,0.900370
[MO833] Paramount Iteration,1,11,11.918046,0.900038
[MO833] Paramount Iteration,0,11,11.923135,0.912644
[MO833] Paramount Iteration,0,12,12.848079,0.924944
[MO833] Paramount Iteration,2,12,12.848737,0.937767
[MO833] Paramount Iteration,3,12,12.854609,0.937013
[MO833] Paramount Iteration,1,12,12.854868,0.936822
[MO833] Paramount Iteration,0,13,13.748174,0.900095
[MO833] Paramount Iteration,2,13,13.748846,0.900109
[MO833] Paramount Iteration,3,13,13.754740,0.900131
[MO833] Paramount Iteration,1,13,13.755223,0.900355
[MO833] Paramount Iteration,0,14,14.642337,0.894163
[MO833] Paramount Iteration,3,14,14.649271,0.894531
[MO833] Paramount Iteration,1,14,14.649955,0.894732
[MO833] Paramount Iteration,2,14,14.655356,0.906510
[MO833] Paramount Iteration,0,15,15.544421,0.902084
[MO833] Paramount Iteration,2,15,15.544602,0.889246
[MO833] Paramount Iteration,3,15,15.550792,0.901521
[MO833] Paramount Iteration,1,15,15.551077,0.901122
[MO833] Paramount Iteration,0,16,16.441288,0.896867
[MO833] Paramount Iteration,2,16,16.444212,0.899610
[MO833] Paramount Iteration,3,16,16.462223,0.911431
[MO833] Paramount Iteration,1,16,16.465267,0.914190
[MO833] Paramount Iteration,0,17,17.350971,0.909683
[MO833] Paramount Iteration,2,17,17.351283,0.907071
[MO833] Paramount Iteration,3,17,17.357423,0.895200
[MO833] Paramount Iteration,1,17,17.357741,0.892474
[MO833] Paramount Iteration,0,18,18.244151,0.893180
[MO833] Paramount Iteration,3,18,18.251222,0.893799
[MO833] Paramount Iteration,1,18,18.251457,0.893716
[MO833] Paramount Iteration,2,18,18.256871,0.905588
[MO833] Paramount Iteration,2,19,19.144179,0.887308
[MO833] Paramount Iteration,3,19,19.150571,0.899349
[MO833] Paramount Iteration,1,19,19.151301,0.899844
[MO833] Paramount Iteration,0,19,19.156099,0.911948
 Time step   20
[MO833] Paramount Iteration,0,20,20.037041,0.880942
[MO833] Paramount Iteration,3,20,20.043469,0.892898
[MO833] Paramount Iteration,1,20,20.057328,0.906027
[MO833] Paramount Iteration,2,20,20.060618,0.916439
[MO833] Paramount Iteration,0,21,20.947965,0.910924
[MO833] Paramount Iteration,2,21,20.948677,0.888059
[MO833] Paramount Iteration,3,21,20.954530,0.911061
[MO833] Paramount Iteration,1,21,20.955030,0.897702
[MO833] Paramount Iteration,0,22,21.840563,0.892598
[MO833] Paramount Iteration,2,22,21.840999,0.892322
[MO833] Paramount Iteration,3,22,21.847117,0.892587
[MO833] Paramount Iteration,1,22,21.847358,0.892328
[MO833] Paramount Iteration,0,23,22.734617,0.894054
[MO833] Paramount Iteration,3,23,22.741749,0.894632
[MO833] Paramount Iteration,1,23,22.742304,0.894946
[MO833] Paramount Iteration,2,23,22.747610,0.906611
[MO833] Paramount Iteration,2,24,23.633695,0.886085
[MO833] Paramount Iteration,3,24,23.640285,0.898536
[MO833] Paramount Iteration,1,24,23.640837,0.898533
[MO833] Paramount Iteration,0,24,23.646616,0.911999
[MO833] Paramount Iteration,0,25,24.558112,0.911496
[MO833] Paramount Iteration,2,25,24.568577,0.934882
[MO833] Paramount Iteration,3,25,24.573095,0.932810
[MO833] Paramount Iteration,1,25,24.591587,0.950750
[MO833] Paramount Iteration,0,26,25.490817,0.932705
[MO833] Paramount Iteration,2,26,25.491502,0.922925
[MO833] Paramount Iteration,3,26,25.497506,0.924411
[MO833] Paramount Iteration,1,26,25.497973,0.906386
[MO833] Paramount Iteration,0,27,26.381967,0.891150
[MO833] Paramount Iteration,2,27,26.382229,0.890727
[MO833] Paramount Iteration,3,27,26.388435,0.890929
[MO833] Paramount Iteration,1,27,26.388626,0.890653
[MO833] Paramount Iteration,0,28,27.276098,0.894131
[MO833] Paramount Iteration,3,28,27.282881,0.894446
[MO833] Paramount Iteration,1,28,27.283348,0.894722
[MO833] Paramount Iteration,2,28,27.284503,0.902274
[MO833] Paramount Iteration,0,29,28.177770,0.901672
[MO833] Paramount Iteration,2,29,28.178311,0.893808
[MO833] Paramount Iteration,3,29,28.184366,0.901485
[MO833] Paramount Iteration,1,29,28.184760,0.901412
[MO833] Paramount Iteration,2,30,29.077454,0.899143
[MO833] Paramount Iteration,3,30,29.084563,0.900197
[MO833] Paramount Iteration,1,30,29.084761,0.900001
[MO833] Paramount Iteration,0,30,29.091535,0.913765
[MO833] Paramount Iteration,0,31,29.979547,0.888012
[MO833] Paramount Iteration,2,31,29.980450,0.902996
[MO833] Paramount Iteration,3,31,29.985937,0.901374
[MO833] Paramount Iteration,1,31,29.986611,0.901850
[MO833] Paramount Iteration,0,32,30.874788,0.895241
[MO833] Paramount Iteration,2,32,30.875634,0.895184
[MO833] Paramount Iteration,3,32,30.881276,0.895339
[MO833] Paramount Iteration,1,32,30.881657,0.895046
[MO833] Paramount Iteration,0,33,31.770153,0.895365
[MO833] Paramount Iteration,2,33,31.770896,0.895262
[MO833] Paramount Iteration,3,33,31.776738,0.895462
[MO833] Paramount Iteration,1,33,31.777213,0.895556
[MO833] Paramount Iteration,0,34,32.671389,0.901236
[MO833] Paramount Iteration,2,34,32.674242,0.903346
[MO833] Paramount Iteration,3,34,32.690611,0.913873
[MO833] Paramount Iteration,1,34,32.694857,0.917644
[MO833] Paramount Iteration,0,35,33.581120,0.909731
[MO833] Paramount Iteration,3,35,33.588199,0.897588
[MO833] Paramount Iteration,1,35,33.588705,0.893848
[MO833] Paramount Iteration,2,35,33.595916,0.921674
[MO833] Paramount Iteration,0,36,34.485323,0.904203
[MO833] Paramount Iteration,2,36,34.485889,0.889973
[MO833] Paramount Iteration,3,36,34.491954,0.903755
[MO833] Paramount Iteration,1,36,34.492255,0.903550
[MO833] Paramount Iteration,0,37,35.382965,0.897642
[MO833] Paramount Iteration,2,37,35.383551,0.897662
[MO833] Paramount Iteration,3,37,35.389588,0.897634
[MO833] Paramount Iteration,1,37,35.389938,0.897683
[MO833] Paramount Iteration,2,38,36.278614,0.895063
[MO833] Paramount Iteration,3,38,36.285250,0.895662
[MO833] Paramount Iteration,1,38,36.285606,0.895668
[MO833] Paramount Iteration,0,38,36.290805,0.907840
[MO833] Paramount Iteration,0,39,37.179106,0.888301
 Time step   40
[MO833] Paramount Iteration,2,39,37.180108,0.901494
[MO833] Paramount Iteration,3,39,37.185659,0.900409
[MO833] Paramount Iteration,1,39,37.186363,0.900757
[MO833] Paramount Iteration,0,40,38.072884,0.893778
[MO833] Paramount Iteration,2,40,38.073361,0.893253
[MO833] Paramount Iteration,3,40,38.079504,0.893845
[MO833] Paramount Iteration,1,40,38.079773,0.893410
[MO833] Paramount Iteration,0,41,38.968976,0.896092
[MO833] Paramount Iteration,2,41,38.969569,0.896208
[MO833] Paramount Iteration,3,41,38.975654,0.896150
[MO833] Paramount Iteration,1,41,38.975959,0.896186
[MO833] Paramount Iteration,2,42,39.857570,0.888001
[MO833] Paramount Iteration,1,42,39.863857,0.887898
[MO833] Paramount Iteration,3,42,39.877463,0.901809
[MO833] Paramount Iteration,0,42,39.880478,0.911502
[MO833] Paramount Iteration,0,43,40.768810,0.888332
[MO833] Paramount Iteration,2,43,40.769587,0.912017
[MO833] Paramount Iteration,3,43,40.775443,0.897980
[MO833] Paramount Iteration,1,43,40.775922,0.912065
[MO833] Paramount Iteration,0,44,41.663807,0.894997
[MO833] Paramount Iteration,2,44,41.670690,0.901103
[MO833] Paramount Iteration,3,44,41.671423,0.895980
[MO833] Paramount Iteration,1,44,41.672060,0.896138
[MO833] Paramount Iteration,0,45,42.561990,0.898183
[MO833] Paramount Iteration,2,45,42.562343,0.891653
[MO833] Paramount Iteration,3,45,42.568480,0.897057
[MO833] Paramount Iteration,1,45,42.568757,0.896697
[MO833] Paramount Iteration,0,46,43.458867,0.896877
[MO833] Paramount Iteration,2,46,43.459294,0.896951
[MO833] Paramount Iteration,3,46,43.465381,0.896901
[MO833] Paramount Iteration,1,46,43.465726,0.896969
[MO833] Paramount Iteration,2,47,44.354491,0.895197
[MO833] Paramount Iteration,3,47,44.361315,0.895934
[MO833] Paramount Iteration,1,47,44.361532,0.895806
[MO833] Paramount Iteration,0,47,44.366772,0.907905
[MO833] Paramount Iteration,0,48,45.255381,0.888609
[MO833] Paramount Iteration,2,48,45.255928,0.901437
[MO833] Paramount Iteration,3,48,45.262002,0.900687
[MO833] Paramount Iteration,1,48,45.262455,0.900923
[MO833] Paramount Iteration,0,49,46.149158,0.893777
[MO833] Paramount Iteration,2,49,46.149587,0.893659
[MO833] Paramount Iteration,3,49,46.155773,0.893771
[MO833] Paramount Iteration,1,49,46.156027,0.893572
[MO833] Paramount Iteration,0,50,47.044725,0.895567
[MO833] Paramount Iteration,2,50,47.045510,0.895923
[MO833] Paramount Iteration,3,50,47.051360,0.895587
[MO833] Paramount Iteration,1,50,47.051783,0.895756
[MO833] Paramount Iteration,0,51,47.941565,0.896840
[MO833] Paramount Iteration,2,51,47.941886,0.896376
[MO833] Paramount Iteration,3,51,47.948193,0.896833
[MO833] Paramount Iteration,1,51,47.948377,0.896594
[MO833] Paramount Iteration,0,52,48.882838,0.941273
[MO833] Paramount Iteration,3,52,48.883929,0.935736
[MO833] Paramount Iteration,2,52,48.901415,0.959529
[MO833] Paramount Iteration,1,52,48.908093,0.959716
[MO833] Paramount Iteration,0,53,49.803241,0.920403
[MO833] Paramount Iteration,2,53,49.803606,0.902191
[MO833] Paramount Iteration,3,53,49.809774,0.925845
[MO833] Paramount Iteration,1,53,49.810015,0.901922
[MO833] Paramount Iteration,0,54,50.697635,0.894394
[MO833] Paramount Iteration,2,54,50.704234,0.900628
[MO833] Paramount Iteration,3,54,50.705160,0.895386
[MO833] Paramount Iteration,1,54,50.705554,0.895539
[MO833] Paramount Iteration,0,55,51.595722,0.898087
[MO833] Paramount Iteration,2,55,51.596398,0.892164
[MO833] Paramount Iteration,3,55,51.602323,0.897163
[MO833] Paramount Iteration,1,55,51.602727,0.897173
[MO833] Paramount Iteration,0,56,52.492405,0.896683
[MO833] Paramount Iteration,2,56,52.492741,0.896343
[MO833] Paramount Iteration,3,56,52.498935,0.896612
[MO833] Paramount Iteration,1,56,52.499087,0.896360
[MO833] Paramount Iteration,0,57,53.389440,0.897035
[MO833] Paramount Iteration,2,57,53.390381,0.897640
[MO833] Paramount Iteration,3,57,53.395998,0.897063
[MO833] Paramount Iteration,1,57,53.396585,0.897498
[MO833] Paramount Iteration,2,58,54.283544,0.893163
[MO833] Paramount Iteration,0,58,54.287996,0.898556
[MO833] Paramount Iteration,3,58,54.290308,0.894310
[MO833] Paramount Iteration,1,58,54.290788,0.894203
[MO833] Paramount Iteration,0,59,55.177933,0.889937
 Time step   60
[MO833] Paramount Iteration,2,59,55.178347,0.894803
[MO833] Paramount Iteration,3,59,55.184312,0.894004
[MO833] Paramount Iteration,1,59,55.184556,0.893768
[MO833] Paramount Iteration,0,60,56.070689,0.892756
[MO833] Paramount Iteration,2,60,56.071137,0.892790
[MO833] Paramount Iteration,3,60,56.077038,0.892726
[MO833] Paramount Iteration,1,60,56.077333,0.892777
[MO833] Paramount Iteration,0,61,56.964209,0.893520
[MO833] Paramount Iteration,2,61,56.964943,0.893806
[MO833] Paramount Iteration,3,61,56.970876,0.893838
[MO833] Paramount Iteration,1,61,56.971419,0.894086
[MO833] Paramount Iteration,0,62,57.861851,0.897642
[MO833] Paramount Iteration,2,62,57.862581,0.897638
[MO833] Paramount Iteration,3,62,57.868419,0.897543
[MO833] Paramount Iteration,1,62,57.868961,0.897542
[MO833] Paramount Iteration,0,63,58.759434,0.897583
[MO833] Paramount Iteration,2,63,58.759970,0.897389
[MO833] Paramount Iteration,3,63,58.765993,0.897574
[MO833] Paramount Iteration,1,63,58.766359,0.897398
[MO833] Paramount Iteration,0,64,59.649662,0.890228
[MO833] Paramount Iteration,2,64,59.649961,0.889991
[MO833] Paramount Iteration,3,64,59.656087,0.890094
[MO833] Paramount Iteration,1,64,59.656380,0.890021
[MO833] Paramount Iteration,0,65,60.545819,0.896157
[MO833] Paramount Iteration,2,65,60.546038,0.896077
[MO833] Paramount Iteration,3,65,60.552502,0.896415
[MO833] Paramount Iteration,1,65,60.552683,0.896303
[MO833] Paramount Iteration,0,66,61.439999,0.894180
[MO833] Paramount Iteration,2,66,61.446367,0.900329
[MO833] Paramount Iteration,3,66,61.447660,0.895158
[MO833] Paramount Iteration,1,66,61.447849,0.895166
[MO833] Paramount Iteration,0,67,62.341191,0.901192
[MO833] Paramount Iteration,2,67,62.341972,0.895605
[MO833] Paramount Iteration,3,67,62.347809,0.900149
[MO833] Paramount Iteration,1,67,62.348260,0.900411
[MO833] Paramount Iteration,0,68,63.238017,0.896826
[MO833] Paramount Iteration,2,68,63.238665,0.896693
[MO833] Paramount Iteration,3,68,63.244491,0.896682
[MO833] Paramount Iteration,1,68,63.244915,0.896655
[MO833] Paramount Iteration,0,69,64.135029,0.897012
[MO833] Paramount Iteration,2,69,64.135563,0.896898
[MO833] Paramount Iteration,3,69,64.141601,0.897110
[MO833] Paramount Iteration,1,69,64.141941,0.897026
[MO833] Paramount Iteration,0,70,65.042733,0.907704
[MO833] Paramount Iteration,3,70,65.050853,0.909252
[MO833] Paramount Iteration,2,70,65.053368,0.917805
[MO833] Paramount Iteration,1,70,65.072488,0.930547
[MO833] Paramount Iteration,2,71,65.965203,0.911835
[MO833] Paramount Iteration,0,71,65.965336,0.922603
[MO833] Paramount Iteration,1,71,65.971812,0.899324
[MO833] Paramount Iteration,3,71,65.971983,0.921130
[MO833] Paramount Iteration,0,72,66.876838,0.911502
[MO833] Paramount Iteration,2,72,66.877214,0.912011
[MO833] Paramount Iteration,3,72,66.883544,0.911561
[MO833] Paramount Iteration,1,72,66.883855,0.912043
[MO833] Paramount Iteration,0,73,67.771489,0.894651
[MO833] Paramount Iteration,2,73,67.772495,0.895281
[MO833] Paramount Iteration,3,73,67.778301,0.894757
[MO833] Paramount Iteration,1,73,67.778768,0.894913
[MO833] Paramount Iteration,0,74,68.666940,0.895451
[MO833] Paramount Iteration,2,74,68.667315,0.894820
[MO833] Paramount Iteration,3,74,68.673350,0.895049
[MO833] Paramount Iteration,1,74,68.673699,0.894931
[MO833] Paramount Iteration,0,75,69.562561,0.895621
[MO833] Paramount Iteration,2,75,69.563153,0.895838
[MO833] Paramount Iteration,3,75,69.569013,0.895663
[MO833] Paramount Iteration,1,75,69.569512,0.895813
[MO833] Paramount Iteration,0,76,70.458510,0.895949
[MO833] Paramount Iteration,2,76,70.458977,0.895824
[MO833] Paramount Iteration,3,76,70.464995,0.895982
[MO833] Paramount Iteration,1,76,70.465316,0.895804
[MO833] Paramount Iteration,0,77,71.353704,0.895194
[MO833] Paramount Iteration,2,77,71.354612,0.895635
[MO833] Paramount Iteration,3,77,71.360121,0.895126
[MO833] Paramount Iteration,1,77,71.360821,0.895505
[MO833] Paramount Iteration,2,78,72.238933,0.884321
[MO833] Paramount Iteration,1,78,72.245064,0.884243
[MO833] Paramount Iteration,3,78,72.259045,0.898924
[MO833] Paramount Iteration,0,78,72.262701,0.908997
[MO833] Paramount Iteration,0,79,73.147621,0.884920
 Time step   80
[MO833] Paramount Iteration,2,79,73.148653,0.909720
[MO833] Paramount Iteration,3,79,73.154301,0.895256
[MO833] Paramount Iteration,1,79,73.154997,0.909933
[MO833] Paramount Iteration,0,80,74.045964,0.898343
[MO833] Paramount Iteration,3,80,74.052916,0.898615
[MO833] Paramount Iteration,1,80,74.053494,0.898497
[MO833] Paramount Iteration,2,80,74.058970,0.910317
[MO833] Paramount Iteration,0,81,74.946971,0.901007
[MO833] Paramount Iteration,2,81,74.947559,0.888589
[MO833] Paramount Iteration,3,81,74.953442,0.900526
[MO833] Paramount Iteration,1,81,74.953983,0.900489
[MO833] Paramount Iteration,0,82,75.843190,0.896219
[MO833] Paramount Iteration,2,82,75.843772,0.896213
[MO833] Paramount Iteration,3,82,75.849666,0.896224
[MO833] Paramount Iteration,1,82,75.850144,0.896161
[MO833] Paramount Iteration,0,83,76.739215,0.896025
[MO833] Paramount Iteration,2,83,76.739751,0.895979
[MO833] Paramount Iteration,3,83,76.745692,0.896026
[MO833] Paramount Iteration,1,83,76.746234,0.896090
[MO833] Paramount Iteration,0,84,77.644004,0.904789
[MO833] Paramount Iteration,2,84,77.644862,0.905111
[MO833] Paramount Iteration,3,84,77.650858,0.905166
[MO833] Paramount Iteration,1,84,77.651464,0.905230
[MO833] Paramount Iteration,0,85,78.541008,0.897004
[MO833] Paramount Iteration,2,85,78.541774,0.896912
[MO833] Paramount Iteration,3,85,78.547563,0.896705
[MO833] Paramount Iteration,1,85,78.548130,0.896666
[MO833] Paramount Iteration,2,86,79.435326,0.893552
[MO833] Paramount Iteration,3,86,79.441793,0.894230
[MO833] Paramount Iteration,1,86,79.442413,0.894283
[MO833] Paramount Iteration,0,86,79.448257,0.907249
[MO833] Paramount Iteration,0,87,80.336262,0.888005
[MO833] Paramount Iteration,2,87,80.337004,0.901678
[MO833] Paramount Iteration,3,87,80.342746,0.900953
[MO833] Paramount Iteration,1,87,80.343310,0.900897
[MO833] Paramount Iteration,0,88,81.232137,0.895875
[MO833] Paramount Iteration,2,88,81.232933,0.895929
[MO833] Paramount Iteration,3,88,81.238798,0.896052
[MO833] Paramount Iteration,1,88,81.239436,0.896126
[MO833] Paramount Iteration,0,89,82.124091,0.891954
[MO833] Paramount Iteration,2,89,82.125158,0.892225
[MO833] Paramount Iteration,3,89,82.130773,0.891975
[MO833] Paramount Iteration,1,89,82.131542,0.892106
[MO833] Paramount Iteration,0,90,83.020161,0.896070
[MO833] Paramount Iteration,2,90,83.021004,0.895846
[MO833] Paramount Iteration,3,90,83.026727,0.895954
[MO833] Paramount Iteration,1,90,83.027406,0.895864
[MO833] Paramount Iteration,0,91,83.916313,0.896152
[MO833] Paramount Iteration,2,91,83.917183,0.896179
[MO833] Paramount Iteration,3,91,83.922960,0.896233
[MO833] Paramount Iteration,1,91,83.923623,0.896217
[MO833] Paramount Iteration,0,92,84.812738,0.896425
[MO833] Paramount Iteration,2,92,84.813276,0.896093
[MO833] Paramount Iteration,3,92,84.819356,0.896396
[MO833] Paramount Iteration,1,92,84.819780,0.896157
[MO833] Paramount Iteration,0,93,85.708464,0.895726
[MO833] Paramount Iteration,2,93,85.709187,0.895911
[MO833] Paramount Iteration,3,93,85.715030,0.895674
[MO833] Paramount Iteration,1,93,85.715678,0.895898
[MO833] Paramount Iteration,0,94,86.605377,0.896913
[MO833] Paramount Iteration,2,94,86.605906,0.896719
[MO833] Paramount Iteration,3,94,86.611940,0.896910
[MO833] Paramount Iteration,1,94,86.612385,0.896707
[MO833] Paramount Iteration,0,95,87.501494,0.896117
[MO833] Paramount Iteration,2,95,87.502066,0.896160
[MO833] Paramount Iteration,3,95,87.508127,0.896187
[MO833] Paramount Iteration,1,95,87.508603,0.896218
[MO833] Paramount Iteration,0,96,88.393491,0.891997
[MO833] Paramount Iteration,2,96,88.394386,0.892320
[MO833] Paramount Iteration,3,96,88.400081,0.891954
[MO833] Paramount Iteration,1,96,88.400703,0.892100
[MO833] Paramount Iteration,0,97,89.291484,0.897993
[MO833] Paramount Iteration,3,97,89.298755,0.898674
[MO833] Paramount Iteration,1,97,89.299309,0.898606
[MO833] Paramount Iteration,2,97,89.306199,0.911813
[MO833] Paramount Iteration,0,98,90.197716,0.906232
[MO833] Paramount Iteration,2,98,90.198131,0.891932
[MO833] Paramount Iteration,3,98,90.204252,0.905497
[MO833] Paramount Iteration,1,98,90.204567,0.905258
[MO833] Paramount Iteration,0,99,91.093727,0.896011
 Time step  100
[MO833] Paramount Iteration,2,99,91.094136,0.896005
[MO833] Paramount Iteration,3,99,91.100211,0.895959
[MO833] Paramount Iteration,1,99,91.100635,0.896068
[MO833] Paramount Iteration,0,100,91.989793,0.896066
[MO833] Paramount Iteration,2,100,91.990707,0.896571
[MO833] Paramount Iteration,3,100,91.996513,0.896302
[MO833] Paramount Iteration,1,100,91.997168,0.896533
[MO833] Paramount Iteration,0,101,92.886333,0.896540
[MO833] Paramount Iteration,2,101,92.887165,0.896458
[MO833] Paramount Iteration,3,101,92.892885,0.896372
[MO833] Paramount Iteration,1,101,92.893502,0.896334
[MO833] Paramount Iteration,0,102,93.782242,0.895909
[MO833] Paramount Iteration,2,102,93.783222,0.896057
[MO833] Paramount Iteration,3,102,93.788785,0.895900
[MO833] Paramount Iteration,1,102,93.789395,0.895893
[MO833] Paramount Iteration,2,103,94.695059,0.911837
[MO833] Paramount Iteration,0,103,94.694991,0.912749
[MO833] Paramount Iteration,1,103,94.708250,0.918855
[MO833] Paramount Iteration,3,103,94.708227,0.919442
[MO833] Paramount Iteration,0,104,95.637165,0.942174
[MO833] Paramount Iteration,2,104,95.638787,0.943728
[MO833] Paramount Iteration,3,104,95.643957,0.935730
[MO833] Paramount Iteration,1,104,95.644998,0.936748
[MO833] Paramount Iteration,2,105,96.533158,0.894371
[MO833] Paramount Iteration,3,105,96.539570,0.895613
[MO833] Paramount Iteration,1,105,96.540234,0.895236
[MO833] Paramount Iteration,0,105,96.545164,0.907999
[MO833] Paramount Iteration,0,106,97.432574,0.887410
[MO833] Paramount Iteration,2,106,97.433175,0.900017
[MO833] Paramount Iteration,3,106,97.439283,0.899713
[MO833] Paramount Iteration,1,106,97.439769,0.899535
[MO833] Paramount Iteration,0,107,98.329414,0.896840
[MO833] Paramount Iteration,2,107,98.329945,0.896770
[MO833] Paramount Iteration,3,107,98.335866,0.896583
[MO833] Paramount Iteration,1,107,98.336398,0.896629
[MO833] Paramount Iteration,0,108,99.220702,0.891288
[MO833] Paramount Iteration,2,108,99.221554,0.891609
[MO833] Paramount Iteration,3,108,99.227262,0.891396
[MO833] Paramount Iteration,1,108,99.227816,0.891418
[MO833] Paramount Iteration,0,109,100.116153,0.895451
[MO833] Paramount Iteration,2,109,100.116772,0.895218
[MO833] Paramount Iteration,3,109,100.122634,0.895372
[MO833] Paramount Iteration,1,109,100.123103,0.895287
[MO833] Paramount Iteration,0,110,101.013052,0.896899
[MO833] Paramount Iteration,2,110,101.013546,0.896774
[MO833] Paramount Iteration,3,110,101.019586,0.896952
[MO833] Paramount Iteration,1,110,101.019960,0.896857
[MO833] Paramount Iteration,0,111,101.908779,0.895727
[MO833] Paramount Iteration,2,111,101.909426,0.895880
[MO833] Paramount Iteration,3,111,101.915294,0.895708
[MO833] Paramount Iteration,1,111,101.915773,0.895813
[MO833] Paramount Iteration,0,112,102.804149,0.895370
[MO833] Paramount Iteration,2,112,102.805357,0.895931
[MO833] Paramount Iteration,3,112,102.810839,0.895545
[MO833] Paramount Iteration,1,112,102.811601,0.895828
[MO833] Paramount Iteration,0,113,103.700774,0.896625
[MO833] Paramount Iteration,2,113,103.701549,0.896192
[MO833] Paramount Iteration,3,113,103.707348,0.896509
[MO833] Paramount Iteration,1,113,103.707867,0.896266
[MO833] Paramount Iteration,0,114,104.597050,0.896276
[MO833] Paramount Iteration,2,114,104.597838,0.896289
[MO833] Paramount Iteration,3,114,104.603717,0.896369
[MO833] Paramount Iteration,1,114,104.604371,0.896504
[MO833] Paramount Iteration,0,115,105.493327,0.896277
[MO833] Paramount Iteration,2,115,105.493896,0.896058
[MO833] Paramount Iteration,3,115,105.499947,0.896230
[MO833] Paramount Iteration,1,115,105.500287,0.895916
[MO833] Paramount Iteration,0,116,106.383667,0.890340
[MO833] Paramount Iteration,2,116,106.384449,0.890553
[MO833] Paramount Iteration,3,116,106.390306,0.890359
[MO833] Paramount Iteration,1,116,106.390953,0.890666
[MO833] Paramount Iteration,0,117,107.279590,0.895923
[MO833] Paramount Iteration,2,117,107.280239,0.895790
[MO833] Paramount Iteration,3,117,107.286121,0.895815
[MO833] Paramount Iteration,1,117,107.286668,0.895715
[MO833] Paramount Iteration,0,118,108.174592,0.895002
[MO833] Paramount Iteration,3,118,108.181543,0.895422
[MO833] Paramount Iteration,1,118,108.182039,0.895371
[MO833] Paramount Iteration,2,118,108.187450,0.907211
[MO833] Paramount Iteration,0,119,109.074560,0.899968
 Time step  120
[MO833] Paramount Iteration,2,119,109.075444,0.887994
[MO833] Paramount Iteration,3,119,109.081125,0.899582
[MO833] Paramount Iteration,1,119,109.081816,0.899777
[MO833] Paramount Iteration,0,120,109.970987,0.896427
[MO833] Paramount Iteration,2,120,109.971864,0.896420
[MO833] Paramount Iteration,3,120,109.977668,0.896543
[MO833] Paramount Iteration,1,120,109.978346,0.896530
[MO833] Paramount Iteration,0,121,110.867098,0.896111
[MO833] Paramount Iteration,2,121,110.867844,0.895980
[MO833] Paramount Iteration,3,121,110.873628,0.895960
[MO833] Paramount Iteration,1,121,110.874235,0.895889
[MO833] Paramount Iteration,0,122,111.763236,0.896138
[MO833] Paramount Iteration,2,122,111.763871,0.896027
[MO833] Paramount Iteration,3,122,111.769773,0.896145
[MO833] Paramount Iteration,1,122,111.770366,0.896131
[MO833] Paramount Iteration,0,123,112.659676,0.896440
[MO833] Paramount Iteration,2,123,112.660456,0.896585
[MO833] Paramount Iteration,3,123,112.666191,0.896418
[MO833] Paramount Iteration,1,123,112.666767,0.896401
[MO833] Paramount Iteration,0,124,113.557415,0.897739
[MO833] Paramount Iteration,2,124,113.557910,0.897454
[MO833] Paramount Iteration,3,124,113.564187,0.897996
[MO833] Paramount Iteration,1,124,113.564501,0.897734
[MO833] Paramount Iteration,0,125,114.453322,0.895907
[MO833] Paramount Iteration,2,125,114.454047,0.896137
[MO833] Paramount Iteration,3,125,114.459901,0.895714
[MO833] Paramount Iteration,1,125,114.460469,0.895968
[MO833] Paramount Iteration,0,126,115.349502,0.896180
[MO833] Paramount Iteration,2,126,115.350180,0.896133
[MO833] Paramount Iteration,3,126,115.356081,0.896180
[MO833] Paramount Iteration,1,126,115.356577,0.896108
[MO833] Paramount Iteration,2,127,116.244861,0.894681
[MO833] Paramount Iteration,3,127,116.251100,0.895019
[MO833] Paramount Iteration,1,127,116.251995,0.895418
[MO833] Paramount Iteration,0,127,116.258343,0.908841
[MO833] Paramount Iteration,0,128,117.145575,0.887232
[MO833] Paramount Iteration,2,128,117.146219,0.901358
[MO833] Paramount Iteration,3,128,117.152096,0.900996
[MO833] Paramount Iteration,1,128,117.152562,0.900567
[MO833] Paramount Iteration,0,129,118.041714,0.896139
[MO833] Paramount Iteration,2,129,118.042480,0.896261
[MO833] Paramount Iteration,3,129,118.048312,0.896216
[MO833] Paramount Iteration,1,129,118.048934,0.896372
[MO833] Paramount Iteration,0,130,118.928962,0.887248
[MO833] Paramount Iteration,3,130,118.935207,0.886895
[MO833] Paramount Iteration,1,130,118.949510,0.900576
[MO833] Paramount Iteration,2,130,118.952673,0.910193
[MO833] Paramount Iteration,0,131,119.840300,0.911338
[MO833] Paramount Iteration,2,131,119.840923,0.888250
[MO833] Paramount Iteration,3,131,119.846939,0.911732
[MO833] Paramount Iteration,1,131,119.847398,0.897888
[MO833] Paramount Iteration,0,132,120.736766,0.896466
[MO833] Paramount Iteration,2,132,120.737682,0.896759
[MO833] Paramount Iteration,3,132,120.743403,0.896464
[MO833] Paramount Iteration,1,132,120.744077,0.896679
[MO833] Paramount Iteration,0,133,121.631367,0.894601
[MO833] Paramount Iteration,2,133,121.632370,0.894688
[MO833] Paramount Iteration,3,133,121.637943,0.894540
[MO833] Paramount Iteration,1,133,121.638707,0.894630
[MO833] Paramount Iteration,0,134,122.526676,0.895309
[MO833] Paramount Iteration,2,134,122.527244,0.894874
[MO833] Paramount Iteration,3,134,122.533060,0.895117
[MO833] Paramount Iteration,1,134,122.533554,0.894847
[MO833] Paramount Iteration,0,135,123.422502,0.895826
[MO833] Paramount Iteration,2,135,123.423297,0.896053
[MO833] Paramount Iteration,3,135,123.429087,0.896027
[MO833] Paramount Iteration,1,135,123.429713,0.896159
[MO833] Paramount Iteration,2,136,124.313654,0.890357
[MO833] Paramount Iteration,1,136,124.321687,0.891974
[MO833] Paramount Iteration,0,136,124.324381,0.901879
[MO833] Paramount Iteration,3,136,124.344496,0.915409
[MO833] Paramount Iteration,0,137,125.233108,0.908727
[MO833] Paramount Iteration,3,137,125.241412,0.896916
[MO833] Paramount Iteration,2,137,125.243335,0.929681
[MO833] Paramount Iteration,1,137,125.262945,0.941258
[MO833] Paramount Iteration,0,138,126.155290,0.922182
[MO833] Paramount Iteration,2,138,126.156455,0.913120
[MO833] Paramount Iteration,3,138,126.161963,0.920551
[MO833] Paramount Iteration,1,138,126.162734,0.899789
[MO833] Paramount Iteration,0,139,127.052009,0.896719
 Time step  140
[MO833] Paramount Iteration,2,139,127.052603,0.896148
[MO833] Paramount Iteration,3,139,127.058535,0.896572
[MO833] Paramount Iteration,1,139,127.058923,0.896189
[MO833] Paramount Iteration,0,140,127.947602,0.895593
[MO833] Paramount Iteration,2,140,127.948381,0.895778
[MO833] Paramount Iteration,3,140,127.954296,0.895761
[MO833] Paramount Iteration,1,140,127.954766,0.895843
[MO833] Paramount Iteration,0,141,128.840155,0.892553
[MO833] Paramount Iteration,2,141,128.841128,0.892747
[MO833] Paramount Iteration,3,141,128.846774,0.892478
[MO833] Paramount Iteration,1,141,128.847447,0.892681
[MO833] Paramount Iteration,0,142,129.734461,0.894306
[MO833] Paramount Iteration,2,142,129.735463,0.894335
[MO833] Paramount Iteration,3,142,129.741037,0.894263
[MO833] Paramount Iteration,1,142,129.741783,0.894336
[MO833] Paramount Iteration,0,143,130.628252,0.893791
[MO833] Paramount Iteration,3,143,130.635364,0.894327
[MO833] Paramount Iteration,1,143,130.636018,0.894235
[MO833] Paramount Iteration,2,143,130.640574,0.905111
[MO833] Paramount Iteration,0,144,131.528045,0.899793
[MO833] Paramount Iteration,2,144,131.528910,0.888336
[MO833] Paramount Iteration,3,144,131.534628,0.899264
[MO833] Paramount Iteration,1,144,131.535311,0.899293
[MO833] Paramount Iteration,0,145,132.423850,0.895805
[MO833] Paramount Iteration,2,145,132.424707,0.895797
[MO833] Paramount Iteration,3,145,132.430424,0.895796
[MO833] Paramount Iteration,1,145,132.430997,0.895686
[MO833] Paramount Iteration,0,146,133.320085,0.896235
[MO833] Paramount Iteration,2,146,133.320880,0.896173
[MO833] Paramount Iteration,3,146,133.326681,0.896257
[MO833] Paramount Iteration,1,146,133.327211,0.896214
[MO833] Paramount Iteration,0,147,134.216001,0.895916
[MO833] Paramount Iteration,2,147,134.216891,0.896011
[MO833] Paramount Iteration,3,147,134.222591,0.895910
[MO833] Paramount Iteration,1,147,134.223217,0.896006
[MO833] Paramount Iteration,0,148,135.111911,0.895910
[MO833] Paramount Iteration,2,148,135.112701,0.895810
[MO833] Paramount Iteration,3,148,135.118563,0.895972
[MO833] Paramount Iteration,1,148,135.119026,0.895809
[MO833] Paramount Iteration,0,149,136.007828,0.895917
[MO833] Paramount Iteration,2,149,136.008877,0.896176
[MO833] Paramount Iteration,3,149,136.014565,0.896002
[MO833] Paramount Iteration,1,149,136.015260,0.896234
[MO833] Paramount Iteration,0,150,136.904452,0.896624
[MO833] Paramount Iteration,2,150,136.905084,0.896207
[MO833] Paramount Iteration,3,150,136.911082,0.896517
[MO833] Paramount Iteration,1,150,136.911511,0.896251
[MO833] Paramount Iteration,0,151,137.800165,0.895713
[MO833] Paramount Iteration,2,151,137.801106,0.896022
[MO833] Paramount Iteration,3,151,137.806874,0.895792
[MO833] Paramount Iteration,1,151,137.807626,0.896115
[MO833] Paramount Iteration,0,152,138.696252,0.896087
[MO833] Paramount Iteration,2,152,138.697238,0.896132
[MO833] Paramount Iteration,3,152,138.702886,0.896012
[MO833] Paramount Iteration,1,152,138.703638,0.896012
[MO833] Paramount Iteration,0,153,139.592377,0.896125
[MO833] Paramount Iteration,2,153,139.593244,0.896006
[MO833] Paramount Iteration,3,153,139.599021,0.896135
[MO833] Paramount Iteration,1,153,139.599613,0.895975
[MO833] Paramount Iteration,2,154,140.487230,0.893986
[MO833] Paramount Iteration,3,154,140.494135,0.895114
[MO833] Paramount Iteration,1,154,140.494506,0.894893
[MO833] Paramount Iteration,0,154,140.500479,0.908102
[MO833] Paramount Iteration,0,155,141.387879,0.887400
[MO833] Paramount Iteration,2,155,141.388427,0.901197
[MO833] Paramount Iteration,3,155,141.394393,0.900258
[MO833] Paramount Iteration,1,155,141.394914,0.900408
[MO833] Paramount Iteration,0,156,142.283857,0.895978
[MO833] Paramount Iteration,2,156,142.284743,0.896316
[MO833] Paramount Iteration,3,156,142.290499,0.896106
[MO833] Paramount Iteration,1,156,142.291090,0.896176
[MO833] Paramount Iteration,0,157,143.179770,0.895913
[MO833] Paramount Iteration,2,157,143.180644,0.895901
[MO833] Paramount Iteration,3,157,143.186551,0.896052
[MO833] Paramount Iteration,1,157,143.187106,0.896016
[MO833] Paramount Iteration,0,158,144.072202,0.892432
[MO833] Paramount Iteration,2,158,144.072858,0.892214
[MO833] Paramount Iteration,3,158,144.078835,0.892284
[MO833] Paramount Iteration,1,158,144.079334,0.892228
[MO833] Paramount Iteration,0,159,144.967243,0.895041
 Time step  160
[MO833] Paramount Iteration,2,159,144.967793,0.894935
[MO833] Paramount Iteration,3,159,144.973832,0.894997
[MO833] Paramount Iteration,1,159,144.974294,0.894960
[MO833] Paramount Iteration,0,160,145.863000,0.895757
[MO833] Paramount Iteration,2,160,145.863970,0.896177
[MO833] Paramount Iteration,3,160,145.869595,0.895763
[MO833] Paramount Iteration,1,160,145.870364,0.896070
[MO833] Paramount Iteration,0,161,146.759678,0.896678
[MO833] Paramount Iteration,2,161,146.760696,0.896726
[MO833] Paramount Iteration,3,161,146.766320,0.896725
[MO833] Paramount Iteration,1,161,146.767067,0.896703
[MO833] Paramount Iteration,0,162,147.656209,0.896531
[MO833] Paramount Iteration,2,162,147.656724,0.896028
[MO833] Paramount Iteration,3,162,147.662824,0.896504
[MO833] Paramount Iteration,1,162,147.663207,0.896140
[MO833] Paramount Iteration,0,163,148.552520,0.896311
[MO833] Paramount Iteration,2,163,148.553250,0.896526
[MO833] Paramount Iteration,3,163,148.559168,0.896344
[MO833] Paramount Iteration,1,163,148.559736,0.896529
[MO833] Paramount Iteration,0,164,149.450642,0.898122
[MO833] Paramount Iteration,2,164,149.451154,0.897904
[MO833] Paramount Iteration,3,164,149.457301,0.898133
[MO833] Paramount Iteration,1,164,149.457801,0.898065
[MO833] Paramount Iteration,0,165,150.346837,0.896195
[MO833] Paramount Iteration,2,165,150.347689,0.896535
[MO833] Paramount Iteration,3,165,150.353433,0.896132
[MO833] Paramount Iteration,1,165,150.354144,0.896343
[MO833] Paramount Iteration,0,166,151.242346,0.895509
[MO833] Paramount Iteration,2,166,151.243494,0.895805
[MO833] Paramount Iteration,3,166,151.249099,0.895666
[MO833] Paramount Iteration,1,166,151.249822,0.895678
[MO833] Paramount Iteration,0,167,152.138667,0.896321
[MO833] Paramount Iteration,2,167,152.139677,0.896183
[MO833] Paramount Iteration,3,167,152.145312,0.896213
[MO833] Paramount Iteration,1,167,152.146124,0.896302
[MO833] Paramount Iteration,0,168,153.035080,0.896413
[MO833] Paramount Iteration,2,168,153.036110,0.896433
[MO833] Paramount Iteration,3,168,153.041690,0.896378
[MO833] Paramount Iteration,1,168,153.042456,0.896332
[MO833] Paramount Iteration,0,169,153.931568,0.896488
[MO833] Paramount Iteration,2,169,153.931987,0.895877
[MO833] Paramount Iteration,3,169,153.938028,0.896338
[MO833] Paramount Iteration,1,169,153.938452,0.895996
[MO833] Paramount Iteration,2,170,154.857422,0.925435
[MO833] Paramount Iteration,0,170,154.864828,0.933260
[MO833] Paramount Iteration,3,170,154.865069,0.927041
[MO833] Paramount Iteration,1,170,154.872480,0.934028
[MO833] Paramount Iteration,0,171,155.794053,0.929225
[MO833] Paramount Iteration,2,171,155.795273,0.937851
[MO833] Paramount Iteration,3,171,155.800671,0.935602
[MO833] Paramount Iteration,1,171,155.801457,0.928977
[MO833] Paramount Iteration,0,172,156.691106,0.897053
[MO833] Paramount Iteration,2,172,156.691671,0.896398
[MO833] Paramount Iteration,3,172,156.697649,0.896978
[MO833] Paramount Iteration,1,172,156.698131,0.896674
[MO833] Paramount Iteration,0,173,157.586127,0.895021
[MO833] Paramount Iteration,2,173,157.586876,0.895205
[MO833] Paramount Iteration,3,173,157.592612,0.894963
[MO833] Paramount Iteration,1,173,157.593164,0.895033
[MO833] Paramount Iteration,0,174,158.482830,0.896703
[MO833] Paramount Iteration,2,174,158.483752,0.896876
[MO833] Paramount Iteration,3,174,158.489480,0.896868
[MO833] Paramount Iteration,1,174,158.490058,0.896894
[MO833] Paramount Iteration,0,175,159.379280,0.896450
[MO833] Paramount Iteration,2,175,159.379716,0.895964
[MO833] Paramount Iteration,3,175,159.385731,0.896251
[MO833] Paramount Iteration,1,175,159.386187,0.896129
[MO833] Paramount Iteration,0,176,160.275177,0.895897
[MO833] Paramount Iteration,2,176,160.276031,0.896315
[MO833] Paramount Iteration,3,176,160.281763,0.896032
[MO833] Paramount Iteration,1,176,160.282314,0.896127
[MO833] Paramount Iteration,0,177,161.171384,0.896207
[MO833] Paramount Iteration,2,177,161.172245,0.896214
[MO833] Paramount Iteration,3,177,161.177917,0.896154
[MO833] Paramount Iteration,1,177,161.178572,0.896258
[MO833] Paramount Iteration,0,178,162.067834,0.896450
[MO833] Paramount Iteration,2,178,162.068660,0.896415
[MO833] Paramount Iteration,3,178,162.074481,0.896564
[MO833] Paramount Iteration,1,178,162.075009,0.896437
[MO833] Paramount Iteration,0,179,162.964747,0.896913
 Time step  180
[MO833] Paramount Iteration,2,179,162.965434,0.896774
[MO833] Paramount Iteration,3,179,162.971298,0.896817
[MO833] Paramount Iteration,1,179,162.971863,0.896854
[MO833] Paramount Iteration,0,180,163.860720,0.895973
[MO833] Paramount Iteration,2,180,163.861322,0.895888
[MO833] Paramount Iteration,3,180,163.867287,0.895989
[MO833] Paramount Iteration,1,180,163.867710,0.895847
[MO833] Paramount Iteration,0,181,164.761322,0.900602
[MO833] Paramount Iteration,2,181,164.761811,0.900489
[MO833] Paramount Iteration,3,181,164.767998,0.900711
[MO833] Paramount Iteration,1,181,164.768412,0.900702
[MO833] Paramount Iteration,0,182,165.657080,0.895758
[MO833] Paramount Iteration,2,182,165.657972,0.896161
[MO833] Paramount Iteration,3,182,165.663611,0.895613
[MO833] Paramount Iteration,1,182,165.664241,0.895829
[MO833] Paramount Iteration,0,183,166.552958,0.895878
[MO833] Paramount Iteration,2,183,166.553813,0.895841
[MO833] Paramount Iteration,3,183,166.559591,0.895980
[MO833] Paramount Iteration,1,183,166.560258,0.896017
[MO833] Paramount Iteration,0,184,167.449137,0.896179
[MO833] Paramount Iteration,2,184,167.449773,0.895960
[MO833] Paramount Iteration,3,184,167.455623,0.896032
[MO833] Paramount Iteration,1,184,167.456105,0.895847
[MO833] Paramount Iteration,0,185,168.344776,0.895639
[MO833] Paramount Iteration,2,185,168.345357,0.895584
[MO833] Paramount Iteration,3,185,168.351423,0.895800
[MO833] Paramount Iteration,1,185,168.351792,0.895687
[MO833] Paramount Iteration,2,186,169.239190,0.893833
[MO833] Paramount Iteration,3,186,169.245726,0.894303
[MO833] Paramount Iteration,1,186,169.246372,0.894580
[MO833] Paramount Iteration,0,186,169.252939,0.908163
[MO833] Paramount Iteration,0,187,170.140163,0.887224
[MO833] Paramount Iteration,2,187,170.141128,0.901938
[MO833] Paramount Iteration,3,187,170.146764,0.901038
[MO833] Paramount Iteration,1,187,170.147481,0.901109
[MO833] Paramount Iteration,0,188,171.036743,0.896580
[MO833] Paramount Iteration,2,188,171.037332,0.896204
[MO833] Paramount Iteration,3,188,171.043410,0.896646
[MO833] Paramount Iteration,1,188,171.043750,0.896269
[MO833] Paramount Iteration,0,189,171.932568,0.895825
[MO833] Paramount Iteration,2,189,171.933345,0.896013
[MO833] Paramount Iteration,3,189,171.939073,0.895663
[MO833] Paramount Iteration,1,189,171.939676,0.895926
[MO833] Paramount Iteration,0,190,172.819532,0.886964
[MO833] Paramount Iteration,3,190,172.825924,0.886851
[MO833] Paramount Iteration,1,190,172.841460,0.901784
[MO833] Paramount Iteration,2,190,172.844987,0.911642
[MO833] Paramount Iteration,0,191,173.736365,0.916833
[MO833] Paramount Iteration,2,191,173.737268,0.892281
[MO833] Paramount Iteration,3,191,173.743252,0.917328
[MO833] Paramount Iteration,1,191,173.743841,0.902381
[MO833] Paramount Iteration,0,192,174.632525,0.896160
[MO833] Paramount Iteration,2,192,174.633347,0.896079
[MO833] Paramount Iteration,3,192,174.639143,0.895891
[MO833] Paramount Iteration,1,192,174.639718,0.895877
[MO833] Paramount Iteration,0,193,175.528333,0.895808
[MO833] Paramount Iteration,2,193,175.529064,0.895717
[MO833] Paramount Iteration,3,193,175.534905,0.895762
[MO833] Paramount Iteration,1,193,175.535485,0.895767
[MO833] Paramount Iteration,0,194,176.424675,0.896342
[MO833] Paramount Iteration,2,194,176.425196,0.896132
[MO833] Paramount Iteration,3,194,176.431458,0.896553
[MO833] Paramount Iteration,1,194,176.431881,0.896396
[MO833] Paramount Iteration,0,195,177.320847,0.896172
[MO833] Paramount Iteration,2,195,177.321559,0.896363
[MO833] Paramount Iteration,3,195,177.327404,0.895946
[MO833] Paramount Iteration,1,195,177.327924,0.896043
[MO833] Paramount Iteration,0,196,178.217159,0.896312
[MO833] Paramount Iteration,2,196,178.218405,0.896846
[MO833] Paramount Iteration,3,196,178.223864,0.896460
[MO833] Paramount Iteration,1,196,178.224610,0.896686
[MO833] Paramount Iteration,0,197,179.113689,0.896530
[MO833] Paramount Iteration,2,197,179.114552,0.896147
[MO833] Paramount Iteration,3,197,179.120407,0.896543
[MO833] Paramount Iteration,1,197,179.121038,0.896428
[MO833] Paramount Iteration,0,198,180.010479,0.896790
[MO833] Paramount Iteration,2,198,180.011362,0.896810
[MO833] Paramount Iteration,3,198,180.017112,0.896705
[MO833] Paramount Iteration,1,198,180.017721,0.896683
[MO833] Paramount Iteration,0,199,180.907184,0.896705
 Time step  200
[MO833] Paramount Iteration,2,199,180.907849,0.896487
[MO833] Paramount Iteration,3,199,180.913713,0.896601
[MO833] Paramount Iteration,1,199,180.914201,0.896480
[MO833] Paramount Iteration,0,200,181.802807,0.895623
[MO833] Paramount Iteration,2,200,181.803747,0.895898
[MO833] Paramount Iteration,3,200,181.809286,0.895573
[MO833] Paramount Iteration,1,200,181.810107,0.895906
[MO833] Paramount Iteration,0,201,182.699525,0.896718
[MO833] Paramount Iteration,2,201,182.700580,0.896833
[MO833] Paramount Iteration,3,201,182.706288,0.897002
[MO833] Paramount Iteration,1,201,182.707016,0.896909
[MO833] Paramount Iteration,0,202,183.596011,0.896486
[MO833] Paramount Iteration,2,202,183.596957,0.896377
[MO833] Paramount Iteration,3,202,183.602659,0.896371
[MO833] Paramount Iteration,1,202,183.603326,0.896310
[MO833] Paramount Iteration,2,203,184.489234,0.892277
[MO833] Paramount Iteration,1,203,184.497502,0.894176
[MO833] Paramount Iteration,0,203,184.500067,0.904056
[MO833] Paramount Iteration,3,203,184.520749,0.918090
[MO833] Paramount Iteration,0,204,185.408501,0.908434
[MO833] Paramount Iteration,3,204,185.416567,0.895818
[MO833] Paramount Iteration,2,204,185.418752,0.929518
[MO833] Paramount Iteration,1,204,185.437648,0.940146
[MO833] Paramount Iteration,0,205,186.324842,0.916341
[MO833] Paramount Iteration,2,205,186.325832,0.907080
[MO833] Paramount Iteration,3,205,186.331311,0.914744
[MO833] Paramount Iteration,1,205,186.332044,0.894396
[MO833] Paramount Iteration,0,206,187.215273,0.890431
[MO833] Paramount Iteration,2,206,187.216442,0.890610
[MO833] Paramount Iteration,3,206,187.221718,0.890407
[MO833] Paramount Iteration,1,206,187.222606,0.890562
[MO833] Paramount Iteration,0,207,188.108893,0.893620
[MO833] Paramount Iteration,2,207,188.109988,0.893546
[MO833] Paramount Iteration,3,207,188.115513,0.893795
[MO833] Paramount Iteration,1,207,188.116356,0.893750
[MO833] Paramount Iteration,0,208,189.003100,0.894207
[MO833] Paramount Iteration,3,208,189.009904,0.894391
[MO833] Paramount Iteration,1,208,189.012843,0.896487
[MO833] Paramount Iteration,2,208,189.019903,0.909915
[MO833] Paramount Iteration,0,209,189.907589,0.904489
[MO833] Paramount Iteration,2,209,189.908739,0.888836
[MO833] Paramount Iteration,3,209,189.914153,0.904249
[MO833] Paramount Iteration,1,209,189.914999,0.902156
[MO833] Paramount Iteration,0,210,190.804189,0.896600
[MO833] Paramount Iteration,2,210,190.805153,0.896414
[MO833] Paramount Iteration,3,210,190.810818,0.896665
[MO833] Paramount Iteration,1,210,190.811441,0.896442
[MO833] Paramount Iteration,0,211,191.700585,0.896396
[MO833] Paramount Iteration,2,211,191.701379,0.896226
[MO833] Paramount Iteration,3,211,191.707122,0.896304
[MO833] Paramount Iteration,1,211,191.707692,0.896251
[MO833] Paramount Iteration,0,212,192.597270,0.896685
[MO833] Paramount Iteration,2,212,192.597719,0.896340
[MO833] Paramount Iteration,3,212,192.603783,0.896661
[MO833] Paramount Iteration,1,212,192.604210,0.896518
[MO833] Paramount Iteration,0,213,193.492975,0.895705
[MO833] Paramount Iteration,2,213,193.493508,0.895789
[MO833] Paramount Iteration,3,213,193.499512,0.895729
[MO833] Paramount Iteration,1,213,193.499962,0.895752
[MO833] Paramount Iteration,0,214,194.389092,0.896117
[MO833] Paramount Iteration,2,214,194.389571,0.896063
[MO833] Paramount Iteration,3,214,194.395573,0.896061
[MO833] Paramount Iteration,1,214,194.395984,0.896022
[MO833] Paramount Iteration,0,215,195.285151,0.896059
[MO833] Paramount Iteration,2,215,195.285998,0.896427
[MO833] Paramount Iteration,3,215,195.291686,0.896113
[MO833] Paramount Iteration,1,215,195.292325,0.896341
[MO833] Paramount Iteration,0,216,196.180532,0.895381
[MO833] Paramount Iteration,2,216,196.181506,0.895508
[MO833] Paramount Iteration,3,216,196.187207,0.895521
[MO833] Paramount Iteration,1,216,196.187830,0.895505
[MO833] Paramount Iteration,0,217,197.076594,0.896062
[MO833] Paramount Iteration,2,217,197.077555,0.896049
[MO833] Paramount Iteration,3,217,197.083237,0.896030
[MO833] Paramount Iteration,1,217,197.083888,0.896058
[MO833] Paramount Iteration,0,218,197.972758,0.896164
[MO833] Paramount Iteration,2,218,197.973476,0.895921
[MO833] Paramount Iteration,3,218,197.979249,0.896012
[MO833] Paramount Iteration,1,218,197.979907,0.896019
[MO833] Paramount Iteration,0,219,198.868539,0.895781
 Time step  220
[MO833] Paramount Iteration,2,219,198.869508,0.896032
[MO833] Paramount Iteration,3,219,198.875137,0.895888
[MO833] Paramount Iteration,1,219,198.875869,0.895962
[MO833] Paramount Iteration,0,220,199.764829,0.896290
[MO833] Paramount Iteration,2,220,199.765283,0.895775
[MO833] Paramount Iteration,3,220,199.771239,0.896102
[MO833] Paramount Iteration,1,220,199.771806,0.895937
[MO833] Paramount Iteration,0,221,200.662315,0.897486
[MO833] Paramount Iteration,2,221,200.662887,0.897604
[MO833] Paramount Iteration,3,221,200.669123,0.897884
[MO833] Paramount Iteration,1,221,200.669569,0.897763
[MO833] Paramount Iteration,0,222,201.558092,0.895777
[MO833] Paramount Iteration,2,222,201.559179,0.896292
[MO833] Paramount Iteration,3,222,201.564773,0.895650
[MO833] Paramount Iteration,1,222,201.565634,0.896065
[MO833] Paramount Iteration,0,223,202.453978,0.895886
[MO833] Paramount Iteration,2,223,202.455084,0.895905
[MO833] Paramount Iteration,3,223,202.460657,0.895884
[MO833] Paramount Iteration,1,223,202.461445,0.895811
[MO833] Paramount Iteration,0,224,203.350103,0.896125
[MO833] Paramount Iteration,2,224,203.350804,0.895720
[MO833] Paramount Iteration,3,224,203.356708,0.896051
[MO833] Paramount Iteration,1,224,203.357209,0.895764
[MO833] Paramount Iteration,2,225,204.245154,0.894350
[MO833] Paramount Iteration,3,225,204.251496,0.894788
[MO833] Paramount Iteration,1,225,204.252259,0.895050
[MO833] Paramount Iteration,0,225,204.257761,0.907658
[MO833] Paramount Iteration,0,226,205.144959,0.887198
[MO833] Paramount Iteration,2,226,205.145693,0.900539
[MO833] Paramount Iteration,3,226,205.151512,0.900016
[MO833] Paramount Iteration,1,226,205.152045,0.899786
[MO833] Paramount Iteration,0,227,206.041179,0.896220
[MO833] Paramount Iteration,2,227,206.041822,0.896129
[MO833] Paramount Iteration,3,227,206.047748,0.896236
[MO833] Paramount Iteration,1,227,206.048244,0.896199
[MO833] Paramount Iteration,0,228,206.937475,0.896296
[MO833] Paramount Iteration,2,228,206.938677,0.896855
[MO833] Paramount Iteration,3,228,206.944187,0.896439
[MO833] Paramount Iteration,1,228,206.945025,0.896781
[MO833] Paramount Iteration,0,229,207.833812,0.896337
[MO833] Paramount Iteration,2,229,207.834412,0.895735
[MO833] Paramount Iteration,3,229,207.840256,0.896069
[MO833] Paramount Iteration,1,229,207.840758,0.895733
[MO833] Paramount Iteration,0,230,208.737747,0.903935
[MO833] Paramount Iteration,2,230,208.737738,0.903326
[MO833] Paramount Iteration,1,230,208.744086,0.903328
[MO833] Paramount Iteration,3,230,208.744303,0.904047
[MO833] Paramount Iteration,0,231,209.632073,0.894326
[MO833] Paramount Iteration,2,231,209.633165,0.895427
[MO833] Paramount Iteration,3,231,209.638746,0.894443
[MO833] Paramount Iteration,1,231,209.639584,0.895498
[MO833] Paramount Iteration,0,232,210.528085,0.896012
[MO833] Paramount Iteration,2,232,210.528978,0.895813
[MO833] Paramount Iteration,3,232,210.534757,0.896011
[MO833] Paramount Iteration,1,232,210.535327,0.895743
[MO833] Paramount Iteration,0,233,211.424022,0.895937
[MO833] Paramount Iteration,2,233,211.424883,0.895905
[MO833] Paramount Iteration,3,233,211.430767,0.896010
[MO833] Paramount Iteration,1,233,211.431391,0.896064
[MO833] Paramount Iteration,0,234,212.320427,0.896405
[MO833] Paramount Iteration,2,234,212.320910,0.896027
[MO833] Paramount Iteration,3,234,212.327002,0.896235
[MO833] Paramount Iteration,1,234,212.327449,0.896058
[MO833] Paramount Iteration,0,235,213.216664,0.896237
[MO833] Paramount Iteration,2,235,213.217885,0.896975
[MO833] Paramount Iteration,3,235,213.223446,0.896444
[MO833] Paramount Iteration,1,235,213.224143,0.896694
[MO833] Paramount Iteration,0,236,214.112748,0.896084
[MO833] Paramount Iteration,2,236,214.113348,0.895463
[MO833] Paramount Iteration,3,236,214.119321,0.895875
[MO833] Paramount Iteration,1,236,214.119862,0.895719
[MO833] Paramount Iteration,0,237,215.032921,0.920173
[MO833] Paramount Iteration,2,237,215.040218,0.926870
[MO833] Paramount Iteration,3,237,215.041107,0.921786
[MO833] Paramount Iteration,1,237,215.058954,0.939092
[MO833] Paramount Iteration,0,238,215.976063,0.943142
[MO833] Paramount Iteration,2,238,215.977105,0.936887
[MO833] Paramount Iteration,3,238,215.982631,0.941524
[MO833] Paramount Iteration,1,238,215.983423,0.924469
[MO833] Paramount Iteration,0,239,216.872316,0.896253
 Time step  240
[MO833] Paramount Iteration,2,239,216.873262,0.896157
[MO833] Paramount Iteration,3,239,216.878859,0.896228
[MO833] Paramount Iteration,1,239,216.879578,0.896155
[MO833] Paramount Iteration,0,240,217.768402,0.896086
[MO833] Paramount Iteration,2,240,217.769516,0.896254
[MO833] Paramount Iteration,3,240,217.775285,0.896426
[MO833] Paramount Iteration,1,240,217.776144,0.896566
[MO833] Paramount Iteration,0,241,218.665386,0.896984
[MO833] Paramount Iteration,2,241,218.666059,0.896543
[MO833] Paramount Iteration,3,241,218.671974,0.896689
[MO833] Paramount Iteration,1,241,218.672613,0.896469
[MO833] Paramount Iteration,0,242,219.561395,0.896009
[MO833] Paramount Iteration,2,242,219.562403,0.896344
[MO833] Paramount Iteration,3,242,219.568206,0.896232
[MO833] Paramount Iteration,1,242,219.568775,0.896162
[MO833] Paramount Iteration,0,243,220.457559,0.896164
[MO833] Paramount Iteration,2,243,220.458004,0.895601
[MO833] Paramount Iteration,3,243,220.464051,0.895845
[MO833] Paramount Iteration,1,243,220.464412,0.895637
[MO833] Paramount Iteration,0,244,221.353288,0.895729
[MO833] Paramount Iteration,2,244,221.354476,0.896472
[MO833] Paramount Iteration,3,244,221.360014,0.895963
[MO833] Paramount Iteration,1,244,221.360864,0.896452
[MO833] Paramount Iteration,0,245,222.250197,0.896909
[MO833] Paramount Iteration,2,245,222.250905,0.896429
[MO833] Paramount Iteration,3,245,222.256740,0.896726
[MO833] Paramount Iteration,1,245,222.257316,0.896452
[MO833] Paramount Iteration,0,246,223.145303,0.895106
[MO833] Paramount Iteration,2,246,223.146213,0.895308
[MO833] Paramount Iteration,3,246,223.151901,0.895161
[MO833] Paramount Iteration,1,246,223.152611,0.895295
[MO833] Paramount Iteration,0,247,224.041646,0.896343
[MO833] Paramount Iteration,2,247,224.042543,0.896330
[MO833] Paramount Iteration,3,247,224.048258,0.896357
[MO833] Paramount Iteration,1,247,224.048877,0.896266
[MO833] Paramount Iteration,2,248,224.935004,0.892461
[MO833] Paramount Iteration,3,248,224.942789,0.894531
[MO833] Paramount Iteration,1,248,224.943298,0.894421
[MO833] Paramount Iteration,0,248,224.946691,0.905045
[MO833] Paramount Iteration,0,249,225.832327,0.885636
[MO833] Paramount Iteration,2,249,225.833188,0.898184
[MO833] Paramount Iteration,3,249,225.838938,0.896149
[MO833] Paramount Iteration,1,249,225.839562,0.896264
[MO833] Paramount Iteration,0,250,226.728730,0.896403
[MO833] Paramount Iteration,2,250,226.729343,0.896155
[MO833] Paramount Iteration,3,250,226.735262,0.896324
[MO833] Paramount Iteration,1,250,226.735809,0.896247
[MO833] Paramount Iteration,0,251,227.622852,0.894122
[MO833] Paramount Iteration,3,251,227.629815,0.894553
[MO833] Paramount Iteration,1,251,227.630520,0.894711
[MO833] Paramount Iteration,2,251,227.637702,0.908359
[MO833] Paramount Iteration,0,252,228.527933,0.905081
[MO833] Paramount Iteration,2,252,228.529292,0.891590
[MO833] Paramount Iteration,3,252,228.534652,0.904837
[MO833] Paramount Iteration,1,252,228.535587,0.905067
[MO833] Paramount Iteration,0,253,229.423977,0.896044
[MO833] Paramount Iteration,2,253,229.424661,0.895369
[MO833] Paramount Iteration,3,253,229.430450,0.895798
[MO833] Paramount Iteration,1,253,229.431055,0.895468
[MO833] Paramount Iteration,0,254,230.320477,0.896500
[MO833] Paramount Iteration,2,254,230.321172,0.896511
[MO833] Paramount Iteration,3,254,230.327040,0.896590
[MO833] Paramount Iteration,1,254,230.327555,0.896500
[MO833] Paramount Iteration,0,255,231.217069,0.896592
[MO833] Paramount Iteration,2,255,231.217958,0.896786
[MO833] Paramount Iteration,3,255,231.223622,0.896582
[MO833] Paramount Iteration,1,255,231.224172,0.896617
[MO833] Paramount Iteration,0,256,232.112990,0.895921
[MO833] Paramount Iteration,2,256,232.113917,0.895959
[MO833] Paramount Iteration,3,256,232.119530,0.895908
[MO833] Paramount Iteration,1,256,232.120220,0.896048
[MO833] Paramount Iteration,0,257,233.009212,0.896222
[MO833] Paramount Iteration,2,257,233.010138,0.896221
[MO833] Paramount Iteration,3,257,233.015807,0.896277
[MO833] Paramount Iteration,1,257,233.016484,0.896264
[MO833] Paramount Iteration,0,258,233.905470,0.896258
[MO833] Paramount Iteration,2,258,233.906041,0.895903
[MO833] Paramount Iteration,3,258,233.912131,0.896324
[MO833] Paramount Iteration,1,258,233.912526,0.896042
[MO833] Paramount Iteration,0,259,234.801045,0.895575
 Time step  260
[MO833] Paramount Iteration,2,259,234.801743,0.895702
[MO833] Paramount Iteration,3,259,234.807627,0.895496
[MO833] Paramount Iteration,1,259,234.808228,0.895702
[MO833] Paramount Iteration,0,260,235.697402,0.896357
[MO833] Paramount Iteration,2,260,235.698373,0.896630
[MO833] Paramount Iteration,3,260,235.703991,0.896364
[MO833] Paramount Iteration,1,260,235.704695,0.896467
[MO833] Paramount Iteration,0,261,236.593752,0.896350
[MO833] Paramount Iteration,2,261,236.594531,0.896158
[MO833] Paramount Iteration,3,261,236.600440,0.896449
[MO833] Paramount Iteration,1,261,236.600975,0.896280
[MO833] Paramount Iteration,0,262,237.490025,0.896273
[MO833] Paramount Iteration,2,262,237.490656,0.896125
[MO833] Paramount Iteration,3,262,237.496587,0.896147
[MO833] Paramount Iteration,1,262,237.497154,0.896179
[MO833] Paramount Iteration,0,263,238.386459,0.896434
[MO833] Paramount Iteration,2,263,238.387242,0.896586
[MO833] Paramount Iteration,3,263,238.392951,0.896364
[MO833] Paramount Iteration,1,263,238.393470,0.896316
[MO833] Paramount Iteration,0,264,239.282034,0.895575
[MO833] Paramount Iteration,2,264,239.283056,0.895814
[MO833] Paramount Iteration,3,264,239.288666,0.895715
[MO833] Paramount Iteration,1,264,239.289436,0.895966
[MO833] Paramount Iteration,0,265,240.179056,0.897022
[MO833] Paramount Iteration,2,265,240.179656,0.896600
[MO833] Paramount Iteration,3,265,240.185535,0.896869
[MO833] Paramount Iteration,1,265,240.186057,0.896621
[MO833] Paramount Iteration,0,266,241.075223,0.896167
[MO833] Paramount Iteration,2,266,241.076005,0.896349
[MO833] Paramount Iteration,3,266,241.081732,0.896197
[MO833] Paramount Iteration,1,266,241.082336,0.896279
[MO833] Paramount Iteration,0,267,241.971475,0.896252
[MO833] Paramount Iteration,2,267,241.972406,0.896401
[MO833] Paramount Iteration,3,267,241.978049,0.896317
[MO833] Paramount Iteration,1,267,241.978718,0.896382
[MO833] Paramount Iteration,0,268,242.868012,0.896537
[MO833] Paramount Iteration,2,268,242.868741,0.896335
[MO833] Paramount Iteration,3,268,242.874528,0.896479
[MO833] Paramount Iteration,1,268,242.875068,0.896350
[MO833] Paramount Iteration,0,269,243.763902,0.895890
[MO833] Paramount Iteration,2,269,243.764515,0.895774
[MO833] Paramount Iteration,3,269,243.770398,0.895870
[MO833] Paramount Iteration,1,269,243.770952,0.895884
[MO833] Paramount Iteration,2,270,244.655584,0.891069
[MO833] Paramount Iteration,1,270,244.663658,0.892706
[MO833] Paramount Iteration,0,270,244.666181,0.902279
[MO833] Paramount Iteration,3,270,244.686319,0.915921
[MO833] Paramount Iteration,0,271,245.574465,0.908284
[MO833] Paramount Iteration,3,271,245.582753,0.896434
[MO833] Paramount Iteration,2,271,245.584605,0.929021
[MO833] Paramount Iteration,1,271,245.601624,0.937966
[MO833] Paramount Iteration,0,272,246.496208,0.921743
[MO833] Paramount Iteration,2,272,246.496701,0.912096
[MO833] Paramount Iteration,3,272,246.502648,0.919895
[MO833] Paramount Iteration,1,272,246.503114,0.901490
[MO833] Paramount Iteration,0,273,247.392357,0.896149
[MO833] Paramount Iteration,2,273,247.393180,0.896479
[MO833] Paramount Iteration,3,273,247.398900,0.896252
[MO833] Paramount Iteration,1,273,247.399537,0.896423
[MO833] Paramount Iteration,0,274,248.288455,0.896098
[MO833] Paramount Iteration,2,274,248.289432,0.896252
[MO833] Paramount Iteration,3,274,248.295112,0.896212
[MO833] Paramount Iteration,1,274,248.295958,0.896421
[MO833] Paramount Iteration,0,275,249.185590,0.897135
[MO833] Paramount Iteration,2,275,249.186191,0.896759
[MO833] Paramount Iteration,3,275,249.192192,0.897080
[MO833] Paramount Iteration,1,275,249.192625,0.896667
[MO833] Paramount Iteration,0,276,250.081286,0.895696
[MO833] Paramount Iteration,2,276,250.082170,0.895979
[MO833] Paramount Iteration,3,276,250.087971,0.895779
[MO833] Paramount Iteration,1,276,250.088543,0.895918
[MO833] Paramount Iteration,0,277,250.973152,0.891866
[MO833] Paramount Iteration,2,277,250.973805,0.891635
[MO833] Paramount Iteration,3,277,250.979642,0.891671
[MO833] Paramount Iteration,1,277,250.979924,0.891381
[MO833] Paramount Iteration,0,278,251.867962,0.894810
[MO833] Paramount Iteration,2,278,251.868582,0.894777
[MO833] Paramount Iteration,3,278,251.874701,0.895059
[MO833] Paramount Iteration,1,278,251.875183,0.895259
[MO833] Paramount Iteration,0,279,252.764326,0.896364
 Time step  280
[MO833] Paramount Iteration,2,279,252.765110,0.896528
[MO833] Paramount Iteration,3,279,252.770874,0.896173
[MO833] Paramount Iteration,1,279,252.771533,0.896350
[MO833] Paramount Iteration,0,280,253.660572,0.896246
[MO833] Paramount Iteration,2,280,253.661429,0.896319
[MO833] Paramount Iteration,3,280,253.667191,0.896317
[MO833] Paramount Iteration,1,280,253.667839,0.896306
[MO833] Paramount Iteration,0,281,254.557058,0.896486
[MO833] Paramount Iteration,2,281,254.557586,0.896157
[MO833] Paramount Iteration,3,281,254.563444,0.896253
[MO833] Paramount Iteration,1,281,254.563983,0.896144
[MO833] Paramount Iteration,0,282,255.453161,0.896103
[MO833] Paramount Iteration,2,282,255.454130,0.896544
[MO833] Paramount Iteration,3,282,255.459665,0.896221
[MO833] Paramount Iteration,1,282,255.460385,0.896402
[MO833] Paramount Iteration,0,283,256.349302,0.896141
[MO833] Paramount Iteration,2,283,256.349988,0.895858
[MO833] Paramount Iteration,3,283,256.355881,0.896216
[MO833] Paramount Iteration,1,283,256.356333,0.895948
[MO833] Paramount Iteration,0,284,257.245436,0.896134
[MO833] Paramount Iteration,2,284,257.246076,0.896088
[MO833] Paramount Iteration,3,284,257.251926,0.896045
[MO833] Paramount Iteration,1,284,257.252471,0.896138
[MO833] Paramount Iteration,0,285,258.143922,0.898486
[MO833] Paramount Iteration,2,285,258.144767,0.898691
[MO833] Paramount Iteration,3,285,258.150690,0.898764
[MO833] Paramount Iteration,1,285,258.151315,0.898844
[MO833] Paramount Iteration,0,286,259.039715,0.895793
[MO833] Paramount Iteration,2,286,259.040601,0.895834
[MO833] Paramount Iteration,3,286,259.046242,0.895552
[MO833] Paramount Iteration,1,286,259.047014,0.895699
[MO833] Paramount Iteration,0,287,259.936019,0.896304
[MO833] Paramount Iteration,2,287,259.936603,0.896002
[MO833] Paramount Iteration,3,287,259.942561,0.896319
[MO833] Paramount Iteration,1,287,259.943094,0.896080
[MO833] Paramount Iteration,0,288,260.833946,0.897927
[MO833] Paramount Iteration,2,288,260.835123,0.898520
[MO833] Paramount Iteration,3,288,260.840758,0.898197
[MO833] Paramount Iteration,1,288,260.841672,0.898578
[MO833] Paramount Iteration,0,289,261.731137,0.897191
[MO833] Paramount Iteration,2,289,261.732259,0.897136
[MO833] Paramount Iteration,3,289,261.737775,0.897017
[MO833] Paramount Iteration,1,289,261.738561,0.896889
[MO833] Paramount Iteration,0,290,262.627797,0.896660
[MO833] Paramount Iteration,2,290,262.628633,0.896374
[MO833] Paramount Iteration,3,290,262.634267,0.896492
[MO833] Paramount Iteration,1,290,262.634955,0.896394
[MO833] Paramount Iteration,0,291,263.523718,0.895921
[MO833] Paramount Iteration,2,291,263.524590,0.895957
[MO833] Paramount Iteration,3,291,263.530323,0.896056
[MO833] Paramount Iteration,1,291,263.530910,0.895955
[MO833] Paramount Iteration,0,292,264.420280,0.896562
[MO833] Paramount Iteration,2,292,264.421165,0.896575
[MO833] Paramount Iteration,3,292,264.426900,0.896577
[MO833] Paramount Iteration,1,292,264.427508,0.896598
[MO833] Paramount Iteration,0,293,265.315990,0.895710
[MO833] Paramount Iteration,2,293,265.316765,0.895600
[MO833] Paramount Iteration,3,293,265.322444,0.895544
[MO833] Paramount Iteration,1,293,265.323175,0.895667
[MO833] Paramount Iteration,0,294,266.212597,0.896607
[MO833] Paramount Iteration,2,294,266.213286,0.896521
[MO833] Paramount Iteration,3,294,266.219128,0.896684
[MO833] Paramount Iteration,1,294,266.219684,0.896509
[MO833] Paramount Iteration,0,295,267.108201,0.895604
[MO833] Paramount Iteration,2,295,267.108980,0.895694
[MO833] Paramount Iteration,3,295,267.114850,0.895722
[MO833] Paramount Iteration,1,295,267.115412,0.895728
[MO833] Paramount Iteration,0,296,268.004533,0.896332
[MO833] Paramount Iteration,2,296,268.005368,0.896388
[MO833] Paramount Iteration,3,296,268.011155,0.896305
[MO833] Paramount Iteration,1,296,268.011749,0.896337
[MO833] Paramount Iteration,0,297,268.901121,0.896588
[MO833] Paramount Iteration,2,297,268.901923,0.896555
[MO833] Paramount Iteration,3,297,268.907711,0.896556
[MO833] Paramount Iteration,1,297,268.908345,0.896596
[MO833] Paramount Iteration,0,298,269.796743,0.895622
[MO833] Paramount Iteration,2,298,269.797443,0.895520
[MO833] Paramount Iteration,3,298,269.803169,0.895458
[MO833] Paramount Iteration,1,298,269.803693,0.895348
[MO833] Paramount Iteration,2,299,270.684799,0.887356
[MO833] Paramount Iteration,1,299,270.691695,0.888002
[MO833] Paramount Iteration,3,299,270.700766,0.897597
[MO833] Paramount Iteration,0,299,270.704081,0.907338
 Time step  300
[MO833] Paramount Iteration,0,300,271.586926,0.882845
[MO833] Paramount Iteration,2,300,271.588218,0.903419
[MO833] Paramount Iteration,3,300,271.593438,0.892672
[MO833] Paramount Iteration,1,300,271.594369,0.902674
[MO833] Paramount Iteration,0,301,272.481078,0.894152
[MO833] Paramount Iteration,2,301,272.482194,0.893976
[MO833] Paramount Iteration,3,301,272.487825,0.894387
[MO833] Paramount Iteration,1,301,272.488568,0.894199
[MO833] Paramount Iteration,0,302,273.378368,0.897290
[MO833] Paramount Iteration,2,302,273.379210,0.897016
[MO833] Paramount Iteration,3,302,273.384906,0.897081
[MO833] Paramount Iteration,1,302,273.385490,0.896922
[MO833] Paramount Iteration,0,303,274.273109,0.894741
[MO833] Paramount Iteration,3,303,274.280244,0.895338
[MO833] Paramount Iteration,1,303,274.280722,0.895232
[MO833] Paramount Iteration,2,303,274.286049,0.906839
[MO833] Paramount Iteration,0,304,275.183445,0.910336
[MO833] Paramount Iteration,3,304,275.193019,0.912775
[MO833] Paramount Iteration,2,304,275.234532,0.948483
[MO833] Paramount Iteration,1,304,275.241399,0.960677
[MO833] Paramount Iteration,0,305,276.137583,0.954138
[MO833] Paramount Iteration,2,305,276.138650,0.904118
[MO833] Paramount Iteration,3,305,276.144165,0.951146
[MO833] Paramount Iteration,1,305,276.144932,0.903533
[MO833] Paramount Iteration,0,306,277.036380,0.898797
[MO833] Paramount Iteration,2,306,277.037027,0.898377
[MO833] Paramount Iteration,3,306,277.042954,0.898789
[MO833] Paramount Iteration,1,306,277.043502,0.898570
[MO833] Paramount Iteration,0,307,277.932566,0.896186
[MO833] Paramount Iteration,2,307,277.933136,0.896109
[MO833] Paramount Iteration,3,307,277.939142,0.896188
[MO833] Paramount Iteration,1,307,277.939536,0.896034
[MO833] Paramount Iteration,0,308,278.828982,0.896416
[MO833] Paramount Iteration,2,308,278.829956,0.896820
[MO833] Paramount Iteration,3,308,278.835483,0.896341
[MO833] Paramount Iteration,1,308,278.836216,0.896680
[MO833] Paramount Iteration,0,309,279.725811,0.896829
[MO833] Paramount Iteration,2,309,279.726618,0.896662
[MO833] Paramount Iteration,3,309,279.732324,0.896841
[MO833] Paramount Iteration,1,309,279.732906,0.896690
[MO833] Paramount Iteration,0,310,280.622195,0.896384
[MO833] Paramount Iteration,2,310,280.622991,0.896373
[MO833] Paramount Iteration,3,310,280.628692,0.896368
[MO833] Paramount Iteration,1,310,280.629262,0.896356
[MO833] Paramount Iteration,0,311,281.516990,0.894795
[MO833] Paramount Iteration,2,311,281.517870,0.894879
[MO833] Paramount Iteration,3,311,281.523420,0.894728
[MO833] Paramount Iteration,1,311,281.524121,0.894859
[MO833] Paramount Iteration,0,312,282.417248,0.900258
[MO833] Paramount Iteration,2,312,282.417194,0.899324
[MO833] Paramount Iteration,3,312,282.422934,0.899514
[MO833] Paramount Iteration,1,312,282.422920,0.898799
[MO833] Paramount Iteration,2,313,283.319116,0.901922
[MO833] Paramount Iteration,0,313,283.319325,0.902077
[MO833] Paramount Iteration,1,313,283.324912,0.901992
[MO833] Paramount Iteration,3,313,283.325006,0.902072
[MO833] Paramount Iteration,0,314,284.221060,0.901735
[MO833] Paramount Iteration,2,314,284.221134,0.902018
[MO833] Paramount Iteration,3,314,284.226754,0.901748
[MO833] Paramount Iteration,1,314,284.226800,0.901888
[MO833] Paramount Iteration,2,315,285.123486,0.902352
[MO833] Paramount Iteration,0,315,285.123364,0.902304
[MO833] Paramount Iteration,3,315,285.129020,0.902266
[MO833] Paramount Iteration,1,315,285.129246,0.902446
[MO833] Paramount Iteration,0,316,286.022447,0.899083
[MO833] Paramount Iteration,2,316,286.022959,0.899473
[MO833] Paramount Iteration,3,316,286.028933,0.899913
[MO833] Paramount Iteration,1,316,286.029288,0.900042
[MO833] Paramount Iteration,0,317,286.918442,0.895995
[MO833] Paramount Iteration,2,317,286.919010,0.896051
[MO833] Paramount Iteration,3,317,286.924985,0.896052
[MO833] Paramount Iteration,1,317,286.925333,0.896045
[MO833] Paramount Iteration,0,318,287.813952,0.895510
[MO833] Paramount Iteration,2,318,287.815001,0.895991
[MO833] Paramount Iteration,3,318,287.820491,0.895506
[MO833] Paramount Iteration,1,318,287.821329,0.895996
[MO833] Paramount Iteration,0,319,288.714646,0.900694
 Time step  320
[MO833] Paramount Iteration,2,319,288.715205,0.900204
[MO833] Paramount Iteration,3,319,288.721134,0.900643
[MO833] Paramount Iteration,1,319,288.721638,0.900309
[MO833] Paramount Iteration,0,320,289.610231,0.895585
[MO833] Paramount Iteration,2,320,289.611383,0.896178
[MO833] Paramount Iteration,3,320,289.616980,0.895846
[MO833] Paramount Iteration,1,320,289.617757,0.896119
[MO833] Paramount Iteration,0,321,290.506180,0.895949
[MO833] Paramount Iteration,2,321,290.507239,0.895856
[MO833] Paramount Iteration,3,321,290.512834,0.895854
[MO833] Paramount Iteration,1,321,290.513546,0.895789
[MO833] Paramount Iteration,0,322,291.405486,0.899306
[MO833] Paramount Iteration,2,322,291.406297,0.899058
[MO833] Paramount Iteration,3,322,291.412180,0.899346
[MO833] Paramount Iteration,1,322,291.412868,0.899322
[MO833] Paramount Iteration,0,323,292.303467,0.897981
[MO833] Paramount Iteration,2,323,292.304027,0.897730
[MO833] Paramount Iteration,3,323,292.309963,0.897783
[MO833] Paramount Iteration,1,323,292.310529,0.897661
[MO833] Paramount Iteration,0,324,293.199174,0.895707
[MO833] Paramount Iteration,2,324,293.200089,0.896062
[MO833] Paramount Iteration,3,324,293.205787,0.895824
[MO833] Paramount Iteration,1,324,293.206375,0.895846
[MO833] Paramount Iteration,0,325,294.095324,0.896150
[MO833] Paramount Iteration,2,325,294.096433,0.896344
[MO833] Paramount Iteration,3,325,294.102147,0.896360
[MO833] Paramount Iteration,1,325,294.102910,0.896535
[MO833] Paramount Iteration,0,326,294.992287,0.896963
[MO833] Paramount Iteration,2,326,294.992952,0.896519
[MO833] Paramount Iteration,3,326,294.998821,0.896674
[MO833] Paramount Iteration,1,326,294.999280,0.896370
[MO833] Paramount Iteration,2,327,295.886289,0.893337
[MO833] Paramount Iteration,3,327,295.892663,0.893842
[MO833] Paramount Iteration,1,327,295.893460,0.894180
[MO833] Paramount Iteration,0,327,295.899965,0.907678
[MO833] Paramount Iteration,0,328,296.786936,0.886971
[MO833] Paramount Iteration,2,328,296.787841,0.901552
[MO833] Paramount Iteration,3,328,296.793491,0.900828
[MO833] Paramount Iteration,1,328,296.794161,0.900701
[MO833] Paramount Iteration,0,329,297.684316,0.897380
[MO833] Paramount Iteration,2,329,297.684740,0.896899
[MO833] Paramount Iteration,3,329,297.690750,0.897259
[MO833] Paramount Iteration,1,329,297.691140,0.896979
[MO833] Paramount Iteration,0,330,298.580112,0.895796
[MO833] Paramount Iteration,2,330,298.580985,0.896245
[MO833] Paramount Iteration,3,330,298.586726,0.895976
[MO833] Paramount Iteration,1,330,298.587323,0.896183
[MO833] Paramount Iteration,0,331,299.476432,0.896320
[MO833] Paramount Iteration,2,331,299.476962,0.895977
[MO833] Paramount Iteration,3,331,299.482928,0.896202
[MO833] Paramount Iteration,1,331,299.483374,0.896051
[MO833] Paramount Iteration,0,332,300.372297,0.895865
[MO833] Paramount Iteration,2,332,300.373504,0.896542
[MO833] Paramount Iteration,3,332,300.378911,0.895983
[MO833] Paramount Iteration,1,332,300.379819,0.896445
[MO833] Paramount Iteration,0,333,301.268759,0.896462
[MO833] Paramount Iteration,2,333,301.269485,0.895981
[MO833] Paramount Iteration,3,333,301.275328,0.896417
[MO833] Paramount Iteration,1,333,301.275959,0.896140
[MO833] Paramount Iteration,0,334,302.160856,0.892097
[MO833] Paramount Iteration,2,334,302.161850,0.892365
[MO833] Paramount Iteration,3,334,302.167475,0.892147
[MO833] Paramount Iteration,1,334,302.168172,0.892213
[MO833] Paramount Iteration,0,335,303.056799,0.895943
[MO833] Paramount Iteration,2,335,303.057701,0.895851
[MO833] Paramount Iteration,3,335,303.063407,0.895932
[MO833] Paramount Iteration,1,335,303.064017,0.895845
[MO833] Paramount Iteration,0,336,303.952765,0.895966
[MO833] Paramount Iteration,2,336,303.953597,0.895896
[MO833] Paramount Iteration,3,336,303.959457,0.896050
[MO833] Paramount Iteration,1,336,303.960098,0.896081
[MO833] Paramount Iteration,2,337,304.843672,0.890075
[MO833] Paramount Iteration,1,337,304.851811,0.891713
[MO833] Paramount Iteration,0,337,304.855801,0.903036
[MO833] Paramount Iteration,3,337,304.875127,0.915670
[MO833] Paramount Iteration,0,338,305.776531,0.920730
[MO833] Paramount Iteration,2,338,305.777226,0.933554
[MO833] Paramount Iteration,3,338,305.782825,0.907698
[MO833] Paramount Iteration,1,338,305.788263,0.936452
[MO833] Paramount Iteration,0,339,306.677770,0.901239
 Time step  340
[MO833] Paramount Iteration,2,339,306.678569,0.901343
[MO833] Paramount Iteration,3,339,306.684319,0.901494
[MO833] Paramount Iteration,1,339,306.684916,0.896653
[MO833] Paramount Iteration,0,340,307.578106,0.900336
[MO833] Paramount Iteration,2,340,307.578875,0.900306
[MO833] Paramount Iteration,3,340,307.584808,0.900489
[MO833] Paramount Iteration,1,340,307.585300,0.900384
[MO833] Paramount Iteration,0,341,308.474397,0.896291
[MO833] Paramount Iteration,2,341,308.475140,0.896265
[MO833] Paramount Iteration,3,341,308.480942,0.896134
[MO833] Paramount Iteration,1,341,308.481542,0.896242
[MO833] Paramount Iteration,0,342,309.372598,0.898201
[MO833] Paramount Iteration,2,342,309.373256,0.898116
[MO833] Paramount Iteration,3,342,309.379290,0.898348
[MO833] Paramount Iteration,1,342,309.379757,0.898215
[MO833] Paramount Iteration,0,343,310.268516,0.895918
[MO833] Paramount Iteration,2,343,310.269359,0.896103
[MO833] Paramount Iteration,3,343,310.274971,0.895681
[MO833] Paramount Iteration,1,343,310.275661,0.895904
[MO833] Paramount Iteration,0,344,311.164489,0.895973
[MO833] Paramount Iteration,2,344,311.164945,0.895586
[MO833] Paramount Iteration,3,344,311.171000,0.896029
[MO833] Paramount Iteration,1,344,311.171443,0.895782
[MO833] Paramount Iteration,0,345,312.060834,0.896345
[MO833] Paramount Iteration,2,345,312.061636,0.896691
[MO833] Paramount Iteration,3,345,312.067389,0.896389
[MO833] Paramount Iteration,1,345,312.068011,0.896568
[MO833] Paramount Iteration,0,346,312.957177,0.896343
[MO833] Paramount Iteration,2,346,312.958452,0.896816
[MO833] Paramount Iteration,3,346,312.963804,0.896415
[MO833] Paramount Iteration,1,346,312.964736,0.896725
[MO833] Paramount Iteration,0,347,313.853814,0.896637
[MO833] Paramount Iteration,2,347,313.854462,0.896010
[MO833] Paramount Iteration,3,347,313.860296,0.896492
[MO833] Paramount Iteration,1,347,313.860829,0.896093
[MO833] Paramount Iteration,0,348,314.749725,0.895911
[MO833] Paramount Iteration,2,348,314.750422,0.895960
[MO833] Paramount Iteration,3,348,314.756274,0.895978
[MO833] Paramount Iteration,1,348,314.756725,0.895896
[MO833] Paramount Iteration,0,349,315.645691,0.895966
[MO833] Paramount Iteration,2,349,315.646608,0.896186
[MO833] Paramount Iteration,3,349,315.652190,0.895916
[MO833] Paramount Iteration,1,349,315.652920,0.896195
[MO833] Paramount Iteration,0,350,316.542005,0.896314
[MO833] Paramount Iteration,2,350,316.542635,0.896027
[MO833] Paramount Iteration,3,350,316.548521,0.896331
[MO833] Paramount Iteration,1,350,316.549100,0.896180
[MO833] Paramount Iteration,0,351,317.438660,0.896655
[MO833] Paramount Iteration,2,351,317.439112,0.896477
[MO833] Paramount Iteration,3,351,317.445176,0.896655
[MO833] Paramount Iteration,1,351,317.445504,0.896404
[MO833] Paramount Iteration,0,352,318.334890,0.896230
[MO833] Paramount Iteration,2,352,318.335695,0.896583
[MO833] Paramount Iteration,3,352,318.341458,0.896282
[MO833] Paramount Iteration,1,352,318.342086,0.896582
[MO833] Paramount Iteration,0,353,319.230705,0.895815
[MO833] Paramount Iteration,2,353,319.231696,0.896001
[MO833] Paramount Iteration,3,353,319.237285,0.895827
[MO833] Paramount Iteration,1,353,319.237934,0.895848
[MO833] Paramount Iteration,0,354,320.126398,0.895693
[MO833] Paramount Iteration,2,354,320.127481,0.895785
[MO833] Paramount Iteration,3,354,320.132941,0.895656
[MO833] Paramount Iteration,1,354,320.133708,0.895774
[MO833] Paramount Iteration,0,355,321.023455,0.897057
[MO833] Paramount Iteration,2,355,321.024254,0.896773
[MO833] Paramount Iteration,3,355,321.029935,0.896994
[MO833] Paramount Iteration,1,355,321.030618,0.896910
[MO833] Paramount Iteration,0,356,321.920433,0.896978
[MO833] Paramount Iteration,2,356,321.920904,0.896650
[MO833] Paramount Iteration,3,356,321.926945,0.897010
[MO833] Paramount Iteration,1,356,321.927410,0.896792
[MO833] Paramount Iteration,0,357,322.815889,0.895456
[MO833] Paramount Iteration,2,357,322.817228,0.896324
[MO833] Paramount Iteration,3,357,322.822618,0.895673
[MO833] Paramount Iteration,1,357,322.823537,0.896127
[MO833] Paramount Iteration,0,358,323.712394,0.896505
[MO833] Paramount Iteration,2,358,323.713669,0.896441
[MO833] Paramount Iteration,3,358,323.718976,0.896358
[MO833] Paramount Iteration,1,358,323.719929,0.896392
[MO833] Paramount Iteration,0,359,324.612608,0.900214
 Time step  360
[MO833] Paramount Iteration,2,359,324.613156,0.899487
[MO833] Paramount Iteration,3,359,324.619149,0.900173
[MO833] Paramount Iteration,1,359,324.619579,0.899650
[MO833] Paramount Iteration,0,360,325.508268,0.895660
[MO833] Paramount Iteration,2,360,325.509171,0.896015
[MO833] Paramount Iteration,3,360,325.514889,0.895740
[MO833] Paramount Iteration,1,360,325.515536,0.895957
[MO833] Paramount Iteration,2,361,326.406239,0.897068
[MO833] Paramount Iteration,0,361,326.406241,0.897973
[MO833] Paramount Iteration,3,361,326.412501,0.897612
[MO833] Paramount Iteration,1,361,326.412669,0.897133
[MO833] Paramount Iteration,0,362,327.300991,0.894750
[MO833] Paramount Iteration,2,362,327.301455,0.895216
[MO833] Paramount Iteration,3,362,327.307556,0.895055
[MO833] Paramount Iteration,1,362,327.307964,0.895295
[MO833] Paramount Iteration,0,363,328.197193,0.896202
[MO833] Paramount Iteration,2,363,328.198044,0.896589
[MO833] Paramount Iteration,3,363,328.203675,0.896119
[MO833] Paramount Iteration,1,363,328.204333,0.896369
[MO833] Paramount Iteration,0,364,329.093187,0.895994
[MO833] Paramount Iteration,2,364,329.093827,0.895783
[MO833] Paramount Iteration,3,364,329.099639,0.895964
[MO833] Paramount Iteration,1,364,329.100188,0.895855
[MO833] Paramount Iteration,0,365,329.987079,0.893892
[MO833] Paramount Iteration,2,365,329.993771,0.899944
[MO833] Paramount Iteration,3,365,329.994456,0.894817
[MO833] Paramount Iteration,1,365,329.995012,0.894824
[MO833] Paramount Iteration,0,366,330.883612,0.896533
[MO833] Paramount Iteration,2,366,330.884342,0.890571
[MO833] Paramount Iteration,3,366,330.890204,0.895748
[MO833] Paramount Iteration,1,366,330.890784,0.895772
[MO833] Paramount Iteration,0,367,331.780241,0.896629
[MO833] Paramount Iteration,2,367,331.780716,0.896374
[MO833] Paramount Iteration,3,367,331.786722,0.896518
[MO833] Paramount Iteration,1,367,331.787222,0.896438
[MO833] Paramount Iteration,0,368,332.676682,0.896441
[MO833] Paramount Iteration,2,368,332.677549,0.896833
[MO833] Paramount Iteration,3,368,332.683293,0.896571
[MO833] Paramount Iteration,1,368,332.683905,0.896683
[MO833] Paramount Iteration,0,369,333.571744,0.895062
[MO833] Paramount Iteration,2,369,333.572558,0.895009
[MO833] Paramount Iteration,3,369,333.578126,0.894833
[MO833] Paramount Iteration,1,369,333.578748,0.894843
[MO833] Paramount Iteration,0,370,334.465600,0.893856
[MO833] Paramount Iteration,2,370,334.466125,0.893567
[MO833] Paramount Iteration,3,370,334.471966,0.893840
[MO833] Paramount Iteration,1,370,334.472394,0.893646
[MO833] Paramount Iteration,0,371,335.387222,0.921622
[MO833] Paramount Iteration,3,371,335.394033,0.922067
[MO833] Paramount Iteration,2,371,335.408185,0.942060
[MO833] Paramount Iteration,1,371,335.414806,0.942412
[MO833] Paramount Iteration,0,372,336.309697,0.922475
[MO833] Paramount Iteration,2,372,336.310454,0.902269
[MO833] Paramount Iteration,3,372,336.316096,0.922063
[MO833] Paramount Iteration,1,372,336.316704,0.901898
[MO833] Paramount Iteration,0,373,337.203283,0.893586
[MO833] Paramount Iteration,2,373,337.204066,0.893612
[MO833] Paramount Iteration,3,373,337.209628,0.893532
[MO833] Paramount Iteration,1,373,337.210298,0.893594
[MO833] Paramount Iteration,0,374,338.100460,0.897177
[MO833] Paramount Iteration,2,374,338.101135,0.897069
[MO833] Paramount Iteration,3,374,338.107082,0.897454
[MO833] Paramount Iteration,1,374,338.107496,0.897198
[MO833] Paramount Iteration,0,375,338.996439,0.895979
[MO833] Paramount Iteration,2,375,338.997084,0.895949
[MO833] Paramount Iteration,3,375,339.003020,0.895938
[MO833] Paramount Iteration,1,375,339.003545,0.896049
[MO833] Paramount Iteration,0,376,339.891776,0.895337
[MO833] Paramount Iteration,2,376,339.892669,0.895585
[MO833] Paramount Iteration,3,376,339.898186,0.895166
[MO833] Paramount Iteration,1,376,339.898797,0.895252
[MO833] Paramount Iteration,0,377,340.785929,0.894153
[MO833] Paramount Iteration,2,377,340.786588,0.893919
[MO833] Paramount Iteration,3,377,340.792516,0.894330
[MO833] Paramount Iteration,1,377,340.792921,0.894124
[MO833] Paramount Iteration,0,378,341.681684,0.895755
[MO833] Paramount Iteration,2,378,341.682317,0.895729
[MO833] Paramount Iteration,3,378,341.688150,0.895634
[MO833] Paramount Iteration,1,378,341.688642,0.895721
[MO833] Paramount Iteration,0,379,342.577168,0.895484
 Time step  380
[MO833] Paramount Iteration,2,379,342.578030,0.895713
[MO833] Paramount Iteration,3,379,342.583572,0.895422
[MO833] Paramount Iteration,1,379,342.584285,0.895643
[MO833] Paramount Iteration,0,380,343.472220,0.895052
[MO833] Paramount Iteration,2,380,343.472933,0.894903
[MO833] Paramount Iteration,3,380,343.478789,0.895217
[MO833] Paramount Iteration,1,380,343.479250,0.894965
[MO833] Paramount Iteration,0,381,344.368423,0.896203
[MO833] Paramount Iteration,2,381,344.369293,0.896360
[MO833] Paramount Iteration,3,381,344.375088,0.896299
[MO833] Paramount Iteration,1,381,344.375781,0.896531
[MO833] Paramount Iteration,0,382,345.264404,0.895981
[MO833] Paramount Iteration,2,382,345.265538,0.896245
[MO833] Paramount Iteration,3,382,345.271002,0.895914
[MO833] Paramount Iteration,1,382,345.271783,0.896002
[MO833] Paramount Iteration,0,383,346.158959,0.894555
[MO833] Paramount Iteration,2,383,346.159812,0.894274
[MO833] Paramount Iteration,3,383,346.165356,0.894354
[MO833] Paramount Iteration,1,383,346.165935,0.894152
[MO833] Paramount Iteration,0,384,347.053932,0.894973
[MO833] Paramount Iteration,2,384,347.054590,0.894778
[MO833] Paramount Iteration,3,384,347.060484,0.895128
[MO833] Paramount Iteration,1,384,347.061017,0.895082
[MO833] Paramount Iteration,0,385,347.950554,0.896622
[MO833] Paramount Iteration,2,385,347.951405,0.896815
[MO833] Paramount Iteration,3,385,347.957165,0.896681
[MO833] Paramount Iteration,1,385,347.957770,0.896753
[MO833] Paramount Iteration,0,386,348.847096,0.896542
[MO833] Paramount Iteration,2,386,348.847662,0.896257
[MO833] Paramount Iteration,3,386,348.853601,0.896436
[MO833] Paramount Iteration,1,386,348.854197,0.896427
[MO833] Paramount Iteration,0,387,349.743176,0.896080
[MO833] Paramount Iteration,2,387,349.743987,0.896325
[MO833] Paramount Iteration,3,387,349.749724,0.896123
[MO833] Paramount Iteration,1,387,349.750405,0.896208
[MO833] Paramount Iteration,0,388,350.639916,0.896740
[MO833] Paramount Iteration,2,388,350.640433,0.896446
[MO833] Paramount Iteration,3,388,350.646367,0.896643
[MO833] Paramount Iteration,1,388,350.646898,0.896493
[MO833] Paramount Iteration,0,389,351.535176,0.895260
[MO833] Paramount Iteration,2,389,351.535629,0.895196
[MO833] Paramount Iteration,3,389,351.541407,0.895040
[MO833] Paramount Iteration,1,389,351.541911,0.895013
[MO833] Paramount Iteration,0,390,352.427921,0.892745
[MO833] Paramount Iteration,2,390,352.428712,0.893083
[MO833] Paramount Iteration,3,390,352.434298,0.892891
[MO833] Paramount Iteration,1,390,352.435013,0.893102
[MO833] Paramount Iteration,0,391,353.321657,0.893736
[MO833] Paramount Iteration,2,391,353.322502,0.893790
[MO833] Paramount Iteration,3,391,353.328056,0.893758
[MO833] Paramount Iteration,1,391,353.328736,0.893723
[MO833] Paramount Iteration,0,392,354.215601,0.893944
[MO833] Paramount Iteration,2,392,354.216429,0.893927
[MO833] Paramount Iteration,3,392,354.222012,0.893956
[MO833] Paramount Iteration,1,392,354.222636,0.893900
[MO833] Paramount Iteration,0,393,355.109525,0.893924
[MO833] Paramount Iteration,2,393,355.110331,0.893902
[MO833] Paramount Iteration,3,393,355.115936,0.893924
[MO833] Paramount Iteration,1,393,355.116610,0.893974
[MO833] Paramount Iteration,2,394,356.000363,0.890032
[MO833] Paramount Iteration,1,394,356.007292,0.890682
[MO833] Paramount Iteration,3,394,356.008950,0.893014
[MO833] Paramount Iteration,0,394,356.016391,0.906866
[MO833] Paramount Iteration,0,395,356.903734,0.887343
[MO833] Paramount Iteration,2,395,356.904473,0.904110
[MO833] Paramount Iteration,3,395,356.910229,0.901279
[MO833] Paramount Iteration,1,395,356.910839,0.903547
[MO833] Paramount Iteration,0,396,357.799818,0.896084
[MO833] Paramount Iteration,2,396,357.800355,0.895882
[MO833] Paramount Iteration,3,396,357.806331,0.896102
[MO833] Paramount Iteration,1,396,357.806760,0.895921
[MO833] Paramount Iteration,0,397,358.695813,0.895995
[MO833] Paramount Iteration,2,397,358.696371,0.896016
[MO833] Paramount Iteration,3,397,358.702365,0.896034
[MO833] Paramount Iteration,1,397,358.702873,0.896113
[MO833] Paramount Iteration,0,398,359.587127,0.891314
[MO833] Paramount Iteration,2,398,359.587750,0.891379
[MO833] Paramount Iteration,3,398,359.593612,0.891247
[MO833] Paramount Iteration,1,398,359.593999,0.891126
[MO833] Paramount Iteration,0,399,360.482124,0.894997
 Time step  400
[MO833] Paramount Iteration,2,399,360.482977,0.895227
[MO833] Paramount Iteration,3,399,360.488665,0.895053
[MO833] Paramount Iteration,1,399,360.489363,0.895364
[MO833] PI avg,2,0.896431,400
[MO833] Beta,2,0.000845
[MO833] PI avg,3,0.896445,400
[MO833] Beta,3,0.000830
 Verification being performed for class C
 accuracy setting for epsilon =  0.1000000000000E-07
 Comparison of RMS-norms of residual
           1 0.5881691581829E+03 0.5881691581829E+03 0.6726469583912E-13
           2 0.2454417603569E+03 0.2454417603569E+03 0.4608767610227E-13
           3 0.3293829191851E+03 0.3293829191851E+03 0.3537797556502E-13
           4 0.3081924971891E+03 0.3081924971891E+03 0.1392531668724E-12
           5 0.4597223799176E+03 0.4597223799176E+03 0.2720240017817E-13
 Comparison of RMS-norms of solution error
           1 0.2598120500183E+00 0.2598120500183E+00 0.1666539252407E-13
[MO833] PI avg,1,0.896447,400
[MO833] Beta,1,0.000828
           2 0.2590888922315E-01 0.2590888922315E-01 0.1665834444332E-12
           3 0.5132886416320E-01 0.5132886416320E-01 0.4014995311231E-13
           4 0.4806073419454E-01 0.4806073419454E-01 0.2454419357993E-14
           5 0.5483377491301E+00 0.5483377491301E+00 0.7066225810805E-13
 Verification Successful


 SP Benchmark Completed.
 Class           =                        C
 Size            =            162x 162x 162
 Iterations      =                      400
 Time in seconds =                   359.48
 Total processes =                        4
 Active procs    =                        4
 Mop/s total     =                  4033.94
 Mop/s/process   =                  1008.49
 Operation type  =           floating point
 Verification    =               SUCCESSFUL
 Version         =                      3.4
 Compile date    =              16 Jun 2020

 Compile options:
    MPIFC        = mpif90
    FLINK        = $(MPIFC)
    FMPI_LIB     = (none)
    FMPI_INC     = (none)
    FFLAGS       = -O3
    FLINKFLAGS   = $(FFLAGS) -O ../kernel_stats/kernel_stats.o...
    RAND         = (none)


 Please send feedbacks and/or the results of this run to:

 NPB Development Team 
 Internet: npb@nas.nasa.gov


[MO833] PI avg,0,0.896429,400
[MO833] Beta,0,0.000848
[MO833] Total time,361.682976
