--------------------------------------------------------------------------
[[35798,1],0]: A high-performance Open MPI point-to-point messaging module
was unable to find any relevant network interfaces:

Module: OpenFabrics (openib)
  Host: node06

Another transport will be used instead, although this may result in
lower performance.

NOTE: You can disable this warning by setting the MCA parameter
btl_base_warn_component_unused to 0.
--------------------------------------------------------------------------


 NAS Parallel Benchmarks 3.4 -- FT Benchmark

 No input file inputft.data. Using compiled defaults
 Size                :  512x 512x 512  (class C)
 Iterations          :             20
 Number of processes :              4
 Processor array     :         1x   4
 Layout type         :             1D

 Initialization time =      5.2203

[MO833] Paramount Iteration,2,1,13.742768,3.857597
[MO833] Paramount Iteration,1,1,13.849565,3.881022
[MO833] Paramount Iteration,3,1,13.846898,3.893035
 T =    1     Checksum =    5.195078707457D+02    5.149019699238D+02
[MO833] Paramount Iteration,0,1,13.855424,3.981686
[MO833] Paramount Iteration,2,2,17.632124,3.889356
[MO833] Paramount Iteration,3,2,17.780140,3.933242
[MO833] Paramount Iteration,1,2,17.785009,3.935444
 T =    2     Checksum =    5.155422171134D+02    5.127578201997D+02
[MO833] Paramount Iteration,0,2,17.789051,3.933627
[MO833] Paramount Iteration,2,3,21.481068,3.848944
[MO833] Paramount Iteration,1,3,21.667287,3.882278
[MO833] Paramount Iteration,3,3,21.664583,3.884443
 T =    3     Checksum =    5.144678022222D+02    5.122251847514D+02
[MO833] Paramount Iteration,0,3,21.673107,3.884056
[MO833] Paramount Iteration,2,4,25.446208,3.965140
[MO833] Paramount Iteration,3,4,25.482128,3.817545
 T =    4     Checksum =    5.140150594328D+02    5.121090289018D+02
[MO833] Paramount Iteration,0,4,25.493074,3.819967
[MO833] Paramount Iteration,1,4,25.489055,3.821768
[MO833] Paramount Iteration,2,5,29.151787,3.705579
[MO833] Paramount Iteration,1,5,29.341731,3.852676
[MO833] Paramount Iteration,3,5,29.339393,3.857265
 T =    5     Checksum =    5.137550426810D+02    5.121143685824D+02
[MO833] Paramount Iteration,0,5,29.347908,3.854834
[MO833] Paramount Iteration,2,6,32.990818,3.839031
[MO833] Paramount Iteration,1,6,33.178150,3.836419
 T =    6     Checksum =    5.135811056728D+02    5.121496764568D+02
[MO833] Paramount Iteration,0,6,33.184578,3.836670
[MO833] Paramount Iteration,3,6,33.176051,3.836658
[MO833] Paramount Iteration,2,7,36.819891,3.829073
[MO833] Paramount Iteration,1,7,36.956435,3.778285
[MO833] Paramount Iteration,3,7,36.954140,3.778089
 T =    7     Checksum =    5.134569343165D+02    5.121870921893D+02
[MO833] Paramount Iteration,0,7,36.962645,3.778067
[MO833] Paramount Iteration,2,8,40.627673,3.807782
[MO833] Paramount Iteration,1,8,40.804665,3.848230
[MO833] Paramount Iteration,3,8,40.802157,3.848017
 T =    8     Checksum =    5.133651975661D+02    5.122193250322D+02
[MO833] Paramount Iteration,0,8,40.810686,3.848041
[MO833] Paramount Iteration,2,9,44.539545,3.911872
[MO833] Paramount Iteration,1,9,44.615559,3.810894
 T =    9     Checksum =    5.132955192805D+02    5.122454735794D+02
[MO833] Paramount Iteration,0,9,44.621757,3.811071
[MO833] Paramount Iteration,3,9,44.613246,3.811089
[MO833] Paramount Iteration,2,10,48.327190,3.787645
[MO833] Paramount Iteration,1,10,48.430213,3.814654
 T =   10     Checksum =    5.132410471738D+02    5.122663649603D+02
[MO833] Paramount Iteration,0,10,48.436056,3.814299
[MO833] Paramount Iteration,3,10,48.427557,3.814311
[MO833] Paramount Iteration,2,11,52.104073,3.776883
[MO833] Paramount Iteration,1,11,52.251227,3.821014
[MO833] Paramount Iteration,3,11,52.248267,3.820710
 T =   11     Checksum =    5.131971141679D+02    5.122830879827D+02
[MO833] Paramount Iteration,0,11,52.256769,3.820713
[MO833] Paramount Iteration,2,12,55.845985,3.741912
[MO833] Paramount Iteration,1,12,56.002402,3.751175
[MO833] Paramount Iteration,3,12,55.999306,3.751039
 T =   12     Checksum =    5.131605205716D+02    5.122965869718D+02
[MO833] Paramount Iteration,0,12,56.007835,3.751066
[MO833] Paramount Iteration,2,13,59.746155,3.900170
[MO833] Paramount Iteration,1,13,59.761506,3.759104
[MO833] Paramount Iteration,3,13,59.758735,3.759429
 T =   13     Checksum =    5.131290734194D+02    5.123075927445D+02
[MO833] Paramount Iteration,0,13,59.767249,3.759414
[MO833] Paramount Iteration,2,14,63.529914,3.783759
[MO833] Paramount Iteration,3,14,63.623365,3.864630
[MO833] Paramount Iteration,1,14,63.634812,3.873306
 T =   14     Checksum =    5.131012720314D+02    5.123166486553D+02
[MO833] Paramount Iteration,0,14,63.638841,3.871592
[MO833] Paramount Iteration,2,15,67.306379,3.776465
[MO833] Paramount Iteration,1,15,67.451407,3.816595
 T =   15     Checksum =    5.130760908195D+02    5.123241541685D+02
[MO833] Paramount Iteration,0,15,67.457265,3.818424
[MO833] Paramount Iteration,3,15,67.448774,3.825409
[MO833] Paramount Iteration,2,16,71.043327,3.736948
[MO833] Paramount Iteration,1,16,71.199611,3.748204
 T =   16     Checksum =    5.130528295923D+02    5.123304037599D+02
[MO833] Paramount Iteration,0,16,71.206678,3.749413
[MO833] Paramount Iteration,3,16,71.198184,3.749410
[MO833] Paramount Iteration,2,17,74.893282,3.849955
[MO833] Paramount Iteration,1,17,74.972027,3.772416
[MO833] Paramount Iteration,3,17,74.969610,3.771426
 T =   17     Checksum =    5.130310107773D+02    5.123356167976D+02
[MO833] Paramount Iteration,0,17,74.978179,3.771501
[MO833] Paramount Iteration,2,18,78.620625,3.727343
[MO833] Paramount Iteration,3,18,78.744518,3.774908
[MO833] Paramount Iteration,1,18,78.774702,3.802675
 T =   18     Checksum =    5.130103090133D+02    5.123399592211D+02
[MO833] Paramount Iteration,0,18,78.778775,3.800596
[MO833] Paramount Iteration,2,19,82.377692,3.757067
[MO833] Paramount Iteration,1,19,82.517610,3.742908
[MO833] Paramount Iteration,3,19,82.518297,3.773779
 T =   19     Checksum =    5.129905029333D+02    5.123435588985D+02
[MO833] Paramount Iteration,0,19,82.526815,3.748040
 T =   20     Checksum =    5.129714421109D+02    5.123465164008D+02
 Result verification successful
[MO833] PI avg,0,3.632654,20
[MO833] Beta,0,0.000000
[MO833] Total time,86.306231


 FT Benchmark Completed.
 Class           =                        C
 Size            =            512x 512x 512
 Iterations      =                       20
 Time in seconds =                    80.88
 Total processes =                        4
 Active procs    =                        4
 Mop/s total     =                  4901.12
 Mop/s/process   =                  1225.28
 Operation type  =           floating point
 Verification    =               SUCCESSFUL
 Version         =                      3.4
 Compile date    =              16 Jun 2020

 Compile options:
    MPIFC        = mpif90
    FLINK        = $(MPIFC)
    FMPI_LIB     = (none)
    FMPI_INC     = (none)
    FFLAGS       = -O3
    FLINKFLAGS   = $(FFLAGS) -O ../kernel_stats/kernel_stats.o...
    RAND         = randi8


 Please send feedbacks and/or the results of this run to:

 NPB Development Team 
 Internet: npb@nas.nasa.gov


