--------------------------------------------------------------------------
[[33666,1],0]: A high-performance Open MPI point-to-point messaging module
was unable to find any relevant network interfaces:

Module: OpenFabrics (openib)
  Host: node06

Another transport will be used instead, although this may result in
lower performance.

NOTE: You can disable this warning by setting the MCA parameter
btl_base_warn_component_unused to 0.
--------------------------------------------------------------------------


 NAS Parallel Benchmarks 3.4 -- SP Benchmark

 No input file inputsp.data. Using compiled defaults
 Size:  162x 162x 162  (class C)
 Iterations:  400    dt:   0.0006700
 Total number of processes:     4

 Time step    1
[MO833] Paramount Iteration,3,1,2.800300,0.899615
[MO833] Paramount Iteration,1,1,2.800600,0.899918
[MO833] Paramount Iteration,2,1,2.805782,0.905120
[MO833] Paramount Iteration,0,1,2.805850,0.905183
[MO833] Paramount Iteration,3,2,3.746177,0.945877
[MO833] Paramount Iteration,1,2,3.746325,0.945725
[MO833] Paramount Iteration,0,2,3.751870,0.946020
[MO833] Paramount Iteration,2,2,3.752025,0.946243
[MO833] Paramount Iteration,2,3,4.649338,0.897313
[MO833] Paramount Iteration,0,3,4.651030,0.899160
[MO833] Paramount Iteration,3,3,4.670381,0.924204
[MO833] Paramount Iteration,1,3,4.670553,0.924228
[MO833] Paramount Iteration,3,4,5.564991,0.894610
[MO833] Paramount Iteration,1,4,5.565165,0.894612
[MO833] Paramount Iteration,2,4,5.571089,0.921751
[MO833] Paramount Iteration,0,4,5.576915,0.925885
[MO833] Paramount Iteration,0,5,6.502955,0.926040
[MO833] Paramount Iteration,3,5,6.510027,0.945036
[MO833] Paramount Iteration,1,5,6.511128,0.945963
[MO833] Paramount Iteration,2,5,6.518171,0.947082
[MO833] Paramount Iteration,0,6,7.407655,0.904700
[MO833] Paramount Iteration,2,6,7.407606,0.889435
[MO833] Paramount Iteration,3,6,7.414047,0.904020
[MO833] Paramount Iteration,1,6,7.414246,0.903118
[MO833] Paramount Iteration,0,7,8.297268,0.889613
[MO833] Paramount Iteration,2,7,8.297218,0.889612
[MO833] Paramount Iteration,3,7,8.303737,0.889690
[MO833] Paramount Iteration,1,7,8.303855,0.889609
[MO833] Paramount Iteration,3,8,9.212845,0.909108
[MO833] Paramount Iteration,1,8,9.212889,0.909034
[MO833] Paramount Iteration,0,8,9.218404,0.921136
[MO833] Paramount Iteration,2,8,9.218560,0.921342
[MO833] Paramount Iteration,2,9,10.100680,0.882120
[MO833] Paramount Iteration,1,9,10.101524,0.888635
[MO833] Paramount Iteration,3,9,10.114440,0.901595
[MO833] Paramount Iteration,0,9,10.124295,0.905891
[MO833] Paramount Iteration,2,10,11.007529,0.906849
[MO833] Paramount Iteration,0,10,11.007581,0.883286
[MO833] Paramount Iteration,3,10,11.014054,0.899614
[MO833] Paramount Iteration,1,10,11.014213,0.912689
[MO833] Paramount Iteration,3,11,11.906295,0.892241
[MO833] Paramount Iteration,1,11,11.906476,0.892263
[MO833] Paramount Iteration,0,11,11.911828,0.904247
[MO833] Paramount Iteration,2,11,11.912031,0.904502
[MO833] Paramount Iteration,3,12,12.838864,0.932569
[MO833] Paramount Iteration,1,12,12.838997,0.932521
[MO833] Paramount Iteration,2,12,12.840324,0.928293
[MO833] Paramount Iteration,0,12,12.840597,0.928769
[MO833] Paramount Iteration,2,13,13.731617,0.891293
[MO833] Paramount Iteration,0,13,13.731600,0.891003
[MO833] Paramount Iteration,1,13,13.738185,0.899188
[MO833] Paramount Iteration,3,13,13.738058,0.899194
[MO833] Paramount Iteration,3,14,14.630257,0.892199
[MO833] Paramount Iteration,1,14,14.630757,0.892572
[MO833] Paramount Iteration,2,14,14.637040,0.905423
[MO833] Paramount Iteration,0,14,14.637778,0.906178
[MO833] Paramount Iteration,2,15,15.523975,0.886935
[MO833] Paramount Iteration,0,15,15.524120,0.886342
[MO833] Paramount Iteration,3,15,15.530503,0.900246
[MO833] Paramount Iteration,1,15,15.530621,0.899864
[MO833] Paramount Iteration,2,16,16.410955,0.886980
[MO833] Paramount Iteration,0,16,16.411042,0.886922
[MO833] Paramount Iteration,3,16,16.417371,0.886868
[MO833] Paramount Iteration,1,16,16.417517,0.886896
[MO833] Paramount Iteration,2,17,17.315105,0.904150
[MO833] Paramount Iteration,0,17,17.315145,0.904103
[MO833] Paramount Iteration,3,17,17.326672,0.909301
[MO833] Paramount Iteration,1,17,17.326635,0.909118
[MO833] Paramount Iteration,3,18,18.219267,0.892595
[MO833] Paramount Iteration,1,18,18.219714,0.893079
[MO833] Paramount Iteration,2,18,18.226101,0.910996
[MO833] Paramount Iteration,0,18,18.226924,0.911779
[MO833] Paramount Iteration,2,19,19.112948,0.886847
[MO833] Paramount Iteration,0,19,19.113088,0.886164
 Time step   20
[MO833] Paramount Iteration,3,19,19.119542,0.900275
[MO833] Paramount Iteration,1,19,19.119718,0.900004
[MO833] Paramount Iteration,2,20,20.004831,0.891883
[MO833] Paramount Iteration,0,20,20.005006,0.891918
[MO833] Paramount Iteration,1,20,20.011360,0.891642
[MO833] Paramount Iteration,3,20,20.011360,0.891818
[MO833] Paramount Iteration,0,21,20.892851,0.887845
[MO833] Paramount Iteration,2,21,20.892856,0.888025
[MO833] Paramount Iteration,3,21,20.899278,0.887918
[MO833] Paramount Iteration,1,21,20.899534,0.888174
[MO833] Paramount Iteration,2,22,21.785592,0.892736
[MO833] Paramount Iteration,0,22,21.785483,0.892632
[MO833] Paramount Iteration,3,22,21.791905,0.892627
[MO833] Paramount Iteration,1,22,21.792155,0.892621
[MO833] Paramount Iteration,3,23,22.684166,0.892261
[MO833] Paramount Iteration,1,23,22.684259,0.892104
[MO833] Paramount Iteration,2,23,22.690762,0.905170
[MO833] Paramount Iteration,0,23,22.691631,0.906148
[MO833] Paramount Iteration,2,24,23.577468,0.886706
[MO833] Paramount Iteration,0,24,23.577475,0.885844
[MO833] Paramount Iteration,3,24,23.584012,0.899846
[MO833] Paramount Iteration,1,24,23.584178,0.899919
[MO833] Paramount Iteration,0,25,24.471919,0.894444
[MO833] Paramount Iteration,2,25,24.471898,0.894430
[MO833] Paramount Iteration,1,25,24.478454,0.894276
[MO833] Paramount Iteration,3,25,24.478429,0.894417
[MO833] Paramount Iteration,2,26,25.407970,0.936072
[MO833] Paramount Iteration,0,26,25.408187,0.936268
[MO833] Paramount Iteration,3,26,25.414264,0.935835
[MO833] Paramount Iteration,1,26,25.414458,0.936004
[MO833] Paramount Iteration,0,27,26.305544,0.897357
[MO833] Paramount Iteration,2,27,26.305516,0.897546
[MO833] Paramount Iteration,3,27,26.312115,0.897851
[MO833] Paramount Iteration,1,27,26.312260,0.897802
[MO833] Paramount Iteration,2,28,27.199921,0.894405
[MO833] Paramount Iteration,0,28,27.199878,0.894334
[MO833] Paramount Iteration,3,28,27.206298,0.894183
[MO833] Paramount Iteration,1,28,27.206462,0.894202
[MO833] Paramount Iteration,3,29,28.100153,0.893855
[MO833] Paramount Iteration,1,29,28.100420,0.893958
[MO833] Paramount Iteration,0,29,28.105989,0.906111
[MO833] Paramount Iteration,2,29,28.105963,0.906042
[MO833] Paramount Iteration,2,30,28.991604,0.885641
[MO833] Paramount Iteration,0,30,28.991752,0.885763
[MO833] Paramount Iteration,1,30,28.998264,0.897844
[MO833] Paramount Iteration,3,30,28.998172,0.898019
[MO833] Paramount Iteration,0,31,29.886290,0.894538
[MO833] Paramount Iteration,2,31,29.886285,0.894681
[MO833] Paramount Iteration,3,31,29.892709,0.894537
[MO833] Paramount Iteration,1,31,29.892960,0.894696
[MO833] Paramount Iteration,3,32,30.785324,0.892615
[MO833] Paramount Iteration,1,32,30.785520,0.892560
[MO833] Paramount Iteration,2,32,30.788063,0.901778
[MO833] Paramount Iteration,0,32,30.790957,0.904667
[MO833] Paramount Iteration,2,33,31.670776,0.882713
[MO833] Paramount Iteration,0,33,31.671319,0.880362
[MO833] Paramount Iteration,1,33,31.677448,0.891928
[MO833] Paramount Iteration,3,33,31.677660,0.892336
[MO833] Paramount Iteration,0,34,32.564976,0.893657
[MO833] Paramount Iteration,2,34,32.564896,0.894120
[MO833] Paramount Iteration,3,34,32.571492,0.893832
[MO833] Paramount Iteration,1,34,32.571525,0.894077
[MO833] Paramount Iteration,2,35,33.475735,0.910839
[MO833] Paramount Iteration,0,35,33.475905,0.910929
[MO833] Paramount Iteration,1,35,33.482526,0.911001
[MO833] Paramount Iteration,3,35,33.483447,0.911955
[MO833] Paramount Iteration,1,36,34.374388,0.891862
[MO833] Paramount Iteration,3,36,34.378045,0.894598
[MO833] Paramount Iteration,2,36,34.380904,0.905169
[MO833] Paramount Iteration,0,36,34.384800,0.908895
[MO833] Paramount Iteration,0,37,35.268557,0.883757
[MO833] Paramount Iteration,2,37,35.268694,0.887790
[MO833] Paramount Iteration,3,37,35.275049,0.897004
[MO833] Paramount Iteration,1,37,35.275356,0.900968
[MO833] Paramount Iteration,2,38,36.172035,0.903341
[MO833] Paramount Iteration,0,38,36.172309,0.903752
[MO833] Paramount Iteration,3,38,36.179011,0.903962
[MO833] Paramount Iteration,1,38,36.178977,0.903621
[MO833] Paramount Iteration,2,39,37.067044,0.895009
[MO833] Paramount Iteration,0,39,37.067038,0.894729
 Time step   40
[MO833] Paramount Iteration,3,39,37.073495,0.894484
[MO833] Paramount Iteration,1,39,37.073766,0.894789
[MO833] Paramount Iteration,2,40,37.953328,0.886284
[MO833] Paramount Iteration,0,40,37.953469,0.886431
[MO833] Paramount Iteration,3,40,37.959716,0.886221
[MO833] Paramount Iteration,1,40,37.959908,0.886142
[MO833] Paramount Iteration,0,41,38.847066,0.893597
[MO833] Paramount Iteration,2,41,38.847064,0.893736
[MO833] Paramount Iteration,3,41,38.853453,0.893737
[MO833] Paramount Iteration,1,41,38.853608,0.893700
[MO833] Paramount Iteration,2,42,39.741225,0.894161
[MO833] Paramount Iteration,0,42,39.741313,0.894247
[MO833] Paramount Iteration,3,42,39.747867,0.894414
[MO833] Paramount Iteration,1,42,39.747864,0.894256
[MO833] Paramount Iteration,0,43,40.634956,0.893643
[MO833] Paramount Iteration,2,43,40.635268,0.894043
[MO833] Paramount Iteration,3,43,40.641473,0.893606
[MO833] Paramount Iteration,1,43,40.641859,0.893995
[MO833] Paramount Iteration,1,44,41.533519,0.891660
[MO833] Paramount Iteration,3,44,41.535270,0.893797
[MO833] Paramount Iteration,2,44,41.541113,0.905845
[MO833] Paramount Iteration,0,44,41.542600,0.907644
[MO833] Paramount Iteration,2,45,42.428451,0.887338
[MO833] Paramount Iteration,0,45,42.428432,0.885832
[MO833] Paramount Iteration,3,45,42.434970,0.899700
[MO833] Paramount Iteration,1,45,42.435090,0.901571
[MO833] Paramount Iteration,0,46,43.323271,0.894839
[MO833] Paramount Iteration,2,46,43.323433,0.894982
[MO833] Paramount Iteration,3,46,43.329875,0.894905
[MO833] Paramount Iteration,1,46,43.329996,0.894906
[MO833] Paramount Iteration,2,47,44.216225,0.892792
[MO833] Paramount Iteration,0,47,44.216431,0.893160
[MO833] Paramount Iteration,1,47,44.222946,0.892950
[MO833] Paramount Iteration,3,47,44.222981,0.893106
[MO833] Paramount Iteration,0,48,45.111037,0.894606
[MO833] Paramount Iteration,2,48,45.111256,0.895031
[MO833] Paramount Iteration,3,48,45.117640,0.894659
[MO833] Paramount Iteration,1,48,45.117857,0.894911
[MO833] Paramount Iteration,3,49,46.003195,0.885555
[MO833] Paramount Iteration,0,49,46.014490,0.903453
[MO833] Paramount Iteration,1,49,46.016700,0.898843
[MO833] Paramount Iteration,2,49,46.020244,0.908988
[MO833] Paramount Iteration,2,50,46.906216,0.885972
[MO833] Paramount Iteration,0,50,46.906418,0.891928
[MO833] Paramount Iteration,1,50,46.912857,0.896157
[MO833] Paramount Iteration,3,50,46.912819,0.909624
[MO833] Paramount Iteration,0,51,47.800565,0.894147
[MO833] Paramount Iteration,2,51,47.800833,0.894617
[MO833] Paramount Iteration,3,51,47.807104,0.894285
[MO833] Paramount Iteration,1,51,47.807406,0.894549
[MO833] Paramount Iteration,2,52,48.695569,0.894736
[MO833] Paramount Iteration,0,52,48.695486,0.894921
[MO833] Paramount Iteration,3,52,48.701698,0.894594
[MO833] Paramount Iteration,1,52,48.708756,0.901350
[MO833] Paramount Iteration,2,53,49.636094,0.940525
[MO833] Paramount Iteration,0,53,49.636373,0.940887
[MO833] Paramount Iteration,3,53,49.642788,0.941090
[MO833] Paramount Iteration,1,53,49.642809,0.934053
[MO833] Paramount Iteration,0,54,50.528309,0.891936
[MO833] Paramount Iteration,3,54,50.535401,0.892613
[MO833] Paramount Iteration,1,54,50.535755,0.892946
[MO833] Paramount Iteration,2,54,50.542730,0.906636
[MO833] Paramount Iteration,0,55,51.428364,0.900055
[MO833] Paramount Iteration,2,55,51.428314,0.885584
[MO833] Paramount Iteration,3,55,51.434832,0.899431
[MO833] Paramount Iteration,1,55,51.435006,0.899251
[MO833] Paramount Iteration,2,56,52.323720,0.895406
[MO833] Paramount Iteration,0,56,52.323794,0.895430
[MO833] Paramount Iteration,3,56,52.330234,0.895402
[MO833] Paramount Iteration,1,56,52.330381,0.895375
[MO833] Paramount Iteration,0,57,53.215609,0.891815
[MO833] Paramount Iteration,2,57,53.215775,0.892055
[MO833] Paramount Iteration,3,57,53.221995,0.891761
[MO833] Paramount Iteration,1,57,53.222231,0.891850
[MO833] Paramount Iteration,2,58,54.109608,0.893833
[MO833] Paramount Iteration,0,58,54.109660,0.894051
[MO833] Paramount Iteration,3,58,54.116170,0.894175
[MO833] Paramount Iteration,1,58,54.116339,0.894108
[MO833] Paramount Iteration,2,59,55.004318,0.894710
[MO833] Paramount Iteration,0,59,55.004325,0.894665
 Time step   60
[MO833] Paramount Iteration,3,59,55.010837,0.894667
[MO833] Paramount Iteration,1,59,55.011076,0.894737
[MO833] Paramount Iteration,0,60,55.897370,0.893045
[MO833] Paramount Iteration,3,60,55.905781,0.894944
[MO833] Paramount Iteration,1,60,55.906152,0.895076
[MO833] Paramount Iteration,2,60,55.909992,0.905674
[MO833] Paramount Iteration,0,61,56.798718,0.901348
[MO833] Paramount Iteration,2,61,56.798786,0.888794
[MO833] Paramount Iteration,3,61,56.805458,0.899677
[MO833] Paramount Iteration,1,61,56.805577,0.899425
[MO833] Paramount Iteration,0,62,57.693588,0.894870
[MO833] Paramount Iteration,2,62,57.693853,0.895067
[MO833] Paramount Iteration,3,62,57.700131,0.894673
[MO833] Paramount Iteration,1,62,57.700485,0.894908
[MO833] Paramount Iteration,0,63,58.588018,0.894430
[MO833] Paramount Iteration,2,63,58.588238,0.894385
[MO833] Paramount Iteration,3,63,58.594336,0.894205
[MO833] Paramount Iteration,1,63,58.594670,0.894185
[MO833] Paramount Iteration,0,64,59.481687,0.893669
[MO833] Paramount Iteration,2,64,59.481917,0.893679
[MO833] Paramount Iteration,3,64,59.488241,0.893905
[MO833] Paramount Iteration,1,64,59.488549,0.893879
[MO833] Paramount Iteration,0,65,60.376272,0.894585
[MO833] Paramount Iteration,2,65,60.376547,0.894630
[MO833] Paramount Iteration,3,65,60.382851,0.894610
[MO833] Paramount Iteration,1,65,60.383157,0.894608
[MO833] Paramount Iteration,0,66,61.268764,0.892492
[MO833] Paramount Iteration,1,66,61.275952,0.892795
[MO833] Paramount Iteration,3,66,61.275931,0.893080
[MO833] Paramount Iteration,2,66,61.282975,0.906428
[MO833] Paramount Iteration,2,67,62.166383,0.883408
[MO833] Paramount Iteration,0,67,62.172196,0.903432
[MO833] Paramount Iteration,3,67,62.173436,0.897505
[MO833] Paramount Iteration,1,67,62.173945,0.897993
[MO833] Paramount Iteration,2,68,63.060544,0.894161
[MO833] Paramount Iteration,0,68,63.060573,0.888377
[MO833] Paramount Iteration,1,68,63.067176,0.893231
[MO833] Paramount Iteration,3,68,63.067080,0.893644
[MO833] Paramount Iteration,0,69,63.955120,0.894547
[MO833] Paramount Iteration,2,69,63.955265,0.894721
[MO833] Paramount Iteration,3,69,63.961615,0.894535
[MO833] Paramount Iteration,1,69,63.961794,0.894618
[MO833] Paramount Iteration,2,70,64.845370,0.890105
[MO833] Paramount Iteration,0,70,64.845944,0.890824
[MO833] Paramount Iteration,3,70,64.864518,0.902903
[MO833] Paramount Iteration,1,70,64.866691,0.904897
[MO833] Paramount Iteration,0,71,65.758200,0.912256
[MO833] Paramount Iteration,2,71,65.758209,0.912839
[MO833] Paramount Iteration,3,71,65.764691,0.900173
[MO833] Paramount Iteration,1,71,65.764903,0.898212
[MO833] Paramount Iteration,2,72,66.660133,0.901924
[MO833] Paramount Iteration,0,72,66.660108,0.901908
[MO833] Paramount Iteration,3,72,66.666903,0.902212
[MO833] Paramount Iteration,1,72,66.667043,0.902140
[MO833] Paramount Iteration,0,73,67.555858,0.895750
[MO833] Paramount Iteration,3,73,67.560123,0.893220
[MO833] Paramount Iteration,1,73,67.560310,0.893267
[MO833] Paramount Iteration,2,73,67.567595,0.907462
[MO833] Paramount Iteration,2,74,68.460927,0.893332
[MO833] Paramount Iteration,0,74,68.461288,0.905430
[MO833] Paramount Iteration,3,74,68.467459,0.907336
[MO833] Paramount Iteration,1,74,68.467596,0.907286
[MO833] Paramount Iteration,2,75,69.353345,0.892418
[MO833] Paramount Iteration,0,75,69.353272,0.891984
[MO833] Paramount Iteration,3,75,69.359686,0.892227
[MO833] Paramount Iteration,1,75,69.359994,0.892398
[MO833] Paramount Iteration,0,76,70.247803,0.894531
[MO833] Paramount Iteration,2,76,70.248052,0.894707
[MO833] Paramount Iteration,3,76,70.254348,0.894662
[MO833] Paramount Iteration,1,76,70.254654,0.894660
[MO833] Paramount Iteration,0,77,71.142482,0.894679
[MO833] Paramount Iteration,2,77,71.142752,0.894700
[MO833] Paramount Iteration,3,77,71.149052,0.894704
[MO833] Paramount Iteration,1,77,71.149447,0.894793
[MO833] Paramount Iteration,0,78,72.037230,0.894748
[MO833] Paramount Iteration,2,78,72.037198,0.894446
[MO833] Paramount Iteration,3,78,72.043735,0.894683
[MO833] Paramount Iteration,1,78,72.043861,0.894414
[MO833] Paramount Iteration,2,79,72.931931,0.894733
[MO833] Paramount Iteration,0,79,72.932170,0.894940
 Time step   80
[MO833] Paramount Iteration,3,79,72.938658,0.894923
[MO833] Paramount Iteration,1,79,72.938630,0.894769
[MO833] Paramount Iteration,0,80,73.823574,0.891404
[MO833] Paramount Iteration,2,80,73.823930,0.891999
[MO833] Paramount Iteration,3,80,73.830119,0.891461
[MO833] Paramount Iteration,1,80,73.830504,0.891874
[MO833] Paramount Iteration,3,81,74.723936,0.893817
[MO833] Paramount Iteration,1,81,74.724165,0.893661
[MO833] Paramount Iteration,2,81,74.729713,0.905783
[MO833] Paramount Iteration,0,81,74.730438,0.906864
[MO833] Paramount Iteration,0,82,75.616210,0.885772
[MO833] Paramount Iteration,2,82,75.616619,0.886906
[MO833] Paramount Iteration,3,82,75.622951,0.899015
[MO833] Paramount Iteration,1,82,75.623365,0.899200
[MO833] Paramount Iteration,2,83,76.511353,0.894734
[MO833] Paramount Iteration,0,83,76.511337,0.895127
[MO833] Paramount Iteration,3,83,76.517841,0.894890
[MO833] Paramount Iteration,1,83,76.517965,0.894600
[MO833] Paramount Iteration,0,84,77.405245,0.893908
[MO833] Paramount Iteration,2,84,77.405168,0.893815
[MO833] Paramount Iteration,3,84,77.411668,0.893827
[MO833] Paramount Iteration,1,84,77.411808,0.893843
[MO833] Paramount Iteration,2,85,78.299403,0.894235
[MO833] Paramount Iteration,0,85,78.299681,0.894436
[MO833] Paramount Iteration,1,85,78.306102,0.894294
[MO833] Paramount Iteration,3,85,78.306190,0.894522
[MO833] Paramount Iteration,0,86,79.193635,0.893954
[MO833] Paramount Iteration,2,86,79.193648,0.894245
[MO833] Paramount Iteration,3,86,79.200164,0.893974
[MO833] Paramount Iteration,1,86,79.200273,0.894171
[MO833] Paramount Iteration,2,87,80.088386,0.894738
[MO833] Paramount Iteration,0,87,80.088576,0.894941
[MO833] Paramount Iteration,1,87,80.095106,0.894833
[MO833] Paramount Iteration,3,87,80.095022,0.894858
[MO833] Paramount Iteration,0,88,80.982678,0.894102
[MO833] Paramount Iteration,2,88,80.982746,0.894360
[MO833] Paramount Iteration,3,88,80.989116,0.894094
[MO833] Paramount Iteration,1,88,80.989405,0.894299
[MO833] Paramount Iteration,0,89,81.874796,0.892118
[MO833] Paramount Iteration,3,89,81.882399,0.893283
[MO833] Paramount Iteration,1,89,81.882699,0.893294
[MO833] Paramount Iteration,2,89,81.888849,0.906103
[MO833] Paramount Iteration,0,90,82.771186,0.896390
[MO833] Paramount Iteration,2,90,82.771114,0.882265
[MO833] Paramount Iteration,3,90,82.777408,0.895009
[MO833] Paramount Iteration,1,90,82.777702,0.895003
[MO833] Paramount Iteration,0,91,83.663410,0.892224
[MO833] Paramount Iteration,2,91,83.663573,0.892459
[MO833] Paramount Iteration,3,91,83.669890,0.892482
[MO833] Paramount Iteration,1,91,83.670187,0.892485
[MO833] Paramount Iteration,2,92,84.558701,0.895128
[MO833] Paramount Iteration,0,92,84.558803,0.895393
[MO833] Paramount Iteration,3,92,84.565174,0.895284
[MO833] Paramount Iteration,1,92,84.565302,0.895115
[MO833] Paramount Iteration,2,93,85.453295,0.894594
[MO833] Paramount Iteration,0,93,85.453508,0.894705
[MO833] Paramount Iteration,3,93,85.459896,0.894722
[MO833] Paramount Iteration,1,93,85.459866,0.894564
[MO833] Paramount Iteration,0,94,86.346157,0.892649
[MO833] Paramount Iteration,2,94,86.346255,0.892960
[MO833] Paramount Iteration,3,94,86.352679,0.892783
[MO833] Paramount Iteration,1,94,86.352808,0.892942
[MO833] Paramount Iteration,2,95,87.240802,0.894547
[MO833] Paramount Iteration,0,95,87.241234,0.895077
[MO833] Paramount Iteration,3,95,87.247586,0.894907
[MO833] Paramount Iteration,1,95,87.247491,0.894683
[MO833] Paramount Iteration,0,96,88.135301,0.894067
[MO833] Paramount Iteration,2,96,88.135310,0.894508
[MO833] Paramount Iteration,1,96,88.141833,0.894342
[MO833] Paramount Iteration,3,96,88.141765,0.894179
[MO833] Paramount Iteration,2,97,89.028139,0.892829
[MO833] Paramount Iteration,0,97,89.028387,0.893086
[MO833] Paramount Iteration,3,97,89.034802,0.893037
[MO833] Paramount Iteration,1,97,89.034765,0.892932
[MO833] Paramount Iteration,1,98,89.926853,0.892088
[MO833] Paramount Iteration,3,98,89.927048,0.892246
[MO833] Paramount Iteration,2,98,89.934291,0.906152
[MO833] Paramount Iteration,0,98,89.934485,0.906098
[MO833] Paramount Iteration,2,99,90.820896,0.886605
[MO833] Paramount Iteration,0,99,90.821099,0.886614
 Time step  100
[MO833] Paramount Iteration,3,99,90.827583,0.900535
[MO833] Paramount Iteration,1,99,90.827563,0.900710
[MO833] Paramount Iteration,2,100,91.715417,0.894521
[MO833] Paramount Iteration,0,100,91.715580,0.894481
[MO833] Paramount Iteration,3,100,91.721896,0.894313
[MO833] Paramount Iteration,1,100,91.722067,0.894504
[MO833] Paramount Iteration,2,101,92.609045,0.893628
[MO833] Paramount Iteration,0,101,92.609028,0.893448
[MO833] Paramount Iteration,3,101,92.615557,0.893661
[MO833] Paramount Iteration,1,101,92.615672,0.893605
[MO833] Paramount Iteration,0,102,93.503578,0.894550
[MO833] Paramount Iteration,2,102,93.503533,0.894488
[MO833] Paramount Iteration,1,102,93.510114,0.894442
[MO833] Paramount Iteration,3,102,93.510029,0.894472
[MO833] Paramount Iteration,0,103,94.398146,0.894568
[MO833] Paramount Iteration,2,103,94.398344,0.894811
[MO833] Paramount Iteration,3,103,94.404590,0.894561
[MO833] Paramount Iteration,1,103,94.404903,0.894789
[MO833] Paramount Iteration,0,104,95.322303,0.924157
[MO833] Paramount Iteration,2,104,95.322353,0.924009
[MO833] Paramount Iteration,1,104,95.335664,0.930761
[MO833] Paramount Iteration,3,104,95.335640,0.931050
[MO833] Paramount Iteration,0,105,96.230664,0.908361
[MO833] Paramount Iteration,2,105,96.231007,0.908654
[MO833] Paramount Iteration,3,105,96.237046,0.901406
[MO833] Paramount Iteration,1,105,96.237424,0.901760
[MO833] Paramount Iteration,0,106,97.125323,0.894659
[MO833] Paramount Iteration,2,106,97.125313,0.894306
[MO833] Paramount Iteration,1,106,97.132036,0.894612
[MO833] Paramount Iteration,3,106,97.131956,0.894910
[MO833] Paramount Iteration,2,107,98.019010,0.893697
[MO833] Paramount Iteration,0,107,98.018999,0.893676
[MO833] Paramount Iteration,3,107,98.025390,0.893434
[MO833] Paramount Iteration,1,107,98.025595,0.893559
[MO833] Paramount Iteration,0,108,98.913101,0.894102
[MO833] Paramount Iteration,2,108,98.913310,0.894300
[MO833] Paramount Iteration,3,108,98.919611,0.894221
[MO833] Paramount Iteration,1,108,98.919866,0.894271
[MO833] Paramount Iteration,2,109,99.801972,0.888662
[MO833] Paramount Iteration,0,109,99.801885,0.888784
[MO833] Paramount Iteration,3,109,99.808245,0.888634
[MO833] Paramount Iteration,1,109,99.808613,0.888747
[MO833] Paramount Iteration,0,110,100.695189,0.893304
[MO833] Paramount Iteration,2,110,100.695293,0.893321
[MO833] Paramount Iteration,3,110,100.701641,0.893396
[MO833] Paramount Iteration,1,110,100.701849,0.893236
[MO833] Paramount Iteration,2,111,101.588832,0.893539
[MO833] Paramount Iteration,0,111,101.589089,0.893900
[MO833] Paramount Iteration,3,111,101.595514,0.893873
[MO833] Paramount Iteration,1,111,101.595556,0.893707
[MO833] Paramount Iteration,0,112,102.483664,0.894575
[MO833] Paramount Iteration,2,112,102.483617,0.894785
[MO833] Paramount Iteration,3,112,102.490064,0.894550
[MO833] Paramount Iteration,1,112,102.490224,0.894668
[MO833] Paramount Iteration,2,113,103.378813,0.895196
[MO833] Paramount Iteration,0,113,103.378885,0.895221
[MO833] Paramount Iteration,3,113,103.385327,0.895263
[MO833] Paramount Iteration,1,113,103.385491,0.895267
[MO833] Paramount Iteration,2,114,104.273942,0.895129
[MO833] Paramount Iteration,0,114,104.274251,0.895366
[MO833] Paramount Iteration,3,114,104.280660,0.895333
[MO833] Paramount Iteration,1,114,104.280627,0.895136
[MO833] Paramount Iteration,2,115,105.169053,0.895111
[MO833] Paramount Iteration,0,115,105.169056,0.894805
[MO833] Paramount Iteration,3,115,105.175691,0.895031
[MO833] Paramount Iteration,1,115,105.175832,0.895205
[MO833] Paramount Iteration,0,116,106.063409,0.894353
[MO833] Paramount Iteration,2,116,106.063629,0.894576
[MO833] Paramount Iteration,3,116,106.069893,0.894202
[MO833] Paramount Iteration,1,116,106.070177,0.894345
[MO833] Paramount Iteration,2,117,106.958204,0.894575
[MO833] Paramount Iteration,0,117,106.958152,0.894743
[MO833] Paramount Iteration,1,117,106.964617,0.894440
[MO833] Paramount Iteration,3,117,106.964550,0.894657
[MO833] Paramount Iteration,0,118,107.850299,0.892147
[MO833] Paramount Iteration,2,118,107.850321,0.892117
[MO833] Paramount Iteration,3,118,107.856729,0.892179
[MO833] Paramount Iteration,1,118,107.856891,0.892274
[MO833] Paramount Iteration,3,119,108.748755,0.892026
[MO833] Paramount Iteration,1,119,108.749273,0.892382
[MO833] Paramount Iteration,2,119,108.754852,0.904531
[MO833] Paramount Iteration,0,119,108.755371,0.905072
 Time step  120
[MO833] Paramount Iteration,0,120,109.641398,0.886027
[MO833] Paramount Iteration,2,120,109.641671,0.886819
[MO833] Paramount Iteration,3,120,109.647977,0.899222
[MO833] Paramount Iteration,1,120,109.648264,0.898991
[MO833] Paramount Iteration,0,121,110.535428,0.894030
[MO833] Paramount Iteration,2,121,110.535348,0.893677
[MO833] Paramount Iteration,3,121,110.541874,0.893897
[MO833] Paramount Iteration,1,121,110.541960,0.893696
[MO833] Paramount Iteration,0,122,111.429885,0.894457
[MO833] Paramount Iteration,2,122,111.430034,0.894686
[MO833] Paramount Iteration,3,122,111.436333,0.894459
[MO833] Paramount Iteration,1,122,111.436706,0.894746
[MO833] Paramount Iteration,0,123,112.324852,0.894967
[MO833] Paramount Iteration,2,123,112.324767,0.894733
[MO833] Paramount Iteration,1,123,112.331360,0.894654
[MO833] Paramount Iteration,3,123,112.331325,0.894992
[MO833] Paramount Iteration,2,124,113.216066,0.891299
[MO833] Paramount Iteration,0,124,113.216549,0.891697
[MO833] Paramount Iteration,1,124,113.222742,0.891382
[MO833] Paramount Iteration,3,124,113.222978,0.891653
[MO833] Paramount Iteration,2,125,114.110773,0.894707
[MO833] Paramount Iteration,0,125,114.110807,0.894258
[MO833] Paramount Iteration,3,125,114.117290,0.894312
[MO833] Paramount Iteration,1,125,114.117480,0.894738
[MO833] Paramount Iteration,2,126,115.005373,0.894600
[MO833] Paramount Iteration,0,126,115.005625,0.894818
[MO833] Paramount Iteration,3,126,115.012111,0.894821
[MO833] Paramount Iteration,1,126,115.012078,0.894598
[MO833] Paramount Iteration,2,127,115.899796,0.894423
[MO833] Paramount Iteration,0,127,115.901047,0.895422
[MO833] Paramount Iteration,3,127,115.906477,0.894366
[MO833] Paramount Iteration,1,127,115.906670,0.894592
[MO833] Paramount Iteration,0,128,116.792898,0.891851
[MO833] Paramount Iteration,2,128,116.793112,0.893316
[MO833] Paramount Iteration,3,128,116.799469,0.892992
[MO833] Paramount Iteration,1,128,116.799735,0.893065
[MO833] Paramount Iteration,0,129,117.686572,0.893674
[MO833] Paramount Iteration,2,129,117.686975,0.893863
[MO833] Paramount Iteration,3,129,117.692989,0.893520
[MO833] Paramount Iteration,1,129,117.693317,0.893582
[MO833] Paramount Iteration,0,130,118.580243,0.893671
[MO833] Paramount Iteration,2,130,118.580283,0.893308
[MO833] Paramount Iteration,3,130,118.586687,0.893698
[MO833] Paramount Iteration,1,130,118.586966,0.893649
[MO833] Paramount Iteration,0,131,119.470917,0.890674
[MO833] Paramount Iteration,3,131,119.478484,0.891797
[MO833] Paramount Iteration,1,131,119.479001,0.892035
[MO833] Paramount Iteration,2,131,119.485802,0.905519
[MO833] Paramount Iteration,0,132,120.365939,0.895022
[MO833] Paramount Iteration,2,132,120.365952,0.880150
[MO833] Paramount Iteration,3,132,120.372407,0.893923
[MO833] Paramount Iteration,1,132,120.372549,0.893548
[MO833] Paramount Iteration,0,133,121.259033,0.893094
[MO833] Paramount Iteration,2,133,121.259139,0.893187
[MO833] Paramount Iteration,3,133,121.265537,0.893130
[MO833] Paramount Iteration,1,133,121.265788,0.893239
[MO833] Paramount Iteration,2,134,122.153710,0.894571
[MO833] Paramount Iteration,0,134,122.153619,0.894586
[MO833] Paramount Iteration,3,134,122.160164,0.894627
[MO833] Paramount Iteration,1,134,122.160451,0.894663
[MO833] Paramount Iteration,0,135,123.048144,0.894525
[MO833] Paramount Iteration,2,135,123.048137,0.894427
[MO833] Paramount Iteration,3,135,123.054593,0.894429
[MO833] Paramount Iteration,1,135,123.054768,0.894317
[MO833] Paramount Iteration,0,136,123.942342,0.894198
[MO833] Paramount Iteration,2,136,123.942665,0.894528
[MO833] Paramount Iteration,3,136,123.948908,0.894315
[MO833] Paramount Iteration,1,136,123.949200,0.894432
[MO833] Paramount Iteration,0,137,124.837459,0.895117
[MO833] Paramount Iteration,2,137,124.837496,0.894831
[MO833] Paramount Iteration,3,137,124.844017,0.895109
[MO833] Paramount Iteration,1,137,124.844159,0.894959
[MO833] Paramount Iteration,0,138,125.739663,0.902204
[MO833] Paramount Iteration,2,138,125.740287,0.902791
[MO833] Paramount Iteration,1,138,125.750792,0.906633
[MO833] Paramount Iteration,3,138,125.751246,0.907229
[MO833] Paramount Iteration,2,139,126.637796,0.897509
[MO833] Paramount Iteration,0,139,126.637787,0.898124
 Time step  140
[MO833] Paramount Iteration,3,139,126.644309,0.893063
[MO833] Paramount Iteration,1,139,126.644470,0.893678
[MO833] Paramount Iteration,0,140,127.532913,0.895126
[MO833] Paramount Iteration,2,140,127.532796,0.895000
[MO833] Paramount Iteration,3,140,127.539627,0.895318
[MO833] Paramount Iteration,1,140,127.539730,0.895260
[MO833] Paramount Iteration,0,141,128.427279,0.894366
[MO833] Paramount Iteration,2,141,128.427381,0.894585
[MO833] Paramount Iteration,3,141,128.433644,0.894017
[MO833] Paramount Iteration,1,141,128.433855,0.894125
[MO833] Paramount Iteration,0,142,129.321576,0.894297
[MO833] Paramount Iteration,2,142,129.321873,0.894492
[MO833] Paramount Iteration,3,142,129.328215,0.894571
[MO833] Paramount Iteration,1,142,129.328552,0.894697
[MO833] Paramount Iteration,0,143,130.216901,0.895325
[MO833] Paramount Iteration,2,143,130.216774,0.894901
[MO833] Paramount Iteration,3,143,130.223496,0.895281
[MO833] Paramount Iteration,1,143,130.223478,0.894926
[MO833] Paramount Iteration,3,144,131.116430,0.892934
[MO833] Paramount Iteration,1,144,131.116978,0.893500
[MO833] Paramount Iteration,2,144,131.122519,0.905745
[MO833] Paramount Iteration,0,144,131.122964,0.906063
[MO833] Paramount Iteration,2,145,132.009210,0.886691
[MO833] Paramount Iteration,0,145,132.009359,0.886395
[MO833] Paramount Iteration,1,145,132.015963,0.898985
[MO833] Paramount Iteration,3,145,132.015850,0.899420
[MO833] Paramount Iteration,0,146,132.903964,0.894605
[MO833] Paramount Iteration,2,146,132.904415,0.895205
[MO833] Paramount Iteration,3,146,132.910607,0.894757
[MO833] Paramount Iteration,1,146,132.910947,0.894984
[MO833] Paramount Iteration,2,147,133.799008,0.894593
[MO833] Paramount Iteration,0,147,133.798910,0.894946
[MO833] Paramount Iteration,3,147,133.805454,0.894847
[MO833] Paramount Iteration,1,147,133.805696,0.894749
[MO833] Paramount Iteration,0,148,134.691520,0.892610
[MO833] Paramount Iteration,2,148,134.691826,0.892818
[MO833] Paramount Iteration,3,148,134.698049,0.892595
[MO833] Paramount Iteration,1,148,134.698369,0.892673
[MO833] Paramount Iteration,2,149,135.586017,0.894191
[MO833] Paramount Iteration,0,149,135.586181,0.894661
[MO833] Paramount Iteration,3,149,135.592724,0.894675
[MO833] Paramount Iteration,1,149,135.592924,0.894555
[MO833] Paramount Iteration,2,150,136.480859,0.894842
[MO833] Paramount Iteration,0,150,136.481025,0.894844
[MO833] Paramount Iteration,3,150,136.487572,0.894848
[MO833] Paramount Iteration,1,150,136.487554,0.894630
[MO833] Paramount Iteration,0,151,137.372730,0.891705
[MO833] Paramount Iteration,2,151,137.372923,0.892064
[MO833] Paramount Iteration,3,151,137.379280,0.891708
[MO833] Paramount Iteration,1,151,137.379560,0.892006
[MO833] Paramount Iteration,0,152,138.267281,0.894551
[MO833] Paramount Iteration,2,152,138.267515,0.894592
[MO833] Paramount Iteration,3,152,138.273767,0.894487
[MO833] Paramount Iteration,1,152,138.274041,0.894481
[MO833] Paramount Iteration,2,153,139.161787,0.894272
[MO833] Paramount Iteration,0,153,139.161930,0.894649
[MO833] Paramount Iteration,1,153,139.168488,0.894447
[MO833] Paramount Iteration,3,153,139.168413,0.894646
[MO833] Paramount Iteration,0,154,140.056239,0.894309
[MO833] Paramount Iteration,2,154,140.056745,0.894958
[MO833] Paramount Iteration,3,154,140.062767,0.894354
[MO833] Paramount Iteration,1,154,140.063268,0.894780
[MO833] Paramount Iteration,2,155,140.949458,0.892713
[MO833] Paramount Iteration,0,155,140.949648,0.893409
[MO833] Paramount Iteration,1,155,140.956025,0.892757
[MO833] Paramount Iteration,3,155,140.956048,0.893281
[MO833] Paramount Iteration,0,156,141.844064,0.894416
[MO833] Paramount Iteration,2,156,141.844167,0.894709
[MO833] Paramount Iteration,3,156,141.850519,0.894471
[MO833] Paramount Iteration,1,156,141.850729,0.894704
[MO833] Paramount Iteration,2,157,142.739172,0.895005
[MO833] Paramount Iteration,0,157,142.739096,0.895032
[MO833] Paramount Iteration,3,157,142.745605,0.895086
[MO833] Paramount Iteration,1,157,142.745746,0.895017
[MO833] Paramount Iteration,0,158,143.633543,0.894447
[MO833] Paramount Iteration,2,158,143.633838,0.894666
[MO833] Paramount Iteration,3,158,143.640079,0.894474
[MO833] Paramount Iteration,1,158,143.640428,0.894682
[MO833] Paramount Iteration,2,159,144.526367,0.892529
[MO833] Paramount Iteration,0,159,144.526528,0.892985
 Time step  160
[MO833] Paramount Iteration,3,159,144.532834,0.892755
[MO833] Paramount Iteration,1,159,144.533014,0.892586
[MO833] Paramount Iteration,0,160,145.419658,0.893130
[MO833] Paramount Iteration,2,160,145.419644,0.893277
[MO833] Paramount Iteration,3,160,145.426086,0.893252
[MO833] Paramount Iteration,1,160,145.426219,0.893205
[MO833] Paramount Iteration,2,161,146.314373,0.894729
[MO833] Paramount Iteration,0,161,146.314368,0.894710
[MO833] Paramount Iteration,3,161,146.320710,0.894624
[MO833] Paramount Iteration,1,161,146.320846,0.894627
[MO833] Paramount Iteration,0,162,147.207759,0.893391
[MO833] Paramount Iteration,2,162,147.207720,0.893347
[MO833] Paramount Iteration,3,162,147.214171,0.893461
[MO833] Paramount Iteration,1,162,147.214295,0.893449
[MO833] Paramount Iteration,0,163,148.103419,0.895660
[MO833] Paramount Iteration,2,163,148.103667,0.895947
[MO833] Paramount Iteration,3,163,148.110078,0.895907
[MO833] Paramount Iteration,1,163,148.110354,0.896059
[MO833] Paramount Iteration,0,164,148.998525,0.895106
[MO833] Paramount Iteration,2,164,148.998651,0.894984
[MO833] Paramount Iteration,3,164,149.004958,0.894880
[MO833] Paramount Iteration,1,164,149.005210,0.894856
[MO833] Paramount Iteration,0,165,149.891905,0.893380
[MO833] Paramount Iteration,2,165,149.891811,0.893160
[MO833] Paramount Iteration,3,165,149.898319,0.893361
[MO833] Paramount Iteration,1,165,149.898398,0.893188
[MO833] Paramount Iteration,2,166,150.786574,0.894763
[MO833] Paramount Iteration,0,166,150.786643,0.894738
[MO833] Paramount Iteration,1,166,150.793240,0.894842
[MO833] Paramount Iteration,3,166,150.793156,0.894837
[MO833] Paramount Iteration,2,167,151.680730,0.894156
[MO833] Paramount Iteration,0,167,151.680932,0.894289
[MO833] Paramount Iteration,1,167,151.687401,0.894161
[MO833] Paramount Iteration,3,167,151.687297,0.894141
[MO833] Paramount Iteration,2,168,152.571970,0.891240
[MO833] Paramount Iteration,0,168,152.572048,0.891116
[MO833] Paramount Iteration,3,168,152.578450,0.891153
[MO833] Paramount Iteration,1,168,152.578642,0.891241
[MO833] Paramount Iteration,0,169,153.466352,0.894304
[MO833] Paramount Iteration,2,169,153.466378,0.894408
[MO833] Paramount Iteration,3,169,153.472866,0.894416
[MO833] Paramount Iteration,1,169,153.473073,0.894431
[MO833] Paramount Iteration,0,170,154.361125,0.894773
[MO833] Paramount Iteration,2,170,154.361079,0.894701
[MO833] Paramount Iteration,3,170,154.367655,0.894789
[MO833] Paramount Iteration,1,170,154.367741,0.894668
[MO833] Paramount Iteration,2,171,155.286131,0.925052
[MO833] Paramount Iteration,0,171,155.292504,0.931379
[MO833] Paramount Iteration,1,171,155.301386,0.933645
[MO833] Paramount Iteration,3,171,155.305530,0.937875
[MO833] Paramount Iteration,0,172,156.200254,0.907750
[MO833] Paramount Iteration,2,172,156.200263,0.914132
[MO833] Paramount Iteration,3,172,156.206686,0.901156
[MO833] Paramount Iteration,1,172,156.206872,0.905486
[MO833] Paramount Iteration,0,173,157.094435,0.894181
[MO833] Paramount Iteration,2,173,157.094793,0.894530
[MO833] Paramount Iteration,3,173,157.101136,0.894450
[MO833] Paramount Iteration,1,173,157.101528,0.894656
[MO833] Paramount Iteration,3,174,157.994783,0.893647
[MO833] Paramount Iteration,1,174,157.995118,0.893590
[MO833] Paramount Iteration,0,174,158.000522,0.906087
[MO833] Paramount Iteration,2,174,158.000708,0.905915
[MO833] Paramount Iteration,0,175,158.887138,0.886616
[MO833] Paramount Iteration,2,175,158.887113,0.886405
[MO833] Paramount Iteration,1,175,158.893775,0.898657
[MO833] Paramount Iteration,3,175,158.893682,0.898899
[MO833] Paramount Iteration,0,176,159.781357,0.894219
[MO833] Paramount Iteration,2,176,159.781645,0.894532
[MO833] Paramount Iteration,3,176,159.787917,0.894235
[MO833] Paramount Iteration,1,176,159.788301,0.894526
[MO833] Paramount Iteration,0,177,160.676368,0.895011
[MO833] Paramount Iteration,2,177,160.676375,0.894730
[MO833] Paramount Iteration,3,177,160.682944,0.895027
[MO833] Paramount Iteration,1,177,160.683098,0.894797
[MO833] Paramount Iteration,0,178,161.569253,0.892885
[MO833] Paramount Iteration,2,178,161.569293,0.892918
[MO833] Paramount Iteration,3,178,161.575737,0.892793
[MO833] Paramount Iteration,1,178,161.575954,0.892856
[MO833] Paramount Iteration,2,179,162.464672,0.895379
[MO833] Paramount Iteration,0,179,162.464671,0.895418
 Time step  180
[MO833] Paramount Iteration,3,179,162.471213,0.895476
[MO833] Paramount Iteration,1,179,162.471465,0.895511
[MO833] Paramount Iteration,0,180,163.359779,0.895108
[MO833] Paramount Iteration,2,180,163.359912,0.895240
[MO833] Paramount Iteration,3,180,163.366241,0.895028
[MO833] Paramount Iteration,1,180,163.366476,0.895011
[MO833] Paramount Iteration,2,181,164.255117,0.895205
[MO833] Paramount Iteration,0,181,164.255682,0.895903
[MO833] Paramount Iteration,3,181,164.261549,0.895308
[MO833] Paramount Iteration,1,181,164.261705,0.895229
[MO833] Paramount Iteration,0,182,165.146899,0.891217
[MO833] Paramount Iteration,2,182,165.147125,0.892008
[MO833] Paramount Iteration,3,182,165.153315,0.891766
[MO833] Paramount Iteration,1,182,165.153596,0.891891
[MO833] Paramount Iteration,2,183,166.041464,0.894339
[MO833] Paramount Iteration,0,183,166.041667,0.894768
[MO833] Paramount Iteration,1,183,166.048119,0.894523
[MO833] Paramount Iteration,3,183,166.048095,0.894780
[MO833] Paramount Iteration,0,184,166.936282,0.894615
[MO833] Paramount Iteration,2,184,166.936252,0.894788
[MO833] Paramount Iteration,3,184,166.942707,0.894612
[MO833] Paramount Iteration,1,184,166.942881,0.894762
[MO833] Paramount Iteration,2,185,167.831026,0.894774
[MO833] Paramount Iteration,0,185,167.831131,0.894849
[MO833] Paramount Iteration,1,185,167.837598,0.894717
[MO833] Paramount Iteration,3,185,167.837526,0.894819
[MO833] Paramount Iteration,0,186,168.725521,0.894390
[MO833] Paramount Iteration,2,186,168.725385,0.894359
[MO833] Paramount Iteration,3,186,168.731979,0.894453
[MO833] Paramount Iteration,1,186,168.731990,0.894392
[MO833] Paramount Iteration,2,187,169.620709,0.895324
[MO833] Paramount Iteration,0,187,169.620731,0.895210
[MO833] Paramount Iteration,1,187,169.627266,0.895276
[MO833] Paramount Iteration,3,187,169.627182,0.895203
[MO833] Paramount Iteration,0,188,170.514812,0.894081
[MO833] Paramount Iteration,2,188,170.514654,0.893945
[MO833] Paramount Iteration,3,188,170.521153,0.893971
[MO833] Paramount Iteration,1,188,170.521304,0.894038
[MO833] Paramount Iteration,2,189,171.409340,0.894686
[MO833] Paramount Iteration,0,189,171.409320,0.894508
[MO833] Paramount Iteration,3,189,171.415836,0.894683
[MO833] Paramount Iteration,1,189,171.415977,0.894673
[MO833] Paramount Iteration,0,190,172.304341,0.895021
[MO833] Paramount Iteration,2,190,172.304379,0.895039
[MO833] Paramount Iteration,3,190,172.310761,0.894925
[MO833] Paramount Iteration,1,190,172.310930,0.894953
[MO833] Paramount Iteration,0,191,173.198893,0.894552
[MO833] Paramount Iteration,2,191,173.199136,0.894757
[MO833] Paramount Iteration,3,191,173.205366,0.894605
[MO833] Paramount Iteration,1,191,173.205644,0.894714
[MO833] Paramount Iteration,2,192,174.105518,0.906382
[MO833] Paramount Iteration,0,192,174.105950,0.907057
[MO833] Paramount Iteration,1,192,174.112140,0.906496
[MO833] Paramount Iteration,3,192,174.112075,0.906709
[MO833] Paramount Iteration,2,193,174.999020,0.893502
[MO833] Paramount Iteration,0,193,174.999051,0.893101
[MO833] Paramount Iteration,3,193,175.005580,0.893505
[MO833] Paramount Iteration,1,193,175.005710,0.893570
[MO833] Paramount Iteration,0,194,175.893720,0.894669
[MO833] Paramount Iteration,2,194,175.893654,0.894634
[MO833] Paramount Iteration,1,194,175.900295,0.894585
[MO833] Paramount Iteration,3,194,175.900210,0.894630
[MO833] Paramount Iteration,2,195,176.788314,0.894660
[MO833] Paramount Iteration,0,195,176.788393,0.894673
[MO833] Paramount Iteration,3,195,176.795007,0.894797
[MO833] Paramount Iteration,1,195,176.795104,0.894809
[MO833] Paramount Iteration,0,196,177.683254,0.894861
[MO833] Paramount Iteration,2,196,177.683322,0.895008
[MO833] Paramount Iteration,1,196,177.689828,0.894724
[MO833] Paramount Iteration,3,196,177.689708,0.894701
[MO833] Paramount Iteration,2,197,178.577991,0.894669
[MO833] Paramount Iteration,0,197,178.577908,0.894654
[MO833] Paramount Iteration,3,197,178.584440,0.894732
[MO833] Paramount Iteration,1,197,178.584633,0.894805
[MO833] Paramount Iteration,0,198,179.472485,0.894577
[MO833] Paramount Iteration,2,198,179.472774,0.894783
[MO833] Paramount Iteration,3,198,179.478845,0.894405
[MO833] Paramount Iteration,1,198,179.479137,0.894504
[MO833] Paramount Iteration,0,199,180.367537,0.895052
 Time step  200
[MO833] Paramount Iteration,2,199,180.367577,0.894803
[MO833] Paramount Iteration,3,199,180.373934,0.895089
[MO833] Paramount Iteration,1,199,180.374168,0.895031
[MO833] Paramount Iteration,2,200,181.262261,0.894684
[MO833] Paramount Iteration,0,200,181.262316,0.894779
[MO833] Paramount Iteration,3,200,181.268686,0.894752
[MO833] Paramount Iteration,1,200,181.268918,0.894750
[MO833] Paramount Iteration,0,201,182.156678,0.894362
[MO833] Paramount Iteration,2,201,182.156859,0.894598
[MO833] Paramount Iteration,3,201,182.163077,0.894391
[MO833] Paramount Iteration,1,201,182.163406,0.894488
[MO833] Paramount Iteration,2,202,183.049325,0.892466
[MO833] Paramount Iteration,0,202,183.049172,0.892494
[MO833] Paramount Iteration,3,202,183.055522,0.892445
[MO833] Paramount Iteration,1,202,183.055729,0.892323
[MO833] Paramount Iteration,0,203,183.941561,0.892389
[MO833] Paramount Iteration,2,203,183.941522,0.892197
[MO833] Paramount Iteration,3,203,183.947801,0.892279
[MO833] Paramount Iteration,1,203,183.948034,0.892305
[MO833] Paramount Iteration,0,204,184.836267,0.894706
[MO833] Paramount Iteration,2,204,184.836409,0.894887
[MO833] Paramount Iteration,3,204,184.842737,0.894936
[MO833] Paramount Iteration,1,204,184.842906,0.894872
[MO833] Paramount Iteration,2,205,185.736342,0.899933
[MO833] Paramount Iteration,0,205,185.738478,0.902211
[MO833] Paramount Iteration,1,205,185.753436,0.910530
[MO833] Paramount Iteration,3,205,185.755864,0.913127
[MO833] Paramount Iteration,2,206,186.643848,0.907506
[MO833] Paramount Iteration,0,206,186.643903,0.905425
[MO833] Paramount Iteration,3,206,186.650393,0.894529
[MO833] Paramount Iteration,1,206,186.650492,0.897056
[MO833] Paramount Iteration,0,207,187.538980,0.895077
[MO833] Paramount Iteration,2,207,187.538915,0.895067
[MO833] Paramount Iteration,1,207,187.545474,0.894982
[MO833] Paramount Iteration,3,207,187.545389,0.894996
[MO833] Paramount Iteration,2,208,188.433678,0.894763
[MO833] Paramount Iteration,0,208,188.434819,0.895839
[MO833] Paramount Iteration,3,208,188.440453,0.895064
[MO833] Paramount Iteration,1,208,188.440598,0.895124
[MO833] Paramount Iteration,0,209,189.326695,0.891876
[MO833] Paramount Iteration,2,209,189.326723,0.893045
[MO833] Paramount Iteration,3,209,189.333192,0.892739
[MO833] Paramount Iteration,1,209,189.333392,0.892794
[MO833] Paramount Iteration,3,210,190.226049,0.892857
[MO833] Paramount Iteration,1,210,190.226105,0.892713
[MO833] Paramount Iteration,0,210,190.231730,0.905035
[MO833] Paramount Iteration,2,210,190.231792,0.905069
[MO833] Paramount Iteration,0,211,191.118858,0.887128
[MO833] Paramount Iteration,2,211,191.118902,0.887110
[MO833] Paramount Iteration,3,211,191.125332,0.899283
[MO833] Paramount Iteration,1,211,191.125552,0.899447
[MO833] Paramount Iteration,0,212,192.012750,0.893892
[MO833] Paramount Iteration,2,212,192.013188,0.894286
[MO833] Paramount Iteration,3,212,192.019301,0.893969
[MO833] Paramount Iteration,1,212,192.019704,0.894152
[MO833] Paramount Iteration,0,213,192.907426,0.894676
[MO833] Paramount Iteration,2,213,192.907445,0.894257
[MO833] Paramount Iteration,3,213,192.913796,0.894495
[MO833] Paramount Iteration,1,213,192.914003,0.894299
[MO833] Paramount Iteration,0,214,193.801820,0.894394
[MO833] Paramount Iteration,2,214,193.801857,0.894412
[MO833] Paramount Iteration,3,214,193.808300,0.894504
[MO833] Paramount Iteration,1,214,193.808479,0.894476
[MO833] Paramount Iteration,2,215,194.694813,0.892956
[MO833] Paramount Iteration,0,215,194.694860,0.893040
[MO833] Paramount Iteration,3,215,194.701148,0.892848
[MO833] Paramount Iteration,1,215,194.701286,0.892807
[MO833] Paramount Iteration,0,216,195.588364,0.893504
[MO833] Paramount Iteration,2,216,195.588656,0.893843
[MO833] Paramount Iteration,3,216,195.594888,0.893740
[MO833] Paramount Iteration,1,216,195.595230,0.893944
[MO833] Paramount Iteration,0,217,196.482791,0.894427
[MO833] Paramount Iteration,2,217,196.483036,0.894380
[MO833] Paramount Iteration,3,217,196.489288,0.894400
[MO833] Paramount Iteration,1,217,196.489580,0.894350
[MO833] Paramount Iteration,0,218,197.377487,0.894696
[MO833] Paramount Iteration,2,218,197.377485,0.894449
[MO833] Paramount Iteration,1,218,197.384053,0.894473
[MO833] Paramount Iteration,3,218,197.383961,0.894673
[MO833] Paramount Iteration,2,219,198.269498,0.892013
[MO833] Paramount Iteration,0,219,198.269444,0.891957
 Time step  220
[MO833] Paramount Iteration,3,219,198.276035,0.892074
[MO833] Paramount Iteration,1,219,198.276134,0.892081
[MO833] Paramount Iteration,0,220,199.163968,0.894524
[MO833] Paramount Iteration,2,220,199.163947,0.894449
[MO833] Paramount Iteration,1,220,199.170527,0.894393
[MO833] Paramount Iteration,3,220,199.170439,0.894404
[MO833] Paramount Iteration,0,221,200.058104,0.894136
[MO833] Paramount Iteration,2,221,200.058267,0.894320
[MO833] Paramount Iteration,3,221,200.064573,0.894134
[MO833] Paramount Iteration,1,221,200.064864,0.894337
[MO833] Paramount Iteration,0,222,200.952388,0.894284
[MO833] Paramount Iteration,2,222,200.952639,0.894372
[MO833] Paramount Iteration,3,222,200.958847,0.894274
[MO833] Paramount Iteration,1,222,200.959180,0.894316
[MO833] Paramount Iteration,0,223,201.847712,0.895324
[MO833] Paramount Iteration,2,223,201.847614,0.894975
[MO833] Paramount Iteration,3,223,201.854126,0.895279
[MO833] Paramount Iteration,1,223,201.854211,0.895031
[MO833] Paramount Iteration,2,224,202.741983,0.894369
[MO833] Paramount Iteration,0,224,202.741904,0.894192
[MO833] Paramount Iteration,3,224,202.748404,0.894278
[MO833] Paramount Iteration,1,224,202.748581,0.894370
[MO833] Paramount Iteration,2,225,203.636473,0.894490
[MO833] Paramount Iteration,0,225,203.636629,0.894725
[MO833] Paramount Iteration,3,225,203.643204,0.894800
[MO833] Paramount Iteration,1,225,203.643222,0.894641
[MO833] Paramount Iteration,0,226,204.531131,0.894502
[MO833] Paramount Iteration,2,226,204.531209,0.894736
[MO833] Paramount Iteration,3,226,204.537603,0.894399
[MO833] Paramount Iteration,1,226,204.537809,0.894587
[MO833] Paramount Iteration,0,227,205.426166,0.895035
[MO833] Paramount Iteration,2,227,205.426028,0.894819
[MO833] Paramount Iteration,3,227,205.432538,0.894935
[MO833] Paramount Iteration,1,227,205.432649,0.894840
[MO833] Paramount Iteration,2,228,206.321432,0.895404
[MO833] Paramount Iteration,0,228,206.321345,0.895179
[MO833] Paramount Iteration,3,228,206.327812,0.895274
[MO833] Paramount Iteration,1,228,206.328037,0.895388
[MO833] Paramount Iteration,0,229,207.214566,0.893221
[MO833] Paramount Iteration,2,229,207.214574,0.893142
[MO833] Paramount Iteration,3,229,207.220882,0.893070
[MO833] Paramount Iteration,1,229,207.221083,0.893046
[MO833] Paramount Iteration,2,230,208.107134,0.892560
[MO833] Paramount Iteration,0,230,208.107043,0.892477
[MO833] Paramount Iteration,3,230,208.113547,0.892665
[MO833] Paramount Iteration,1,230,208.113732,0.892649
[MO833] Paramount Iteration,3,231,209.004657,0.891110
[MO833] Paramount Iteration,0,231,209.011744,0.904701
[MO833] Paramount Iteration,1,231,209.013873,0.900141
[MO833] Paramount Iteration,2,231,209.017593,0.910459
[MO833] Paramount Iteration,0,232,209.902364,0.890620
[MO833] Paramount Iteration,2,232,209.902716,0.885123
[MO833] Paramount Iteration,3,232,209.908994,0.904337
[MO833] Paramount Iteration,1,232,209.909344,0.895471
[MO833] Paramount Iteration,0,233,210.797528,0.895164
[MO833] Paramount Iteration,2,233,210.797506,0.894790
[MO833] Paramount Iteration,3,233,210.804043,0.895049
[MO833] Paramount Iteration,1,233,210.804168,0.894824
[MO833] Paramount Iteration,0,234,211.692073,0.894545
[MO833] Paramount Iteration,2,234,211.692021,0.894515
[MO833] Paramount Iteration,3,234,211.698488,0.894445
[MO833] Paramount Iteration,1,234,211.698632,0.894464
[MO833] Paramount Iteration,2,235,212.586804,0.894783
[MO833] Paramount Iteration,0,235,212.586768,0.894695
[MO833] Paramount Iteration,1,235,212.593324,0.894692
[MO833] Paramount Iteration,3,235,212.593209,0.894721
[MO833] Paramount Iteration,0,236,213.479019,0.892251
[MO833] Paramount Iteration,2,236,213.479262,0.892458
[MO833] Paramount Iteration,3,236,213.485574,0.892365
[MO833] Paramount Iteration,1,236,213.485782,0.892458
[MO833] Paramount Iteration,2,237,214.370804,0.891542
[MO833] Paramount Iteration,0,237,214.370987,0.891968
[MO833] Paramount Iteration,1,237,214.377406,0.891624
[MO833] Paramount Iteration,3,237,214.377383,0.891809
[MO833] Paramount Iteration,0,238,215.282047,0.911060
[MO833] Paramount Iteration,2,238,215.287546,0.916742
[MO833] Paramount Iteration,3,238,215.301371,0.923988
[MO833] Paramount Iteration,1,238,215.303542,0.926136
[MO833] Paramount Iteration,2,239,216.206019,0.918473
[MO833] Paramount Iteration,0,239,216.205977,0.923930
 Time step  240
[MO833] Paramount Iteration,3,239,216.212334,0.910963
[MO833] Paramount Iteration,1,239,216.212525,0.908983
[MO833] Paramount Iteration,0,240,217.098899,0.892922
[MO833] Paramount Iteration,2,240,217.098874,0.892855
[MO833] Paramount Iteration,3,240,217.105494,0.893160
[MO833] Paramount Iteration,1,240,217.105561,0.893036
[MO833] Paramount Iteration,2,241,217.993800,0.894926
[MO833] Paramount Iteration,0,241,217.993721,0.894822
[MO833] Paramount Iteration,3,241,218.000273,0.894779
[MO833] Paramount Iteration,1,241,218.000418,0.894857
[MO833] Paramount Iteration,0,242,218.884483,0.890762
[MO833] Paramount Iteration,2,242,218.884455,0.890655
[MO833] Paramount Iteration,3,242,218.890818,0.890545
[MO833] Paramount Iteration,1,242,218.890985,0.890567
[MO833] Paramount Iteration,0,243,219.776709,0.892226
[MO833] Paramount Iteration,2,243,219.777153,0.892698
[MO833] Paramount Iteration,3,243,219.783131,0.892313
[MO833] Paramount Iteration,1,243,219.783590,0.892605
[MO833] Paramount Iteration,0,244,220.669350,0.892641
[MO833] Paramount Iteration,2,244,220.669517,0.892364
[MO833] Paramount Iteration,3,244,220.675906,0.892775
[MO833] Paramount Iteration,1,244,220.676136,0.892546
[MO833] Paramount Iteration,0,245,221.564225,0.894875
[MO833] Paramount Iteration,2,245,221.564372,0.894855
[MO833] Paramount Iteration,3,245,221.570730,0.894824
[MO833] Paramount Iteration,1,245,221.570905,0.894769
[MO833] Paramount Iteration,2,246,222.456464,0.892092
[MO833] Paramount Iteration,0,246,222.456355,0.892130
[MO833] Paramount Iteration,3,246,222.462870,0.892140
[MO833] Paramount Iteration,1,246,222.463085,0.892180
[MO833] Paramount Iteration,0,247,223.350949,0.894594
[MO833] Paramount Iteration,2,247,223.350917,0.894453
[MO833] Paramount Iteration,3,247,223.357488,0.894618
[MO833] Paramount Iteration,1,247,223.357512,0.894427
[MO833] Paramount Iteration,0,248,224.245456,0.894507
[MO833] Paramount Iteration,2,248,224.245760,0.894843
[MO833] Paramount Iteration,3,248,224.252010,0.894522
[MO833] Paramount Iteration,1,248,224.252363,0.894851
[MO833] Paramount Iteration,0,249,225.140741,0.895285
[MO833] Paramount Iteration,2,249,225.140734,0.894974
[MO833] Paramount Iteration,1,249,225.147293,0.894930
[MO833] Paramount Iteration,3,249,225.147182,0.895172
[MO833] Paramount Iteration,0,250,226.034786,0.894045
[MO833] Paramount Iteration,2,250,226.035154,0.894420
[MO833] Paramount Iteration,3,250,226.041295,0.894113
[MO833] Paramount Iteration,1,250,226.041665,0.894372
[MO833] Paramount Iteration,0,251,226.929405,0.894619
[MO833] Paramount Iteration,2,251,226.929554,0.894400
[MO833] Paramount Iteration,3,251,226.935849,0.894554
[MO833] Paramount Iteration,1,251,226.936184,0.894519
[MO833] Paramount Iteration,2,252,227.823322,0.893768
[MO833] Paramount Iteration,0,252,227.823714,0.894309
[MO833] Paramount Iteration,3,252,227.829948,0.894099
[MO833] Paramount Iteration,1,252,227.829982,0.893798
[MO833] Paramount Iteration,3,253,228.720120,0.890172
[MO833] Paramount Iteration,1,253,228.720336,0.890354
[MO833] Paramount Iteration,0,253,228.726078,0.902364
[MO833] Paramount Iteration,2,253,228.726194,0.902872
[MO833] Paramount Iteration,0,254,229.611710,0.885632
[MO833] Paramount Iteration,2,254,229.611662,0.885468
[MO833] Paramount Iteration,3,254,229.618099,0.897979
[MO833] Paramount Iteration,1,254,229.618281,0.897945
[MO833] Paramount Iteration,0,255,230.505771,0.894061
[MO833] Paramount Iteration,2,255,230.506174,0.894512
[MO833] Paramount Iteration,3,255,230.512382,0.894283
[MO833] Paramount Iteration,1,255,230.512800,0.894519
[MO833] Paramount Iteration,0,256,231.399377,0.893606
[MO833] Paramount Iteration,2,256,231.399978,0.893804
[MO833] Paramount Iteration,3,256,231.405943,0.893561
[MO833] Paramount Iteration,1,256,231.406435,0.893635
[MO833] Paramount Iteration,0,257,232.294469,0.895092
[MO833] Paramount Iteration,2,257,232.294368,0.894390
[MO833] Paramount Iteration,1,257,232.301061,0.894626
[MO833] Paramount Iteration,3,257,232.300958,0.895015
[MO833] Paramount Iteration,2,258,233.188867,0.894499
[MO833] Paramount Iteration,0,258,233.188770,0.894301
[MO833] Paramount Iteration,3,258,233.195312,0.894354
[MO833] Paramount Iteration,1,258,233.195442,0.894381
[MO833] Paramount Iteration,0,259,234.083323,0.894553
 Time step  260
[MO833] Paramount Iteration,2,259,234.083416,0.894549
[MO833] Paramount Iteration,3,259,234.089782,0.894470
[MO833] Paramount Iteration,1,259,234.090013,0.894571
[MO833] Paramount Iteration,0,260,234.977829,0.894506
[MO833] Paramount Iteration,2,260,234.977873,0.894457
[MO833] Paramount Iteration,3,260,234.984435,0.894653
[MO833] Paramount Iteration,1,260,234.984599,0.894586
[MO833] Paramount Iteration,2,261,235.872868,0.894995
[MO833] Paramount Iteration,0,261,235.872903,0.895074
[MO833] Paramount Iteration,3,261,235.879412,0.894977
[MO833] Paramount Iteration,1,261,235.879527,0.894928
[MO833] Paramount Iteration,0,262,236.767263,0.894360
[MO833] Paramount Iteration,2,262,236.767643,0.894775
[MO833] Paramount Iteration,3,262,236.773732,0.894320
[MO833] Paramount Iteration,1,262,236.774161,0.894634
[MO833] Paramount Iteration,0,263,237.659105,0.891842
[MO833] Paramount Iteration,2,263,237.659287,0.891644
[MO833] Paramount Iteration,3,263,237.665400,0.891668
[MO833] Paramount Iteration,1,263,237.665710,0.891549
[MO833] Paramount Iteration,0,264,238.553263,0.894158
[MO833] Paramount Iteration,2,264,238.553475,0.894188
[MO833] Paramount Iteration,3,264,238.559721,0.894321
[MO833] Paramount Iteration,1,264,238.559912,0.894202
[MO833] Paramount Iteration,0,265,239.447782,0.894519
[MO833] Paramount Iteration,2,265,239.447819,0.894344
[MO833] Paramount Iteration,3,265,239.454198,0.894477
[MO833] Paramount Iteration,1,265,239.454373,0.894461
[MO833] Paramount Iteration,0,266,240.341551,0.893769
[MO833] Paramount Iteration,2,266,240.341874,0.894055
[MO833] Paramount Iteration,3,266,240.347968,0.893770
[MO833] Paramount Iteration,1,266,240.348383,0.894010
[MO833] Paramount Iteration,0,267,241.235890,0.894339
[MO833] Paramount Iteration,2,267,241.235878,0.894004
[MO833] Paramount Iteration,3,267,241.242355,0.894387
[MO833] Paramount Iteration,1,267,241.242516,0.894133
[MO833] Paramount Iteration,0,268,242.130761,0.894871
[MO833] Paramount Iteration,2,268,242.130660,0.894782
[MO833] Paramount Iteration,3,268,242.137271,0.894916
[MO833] Paramount Iteration,1,268,242.137386,0.894870
[MO833] Paramount Iteration,2,269,243.025286,0.894626
[MO833] Paramount Iteration,0,269,243.025236,0.894475
[MO833] Paramount Iteration,3,269,243.031793,0.894522
[MO833] Paramount Iteration,1,269,243.031984,0.894598
[MO833] Paramount Iteration,0,270,243.919730,0.894494
[MO833] Paramount Iteration,2,270,243.919955,0.894669
[MO833] Paramount Iteration,3,270,243.926174,0.894381
[MO833] Paramount Iteration,1,270,243.926429,0.894445
[MO833] Paramount Iteration,2,271,244.814575,0.894620
[MO833] Paramount Iteration,0,271,244.814778,0.895048
[MO833] Paramount Iteration,3,271,244.821081,0.894907
[MO833] Paramount Iteration,1,271,244.821239,0.894810
[MO833] Paramount Iteration,0,272,245.718043,0.903265
[MO833] Paramount Iteration,2,272,245.718075,0.903500
[MO833] Paramount Iteration,3,272,245.736783,0.915702
[MO833] Paramount Iteration,1,272,245.737059,0.915820
[MO833] Paramount Iteration,2,273,246.622747,0.904672
[MO833] Paramount Iteration,0,273,246.622836,0.904793
[MO833] Paramount Iteration,3,273,246.629198,0.892415
[MO833] Paramount Iteration,1,273,246.629433,0.892374
[MO833] Paramount Iteration,0,274,247.517623,0.894787
[MO833] Paramount Iteration,2,274,247.517706,0.894959
[MO833] Paramount Iteration,3,274,247.524252,0.895054
[MO833] Paramount Iteration,1,274,247.524395,0.894962
[MO833] Paramount Iteration,0,275,248.411976,0.894353
[MO833] Paramount Iteration,2,275,248.412330,0.894624
[MO833] Paramount Iteration,3,275,248.418466,0.894214
[MO833] Paramount Iteration,1,275,248.418942,0.894547
[MO833] Paramount Iteration,0,276,249.305770,0.893794
[MO833] Paramount Iteration,2,276,249.305860,0.893530
[MO833] Paramount Iteration,3,276,249.312120,0.893654
[MO833] Paramount Iteration,1,276,249.312348,0.893406
[MO833] Paramount Iteration,0,277,250.200589,0.894819
[MO833] Paramount Iteration,2,277,250.200562,0.894702
[MO833] Paramount Iteration,3,277,250.207183,0.895063
[MO833] Paramount Iteration,1,277,250.207220,0.894872
[MO833] Paramount Iteration,2,278,251.094661,0.894099
[MO833] Paramount Iteration,0,278,251.094645,0.894056
[MO833] Paramount Iteration,3,278,251.101175,0.893992
[MO833] Paramount Iteration,1,278,251.101307,0.894087
[MO833] Paramount Iteration,2,279,251.981565,0.886904
[MO833] Paramount Iteration,0,279,251.985685,0.891040
 Time step  280
[MO833] Paramount Iteration,1,279,251.988414,0.887107
[MO833] Paramount Iteration,3,279,251.991678,0.890503
[MO833] Paramount Iteration,0,280,252.875686,0.890001
[MO833] Paramount Iteration,2,280,252.876081,0.894516
[MO833] Paramount Iteration,3,280,252.882138,0.890460
[MO833] Paramount Iteration,1,280,252.882572,0.894158
[MO833] Paramount Iteration,0,281,253.769994,0.894308
[MO833] Paramount Iteration,2,281,253.769939,0.893858
[MO833] Paramount Iteration,3,281,253.776584,0.894446
[MO833] Paramount Iteration,1,281,253.776684,0.894112
[MO833] Paramount Iteration,2,282,254.664574,0.894635
[MO833] Paramount Iteration,0,282,254.664531,0.894537
[MO833] Paramount Iteration,3,282,254.671083,0.894499
[MO833] Paramount Iteration,1,282,254.671204,0.894520
[MO833] Paramount Iteration,0,283,255.557621,0.893090
[MO833] Paramount Iteration,2,283,255.557654,0.893080
[MO833] Paramount Iteration,3,283,255.564225,0.893142
[MO833] Paramount Iteration,1,283,255.564337,0.893133
[MO833] Paramount Iteration,2,284,256.451891,0.894237
[MO833] Paramount Iteration,0,284,256.451911,0.894290
[MO833] Paramount Iteration,3,284,256.458318,0.894093
[MO833] Paramount Iteration,1,284,256.458446,0.894109
[MO833] Paramount Iteration,0,285,257.346707,0.894796
[MO833] Paramount Iteration,2,285,257.346678,0.894787
[MO833] Paramount Iteration,3,285,257.353128,0.894810
[MO833] Paramount Iteration,1,285,257.353308,0.894862
[MO833] Paramount Iteration,0,286,258.240432,0.893725
[MO833] Paramount Iteration,2,286,258.240650,0.893972
[MO833] Paramount Iteration,3,286,258.246929,0.893801
[MO833] Paramount Iteration,1,286,258.247249,0.893941
[MO833] Paramount Iteration,0,287,259.135191,0.894759
[MO833] Paramount Iteration,2,287,259.135476,0.894826
[MO833] Paramount Iteration,3,287,259.141827,0.894898
[MO833] Paramount Iteration,1,287,259.142077,0.894828
[MO833] Paramount Iteration,0,288,260.030499,0.895308
[MO833] Paramount Iteration,2,288,260.030343,0.894867
[MO833] Paramount Iteration,3,288,260.036992,0.895165
[MO833] Paramount Iteration,1,288,260.036962,0.894885
[MO833] Paramount Iteration,2,289,260.924812,0.894469
[MO833] Paramount Iteration,0,289,260.924900,0.894401
[MO833] Paramount Iteration,3,289,260.931295,0.894303
[MO833] Paramount Iteration,1,289,260.931509,0.894547
[MO833] Paramount Iteration,0,290,261.817943,0.893043
[MO833] Paramount Iteration,2,290,261.818222,0.893410
[MO833] Paramount Iteration,3,290,261.824494,0.893199
[MO833] Paramount Iteration,1,290,261.824800,0.893291
[MO833] Paramount Iteration,2,291,262.712724,0.894502
[MO833] Paramount Iteration,0,291,262.712784,0.894841
[MO833] Paramount Iteration,1,291,262.719386,0.894586
[MO833] Paramount Iteration,3,291,262.719300,0.894806
[MO833] Paramount Iteration,0,292,263.607426,0.894642
[MO833] Paramount Iteration,2,292,263.607402,0.894678
[MO833] Paramount Iteration,3,292,263.613919,0.894619
[MO833] Paramount Iteration,1,292,263.614022,0.894636
[MO833] Paramount Iteration,2,293,264.501584,0.894182
[MO833] Paramount Iteration,0,293,264.501531,0.894105
[MO833] Paramount Iteration,3,293,264.507862,0.893943
[MO833] Paramount Iteration,1,293,264.508078,0.894056
[MO833] Paramount Iteration,0,294,265.393769,0.892238
[MO833] Paramount Iteration,2,294,265.394297,0.892713
[MO833] Paramount Iteration,3,294,265.400385,0.892523
[MO833] Paramount Iteration,1,294,265.400855,0.892777
[MO833] Paramount Iteration,2,295,266.288977,0.894680
[MO833] Paramount Iteration,0,295,266.288978,0.895209
[MO833] Paramount Iteration,3,295,266.295442,0.895057
[MO833] Paramount Iteration,1,295,266.295587,0.894732
[MO833] Paramount Iteration,0,296,267.183715,0.894737
[MO833] Paramount Iteration,2,296,267.183601,0.894624
[MO833] Paramount Iteration,3,296,267.190125,0.894683
[MO833] Paramount Iteration,1,296,267.190163,0.894576
[MO833] Paramount Iteration,0,297,268.077879,0.894164
[MO833] Paramount Iteration,2,297,268.078073,0.894472
[MO833] Paramount Iteration,3,297,268.084376,0.894251
[MO833] Paramount Iteration,1,297,268.084793,0.894630
[MO833] Paramount Iteration,0,298,268.972618,0.894739
[MO833] Paramount Iteration,2,298,268.972694,0.894621
[MO833] Paramount Iteration,3,298,268.979070,0.894694
[MO833] Paramount Iteration,1,298,268.979233,0.894440
[MO833] Paramount Iteration,0,299,269.867355,0.894737
 Time step  300
[MO833] Paramount Iteration,2,299,269.867350,0.894656
[MO833] Paramount Iteration,3,299,269.873870,0.894800
[MO833] Paramount Iteration,1,299,269.873960,0.894727
[MO833] Paramount Iteration,2,300,270.760387,0.893037
[MO833] Paramount Iteration,0,300,270.760339,0.892984
[MO833] Paramount Iteration,3,300,270.766977,0.893107
[MO833] Paramount Iteration,1,300,270.767148,0.893188
[MO833] Paramount Iteration,0,301,271.654897,0.894558
[MO833] Paramount Iteration,2,301,271.655140,0.894753
[MO833] Paramount Iteration,3,301,271.661336,0.894359
[MO833] Paramount Iteration,1,301,271.661612,0.894464
[MO833] Paramount Iteration,0,302,272.549319,0.894422
[MO833] Paramount Iteration,2,302,272.549447,0.894307
[MO833] Paramount Iteration,3,302,272.555940,0.894604
[MO833] Paramount Iteration,1,302,272.556111,0.894499
[MO833] Paramount Iteration,0,303,273.443132,0.893813
[MO833] Paramount Iteration,2,303,273.443336,0.893889
[MO833] Paramount Iteration,3,303,273.449399,0.893459
[MO833] Paramount Iteration,1,303,273.449711,0.893600
[MO833] Paramount Iteration,2,304,274.332391,0.889055
[MO833] Paramount Iteration,3,304,274.339236,0.889837
[MO833] Paramount Iteration,1,304,274.339632,0.889921
[MO833] Paramount Iteration,0,304,274.349540,0.906408
[MO833] Paramount Iteration,0,305,275.233292,0.883752
[MO833] Paramount Iteration,2,305,275.239800,0.907409
[MO833] Paramount Iteration,3,305,275.240916,0.901680
[MO833] Paramount Iteration,1,305,275.241236,0.901604
[MO833] Paramount Iteration,0,306,276.175074,0.941782
[MO833] Paramount Iteration,2,306,276.175203,0.935403
[MO833] Paramount Iteration,3,306,276.181625,0.940709
[MO833] Paramount Iteration,1,306,276.181780,0.940544
[MO833] Paramount Iteration,2,307,277.073757,0.898554
[MO833] Paramount Iteration,0,307,277.073790,0.898716
[MO833] Paramount Iteration,3,307,277.080484,0.898859
[MO833] Paramount Iteration,1,307,277.080579,0.898799
[MO833] Paramount Iteration,0,308,277.968830,0.895040
[MO833] Paramount Iteration,2,308,277.968890,0.895133
[MO833] Paramount Iteration,3,308,277.975351,0.894867
[MO833] Paramount Iteration,1,308,277.975572,0.894993
[MO833] Paramount Iteration,0,309,278.863665,0.894835
[MO833] Paramount Iteration,2,309,278.863863,0.894973
[MO833] Paramount Iteration,3,309,278.870352,0.895001
[MO833] Paramount Iteration,1,309,278.870452,0.894880
[MO833] Paramount Iteration,2,310,279.757872,0.894009
[MO833] Paramount Iteration,0,310,279.757880,0.894215
[MO833] Paramount Iteration,1,310,279.764507,0.894055
[MO833] Paramount Iteration,3,310,279.764393,0.894041
[MO833] Paramount Iteration,0,311,280.652421,0.894541
[MO833] Paramount Iteration,2,311,280.652523,0.894651
[MO833] Paramount Iteration,3,311,280.658904,0.894511
[MO833] Paramount Iteration,1,311,280.659117,0.894610
[MO833] Paramount Iteration,2,312,281.546970,0.894447
[MO833] Paramount Iteration,0,312,281.546956,0.894535
[MO833] Paramount Iteration,3,312,281.553361,0.894457
[MO833] Paramount Iteration,1,312,281.553518,0.894401
[MO833] Paramount Iteration,0,313,282.440790,0.893834
[MO833] Paramount Iteration,2,313,282.441065,0.894095
[MO833] Paramount Iteration,3,313,282.447327,0.893966
[MO833] Paramount Iteration,1,313,282.447730,0.894212
[MO833] Paramount Iteration,0,314,283.335188,0.894398
[MO833] Paramount Iteration,2,314,283.335390,0.894325
[MO833] Paramount Iteration,3,314,283.341688,0.894361
[MO833] Paramount Iteration,1,314,283.341956,0.894226
[MO833] Paramount Iteration,0,315,284.229393,0.894205
[MO833] Paramount Iteration,2,315,284.229627,0.894237
[MO833] Paramount Iteration,3,315,284.235875,0.894187
[MO833] Paramount Iteration,1,315,284.236200,0.894244
[MO833] Paramount Iteration,2,316,285.124234,0.894607
[MO833] Paramount Iteration,0,316,285.124203,0.894810
[MO833] Paramount Iteration,3,316,285.130766,0.894891
[MO833] Paramount Iteration,1,316,285.131001,0.894801
[MO833] Paramount Iteration,0,317,286.015681,0.891478
[MO833] Paramount Iteration,2,317,286.015714,0.891480
[MO833] Paramount Iteration,3,317,286.022191,0.891425
[MO833] Paramount Iteration,1,317,286.022374,0.891373
[MO833] Paramount Iteration,2,318,286.910481,0.894767
[MO833] Paramount Iteration,0,318,286.910499,0.894818
[MO833] Paramount Iteration,3,318,286.917034,0.894843
[MO833] Paramount Iteration,1,318,286.917160,0.894786
[MO833] Paramount Iteration,0,319,287.804640,0.894141
 Time step  320
[MO833] Paramount Iteration,2,319,287.804673,0.894192
[MO833] Paramount Iteration,3,319,287.811081,0.894047
[MO833] Paramount Iteration,1,319,287.811271,0.894111
[MO833] Paramount Iteration,0,320,288.698927,0.894287
[MO833] Paramount Iteration,2,320,288.699424,0.894751
[MO833] Paramount Iteration,3,320,288.705559,0.894478
[MO833] Paramount Iteration,1,320,288.706035,0.894764
[MO833] Paramount Iteration,2,321,289.593964,0.894540
[MO833] Paramount Iteration,0,321,289.593963,0.895036
[MO833] Paramount Iteration,3,321,289.600568,0.895009
[MO833] Paramount Iteration,1,321,289.600732,0.894697
[MO833] Paramount Iteration,2,322,290.488636,0.894672
[MO833] Paramount Iteration,0,322,290.488751,0.894788
[MO833] Paramount Iteration,3,322,290.495182,0.894614
[MO833] Paramount Iteration,1,322,290.495380,0.894648
[MO833] Paramount Iteration,0,323,291.382790,0.894039
[MO833] Paramount Iteration,2,323,291.382750,0.894114
[MO833] Paramount Iteration,3,323,291.389305,0.894123
[MO833] Paramount Iteration,1,323,291.389449,0.894069
[MO833] Paramount Iteration,2,324,292.277353,0.894603
[MO833] Paramount Iteration,0,324,292.277374,0.894584
[MO833] Paramount Iteration,3,324,292.283873,0.894568
[MO833] Paramount Iteration,1,324,292.283976,0.894527
[MO833] Paramount Iteration,0,325,293.172070,0.894696
[MO833] Paramount Iteration,2,325,293.171975,0.894622
[MO833] Paramount Iteration,1,325,293.178597,0.894621
[MO833] Paramount Iteration,3,325,293.178527,0.894654
[MO833] Paramount Iteration,2,326,294.066460,0.894485
[MO833] Paramount Iteration,0,326,294.066486,0.894416
[MO833] Paramount Iteration,3,326,294.072969,0.894442
[MO833] Paramount Iteration,1,326,294.073084,0.894487
[MO833] Paramount Iteration,0,327,294.959491,0.893005
[MO833] Paramount Iteration,2,327,294.959479,0.893019
[MO833] Paramount Iteration,1,327,294.966080,0.892996
[MO833] Paramount Iteration,3,327,294.965956,0.892987
[MO833] Paramount Iteration,2,328,295.854107,0.894628
[MO833] Paramount Iteration,0,328,295.854285,0.894794
[MO833] Paramount Iteration,3,328,295.860766,0.894810
[MO833] Paramount Iteration,1,328,295.860839,0.894759
[MO833] Paramount Iteration,0,329,296.748512,0.894227
[MO833] Paramount Iteration,2,329,296.748511,0.894404
[MO833] Paramount Iteration,3,329,296.755016,0.894250
[MO833] Paramount Iteration,1,329,296.755158,0.894319
[MO833] Paramount Iteration,0,330,297.643501,0.894989
[MO833] Paramount Iteration,2,330,297.643700,0.895189
[MO833] Paramount Iteration,3,330,297.649957,0.894941
[MO833] Paramount Iteration,1,330,297.650245,0.895087
[MO833] Paramount Iteration,2,331,298.538189,0.894489
[MO833] Paramount Iteration,0,331,298.538054,0.894553
[MO833] Paramount Iteration,3,331,298.544585,0.894628
[MO833] Paramount Iteration,1,331,298.544748,0.894503
[MO833] Paramount Iteration,2,332,299.431800,0.893611
[MO833] Paramount Iteration,0,332,299.431794,0.893740
[MO833] Paramount Iteration,3,332,299.438253,0.893668
[MO833] Paramount Iteration,1,332,299.438359,0.893611
[MO833] Paramount Iteration,2,333,300.326262,0.894462
[MO833] Paramount Iteration,0,333,300.326951,0.895157
[MO833] Paramount Iteration,3,333,300.332903,0.894650
[MO833] Paramount Iteration,1,333,300.333084,0.894725
[MO833] Paramount Iteration,2,334,301.221295,0.895033
[MO833] Paramount Iteration,0,334,301.221260,0.894309
[MO833] Paramount Iteration,3,334,301.227734,0.894831
[MO833] Paramount Iteration,1,334,301.227967,0.894883
[MO833] Paramount Iteration,2,335,302.107018,0.885723
[MO833] Paramount Iteration,1,335,302.113562,0.885595
[MO833] Paramount Iteration,3,335,302.128134,0.900400
[MO833] Paramount Iteration,0,335,302.131583,0.910323
[MO833] Paramount Iteration,0,336,303.014668,0.883085
[MO833] Paramount Iteration,2,336,303.015107,0.908089
[MO833] Paramount Iteration,3,336,303.021176,0.893042
[MO833] Paramount Iteration,1,336,303.021539,0.907977
[MO833] Paramount Iteration,0,337,303.908406,0.893738
[MO833] Paramount Iteration,2,337,303.908327,0.893220
[MO833] Paramount Iteration,3,337,303.915020,0.893844
[MO833] Paramount Iteration,1,337,303.915002,0.893463
[MO833] Paramount Iteration,0,338,304.802501,0.894095
[MO833] Paramount Iteration,2,338,304.802719,0.894392
[MO833] Paramount Iteration,3,338,304.809018,0.893998
[MO833] Paramount Iteration,1,338,304.809252,0.894250
[MO833] Paramount Iteration,0,339,305.705323,0.902822
 Time step  340
[MO833] Paramount Iteration,2,339,305.705724,0.903005
[MO833] Paramount Iteration,3,339,305.725167,0.916149
[MO833] Paramount Iteration,1,339,305.725699,0.916447
[MO833] Paramount Iteration,0,340,306.613827,0.908504
[MO833] Paramount Iteration,2,340,306.614241,0.908517
[MO833] Paramount Iteration,3,340,306.620220,0.895053
[MO833] Paramount Iteration,1,340,306.620642,0.894943
[MO833] Paramount Iteration,0,341,307.508755,0.894928
[MO833] Paramount Iteration,2,341,307.508931,0.894690
[MO833] Paramount Iteration,3,341,307.515272,0.895052
[MO833] Paramount Iteration,1,341,307.515541,0.894899
[MO833] Paramount Iteration,0,342,308.404455,0.895700
[MO833] Paramount Iteration,2,342,308.404320,0.895389
[MO833] Paramount Iteration,1,342,308.410986,0.895445
[MO833] Paramount Iteration,3,342,308.410877,0.895605
[MO833] Paramount Iteration,2,343,309.299508,0.895188
[MO833] Paramount Iteration,0,343,309.299403,0.894948
[MO833] Paramount Iteration,3,343,309.305873,0.894996
[MO833] Paramount Iteration,1,343,309.306124,0.895138
[MO833] Paramount Iteration,0,344,310.190746,0.891343
[MO833] Paramount Iteration,2,344,310.190980,0.891472
[MO833] Paramount Iteration,3,344,310.197062,0.891189
[MO833] Paramount Iteration,1,344,310.197370,0.891246
[MO833] Paramount Iteration,0,345,311.084341,0.893595
[MO833] Paramount Iteration,2,345,311.084200,0.893220
[MO833] Paramount Iteration,3,345,311.090714,0.893652
[MO833] Paramount Iteration,1,345,311.090873,0.893503
[MO833] Paramount Iteration,2,346,311.979310,0.895110
[MO833] Paramount Iteration,0,346,311.979224,0.894883
[MO833] Paramount Iteration,3,346,311.985724,0.895010
[MO833] Paramount Iteration,1,346,311.985956,0.895083
[MO833] Paramount Iteration,0,347,312.873361,0.894137
[MO833] Paramount Iteration,2,347,312.873469,0.894159
[MO833] Paramount Iteration,3,347,312.879761,0.894037
[MO833] Paramount Iteration,1,347,312.879969,0.894013
[MO833] Paramount Iteration,0,348,313.767436,0.894075
[MO833] Paramount Iteration,2,348,313.767922,0.894453
[MO833] Paramount Iteration,3,348,313.773957,0.894196
[MO833] Paramount Iteration,1,348,313.774394,0.894425
[MO833] Paramount Iteration,0,349,314.661919,0.894483
[MO833] Paramount Iteration,2,349,314.661894,0.893972
[MO833] Paramount Iteration,3,349,314.668482,0.894525
[MO833] Paramount Iteration,1,349,314.668654,0.894260
[MO833] Paramount Iteration,0,350,315.556851,0.894932
[MO833] Paramount Iteration,2,350,315.556799,0.894905
[MO833] Paramount Iteration,3,350,315.563389,0.894907
[MO833] Paramount Iteration,1,350,315.563391,0.894737
[MO833] Paramount Iteration,2,351,316.451176,0.894377
[MO833] Paramount Iteration,0,351,316.451374,0.894523
[MO833] Paramount Iteration,1,351,316.457749,0.894358
[MO833] Paramount Iteration,3,351,316.457714,0.894325
[MO833] Paramount Iteration,0,352,317.346331,0.894957
[MO833] Paramount Iteration,2,352,317.346344,0.895168
[MO833] Paramount Iteration,3,352,317.352807,0.895093
[MO833] Paramount Iteration,1,352,317.352894,0.895145
[MO833] Paramount Iteration,2,353,318.240509,0.894165
[MO833] Paramount Iteration,0,353,318.240744,0.894413
[MO833] Paramount Iteration,1,353,318.247202,0.894308
[MO833] Paramount Iteration,3,353,318.247200,0.894393
[MO833] Paramount Iteration,2,354,319.132012,0.891503
[MO833] Paramount Iteration,0,354,319.132158,0.891414
[MO833] Paramount Iteration,1,354,319.138532,0.891330
[MO833] Paramount Iteration,3,354,319.138489,0.891289
[MO833] Paramount Iteration,0,355,320.023714,0.891556
[MO833] Paramount Iteration,2,355,320.023847,0.891835
[MO833] Paramount Iteration,3,355,320.030091,0.891602
[MO833] Paramount Iteration,1,355,320.030381,0.891849
[MO833] Paramount Iteration,0,356,320.915780,0.892066
[MO833] Paramount Iteration,2,356,320.915910,0.892063
[MO833] Paramount Iteration,3,356,320.922164,0.892073
[MO833] Paramount Iteration,1,356,320.922349,0.891968
[MO833] Paramount Iteration,0,357,321.808993,0.893213
[MO833] Paramount Iteration,2,357,321.808968,0.893058
[MO833] Paramount Iteration,3,357,321.815497,0.893333
[MO833] Paramount Iteration,1,357,321.815516,0.893167
[MO833] Paramount Iteration,0,358,322.703373,0.894380
[MO833] Paramount Iteration,2,358,322.703534,0.894566
[MO833] Paramount Iteration,3,358,322.709928,0.894431
[MO833] Paramount Iteration,1,358,322.710124,0.894608
[MO833] Paramount Iteration,0,359,323.597941,0.894568
 Time step  360
[MO833] Paramount Iteration,2,359,323.597984,0.894450
[MO833] Paramount Iteration,3,359,323.604510,0.894582
[MO833] Paramount Iteration,1,359,323.604633,0.894509
[MO833] Paramount Iteration,2,360,324.491094,0.893110
[MO833] Paramount Iteration,0,360,324.497430,0.899489
[MO833] Paramount Iteration,3,360,324.498845,0.894335
[MO833] Paramount Iteration,1,360,324.498982,0.894349
[MO833] Paramount Iteration,0,361,325.387328,0.889898
[MO833] Paramount Iteration,2,361,325.387313,0.896219
[MO833] Paramount Iteration,1,361,325.393946,0.894964
[MO833] Paramount Iteration,3,361,325.393906,0.895061
[MO833] Paramount Iteration,2,362,326.281618,0.894305
[MO833] Paramount Iteration,0,362,326.281835,0.894507
[MO833] Paramount Iteration,3,362,326.288372,0.894466
[MO833] Paramount Iteration,1,362,326.288357,0.894411
[MO833] Paramount Iteration,0,363,327.176238,0.894403
[MO833] Paramount Iteration,2,363,327.176138,0.894520
[MO833] Paramount Iteration,3,363,327.182688,0.894316
[MO833] Paramount Iteration,1,363,327.182811,0.894454
[MO833] Paramount Iteration,0,364,328.070609,0.894371
[MO833] Paramount Iteration,2,364,328.070903,0.894765
[MO833] Paramount Iteration,3,364,328.077024,0.894336
[MO833] Paramount Iteration,1,364,328.077281,0.894470
[MO833] Paramount Iteration,0,365,328.965148,0.894539
[MO833] Paramount Iteration,2,365,328.965333,0.894430
[MO833] Paramount Iteration,3,365,328.971630,0.894606
[MO833] Paramount Iteration,1,365,328.971974,0.894693
[MO833] Paramount Iteration,0,366,329.859916,0.894768
[MO833] Paramount Iteration,2,366,329.860028,0.894695
[MO833] Paramount Iteration,3,366,329.866303,0.894673
[MO833] Paramount Iteration,1,366,329.866605,0.894631
[MO833] Paramount Iteration,0,367,330.750225,0.890309
[MO833] Paramount Iteration,2,367,330.756689,0.896661
[MO833] Paramount Iteration,3,367,330.757698,0.891395
[MO833] Paramount Iteration,1,367,330.758019,0.891414
[MO833] Paramount Iteration,2,368,331.646248,0.889559
[MO833] Paramount Iteration,0,368,331.646152,0.895927
[MO833] Paramount Iteration,3,368,331.652687,0.894989
[MO833] Paramount Iteration,1,368,331.652893,0.894874
[MO833] Paramount Iteration,0,369,332.540646,0.894494
[MO833] Paramount Iteration,2,369,332.540719,0.894471
[MO833] Paramount Iteration,3,369,332.547162,0.894475
[MO833] Paramount Iteration,1,369,332.547392,0.894499
[MO833] Paramount Iteration,2,370,333.435792,0.895073
[MO833] Paramount Iteration,0,370,333.435822,0.895176
[MO833] Paramount Iteration,1,370,333.442363,0.894971
[MO833] Paramount Iteration,3,370,333.442277,0.895115
[MO833] Paramount Iteration,0,371,334.328464,0.892642
[MO833] Paramount Iteration,2,371,334.328795,0.893003
[MO833] Paramount Iteration,3,371,334.335015,0.892738
[MO833] Paramount Iteration,1,371,334.335414,0.893051
[MO833] Paramount Iteration,0,372,335.223549,0.895085
[MO833] Paramount Iteration,2,372,335.223926,0.895131
[MO833] Paramount Iteration,3,372,335.230044,0.895029
[MO833] Paramount Iteration,1,372,335.230391,0.894977
[MO833] Paramount Iteration,0,373,336.162197,0.938648
[MO833] Paramount Iteration,2,373,336.162179,0.938253
[MO833] Paramount Iteration,3,373,336.168634,0.938590
[MO833] Paramount Iteration,1,373,336.168850,0.938459
[MO833] Paramount Iteration,0,374,337.064046,0.901849
[MO833] Paramount Iteration,2,374,337.064506,0.902327
[MO833] Paramount Iteration,3,374,337.070582,0.901948
[MO833] Paramount Iteration,1,374,337.071042,0.902192
[MO833] Paramount Iteration,2,375,337.956702,0.892196
[MO833] Paramount Iteration,0,375,337.956909,0.892863
[MO833] Paramount Iteration,1,375,337.963292,0.892250
[MO833] Paramount Iteration,3,375,337.963370,0.892788
[MO833] Paramount Iteration,0,376,338.848535,0.891626
[MO833] Paramount Iteration,2,376,338.848498,0.891796
[MO833] Paramount Iteration,3,376,338.854920,0.891550
[MO833] Paramount Iteration,1,376,338.855026,0.891734
[MO833] Paramount Iteration,2,377,339.742974,0.894476
[MO833] Paramount Iteration,0,377,339.742885,0.894350
[MO833] Paramount Iteration,3,377,339.749342,0.894422
[MO833] Paramount Iteration,1,377,339.749470,0.894444
[MO833] Paramount Iteration,2,378,340.637357,0.894383
[MO833] Paramount Iteration,0,378,340.637535,0.894650
[MO833] Paramount Iteration,3,378,340.644031,0.894689
[MO833] Paramount Iteration,1,378,340.644015,0.894545
[MO833] Paramount Iteration,0,379,341.532074,0.894539
 Time step  380
[MO833] Paramount Iteration,2,379,341.532150,0.894793
[MO833] Paramount Iteration,3,379,341.538510,0.894479
[MO833] Paramount Iteration,1,379,341.538851,0.894836
[MO833] Paramount Iteration,0,380,342.427099,0.895025
[MO833] Paramount Iteration,2,380,342.427117,0.894967
[MO833] Paramount Iteration,3,380,342.433622,0.895112
[MO833] Paramount Iteration,1,380,342.433795,0.894944
[MO833] Paramount Iteration,0,381,343.319124,0.892025
[MO833] Paramount Iteration,2,381,343.319328,0.892211
[MO833] Paramount Iteration,3,381,343.325529,0.891907
[MO833] Paramount Iteration,1,381,343.325858,0.892063
[MO833] Paramount Iteration,0,382,344.213828,0.894704
[MO833] Paramount Iteration,2,382,344.213796,0.894468
[MO833] Paramount Iteration,1,382,344.220463,0.894605
[MO833] Paramount Iteration,3,382,344.220424,0.894895
[MO833] Paramount Iteration,0,383,345.108443,0.894615
[MO833] Paramount Iteration,2,383,345.108672,0.894876
[MO833] Paramount Iteration,3,383,345.115092,0.894668
[MO833] Paramount Iteration,1,383,345.115362,0.894899
[MO833] Paramount Iteration,0,384,346.002792,0.894349
[MO833] Paramount Iteration,2,384,346.002794,0.894122
[MO833] Paramount Iteration,3,384,346.009101,0.894009
[MO833] Paramount Iteration,1,384,346.009241,0.893879
[MO833] Paramount Iteration,0,385,346.895525,0.892733
[MO833] Paramount Iteration,2,385,346.895519,0.892725
[MO833] Paramount Iteration,3,385,346.901946,0.892845
[MO833] Paramount Iteration,1,385,346.902065,0.892824
[MO833] Paramount Iteration,2,386,347.789987,0.894468
[MO833] Paramount Iteration,0,386,347.789953,0.894428
[MO833] Paramount Iteration,3,386,347.796482,0.894536
[MO833] Paramount Iteration,1,386,347.796743,0.894678
[MO833] Paramount Iteration,2,387,348.684372,0.894385
[MO833] Paramount Iteration,0,387,348.686874,0.896921
[MO833] Paramount Iteration,3,387,348.691312,0.894830
[MO833] Paramount Iteration,1,387,348.691368,0.894625
[MO833] Paramount Iteration,0,388,349.579232,0.892358
[MO833] Paramount Iteration,2,388,349.579485,0.895113
[MO833] Paramount Iteration,3,388,349.585716,0.894404
[MO833] Paramount Iteration,1,388,349.586029,0.894661
[MO833] Paramount Iteration,0,389,350.473858,0.894626
[MO833] Paramount Iteration,2,389,350.473866,0.894381
[MO833] Paramount Iteration,3,389,350.480286,0.894570
[MO833] Paramount Iteration,1,389,350.480519,0.894490
[MO833] Paramount Iteration,2,390,351.368350,0.894484
[MO833] Paramount Iteration,0,390,351.368444,0.894586
[MO833] Paramount Iteration,1,390,351.374879,0.894360
[MO833] Paramount Iteration,3,390,351.374905,0.894619
[MO833] Paramount Iteration,0,391,352.263099,0.894655
[MO833] Paramount Iteration,2,391,352.263062,0.894712
[MO833] Paramount Iteration,3,391,352.269503,0.894598
[MO833] Paramount Iteration,1,391,352.269753,0.894874
[MO833] Paramount Iteration,2,392,353.157939,0.894877
[MO833] Paramount Iteration,0,392,353.158103,0.895004
[MO833] Paramount Iteration,3,392,353.164497,0.894994
[MO833] Paramount Iteration,1,392,353.164625,0.894872
[MO833] Paramount Iteration,0,393,354.052870,0.894767
[MO833] Paramount Iteration,2,393,354.052889,0.894950
[MO833] Paramount Iteration,3,393,354.059414,0.894917
[MO833] Paramount Iteration,1,393,354.059508,0.894883
[MO833] Paramount Iteration,0,394,354.946268,0.893398
[MO833] Paramount Iteration,2,394,354.946567,0.893678
[MO833] Paramount Iteration,3,394,354.952676,0.893262
[MO833] Paramount Iteration,1,394,354.952912,0.893404
[MO833] Paramount Iteration,0,395,355.838818,0.892550
[MO833] Paramount Iteration,2,395,355.838829,0.892262
[MO833] Paramount Iteration,3,395,355.845104,0.892428
[MO833] Paramount Iteration,1,395,355.845372,0.892460
[MO833] Paramount Iteration,0,396,356.731431,0.892613
[MO833] Paramount Iteration,2,396,356.731431,0.892602
[MO833] Paramount Iteration,3,396,356.737903,0.892799
[MO833] Paramount Iteration,1,396,356.738061,0.892689
[MO833] Paramount Iteration,2,397,357.626288,0.894857
[MO833] Paramount Iteration,0,397,357.626310,0.894879
[MO833] Paramount Iteration,1,397,357.632889,0.894828
[MO833] Paramount Iteration,3,397,357.632887,0.894984
[MO833] Paramount Iteration,0,398,358.519420,0.893110
[MO833] Paramount Iteration,2,398,358.519396,0.893108
[MO833] Paramount Iteration,3,398,358.525852,0.892965
[MO833] Paramount Iteration,1,398,358.526002,0.893113
[MO833] Paramount Iteration,2,399,359.414193,0.894797
[MO833] Paramount Iteration,0,399,359.414184,0.894764
 Time step  400
[MO833] Paramount Iteration,1,399,359.420819,0.894817
[MO833] Paramount Iteration,3,399,359.420721,0.894869
 Verification being performed for class C
 accuracy setting for epsilon =  0.1000000000000E-07
 Comparison of RMS-norms of residual
           1 0.5881691581829E+03 0.5881691581829E+03 0.6726469583912E-13
           2 0.2454417603569E+03 0.2454417603569E+03 0.4608767610227E-13
           3 0.3293829191851E+03 0.3293829191851E+03 0.3537797556502E-13
           4 0.3081924971891E+03 0.3081924971891E+03 0.1392531668724E-12
           5 0.4597223799176E+03 0.4597223799176E+03 0.2720240017817E-13
 Comparison of RMS-norms of solution error
           1 0.2598120500183E+00 0.2598120500183E+00 0.1666539252407E-13
           2 0.2590888922315E-01 0.2590888922315E-01 0.1665834444332E-12
           3 0.5132886416320E-01 0.5132886416320E-01 0.4014995311231E-13
[MO833] PI avg,1,0.893800,400
[MO833] Beta,1,0.000829
[MO833] PI avg,2,0.893784,400
[MO833] Beta,2,0.000847
[MO833] PI avg,3,0.893800,400
[MO833] Beta,3,0.000830
           4 0.4806073419454E-01 0.4806073419454E-01 0.2454419357993E-14
           5 0.5483377491301E+00 0.5483377491301E+00 0.7066225810805E-13
 Verification Successful


 SP Benchmark Completed.
 Class           =                        C
 Size            =            162x 162x 162
 Iterations      =                      400
 Time in seconds =                   358.41
 Total processes =                        4
 Active procs    =                        4
 Mop/s total     =                  4045.93
 Mop/s/process   =                  1011.48
 Operation type  =           floating point
 Verification    =               SUCCESSFUL
 Version         =                      3.4
 Compile date    =              16 Jun 2020

 Compile options:
    MPIFC        = mpif90
    FLINK        = $(MPIFC)
    FMPI_LIB     = (none)
    FMPI_INC     = (none)
    FFLAGS       = -O3
    FLINKFLAGS   = $(FFLAGS) -O ../kernel_stats/kernel_stats.o...
    RAND         = (none)


 Please send feedbacks and/or the results of this run to:

 NPB Development Team 
 Internet: npb@nas.nasa.gov


[MO833] PI avg,0,0.893784,400
[MO833] Beta,0,0.000848
[MO833] Total time,360.606985
