--------------------------------------------------------------------------
[[40198,1],0]: A high-performance Open MPI point-to-point messaging module
was unable to find any relevant network interfaces:

Module: OpenFabrics (openib)
  Host: node06

Another transport will be used instead, although this may result in
lower performance.

NOTE: You can disable this warning by setting the MCA parameter
btl_base_warn_component_unused to 0.
--------------------------------------------------------------------------


 NAS Parallel Benchmarks 3.4 -- FT Benchmark

 No input file inputft.data. Using compiled defaults
 Size                :  512x 256x 256  (class B)
 Iterations          :             20
 Number of processes :              1
 Processor array     :         1x   1
 Layout type         :             0D

 Initialization time =      5.9598

 T =    1     Checksum =    5.177643571579D+02    5.077803458597D+02
[MO833] Paramount Iteration,0,1,14.357258,2.519994
 T =    2     Checksum =    5.154521291263D+02    5.088249431599D+02
[MO833] Paramount Iteration,0,2,16.841232,2.483974
 T =    3     Checksum =    5.146409228650D+02    5.096208912659D+02
[MO833] Paramount Iteration,0,3,19.223979,2.382747
 T =    4     Checksum =    5.142378756213D+02    5.101023387619D+02
[MO833] Paramount Iteration,0,4,21.496542,2.272563
 T =    5     Checksum =    5.139626667737D+02    5.103976610618D+02
[MO833] Paramount Iteration,0,5,23.878184,2.381642
 T =    6     Checksum =    5.137423460082D+02    5.105948019802D+02
[MO833] Paramount Iteration,0,6,26.302798,2.424614
 T =    7     Checksum =    5.135547056878D+02    5.107404165783D+02
[MO833] Paramount Iteration,0,7,28.685767,2.382969
 T =    8     Checksum =    5.133910925467D+02    5.108576573661D+02
[MO833] Paramount Iteration,0,8,30.958479,2.272712
 T =    9     Checksum =    5.132470705390D+02    5.109577278523D+02
[MO833] Paramount Iteration,0,9,33.337163,2.378684
 T =   10     Checksum =    5.131197729984D+02    5.110460304483D+02
[MO833] Paramount Iteration,0,10,35.607372,2.270209
 T =   11     Checksum =    5.130070319283D+02    5.111252433800D+02
[MO833] Paramount Iteration,0,11,38.036946,2.429574
 T =   12     Checksum =    5.129070537032D+02    5.111968077719D+02
[MO833] Paramount Iteration,0,12,40.360843,2.323897
 T =   13     Checksum =    5.128182883503D+02    5.112616233064D+02
[MO833] Paramount Iteration,0,13,42.688615,2.327772
 T =   14     Checksum =    5.127393733383D+02    5.113203605551D+02
[MO833] Paramount Iteration,0,14,45.013055,2.324440
 T =   15     Checksum =    5.126691062021D+02    5.113735928093D+02
[MO833] Paramount Iteration,0,15,47.335315,2.322260
 T =   16     Checksum =    5.126064276005D+02    5.114218460548D+02
[MO833] Paramount Iteration,0,16,49.604289,2.268974
 T =   17     Checksum =    5.125504076570D+02    5.114656139760D+02
[MO833] Paramount Iteration,0,17,51.976289,2.372000
 T =   18     Checksum =    5.125002331721D+02    5.115053595966D+02
[MO833] Paramount Iteration,0,18,54.296359,2.320070
 T =   19     Checksum =    5.124551951846D+02    5.115415130407D+02
[MO833] Paramount Iteration,0,19,56.621306,2.324947
 T =   20     Checksum =    5.124146770029D+02    5.115744692211D+02
 Result verification successful
[MO833] PI avg,0,2.239202,20
[MO833] Beta,0,0.000001
[MO833] Total time,59.056178


 FT Benchmark Completed.
 Class           =                        B
 Size            =            512x 256x 256
 Iterations      =                       20
 Time in seconds =                    52.97
 Total processes =                        1
 Active procs    =                        1
 Mop/s total     =                  1737.78
 Mop/s/process   =                  1737.78
 Operation type  =           floating point
 Verification    =               SUCCESSFUL
 Version         =                      3.4
 Compile date    =              16 Jun 2020

 Compile options:
    MPIFC        = mpif90
    FLINK        = $(MPIFC)
    FMPI_LIB     = (none)
    FMPI_INC     = (none)
    FFLAGS       = -O3
    FLINKFLAGS   = $(FFLAGS) -O ../kernel_stats/kernel_stats.o...
    RAND         = randi8


 Please send feedbacks and/or the results of this run to:

 NPB Development Team 
 Internet: npb@nas.nasa.gov


