--------------------------------------------------------------------------
[[64007,1],0]: A high-performance Open MPI point-to-point messaging module
was unable to find any relevant network interfaces:

Module: OpenFabrics (openib)
  Host: node06

Another transport will be used instead, although this may result in
lower performance.

NOTE: You can disable this warning by setting the MCA parameter
btl_base_warn_component_unused to 0.
--------------------------------------------------------------------------


 NAS Parallel Benchmarks 3.4 -- CG Benchmark

 Size:      75000  (class B)
 Iterations:    75
 Number of processes:     1
 Number of nonzeroes per row:       13
 Eigenvalue shift:    60.000
Init time,2.152865

   iteration           ||r||                 zeta
        1       0.30354859861452E-12    59.9994751578754
Iteration,1,3.323922,1.171017
        2       0.11186435488267E-14    21.7627846142536
Iteration,2,4.478210,1.154275
        3       0.11312258511928E-14    22.2876617043224
Iteration,3,5.649219,1.170986
        4       0.11222160585284E-14    22.5230738188346
Iteration,4,6.791039,1.141794
        5       0.11244234177219E-14    22.6275390653892
Iteration,5,7.944856,1.153793
        6       0.11330434819384E-14    22.6740259189533
Iteration,6,9.070231,1.125353
        7       0.11334259623050E-14    22.6949056826251
Iteration,7,10.211312,1.141061
        8       0.11374839313647E-14    22.7044023166872
Iteration,8,11.365266,1.153930
        9       0.11424877443039E-14    22.7087834345620
Iteration,9,12.490055,1.124766
       10       0.11329475190566E-14    22.7108351397177
Iteration,10,13.631361,1.141284
       11       0.11337364093482E-14    22.7118107121341
Iteration,11,14.756739,1.125354
       12       0.11379928308864E-14    22.7122816240971
Iteration,12,15.911271,1.154511
       13       0.11369453681794E-14    22.7125122663243
Iteration,13,17.036643,1.125350
       14       0.11430390337015E-14    22.7126268007594
Iteration,14,18.177815,1.141151
       15       0.11400318886400E-14    22.7126844161819
Iteration,15,19.302485,1.124646
       16       0.11352091331197E-14    22.7127137461755
Iteration,16,20.457030,1.154523
       17       0.11350923439124E-14    22.7127288402000
Iteration,17,21.582269,1.125217
       18       0.11475378864565E-14    22.7127366848296
Iteration,18,22.715595,1.133305
       19       0.11366777929028E-14    22.7127407981217
Iteration,19,23.856207,1.140591
       20       0.11274243312504E-14    22.7127429721364
Iteration,20,24.981706,1.125475
       21       0.11353930792856E-14    22.7127441294025
Iteration,21,26.107006,1.125279
       22       0.11299685800278E-14    22.7127447493900
Iteration,22,27.261769,1.154743
       23       0.11296405041170E-14    22.7127450834533
Iteration,23,28.387212,1.125419
       24       0.11381975597887E-14    22.7127452643881
Iteration,24,29.512139,1.124907
       25       0.11328127301663E-14    22.7127453628451
Iteration,25,30.653504,1.141344
       26       0.11367332658939E-14    22.7127454166517
Iteration,26,31.778808,1.125280
       27       0.11283372178605E-14    22.7127454461696
Iteration,27,32.907193,1.128364
       28       0.11384734158863E-14    22.7127454624211
Iteration,28,34.031937,1.124723
       29       0.11394011989719E-14    22.7127454713974
Iteration,29,35.157011,1.125053
       30       0.11354294067640E-14    22.7127454763703
Iteration,30,36.311503,1.154471
       31       0.11412988029103E-14    22.7127454791343
Iteration,31,37.436804,1.125278
       32       0.11358088407717E-14    22.7127454806740
Iteration,32,38.562319,1.125494
       33       0.11263266152515E-14    22.7127454815316
Iteration,33,39.687016,1.124668
       34       0.11275183080286E-14    22.7127454820131
Iteration,34,40.828863,1.141826
       35       0.11328306951409E-14    22.7127454822840
Iteration,35,41.953737,1.124850
       36       0.11357880314891E-14    22.7127454824349
Iteration,36,43.078710,1.124952
       37       0.11332687790488E-14    22.7127454825202
Iteration,37,44.203233,1.124514
       38       0.11324108818137E-14    22.7127454825684
Iteration,38,45.329031,1.125789
       39       0.11365065523777E-14    22.7127454825967
Iteration,39,46.454266,1.125226
       40       0.11361185361321E-14    22.7127454826116
Iteration,40,47.608512,1.154237
       41       0.11276519820716E-14    22.7127454826202
Iteration,41,48.733625,1.125090
       42       0.11317183424878E-14    22.7127454826253
Iteration,42,49.858403,1.124758
       43       0.11236007481770E-14    22.7127454826276
Iteration,43,50.983693,1.125280
       44       0.11304065564684E-14    22.7127454826296
Iteration,44,52.108313,1.124599
       45       0.11287791356431E-14    22.7127454826310
Iteration,45,53.250504,1.142171
       46       0.11297028000133E-14    22.7127454826310
Iteration,46,54.375197,1.124669
       47       0.11281236869666E-14    22.7127454826314
Iteration,47,55.499568,1.124350
       48       0.11277254075548E-14    22.7127454826317
Iteration,48,56.625158,1.125568
       49       0.11320327289847E-14    22.7127454826309
Iteration,49,57.750802,1.125623
       50       0.11287655285563E-14    22.7127454826321
Iteration,50,58.875906,1.125082
       51       0.11230503422400E-14    22.7127454826324
Iteration,51,60.000406,1.124479
       52       0.11292089094944E-14    22.7127454826313
Iteration,52,61.125660,1.125233
       53       0.11366728396408E-14    22.7127454826315
Iteration,53,62.279988,1.154307
       54       0.11222618466968E-14    22.7127454826310
Iteration,54,63.405696,1.125685
       55       0.11278193276516E-14    22.7127454826315
Iteration,55,64.530862,1.125145
       56       0.11244624896030E-14    22.7127454826316
Iteration,56,65.656089,1.125206
       57       0.11264508872685E-14    22.7127454826318
Iteration,57,66.781753,1.125643
       58       0.11255583774760E-14    22.7127454826314
Iteration,58,67.906276,1.124502
       59       0.11227129146723E-14    22.7127454826314
Iteration,59,69.031885,1.125589
       60       0.11189480800173E-14    22.7127454826318
Iteration,60,70.172849,1.140943
       61       0.11163241472678E-14    22.7127454826315
Iteration,61,71.298015,1.125142
       62       0.11278839424218E-14    22.7127454826318
Iteration,62,72.423211,1.125175
       63       0.11226804133008E-14    22.7127454826313
Iteration,63,73.547943,1.124723
       64       0.11222456601361E-14    22.7127454826317
Iteration,64,74.673099,1.125135
       65       0.11270879524310E-14    22.7127454826308
Iteration,65,75.798417,1.125297
       66       0.11303771390006E-14    22.7127454826319
Iteration,66,76.923797,1.125370
       67       0.11240101357287E-14    22.7127454826319
Iteration,67,78.048372,1.124554
       68       0.11240278884391E-14    22.7127454826321
Iteration,68,79.173155,1.124763
       69       0.11207748067718E-14    22.7127454826317
Iteration,69,80.298333,1.125157
       70       0.11178755187571E-14    22.7127454826327
Iteration,70,81.452718,1.154355
       71       0.11195935245649E-14    22.7127454826313
Iteration,71,82.577699,1.124958
       72       0.11260715126337E-14    22.7127454826322
Iteration,72,83.702573,1.124853
       73       0.11281677964997E-14    22.7127454826316
Iteration,73,84.827691,1.125097
       74       0.11162340034815E-14    22.7127454826318
Iteration,74,85.953145,1.125433
       75       0.11208709203921E-14    22.7127454826310
Iteration,75,87.078033,1.124868
 Benchmark completed 
 VERIFICATION SUCCESSFUL 
 Zeta is     0.2271274548263E+02
 Error is    0.3128387698896E-15


 CG Benchmark Completed.
 Class           =                        B
 Size            =                    75000
 Iterations      =                       75
 Time in seconds =                    84.93
 Total processes =                        1
 Active procs    =                        1
 Mop/s total     =                   644.20
 Mop/s/process   =                   644.20
 Operation type  =           floating point
 Verification    =               SUCCESSFUL
 Version         =                      3.4
 Compile date    =              06 Jun 2020

 Compile options:
    MPIFC        = mpif90
    FLINK        = $(MPIFC)
    FMPI_LIB     = (none)
    FMPI_INC     = (none)
    FFLAGS       = -O3
    FLINKFLAGS   = $(FFLAGS) -O ../kernel_stats/kernel_stats.o
    RAND         = randi8


 Please send feedbacks and/or the results of this run to:

 NPB Development Team 
 Internet: npb@nas.nasa.gov


