--------------------------------------------------------------------------
[[42128,1],0]: A high-performance Open MPI point-to-point messaging module
was unable to find any relevant network interfaces:

Module: OpenFabrics (openib)
  Host: node06

Another transport will be used instead, although this may result in
lower performance.

NOTE: You can disable this warning by setting the MCA parameter
btl_base_warn_component_unused to 0.
--------------------------------------------------------------------------


 NAS Parallel Benchmarks 3.4 -- FT Benchmark

 No input file inputft.data. Using compiled defaults
 Size                :  512x 256x 256  (class B)
 Iterations          :             20
 Number of processes :              4
 Processor array     :         1x   4
 Layout type         :             1D

 Initialization time =      1.1693

[MO833] Paramount Iteration,3,1,3.232281,0.857017
[MO833] Paramount Iteration,2,1,3.236733,0.876376
[MO833] Paramount Iteration,1,1,3.244688,0.864714
 T =    1     Checksum =    5.177643571579D+02    5.077803458597D+02
[MO833] Paramount Iteration,0,1,3.246711,0.882072
[MO833] Paramount Iteration,2,2,4.096438,0.859705
[MO833] Paramount Iteration,3,2,4.116988,0.884707
[MO833] Paramount Iteration,1,2,4.122951,0.878263
 T =    2     Checksum =    5.154521291263D+02    5.088249431599D+02
[MO833] Paramount Iteration,0,2,4.124984,0.878273
[MO833] Paramount Iteration,2,3,4.972030,0.875592
[MO833] Paramount Iteration,3,3,4.977645,0.860657
[MO833] Paramount Iteration,1,3,4.983488,0.860537
 T =    3     Checksum =    5.146409228650D+02    5.096208912659D+02
[MO833] Paramount Iteration,0,3,4.985445,0.860461
[MO833] Paramount Iteration,2,4,5.822174,0.850144
[MO833] Paramount Iteration,3,4,5.860288,0.882643
[MO833] Paramount Iteration,1,4,5.866090,0.882602
 T =    4     Checksum =    5.142378756213D+02    5.101023387619D+02
[MO833] Paramount Iteration,0,4,5.868080,0.882635
[MO833] Paramount Iteration,2,5,6.676389,0.854215
[MO833] Paramount Iteration,3,5,6.716806,0.856518
[MO833] Paramount Iteration,1,5,6.722643,0.856553
 T =    5     Checksum =    5.139626667737D+02    5.103976610618D+02
[MO833] Paramount Iteration,0,5,6.724638,0.856558
[MO833] Paramount Iteration,2,6,7.553532,0.877143
[MO833] Paramount Iteration,3,6,7.608716,0.891910
[MO833] Paramount Iteration,1,6,7.614572,0.891929
 T =    6     Checksum =    5.137423460082D+02    5.105948019802D+02
[MO833] Paramount Iteration,0,6,7.616544,0.891906
[MO833] Paramount Iteration,2,7,8.445053,0.891521
[MO833] Paramount Iteration,3,7,8.480267,0.871551
[MO833] Paramount Iteration,1,7,8.486225,0.871653
 T =    7     Checksum =    5.135547056878D+02    5.107404165783D+02
[MO833] Paramount Iteration,0,7,8.488203,0.871659
[MO833] Paramount Iteration,2,8,9.290968,0.845915
[MO833] Paramount Iteration,3,8,9.320876,0.840609
[MO833] Paramount Iteration,1,8,9.326857,0.840632
 T =    8     Checksum =    5.133910925467D+02    5.108576573661D+02
[MO833] Paramount Iteration,0,8,9.328890,0.840687
[MO833] Paramount Iteration,2,9,10.149269,0.858301
[MO833] Paramount Iteration,3,9,10.177928,0.857052
[MO833] Paramount Iteration,1,9,10.183853,0.856996
 T =    9     Checksum =    5.132470705390D+02    5.109577278523D+02
[MO833] Paramount Iteration,0,9,10.185820,0.856930
[MO833] Paramount Iteration,2,10,11.013205,0.863936
[MO833] Paramount Iteration,1,10,11.038934,0.855081
[MO833] Paramount Iteration,3,10,11.037716,0.859788
 T =   10     Checksum =    5.131197729984D+02    5.110460304483D+02
[MO833] Paramount Iteration,0,10,11.044682,0.858862
[MO833] Paramount Iteration,2,11,11.852375,0.839170
[MO833] Paramount Iteration,3,11,11.871024,0.833308
[MO833] Paramount Iteration,1,11,11.876875,0.837941
 T =   11     Checksum =    5.130070319283D+02    5.111252433800D+02
[MO833] Paramount Iteration,0,11,11.878844,0.834162
[MO833] Paramount Iteration,2,12,12.692171,0.839796
[MO833] Paramount Iteration,3,12,12.712775,0.841751
[MO833] Paramount Iteration,1,12,12.718727,0.841852
 T =   12     Checksum =    5.129070537032D+02    5.111968077719D+02
[MO833] Paramount Iteration,0,12,12.720768,0.841924
[MO833] Paramount Iteration,2,13,13.535154,0.842983
[MO833] Paramount Iteration,3,13,13.555845,0.843070
 T =   13     Checksum =    5.128182883503D+02    5.112616233064D+02
[MO833] Paramount Iteration,0,13,13.563712,0.842944
[MO833] Paramount Iteration,1,13,13.561712,0.842985
[MO833] Paramount Iteration,3,14,14.398320,0.842475
[MO833] Paramount Iteration,1,14,14.404157,0.842445
[MO833] Paramount Iteration,2,14,14.413059,0.877905
 T =   14     Checksum =    5.127393733383D+02    5.113203605551D+02
[MO833] Paramount Iteration,0,14,14.417490,0.853778
[MO833] Paramount Iteration,2,15,15.209994,0.796935
[MO833] Paramount Iteration,3,15,15.239130,0.840810
[MO833] Paramount Iteration,1,15,15.245128,0.840971
 T =   15     Checksum =    5.126691062021D+02    5.113735928093D+02
[MO833] Paramount Iteration,0,15,15.247136,0.829646
[MO833] Paramount Iteration,2,16,16.096410,0.886416
[MO833] Paramount Iteration,3,16,16.125896,0.886766
 T =   16     Checksum =    5.126064276005D+02    5.114218460548D+02
[MO833] Paramount Iteration,0,16,16.133786,0.886650
[MO833] Paramount Iteration,1,16,16.131828,0.886700
[MO833] Paramount Iteration,2,17,16.950565,0.854155
[MO833] Paramount Iteration,3,17,16.978395,0.852499
[MO833] Paramount Iteration,1,17,16.984463,0.852635
 T =   17     Checksum =    5.125504076570D+02    5.114656139760D+02
[MO833] Paramount Iteration,0,17,16.986503,0.852717
[MO833] Paramount Iteration,2,18,17.797311,0.846746
[MO833] Paramount Iteration,3,18,17.818941,0.840546
[MO833] Paramount Iteration,1,18,17.824796,0.840333
 T =   18     Checksum =    5.125002331721D+02    5.115053595966D+02
[MO833] Paramount Iteration,0,18,17.826793,0.840290
[MO833] Paramount Iteration,3,19,18.655570,0.836629
[MO833] Paramount Iteration,1,19,18.661437,0.836641
[MO833] Paramount Iteration,2,19,18.683207,0.885896
 T =   19     Checksum =    5.124551951846D+02    5.115415130407D+02
[MO833] Paramount Iteration,0,19,18.691122,0.864329
 T =   20     Checksum =    5.124146770029D+02    5.115744692211D+02
 Result verification successful
[MO833] PI avg,0,0.816324,20
[MO833] Beta,0,0.000002
[MO833] Total time,19.500369


 FT Benchmark Completed.
 Class           =                        B
 Size            =            512x 256x 256
 Iterations      =                       20
 Time in seconds =                    18.17
 Total processes =                        4
 Active procs    =                        4
 Mop/s total     =                  5065.61
 Mop/s/process   =                  1266.40
 Operation type  =           floating point
 Verification    =               SUCCESSFUL
 Version         =                      3.4
 Compile date    =              16 Jun 2020

 Compile options:
    MPIFC        = mpif90
    FLINK        = $(MPIFC)
    FMPI_LIB     = (none)
    FMPI_INC     = (none)
    FFLAGS       = -O3
    FLINKFLAGS   = $(FFLAGS) -O ../kernel_stats/kernel_stats.o...
    RAND         = randi8


 Please send feedbacks and/or the results of this run to:

 NPB Development Team 
 Internet: npb@nas.nasa.gov


