--------------------------------------------------------------------------
[[62614,1],0]: A high-performance Open MPI point-to-point messaging module
was unable to find any relevant network interfaces:

Module: OpenFabrics (openib)
  Host: node06

Another transport will be used instead, although this may result in
lower performance.

NOTE: You can disable this warning by setting the MCA parameter
btl_base_warn_component_unused to 0.
--------------------------------------------------------------------------


 NAS Parallel Benchmarks 3.4 -- FT Benchmark

 No input file inputft.data. Using compiled defaults
 Size                :  512x 256x 256  (class B)
 Iterations          :             20
 Number of processes :              4
 Processor array     :         1x   4
 Layout type         :             1D

 Initialization time =      1.1830

[MO833] Paramount Iteration,2,1,3.265123,0.869749
[MO833] Paramount Iteration,3,1,3.282640,0.864843
[MO833] Paramount Iteration,1,1,3.295908,0.872585
 T =    1     Checksum =    5.177643571579D+02    5.077803458597D+02
[MO833] Paramount Iteration,0,1,3.297470,0.897427
[MO833] Paramount Iteration,2,2,4.129866,0.864743
[MO833] Paramount Iteration,3,2,4.157449,0.874809
[MO833] Paramount Iteration,1,2,4.164230,0.868322
 T =    2     Checksum =    5.154521291263D+02    5.088249431599D+02
[MO833] Paramount Iteration,0,2,4.165773,0.868303
[MO833] Paramount Iteration,2,3,5.012948,0.883082
[MO833] Paramount Iteration,3,3,5.019777,0.862328
[MO833] Paramount Iteration,1,3,5.026289,0.862059
 T =    3     Checksum =    5.146409228650D+02    5.096208912659D+02
[MO833] Paramount Iteration,0,3,5.027832,0.862059
[MO833] Paramount Iteration,2,4,5.860522,0.847574
[MO833] Paramount Iteration,3,4,5.886587,0.866810
[MO833] Paramount Iteration,1,4,5.893043,0.866754
 T =    4     Checksum =    5.142378756213D+02    5.101023387619D+02
[MO833] Paramount Iteration,0,4,5.894578,0.866746
[MO833] Paramount Iteration,2,5,6.703373,0.842851
[MO833] Paramount Iteration,3,5,6.729296,0.842709
[MO833] Paramount Iteration,1,5,6.736155,0.843112
 T =    5     Checksum =    5.139626667737D+02    5.103976610618D+02
[MO833] Paramount Iteration,0,5,6.737756,0.843178
[MO833] Paramount Iteration,2,6,7.577479,0.874106
[MO833] Paramount Iteration,3,6,7.608632,0.879336
 T =    6     Checksum =    5.137423460082D+02    5.105948019802D+02
[MO833] Paramount Iteration,0,6,7.616856,0.879100
[MO833] Paramount Iteration,1,6,7.615348,0.879193
[MO833] Paramount Iteration,2,7,8.445934,0.868455
[MO833] Paramount Iteration,3,7,8.471885,0.863253
[MO833] Paramount Iteration,1,7,8.478458,0.863110
 T =    7     Checksum =    5.135547056878D+02    5.107404165783D+02
[MO833] Paramount Iteration,0,7,8.479985,0.863129
[MO833] Paramount Iteration,2,8,9.294707,0.848773
[MO833] Paramount Iteration,3,8,9.325182,0.853297
[MO833] Paramount Iteration,1,8,9.331833,0.853375
 T =    8     Checksum =    5.133910925467D+02    5.108576573661D+02
[MO833] Paramount Iteration,0,8,9.333419,0.853434
[MO833] Paramount Iteration,2,9,10.178543,0.883836
[MO833] Paramount Iteration,3,9,10.184294,0.859112
[MO833] Paramount Iteration,1,9,10.190921,0.859088
 T =    9     Checksum =    5.132470705390D+02    5.109577278523D+02
[MO833] Paramount Iteration,0,9,10.192434,0.859015
[MO833] Paramount Iteration,2,10,11.023848,0.845305
[MO833] Paramount Iteration,3,10,11.052464,0.868170
[MO833] Paramount Iteration,1,10,11.059297,0.868376
 T =   10     Checksum =    5.131197729984D+02    5.110460304483D+02
[MO833] Paramount Iteration,0,10,11.060850,0.868416
[MO833] Paramount Iteration,2,11,11.867048,0.843200
[MO833] Paramount Iteration,3,11,11.894786,0.842322
 T =   11     Checksum =    5.130070319283D+02    5.111252433800D+02
[MO833] Paramount Iteration,0,11,11.903164,0.842314
[MO833] Paramount Iteration,1,11,11.901631,0.842334
[MO833] Paramount Iteration,2,12,12.709440,0.842392
[MO833] Paramount Iteration,3,12,12.738099,0.843313
[MO833] Paramount Iteration,1,12,12.744996,0.843365
 T =   12     Checksum =    5.129070537032D+02    5.111968077719D+02
[MO833] Paramount Iteration,0,12,12.746582,0.843418
[MO833] Paramount Iteration,2,13,13.575486,0.866046
[MO833] Paramount Iteration,3,13,13.578884,0.840785
 T =   13     Checksum =    5.128182883503D+02    5.112616233064D+02
[MO833] Paramount Iteration,0,13,13.587198,0.840616
[MO833] Paramount Iteration,1,13,13.585666,0.840670
[MO833] Paramount Iteration,2,14,14.402112,0.826626
[MO833] Paramount Iteration,3,14,14.441285,0.862401
[MO833] Paramount Iteration,1,14,14.447818,0.862152
 T =   14     Checksum =    5.127393733383D+02    5.113203605551D+02
[MO833] Paramount Iteration,0,14,14.449343,0.862145
[MO833] Paramount Iteration,2,15,15.266622,0.864510
[MO833] Paramount Iteration,1,15,15.283655,0.835837
 T =   15     Checksum =    5.126691062021D+02    5.113735928093D+02
[MO833] Paramount Iteration,0,15,15.285735,0.836392
[MO833] Paramount Iteration,3,15,15.279030,0.837745
[MO833] Paramount Iteration,2,16,16.140747,0.874125
[MO833] Paramount Iteration,3,16,16.160673,0.881643
[MO833] Paramount Iteration,1,16,16.167255,0.883600
 T =   16     Checksum =    5.126064276005D+02    5.114218460548D+02
[MO833] Paramount Iteration,0,16,16.168819,0.883084
[MO833] Paramount Iteration,2,17,16.990004,0.849257
[MO833] Paramount Iteration,3,17,17.014351,0.853678
[MO833] Paramount Iteration,1,17,17.021072,0.853817
 T =   17     Checksum =    5.125504076570D+02    5.114656139760D+02
[MO833] Paramount Iteration,0,17,17.022639,0.853820
[MO833] Paramount Iteration,3,18,17.852303,0.837952
[MO833] Paramount Iteration,1,18,17.861405,0.840333
[MO833] Paramount Iteration,2,18,17.869847,0.879843
 T =   18     Checksum =    5.125002331721D+02    5.115053595966D+02
[MO833] Paramount Iteration,0,18,17.874362,0.851723
[MO833] Paramount Iteration,2,19,18.672330,0.802483
[MO833] Paramount Iteration,3,19,18.697208,0.844905
[MO833] Paramount Iteration,1,19,18.703893,0.842488
 T =   19     Checksum =    5.124551951846D+02    5.115415130407D+02
[MO833] Paramount Iteration,0,19,18.705443,0.831081
 T =   20     Checksum =    5.124146770029D+02    5.115744692211D+02
 Result verification successful
[MO833] PI avg,0,0.815270,20
[MO833] Beta,0,0.000001
[MO833] Total time,19.548830


 FT Benchmark Completed.
 Class           =                        B
 Size            =            512x 256x 256
 Iterations      =                       20
 Time in seconds =                    18.20
 Total processes =                        4
 Active procs    =                        4
 Mop/s total     =                  5056.72
 Mop/s/process   =                  1264.18
 Operation type  =           floating point
 Verification    =               SUCCESSFUL
 Version         =                      3.4
 Compile date    =              16 Jun 2020

 Compile options:
    MPIFC        = mpif90
    FLINK        = $(MPIFC)
    FMPI_LIB     = (none)
    FMPI_INC     = (none)
    FFLAGS       = -O3
    FLINKFLAGS   = $(FFLAGS) -O ../kernel_stats/kernel_stats.o...
    RAND         = randi8


 Please send feedbacks and/or the results of this run to:

 NPB Development Team 
 Internet: npb@nas.nasa.gov


