--------------------------------------------------------------------------
[[45992,1],0]: A high-performance Open MPI point-to-point messaging module
was unable to find any relevant network interfaces:

Module: OpenFabrics (openib)
  Host: node06

Another transport will be used instead, although this may result in
lower performance.

NOTE: You can disable this warning by setting the MCA parameter
btl_base_warn_component_unused to 0.
--------------------------------------------------------------------------


 NAS Parallel Benchmarks 3.4 -- SP Benchmark

 No input file inputsp.data. Using compiled defaults
 Size:  162x 162x 162  (class C)
 Iterations:  400    dt:   0.0006700
 Total number of processes:     4

 Time step    1
[MO833] Paramount Iteration,2,1,2.826918,0.894265
[MO833] Paramount Iteration,0,1,2.826847,0.894190
[MO833] Paramount Iteration,1,1,2.832512,0.899833
[MO833] Paramount Iteration,3,1,2.832928,0.900253
[MO833] Paramount Iteration,1,2,3.768405,0.935893
[MO833] Paramount Iteration,3,2,3.768564,0.935636
[MO833] Paramount Iteration,0,2,3.774410,0.947563
[MO833] Paramount Iteration,2,2,3.774441,0.947523
[MO833] Paramount Iteration,1,3,4.693539,0.925134
[MO833] Paramount Iteration,3,3,4.694076,0.925512
[MO833] Paramount Iteration,2,3,4.695741,0.921300
[MO833] Paramount Iteration,0,3,4.698633,0.924223
[MO833] Paramount Iteration,1,4,5.595035,0.901496
[MO833] Paramount Iteration,3,4,5.598594,0.904518
[MO833] Paramount Iteration,2,4,5.600962,0.905221
[MO833] Paramount Iteration,0,4,5.603020,0.904387
[MO833] Paramount Iteration,3,5,6.529256,0.930662
[MO833] Paramount Iteration,1,5,6.529327,0.934292
[MO833] Paramount Iteration,2,5,6.530100,0.929138
[MO833] Paramount Iteration,0,5,6.530124,0.927104
[MO833] Paramount Iteration,2,6,7.427758,0.897658
[MO833] Paramount Iteration,0,6,7.428267,0.898143
[MO833] Paramount Iteration,1,6,7.434267,0.904940
[MO833] Paramount Iteration,3,6,7.434707,0.905451
[MO833] Paramount Iteration,2,7,8.326830,0.899072
[MO833] Paramount Iteration,0,7,8.327992,0.899725
[MO833] Paramount Iteration,1,7,8.346573,0.912306
[MO833] Paramount Iteration,3,7,8.347769,0.913062
[MO833] Paramount Iteration,2,8,9.241697,0.914867
[MO833] Paramount Iteration,1,8,9.243153,0.896580
[MO833] Paramount Iteration,3,8,9.243646,0.895877
[MO833] Paramount Iteration,0,8,9.249173,0.921181
[MO833] Paramount Iteration,2,9,10.131593,0.889896
[MO833] Paramount Iteration,0,9,10.132053,0.882880
[MO833] Paramount Iteration,1,9,10.138157,0.895004
[MO833] Paramount Iteration,3,9,10.138510,0.894864
[MO833] Paramount Iteration,0,10,11.026545,0.894492
[MO833] Paramount Iteration,1,10,11.033199,0.895042
[MO833] Paramount Iteration,3,10,11.033710,0.895200
[MO833] Paramount Iteration,2,10,11.041289,0.909696
[MO833] Paramount Iteration,0,11,11.930043,0.903498
[MO833] Paramount Iteration,2,11,11.930053,0.888764
[MO833] Paramount Iteration,1,11,11.936436,0.903237
[MO833] Paramount Iteration,3,11,11.936576,0.902866
[MO833] Paramount Iteration,2,12,12.864426,0.934373
[MO833] Paramount Iteration,0,12,12.864715,0.934672
[MO833] Paramount Iteration,1,12,12.870914,0.934478
[MO833] Paramount Iteration,3,12,12.871116,0.934540
[MO833] Paramount Iteration,0,13,13.766336,0.901621
[MO833] Paramount Iteration,2,13,13.766384,0.901958
[MO833] Paramount Iteration,1,13,13.772912,0.901998
[MO833] Paramount Iteration,3,13,13.773150,0.902034
[MO833] Paramount Iteration,1,14,14.668593,0.895681
[MO833] Paramount Iteration,3,14,14.669107,0.895957
[MO833] Paramount Iteration,2,14,14.674509,0.908125
[MO833] Paramount Iteration,0,14,14.674741,0.908405
[MO833] Paramount Iteration,2,15,15.563662,0.889153
[MO833] Paramount Iteration,0,15,15.564188,0.889447
[MO833] Paramount Iteration,1,15,15.570184,0.901591
[MO833] Paramount Iteration,3,15,15.570634,0.901527
[MO833] Paramount Iteration,2,16,16.471973,0.908311
[MO833] Paramount Iteration,0,16,16.473280,0.909092
[MO833] Paramount Iteration,1,16,16.490971,0.920787
[MO833] Paramount Iteration,3,16,16.492048,0.921414
[MO833] Paramount Iteration,2,17,17.382290,0.910317
[MO833] Paramount Iteration,0,17,17.382813,0.909533
[MO833] Paramount Iteration,1,17,17.388781,0.897810
[MO833] Paramount Iteration,3,17,17.389338,0.897290
[MO833] Paramount Iteration,1,18,18.284024,0.895243
[MO833] Paramount Iteration,3,18,18.284535,0.895197
[MO833] Paramount Iteration,2,18,18.290120,0.907830
[MO833] Paramount Iteration,0,18,18.290372,0.907559
[MO833] Paramount Iteration,2,19,19.179075,0.888955
[MO833] Paramount Iteration,0,19,19.179373,0.889001
 Time step   20
[MO833] Paramount Iteration,1,19,19.185581,0.901557
[MO833] Paramount Iteration,3,19,19.185874,0.901339
[MO833] Paramount Iteration,2,20,20.062465,0.883390
[MO833] Paramount Iteration,1,20,20.068734,0.883153
[MO833] Paramount Iteration,3,20,20.082252,0.896378
[MO833] Paramount Iteration,0,20,20.085200,0.905827
[MO833] Paramount Iteration,2,21,20.972654,0.910189
[MO833] Paramount Iteration,0,21,20.973479,0.888279
[MO833] Paramount Iteration,1,21,20.979281,0.910547
[MO833] Paramount Iteration,3,21,20.980010,0.897758
[MO833] Paramount Iteration,2,22,21.869879,0.897225
[MO833] Paramount Iteration,0,22,21.870397,0.896918
[MO833] Paramount Iteration,1,22,21.876389,0.897108
[MO833] Paramount Iteration,3,22,21.876894,0.896884
[MO833] Paramount Iteration,1,23,22.772681,0.896292
[MO833] Paramount Iteration,3,23,22.773305,0.896411
[MO833] Paramount Iteration,0,23,22.773353,0.902956
[MO833] Paramount Iteration,2,23,22.776070,0.906191
[MO833] Paramount Iteration,2,24,23.664561,0.888491
[MO833] Paramount Iteration,0,24,23.665144,0.891791
[MO833] Paramount Iteration,1,24,23.671166,0.898485
[MO833] Paramount Iteration,3,24,23.671650,0.898345
[MO833] Paramount Iteration,0,25,24.592012,0.926868
[MO833] Paramount Iteration,2,25,24.592061,0.927500
[MO833] Paramount Iteration,3,25,24.605281,0.933631
[MO833] Paramount Iteration,1,25,24.605428,0.934262
[MO833] Paramount Iteration,2,26,25.498704,0.906643
[MO833] Paramount Iteration,0,26,25.498806,0.906794
[MO833] Paramount Iteration,1,26,25.505204,0.899776
[MO833] Paramount Iteration,3,26,25.505375,0.900094
[MO833] Paramount Iteration,2,27,26.394893,0.896189
[MO833] Paramount Iteration,0,27,26.395153,0.896347
[MO833] Paramount Iteration,1,27,26.401478,0.896274
[MO833] Paramount Iteration,3,27,26.401662,0.896287
[MO833] Paramount Iteration,1,28,27.294767,0.893289
[MO833] Paramount Iteration,3,28,27.295152,0.893490
[MO833] Paramount Iteration,2,28,27.302195,0.907302
[MO833] Paramount Iteration,0,28,27.305640,0.910487
[MO833] Paramount Iteration,2,29,28.194028,0.891833
[MO833] Paramount Iteration,0,29,28.194422,0.888782
[MO833] Paramount Iteration,1,29,28.200467,0.905700
[MO833] Paramount Iteration,3,29,28.200869,0.905717
[MO833] Paramount Iteration,2,30,29.091015,0.896987
[MO833] Paramount Iteration,0,30,29.091420,0.896998
[MO833] Paramount Iteration,1,30,29.097687,0.897220
[MO833] Paramount Iteration,3,30,29.098004,0.897135
[MO833] Paramount Iteration,2,31,29.987878,0.896863
[MO833] Paramount Iteration,0,31,29.988348,0.896928
[MO833] Paramount Iteration,1,31,29.994502,0.896815
[MO833] Paramount Iteration,3,31,29.994827,0.896823
[MO833] Paramount Iteration,2,32,30.897171,0.909293
[MO833] Paramount Iteration,0,32,30.897437,0.909089
[MO833] Paramount Iteration,1,32,30.903652,0.909150
[MO833] Paramount Iteration,3,32,30.903894,0.909067
[MO833] Paramount Iteration,2,33,31.793158,0.895987
[MO833] Paramount Iteration,0,33,31.793790,0.896353
[MO833] Paramount Iteration,1,33,31.799654,0.896002
[MO833] Paramount Iteration,3,33,31.800425,0.896531
[MO833] Paramount Iteration,0,34,32.701552,0.907762
[MO833] Paramount Iteration,2,34,32.701842,0.908684
[MO833] Paramount Iteration,3,34,32.713186,0.912761
[MO833] Paramount Iteration,1,34,32.713274,0.913620
[MO833] Paramount Iteration,3,35,33.608312,0.895126
[MO833] Paramount Iteration,1,35,33.608169,0.894895
[MO833] Paramount Iteration,2,35,33.616027,0.914185
[MO833] Paramount Iteration,0,35,33.615996,0.914444
[MO833] Paramount Iteration,2,36,34.505706,0.889679
[MO833] Paramount Iteration,0,36,34.505845,0.889849
[MO833] Paramount Iteration,1,36,34.512158,0.903989
[MO833] Paramount Iteration,3,36,34.512396,0.904084
[MO833] Paramount Iteration,2,37,35.410703,0.904997
[MO833] Paramount Iteration,0,37,35.411176,0.905331
[MO833] Paramount Iteration,1,37,35.417484,0.905326
[MO833] Paramount Iteration,3,37,35.417903,0.905507
[MO833] Paramount Iteration,2,38,36.307617,0.896914
[MO833] Paramount Iteration,0,38,36.307706,0.896530
[MO833] Paramount Iteration,1,38,36.314168,0.896684
[MO833] Paramount Iteration,3,38,36.314417,0.896514
[MO833] Paramount Iteration,2,39,37.204846,0.897229
[MO833] Paramount Iteration,0,39,37.205655,0.897949
 Time step   40
[MO833] Paramount Iteration,1,39,37.211471,0.897303
[MO833] Paramount Iteration,3,39,37.212075,0.897658
[MO833] Paramount Iteration,2,40,38.097297,0.892451
[MO833] Paramount Iteration,0,40,38.097771,0.892116
[MO833] Paramount Iteration,1,40,38.103819,0.892348
[MO833] Paramount Iteration,3,40,38.104160,0.892085
[MO833] Paramount Iteration,2,41,38.992700,0.895403
[MO833] Paramount Iteration,0,41,38.993191,0.895420
[MO833] Paramount Iteration,1,41,38.999212,0.895393
[MO833] Paramount Iteration,3,41,38.999651,0.895491
[MO833] Paramount Iteration,2,42,39.889568,0.896868
[MO833] Paramount Iteration,0,42,39.889524,0.896333
[MO833] Paramount Iteration,1,42,39.896004,0.896792
[MO833] Paramount Iteration,3,42,39.896139,0.896488
[MO833] Paramount Iteration,2,43,40.786396,0.896828
[MO833] Paramount Iteration,0,43,40.786653,0.897129
[MO833] Paramount Iteration,1,43,40.792979,0.896975
[MO833] Paramount Iteration,3,43,40.793241,0.897102
[MO833] Paramount Iteration,2,44,41.689412,0.903016
[MO833] Paramount Iteration,0,44,41.689697,0.903044
[MO833] Paramount Iteration,1,44,41.690825,0.897846
[MO833] Paramount Iteration,3,44,41.691193,0.897952
[MO833] Paramount Iteration,2,45,42.581221,0.891809
[MO833] Paramount Iteration,0,45,42.581469,0.891772
[MO833] Paramount Iteration,1,45,42.587725,0.896900
[MO833] Paramount Iteration,3,45,42.587949,0.896756
[MO833] Paramount Iteration,2,46,43.478855,0.897634
[MO833] Paramount Iteration,0,46,43.479024,0.897555
[MO833] Paramount Iteration,1,46,43.485354,0.897629
[MO833] Paramount Iteration,3,46,43.485632,0.897683
[MO833] Paramount Iteration,2,47,44.376660,0.897805
[MO833] Paramount Iteration,0,47,44.377352,0.898328
[MO833] Paramount Iteration,1,47,44.383249,0.897895
[MO833] Paramount Iteration,3,47,44.383875,0.898243
[MO833] Paramount Iteration,2,48,45.274213,0.897553
[MO833] Paramount Iteration,0,48,45.274344,0.896992
[MO833] Paramount Iteration,1,48,45.280649,0.897400
[MO833] Paramount Iteration,3,48,45.280955,0.897080
[MO833] Paramount Iteration,2,49,46.167644,0.893431
[MO833] Paramount Iteration,0,49,46.168023,0.893679
[MO833] Paramount Iteration,1,49,46.174141,0.893492
[MO833] Paramount Iteration,3,49,46.174523,0.893568
[MO833] Paramount Iteration,2,50,47.063816,0.896172
[MO833] Paramount Iteration,0,50,47.063915,0.895892
[MO833] Paramount Iteration,3,50,47.070477,0.895954
[MO833] Paramount Iteration,1,50,47.070438,0.896297
[MO833] Paramount Iteration,2,51,47.960899,0.897083
[MO833] Paramount Iteration,0,51,47.961255,0.897340
[MO833] Paramount Iteration,1,51,47.967327,0.896889
[MO833] Paramount Iteration,3,51,47.967662,0.897185
[MO833] Paramount Iteration,2,52,48.903077,0.942178
[MO833] Paramount Iteration,0,52,48.903163,0.941908
[MO833] Paramount Iteration,1,52,48.909545,0.942218
[MO833] Paramount Iteration,3,52,48.909866,0.942204
[MO833] Paramount Iteration,2,53,49.803772,0.900695
[MO833] Paramount Iteration,0,53,49.804229,0.901066
[MO833] Paramount Iteration,1,53,49.810493,0.900948
[MO833] Paramount Iteration,3,53,49.810908,0.901042
[MO833] Paramount Iteration,0,54,50.705765,0.901536
[MO833] Paramount Iteration,2,54,50.705747,0.901975
[MO833] Paramount Iteration,1,54,50.706960,0.896467
[MO833] Paramount Iteration,3,54,50.707315,0.896407
[MO833] Paramount Iteration,2,55,51.597604,0.891857
[MO833] Paramount Iteration,0,55,51.597953,0.892188
[MO833] Paramount Iteration,1,55,51.603975,0.897015
[MO833] Paramount Iteration,3,55,51.604380,0.897065
[MO833] Paramount Iteration,2,56,52.494224,0.896620
[MO833] Paramount Iteration,0,56,52.494623,0.896670
[MO833] Paramount Iteration,1,56,52.500734,0.896759
[MO833] Paramount Iteration,3,56,52.501206,0.896826
[MO833] Paramount Iteration,2,57,53.398193,0.903969
[MO833] Paramount Iteration,0,57,53.398794,0.904171
[MO833] Paramount Iteration,1,57,53.404956,0.904222
[MO833] Paramount Iteration,3,57,53.405542,0.904336
[MO833] Paramount Iteration,2,58,54.295233,0.897040
[MO833] Paramount Iteration,0,58,54.295443,0.896649
[MO833] Paramount Iteration,1,58,54.301804,0.896848
[MO833] Paramount Iteration,3,58,54.301985,0.896443
[MO833] Paramount Iteration,2,59,55.191946,0.896713
[MO833] Paramount Iteration,0,59,55.192452,0.897009
 Time step   60
[MO833] Paramount Iteration,1,59,55.198453,0.896649
[MO833] Paramount Iteration,3,59,55.198928,0.896943
[MO833] Paramount Iteration,2,60,56.085983,0.894037
[MO833] Paramount Iteration,0,60,56.086548,0.894096
[MO833] Paramount Iteration,1,60,56.092729,0.894276
[MO833] Paramount Iteration,3,60,56.093152,0.894224
[MO833] Paramount Iteration,2,61,56.989676,0.903693
[MO833] Paramount Iteration,0,61,56.990069,0.903521
[MO833] Paramount Iteration,1,61,56.996415,0.903686
[MO833] Paramount Iteration,3,61,56.996683,0.903531
[MO833] Paramount Iteration,2,62,57.896326,0.906650
[MO833] Paramount Iteration,0,62,57.896662,0.906593
[MO833] Paramount Iteration,1,62,57.903054,0.906639
[MO833] Paramount Iteration,3,62,57.903279,0.906596
[MO833] Paramount Iteration,2,63,58.799209,0.902883
[MO833] Paramount Iteration,0,63,58.799867,0.903205
[MO833] Paramount Iteration,1,63,58.805859,0.902805
[MO833] Paramount Iteration,3,63,58.806355,0.903076
[MO833] Paramount Iteration,2,64,59.704325,0.905116
[MO833] Paramount Iteration,0,64,59.704689,0.904822
[MO833] Paramount Iteration,1,64,59.711102,0.905243
[MO833] Paramount Iteration,3,64,59.711433,0.905078
[MO833] Paramount Iteration,2,65,60.601438,0.897113
[MO833] Paramount Iteration,0,65,60.601941,0.897252
[MO833] Paramount Iteration,1,65,60.607929,0.896827
[MO833] Paramount Iteration,3,65,60.608342,0.896909
[MO833] Paramount Iteration,2,66,61.500638,0.899200
[MO833] Paramount Iteration,0,66,61.500962,0.899021
[MO833] Paramount Iteration,1,66,61.507122,0.899193
[MO833] Paramount Iteration,3,66,61.507368,0.899026
[MO833] Paramount Iteration,2,67,62.403027,0.902389
[MO833] Paramount Iteration,0,67,62.403629,0.902667
[MO833] Paramount Iteration,1,67,62.409784,0.902662
[MO833] Paramount Iteration,3,67,62.410328,0.902960
[MO833] Paramount Iteration,2,68,63.300558,0.897531
[MO833] Paramount Iteration,0,68,63.301284,0.897655
[MO833] Paramount Iteration,1,68,63.307081,0.897297
[MO833] Paramount Iteration,3,68,63.307697,0.897369
[MO833] Paramount Iteration,2,69,64.203423,0.902865
[MO833] Paramount Iteration,0,69,64.204252,0.902968
[MO833] Paramount Iteration,1,69,64.224314,0.917233
[MO833] Paramount Iteration,3,69,64.225138,0.917441
[MO833] Paramount Iteration,2,70,65.116500,0.913077
[MO833] Paramount Iteration,0,70,65.116579,0.912327
[MO833] Paramount Iteration,1,70,65.123100,0.898786
[MO833] Paramount Iteration,3,70,65.123306,0.898168
[MO833] Paramount Iteration,2,71,66.013496,0.896996
[MO833] Paramount Iteration,0,71,66.013881,0.897302
[MO833] Paramount Iteration,1,71,66.019992,0.896892
[MO833] Paramount Iteration,3,71,66.020207,0.896901
[MO833] Paramount Iteration,2,72,66.910573,0.897077
[MO833] Paramount Iteration,0,72,66.910869,0.896988
[MO833] Paramount Iteration,1,72,66.917130,0.897138
[MO833] Paramount Iteration,3,72,66.917323,0.897116
[MO833] Paramount Iteration,2,73,67.803730,0.893157
[MO833] Paramount Iteration,0,73,67.804160,0.893291
[MO833] Paramount Iteration,1,73,67.810237,0.893107
[MO833] Paramount Iteration,3,73,67.810589,0.893266
[MO833] Paramount Iteration,2,74,68.700986,0.897256
[MO833] Paramount Iteration,0,74,68.701215,0.897055
[MO833] Paramount Iteration,1,74,68.707373,0.897136
[MO833] Paramount Iteration,3,74,68.707604,0.897015
[MO833] Paramount Iteration,2,75,69.597772,0.896786
[MO833] Paramount Iteration,0,75,69.597756,0.896541
[MO833] Paramount Iteration,1,75,69.604201,0.896828
[MO833] Paramount Iteration,3,75,69.604372,0.896768
[MO833] Paramount Iteration,2,76,70.494824,0.897052
[MO833] Paramount Iteration,0,76,70.495258,0.897502
[MO833] Paramount Iteration,1,76,70.501458,0.897257
[MO833] Paramount Iteration,3,76,70.501766,0.897394
[MO833] Paramount Iteration,2,77,71.397491,0.902667
[MO833] Paramount Iteration,0,77,71.397789,0.902531
[MO833] Paramount Iteration,1,77,71.404191,0.902733
[MO833] Paramount Iteration,3,77,71.404473,0.902707
[MO833] Paramount Iteration,2,78,72.294741,0.897250
[MO833] Paramount Iteration,0,78,72.295223,0.897434
[MO833] Paramount Iteration,1,78,72.301315,0.897124
[MO833] Paramount Iteration,3,78,72.301763,0.897290
[MO833] Paramount Iteration,2,79,73.192029,0.897288
[MO833] Paramount Iteration,0,79,73.192175,0.896952
 Time step   80
[MO833] Paramount Iteration,1,79,73.198562,0.897247
[MO833] Paramount Iteration,3,79,73.198771,0.897008
[MO833] Paramount Iteration,1,80,74.096140,0.897578
[MO833] Paramount Iteration,3,80,74.096534,0.897763
[MO833] Paramount Iteration,2,80,74.101934,0.909905
[MO833] Paramount Iteration,0,80,74.102165,0.909990
[MO833] Paramount Iteration,2,81,74.991372,0.889438
[MO833] Paramount Iteration,0,81,74.991883,0.889718
[MO833] Paramount Iteration,1,81,74.997975,0.901835
[MO833] Paramount Iteration,3,81,74.998347,0.901813
[MO833] Paramount Iteration,2,82,75.888360,0.896988
[MO833] Paramount Iteration,0,82,75.888717,0.896834
[MO833] Paramount Iteration,1,82,75.894992,0.897017
[MO833] Paramount Iteration,3,82,75.895249,0.896902
[MO833] Paramount Iteration,2,83,76.785697,0.897337
[MO833] Paramount Iteration,0,83,76.785967,0.897250
[MO833] Paramount Iteration,1,83,76.792086,0.897094
[MO833] Paramount Iteration,3,83,76.792403,0.897154
[MO833] Paramount Iteration,2,84,77.683033,0.897336
[MO833] Paramount Iteration,0,84,77.683386,0.897419
[MO833] Paramount Iteration,1,84,77.689539,0.897453
[MO833] Paramount Iteration,3,84,77.689855,0.897452
[MO833] Paramount Iteration,2,85,78.580083,0.897050
[MO833] Paramount Iteration,0,85,78.580590,0.897204
[MO833] Paramount Iteration,1,85,78.586660,0.897121
[MO833] Paramount Iteration,3,85,78.587085,0.897230
[MO833] Paramount Iteration,2,86,79.476903,0.896820
[MO833] Paramount Iteration,0,86,79.477557,0.896967
[MO833] Paramount Iteration,1,86,79.483499,0.896839
[MO833] Paramount Iteration,3,86,79.483975,0.896890
[MO833] Paramount Iteration,2,87,80.374981,0.898078
[MO833] Paramount Iteration,0,87,80.375311,0.897754
[MO833] Paramount Iteration,1,87,80.381465,0.897966
[MO833] Paramount Iteration,3,87,80.381793,0.897818
[MO833] Paramount Iteration,2,88,81.271238,0.896257
[MO833] Paramount Iteration,0,88,81.271787,0.896476
[MO833] Paramount Iteration,1,88,81.277871,0.896406
[MO833] Paramount Iteration,3,88,81.278277,0.896484
[MO833] Paramount Iteration,2,89,82.164359,0.893121
[MO833] Paramount Iteration,0,89,82.164667,0.892880
[MO833] Paramount Iteration,1,89,82.170847,0.892976
[MO833] Paramount Iteration,3,89,82.171169,0.892892
[MO833] Paramount Iteration,2,90,83.060517,0.896158
[MO833] Paramount Iteration,0,90,83.060786,0.896119
[MO833] Paramount Iteration,1,90,83.067019,0.896172
[MO833] Paramount Iteration,3,90,83.067259,0.896090
[MO833] Paramount Iteration,2,91,83.958336,0.897819
[MO833] Paramount Iteration,0,91,83.958942,0.898156
[MO833] Paramount Iteration,1,91,83.964999,0.897980
[MO833] Paramount Iteration,3,91,83.965534,0.898275
[MO833] Paramount Iteration,2,92,84.855316,0.896980
[MO833] Paramount Iteration,0,92,84.855902,0.896960
[MO833] Paramount Iteration,1,92,84.861879,0.896880
[MO833] Paramount Iteration,3,92,84.862412,0.896878
[MO833] Paramount Iteration,2,93,85.752678,0.897362
[MO833] Paramount Iteration,0,93,85.753336,0.897434
[MO833] Paramount Iteration,1,93,85.759305,0.897426
[MO833] Paramount Iteration,3,93,85.759808,0.897396
[MO833] Paramount Iteration,2,94,86.651026,0.898348
[MO833] Paramount Iteration,0,94,86.651474,0.898138
[MO833] Paramount Iteration,1,94,86.657649,0.898344
[MO833] Paramount Iteration,3,94,86.657996,0.898188
[MO833] Paramount Iteration,2,95,87.548218,0.897192
[MO833] Paramount Iteration,0,95,87.548660,0.897186
[MO833] Paramount Iteration,1,95,87.554955,0.897306
[MO833] Paramount Iteration,3,95,87.555311,0.897315
[MO833] Paramount Iteration,2,96,88.454146,0.905928
[MO833] Paramount Iteration,0,96,88.454756,0.906096
[MO833] Paramount Iteration,1,96,88.460946,0.905991
[MO833] Paramount Iteration,3,96,88.461466,0.906155
[MO833] Paramount Iteration,1,97,89.361675,0.900729
[MO833] Paramount Iteration,3,97,89.362144,0.900678
[MO833] Paramount Iteration,2,97,89.368699,0.914553
[MO833] Paramount Iteration,0,97,89.368709,0.913953
[MO833] Paramount Iteration,2,98,90.257890,0.889191
[MO833] Paramount Iteration,0,98,90.257900,0.889191
[MO833] Paramount Iteration,3,98,90.264394,0.902250
[MO833] Paramount Iteration,1,98,90.264301,0.902626
[MO833] Paramount Iteration,2,99,91.154433,0.896543
[MO833] Paramount Iteration,0,99,91.154780,0.896880
 Time step  100
[MO833] Paramount Iteration,1,99,91.161012,0.896711
[MO833] Paramount Iteration,3,99,91.161294,0.896900
[MO833] Paramount Iteration,2,100,92.051797,0.897364
[MO833] Paramount Iteration,0,100,92.052387,0.897607
[MO833] Paramount Iteration,1,100,92.058586,0.897574
[MO833] Paramount Iteration,3,100,92.059005,0.897711
[MO833] Paramount Iteration,2,101,92.948933,0.897136
[MO833] Paramount Iteration,0,101,92.949098,0.896711
[MO833] Paramount Iteration,1,101,92.955462,0.896876
[MO833] Paramount Iteration,3,101,92.955682,0.896677
[MO833] Paramount Iteration,2,102,93.846078,0.897145
[MO833] Paramount Iteration,0,102,93.846237,0.897139
[MO833] Paramount Iteration,1,102,93.852519,0.897057
[MO833] Paramount Iteration,3,102,93.852736,0.897054
[MO833] Paramount Iteration,2,103,94.783574,0.937496
[MO833] Paramount Iteration,0,103,94.784131,0.937894
[MO833] Paramount Iteration,1,103,94.790214,0.937695
[MO833] Paramount Iteration,3,103,94.790635,0.937899
[MO833] Paramount Iteration,2,104,95.688431,0.904857
[MO833] Paramount Iteration,0,104,95.688880,0.904749
[MO833] Paramount Iteration,1,104,95.694977,0.904763
[MO833] Paramount Iteration,3,104,95.695394,0.904759
[MO833] Paramount Iteration,2,105,96.585489,0.897058
[MO833] Paramount Iteration,0,105,96.585870,0.896990
[MO833] Paramount Iteration,1,105,96.592016,0.897039
[MO833] Paramount Iteration,3,105,96.592365,0.896971
[MO833] Paramount Iteration,2,106,97.482468,0.896979
[MO833] Paramount Iteration,0,106,97.482588,0.896718
[MO833] Paramount Iteration,3,106,97.489216,0.896851
[MO833] Paramount Iteration,1,106,97.489123,0.897107
[MO833] Paramount Iteration,2,107,98.384112,0.901644
[MO833] Paramount Iteration,1,107,98.384364,0.895241
[MO833] Paramount Iteration,3,107,98.384872,0.895656
[MO833] Paramount Iteration,0,107,98.390127,0.907539
[MO833] Paramount Iteration,2,108,99.275389,0.891277
[MO833] Paramount Iteration,0,108,99.275775,0.885648
[MO833] Paramount Iteration,1,108,99.281868,0.897504
[MO833] Paramount Iteration,3,108,99.282210,0.897338
[MO833] Paramount Iteration,2,109,100.171906,0.896517
[MO833] Paramount Iteration,0,109,100.172112,0.896337
[MO833] Paramount Iteration,1,109,100.178447,0.896579
[MO833] Paramount Iteration,3,109,100.178766,0.896556
[MO833] Paramount Iteration,2,110,101.068402,0.896496
[MO833] Paramount Iteration,0,110,101.068764,0.896652
[MO833] Paramount Iteration,1,110,101.075103,0.896656
[MO833] Paramount Iteration,3,110,101.075447,0.896681
[MO833] Paramount Iteration,2,111,101.965632,0.897230
[MO833] Paramount Iteration,0,111,101.965951,0.897187
[MO833] Paramount Iteration,1,111,101.972135,0.897032
[MO833] Paramount Iteration,3,111,101.972523,0.897076
[MO833] Paramount Iteration,2,112,102.862932,0.897300
[MO833] Paramount Iteration,0,112,102.863530,0.897579
[MO833] Paramount Iteration,1,112,102.869575,0.897440
[MO833] Paramount Iteration,3,112,102.870026,0.897503
[MO833] Paramount Iteration,2,113,103.759875,0.896943
[MO833] Paramount Iteration,0,113,103.760073,0.896543
[MO833] Paramount Iteration,1,113,103.766452,0.896877
[MO833] Paramount Iteration,3,113,103.766696,0.896670
[MO833] Paramount Iteration,2,114,104.657988,0.898113
[MO833] Paramount Iteration,0,114,104.658595,0.898522
[MO833] Paramount Iteration,1,114,104.664549,0.898097
[MO833] Paramount Iteration,3,114,104.665149,0.898453
[MO833] Paramount Iteration,2,115,105.556404,0.898416
[MO833] Paramount Iteration,0,115,105.556634,0.898039
[MO833] Paramount Iteration,1,115,105.562889,0.898340
[MO833] Paramount Iteration,3,115,105.563169,0.898020
[MO833] Paramount Iteration,2,116,106.453660,0.897256
[MO833] Paramount Iteration,0,116,106.454025,0.897391
[MO833] Paramount Iteration,1,116,106.460136,0.897247
[MO833] Paramount Iteration,3,116,106.460542,0.897373
[MO833] Paramount Iteration,2,117,107.350890,0.897230
[MO833] Paramount Iteration,0,117,107.351252,0.897227
[MO833] Paramount Iteration,1,117,107.357421,0.897285
[MO833] Paramount Iteration,3,117,107.357789,0.897247
[MO833] Paramount Iteration,1,118,108.254028,0.896607
[MO833] Paramount Iteration,3,118,108.254430,0.896641
[MO833] Paramount Iteration,2,118,108.259876,0.908986
[MO833] Paramount Iteration,0,118,108.260121,0.908869
[MO833] Paramount Iteration,2,119,109.149740,0.889864
[MO833] Paramount Iteration,0,119,109.149910,0.889789
 Time step  120
[MO833] Paramount Iteration,1,119,109.156275,0.902247
[MO833] Paramount Iteration,3,119,109.156413,0.901983
[MO833] Paramount Iteration,2,120,110.046399,0.896659
[MO833] Paramount Iteration,0,120,110.046709,0.896799
[MO833] Paramount Iteration,1,120,110.052991,0.896716
[MO833] Paramount Iteration,3,120,110.053261,0.896848
[MO833] Paramount Iteration,2,121,110.943920,0.897521
[MO833] Paramount Iteration,0,121,110.944630,0.897921
[MO833] Paramount Iteration,1,121,110.950516,0.897525
[MO833] Paramount Iteration,3,121,110.951167,0.897906
[MO833] Paramount Iteration,2,122,111.841132,0.897212
[MO833] Paramount Iteration,0,122,111.841286,0.896656
[MO833] Paramount Iteration,1,122,111.847665,0.897149
[MO833] Paramount Iteration,3,122,111.847869,0.896702
[MO833] Paramount Iteration,2,123,112.738024,0.896892
[MO833] Paramount Iteration,0,123,112.738360,0.897074
[MO833] Paramount Iteration,1,123,112.744581,0.896916
[MO833] Paramount Iteration,3,123,112.744938,0.897069
[MO833] Paramount Iteration,2,124,113.635229,0.897205
[MO833] Paramount Iteration,0,124,113.635197,0.896837
[MO833] Paramount Iteration,1,124,113.641827,0.897246
[MO833] Paramount Iteration,3,124,113.641985,0.897047
[MO833] Paramount Iteration,2,125,114.532274,0.897045
[MO833] Paramount Iteration,0,125,114.532290,0.897093
[MO833] Paramount Iteration,1,125,114.538645,0.896818
[MO833] Paramount Iteration,3,125,114.538617,0.896632
[MO833] Paramount Iteration,2,126,115.426786,0.894512
[MO833] Paramount Iteration,0,126,115.427366,0.895076
[MO833] Paramount Iteration,1,126,115.433366,0.894721
[MO833] Paramount Iteration,3,126,115.433969,0.895352
[MO833] Paramount Iteration,2,127,116.324685,0.897899
[MO833] Paramount Iteration,0,127,116.324865,0.897499
[MO833] Paramount Iteration,1,127,116.331161,0.897795
[MO833] Paramount Iteration,3,127,116.331454,0.897485
[MO833] Paramount Iteration,2,128,117.221737,0.897052
[MO833] Paramount Iteration,0,128,117.221860,0.896995
[MO833] Paramount Iteration,1,128,117.228218,0.897057
[MO833] Paramount Iteration,3,128,117.228362,0.896908
[MO833] Paramount Iteration,0,129,118.119025,0.897165
[MO833] Paramount Iteration,2,129,118.118942,0.897205
[MO833] Paramount Iteration,3,129,118.125501,0.897139
[MO833] Paramount Iteration,1,129,118.125455,0.897237
[MO833] Paramount Iteration,1,130,119.011899,0.886444
[MO833] Paramount Iteration,2,130,119.018581,0.899639
[MO833] Paramount Iteration,3,130,119.026440,0.900939
[MO833] Paramount Iteration,0,130,119.029596,0.910571
[MO833] Paramount Iteration,2,131,119.919287,0.900706
[MO833] Paramount Iteration,0,131,119.919872,0.890276
[MO833] Paramount Iteration,1,131,119.925922,0.914023
[MO833] Paramount Iteration,3,131,119.926481,0.900041
[MO833] Paramount Iteration,2,132,120.816556,0.897269
[MO833] Paramount Iteration,0,132,120.817034,0.897162
[MO833] Paramount Iteration,1,132,120.823115,0.897193
[MO833] Paramount Iteration,3,132,120.823507,0.897026
[MO833] Paramount Iteration,2,133,121.713736,0.897180
[MO833] Paramount Iteration,0,133,121.714164,0.897130
[MO833] Paramount Iteration,1,133,121.720291,0.897176
[MO833] Paramount Iteration,3,133,121.720649,0.897142
[MO833] Paramount Iteration,2,134,122.610728,0.896992
[MO833] Paramount Iteration,0,134,122.611433,0.897269
[MO833] Paramount Iteration,1,134,122.617406,0.897115
[MO833] Paramount Iteration,3,134,122.617954,0.897305
[MO833] Paramount Iteration,2,135,123.507704,0.896976
[MO833] Paramount Iteration,0,135,123.508221,0.896788
[MO833] Paramount Iteration,1,135,123.514339,0.896933
[MO833] Paramount Iteration,3,135,123.514828,0.896874
[MO833] Paramount Iteration,2,136,124.412259,0.904555
[MO833] Paramount Iteration,0,136,124.413740,0.905519
[MO833] Paramount Iteration,1,136,124.432201,0.917862
[MO833] Paramount Iteration,3,136,124.433260,0.918432
[MO833] Paramount Iteration,2,137,125.324539,0.912280
[MO833] Paramount Iteration,0,137,125.324927,0.911187
[MO833] Paramount Iteration,1,137,125.331111,0.898910
[MO833] Paramount Iteration,3,137,125.331348,0.898088
[MO833] Paramount Iteration,2,138,126.221500,0.896961
[MO833] Paramount Iteration,0,138,126.221831,0.896904
[MO833] Paramount Iteration,1,138,126.227907,0.896796
[MO833] Paramount Iteration,3,138,126.228280,0.896932
[MO833] Paramount Iteration,2,139,127.117870,0.896370
[MO833] Paramount Iteration,0,139,127.118375,0.896544
 Time step  140
[MO833] Paramount Iteration,1,139,127.124387,0.896480
[MO833] Paramount Iteration,3,139,127.124807,0.896527
[MO833] Paramount Iteration,2,140,128.015090,0.897220
[MO833] Paramount Iteration,0,140,128.015403,0.897028
[MO833] Paramount Iteration,1,140,128.021741,0.897354
[MO833] Paramount Iteration,3,140,128.021987,0.897180
[MO833] Paramount Iteration,0,141,128.912702,0.897299
[MO833] Paramount Iteration,2,141,128.912558,0.897468
[MO833] Paramount Iteration,1,141,128.919121,0.897380
[MO833] Paramount Iteration,3,141,128.919366,0.897379
[MO833] Paramount Iteration,2,142,129.810353,0.897795
[MO833] Paramount Iteration,0,142,129.810532,0.897830
[MO833] Paramount Iteration,1,142,129.816865,0.897744
[MO833] Paramount Iteration,3,142,129.817128,0.897762
[MO833] Paramount Iteration,2,143,130.709443,0.899090
[MO833] Paramount Iteration,1,143,130.710796,0.893931
[MO833] Paramount Iteration,3,143,130.711351,0.894223
[MO833] Paramount Iteration,0,143,130.716939,0.906407
[MO833] Paramount Iteration,2,144,131.605529,0.896086
[MO833] Paramount Iteration,0,144,131.605915,0.888976
[MO833] Paramount Iteration,1,144,131.611994,0.901198
[MO833] Paramount Iteration,3,144,131.612334,0.900983
[MO833] Paramount Iteration,2,145,132.502851,0.897322
[MO833] Paramount Iteration,0,145,132.503079,0.897164
[MO833] Paramount Iteration,1,145,132.509309,0.897315
[MO833] Paramount Iteration,3,145,132.509703,0.897369
[MO833] Paramount Iteration,2,146,133.399304,0.896453
[MO833] Paramount Iteration,0,146,133.399994,0.896915
[MO833] Paramount Iteration,1,146,133.405907,0.896598
[MO833] Paramount Iteration,3,146,133.406575,0.896872
[MO833] Paramount Iteration,2,147,134.296581,0.897277
[MO833] Paramount Iteration,0,147,134.297057,0.897063
[MO833] Paramount Iteration,1,147,134.303353,0.897446
[MO833] Paramount Iteration,3,147,134.303810,0.897235
[MO833] Paramount Iteration,2,148,135.194266,0.897685
[MO833] Paramount Iteration,0,148,135.194632,0.897575
[MO833] Paramount Iteration,1,148,135.200689,0.897336
[MO833] Paramount Iteration,3,148,135.201224,0.897414
[MO833] Paramount Iteration,0,149,136.091599,0.896967
[MO833] Paramount Iteration,2,149,136.091503,0.897237
[MO833] Paramount Iteration,1,149,136.098046,0.897357
[MO833] Paramount Iteration,3,149,136.098180,0.896956
[MO833] Paramount Iteration,2,150,136.988487,0.896984
[MO833] Paramount Iteration,0,150,136.988807,0.897208
[MO833] Paramount Iteration,1,150,136.995068,0.897022
[MO833] Paramount Iteration,3,150,136.995386,0.897206
[MO833] Paramount Iteration,2,151,137.886226,0.897739
[MO833] Paramount Iteration,0,151,137.886676,0.897869
[MO833] Paramount Iteration,1,151,137.892821,0.897753
[MO833] Paramount Iteration,3,151,137.893164,0.897778
[MO833] Paramount Iteration,2,152,138.783313,0.897087
[MO833] Paramount Iteration,0,152,138.783905,0.897229
[MO833] Paramount Iteration,1,152,138.789978,0.897157
[MO833] Paramount Iteration,3,152,138.790508,0.897344
[MO833] Paramount Iteration,2,153,139.680546,0.897233
[MO833] Paramount Iteration,0,153,139.681185,0.897280
[MO833] Paramount Iteration,1,153,139.687065,0.897087
[MO833] Paramount Iteration,3,153,139.687671,0.897163
[MO833] Paramount Iteration,2,154,140.578276,0.897730
[MO833] Paramount Iteration,0,154,140.578764,0.897579
[MO833] Paramount Iteration,1,154,140.584773,0.897708
[MO833] Paramount Iteration,3,154,140.585246,0.897575
[MO833] Paramount Iteration,2,155,141.475105,0.896829
[MO833] Paramount Iteration,0,155,141.475500,0.896736
[MO833] Paramount Iteration,1,155,141.481781,0.897008
[MO833] Paramount Iteration,3,155,141.482037,0.896791
[MO833] Paramount Iteration,2,156,142.371681,0.896576
[MO833] Paramount Iteration,0,156,142.372175,0.896675
[MO833] Paramount Iteration,1,156,142.378223,0.896442
[MO833] Paramount Iteration,3,156,142.378671,0.896634
[MO833] Paramount Iteration,2,157,143.268649,0.896968
[MO833] Paramount Iteration,0,157,143.268959,0.896784
[MO833] Paramount Iteration,1,157,143.275130,0.896907
[MO833] Paramount Iteration,3,157,143.275472,0.896801
[MO833] Paramount Iteration,2,158,144.161476,0.892827
[MO833] Paramount Iteration,0,158,144.162097,0.893138
[MO833] Paramount Iteration,1,158,144.167988,0.892858
[MO833] Paramount Iteration,3,158,144.168570,0.893098
[MO833] Paramount Iteration,2,159,145.056983,0.895507
[MO833] Paramount Iteration,0,159,145.057545,0.895448
 Time step  160
[MO833] Paramount Iteration,1,159,145.063710,0.895722
[MO833] Paramount Iteration,3,159,145.064126,0.895556
[MO833] Paramount Iteration,0,160,145.954383,0.896838
[MO833] Paramount Iteration,2,160,145.954280,0.897297
[MO833] Paramount Iteration,1,160,145.960700,0.896990
[MO833] Paramount Iteration,3,160,145.960955,0.896829
[MO833] Paramount Iteration,2,161,146.851987,0.897707
[MO833] Paramount Iteration,0,161,146.852441,0.898058
[MO833] Paramount Iteration,1,161,146.858558,0.897858
[MO833] Paramount Iteration,3,161,146.858940,0.897985
[MO833] Paramount Iteration,0,162,147.748925,0.896484
[MO833] Paramount Iteration,2,162,147.748864,0.896877
[MO833] Paramount Iteration,1,162,147.755297,0.896739
[MO833] Paramount Iteration,3,162,147.755538,0.896598
[MO833] Paramount Iteration,2,163,148.645596,0.896732
[MO833] Paramount Iteration,0,163,148.645958,0.897033
[MO833] Paramount Iteration,1,163,148.652102,0.896805
[MO833] Paramount Iteration,3,163,148.652380,0.896842
[MO833] Paramount Iteration,2,164,149.542866,0.897270
[MO833] Paramount Iteration,0,164,149.543170,0.897212
[MO833] Paramount Iteration,1,164,149.549526,0.897424
[MO833] Paramount Iteration,3,164,149.549794,0.897414
[MO833] Paramount Iteration,2,165,150.440143,0.897277
[MO833] Paramount Iteration,0,165,150.440507,0.897337
[MO833] Paramount Iteration,1,165,150.446695,0.897169
[MO833] Paramount Iteration,3,165,150.447045,0.897251
[MO833] Paramount Iteration,2,166,151.337037,0.896894
[MO833] Paramount Iteration,0,166,151.337536,0.897029
[MO833] Paramount Iteration,1,166,151.343599,0.896904
[MO833] Paramount Iteration,3,166,151.344015,0.896970
[MO833] Paramount Iteration,2,167,152.234509,0.897472
[MO833] Paramount Iteration,0,167,152.234841,0.897305
[MO833] Paramount Iteration,1,167,152.241086,0.897487
[MO833] Paramount Iteration,3,167,152.241358,0.897343
[MO833] Paramount Iteration,2,168,153.132293,0.897784
[MO833] Paramount Iteration,0,168,153.132767,0.897926
[MO833] Paramount Iteration,1,168,153.138841,0.897755
[MO833] Paramount Iteration,3,168,153.139268,0.897910
[MO833] Paramount Iteration,2,169,154.028698,0.896405
[MO833] Paramount Iteration,0,169,154.029235,0.896468
[MO833] Paramount Iteration,1,169,154.035256,0.896415
[MO833] Paramount Iteration,3,169,154.035891,0.896623
[MO833] Paramount Iteration,2,170,154.972097,0.943399
[MO833] Paramount Iteration,0,170,154.972370,0.943135
[MO833] Paramount Iteration,1,170,154.978524,0.943268
[MO833] Paramount Iteration,3,170,154.978780,0.942889
[MO833] Paramount Iteration,2,171,155.877046,0.904949
[MO833] Paramount Iteration,0,171,155.877692,0.905322
[MO833] Paramount Iteration,1,171,155.883768,0.905244
[MO833] Paramount Iteration,3,171,155.884291,0.905511
[MO833] Paramount Iteration,0,172,156.780011,0.902319
[MO833] Paramount Iteration,3,172,156.787391,0.903100
[MO833] Paramount Iteration,1,172,156.789417,0.905649
[MO833] Paramount Iteration,2,172,156.796418,0.919372
[MO833] Paramount Iteration,2,173,157.684484,0.888066
[MO833] Paramount Iteration,0,173,157.685044,0.905033
[MO833] Paramount Iteration,1,173,157.691020,0.901603
[MO833] Paramount Iteration,3,173,157.691531,0.904140
[MO833] Paramount Iteration,2,174,158.583139,0.898655
[MO833] Paramount Iteration,0,174,158.583655,0.898611
[MO833] Paramount Iteration,1,174,158.589778,0.898758
[MO833] Paramount Iteration,3,174,158.590319,0.898788
[MO833] Paramount Iteration,2,175,159.489483,0.906344
[MO833] Paramount Iteration,0,175,159.489998,0.906343
[MO833] Paramount Iteration,1,175,159.496195,0.906417
[MO833] Paramount Iteration,3,175,159.496553,0.906234
[MO833] Paramount Iteration,2,176,160.395268,0.905785
[MO833] Paramount Iteration,0,176,160.396010,0.906012
[MO833] Paramount Iteration,1,176,160.402071,0.905876
[MO833] Paramount Iteration,3,176,160.402669,0.906116
[MO833] Paramount Iteration,2,177,161.299900,0.904632
[MO833] Paramount Iteration,0,177,161.300181,0.904171
[MO833] Paramount Iteration,1,177,161.306573,0.904502
[MO833] Paramount Iteration,3,177,161.306939,0.904270
[MO833] Paramount Iteration,2,178,162.198121,0.898221
[MO833] Paramount Iteration,0,178,162.198297,0.898116
[MO833] Paramount Iteration,1,178,162.204521,0.897948
[MO833] Paramount Iteration,3,178,162.204780,0.897841
[MO833] Paramount Iteration,2,179,163.095415,0.897294
[MO833] Paramount Iteration,0,179,163.095746,0.897449
 Time step  180
[MO833] Paramount Iteration,1,179,163.101872,0.897351
[MO833] Paramount Iteration,3,179,163.102095,0.897315
[MO833] Paramount Iteration,2,180,163.992189,0.896774
[MO833] Paramount Iteration,0,180,163.992869,0.897123
[MO833] Paramount Iteration,1,180,163.998677,0.896805
[MO833] Paramount Iteration,3,180,163.999306,0.897211
[MO833] Paramount Iteration,2,181,164.889794,0.897605
[MO833] Paramount Iteration,0,181,164.890213,0.897344
[MO833] Paramount Iteration,1,181,164.896335,0.897658
[MO833] Paramount Iteration,3,181,164.896687,0.897381
[MO833] Paramount Iteration,2,182,165.786964,0.897170
[MO833] Paramount Iteration,0,182,165.787593,0.897380
[MO833] Paramount Iteration,1,182,165.793602,0.897267
[MO833] Paramount Iteration,3,182,165.794087,0.897400
[MO833] Paramount Iteration,2,183,166.684391,0.897427
[MO833] Paramount Iteration,0,183,166.684471,0.896878
[MO833] Paramount Iteration,1,183,166.690885,0.897283
[MO833] Paramount Iteration,3,183,166.691044,0.896957
[MO833] Paramount Iteration,0,184,167.582397,0.897926
[MO833] Paramount Iteration,2,184,167.582301,0.897910
[MO833] Paramount Iteration,1,184,167.588850,0.897965
[MO833] Paramount Iteration,3,184,167.589071,0.898027
[MO833] Paramount Iteration,2,185,168.478859,0.896558
[MO833] Paramount Iteration,0,185,168.479468,0.897071
[MO833] Paramount Iteration,1,185,168.485433,0.896583
[MO833] Paramount Iteration,3,185,168.485881,0.896810
[MO833] Paramount Iteration,2,186,169.375637,0.896778
[MO833] Paramount Iteration,0,186,169.376029,0.896561
[MO833] Paramount Iteration,1,186,169.382112,0.896679
[MO833] Paramount Iteration,3,186,169.382511,0.896630
[MO833] Paramount Iteration,2,187,170.272364,0.896727
[MO833] Paramount Iteration,0,187,170.272613,0.896584
[MO833] Paramount Iteration,1,187,170.278860,0.896748
[MO833] Paramount Iteration,3,187,170.279218,0.896707
[MO833] Paramount Iteration,2,188,171.174517,0.902153
[MO833] Paramount Iteration,0,188,171.175058,0.902445
[MO833] Paramount Iteration,1,188,171.181262,0.902402
[MO833] Paramount Iteration,3,188,171.181679,0.902461
[MO833] Paramount Iteration,2,189,172.071555,0.897038
[MO833] Paramount Iteration,0,189,172.071847,0.896789
[MO833] Paramount Iteration,1,189,172.078126,0.896864
[MO833] Paramount Iteration,3,189,172.078533,0.896854
[MO833] Paramount Iteration,1,190,172.963799,0.885673
[MO833] Paramount Iteration,2,190,172.970690,0.899135
[MO833] Paramount Iteration,3,190,172.978601,0.900068
[MO833] Paramount Iteration,0,190,172.981648,0.909801
[MO833] Paramount Iteration,2,191,173.871782,0.901092
[MO833] Paramount Iteration,0,191,173.872071,0.890423
[MO833] Paramount Iteration,1,191,173.878250,0.914451
[MO833] Paramount Iteration,3,191,173.878546,0.899945
[MO833] Paramount Iteration,2,192,174.768678,0.896896
[MO833] Paramount Iteration,0,192,174.769274,0.897203
[MO833] Paramount Iteration,1,192,174.775352,0.897102
[MO833] Paramount Iteration,3,192,174.775751,0.897205
[MO833] Paramount Iteration,2,193,175.666079,0.897401
[MO833] Paramount Iteration,0,193,175.666342,0.897068
[MO833] Paramount Iteration,1,193,175.672595,0.897243
[MO833] Paramount Iteration,3,193,175.672844,0.897093
[MO833] Paramount Iteration,2,194,176.563673,0.897594
[MO833] Paramount Iteration,0,194,176.563870,0.897528
[MO833] Paramount Iteration,1,194,176.570366,0.897771
[MO833] Paramount Iteration,3,194,176.570609,0.897765
[MO833] Paramount Iteration,0,195,177.461677,0.897807
[MO833] Paramount Iteration,2,195,177.461548,0.897875
[MO833] Paramount Iteration,1,195,177.467912,0.897546
[MO833] Paramount Iteration,3,195,177.468202,0.897593
[MO833] Paramount Iteration,2,196,178.358407,0.896859
[MO833] Paramount Iteration,0,196,178.358731,0.897054
[MO833] Paramount Iteration,1,196,178.364911,0.896999
[MO833] Paramount Iteration,3,196,178.365228,0.897026
[MO833] Paramount Iteration,2,197,179.255479,0.897072
[MO833] Paramount Iteration,0,197,179.255732,0.897001
[MO833] Paramount Iteration,1,197,179.262004,0.897093
[MO833] Paramount Iteration,3,197,179.262231,0.897003
[MO833] Paramount Iteration,2,198,180.152791,0.897312
[MO833] Paramount Iteration,0,198,180.153376,0.897644
[MO833] Paramount Iteration,1,198,180.159452,0.897448
[MO833] Paramount Iteration,3,198,180.159880,0.897649
[MO833] Paramount Iteration,2,199,181.050712,0.897921
[MO833] Paramount Iteration,0,199,181.050966,0.897590
 Time step  200
[MO833] Paramount Iteration,1,199,181.057324,0.897872
[MO833] Paramount Iteration,3,199,181.057583,0.897703
[MO833] Paramount Iteration,2,200,181.947367,0.896655
[MO833] Paramount Iteration,0,200,181.947661,0.896695
[MO833] Paramount Iteration,1,200,181.953904,0.896580
[MO833] Paramount Iteration,3,200,181.954227,0.896644
[MO833] Paramount Iteration,2,201,182.844934,0.897567
[MO833] Paramount Iteration,0,201,182.845755,0.898094
[MO833] Paramount Iteration,1,201,182.851564,0.897660
[MO833] Paramount Iteration,3,201,182.852224,0.897997
[MO833] Paramount Iteration,2,202,183.742396,0.897462
[MO833] Paramount Iteration,0,202,183.742496,0.896741
[MO833] Paramount Iteration,1,202,183.748932,0.897368
[MO833] Paramount Iteration,3,202,183.749087,0.896863
[MO833] Paramount Iteration,2,203,184.645935,0.903539
[MO833] Paramount Iteration,0,203,184.646309,0.903813
[MO833] Paramount Iteration,3,203,184.665164,0.916077
[MO833] Paramount Iteration,1,203,184.665318,0.916386
[MO833] Paramount Iteration,2,204,185.556579,0.910644
[MO833] Paramount Iteration,0,204,185.557225,0.910916
[MO833] Paramount Iteration,1,204,185.563163,0.897845
[MO833] Paramount Iteration,3,204,185.563705,0.898541
[MO833] Paramount Iteration,0,205,186.454466,0.897241
[MO833] Paramount Iteration,2,205,186.454329,0.897750
[MO833] Paramount Iteration,1,205,186.460699,0.897536
[MO833] Paramount Iteration,3,205,186.460952,0.897247
[MO833] Paramount Iteration,2,206,187.350993,0.896664
[MO833] Paramount Iteration,0,206,187.351480,0.897014
[MO833] Paramount Iteration,1,206,187.357531,0.896832
[MO833] Paramount Iteration,3,206,187.357884,0.896932
[MO833] Paramount Iteration,2,207,188.248054,0.897061
[MO833] Paramount Iteration,0,207,188.248656,0.897176
[MO833] Paramount Iteration,1,207,188.254685,0.897154
[MO833] Paramount Iteration,3,207,188.255181,0.897297
[MO833] Paramount Iteration,1,208,189.154436,0.899751
[MO833] Paramount Iteration,3,208,189.154878,0.899697
[MO833] Paramount Iteration,2,208,189.161383,0.913329
[MO833] Paramount Iteration,0,208,189.162544,0.913888
[MO833] Paramount Iteration,2,209,190.051225,0.889842
[MO833] Paramount Iteration,0,209,190.051435,0.888891
[MO833] Paramount Iteration,1,209,190.057760,0.903324
[MO833] Paramount Iteration,3,209,190.058041,0.903163
[MO833] Paramount Iteration,2,210,190.948819,0.897594
[MO833] Paramount Iteration,0,210,190.949129,0.897694
[MO833] Paramount Iteration,1,210,190.955260,0.897500
[MO833] Paramount Iteration,3,210,190.955652,0.897611
[MO833] Paramount Iteration,2,211,191.845931,0.897112
[MO833] Paramount Iteration,0,211,191.846478,0.897349
[MO833] Paramount Iteration,1,211,191.852496,0.897236
[MO833] Paramount Iteration,3,211,191.852972,0.897320
[MO833] Paramount Iteration,2,212,192.743717,0.897786
[MO833] Paramount Iteration,0,212,192.743913,0.897435
[MO833] Paramount Iteration,1,212,192.750211,0.897715
[MO833] Paramount Iteration,3,212,192.750473,0.897501
[MO833] Paramount Iteration,2,213,193.640857,0.897140
[MO833] Paramount Iteration,0,213,193.641270,0.897357
[MO833] Paramount Iteration,1,213,193.647559,0.897348
[MO833] Paramount Iteration,3,213,193.647818,0.897345
[MO833] Paramount Iteration,2,214,194.538486,0.897629
[MO833] Paramount Iteration,0,214,194.538696,0.897426
[MO833] Paramount Iteration,1,214,194.545125,0.897566
[MO833] Paramount Iteration,3,214,194.545326,0.897508
[MO833] Paramount Iteration,2,215,195.436267,0.897781
[MO833] Paramount Iteration,0,215,195.437081,0.898385
[MO833] Paramount Iteration,1,215,195.442876,0.897751
[MO833] Paramount Iteration,3,215,195.443565,0.898239
[MO833] Paramount Iteration,2,216,196.333417,0.897150
[MO833] Paramount Iteration,0,216,196.333670,0.896589
[MO833] Paramount Iteration,1,216,196.339963,0.897087
[MO833] Paramount Iteration,3,216,196.340155,0.896590
[MO833] Paramount Iteration,2,217,197.230882,0.897465
[MO833] Paramount Iteration,0,217,197.231410,0.897740
[MO833] Paramount Iteration,1,217,197.237390,0.897427
[MO833] Paramount Iteration,3,217,197.237856,0.897701
[MO833] Paramount Iteration,2,218,198.128659,0.897777
[MO833] Paramount Iteration,0,218,198.128909,0.897499
[MO833] Paramount Iteration,1,218,198.135225,0.897835
[MO833] Paramount Iteration,3,218,198.135447,0.897591
[MO833] Paramount Iteration,2,219,199.025586,0.896927
[MO833] Paramount Iteration,0,219,199.025992,0.897083
 Time step  220
[MO833] Paramount Iteration,1,219,199.032085,0.896860
[MO833] Paramount Iteration,3,219,199.032458,0.897011
[MO833] Paramount Iteration,2,220,199.922628,0.897042
[MO833] Paramount Iteration,0,220,199.923033,0.897041
[MO833] Paramount Iteration,1,220,199.929204,0.897119
[MO833] Paramount Iteration,3,220,199.929537,0.897079
[MO833] Paramount Iteration,2,221,200.820321,0.897693
[MO833] Paramount Iteration,0,221,200.820968,0.897935
[MO833] Paramount Iteration,1,221,200.826984,0.897780
[MO833] Paramount Iteration,3,221,200.827406,0.897869
[MO833] Paramount Iteration,2,222,201.717396,0.897075
[MO833] Paramount Iteration,0,222,201.718018,0.897050
[MO833] Paramount Iteration,1,222,201.723922,0.896938
[MO833] Paramount Iteration,3,222,201.724392,0.896986
[MO833] Paramount Iteration,2,223,202.611433,0.894037
[MO833] Paramount Iteration,0,223,202.611772,0.893754
[MO833] Paramount Iteration,1,223,202.618001,0.894079
[MO833] Paramount Iteration,3,223,202.618283,0.893891
[MO833] Paramount Iteration,2,224,203.508633,0.897200
[MO833] Paramount Iteration,0,224,203.509133,0.897361
[MO833] Paramount Iteration,1,224,203.515297,0.897296
[MO833] Paramount Iteration,3,224,203.515691,0.897408
[MO833] Paramount Iteration,2,225,204.406717,0.898084
[MO833] Paramount Iteration,0,225,204.406879,0.897746
[MO833] Paramount Iteration,1,225,204.413180,0.897883
[MO833] Paramount Iteration,3,225,204.413370,0.897679
[MO833] Paramount Iteration,2,226,205.303421,0.896704
[MO833] Paramount Iteration,0,226,205.303574,0.896695
[MO833] Paramount Iteration,1,226,205.309968,0.896788
[MO833] Paramount Iteration,3,226,205.310118,0.896748
[MO833] Paramount Iteration,2,227,206.200328,0.896907
[MO833] Paramount Iteration,0,227,206.200475,0.896901
[MO833] Paramount Iteration,1,227,206.206840,0.896872
[MO833] Paramount Iteration,3,227,206.207025,0.896907
[MO833] Paramount Iteration,2,228,207.098515,0.898187
[MO833] Paramount Iteration,0,228,207.098920,0.898445
[MO833] Paramount Iteration,1,228,207.105126,0.898286
[MO833] Paramount Iteration,3,228,207.105399,0.898374
[MO833] Paramount Iteration,2,229,207.995468,0.896953
[MO833] Paramount Iteration,0,229,207.996151,0.897231
[MO833] Paramount Iteration,1,229,208.002041,0.896915
[MO833] Paramount Iteration,3,229,208.002689,0.897290
[MO833] Paramount Iteration,2,230,208.887884,0.892416
[MO833] Paramount Iteration,0,230,208.888182,0.892031
[MO833] Paramount Iteration,1,230,208.894346,0.892305
[MO833] Paramount Iteration,3,230,208.894731,0.892042
[MO833] Paramount Iteration,2,231,209.783541,0.895657
[MO833] Paramount Iteration,0,231,209.784199,0.896017
[MO833] Paramount Iteration,1,231,209.790447,0.896101
[MO833] Paramount Iteration,3,231,209.790864,0.896133
[MO833] Paramount Iteration,2,232,210.688839,0.905298
[MO833] Paramount Iteration,0,232,210.689018,0.904819
[MO833] Paramount Iteration,1,232,210.695285,0.904838
[MO833] Paramount Iteration,3,232,210.695541,0.904677
[MO833] Paramount Iteration,2,233,211.592651,0.903812
[MO833] Paramount Iteration,0,233,211.593108,0.904090
[MO833] Paramount Iteration,1,233,211.599253,0.903968
[MO833] Paramount Iteration,3,233,211.599684,0.904143
[MO833] Paramount Iteration,2,234,212.490022,0.897371
[MO833] Paramount Iteration,0,234,212.490594,0.897486
[MO833] Paramount Iteration,1,234,212.496585,0.897332
[MO833] Paramount Iteration,3,234,212.497060,0.897376
[MO833] Paramount Iteration,2,235,213.391397,0.901375
[MO833] Paramount Iteration,0,235,213.391652,0.901058
[MO833] Paramount Iteration,1,235,213.397890,0.901305
[MO833] Paramount Iteration,3,235,213.398179,0.901119
[MO833] Paramount Iteration,2,236,214.281309,0.889912
[MO833] Paramount Iteration,1,236,214.300170,0.902280
[MO833] Paramount Iteration,0,236,214.323112,0.931460
[MO833] Paramount Iteration,3,236,214.330136,0.931957
[MO833] Paramount Iteration,0,237,215.249088,0.925976
[MO833] Paramount Iteration,2,237,215.249107,0.967798
[MO833] Paramount Iteration,3,237,215.255694,0.925558
[MO833] Paramount Iteration,1,237,215.255684,0.955514
[MO833] Paramount Iteration,2,238,216.151285,0.902178
[MO833] Paramount Iteration,0,238,216.152065,0.902977
[MO833] Paramount Iteration,1,238,216.158011,0.902327
[MO833] Paramount Iteration,3,238,216.158713,0.903019
[MO833] Paramount Iteration,2,239,217.048848,0.897563
[MO833] Paramount Iteration,0,239,217.049123,0.897058
 Time step  240
[MO833] Paramount Iteration,1,239,217.055440,0.897429
[MO833] Paramount Iteration,3,239,217.055713,0.897000
[MO833] Paramount Iteration,2,240,217.946393,0.897545
[MO833] Paramount Iteration,0,240,217.947158,0.898035
[MO833] Paramount Iteration,1,240,217.952975,0.897535
[MO833] Paramount Iteration,3,240,217.953688,0.897975
[MO833] Paramount Iteration,2,241,218.844699,0.898306
[MO833] Paramount Iteration,0,241,218.844885,0.897727
[MO833] Paramount Iteration,1,241,218.851274,0.898299
[MO833] Paramount Iteration,3,241,218.851480,0.897792
[MO833] Paramount Iteration,2,242,219.747639,0.902940
[MO833] Paramount Iteration,0,242,219.747873,0.902988
[MO833] Paramount Iteration,1,242,219.754216,0.902942
[MO833] Paramount Iteration,3,242,219.754464,0.902984
[MO833] Paramount Iteration,2,243,220.645087,0.897448
[MO833] Paramount Iteration,0,243,220.645418,0.897545
[MO833] Paramount Iteration,1,243,220.651603,0.897387
[MO833] Paramount Iteration,3,243,220.651966,0.897502
[MO833] Paramount Iteration,2,244,221.541747,0.896660
[MO833] Paramount Iteration,0,244,221.542219,0.896801
[MO833] Paramount Iteration,1,244,221.548283,0.896680
[MO833] Paramount Iteration,3,244,221.548723,0.896757
[MO833] Paramount Iteration,2,245,222.439487,0.897740
[MO833] Paramount Iteration,0,245,222.440139,0.897920
[MO833] Paramount Iteration,1,245,222.446073,0.897790
[MO833] Paramount Iteration,3,245,222.446652,0.897929
[MO833] Paramount Iteration,2,246,223.337523,0.898036
[MO833] Paramount Iteration,0,246,223.337618,0.897479
[MO833] Paramount Iteration,3,246,223.344008,0.897356
[MO833] Paramount Iteration,1,246,223.343965,0.897892
[MO833] Paramount Iteration,2,247,224.234607,0.897084
[MO833] Paramount Iteration,0,247,224.235101,0.897483
[MO833] Paramount Iteration,1,247,224.241168,0.897203
[MO833] Paramount Iteration,3,247,224.241558,0.897550
[MO833] Paramount Iteration,2,248,225.132334,0.897727
[MO833] Paramount Iteration,0,248,225.132520,0.897419
[MO833] Paramount Iteration,1,248,225.138893,0.897725
[MO833] Paramount Iteration,3,248,225.139061,0.897503
[MO833] Paramount Iteration,2,249,226.029287,0.896953
[MO833] Paramount Iteration,0,249,226.029846,0.897326
[MO833] Paramount Iteration,1,249,226.035888,0.896995
[MO833] Paramount Iteration,3,249,226.036351,0.897290
[MO833] Paramount Iteration,2,250,226.926354,0.897067
[MO833] Paramount Iteration,0,250,226.926823,0.896977
[MO833] Paramount Iteration,1,250,226.933000,0.897112
[MO833] Paramount Iteration,3,250,226.933249,0.896898
[MO833] Paramount Iteration,1,251,227.828469,0.895469
[MO833] Paramount Iteration,3,251,227.828713,0.895464
[MO833] Paramount Iteration,2,251,227.834401,0.908047
[MO833] Paramount Iteration,0,251,227.835551,0.908728
[MO833] Paramount Iteration,2,252,228.724397,0.889996
[MO833] Paramount Iteration,0,252,228.725251,0.889700
[MO833] Paramount Iteration,1,252,228.730990,0.902521
[MO833] Paramount Iteration,3,252,228.731640,0.902927
[MO833] Paramount Iteration,2,253,229.621610,0.897213
[MO833] Paramount Iteration,0,253,229.622004,0.896753
[MO833] Paramount Iteration,1,253,229.628192,0.897202
[MO833] Paramount Iteration,3,253,229.628507,0.896867
[MO833] Paramount Iteration,0,254,230.519509,0.897505
[MO833] Paramount Iteration,2,254,230.519430,0.897820
[MO833] Paramount Iteration,1,254,230.525857,0.897665
[MO833] Paramount Iteration,3,254,230.526006,0.897499
[MO833] Paramount Iteration,2,255,231.416348,0.896918
[MO833] Paramount Iteration,0,255,231.416541,0.897032
[MO833] Paramount Iteration,1,255,231.422858,0.897001
[MO833] Paramount Iteration,3,255,231.423158,0.897152
[MO833] Paramount Iteration,2,256,232.313049,0.896701
[MO833] Paramount Iteration,0,256,232.313850,0.897309
[MO833] Paramount Iteration,1,256,232.319635,0.896777
[MO833] Paramount Iteration,3,256,232.320245,0.897087
[MO833] Paramount Iteration,2,257,233.210375,0.897326
[MO833] Paramount Iteration,0,257,233.211110,0.897260
[MO833] Paramount Iteration,1,257,233.216956,0.897321
[MO833] Paramount Iteration,3,257,233.217585,0.897340
[MO833] Paramount Iteration,2,258,234.108034,0.897659
[MO833] Paramount Iteration,0,258,234.108316,0.897206
[MO833] Paramount Iteration,1,258,234.114524,0.897568
[MO833] Paramount Iteration,3,258,234.114675,0.897090
[MO833] Paramount Iteration,0,259,235.005035,0.896719
 Time step  260
[MO833] Paramount Iteration,2,259,235.005036,0.897002
[MO833] Paramount Iteration,3,259,235.011481,0.896806
[MO833] Paramount Iteration,1,259,235.011474,0.896950
[MO833] Paramount Iteration,2,260,235.901392,0.896356
[MO833] Paramount Iteration,0,260,235.901712,0.896677
[MO833] Paramount Iteration,1,260,235.907964,0.896490
[MO833] Paramount Iteration,3,260,235.908337,0.896856
[MO833] Paramount Iteration,2,261,236.798091,0.896699
[MO833] Paramount Iteration,0,261,236.798807,0.897095
[MO833] Paramount Iteration,1,261,236.804594,0.896630
[MO833] Paramount Iteration,3,261,236.805241,0.896904
[MO833] Paramount Iteration,2,262,237.696628,0.898537
[MO833] Paramount Iteration,0,262,237.696887,0.898080
[MO833] Paramount Iteration,1,262,237.703090,0.898496
[MO833] Paramount Iteration,3,262,237.703271,0.898030
[MO833] Paramount Iteration,2,263,238.593366,0.896738
[MO833] Paramount Iteration,0,263,238.593662,0.896775
[MO833] Paramount Iteration,1,263,238.599864,0.896774
[MO833] Paramount Iteration,3,263,238.600114,0.896843
[MO833] Paramount Iteration,2,264,239.489832,0.896466
[MO833] Paramount Iteration,0,264,239.490137,0.896475
[MO833] Paramount Iteration,1,264,239.496221,0.896357
[MO833] Paramount Iteration,3,264,239.496595,0.896481
[MO833] Paramount Iteration,2,265,240.386808,0.896976
[MO833] Paramount Iteration,0,265,240.387204,0.897067
[MO833] Paramount Iteration,1,265,240.393227,0.897006
[MO833] Paramount Iteration,3,265,240.393656,0.897061
[MO833] Paramount Iteration,2,266,241.283886,0.897078
[MO833] Paramount Iteration,0,266,241.284422,0.897218
[MO833] Paramount Iteration,1,266,241.290402,0.897175
[MO833] Paramount Iteration,3,266,241.290897,0.897241
[MO833] Paramount Iteration,2,267,242.181038,0.897152
[MO833] Paramount Iteration,0,267,242.181260,0.896838
[MO833] Paramount Iteration,1,267,242.187393,0.896991
[MO833] Paramount Iteration,3,267,242.187733,0.896836
[MO833] Paramount Iteration,2,268,243.078775,0.897737
[MO833] Paramount Iteration,0,268,243.078930,0.897670
[MO833] Paramount Iteration,1,268,243.085138,0.897745
[MO833] Paramount Iteration,3,268,243.085513,0.897780
[MO833] Paramount Iteration,2,269,243.975919,0.897144
[MO833] Paramount Iteration,0,269,243.976065,0.897135
[MO833] Paramount Iteration,1,269,243.982469,0.897331
[MO833] Paramount Iteration,3,269,243.982631,0.897118
[MO833] Paramount Iteration,0,270,244.877541,0.901476
[MO833] Paramount Iteration,2,270,244.884391,0.908472
[MO833] Paramount Iteration,3,270,244.893759,0.911128
[MO833] Paramount Iteration,1,270,244.903080,0.920611
[MO833] Paramount Iteration,2,271,245.796388,0.911997
[MO833] Paramount Iteration,0,271,245.796416,0.918875
[MO833] Paramount Iteration,1,271,245.802990,0.899910
[MO833] Paramount Iteration,3,271,245.803250,0.909491
[MO833] Paramount Iteration,2,272,246.694284,0.897896
[MO833] Paramount Iteration,0,272,246.694546,0.898130
[MO833] Paramount Iteration,1,272,246.700676,0.897686
[MO833] Paramount Iteration,3,272,246.701060,0.897810
[MO833] Paramount Iteration,2,273,247.591181,0.896897
[MO833] Paramount Iteration,0,273,247.591673,0.897127
[MO833] Paramount Iteration,1,273,247.597760,0.897084
[MO833] Paramount Iteration,3,273,247.598152,0.897092
[MO833] Paramount Iteration,2,274,248.488473,0.897292
[MO833] Paramount Iteration,0,274,248.488912,0.897239
[MO833] Paramount Iteration,1,274,248.494947,0.897187
[MO833] Paramount Iteration,3,274,248.495329,0.897177
[MO833] Paramount Iteration,2,275,249.386409,0.897936
[MO833] Paramount Iteration,0,275,249.386929,0.898017
[MO833] Paramount Iteration,1,275,249.392893,0.897946
[MO833] Paramount Iteration,3,275,249.393411,0.898082
[MO833] Paramount Iteration,2,276,250.283628,0.897219
[MO833] Paramount Iteration,0,276,250.283901,0.896972
[MO833] Paramount Iteration,1,276,250.290113,0.897220
[MO833] Paramount Iteration,3,276,250.290358,0.896947
[MO833] Paramount Iteration,2,277,251.173844,0.890216
[MO833] Paramount Iteration,0,277,251.174162,0.890261
[MO833] Paramount Iteration,1,277,251.180264,0.890151
[MO833] Paramount Iteration,3,277,251.180636,0.890278
[MO833] Paramount Iteration,0,278,252.070737,0.896575
[MO833] Paramount Iteration,2,278,252.070737,0.896893
[MO833] Paramount Iteration,1,278,252.077232,0.896968
[MO833] Paramount Iteration,3,278,252.077359,0.896723
[MO833] Paramount Iteration,2,279,252.967430,0.896693
[MO833] Paramount Iteration,0,279,252.967376,0.896639
 Time step  280
[MO833] Paramount Iteration,1,279,252.973905,0.896673
[MO833] Paramount Iteration,3,279,252.973934,0.896575
[MO833] Paramount Iteration,2,280,253.863730,0.896300
[MO833] Paramount Iteration,0,280,253.864195,0.896819
[MO833] Paramount Iteration,1,280,253.870421,0.896516
[MO833] Paramount Iteration,3,280,253.870763,0.896829
[MO833] Paramount Iteration,2,281,254.761841,0.898111
[MO833] Paramount Iteration,0,281,254.762094,0.897899
[MO833] Paramount Iteration,1,281,254.768252,0.897831
[MO833] Paramount Iteration,3,281,254.768517,0.897754
[MO833] Paramount Iteration,2,282,255.659320,0.897479
[MO833] Paramount Iteration,0,282,255.659850,0.897756
[MO833] Paramount Iteration,1,282,255.665860,0.897608
[MO833] Paramount Iteration,3,282,255.666405,0.897888
[MO833] Paramount Iteration,2,283,256.556845,0.897525
[MO833] Paramount Iteration,0,283,256.557120,0.897270
[MO833] Paramount Iteration,1,283,256.563328,0.897468
[MO833] Paramount Iteration,3,283,256.563622,0.897217
[MO833] Paramount Iteration,2,284,257.454300,0.897455
[MO833] Paramount Iteration,0,284,257.454307,0.897187
[MO833] Paramount Iteration,3,284,257.460633,0.897011
[MO833] Paramount Iteration,1,284,257.460643,0.897315
[MO833] Paramount Iteration,2,285,258.351091,0.896791
[MO833] Paramount Iteration,0,285,258.351493,0.897186
[MO833] Paramount Iteration,1,285,258.357437,0.896794
[MO833] Paramount Iteration,3,285,258.357963,0.897330
[MO833] Paramount Iteration,2,286,259.248086,0.896995
[MO833] Paramount Iteration,0,286,259.248584,0.897091
[MO833] Paramount Iteration,1,286,259.254578,0.897141
[MO833] Paramount Iteration,3,286,259.255081,0.897118
[MO833] Paramount Iteration,2,287,260.144720,0.896634
[MO833] Paramount Iteration,0,287,260.145419,0.896835
[MO833] Paramount Iteration,1,287,260.151454,0.896876
[MO833] Paramount Iteration,3,287,260.151832,0.896751
[MO833] Paramount Iteration,2,288,261.041937,0.897217
[MO833] Paramount Iteration,0,288,261.042303,0.896884
[MO833] Paramount Iteration,1,288,261.048578,0.897124
[MO833] Paramount Iteration,3,288,261.048820,0.896988
[MO833] Paramount Iteration,2,289,261.939434,0.897497
[MO833] Paramount Iteration,0,289,261.939838,0.897535
[MO833] Paramount Iteration,1,289,261.946009,0.897431
[MO833] Paramount Iteration,3,289,261.946347,0.897527
[MO833] Paramount Iteration,2,290,262.836753,0.897319
[MO833] Paramount Iteration,0,290,262.837127,0.897289
[MO833] Paramount Iteration,1,290,262.843206,0.897197
[MO833] Paramount Iteration,3,290,262.843487,0.897140
[MO833] Paramount Iteration,2,291,263.733863,0.897110
[MO833] Paramount Iteration,0,291,263.734406,0.897279
[MO833] Paramount Iteration,1,291,263.740276,0.897070
[MO833] Paramount Iteration,3,291,263.740851,0.897364
[MO833] Paramount Iteration,2,292,264.631549,0.897686
[MO833] Paramount Iteration,0,292,264.632014,0.897608
[MO833] Paramount Iteration,1,292,264.638063,0.897787
[MO833] Paramount Iteration,3,292,264.638511,0.897660
[MO833] Paramount Iteration,2,293,265.528811,0.897262
[MO833] Paramount Iteration,0,293,265.529493,0.897479
[MO833] Paramount Iteration,1,293,265.535330,0.897267
[MO833] Paramount Iteration,3,293,265.535936,0.897425
[MO833] Paramount Iteration,2,294,266.426499,0.897688
[MO833] Paramount Iteration,0,294,266.426999,0.897506
[MO833] Paramount Iteration,1,294,266.433027,0.897697
[MO833] Paramount Iteration,3,294,266.433581,0.897645
[MO833] Paramount Iteration,2,295,267.323594,0.897095
[MO833] Paramount Iteration,0,295,267.324283,0.897284
[MO833] Paramount Iteration,1,295,267.330269,0.897242
[MO833] Paramount Iteration,3,295,267.330869,0.897288
[MO833] Paramount Iteration,2,296,268.221486,0.897892
[MO833] Paramount Iteration,0,296,268.221732,0.897449
[MO833] Paramount Iteration,1,296,268.227988,0.897719
[MO833] Paramount Iteration,3,296,268.228309,0.897440
[MO833] Paramount Iteration,0,297,269.119187,0.897455
[MO833] Paramount Iteration,2,297,269.119092,0.897606
[MO833] Paramount Iteration,1,297,269.125579,0.897591
[MO833] Paramount Iteration,3,297,269.125709,0.897400
[MO833] Paramount Iteration,2,298,270.016249,0.897157
[MO833] Paramount Iteration,0,298,270.016308,0.897121
[MO833] Paramount Iteration,1,298,270.022705,0.897126
[MO833] Paramount Iteration,3,298,270.022838,0.897129
[MO833] Paramount Iteration,2,299,270.913724,0.897475
[MO833] Paramount Iteration,0,299,270.914209,0.897901
 Time step  300
[MO833] Paramount Iteration,1,299,270.920244,0.897539
[MO833] Paramount Iteration,3,299,270.920615,0.897777
[MO833] Paramount Iteration,2,300,271.810596,0.896872
[MO833] Paramount Iteration,0,300,271.811129,0.896920
[MO833] Paramount Iteration,1,300,271.817151,0.896907
[MO833] Paramount Iteration,3,300,271.817731,0.897116
[MO833] Paramount Iteration,2,301,272.707924,0.897328
[MO833] Paramount Iteration,0,301,272.708263,0.897134
[MO833] Paramount Iteration,1,301,272.714509,0.897358
[MO833] Paramount Iteration,3,301,272.714709,0.896978
[MO833] Paramount Iteration,0,302,273.607497,0.899234
[MO833] Paramount Iteration,3,302,273.614794,0.900085
[MO833] Paramount Iteration,1,302,273.616718,0.902209
[MO833] Paramount Iteration,2,302,273.623812,0.915888
[MO833] Paramount Iteration,0,303,274.556454,0.948957
[MO833] Paramount Iteration,3,303,274.565317,0.950523
[MO833] Paramount Iteration,2,303,274.569825,0.946013
[MO833] Paramount Iteration,1,303,274.578576,0.961858
[MO833] Paramount Iteration,2,304,275.485722,0.915897
[MO833] Paramount Iteration,0,304,275.486030,0.929576
[MO833] Paramount Iteration,1,304,275.492421,0.913845
[MO833] Paramount Iteration,3,304,275.492726,0.927409
[MO833] Paramount Iteration,2,305,276.390643,0.904921
[MO833] Paramount Iteration,0,305,276.390960,0.904930
[MO833] Paramount Iteration,1,305,276.397320,0.904899
[MO833] Paramount Iteration,3,305,276.397660,0.904934
[MO833] Paramount Iteration,2,306,277.288723,0.898080
[MO833] Paramount Iteration,0,306,277.289694,0.898734
[MO833] Paramount Iteration,1,306,277.295388,0.898068
[MO833] Paramount Iteration,3,306,277.296098,0.898438
[MO833] Paramount Iteration,2,307,278.186428,0.897705
[MO833] Paramount Iteration,0,307,278.186718,0.897024
[MO833] Paramount Iteration,1,307,278.192957,0.897569
[MO833] Paramount Iteration,3,307,278.193296,0.897198
[MO833] Paramount Iteration,2,308,279.083367,0.896939
[MO833] Paramount Iteration,0,308,279.083677,0.896959
[MO833] Paramount Iteration,1,308,279.089979,0.897022
[MO833] Paramount Iteration,3,308,279.090220,0.896924
[MO833] Paramount Iteration,2,309,279.981280,0.897913
[MO833] Paramount Iteration,0,309,279.981572,0.897895
[MO833] Paramount Iteration,1,309,279.987799,0.897820
[MO833] Paramount Iteration,3,309,279.988070,0.897850
[MO833] Paramount Iteration,2,310,280.878561,0.897281
[MO833] Paramount Iteration,0,310,280.879077,0.897505
[MO833] Paramount Iteration,1,310,280.885107,0.897308
[MO833] Paramount Iteration,3,310,280.885524,0.897454
[MO833] Paramount Iteration,2,311,281.776560,0.897999
[MO833] Paramount Iteration,0,311,281.776777,0.897700
[MO833] Paramount Iteration,1,311,281.783158,0.898051
[MO833] Paramount Iteration,3,311,281.783381,0.897857
[MO833] Paramount Iteration,2,312,282.674550,0.897990
[MO833] Paramount Iteration,0,312,282.675303,0.898526
[MO833] Paramount Iteration,1,312,282.681160,0.898002
[MO833] Paramount Iteration,3,312,282.681847,0.898466
[MO833] Paramount Iteration,2,313,283.571977,0.897427
[MO833] Paramount Iteration,0,313,283.572210,0.896907
[MO833] Paramount Iteration,1,313,283.578534,0.897374
[MO833] Paramount Iteration,3,313,283.578682,0.896835
[MO833] Paramount Iteration,2,314,284.469037,0.897060
[MO833] Paramount Iteration,0,314,284.469349,0.897139
[MO833] Paramount Iteration,1,314,284.475510,0.896976
[MO833] Paramount Iteration,3,314,284.475887,0.897205
[MO833] Paramount Iteration,2,315,285.368648,0.899611
[MO833] Paramount Iteration,0,315,285.369051,0.899702
[MO833] Paramount Iteration,1,315,285.375426,0.899916
[MO833] Paramount Iteration,3,315,285.375769,0.899882
[MO833] Paramount Iteration,2,316,286.274709,0.906061
[MO833] Paramount Iteration,0,316,286.274985,0.905934
[MO833] Paramount Iteration,1,316,286.281440,0.906014
[MO833] Paramount Iteration,3,316,286.281723,0.905954
[MO833] Paramount Iteration,2,317,287.180619,0.905910
[MO833] Paramount Iteration,0,317,287.181302,0.906317
[MO833] Paramount Iteration,1,317,287.187434,0.905994
[MO833] Paramount Iteration,3,317,287.187849,0.906126
[MO833] Paramount Iteration,2,318,288.078275,0.897656
[MO833] Paramount Iteration,0,318,288.078596,0.897294
[MO833] Paramount Iteration,1,318,288.084827,0.897393
[MO833] Paramount Iteration,3,318,288.085052,0.897203
[MO833] Paramount Iteration,2,319,288.976177,0.897902
[MO833] Paramount Iteration,0,319,288.976445,0.897849
 Time step  320
[MO833] Paramount Iteration,1,319,288.982681,0.897854
[MO833] Paramount Iteration,3,319,288.982940,0.897888
[MO833] Paramount Iteration,2,320,289.873479,0.897302
[MO833] Paramount Iteration,0,320,289.874161,0.897716
[MO833] Paramount Iteration,1,320,289.880109,0.897428
[MO833] Paramount Iteration,3,320,289.880606,0.897666
[MO833] Paramount Iteration,2,321,290.770753,0.897274
[MO833] Paramount Iteration,0,321,290.771221,0.897060
[MO833] Paramount Iteration,1,321,290.777346,0.897237
[MO833] Paramount Iteration,3,321,290.777773,0.897167
[MO833] Paramount Iteration,2,322,291.668093,0.897340
[MO833] Paramount Iteration,0,322,291.668250,0.897029
[MO833] Paramount Iteration,1,322,291.674678,0.897332
[MO833] Paramount Iteration,3,322,291.674920,0.897147
[MO833] Paramount Iteration,2,323,292.565412,0.897319
[MO833] Paramount Iteration,0,323,292.565708,0.897458
[MO833] Paramount Iteration,1,323,292.571910,0.897232
[MO833] Paramount Iteration,3,323,292.572176,0.897256
[MO833] Paramount Iteration,0,324,293.462432,0.896724
[MO833] Paramount Iteration,2,324,293.462386,0.896974
[MO833] Paramount Iteration,1,324,293.468894,0.896984
[MO833] Paramount Iteration,3,324,293.469057,0.896881
[MO833] Paramount Iteration,2,325,294.359787,0.897401
[MO833] Paramount Iteration,0,325,294.360122,0.897690
[MO833] Paramount Iteration,1,325,294.366623,0.897729
[MO833] Paramount Iteration,3,325,294.366888,0.897831
[MO833] Paramount Iteration,2,326,295.266470,0.906683
[MO833] Paramount Iteration,0,326,295.266781,0.906659
[MO833] Paramount Iteration,1,326,295.273241,0.906618
[MO833] Paramount Iteration,3,326,295.273574,0.906686
[MO833] Paramount Iteration,2,327,296.172238,0.905768
[MO833] Paramount Iteration,0,327,296.172441,0.905660
[MO833] Paramount Iteration,1,327,296.179044,0.905803
[MO833] Paramount Iteration,3,327,296.179195,0.905621
[MO833] Paramount Iteration,2,328,297.074133,0.901895
[MO833] Paramount Iteration,0,328,297.074163,0.901722
[MO833] Paramount Iteration,1,328,297.080770,0.901726
[MO833] Paramount Iteration,3,328,297.080987,0.901792
[MO833] Paramount Iteration,2,329,297.979748,0.905615
[MO833] Paramount Iteration,0,329,297.980427,0.906264
[MO833] Paramount Iteration,1,329,297.986548,0.905778
[MO833] Paramount Iteration,3,329,297.987186,0.906199
[MO833] Paramount Iteration,2,330,298.877536,0.897788
[MO833] Paramount Iteration,0,330,298.877750,0.897323
[MO833] Paramount Iteration,1,330,298.884015,0.897467
[MO833] Paramount Iteration,3,330,298.884273,0.897087
[MO833] Paramount Iteration,2,331,299.774530,0.896994
[MO833] Paramount Iteration,0,331,299.775137,0.897387
[MO833] Paramount Iteration,1,331,299.781110,0.897095
[MO833] Paramount Iteration,3,331,299.781647,0.897374
[MO833] Paramount Iteration,2,332,300.672194,0.897664
[MO833] Paramount Iteration,0,332,300.672678,0.897541
[MO833] Paramount Iteration,1,332,300.678811,0.897701
[MO833] Paramount Iteration,3,332,300.679204,0.897557
[MO833] Paramount Iteration,2,333,301.556036,0.883842
[MO833] Paramount Iteration,1,333,301.562441,0.883630
[MO833] Paramount Iteration,3,333,301.575818,0.896614
[MO833] Paramount Iteration,0,333,301.578798,0.906120
[MO833] Paramount Iteration,2,334,302.467262,0.911226
[MO833] Paramount Iteration,0,334,302.467470,0.888672
[MO833] Paramount Iteration,1,334,302.473793,0.911352
[MO833] Paramount Iteration,3,334,302.474050,0.898232
[MO833] Paramount Iteration,2,335,303.365069,0.897807
[MO833] Paramount Iteration,0,335,303.365326,0.897856
[MO833] Paramount Iteration,1,335,303.371517,0.897724
[MO833] Paramount Iteration,3,335,303.371726,0.897676
[MO833] Paramount Iteration,2,336,304.261917,0.896848
[MO833] Paramount Iteration,0,336,304.262154,0.896828
[MO833] Paramount Iteration,1,336,304.267967,0.896450
[MO833] Paramount Iteration,3,336,304.276417,0.904691
[MO833] Paramount Iteration,2,337,305.186935,0.925018
[MO833] Paramount Iteration,0,337,305.187262,0.925108
[MO833] Paramount Iteration,1,337,305.193602,0.925635
[MO833] Paramount Iteration,3,337,305.193992,0.917575
[MO833] Paramount Iteration,2,338,306.092506,0.905571
[MO833] Paramount Iteration,0,338,306.093036,0.905774
[MO833] Paramount Iteration,1,338,306.099206,0.905604
[MO833] Paramount Iteration,3,338,306.099644,0.905652
[MO833] Paramount Iteration,2,339,306.991872,0.899366
[MO833] Paramount Iteration,0,339,306.992486,0.899450
 Time step  340
[MO833] Paramount Iteration,1,339,306.998564,0.899358
[MO833] Paramount Iteration,3,339,306.999020,0.899376
[MO833] Paramount Iteration,2,340,307.897667,0.905795
[MO833] Paramount Iteration,0,340,307.897846,0.905360
[MO833] Paramount Iteration,1,340,307.904161,0.905597
[MO833] Paramount Iteration,3,340,307.904371,0.905351
[MO833] Paramount Iteration,2,341,308.795260,0.897593
[MO833] Paramount Iteration,0,341,308.795670,0.897824
[MO833] Paramount Iteration,1,341,308.801802,0.897641
[MO833] Paramount Iteration,3,341,308.802202,0.897831
[MO833] Paramount Iteration,2,342,309.695771,0.900511
[MO833] Paramount Iteration,0,342,309.696731,0.901061
[MO833] Paramount Iteration,1,342,309.702645,0.900843
[MO833] Paramount Iteration,3,342,309.703404,0.901202
[MO833] Paramount Iteration,2,343,310.602395,0.906624
[MO833] Paramount Iteration,0,343,310.602585,0.905854
[MO833] Paramount Iteration,1,343,310.609136,0.906491
[MO833] Paramount Iteration,3,343,310.609406,0.906002
[MO833] Paramount Iteration,2,344,311.499863,0.897468
[MO833] Paramount Iteration,0,344,311.500314,0.897729
[MO833] Paramount Iteration,1,344,311.506506,0.897370
[MO833] Paramount Iteration,3,344,311.506890,0.897484
[MO833] Paramount Iteration,2,345,312.397019,0.897156
[MO833] Paramount Iteration,0,345,312.397343,0.897029
[MO833] Paramount Iteration,1,345,312.403757,0.897251
[MO833] Paramount Iteration,3,345,312.404030,0.897140
[MO833] Paramount Iteration,2,346,313.295193,0.898174
[MO833] Paramount Iteration,0,346,313.295730,0.898387
[MO833] Paramount Iteration,1,346,313.301766,0.898009
[MO833] Paramount Iteration,3,346,313.302255,0.898225
[MO833] Paramount Iteration,2,347,314.192673,0.897480
[MO833] Paramount Iteration,0,347,314.193087,0.897357
[MO833] Paramount Iteration,1,347,314.199131,0.897365
[MO833] Paramount Iteration,3,347,314.199644,0.897389
[MO833] Paramount Iteration,2,348,315.090305,0.897632
[MO833] Paramount Iteration,0,348,315.090903,0.897816
[MO833] Paramount Iteration,1,348,315.096913,0.897782
[MO833] Paramount Iteration,3,348,315.097382,0.897738
[MO833] Paramount Iteration,2,349,315.987578,0.897273
[MO833] Paramount Iteration,0,349,315.988188,0.897285
[MO833] Paramount Iteration,1,349,315.994087,0.897174
[MO833] Paramount Iteration,3,349,315.994732,0.897350
[MO833] Paramount Iteration,2,350,316.884621,0.897043
[MO833] Paramount Iteration,0,350,316.884798,0.896610
[MO833] Paramount Iteration,1,350,316.891143,0.897056
[MO833] Paramount Iteration,3,350,316.891287,0.896555
[MO833] Paramount Iteration,2,351,317.781590,0.896969
[MO833] Paramount Iteration,0,351,317.781987,0.897189
[MO833] Paramount Iteration,1,351,317.788062,0.896919
[MO833] Paramount Iteration,3,351,317.788430,0.897143
[MO833] Paramount Iteration,2,352,318.678688,0.897098
[MO833] Paramount Iteration,0,352,318.679217,0.897230
[MO833] Paramount Iteration,1,352,318.685306,0.897244
[MO833] Paramount Iteration,3,352,318.685786,0.897356
[MO833] Paramount Iteration,2,353,319.575784,0.897096
[MO833] Paramount Iteration,0,353,319.576470,0.897253
[MO833] Paramount Iteration,1,353,319.582375,0.897069
[MO833] Paramount Iteration,3,353,319.582942,0.897156
[MO833] Paramount Iteration,2,354,320.472663,0.896879
[MO833] Paramount Iteration,0,354,320.473350,0.896880
[MO833] Paramount Iteration,1,354,320.479238,0.896863
[MO833] Paramount Iteration,3,354,320.479879,0.896937
[MO833] Paramount Iteration,2,355,321.370367,0.897704
[MO833] Paramount Iteration,0,355,321.370496,0.897146
[MO833] Paramount Iteration,1,355,321.376740,0.897502
[MO833] Paramount Iteration,3,355,321.376964,0.897085
[MO833] Paramount Iteration,2,356,322.267599,0.897232
[MO833] Paramount Iteration,0,356,322.267908,0.897412
[MO833] Paramount Iteration,1,356,322.274145,0.897405
[MO833] Paramount Iteration,3,356,322.274513,0.897549
[MO833] Paramount Iteration,2,357,323.163917,0.896318
[MO833] Paramount Iteration,0,357,323.164568,0.896660
[MO833] Paramount Iteration,1,357,323.170389,0.896244
[MO833] Paramount Iteration,3,357,323.170860,0.896347
[MO833] Paramount Iteration,2,358,324.059619,0.895702
[MO833] Paramount Iteration,0,358,324.059999,0.895431
[MO833] Paramount Iteration,1,358,324.066092,0.895703
[MO833] Paramount Iteration,3,358,324.066431,0.895571
[MO833] Paramount Iteration,2,359,324.962021,0.902402
[MO833] Paramount Iteration,0,359,324.962397,0.902398
 Time step  360
[MO833] Paramount Iteration,1,359,324.968776,0.902684
[MO833] Paramount Iteration,3,359,324.969149,0.902718
[MO833] Paramount Iteration,2,360,325.859355,0.897334
[MO833] Paramount Iteration,0,360,325.859623,0.897226
[MO833] Paramount Iteration,1,360,325.865887,0.897111
[MO833] Paramount Iteration,3,360,325.866172,0.897023
[MO833] Paramount Iteration,2,361,326.756726,0.897371
[MO833] Paramount Iteration,0,361,326.756714,0.897091
[MO833] Paramount Iteration,1,361,326.763213,0.897326
[MO833] Paramount Iteration,3,361,326.763285,0.897113
[MO833] Paramount Iteration,2,362,327.654130,0.897404
[MO833] Paramount Iteration,0,362,327.654414,0.897700
[MO833] Paramount Iteration,1,362,327.660735,0.897522
[MO833] Paramount Iteration,3,362,327.660961,0.897676
[MO833] Paramount Iteration,2,363,328.551487,0.897357
[MO833] Paramount Iteration,0,363,328.551777,0.897363
[MO833] Paramount Iteration,1,363,328.557920,0.897185
[MO833] Paramount Iteration,3,363,328.558307,0.897346
[MO833] Paramount Iteration,1,364,329.452482,0.894562
[MO833] Paramount Iteration,3,364,329.452873,0.894566
[MO833] Paramount Iteration,2,364,329.458508,0.907021
[MO833] Paramount Iteration,0,364,329.459547,0.907770
[MO833] Paramount Iteration,2,365,330.348407,0.889899
[MO833] Paramount Iteration,0,365,330.348864,0.889317
[MO833] Paramount Iteration,1,365,330.354921,0.902439
[MO833] Paramount Iteration,3,365,330.355290,0.902417
[MO833] Paramount Iteration,2,366,331.245578,0.897171
[MO833] Paramount Iteration,0,366,331.245975,0.897111
[MO833] Paramount Iteration,1,366,331.252037,0.897116
[MO833] Paramount Iteration,3,366,331.252409,0.897119
[MO833] Paramount Iteration,2,367,332.142500,0.896922
[MO833] Paramount Iteration,0,367,332.142756,0.896781
[MO833] Paramount Iteration,1,367,332.149068,0.897031
[MO833] Paramount Iteration,3,367,332.149280,0.896871
[MO833] Paramount Iteration,2,368,333.039816,0.897316
[MO833] Paramount Iteration,0,368,333.040017,0.897261
[MO833] Paramount Iteration,1,368,333.046343,0.897275
[MO833] Paramount Iteration,3,368,333.046582,0.897302
[MO833] Paramount Iteration,2,369,333.937575,0.897759
[MO833] Paramount Iteration,0,369,333.937856,0.897839
[MO833] Paramount Iteration,1,369,333.943977,0.897634
[MO833] Paramount Iteration,3,369,333.944334,0.897752
[MO833] Paramount Iteration,2,370,334.881191,0.943616
[MO833] Paramount Iteration,0,370,334.881276,0.943420
[MO833] Paramount Iteration,3,370,334.887726,0.943392
[MO833] Paramount Iteration,1,370,334.887822,0.943845
[MO833] Paramount Iteration,2,371,335.785800,0.904609
[MO833] Paramount Iteration,0,371,335.786370,0.905094
[MO833] Paramount Iteration,1,371,335.792346,0.904524
[MO833] Paramount Iteration,3,371,335.792808,0.905082
[MO833] Paramount Iteration,2,372,336.683827,0.898027
[MO833] Paramount Iteration,0,372,336.684197,0.897827
[MO833] Paramount Iteration,1,372,336.690367,0.898021
[MO833] Paramount Iteration,3,372,336.690776,0.897968
[MO833] Paramount Iteration,2,373,337.581713,0.897886
[MO833] Paramount Iteration,0,373,337.582035,0.897838
[MO833] Paramount Iteration,1,373,337.588274,0.897907
[MO833] Paramount Iteration,3,373,337.588578,0.897802
[MO833] Paramount Iteration,2,374,338.487490,0.905777
[MO833] Paramount Iteration,0,374,338.487858,0.905823
[MO833] Paramount Iteration,1,374,338.494204,0.905930
[MO833] Paramount Iteration,3,374,338.494493,0.905915
[MO833] Paramount Iteration,2,375,339.384721,0.897231
[MO833] Paramount Iteration,0,375,339.385690,0.897832
[MO833] Paramount Iteration,1,375,339.391353,0.897149
[MO833] Paramount Iteration,3,375,339.392061,0.897568
[MO833] Paramount Iteration,2,376,340.290884,0.906163
[MO833] Paramount Iteration,0,376,340.291134,0.905444
[MO833] Paramount Iteration,1,376,340.297600,0.906247
[MO833] Paramount Iteration,3,376,340.297791,0.905730
[MO833] Paramount Iteration,2,377,341.188963,0.898079
[MO833] Paramount Iteration,0,377,341.189201,0.898067
[MO833] Paramount Iteration,1,377,341.195578,0.897978
[MO833] Paramount Iteration,3,377,341.195826,0.898035
[MO833] Paramount Iteration,2,378,342.094439,0.905476
[MO833] Paramount Iteration,0,378,342.094923,0.905722
[MO833] Paramount Iteration,1,378,342.101236,0.905658
[MO833] Paramount Iteration,3,378,342.101579,0.905753
[MO833] Paramount Iteration,2,379,343.001309,0.906870
[MO833] Paramount Iteration,0,379,343.001529,0.906606
 Time step  380
[MO833] Paramount Iteration,1,379,343.007940,0.906704
[MO833] Paramount Iteration,3,379,343.008266,0.906687
[MO833] Paramount Iteration,2,380,343.899113,0.897804
[MO833] Paramount Iteration,0,380,343.899438,0.897909
[MO833] Paramount Iteration,1,380,343.905664,0.897724
[MO833] Paramount Iteration,3,380,343.905887,0.897621
[MO833] Paramount Iteration,2,381,344.796828,0.897715
[MO833] Paramount Iteration,0,381,344.797173,0.897735
[MO833] Paramount Iteration,1,381,344.803336,0.897672
[MO833] Paramount Iteration,3,381,344.803592,0.897705
[MO833] Paramount Iteration,2,382,345.694324,0.897496
[MO833] Paramount Iteration,0,382,345.694370,0.897197
[MO833] Paramount Iteration,1,382,345.700816,0.897480
[MO833] Paramount Iteration,3,382,345.700922,0.897330
[MO833] Paramount Iteration,2,383,346.591592,0.897268
[MO833] Paramount Iteration,0,383,346.591941,0.897571
[MO833] Paramount Iteration,1,383,346.598085,0.897269
[MO833] Paramount Iteration,3,383,346.598429,0.897507
[MO833] Paramount Iteration,2,384,347.488361,0.896769
[MO833] Paramount Iteration,0,384,347.488694,0.896753
[MO833] Paramount Iteration,1,384,347.494910,0.896825
[MO833] Paramount Iteration,3,384,347.495263,0.896834
[MO833] Paramount Iteration,2,385,348.385418,0.897057
[MO833] Paramount Iteration,0,385,348.386087,0.897393
[MO833] Paramount Iteration,1,385,348.392082,0.897172
[MO833] Paramount Iteration,3,385,348.392610,0.897347
[MO833] Paramount Iteration,2,386,349.290801,0.905383
[MO833] Paramount Iteration,0,386,349.291395,0.905308
[MO833] Paramount Iteration,1,386,349.297591,0.905509
[MO833] Paramount Iteration,3,386,349.297992,0.905382
[MO833] Paramount Iteration,2,387,350.188027,0.897226
[MO833] Paramount Iteration,0,387,350.188546,0.897151
[MO833] Paramount Iteration,1,387,350.194543,0.896952
[MO833] Paramount Iteration,3,387,350.195024,0.897032
[MO833] Paramount Iteration,2,388,351.085658,0.897631
[MO833] Paramount Iteration,0,388,351.085784,0.897238
[MO833] Paramount Iteration,1,388,351.092125,0.897582
[MO833] Paramount Iteration,3,388,351.092403,0.897379
[MO833] Paramount Iteration,2,389,351.982998,0.897340
[MO833] Paramount Iteration,0,389,351.983598,0.897814
[MO833] Paramount Iteration,1,389,351.989679,0.897554
[MO833] Paramount Iteration,3,389,351.990162,0.897759
[MO833] Paramount Iteration,2,390,352.896481,0.913483
[MO833] Paramount Iteration,0,390,352.897121,0.913523
[MO833] Paramount Iteration,1,390,352.903225,0.913546
[MO833] Paramount Iteration,3,390,352.903714,0.913552
[MO833] Paramount Iteration,2,391,353.805652,0.909171
[MO833] Paramount Iteration,0,391,353.805867,0.908746
[MO833] Paramount Iteration,1,391,353.812300,0.909075
[MO833] Paramount Iteration,3,391,353.812452,0.908738
[MO833] Paramount Iteration,2,392,354.713496,0.907844
[MO833] Paramount Iteration,0,392,354.714068,0.908201
[MO833] Paramount Iteration,1,392,354.719840,0.907540
[MO833] Paramount Iteration,3,392,354.720427,0.907975
[MO833] Paramount Iteration,2,393,355.616139,0.902643
[MO833] Paramount Iteration,0,393,355.616583,0.902515
[MO833] Paramount Iteration,1,393,355.622539,0.902699
[MO833] Paramount Iteration,3,393,355.622865,0.902438
[MO833] Paramount Iteration,2,394,356.510193,0.894054
[MO833] Paramount Iteration,0,394,356.510828,0.894245
[MO833] Paramount Iteration,1,394,356.516725,0.894186
[MO833] Paramount Iteration,3,394,356.517298,0.894433
[MO833] Paramount Iteration,2,395,357.406889,0.896696
[MO833] Paramount Iteration,0,395,357.407173,0.896345
[MO833] Paramount Iteration,1,395,357.413449,0.896724
[MO833] Paramount Iteration,3,395,357.413692,0.896394
[MO833] Paramount Iteration,2,396,358.303920,0.897031
[MO833] Paramount Iteration,0,396,358.304370,0.897197
[MO833] Paramount Iteration,1,396,358.310484,0.897035
[MO833] Paramount Iteration,3,396,358.310874,0.897182
[MO833] Paramount Iteration,3,397,359.199645,0.888771
[MO833] Paramount Iteration,0,397,359.206268,0.901898
[MO833] Paramount Iteration,1,397,359.211735,0.901251
[MO833] Paramount Iteration,2,397,359.215148,0.911228
[MO833] Paramount Iteration,2,398,360.102916,0.887768
[MO833] Paramount Iteration,0,398,360.103401,0.897133
[MO833] Paramount Iteration,1,398,360.109451,0.897716
[MO833] Paramount Iteration,3,398,360.109911,0.910266
[MO833] Paramount Iteration,2,399,360.999419,0.896503
[MO833] Paramount Iteration,0,399,360.999532,0.896131
 Time step  400
[MO833] Paramount Iteration,1,399,361.005713,0.896262
[MO833] Paramount Iteration,3,399,361.005972,0.896061
[MO833] PI avg,1,0.897683,400
[MO833] Beta,1,0.000827
[MO833] PI avg,2,0.897667,400
[MO833] Beta,2,0.000844
 Verification being performed for class C
 accuracy setting for epsilon =  0.1000000000000E-07
 Comparison of RMS-norms of residual
           1 0.5881691581829E+03 0.5881691581829E+03 0.6726469583912E-13
           2 0.2454417603569E+03 0.2454417603569E+03 0.4608767610227E-13
           3 0.3293829191851E+03 0.3293829191851E+03 0.3537797556502E-13
           4 0.3081924971891E+03 0.3081924971891E+03 0.1392531668724E-12
           5 0.4597223799176E+03 0.4597223799176E+03 0.2720240017817E-13
 Comparison of RMS-norms of solution error
[MO833] PI avg,3,0.897683,400
[MO833] Beta,3,0.000826
           1 0.2598120500183E+00 0.2598120500183E+00 0.1666539252407E-13
           2 0.2590888922315E-01 0.2590888922315E-01 0.1665834444332E-12
           3 0.5132886416320E-01 0.5132886416320E-01 0.4014995311231E-13
           4 0.4806073419454E-01 0.4806073419454E-01 0.2454419357993E-14
           5 0.5483377491301E+00 0.5483377491301E+00 0.7066225810805E-13
 Verification Successful


 SP Benchmark Completed.
 Class           =                        C
 Size            =            162x 162x 162
 Iterations      =                      400
 Time in seconds =                   359.97
 Total processes =                        4
 Active procs    =                        4
 Mop/s total     =                  4028.42
 Mop/s/process   =                  1007.10
 Operation type  =           floating point
 Verification    =               SUCCESSFUL
 Version         =                      3.4
 Compile date    =              16 Jun 2020

 Compile options:
    MPIFC        = mpif90
    FLINK        = $(MPIFC)
    FMPI_LIB     = (none)
    FMPI_INC     = (none)
    FFLAGS       = -O3
    FLINKFLAGS   = $(FFLAGS) -O ../kernel_stats/kernel_stats.o...
    RAND         = (none)


 Please send feedbacks and/or the results of this run to:

 NPB Development Team 
 Internet: npb@nas.nasa.gov


[MO833] PI avg,0,0.897667,400
[MO833] Beta,0,0.000844
[MO833] Total time,362.197560
