--------------------------------------------------------------------------
[[48622,1],0]: A high-performance Open MPI point-to-point messaging module
was unable to find any relevant network interfaces:

Module: OpenFabrics (openib)
  Host: node06

Another transport will be used instead, although this may result in
lower performance.

NOTE: You can disable this warning by setting the MCA parameter
btl_base_warn_component_unused to 0.
--------------------------------------------------------------------------


 NAS Parallel Benchmarks 3.4 -- SP Benchmark

 No input file inputsp.data. Using compiled defaults
 Size:  102x 102x 102  (class B)
 Iterations:  400    dt:   0.0010000
 WARNING: Number of active processes:     4
 Total number of processes:     8

 Time step    1
[MO833] Paramount Iteration,2,1,0.610504,0.193183
[MO833] Paramount Iteration,0,1,0.611312,0.193991
[MO833] Paramount Iteration,1,1,0.612339,0.195008
[MO833] Paramount Iteration,3,1,0.612736,0.195406
[MO833] Paramount Iteration,2,2,0.806118,0.195614
[MO833] Paramount Iteration,0,2,0.806712,0.195400
[MO833] Paramount Iteration,1,2,0.807869,0.195530
[MO833] Paramount Iteration,3,2,0.808177,0.195441
[MO833] Paramount Iteration,2,3,1.017434,0.211316
[MO833] Paramount Iteration,0,3,1.017916,0.211204
[MO833] Paramount Iteration,1,3,1.019263,0.211394
[MO833] Paramount Iteration,3,3,1.019696,0.211519
[MO833] Paramount Iteration,2,4,1.218035,0.200601
[MO833] Paramount Iteration,0,4,1.218565,0.200649
[MO833] Paramount Iteration,1,4,1.219780,0.200517
[MO833] Paramount Iteration,3,4,1.220014,0.200318
[MO833] Paramount Iteration,2,5,1.412891,0.194856
[MO833] Paramount Iteration,0,5,1.413580,0.195015
[MO833] Paramount Iteration,1,5,1.414660,0.194880
[MO833] Paramount Iteration,3,5,1.415017,0.195003
[MO833] Paramount Iteration,2,6,1.607720,0.194829
[MO833] Paramount Iteration,0,6,1.608464,0.194884
[MO833] Paramount Iteration,1,6,1.609516,0.194856
[MO833] Paramount Iteration,3,6,1.609921,0.194904
[MO833] Paramount Iteration,2,7,1.802531,0.194811
[MO833] Paramount Iteration,0,7,1.803369,0.194905
[MO833] Paramount Iteration,1,7,1.804364,0.194848
[MO833] Paramount Iteration,3,7,1.804800,0.194879
[MO833] Paramount Iteration,2,8,1.997848,0.195317
[MO833] Paramount Iteration,0,8,1.998744,0.195375
[MO833] Paramount Iteration,1,8,1.999638,0.195274
[MO833] Paramount Iteration,3,8,2.000177,0.195377
[MO833] Paramount Iteration,2,9,2.193075,0.195227
[MO833] Paramount Iteration,0,9,2.193735,0.194991
[MO833] Paramount Iteration,1,9,2.194832,0.195194
[MO833] Paramount Iteration,3,9,2.195146,0.194969
[MO833] Paramount Iteration,2,10,2.388965,0.195890
[MO833] Paramount Iteration,0,10,2.389484,0.195749
[MO833] Paramount Iteration,1,10,2.390713,0.195881
[MO833] Paramount Iteration,3,10,2.390936,0.195790
[MO833] Paramount Iteration,2,11,2.583766,0.194801
[MO833] Paramount Iteration,0,11,2.584279,0.194795
[MO833] Paramount Iteration,1,11,2.585516,0.194803
[MO833] Paramount Iteration,3,11,2.585784,0.194848
[MO833] Paramount Iteration,2,12,2.778657,0.194891
[MO833] Paramount Iteration,0,12,2.779318,0.195039
[MO833] Paramount Iteration,1,12,2.780450,0.194934
[MO833] Paramount Iteration,3,12,2.780764,0.194980
[MO833] Paramount Iteration,2,13,2.973755,0.195098
[MO833] Paramount Iteration,0,13,2.974329,0.195011
[MO833] Paramount Iteration,1,13,2.975485,0.195035
[MO833] Paramount Iteration,3,13,2.975822,0.195058
[MO833] Paramount Iteration,0,14,3.183463,0.209134
[MO833] Paramount Iteration,2,14,3.183623,0.209868
[MO833] Paramount Iteration,3,14,3.185106,0.209284
[MO833] Paramount Iteration,1,14,3.185236,0.209751
[MO833] Paramount Iteration,2,15,3.382884,0.199261
[MO833] Paramount Iteration,0,15,3.383686,0.200223
[MO833] Paramount Iteration,1,15,3.384666,0.199430
[MO833] Paramount Iteration,3,15,3.385126,0.200020
[MO833] Paramount Iteration,2,16,3.578000,0.195116
[MO833] Paramount Iteration,0,16,3.578656,0.194970
[MO833] Paramount Iteration,1,16,3.579751,0.195085
[MO833] Paramount Iteration,3,16,3.580090,0.194964
[MO833] Paramount Iteration,2,17,3.773140,0.195140
[MO833] Paramount Iteration,0,17,3.773768,0.195112
[MO833] Paramount Iteration,1,17,3.774896,0.195145
[MO833] Paramount Iteration,3,17,3.775222,0.195132
[MO833] Paramount Iteration,2,18,3.968312,0.195172
[MO833] Paramount Iteration,0,18,3.968938,0.195170
[MO833] Paramount Iteration,1,18,3.970069,0.195173
[MO833] Paramount Iteration,3,18,3.970374,0.195152
[MO833] Paramount Iteration,2,19,4.177008,0.208696
[MO833] Paramount Iteration,0,19,4.178680,0.209742
 Time step   20
[MO833] Paramount Iteration,1,19,4.178857,0.208788
[MO833] Paramount Iteration,3,19,4.180062,0.209688
[MO833] Paramount Iteration,2,20,4.374602,0.197594
[MO833] Paramount Iteration,0,20,4.375200,0.196520
[MO833] Paramount Iteration,1,20,4.376388,0.197531
[MO833] Paramount Iteration,3,20,4.376683,0.196621
[MO833] Paramount Iteration,2,21,4.567695,0.193093
[MO833] Paramount Iteration,1,21,4.569339,0.192951
[MO833] Paramount Iteration,3,21,4.571203,0.194520
[MO833] Paramount Iteration,0,21,4.573607,0.198407
[MO833] Paramount Iteration,0,22,4.767473,0.193866
[MO833] Paramount Iteration,1,22,4.769095,0.199756
[MO833] Paramount Iteration,3,22,4.769281,0.198078
[MO833] Paramount Iteration,2,22,4.771169,0.203474
[MO833] Paramount Iteration,2,23,4.963226,0.192057
[MO833] Paramount Iteration,0,23,4.963864,0.196391
[MO833] Paramount Iteration,1,23,4.964997,0.195902
[MO833] Paramount Iteration,3,23,4.965329,0.196048
[MO833] Paramount Iteration,2,24,5.158150,0.194924
[MO833] Paramount Iteration,0,24,5.158799,0.194935
[MO833] Paramount Iteration,1,24,5.159898,0.194901
[MO833] Paramount Iteration,3,24,5.160233,0.194904
[MO833] Paramount Iteration,2,25,5.352937,0.194787
[MO833] Paramount Iteration,0,25,5.353508,0.194709
[MO833] Paramount Iteration,1,25,5.354667,0.194769
[MO833] Paramount Iteration,3,25,5.354999,0.194766
[MO833] Paramount Iteration,2,26,5.547608,0.194671
[MO833] Paramount Iteration,0,26,5.548404,0.194896
[MO833] Paramount Iteration,1,26,5.549407,0.194740
[MO833] Paramount Iteration,3,26,5.549821,0.194822
[MO833] Paramount Iteration,2,27,5.742797,0.195189
[MO833] Paramount Iteration,0,27,5.743254,0.194850
[MO833] Paramount Iteration,1,27,5.744535,0.195128
[MO833] Paramount Iteration,3,27,5.744761,0.194940
[MO833] Paramount Iteration,2,28,5.937654,0.194857
[MO833] Paramount Iteration,0,28,5.938371,0.195117
[MO833] Paramount Iteration,1,28,5.939442,0.194907
[MO833] Paramount Iteration,3,28,5.939783,0.195022
[MO833] Paramount Iteration,2,29,6.129937,0.192283
[MO833] Paramount Iteration,1,29,6.131054,0.191612
[MO833] Paramount Iteration,3,29,6.137037,0.197254
[MO833] Paramount Iteration,0,29,6.142730,0.204359
[MO833] Paramount Iteration,2,30,6.334776,0.204839
[MO833] Paramount Iteration,0,30,6.335372,0.192642
[MO833] Paramount Iteration,1,30,6.336538,0.205484
[MO833] Paramount Iteration,3,30,6.336831,0.199794
[MO833] Paramount Iteration,0,31,6.531023,0.195651
[MO833] Paramount Iteration,1,31,6.532435,0.195897
[MO833] Paramount Iteration,2,31,6.532605,0.197829
[MO833] Paramount Iteration,3,31,6.532899,0.196068
[MO833] Paramount Iteration,2,32,6.725240,0.192635
[MO833] Paramount Iteration,0,32,6.725932,0.194909
[MO833] Paramount Iteration,1,32,6.726984,0.194549
[MO833] Paramount Iteration,3,32,6.727375,0.194476
[MO833] Paramount Iteration,2,33,6.920268,0.195028
[MO833] Paramount Iteration,0,33,6.920784,0.194852
[MO833] Paramount Iteration,1,33,6.921979,0.194995
[MO833] Paramount Iteration,3,33,6.922239,0.194864
[MO833] Paramount Iteration,0,34,7.130101,0.209317
[MO833] Paramount Iteration,3,34,7.131951,0.209712
[MO833] Paramount Iteration,2,34,7.132570,0.212302
[MO833] Paramount Iteration,1,34,7.137195,0.215216
[MO833] Paramount Iteration,2,35,7.331677,0.199107
[MO833] Paramount Iteration,0,35,7.332313,0.202212
[MO833] Paramount Iteration,1,35,7.333466,0.196271
[MO833] Paramount Iteration,3,35,7.333802,0.201851
[MO833] Paramount Iteration,2,36,7.526848,0.195171
[MO833] Paramount Iteration,0,36,7.527463,0.195150
[MO833] Paramount Iteration,1,36,7.528630,0.195164
[MO833] Paramount Iteration,3,36,7.528945,0.195143
[MO833] Paramount Iteration,2,37,7.721932,0.195084
[MO833] Paramount Iteration,0,37,7.722701,0.195238
[MO833] Paramount Iteration,1,37,7.723731,0.195101
[MO833] Paramount Iteration,3,37,7.724097,0.195152
[MO833] Paramount Iteration,2,38,7.916883,0.194951
[MO833] Paramount Iteration,0,38,7.917485,0.194784
[MO833] Paramount Iteration,1,38,7.918682,0.194951
[MO833] Paramount Iteration,3,38,7.918967,0.194870
[MO833] Paramount Iteration,2,39,8.127135,0.210252
[MO833] Paramount Iteration,1,39,8.128888,0.210206
[MO833] Paramount Iteration,0,39,8.133328,0.215843
 Time step   40
[MO833] Paramount Iteration,3,39,8.134772,0.215805
[MO833] Paramount Iteration,2,40,8.328553,0.201418
[MO833] Paramount Iteration,0,40,8.329133,0.195805
[MO833] Paramount Iteration,1,40,8.330292,0.201404
[MO833] Paramount Iteration,3,40,8.330589,0.195817
[MO833] Paramount Iteration,0,41,8.521952,0.192819
[MO833] Paramount Iteration,3,41,8.523734,0.193145
[MO833] Paramount Iteration,1,41,8.523874,0.193582
[MO833] Paramount Iteration,2,41,8.526288,0.197735
[MO833] Paramount Iteration,2,42,8.718413,0.192125
[MO833] Paramount Iteration,0,42,8.719104,0.197152
[MO833] Paramount Iteration,1,42,8.720156,0.196282
[MO833] Paramount Iteration,3,42,8.720577,0.196843
[MO833] Paramount Iteration,2,43,8.913219,0.194806
[MO833] Paramount Iteration,0,43,8.913910,0.194806
[MO833] Paramount Iteration,1,43,8.914976,0.194820
[MO833] Paramount Iteration,3,43,8.915363,0.194786
[MO833] Paramount Iteration,2,44,9.108223,0.195004
[MO833] Paramount Iteration,0,44,9.108870,0.194960
[MO833] Paramount Iteration,1,44,9.110011,0.195035
[MO833] Paramount Iteration,3,44,9.110279,0.194916
[MO833] Paramount Iteration,2,45,9.303197,0.194974
[MO833] Paramount Iteration,0,45,9.303709,0.194839
[MO833] Paramount Iteration,1,45,9.304910,0.194899
[MO833] Paramount Iteration,3,45,9.305220,0.194941
[MO833] Paramount Iteration,2,46,9.498535,0.195338
[MO833] Paramount Iteration,0,46,9.499011,0.195302
[MO833] Paramount Iteration,1,46,9.500291,0.195381
[MO833] Paramount Iteration,3,46,9.500537,0.195317
[MO833] Paramount Iteration,2,47,9.693502,0.194967
[MO833] Paramount Iteration,0,47,9.694163,0.195152
[MO833] Paramount Iteration,1,47,9.695231,0.194940
[MO833] Paramount Iteration,3,47,9.695636,0.195099
[MO833] Paramount Iteration,2,48,9.888752,0.195250
[MO833] Paramount Iteration,0,48,9.889290,0.195127
[MO833] Paramount Iteration,1,48,9.890450,0.195219
[MO833] Paramount Iteration,3,48,9.890778,0.195142
[MO833] Paramount Iteration,2,49,10.083677,0.194925
[MO833] Paramount Iteration,0,49,10.084330,0.195040
[MO833] Paramount Iteration,1,49,10.085470,0.195020
[MO833] Paramount Iteration,3,49,10.085825,0.195047
[MO833] Paramount Iteration,2,50,10.278912,0.195235
[MO833] Paramount Iteration,0,50,10.279460,0.195130
[MO833] Paramount Iteration,1,50,10.280671,0.195201
[MO833] Paramount Iteration,3,50,10.280955,0.195130
[MO833] Paramount Iteration,2,51,10.474302,0.195390
[MO833] Paramount Iteration,1,51,10.476156,0.195485
[MO833] Paramount Iteration,3,51,10.476590,0.195635
[MO833] Paramount Iteration,0,51,10.476782,0.197322
[MO833] Paramount Iteration,2,52,10.669427,0.195125
[MO833] Paramount Iteration,0,52,10.669975,0.193193
[MO833] Paramount Iteration,1,52,10.671154,0.194998
[MO833] Paramount Iteration,3,52,10.671426,0.194836
[MO833] Paramount Iteration,2,53,10.864184,0.194757
[MO833] Paramount Iteration,0,53,10.864789,0.194814
[MO833] Paramount Iteration,1,53,10.865941,0.194787
[MO833] Paramount Iteration,3,53,10.866276,0.194850
[MO833] Paramount Iteration,0,54,11.060837,0.196048
[MO833] Paramount Iteration,1,54,11.062525,0.196584
[MO833] Paramount Iteration,3,54,11.062632,0.196356
[MO833] Paramount Iteration,2,54,11.064641,0.200457
[MO833] Paramount Iteration,2,55,11.257952,0.193311
[MO833] Paramount Iteration,0,55,11.258467,0.197630
[MO833] Paramount Iteration,1,55,11.259672,0.197147
[MO833] Paramount Iteration,3,55,11.259949,0.197317
[MO833] Paramount Iteration,2,56,11.452832,0.194880
[MO833] Paramount Iteration,0,56,11.453429,0.194962
[MO833] Paramount Iteration,1,56,11.454581,0.194909
[MO833] Paramount Iteration,3,56,11.454870,0.194921
[MO833] Paramount Iteration,2,57,11.647818,0.194986
[MO833] Paramount Iteration,0,57,11.648399,0.194970
[MO833] Paramount Iteration,1,57,11.649569,0.194988
[MO833] Paramount Iteration,3,57,11.649844,0.194974
[MO833] Paramount Iteration,2,58,11.842782,0.194964
[MO833] Paramount Iteration,0,58,11.843532,0.195133
[MO833] Paramount Iteration,1,58,11.844577,0.195008
[MO833] Paramount Iteration,3,58,11.844939,0.195095
[MO833] Paramount Iteration,2,59,12.037876,0.195094
[MO833] Paramount Iteration,0,59,12.038380,0.194848
 Time step   60
[MO833] Paramount Iteration,1,59,12.039565,0.194988
[MO833] Paramount Iteration,3,59,12.039827,0.194888
[MO833] Paramount Iteration,2,60,12.232622,0.194746
[MO833] Paramount Iteration,0,60,12.233173,0.194793
[MO833] Paramount Iteration,1,60,12.234331,0.194766
[MO833] Paramount Iteration,3,60,12.234584,0.194757
[MO833] Paramount Iteration,2,61,12.427212,0.194590
[MO833] Paramount Iteration,0,61,12.427851,0.194678
[MO833] Paramount Iteration,1,61,12.429008,0.194677
[MO833] Paramount Iteration,3,61,12.429365,0.194781
[MO833] Paramount Iteration,2,62,12.622077,0.194865
[MO833] Paramount Iteration,0,62,12.622676,0.194825
[MO833] Paramount Iteration,1,62,12.623817,0.194809
[MO833] Paramount Iteration,3,62,12.624152,0.194787
[MO833] Paramount Iteration,2,63,12.816938,0.194861
[MO833] Paramount Iteration,0,63,12.817670,0.194994
[MO833] Paramount Iteration,1,63,12.818720,0.194903
[MO833] Paramount Iteration,3,63,12.819095,0.194943
[MO833] Paramount Iteration,2,64,13.011700,0.194762
[MO833] Paramount Iteration,0,64,13.012302,0.194632
[MO833] Paramount Iteration,1,64,13.013470,0.194750
[MO833] Paramount Iteration,3,64,13.013793,0.194698
[MO833] Paramount Iteration,2,65,13.206927,0.195227
[MO833] Paramount Iteration,1,65,13.208759,0.195289
[MO833] Paramount Iteration,3,65,13.209134,0.195341
[MO833] Paramount Iteration,0,65,13.209338,0.197036
[MO833] Paramount Iteration,2,66,13.402076,0.195149
[MO833] Paramount Iteration,0,66,13.402684,0.193346
[MO833] Paramount Iteration,1,66,13.403797,0.195038
[MO833] Paramount Iteration,3,66,13.404160,0.195026
[MO833] Paramount Iteration,2,67,13.597246,0.195170
[MO833] Paramount Iteration,0,67,13.597794,0.195110
[MO833] Paramount Iteration,1,67,13.598964,0.195167
[MO833] Paramount Iteration,3,67,13.599243,0.195083
[MO833] Paramount Iteration,2,68,13.792016,0.194770
[MO833] Paramount Iteration,0,68,13.792694,0.194900
[MO833] Paramount Iteration,1,68,13.793821,0.194857
[MO833] Paramount Iteration,3,68,13.794156,0.194913
[MO833] Paramount Iteration,0,69,13.985677,0.192983
[MO833] Paramount Iteration,3,69,13.987417,0.193261
[MO833] Paramount Iteration,1,69,13.988964,0.195143
[MO833] Paramount Iteration,2,69,13.993971,0.201955
[MO833] Paramount Iteration,2,70,14.185710,0.191739
[MO833] Paramount Iteration,0,70,14.186308,0.200631
[MO833] Paramount Iteration,1,70,14.187477,0.198513
[MO833] Paramount Iteration,3,70,14.187799,0.200382
[MO833] Paramount Iteration,2,71,14.380522,0.194812
[MO833] Paramount Iteration,0,71,14.381157,0.194849
[MO833] Paramount Iteration,1,71,14.382273,0.194796
[MO833] Paramount Iteration,3,71,14.382623,0.194824
[MO833] Paramount Iteration,2,72,14.575355,0.194833
[MO833] Paramount Iteration,0,72,14.575995,0.194838
[MO833] Paramount Iteration,1,72,14.577100,0.194827
[MO833] Paramount Iteration,3,72,14.577490,0.194867
[MO833] Paramount Iteration,2,73,14.770189,0.194834
[MO833] Paramount Iteration,0,73,14.770858,0.194863
[MO833] Paramount Iteration,1,73,14.771954,0.194854
[MO833] Paramount Iteration,3,73,14.772323,0.194833
[MO833] Paramount Iteration,2,74,14.965074,0.194885
[MO833] Paramount Iteration,0,74,14.965711,0.194853
[MO833] Paramount Iteration,1,74,14.966839,0.194885
[MO833] Paramount Iteration,3,74,14.967147,0.194824
[MO833] Paramount Iteration,0,75,15.173430,0.207719
[MO833] Paramount Iteration,2,75,15.173779,0.208705
[MO833] Paramount Iteration,3,75,15.175083,0.207936
[MO833] Paramount Iteration,1,75,15.175936,0.209097
[MO833] Paramount Iteration,2,76,15.370400,0.196621
[MO833] Paramount Iteration,0,76,15.370934,0.197504
[MO833] Paramount Iteration,1,76,15.372115,0.196179
[MO833] Paramount Iteration,3,76,15.372434,0.197351
[MO833] Paramount Iteration,2,77,15.566168,0.195768
[MO833] Paramount Iteration,0,77,15.566595,0.195661
[MO833] Paramount Iteration,1,77,15.567844,0.195729
[MO833] Paramount Iteration,3,77,15.568057,0.195623
[MO833] Paramount Iteration,2,78,15.761352,0.195184
[MO833] Paramount Iteration,0,78,15.761943,0.195348
[MO833] Paramount Iteration,1,78,15.763101,0.195257
[MO833] Paramount Iteration,3,78,15.763429,0.195372
[MO833] Paramount Iteration,2,79,15.956458,0.195106
[MO833] Paramount Iteration,0,79,15.957045,0.195102
 Time step   80
[MO833] Paramount Iteration,1,79,15.958180,0.195079
[MO833] Paramount Iteration,3,79,15.958528,0.195099
[MO833] Paramount Iteration,2,80,16.163681,0.207223
[MO833] Paramount Iteration,0,80,16.165301,0.208256
[MO833] Paramount Iteration,1,80,16.165384,0.207204
[MO833] Paramount Iteration,3,80,16.168147,0.209619
[MO833] Paramount Iteration,2,81,16.362197,0.198516
[MO833] Paramount Iteration,1,81,16.363816,0.198432
[MO833] Paramount Iteration,3,81,16.364143,0.195996
[MO833] Paramount Iteration,0,81,16.368462,0.203161
[MO833] Paramount Iteration,2,82,16.560356,0.198159
[MO833] Paramount Iteration,0,82,16.561109,0.192647
[MO833] Paramount Iteration,1,82,16.562149,0.198333
[MO833] Paramount Iteration,3,82,16.562545,0.198402
[MO833] Paramount Iteration,2,83,16.755657,0.195301
[MO833] Paramount Iteration,0,83,16.756273,0.195164
[MO833] Paramount Iteration,1,83,16.757432,0.195283
[MO833] Paramount Iteration,3,83,16.757726,0.195181
[MO833] Paramount Iteration,2,84,16.950481,0.194824
[MO833] Paramount Iteration,0,84,16.951172,0.194899
[MO833] Paramount Iteration,1,84,16.952258,0.194826
[MO833] Paramount Iteration,3,84,16.952625,0.194899
[MO833] Paramount Iteration,2,85,17.145278,0.194797
[MO833] Paramount Iteration,0,85,17.146011,0.194839
[MO833] Paramount Iteration,1,85,17.147047,0.194789
[MO833] Paramount Iteration,3,85,17.147438,0.194813
[MO833] Paramount Iteration,2,86,17.340127,0.194849
[MO833] Paramount Iteration,0,86,17.340850,0.194839
[MO833] Paramount Iteration,1,86,17.341939,0.194892
[MO833] Paramount Iteration,3,86,17.342276,0.194838
[MO833] Paramount Iteration,2,87,17.535204,0.195077
[MO833] Paramount Iteration,0,87,17.535836,0.194986
[MO833] Paramount Iteration,1,87,17.537022,0.195083
[MO833] Paramount Iteration,3,87,17.537302,0.195026
[MO833] Paramount Iteration,2,88,17.733946,0.198742
[MO833] Paramount Iteration,0,88,17.734459,0.198623
[MO833] Paramount Iteration,1,88,17.735642,0.198620
[MO833] Paramount Iteration,3,88,17.735934,0.198632
[MO833] Paramount Iteration,2,89,17.928936,0.194990
[MO833] Paramount Iteration,0,89,17.929342,0.194883
[MO833] Paramount Iteration,1,89,17.930629,0.194987
[MO833] Paramount Iteration,3,89,17.930832,0.194898
[MO833] Paramount Iteration,2,90,18.123547,0.194611
[MO833] Paramount Iteration,0,90,18.124254,0.194912
[MO833] Paramount Iteration,1,90,18.125340,0.194711
[MO833] Paramount Iteration,3,90,18.125721,0.194889
[MO833] Paramount Iteration,2,91,18.318690,0.195143
[MO833] Paramount Iteration,0,91,18.319317,0.195063
[MO833] Paramount Iteration,1,91,18.320459,0.195119
[MO833] Paramount Iteration,3,91,18.320808,0.195087
[MO833] Paramount Iteration,2,92,18.513745,0.195055
[MO833] Paramount Iteration,0,92,18.514353,0.195036
[MO833] Paramount Iteration,1,92,18.515480,0.195021
[MO833] Paramount Iteration,3,92,18.515804,0.194996
[MO833] Paramount Iteration,2,93,18.708706,0.194961
[MO833] Paramount Iteration,0,93,18.709413,0.195060
[MO833] Paramount Iteration,1,93,18.710445,0.194965
[MO833] Paramount Iteration,3,93,18.710825,0.195021
[MO833] Paramount Iteration,2,94,18.903714,0.195008
[MO833] Paramount Iteration,0,94,18.904376,0.194963
[MO833] Paramount Iteration,1,94,18.905496,0.195051
[MO833] Paramount Iteration,3,94,18.905811,0.194986
[MO833] Paramount Iteration,2,95,19.098978,0.195264
[MO833] Paramount Iteration,0,95,19.099564,0.195188
[MO833] Paramount Iteration,1,95,19.100760,0.195264
[MO833] Paramount Iteration,3,95,19.101091,0.195280
[MO833] Paramount Iteration,2,96,19.294089,0.195111
[MO833] Paramount Iteration,0,96,19.294841,0.195277
[MO833] Paramount Iteration,1,96,19.295875,0.195115
[MO833] Paramount Iteration,3,96,19.296268,0.195177
[MO833] Paramount Iteration,2,97,19.488923,0.194834
[MO833] Paramount Iteration,0,97,19.489589,0.194748
[MO833] Paramount Iteration,1,97,19.490688,0.194813
[MO833] Paramount Iteration,3,97,19.491011,0.194743
[MO833] Paramount Iteration,2,98,19.683703,0.194780
[MO833] Paramount Iteration,0,98,19.684363,0.194774
[MO833] Paramount Iteration,1,98,19.685480,0.194792
[MO833] Paramount Iteration,3,98,19.685806,0.194795
[MO833] Paramount Iteration,2,99,19.878778,0.195075
[MO833] Paramount Iteration,0,99,19.879587,0.195224
 Time step  100
[MO833] Paramount Iteration,1,99,19.880558,0.195078
[MO833] Paramount Iteration,3,99,19.881041,0.195235
[MO833] Paramount Iteration,2,100,20.073802,0.195024
[MO833] Paramount Iteration,0,100,20.074281,0.194694
[MO833] Paramount Iteration,1,100,20.075478,0.194920
[MO833] Paramount Iteration,3,100,20.075806,0.194765
[MO833] Paramount Iteration,2,101,20.268530,0.194728
[MO833] Paramount Iteration,0,101,20.269056,0.194775
[MO833] Paramount Iteration,1,101,20.270230,0.194752
[MO833] Paramount Iteration,3,101,20.270538,0.194732
[MO833] Paramount Iteration,2,102,20.461754,0.193224
[MO833] Paramount Iteration,1,102,20.463578,0.193348
[MO833] Paramount Iteration,3,102,20.464040,0.193502
[MO833] Paramount Iteration,0,102,20.465813,0.196757
[MO833] Paramount Iteration,2,103,20.658120,0.196366
[MO833] Paramount Iteration,0,103,20.658724,0.192911
[MO833] Paramount Iteration,1,103,20.659841,0.196263
[MO833] Paramount Iteration,3,103,20.660181,0.196141
[MO833] Paramount Iteration,2,104,20.853147,0.195027
[MO833] Paramount Iteration,0,104,20.853655,0.194931
[MO833] Paramount Iteration,1,104,20.854822,0.194981
[MO833] Paramount Iteration,3,104,20.855099,0.194918
[MO833] Paramount Iteration,2,105,21.047702,0.194555
[MO833] Paramount Iteration,0,105,21.048363,0.194708
[MO833] Paramount Iteration,1,105,21.049502,0.194680
[MO833] Paramount Iteration,3,105,21.049841,0.194742
[MO833] Paramount Iteration,2,106,21.242887,0.195185
[MO833] Paramount Iteration,0,106,21.243519,0.195156
[MO833] Paramount Iteration,1,106,21.244677,0.195175
[MO833] Paramount Iteration,3,106,21.244971,0.195130
[MO833] Paramount Iteration,2,107,21.437732,0.194845
[MO833] Paramount Iteration,0,107,21.438438,0.194919
[MO833] Paramount Iteration,1,107,21.439505,0.194828
[MO833] Paramount Iteration,3,107,21.439876,0.194905
[MO833] Paramount Iteration,2,108,21.632683,0.194951
[MO833] Paramount Iteration,0,108,21.633219,0.194781
[MO833] Paramount Iteration,1,108,21.634433,0.194928
[MO833] Paramount Iteration,3,108,21.634675,0.194799
[MO833] Paramount Iteration,2,109,21.827535,0.194852
[MO833] Paramount Iteration,0,109,21.828254,0.195035
[MO833] Paramount Iteration,1,109,21.829321,0.194888
[MO833] Paramount Iteration,3,109,21.829666,0.194991
[MO833] Paramount Iteration,0,110,22.023497,0.195243
[MO833] Paramount Iteration,1,110,22.025053,0.195732
[MO833] Paramount Iteration,2,110,22.025233,0.197698
[MO833] Paramount Iteration,3,110,22.025382,0.195716
[MO833] Paramount Iteration,2,111,22.218316,0.193083
[MO833] Paramount Iteration,0,111,22.219089,0.195592
[MO833] Paramount Iteration,1,111,22.220073,0.195020
[MO833] Paramount Iteration,3,111,22.220514,0.195132
[MO833] Paramount Iteration,2,112,22.413319,0.195003
[MO833] Paramount Iteration,0,112,22.413947,0.194858
[MO833] Paramount Iteration,1,112,22.415081,0.195008
[MO833] Paramount Iteration,3,112,22.415394,0.194880
[MO833] Paramount Iteration,2,113,22.608074,0.194755
[MO833] Paramount Iteration,0,113,22.608743,0.194796
[MO833] Paramount Iteration,1,113,22.609855,0.194774
[MO833] Paramount Iteration,3,113,22.610194,0.194800
[MO833] Paramount Iteration,2,114,22.802944,0.194870
[MO833] Paramount Iteration,0,114,22.803575,0.194832
[MO833] Paramount Iteration,1,114,22.804735,0.194880
[MO833] Paramount Iteration,3,114,22.805066,0.194872
[MO833] Paramount Iteration,2,115,22.997915,0.194971
[MO833] Paramount Iteration,0,115,22.998510,0.194935
[MO833] Paramount Iteration,1,115,22.999660,0.194925
[MO833] Paramount Iteration,3,115,22.999975,0.194909
[MO833] Paramount Iteration,2,116,23.192859,0.194944
[MO833] Paramount Iteration,0,116,23.193386,0.194876
[MO833] Paramount Iteration,1,116,23.194604,0.194944
[MO833] Paramount Iteration,3,116,23.194879,0.194904
[MO833] Paramount Iteration,2,117,23.387663,0.194804
[MO833] Paramount Iteration,0,117,23.388297,0.194911
[MO833] Paramount Iteration,1,117,23.389416,0.194812
[MO833] Paramount Iteration,3,117,23.389793,0.194914
[MO833] Paramount Iteration,2,118,23.582735,0.195072
[MO833] Paramount Iteration,0,118,23.583215,0.194918
[MO833] Paramount Iteration,1,118,23.584447,0.195031
[MO833] Paramount Iteration,3,118,23.584759,0.194966
[MO833] Paramount Iteration,2,119,23.777609,0.194874
[MO833] Paramount Iteration,0,119,23.778258,0.195043
 Time step  120
[MO833] Paramount Iteration,1,119,23.779385,0.194938
[MO833] Paramount Iteration,3,119,23.779732,0.194973
[MO833] Paramount Iteration,2,120,23.972688,0.195079
[MO833] Paramount Iteration,0,120,23.973305,0.195047
[MO833] Paramount Iteration,1,120,23.974438,0.195053
[MO833] Paramount Iteration,3,120,23.974742,0.195010
[MO833] Paramount Iteration,2,121,24.167477,0.194789
[MO833] Paramount Iteration,0,121,24.168209,0.194904
[MO833] Paramount Iteration,1,121,24.169289,0.194851
[MO833] Paramount Iteration,3,121,24.169671,0.194929
[MO833] Paramount Iteration,2,122,24.362878,0.195401
[MO833] Paramount Iteration,0,122,24.363457,0.195248
[MO833] Paramount Iteration,1,122,24.364623,0.195334
[MO833] Paramount Iteration,3,122,24.364932,0.195261
[MO833] Paramount Iteration,2,123,24.557626,0.194748
[MO833] Paramount Iteration,0,123,24.558318,0.194861
[MO833] Paramount Iteration,1,123,24.559414,0.194791
[MO833] Paramount Iteration,3,123,24.559724,0.194792
[MO833] Paramount Iteration,2,124,24.752796,0.195170
[MO833] Paramount Iteration,0,124,24.753366,0.195048
[MO833] Paramount Iteration,1,124,24.754522,0.195108
[MO833] Paramount Iteration,3,124,24.754851,0.195127
[MO833] Paramount Iteration,2,125,24.947435,0.194639
[MO833] Paramount Iteration,0,125,24.948087,0.194721
[MO833] Paramount Iteration,1,125,24.949261,0.194739
[MO833] Paramount Iteration,3,125,24.949547,0.194696
[MO833] Paramount Iteration,2,126,25.140807,0.193372
[MO833] Paramount Iteration,1,126,25.142515,0.193254
[MO833] Paramount Iteration,3,126,25.143326,0.193779
[MO833] Paramount Iteration,0,126,25.145665,0.197578
[MO833] Paramount Iteration,2,127,25.337994,0.197187
[MO833] Paramount Iteration,0,127,25.338623,0.192958
[MO833] Paramount Iteration,1,127,25.339726,0.197211
[MO833] Paramount Iteration,3,127,25.340030,0.196704
[MO833] Paramount Iteration,2,128,25.532962,0.194968
[MO833] Paramount Iteration,0,128,25.533592,0.194969
[MO833] Paramount Iteration,1,128,25.534707,0.194981
[MO833] Paramount Iteration,3,128,25.535072,0.195042
[MO833] Paramount Iteration,2,129,25.727828,0.194866
[MO833] Paramount Iteration,0,129,25.728434,0.194842
[MO833] Paramount Iteration,1,129,25.729638,0.194931
[MO833] Paramount Iteration,3,129,25.729938,0.194866
[MO833] Paramount Iteration,2,130,25.922692,0.194864
[MO833] Paramount Iteration,0,130,25.923400,0.194966
[MO833] Paramount Iteration,1,130,25.924509,0.194871
[MO833] Paramount Iteration,3,130,25.924852,0.194914
[MO833] Paramount Iteration,2,131,26.117818,0.195126
[MO833] Paramount Iteration,0,131,26.118353,0.194953
[MO833] Paramount Iteration,1,131,26.119543,0.195034
[MO833] Paramount Iteration,3,131,26.119806,0.194954
[MO833] Paramount Iteration,2,132,26.312575,0.194757
[MO833] Paramount Iteration,0,132,26.313271,0.194918
[MO833] Paramount Iteration,1,132,26.314330,0.194787
[MO833] Paramount Iteration,3,132,26.314715,0.194909
[MO833] Paramount Iteration,2,133,26.507697,0.195122
[MO833] Paramount Iteration,0,133,26.508386,0.195115
[MO833] Paramount Iteration,1,133,26.509482,0.195152
[MO833] Paramount Iteration,3,133,26.509829,0.195114
[MO833] Paramount Iteration,2,134,26.702687,0.194990
[MO833] Paramount Iteration,0,134,26.703418,0.195032
[MO833] Paramount Iteration,1,134,26.704476,0.194994
[MO833] Paramount Iteration,3,134,26.704857,0.195028
[MO833] Paramount Iteration,2,135,26.897760,0.195073
[MO833] Paramount Iteration,0,135,26.898274,0.194856
[MO833] Paramount Iteration,1,135,26.899494,0.195018
[MO833] Paramount Iteration,3,135,26.899756,0.194899
[MO833] Paramount Iteration,0,136,27.091158,0.192884
[MO833] Paramount Iteration,3,136,27.092980,0.193224
[MO833] Paramount Iteration,1,136,27.093162,0.193668
[MO833] Paramount Iteration,2,136,27.095485,0.197725
[MO833] Paramount Iteration,2,137,27.287667,0.192182
[MO833] Paramount Iteration,0,137,27.288318,0.197160
[MO833] Paramount Iteration,1,137,27.289440,0.196278
[MO833] Paramount Iteration,3,137,27.289799,0.196819
[MO833] Paramount Iteration,2,138,27.482597,0.194930
[MO833] Paramount Iteration,0,138,27.483155,0.194837
[MO833] Paramount Iteration,1,138,27.484374,0.194934
[MO833] Paramount Iteration,3,138,27.484667,0.194868
[MO833] Paramount Iteration,2,139,27.677510,0.194913
[MO833] Paramount Iteration,0,139,27.678092,0.194937
 Time step  140
[MO833] Paramount Iteration,1,139,27.679231,0.194857
[MO833] Paramount Iteration,3,139,27.679573,0.194906
[MO833] Paramount Iteration,2,140,27.872656,0.195146
[MO833] Paramount Iteration,0,140,27.873336,0.195244
[MO833] Paramount Iteration,1,140,27.874435,0.195204
[MO833] Paramount Iteration,3,140,27.874792,0.195219
[MO833] Paramount Iteration,2,141,28.067688,0.195032
[MO833] Paramount Iteration,0,141,28.068344,0.195008
[MO833] Paramount Iteration,1,141,28.069464,0.195029
[MO833] Paramount Iteration,3,141,28.069784,0.194992
[MO833] Paramount Iteration,2,142,28.262587,0.194899
[MO833] Paramount Iteration,0,142,28.263343,0.194999
[MO833] Paramount Iteration,1,142,28.264392,0.194928
[MO833] Paramount Iteration,3,142,28.264788,0.195004
[MO833] Paramount Iteration,2,143,28.457681,0.195094
[MO833] Paramount Iteration,0,143,28.458293,0.194950
[MO833] Paramount Iteration,1,143,28.459410,0.195018
[MO833] Paramount Iteration,3,143,28.459774,0.194986
[MO833] Paramount Iteration,2,144,28.652127,0.194446
[MO833] Paramount Iteration,0,144,28.652812,0.194519
[MO833] Paramount Iteration,1,144,28.653941,0.194531
[MO833] Paramount Iteration,3,144,28.654271,0.194497
[MO833] Paramount Iteration,2,145,28.847201,0.195074
[MO833] Paramount Iteration,0,145,28.847862,0.195050
[MO833] Paramount Iteration,1,145,28.849005,0.195064
[MO833] Paramount Iteration,3,145,28.849352,0.195081
[MO833] Paramount Iteration,2,146,29.042054,0.194853
[MO833] Paramount Iteration,0,146,29.042722,0.194860
[MO833] Paramount Iteration,1,146,29.043851,0.194846
[MO833] Paramount Iteration,3,146,29.044139,0.194787
[MO833] Paramount Iteration,2,147,29.237299,0.195245
[MO833] Paramount Iteration,0,147,29.237920,0.195198
[MO833] Paramount Iteration,1,147,29.239035,0.195184
[MO833] Paramount Iteration,3,147,29.239355,0.195216
[MO833] Paramount Iteration,2,148,29.432416,0.195117
[MO833] Paramount Iteration,0,148,29.432824,0.194904
[MO833] Paramount Iteration,1,148,29.434082,0.195047
[MO833] Paramount Iteration,3,148,29.434342,0.194987
[MO833] Paramount Iteration,2,149,29.627225,0.194809
[MO833] Paramount Iteration,0,149,29.627855,0.195031
[MO833] Paramount Iteration,1,149,29.629025,0.194943
[MO833] Paramount Iteration,3,149,29.629361,0.195019
[MO833] Paramount Iteration,2,150,29.822416,0.195191
[MO833] Paramount Iteration,0,150,29.823119,0.195264
[MO833] Paramount Iteration,1,150,29.824222,0.195197
[MO833] Paramount Iteration,3,150,29.824563,0.195202
[MO833] Paramount Iteration,2,151,30.017264,0.194848
[MO833] Paramount Iteration,0,151,30.018017,0.194898
[MO833] Paramount Iteration,1,151,30.019063,0.194841
[MO833] Paramount Iteration,3,151,30.019444,0.194881
[MO833] Paramount Iteration,2,152,30.212300,0.195036
[MO833] Paramount Iteration,0,152,30.212767,0.194750
[MO833] Paramount Iteration,1,152,30.214022,0.194959
[MO833] Paramount Iteration,3,152,30.214242,0.194798
[MO833] Paramount Iteration,2,153,30.407107,0.194807
[MO833] Paramount Iteration,0,153,30.407740,0.194973
[MO833] Paramount Iteration,1,153,30.408884,0.194862
[MO833] Paramount Iteration,3,153,30.409225,0.194983
[MO833] Paramount Iteration,2,154,30.602691,0.195584
[MO833] Paramount Iteration,0,154,30.603338,0.195598
[MO833] Paramount Iteration,1,154,30.604519,0.195635
[MO833] Paramount Iteration,3,154,30.604823,0.195598
[MO833] Paramount Iteration,2,155,30.795125,0.192434
[MO833] Paramount Iteration,1,155,30.796269,0.191750
[MO833] Paramount Iteration,3,155,30.802250,0.197427
[MO833] Paramount Iteration,0,155,30.807966,0.204628
[MO833] Paramount Iteration,2,156,30.999856,0.204731
[MO833] Paramount Iteration,0,156,31.000546,0.192580
[MO833] Paramount Iteration,1,156,31.001621,0.205352
[MO833] Paramount Iteration,3,156,31.001995,0.199745
[MO833] Paramount Iteration,0,157,31.209102,0.208556
[MO833] Paramount Iteration,2,157,31.209401,0.209545
[MO833] Paramount Iteration,3,157,31.210750,0.208755
[MO833] Paramount Iteration,1,157,31.210937,0.209316
[MO833] Paramount Iteration,2,158,31.403975,0.194574
[MO833] Paramount Iteration,0,158,31.404599,0.195497
[MO833] Paramount Iteration,1,158,31.405743,0.194806
[MO833] Paramount Iteration,3,158,31.406100,0.195350
[MO833] Paramount Iteration,2,159,31.599132,0.195157
[MO833] Paramount Iteration,0,159,31.599612,0.195013
 Time step  160
[MO833] Paramount Iteration,1,159,31.600855,0.195112
[MO833] Paramount Iteration,3,159,31.601125,0.195025
[MO833] Paramount Iteration,2,160,31.794224,0.195092
[MO833] Paramount Iteration,0,160,31.794904,0.195292
[MO833] Paramount Iteration,1,160,31.795980,0.195125
[MO833] Paramount Iteration,3,160,31.796373,0.195248
[MO833] Paramount Iteration,2,161,31.989200,0.194976
[MO833] Paramount Iteration,0,161,31.989759,0.194855
[MO833] Paramount Iteration,1,161,31.990898,0.194918
[MO833] Paramount Iteration,3,161,31.991204,0.194831
[MO833] Paramount Iteration,2,162,32.197384,0.208184
[MO833] Paramount Iteration,0,162,32.199230,0.209471
[MO833] Paramount Iteration,1,162,32.199264,0.208366
[MO833] Paramount Iteration,3,162,32.200624,0.209420
[MO833] Paramount Iteration,2,163,32.394835,0.197451
[MO833] Paramount Iteration,0,163,32.395463,0.196233
[MO833] Paramount Iteration,1,163,32.396642,0.197378
[MO833] Paramount Iteration,3,163,32.396971,0.196347
[MO833] Paramount Iteration,2,164,32.589794,0.194959
[MO833] Paramount Iteration,0,164,32.590403,0.194940
[MO833] Paramount Iteration,1,164,32.591514,0.194872
[MO833] Paramount Iteration,3,164,32.591858,0.194887
[MO833] Paramount Iteration,2,165,32.784872,0.195078
[MO833] Paramount Iteration,0,165,32.785380,0.194977
[MO833] Paramount Iteration,1,165,32.786607,0.195093
[MO833] Paramount Iteration,3,165,32.786866,0.195008
[MO833] Paramount Iteration,2,166,32.979551,0.194679
[MO833] Paramount Iteration,0,166,32.980295,0.194915
[MO833] Paramount Iteration,1,166,32.981340,0.194733
[MO833] Paramount Iteration,3,166,32.981726,0.194860
[MO833] Paramount Iteration,2,167,33.175134,0.195583
[MO833] Paramount Iteration,0,167,33.175740,0.195445
[MO833] Paramount Iteration,1,167,33.176938,0.195598
[MO833] Paramount Iteration,3,167,33.177222,0.195496
[MO833] Paramount Iteration,0,168,33.369038,0.193298
[MO833] Paramount Iteration,1,168,33.370298,0.193360
[MO833] Paramount Iteration,3,168,33.370840,0.193618
[MO833] Paramount Iteration,2,168,33.372382,0.197248
[MO833] Paramount Iteration,2,169,33.564682,0.192300
[MO833] Paramount Iteration,0,169,33.565231,0.196193
[MO833] Paramount Iteration,1,169,33.566398,0.196100
[MO833] Paramount Iteration,3,169,33.566690,0.195850
[MO833] Paramount Iteration,2,170,33.759452,0.194770
[MO833] Paramount Iteration,0,170,33.760121,0.194890
[MO833] Paramount Iteration,1,170,33.761271,0.194873
[MO833] Paramount Iteration,3,170,33.761571,0.194881
[MO833] Paramount Iteration,2,171,33.955036,0.195584
[MO833] Paramount Iteration,0,171,33.955631,0.195510
[MO833] Paramount Iteration,1,171,33.956772,0.195501
[MO833] Paramount Iteration,3,171,33.957099,0.195528
[MO833] Paramount Iteration,2,172,34.149981,0.194945
[MO833] Paramount Iteration,0,172,34.150546,0.194915
[MO833] Paramount Iteration,1,172,34.151705,0.194933
[MO833] Paramount Iteration,3,172,34.151997,0.194898
[MO833] Paramount Iteration,2,173,34.344713,0.194732
[MO833] Paramount Iteration,0,173,34.345349,0.194803
[MO833] Paramount Iteration,1,173,34.346447,0.194742
[MO833] Paramount Iteration,3,173,34.346841,0.194844
[MO833] Paramount Iteration,2,174,34.539685,0.194972
[MO833] Paramount Iteration,0,174,34.540235,0.194886
[MO833] Paramount Iteration,1,174,34.541438,0.194991
[MO833] Paramount Iteration,3,174,34.541733,0.194892
[MO833] Paramount Iteration,2,175,34.734759,0.195074
[MO833] Paramount Iteration,0,175,34.735334,0.195099
[MO833] Paramount Iteration,1,175,34.736517,0.195079
[MO833] Paramount Iteration,3,175,34.736843,0.195110
[MO833] Paramount Iteration,2,176,34.930440,0.195681
[MO833] Paramount Iteration,0,176,34.931096,0.195762
[MO833] Paramount Iteration,1,176,34.932295,0.195778
[MO833] Paramount Iteration,3,176,34.932586,0.195743
[MO833] Paramount Iteration,2,177,35.125277,0.194837
[MO833] Paramount Iteration,0,177,35.125979,0.194883
[MO833] Paramount Iteration,1,177,35.127010,0.194715
[MO833] Paramount Iteration,3,177,35.127395,0.194809
[MO833] Paramount Iteration,2,178,35.320324,0.195047
[MO833] Paramount Iteration,0,178,35.320854,0.194875
[MO833] Paramount Iteration,1,178,35.322050,0.195040
[MO833] Paramount Iteration,3,178,35.322352,0.194957
[MO833] Paramount Iteration,2,179,35.515111,0.194787
[MO833] Paramount Iteration,0,179,35.515765,0.194911
 Time step  180
[MO833] Paramount Iteration,1,179,35.516888,0.194838
[MO833] Paramount Iteration,3,179,35.517191,0.194839
[MO833] Paramount Iteration,2,180,35.710028,0.194917
[MO833] Paramount Iteration,0,180,35.710655,0.194890
[MO833] Paramount Iteration,1,180,35.711805,0.194917
[MO833] Paramount Iteration,3,180,35.712112,0.194921
[MO833] Paramount Iteration,2,181,35.904676,0.194648
[MO833] Paramount Iteration,0,181,35.905400,0.194745
[MO833] Paramount Iteration,1,181,35.906463,0.194658
[MO833] Paramount Iteration,3,181,35.906867,0.194755
[MO833] Paramount Iteration,2,182,36.100032,0.195356
[MO833] Paramount Iteration,0,182,36.100686,0.195286
[MO833] Paramount Iteration,1,182,36.101777,0.195314
[MO833] Paramount Iteration,3,182,36.102131,0.195264
[MO833] Paramount Iteration,2,183,36.294980,0.194948
[MO833] Paramount Iteration,0,183,36.295783,0.195097
[MO833] Paramount Iteration,1,183,36.296796,0.195019
[MO833] Paramount Iteration,3,183,36.297228,0.195097
[MO833] Paramount Iteration,2,184,36.490180,0.195200
[MO833] Paramount Iteration,0,184,36.490823,0.195040
[MO833] Paramount Iteration,1,184,36.491953,0.195157
[MO833] Paramount Iteration,3,184,36.492283,0.195055
[MO833] Paramount Iteration,2,185,36.685001,0.194821
[MO833] Paramount Iteration,0,185,36.685550,0.194727
[MO833] Paramount Iteration,1,185,36.686683,0.194730
[MO833] Paramount Iteration,3,185,36.687020,0.194737
[MO833] Paramount Iteration,2,186,36.879856,0.194855
[MO833] Paramount Iteration,0,186,36.880491,0.194941
[MO833] Paramount Iteration,1,186,36.881627,0.194944
[MO833] Paramount Iteration,3,186,36.881963,0.194943
[MO833] Paramount Iteration,2,187,37.074912,0.195056
[MO833] Paramount Iteration,0,187,37.075663,0.195172
[MO833] Paramount Iteration,1,187,37.076726,0.195099
[MO833] Paramount Iteration,3,187,37.077118,0.195155
[MO833] Paramount Iteration,2,188,37.269813,0.194901
[MO833] Paramount Iteration,0,188,37.270437,0.194774
[MO833] Paramount Iteration,1,188,37.271589,0.194863
[MO833] Paramount Iteration,3,188,37.271896,0.194778
[MO833] Paramount Iteration,2,189,37.464772,0.194959
[MO833] Paramount Iteration,0,189,37.465414,0.194977
[MO833] Paramount Iteration,1,189,37.466524,0.194935
[MO833] Paramount Iteration,3,189,37.466889,0.194993
[MO833] Paramount Iteration,2,190,37.658031,0.193259
[MO833] Paramount Iteration,1,190,37.659764,0.193240
[MO833] Paramount Iteration,3,190,37.661630,0.194741
[MO833] Paramount Iteration,0,190,37.666750,0.201336
[MO833] Paramount Iteration,2,191,37.858680,0.200649
[MO833] Paramount Iteration,0,191,37.859454,0.192704
[MO833] Paramount Iteration,1,191,37.860440,0.200676
[MO833] Paramount Iteration,3,191,37.860941,0.199311
[MO833] Paramount Iteration,2,192,38.053896,0.195216
[MO833] Paramount Iteration,0,192,38.054411,0.194957
[MO833] Paramount Iteration,1,192,38.055621,0.195181
[MO833] Paramount Iteration,3,192,38.055886,0.194945
[MO833] Paramount Iteration,2,193,38.248687,0.194791
[MO833] Paramount Iteration,0,193,38.249306,0.194895
[MO833] Paramount Iteration,1,193,38.250419,0.194798
[MO833] Paramount Iteration,3,193,38.250752,0.194866
[MO833] Paramount Iteration,2,194,38.443856,0.195169
[MO833] Paramount Iteration,0,194,38.444414,0.195108
[MO833] Paramount Iteration,1,194,38.445638,0.195219
[MO833] Paramount Iteration,3,194,38.445913,0.195161
[MO833] Paramount Iteration,2,195,38.639004,0.195148
[MO833] Paramount Iteration,0,195,38.639624,0.195210
[MO833] Paramount Iteration,1,195,38.640791,0.195153
[MO833] Paramount Iteration,3,195,38.641084,0.195171
[MO833] Paramount Iteration,2,196,38.834260,0.195256
[MO833] Paramount Iteration,0,196,38.834904,0.195280
[MO833] Paramount Iteration,1,196,38.836029,0.195238
[MO833] Paramount Iteration,3,196,38.836394,0.195310
[MO833] Paramount Iteration,2,197,39.029835,0.195575
[MO833] Paramount Iteration,0,197,39.030358,0.195454
[MO833] Paramount Iteration,1,197,39.031559,0.195530
[MO833] Paramount Iteration,3,197,39.031780,0.195386
[MO833] Paramount Iteration,2,198,39.224515,0.194680
[MO833] Paramount Iteration,0,198,39.225130,0.194772
[MO833] Paramount Iteration,1,198,39.226259,0.194700
[MO833] Paramount Iteration,3,198,39.226540,0.194760
[MO833] Paramount Iteration,2,199,39.419653,0.195138
[MO833] Paramount Iteration,0,199,39.420166,0.195036
 Time step  200
[MO833] Paramount Iteration,1,199,39.421377,0.195118
[MO833] Paramount Iteration,3,199,39.421658,0.195118
[MO833] Paramount Iteration,2,200,39.614705,0.195052
[MO833] Paramount Iteration,0,200,39.615342,0.195176
[MO833] Paramount Iteration,1,200,39.616508,0.195131
[MO833] Paramount Iteration,3,200,39.616844,0.195186
[MO833] Paramount Iteration,2,201,39.810064,0.195359
[MO833] Paramount Iteration,0,201,39.810623,0.195281
[MO833] Paramount Iteration,1,201,39.811800,0.195292
[MO833] Paramount Iteration,3,201,39.812040,0.195196
[MO833] Paramount Iteration,2,202,40.004756,0.194692
[MO833] Paramount Iteration,0,202,40.005420,0.194797
[MO833] Paramount Iteration,1,202,40.006508,0.194708
[MO833] Paramount Iteration,3,202,40.006852,0.194812
[MO833] Paramount Iteration,2,203,40.199978,0.195222
[MO833] Paramount Iteration,0,203,40.200745,0.195325
[MO833] Paramount Iteration,1,203,40.201795,0.195287
[MO833] Paramount Iteration,3,203,40.202204,0.195352
[MO833] Paramount Iteration,2,204,40.395428,0.195450
[MO833] Paramount Iteration,0,204,40.396142,0.195397
[MO833] Paramount Iteration,1,204,40.397217,0.195422
[MO833] Paramount Iteration,3,204,40.397609,0.195405
[MO833] Paramount Iteration,2,205,40.590611,0.195183
[MO833] Paramount Iteration,0,205,40.591278,0.195136
[MO833] Paramount Iteration,1,205,40.592416,0.195199
[MO833] Paramount Iteration,3,205,40.592758,0.195149
[MO833] Paramount Iteration,0,206,40.786801,0.195523
[MO833] Paramount Iteration,3,206,40.788643,0.195885
[MO833] Paramount Iteration,1,206,40.788615,0.196199
[MO833] Paramount Iteration,2,206,40.790773,0.200162
[MO833] Paramount Iteration,2,207,40.983270,0.192497
[MO833] Paramount Iteration,0,207,40.983659,0.196858
[MO833] Paramount Iteration,1,207,40.984981,0.196366
[MO833] Paramount Iteration,3,207,40.985202,0.196559
[MO833] Paramount Iteration,2,208,41.178144,0.194874
[MO833] Paramount Iteration,0,208,41.178797,0.195138
[MO833] Paramount Iteration,1,208,41.179905,0.194924
[MO833] Paramount Iteration,3,208,41.180275,0.195073
[MO833] Paramount Iteration,2,209,41.373485,0.195341
[MO833] Paramount Iteration,0,209,41.373977,0.195180
[MO833] Paramount Iteration,1,209,41.375177,0.195272
[MO833] Paramount Iteration,3,209,41.375475,0.195200
[MO833] Paramount Iteration,2,210,41.568335,0.194850
[MO833] Paramount Iteration,0,210,41.569063,0.195086
[MO833] Paramount Iteration,1,210,41.570133,0.194956
[MO833] Paramount Iteration,3,210,41.570479,0.195004
[MO833] Paramount Iteration,2,211,41.763377,0.195042
[MO833] Paramount Iteration,0,211,41.763952,0.194889
[MO833] Paramount Iteration,1,211,41.765122,0.194989
[MO833] Paramount Iteration,3,211,41.765424,0.194945
[MO833] Paramount Iteration,2,212,41.958630,0.195253
[MO833] Paramount Iteration,0,212,41.959273,0.195321
[MO833] Paramount Iteration,1,212,41.960409,0.195287
[MO833] Paramount Iteration,3,212,41.960724,0.195300
[MO833] Paramount Iteration,2,213,42.153786,0.195156
[MO833] Paramount Iteration,0,213,42.154273,0.195000
[MO833] Paramount Iteration,1,213,42.155489,0.195080
[MO833] Paramount Iteration,3,213,42.155744,0.195020
[MO833] Paramount Iteration,2,214,42.348596,0.194810
[MO833] Paramount Iteration,0,214,42.349102,0.194829
[MO833] Paramount Iteration,1,214,42.350324,0.194835
[MO833] Paramount Iteration,3,214,42.350570,0.194826
[MO833] Paramount Iteration,2,215,42.543339,0.194743
[MO833] Paramount Iteration,0,215,42.543885,0.194783
[MO833] Paramount Iteration,1,215,42.545098,0.194774
[MO833] Paramount Iteration,3,215,42.545408,0.194838
[MO833] Paramount Iteration,2,216,42.738224,0.194885
[MO833] Paramount Iteration,0,216,42.738837,0.194952
[MO833] Paramount Iteration,1,216,42.739963,0.194865
[MO833] Paramount Iteration,3,216,42.740308,0.194900
[MO833] Paramount Iteration,2,217,42.933155,0.194931
[MO833] Paramount Iteration,0,217,42.933809,0.194972
[MO833] Paramount Iteration,1,217,42.934916,0.194953
[MO833] Paramount Iteration,3,217,42.935256,0.194948
[MO833] Paramount Iteration,2,218,43.128238,0.195083
[MO833] Paramount Iteration,0,218,43.128850,0.195041
[MO833] Paramount Iteration,1,218,43.129957,0.195041
[MO833] Paramount Iteration,3,218,43.130272,0.195016
[MO833] Paramount Iteration,2,219,43.323047,0.194809
[MO833] Paramount Iteration,0,219,43.323622,0.194772
 Time step  220
[MO833] Paramount Iteration,1,219,43.324827,0.194870
[MO833] Paramount Iteration,3,219,43.325123,0.194851
[MO833] Paramount Iteration,2,220,43.517969,0.194922
[MO833] Paramount Iteration,0,220,43.518583,0.194961
[MO833] Paramount Iteration,1,220,43.519707,0.194880
[MO833] Paramount Iteration,3,220,43.520001,0.194878
[MO833] Paramount Iteration,2,221,43.712877,0.194908
[MO833] Paramount Iteration,0,221,43.713502,0.194919
[MO833] Paramount Iteration,1,221,43.714625,0.194918
[MO833] Paramount Iteration,3,221,43.714954,0.194953
[MO833] Paramount Iteration,2,222,43.907571,0.194694
[MO833] Paramount Iteration,0,222,43.908230,0.194728
[MO833] Paramount Iteration,1,222,43.909357,0.194732
[MO833] Paramount Iteration,3,222,43.909704,0.194750
[MO833] Paramount Iteration,2,223,44.102399,0.194828
[MO833] Paramount Iteration,0,223,44.103013,0.194783
[MO833] Paramount Iteration,1,223,44.104122,0.194765
[MO833] Paramount Iteration,3,223,44.104510,0.194806
[MO833] Paramount Iteration,2,224,44.297394,0.194995
[MO833] Paramount Iteration,0,224,44.298024,0.195011
[MO833] Paramount Iteration,1,224,44.299159,0.195037
[MO833] Paramount Iteration,3,224,44.299499,0.194989
[MO833] Paramount Iteration,2,225,44.492481,0.195087
[MO833] Paramount Iteration,0,225,44.493053,0.195029
[MO833] Paramount Iteration,1,225,44.494210,0.195051
[MO833] Paramount Iteration,3,225,44.494512,0.195013
[MO833] Paramount Iteration,2,226,44.687253,0.194772
[MO833] Paramount Iteration,0,226,44.687999,0.194946
[MO833] Paramount Iteration,1,226,44.689075,0.194865
[MO833] Paramount Iteration,3,226,44.689466,0.194954
[MO833] Paramount Iteration,2,227,44.882185,0.194932
[MO833] Paramount Iteration,0,227,44.882987,0.194988
[MO833] Paramount Iteration,1,227,44.883975,0.194900
[MO833] Paramount Iteration,3,227,44.884422,0.194956
[MO833] Paramount Iteration,2,228,45.077310,0.195125
[MO833] Paramount Iteration,0,228,45.077868,0.194881
[MO833] Paramount Iteration,1,228,45.079054,0.195079
[MO833] Paramount Iteration,3,228,45.079351,0.194929
[MO833] Paramount Iteration,2,229,45.272147,0.194837
[MO833] Paramount Iteration,0,229,45.272740,0.194872
[MO833] Paramount Iteration,1,229,45.273909,0.194855
[MO833] Paramount Iteration,3,229,45.274177,0.194826
[MO833] Paramount Iteration,2,230,45.467797,0.195650
[MO833] Paramount Iteration,0,230,45.468330,0.195590
[MO833] Paramount Iteration,1,230,45.469554,0.195645
[MO833] Paramount Iteration,3,230,45.469838,0.195661
[MO833] Paramount Iteration,2,231,45.662637,0.194840
[MO833] Paramount Iteration,0,231,45.663149,0.194819
[MO833] Paramount Iteration,1,231,45.664371,0.194817
[MO833] Paramount Iteration,3,231,45.664631,0.194793
[MO833] Paramount Iteration,2,232,45.855127,0.192490
[MO833] Paramount Iteration,1,232,45.856782,0.192411
[MO833] Paramount Iteration,3,232,45.859778,0.195147
[MO833] Paramount Iteration,0,232,45.864945,0.201796
[MO833] Paramount Iteration,2,233,46.056931,0.201804
[MO833] Paramount Iteration,0,233,46.057534,0.192589
[MO833] Paramount Iteration,1,233,46.058665,0.201883
[MO833] Paramount Iteration,3,233,46.058978,0.199200
[MO833] Paramount Iteration,2,234,46.251610,0.194679
[MO833] Paramount Iteration,0,234,46.252252,0.194718
[MO833] Paramount Iteration,1,234,46.253393,0.194728
[MO833] Paramount Iteration,3,234,46.253750,0.194772
[MO833] Paramount Iteration,2,235,46.446458,0.194848
[MO833] Paramount Iteration,0,235,46.447357,0.195105
[MO833] Paramount Iteration,1,235,46.448277,0.194884
[MO833] Paramount Iteration,3,235,46.448760,0.195010
[MO833] Paramount Iteration,2,236,46.641956,0.195498
[MO833] Paramount Iteration,0,236,46.642470,0.195113
[MO833] Paramount Iteration,1,236,46.643651,0.195374
[MO833] Paramount Iteration,3,236,46.643913,0.195153
[MO833] Paramount Iteration,2,237,46.836748,0.194792
[MO833] Paramount Iteration,0,237,46.837356,0.194886
[MO833] Paramount Iteration,1,237,46.838444,0.194793
[MO833] Paramount Iteration,3,237,46.838767,0.194854
[MO833] Paramount Iteration,2,238,47.031544,0.194796
[MO833] Paramount Iteration,0,238,47.032189,0.194833
[MO833] Paramount Iteration,1,238,47.033352,0.194908
[MO833] Paramount Iteration,3,238,47.033704,0.194937
[MO833] Paramount Iteration,2,239,47.226425,0.194881
[MO833] Paramount Iteration,0,239,47.227015,0.194826
 Time step  240
[MO833] Paramount Iteration,1,239,47.228182,0.194830
[MO833] Paramount Iteration,3,239,47.228537,0.194833
[MO833] Paramount Iteration,2,240,47.421391,0.194966
[MO833] Paramount Iteration,0,240,47.422036,0.195021
[MO833] Paramount Iteration,1,240,47.423152,0.194970
[MO833] Paramount Iteration,3,240,47.423517,0.194980
[MO833] Paramount Iteration,2,241,47.616734,0.195343
[MO833] Paramount Iteration,0,241,47.617330,0.195294
[MO833] Paramount Iteration,1,241,47.618466,0.195314
[MO833] Paramount Iteration,3,241,47.618744,0.195227
[MO833] Paramount Iteration,2,242,47.811655,0.194921
[MO833] Paramount Iteration,0,242,47.812383,0.195053
[MO833] Paramount Iteration,1,242,47.813459,0.194993
[MO833] Paramount Iteration,3,242,47.813806,0.195062
[MO833] Paramount Iteration,2,243,48.006616,0.194961
[MO833] Paramount Iteration,0,243,48.007269,0.194886
[MO833] Paramount Iteration,1,243,48.008411,0.194952
[MO833] Paramount Iteration,3,243,48.008716,0.194910
[MO833] Paramount Iteration,2,244,48.201371,0.194755
[MO833] Paramount Iteration,0,244,48.202091,0.194822
[MO833] Paramount Iteration,1,244,48.203134,0.194723
[MO833] Paramount Iteration,3,244,48.203501,0.194785
[MO833] Paramount Iteration,2,245,48.396564,0.195193
[MO833] Paramount Iteration,0,245,48.397100,0.195009
[MO833] Paramount Iteration,1,245,48.398329,0.195195
[MO833] Paramount Iteration,3,245,48.398539,0.195038
[MO833] Paramount Iteration,2,246,48.591370,0.194806
[MO833] Paramount Iteration,0,246,48.591985,0.194885
[MO833] Paramount Iteration,1,246,48.593166,0.194837
[MO833] Paramount Iteration,3,246,48.593454,0.194915
[MO833] Paramount Iteration,2,247,48.786249,0.194879
[MO833] Paramount Iteration,0,247,48.786911,0.194926
[MO833] Paramount Iteration,1,247,48.788033,0.194867
[MO833] Paramount Iteration,3,247,48.788399,0.194945
[MO833] Paramount Iteration,2,248,48.980905,0.194656
[MO833] Paramount Iteration,0,248,48.981662,0.194751
[MO833] Paramount Iteration,1,248,48.982702,0.194669
[MO833] Paramount Iteration,3,248,48.983102,0.194703
[MO833] Paramount Iteration,2,249,49.176258,0.195353
[MO833] Paramount Iteration,0,249,49.176630,0.194968
[MO833] Paramount Iteration,1,249,49.177886,0.195184
[MO833] Paramount Iteration,3,249,49.178198,0.195096
[MO833] Paramount Iteration,2,250,49.370776,0.194518
[MO833] Paramount Iteration,0,250,49.371570,0.194940
[MO833] Paramount Iteration,1,250,49.372605,0.194719
[MO833] Paramount Iteration,3,250,49.373007,0.194809
[MO833] Paramount Iteration,2,251,49.566105,0.195329
[MO833] Paramount Iteration,0,251,49.566636,0.195066
[MO833] Paramount Iteration,1,251,49.567834,0.195229
[MO833] Paramount Iteration,3,251,49.568106,0.195099
[MO833] Paramount Iteration,0,252,49.759825,0.193189
[MO833] Paramount Iteration,1,252,49.761142,0.193308
[MO833] Paramount Iteration,3,252,49.761643,0.193537
[MO833] Paramount Iteration,2,252,49.763053,0.196948
[MO833] Paramount Iteration,2,253,49.955200,0.192147
[MO833] Paramount Iteration,0,253,49.955921,0.196096
[MO833] Paramount Iteration,1,253,49.956992,0.195850
[MO833] Paramount Iteration,3,253,49.957370,0.195727
[MO833] Paramount Iteration,2,254,50.150204,0.195004
[MO833] Paramount Iteration,0,254,50.150815,0.194894
[MO833] Paramount Iteration,1,254,50.151962,0.194970
[MO833] Paramount Iteration,3,254,50.152319,0.194949
[MO833] Paramount Iteration,2,255,50.345442,0.195238
[MO833] Paramount Iteration,0,255,50.345961,0.195146
[MO833] Paramount Iteration,1,255,50.347188,0.195226
[MO833] Paramount Iteration,3,255,50.347397,0.195078
[MO833] Paramount Iteration,2,256,50.540064,0.194622
[MO833] Paramount Iteration,0,256,50.540770,0.194809
[MO833] Paramount Iteration,1,256,50.541874,0.194686
[MO833] Paramount Iteration,3,256,50.542184,0.194787
[MO833] Paramount Iteration,2,257,50.735617,0.195553
[MO833] Paramount Iteration,0,257,50.736231,0.195461
[MO833] Paramount Iteration,1,257,50.737363,0.195489
[MO833] Paramount Iteration,3,257,50.737673,0.195489
[MO833] Paramount Iteration,2,258,50.930412,0.194795
[MO833] Paramount Iteration,0,258,50.931215,0.194984
[MO833] Paramount Iteration,1,258,50.932249,0.194886
[MO833] Paramount Iteration,3,258,50.932664,0.194991
[MO833] Paramount Iteration,2,259,51.125504,0.195092
[MO833] Paramount Iteration,0,259,51.126197,0.194982
 Time step  260
[MO833] Paramount Iteration,1,259,51.127258,0.195009
[MO833] Paramount Iteration,3,259,51.127660,0.194996
[MO833] Paramount Iteration,2,260,51.320478,0.194974
[MO833] Paramount Iteration,0,260,51.321255,0.195058
[MO833] Paramount Iteration,1,260,51.322201,0.194943
[MO833] Paramount Iteration,3,260,51.322684,0.195024
[MO833] Paramount Iteration,2,261,51.515336,0.194858
[MO833] Paramount Iteration,0,261,51.515917,0.194662
[MO833] Paramount Iteration,1,261,51.517116,0.194915
[MO833] Paramount Iteration,3,261,51.517447,0.194763
[MO833] Paramount Iteration,2,262,51.710300,0.194964
[MO833] Paramount Iteration,0,262,51.710994,0.195077
[MO833] Paramount Iteration,1,262,51.712063,0.194947
[MO833] Paramount Iteration,3,262,51.712442,0.194995
[MO833] Paramount Iteration,2,263,51.905540,0.195240
[MO833] Paramount Iteration,0,263,51.906136,0.195142
[MO833] Paramount Iteration,1,263,51.907272,0.195209
[MO833] Paramount Iteration,3,263,51.907584,0.195142
[MO833] Paramount Iteration,2,264,52.100353,0.194813
[MO833] Paramount Iteration,0,264,52.100954,0.194818
[MO833] Paramount Iteration,1,264,52.102127,0.194855
[MO833] Paramount Iteration,3,264,52.102428,0.194844
[MO833] Paramount Iteration,2,265,52.295141,0.194788
[MO833] Paramount Iteration,0,265,52.295742,0.194788
[MO833] Paramount Iteration,1,265,52.296923,0.194796
[MO833] Paramount Iteration,3,265,52.297264,0.194836
[MO833] Paramount Iteration,2,266,52.490964,0.195823
[MO833] Paramount Iteration,0,266,52.491507,0.195765
[MO833] Paramount Iteration,1,266,52.492693,0.195770
[MO833] Paramount Iteration,3,266,52.492995,0.195731
[MO833] Paramount Iteration,2,267,52.685931,0.194967
[MO833] Paramount Iteration,0,267,52.686623,0.195116
[MO833] Paramount Iteration,1,267,52.687700,0.195007
[MO833] Paramount Iteration,3,267,52.688013,0.195018
[MO833] Paramount Iteration,2,268,52.880707,0.194776
[MO833] Paramount Iteration,0,268,52.881340,0.194717
[MO833] Paramount Iteration,1,268,52.882470,0.194770
[MO833] Paramount Iteration,3,268,52.882782,0.194769
[MO833] Paramount Iteration,2,269,53.075750,0.195043
[MO833] Paramount Iteration,0,269,53.076492,0.195152
[MO833] Paramount Iteration,1,269,53.077537,0.195067
[MO833] Paramount Iteration,3,269,53.077921,0.195139
[MO833] Paramount Iteration,2,270,53.270853,0.195103
[MO833] Paramount Iteration,0,270,53.271500,0.195008
[MO833] Paramount Iteration,1,270,53.272657,0.195120
[MO833] Paramount Iteration,3,270,53.272968,0.195047
[MO833] Paramount Iteration,2,271,53.465876,0.195023
[MO833] Paramount Iteration,0,271,53.466592,0.195092
[MO833] Paramount Iteration,1,271,53.467664,0.195007
[MO833] Paramount Iteration,3,271,53.468022,0.195054
[MO833] Paramount Iteration,2,272,53.660759,0.194883
[MO833] Paramount Iteration,0,272,53.661247,0.194655
[MO833] Paramount Iteration,1,272,53.662460,0.194796
[MO833] Paramount Iteration,3,272,53.662745,0.194723
[MO833] Paramount Iteration,2,273,53.855530,0.194771
[MO833] Paramount Iteration,0,273,53.856175,0.194928
[MO833] Paramount Iteration,1,273,53.857270,0.194810
[MO833] Paramount Iteration,3,273,53.857649,0.194904
[MO833] Paramount Iteration,2,274,54.050567,0.195037
[MO833] Paramount Iteration,0,274,54.051175,0.195000
[MO833] Paramount Iteration,1,274,54.052351,0.195081
[MO833] Paramount Iteration,3,274,54.052623,0.194974
[MO833] Paramount Iteration,2,275,54.245493,0.194926
[MO833] Paramount Iteration,0,275,54.246130,0.194955
[MO833] Paramount Iteration,1,275,54.247254,0.194903
[MO833] Paramount Iteration,3,275,54.247587,0.194964
[MO833] Paramount Iteration,2,276,54.440347,0.194854
[MO833] Paramount Iteration,0,276,54.440862,0.194732
[MO833] Paramount Iteration,1,276,54.442056,0.194802
[MO833] Paramount Iteration,3,276,54.442358,0.194771
[MO833] Paramount Iteration,2,277,54.635262,0.194915
[MO833] Paramount Iteration,0,277,54.635807,0.194945
[MO833] Paramount Iteration,1,277,54.636992,0.194936
[MO833] Paramount Iteration,3,277,54.637292,0.194934
[MO833] Paramount Iteration,2,278,54.830188,0.194926
[MO833] Paramount Iteration,0,278,54.830614,0.194807
[MO833] Paramount Iteration,1,278,54.831901,0.194909
[MO833] Paramount Iteration,3,278,54.832140,0.194848
[MO833] Paramount Iteration,2,279,55.024820,0.194632
[MO833] Paramount Iteration,0,279,55.025444,0.194830
 Time step  280
[MO833] Paramount Iteration,1,279,55.026524,0.194623
[MO833] Paramount Iteration,3,279,55.026903,0.194763
[MO833] Paramount Iteration,2,280,55.219741,0.194921
[MO833] Paramount Iteration,0,280,55.220441,0.194997
[MO833] Paramount Iteration,1,280,55.221543,0.195019
[MO833] Paramount Iteration,3,280,55.221851,0.194948
[MO833] Paramount Iteration,2,281,55.414688,0.194947
[MO833] Paramount Iteration,0,281,55.415300,0.194859
[MO833] Paramount Iteration,1,281,55.416458,0.194915
[MO833] Paramount Iteration,3,281,55.416742,0.194891
[MO833] Paramount Iteration,2,282,55.609594,0.194906
[MO833] Paramount Iteration,0,282,55.610244,0.194944
[MO833] Paramount Iteration,1,282,55.611335,0.194877
[MO833] Paramount Iteration,3,282,55.611704,0.194962
[MO833] Paramount Iteration,2,283,55.803153,0.193559
[MO833] Paramount Iteration,1,283,55.805032,0.193697
[MO833] Paramount Iteration,3,283,55.805309,0.193605
[MO833] Paramount Iteration,0,283,55.807397,0.197153
[MO833] Paramount Iteration,2,284,55.999838,0.196685
[MO833] Paramount Iteration,0,284,56.000450,0.193053
[MO833] Paramount Iteration,1,284,56.001616,0.196584
[MO833] Paramount Iteration,3,284,56.001864,0.196555
[MO833] Paramount Iteration,2,285,56.194543,0.194705
[MO833] Paramount Iteration,0,285,56.195246,0.194796
[MO833] Paramount Iteration,1,285,56.196326,0.194710
[MO833] Paramount Iteration,3,285,56.196700,0.194836
[MO833] Paramount Iteration,2,286,56.389916,0.195373
[MO833] Paramount Iteration,0,286,56.390441,0.195195
[MO833] Paramount Iteration,1,286,56.391617,0.195291
[MO833] Paramount Iteration,3,286,56.391871,0.195171
[MO833] Paramount Iteration,2,287,56.584506,0.194590
[MO833] Paramount Iteration,0,287,56.585218,0.194777
[MO833] Paramount Iteration,1,287,56.586255,0.194638
[MO833] Paramount Iteration,3,287,56.586637,0.194766
[MO833] Paramount Iteration,2,288,56.779591,0.195085
[MO833] Paramount Iteration,0,288,56.780111,0.194893
[MO833] Paramount Iteration,1,288,56.781306,0.195051
[MO833] Paramount Iteration,3,288,56.781619,0.194982
[MO833] Paramount Iteration,2,289,56.974497,0.194906
[MO833] Paramount Iteration,0,289,56.975133,0.195022
[MO833] Paramount Iteration,1,289,56.976263,0.194957
[MO833] Paramount Iteration,3,289,56.976595,0.194976
[MO833] Paramount Iteration,2,290,57.169334,0.194837
[MO833] Paramount Iteration,0,290,57.170041,0.194908
[MO833] Paramount Iteration,1,290,57.171078,0.194815
[MO833] Paramount Iteration,3,290,57.171469,0.194874
[MO833] Paramount Iteration,2,291,57.364178,0.194844
[MO833] Paramount Iteration,0,291,57.364888,0.194847
[MO833] Paramount Iteration,1,291,57.366008,0.194930
[MO833] Paramount Iteration,3,291,57.366309,0.194840
[MO833] Paramount Iteration,2,292,57.559221,0.195043
[MO833] Paramount Iteration,0,292,57.559873,0.194985
[MO833] Paramount Iteration,1,292,57.560991,0.194983
[MO833] Paramount Iteration,3,292,57.561331,0.195022
[MO833] Paramount Iteration,2,293,57.754198,0.194977
[MO833] Paramount Iteration,0,293,57.755006,0.195133
[MO833] Paramount Iteration,1,293,57.755999,0.195008
[MO833] Paramount Iteration,3,293,57.756430,0.195099
[MO833] Paramount Iteration,2,294,57.949134,0.194936
[MO833] Paramount Iteration,0,294,57.949791,0.194785
[MO833] Paramount Iteration,1,294,57.950905,0.194906
[MO833] Paramount Iteration,3,294,57.951255,0.194825
[MO833] Paramount Iteration,2,295,58.144288,0.195154
[MO833] Paramount Iteration,0,295,58.144562,0.194771
[MO833] Paramount Iteration,1,295,58.145960,0.195055
[MO833] Paramount Iteration,3,295,58.146064,0.194809
[MO833] Paramount Iteration,2,296,58.338881,0.194593
[MO833] Paramount Iteration,0,296,58.339549,0.194987
[MO833] Paramount Iteration,1,296,58.340705,0.194745
[MO833] Paramount Iteration,3,296,58.341048,0.194984
[MO833] Paramount Iteration,2,297,58.533938,0.195057
[MO833] Paramount Iteration,0,297,58.534467,0.194918
[MO833] Paramount Iteration,1,297,58.535650,0.194945
[MO833] Paramount Iteration,3,297,58.535905,0.194857
[MO833] Paramount Iteration,2,298,58.728552,0.194614
[MO833] Paramount Iteration,0,298,58.729255,0.194788
[MO833] Paramount Iteration,1,298,58.730296,0.194646
[MO833] Paramount Iteration,3,298,58.730697,0.194792
[MO833] Paramount Iteration,2,299,58.923235,0.194683
[MO833] Paramount Iteration,0,299,58.923918,0.194663
 Time step  300
[MO833] Paramount Iteration,1,299,58.925025,0.194729
[MO833] Paramount Iteration,3,299,58.925391,0.194694
[MO833] Paramount Iteration,2,300,59.118898,0.195663
[MO833] Paramount Iteration,0,300,59.119560,0.195642
[MO833] Paramount Iteration,1,300,59.120699,0.195674
[MO833] Paramount Iteration,3,300,59.121051,0.195660
[MO833] Paramount Iteration,2,301,59.313999,0.195101
[MO833] Paramount Iteration,0,301,59.314575,0.195015
[MO833] Paramount Iteration,1,301,59.315742,0.195043
[MO833] Paramount Iteration,3,301,59.315994,0.194943
[MO833] Paramount Iteration,2,302,59.508875,0.194876
[MO833] Paramount Iteration,0,302,59.509535,0.194960
[MO833] Paramount Iteration,1,302,59.510652,0.194910
[MO833] Paramount Iteration,3,302,59.510971,0.194977
[MO833] Paramount Iteration,2,303,59.703620,0.194745
[MO833] Paramount Iteration,0,303,59.704145,0.194610
[MO833] Paramount Iteration,1,303,59.705340,0.194688
[MO833] Paramount Iteration,3,303,59.705639,0.194668
[MO833] Paramount Iteration,2,304,59.898571,0.194951
[MO833] Paramount Iteration,0,304,59.899162,0.195017
[MO833] Paramount Iteration,1,304,59.900300,0.194960
[MO833] Paramount Iteration,3,304,59.900664,0.195025
[MO833] Paramount Iteration,2,305,60.093466,0.194895
[MO833] Paramount Iteration,0,305,60.094055,0.194893
[MO833] Paramount Iteration,1,305,60.095197,0.194897
[MO833] Paramount Iteration,3,305,60.095557,0.194893
[MO833] Paramount Iteration,2,306,60.288987,0.195521
[MO833] Paramount Iteration,0,306,60.289637,0.195582
[MO833] Paramount Iteration,1,306,60.290751,0.195554
[MO833] Paramount Iteration,3,306,60.291072,0.195515
[MO833] Paramount Iteration,0,307,60.482797,0.193160
[MO833] Paramount Iteration,1,307,60.484128,0.193377
[MO833] Paramount Iteration,3,307,60.484613,0.193541
[MO833] Paramount Iteration,2,307,60.486215,0.197228
[MO833] Paramount Iteration,2,308,60.678375,0.192160
[MO833] Paramount Iteration,0,308,60.679201,0.196404
[MO833] Paramount Iteration,1,308,60.680213,0.196085
[MO833] Paramount Iteration,3,308,60.680604,0.195991
[MO833] Paramount Iteration,2,309,60.873314,0.194939
[MO833] Paramount Iteration,0,309,60.873933,0.194732
[MO833] Paramount Iteration,1,309,60.875073,0.194860
[MO833] Paramount Iteration,3,309,60.875406,0.194802
[MO833] Paramount Iteration,2,310,61.068077,0.194763
[MO833] Paramount Iteration,0,310,61.068714,0.194781
[MO833] Paramount Iteration,1,310,61.069824,0.194751
[MO833] Paramount Iteration,3,310,61.070159,0.194753
[MO833] Paramount Iteration,2,311,61.262937,0.194860
[MO833] Paramount Iteration,0,311,61.263519,0.194805
[MO833] Paramount Iteration,1,311,61.264725,0.194901
[MO833] Paramount Iteration,3,311,61.265027,0.194868
[MO833] Paramount Iteration,2,312,61.458010,0.195073
[MO833] Paramount Iteration,0,312,61.458540,0.195021
[MO833] Paramount Iteration,1,312,61.459699,0.194974
[MO833] Paramount Iteration,3,312,61.459999,0.194972
[MO833] Paramount Iteration,2,313,61.652759,0.194749
[MO833] Paramount Iteration,0,313,61.653387,0.194847
[MO833] Paramount Iteration,1,313,61.654534,0.194835
[MO833] Paramount Iteration,3,313,61.654848,0.194849
[MO833] Paramount Iteration,2,314,61.847562,0.194803
[MO833] Paramount Iteration,0,314,61.848259,0.194872
[MO833] Paramount Iteration,1,314,61.849373,0.194839
[MO833] Paramount Iteration,3,314,61.849720,0.194872
[MO833] Paramount Iteration,2,315,62.042329,0.194767
[MO833] Paramount Iteration,0,315,62.043097,0.194838
[MO833] Paramount Iteration,1,315,62.044115,0.194742
[MO833] Paramount Iteration,3,315,62.044563,0.194843
[MO833] Paramount Iteration,2,316,62.237485,0.195156
[MO833] Paramount Iteration,0,316,62.238080,0.194983
[MO833] Paramount Iteration,1,316,62.239228,0.195113
[MO833] Paramount Iteration,3,316,62.239550,0.194987
[MO833] Paramount Iteration,2,317,62.432274,0.194789
[MO833] Paramount Iteration,0,317,62.432886,0.194806
[MO833] Paramount Iteration,1,317,62.434029,0.194801
[MO833] Paramount Iteration,3,317,62.434332,0.194782
[MO833] Paramount Iteration,2,318,62.627113,0.194839
[MO833] Paramount Iteration,0,318,62.627754,0.194868
[MO833] Paramount Iteration,1,318,62.628908,0.194879
[MO833] Paramount Iteration,3,318,62.629198,0.194866
[MO833] Paramount Iteration,2,319,62.822114,0.195001
[MO833] Paramount Iteration,0,319,62.822733,0.194979
 Time step  320
[MO833] Paramount Iteration,1,319,62.823856,0.194948
[MO833] Paramount Iteration,3,319,62.824164,0.194966
[MO833] Paramount Iteration,2,320,63.016016,0.193902
[MO833] Paramount Iteration,0,320,63.016639,0.193906
[MO833] Paramount Iteration,3,320,63.017786,0.193622
[MO833] Paramount Iteration,1,320,63.026630,0.202774
[MO833] Paramount Iteration,2,321,63.228645,0.212629
[MO833] Paramount Iteration,0,321,63.228876,0.212237
[MO833] Paramount Iteration,1,321,63.230312,0.203682
[MO833] Paramount Iteration,3,321,63.230372,0.212586
[MO833] Paramount Iteration,2,322,63.423396,0.194751
[MO833] Paramount Iteration,0,322,63.424177,0.195301
[MO833] Paramount Iteration,1,322,63.425214,0.194902
[MO833] Paramount Iteration,3,322,63.425590,0.195218
[MO833] Paramount Iteration,2,323,63.618336,0.194940
[MO833] Paramount Iteration,0,323,63.619017,0.194840
[MO833] Paramount Iteration,1,323,63.620092,0.194878
[MO833] Paramount Iteration,3,323,63.620455,0.194865
[MO833] Paramount Iteration,2,324,63.813412,0.195076
[MO833] Paramount Iteration,0,324,63.814092,0.195075
[MO833] Paramount Iteration,1,324,63.815190,0.195098
[MO833] Paramount Iteration,3,324,63.815537,0.195082
[MO833] Paramount Iteration,2,325,64.008328,0.194916
[MO833] Paramount Iteration,0,325,64.008924,0.194832
[MO833] Paramount Iteration,1,325,64.010105,0.194915
[MO833] Paramount Iteration,3,325,64.010345,0.194808
[MO833] Paramount Iteration,2,326,64.216271,0.207943
[MO833] Paramount Iteration,1,326,64.218162,0.208057
[MO833] Paramount Iteration,0,326,64.218142,0.209218
[MO833] Paramount Iteration,3,326,64.219526,0.209181
[MO833] Paramount Iteration,2,327,64.413714,0.197443
[MO833] Paramount Iteration,0,327,64.414226,0.196084
[MO833] Paramount Iteration,1,327,64.415439,0.197277
[MO833] Paramount Iteration,3,327,64.415682,0.196156
[MO833] Paramount Iteration,2,328,64.609115,0.195401
[MO833] Paramount Iteration,0,328,64.609863,0.195637
[MO833] Paramount Iteration,1,328,64.610900,0.195461
[MO833] Paramount Iteration,3,328,64.611284,0.195602
[MO833] Paramount Iteration,2,329,64.803840,0.194725
[MO833] Paramount Iteration,0,329,64.804473,0.194610
[MO833] Paramount Iteration,1,329,64.805644,0.194744
[MO833] Paramount Iteration,3,329,64.805981,0.194697
[MO833] Paramount Iteration,2,330,64.999008,0.195168
[MO833] Paramount Iteration,0,330,64.999604,0.195131
[MO833] Paramount Iteration,1,330,65.000798,0.195154
[MO833] Paramount Iteration,3,330,65.001099,0.195118
[MO833] Paramount Iteration,2,331,65.193804,0.194796
[MO833] Paramount Iteration,0,331,65.194406,0.194802
[MO833] Paramount Iteration,1,331,65.195571,0.194773
[MO833] Paramount Iteration,3,331,65.195861,0.194762
[MO833] Paramount Iteration,2,332,65.388809,0.195005
[MO833] Paramount Iteration,0,332,65.389436,0.195030
[MO833] Paramount Iteration,1,332,65.390570,0.194999
[MO833] Paramount Iteration,3,332,65.390874,0.195013
[MO833] Paramount Iteration,2,333,65.583657,0.194848
[MO833] Paramount Iteration,0,333,65.584257,0.194821
[MO833] Paramount Iteration,1,333,65.585420,0.194850
[MO833] Paramount Iteration,3,333,65.585765,0.194891
[MO833] Paramount Iteration,2,334,65.778516,0.194859
[MO833] Paramount Iteration,0,334,65.779144,0.194887
[MO833] Paramount Iteration,1,334,65.780296,0.194876
[MO833] Paramount Iteration,3,334,65.780630,0.194865
[MO833] Paramount Iteration,2,335,65.973658,0.195142
[MO833] Paramount Iteration,0,335,65.974244,0.195100
[MO833] Paramount Iteration,1,335,65.975391,0.195095
[MO833] Paramount Iteration,3,335,65.975716,0.195086
[MO833] Paramount Iteration,2,336,66.168452,0.194794
[MO833] Paramount Iteration,0,336,66.168911,0.194667
[MO833] Paramount Iteration,1,336,66.170172,0.194781
[MO833] Paramount Iteration,3,336,66.170404,0.194688
[MO833] Paramount Iteration,2,337,66.363094,0.194642
[MO833] Paramount Iteration,0,337,66.363712,0.194801
[MO833] Paramount Iteration,1,337,66.364850,0.194678
[MO833] Paramount Iteration,3,337,66.365180,0.194776
[MO833] Paramount Iteration,2,338,66.558009,0.194915
[MO833] Paramount Iteration,0,338,66.558704,0.194992
[MO833] Paramount Iteration,1,338,66.559786,0.194936
[MO833] Paramount Iteration,3,338,66.560133,0.194953
[MO833] Paramount Iteration,2,339,66.752746,0.194737
[MO833] Paramount Iteration,0,339,66.753392,0.194688
 Time step  340
[MO833] Paramount Iteration,1,339,66.754492,0.194706
[MO833] Paramount Iteration,3,339,66.754823,0.194690
[MO833] Paramount Iteration,2,340,66.947523,0.194777
[MO833] Paramount Iteration,0,340,66.948375,0.194983
[MO833] Paramount Iteration,1,340,66.949378,0.194886
[MO833] Paramount Iteration,3,340,66.949766,0.194943
[MO833] Paramount Iteration,2,341,67.142581,0.195058
[MO833] Paramount Iteration,0,341,67.143117,0.194742
[MO833] Paramount Iteration,1,341,67.144312,0.194934
[MO833] Paramount Iteration,3,341,67.144597,0.194831
[MO833] Paramount Iteration,2,342,67.337241,0.194660
[MO833] Paramount Iteration,0,342,67.337965,0.194848
[MO833] Paramount Iteration,1,342,67.339008,0.194696
[MO833] Paramount Iteration,3,342,67.339408,0.194811
[MO833] Paramount Iteration,2,343,67.529361,0.192120
[MO833] Paramount Iteration,1,343,67.530661,0.191653
[MO833] Paramount Iteration,3,343,67.535766,0.196358
[MO833] Paramount Iteration,0,343,67.541293,0.203328
[MO833] Paramount Iteration,2,344,67.733163,0.203802
[MO833] Paramount Iteration,0,344,67.733816,0.192523
[MO833] Paramount Iteration,1,344,67.734937,0.204276
[MO833] Paramount Iteration,3,344,67.735241,0.199475
[MO833] Paramount Iteration,2,345,67.928120,0.194957
[MO833] Paramount Iteration,0,345,67.928558,0.194742
[MO833] Paramount Iteration,1,345,67.929830,0.194893
[MO833] Paramount Iteration,3,345,67.930092,0.194851
[MO833] Paramount Iteration,2,346,68.123122,0.195002
[MO833] Paramount Iteration,0,346,68.123685,0.195127
[MO833] Paramount Iteration,1,346,68.124868,0.195038
[MO833] Paramount Iteration,3,346,68.125159,0.195067
[MO833] Paramount Iteration,2,347,68.318083,0.194961
[MO833] Paramount Iteration,0,347,68.318641,0.194956
[MO833] Paramount Iteration,1,347,68.319808,0.194940
[MO833] Paramount Iteration,3,347,68.320121,0.194962
[MO833] Paramount Iteration,2,348,68.512972,0.194889
[MO833] Paramount Iteration,0,348,68.513482,0.194841
[MO833] Paramount Iteration,1,348,68.514704,0.194896
[MO833] Paramount Iteration,3,348,68.514966,0.194845
[MO833] Paramount Iteration,2,349,68.707634,0.194662
[MO833] Paramount Iteration,0,349,68.708231,0.194749
[MO833] Paramount Iteration,1,349,68.709412,0.194708
[MO833] Paramount Iteration,3,349,68.709688,0.194722
[MO833] Paramount Iteration,2,350,68.902512,0.194878
[MO833] Paramount Iteration,0,350,68.903144,0.194913
[MO833] Paramount Iteration,1,350,68.904304,0.194892
[MO833] Paramount Iteration,3,350,68.904630,0.194942
[MO833] Paramount Iteration,2,351,69.097331,0.194819
[MO833] Paramount Iteration,0,351,69.097891,0.194747
[MO833] Paramount Iteration,1,351,69.099071,0.194767
[MO833] Paramount Iteration,3,351,69.099374,0.194744
[MO833] Paramount Iteration,2,352,69.292026,0.194695
[MO833] Paramount Iteration,0,352,69.292687,0.194796
[MO833] Paramount Iteration,1,352,69.293808,0.194737
[MO833] Paramount Iteration,3,352,69.294119,0.194745
[MO833] Paramount Iteration,2,353,69.486872,0.194846
[MO833] Paramount Iteration,0,353,69.487625,0.194938
[MO833] Paramount Iteration,1,353,69.488657,0.194849
[MO833] Paramount Iteration,3,353,69.489088,0.194969
[MO833] Paramount Iteration,2,354,69.681954,0.195082
[MO833] Paramount Iteration,0,354,69.682510,0.194885
[MO833] Paramount Iteration,1,354,69.683704,0.195047
[MO833] Paramount Iteration,3,354,69.683967,0.194879
[MO833] Paramount Iteration,2,355,69.876985,0.195031
[MO833] Paramount Iteration,0,355,69.877484,0.194974
[MO833] Paramount Iteration,1,355,69.878684,0.194980
[MO833] Paramount Iteration,3,355,69.878933,0.194966
[MO833] Paramount Iteration,2,356,70.071956,0.194971
[MO833] Paramount Iteration,0,356,70.072527,0.195043
[MO833] Paramount Iteration,1,356,70.073709,0.195025
[MO833] Paramount Iteration,3,356,70.073966,0.195033
[MO833] Paramount Iteration,2,357,70.266606,0.194650
[MO833] Paramount Iteration,0,357,70.267252,0.194725
[MO833] Paramount Iteration,1,357,70.268406,0.194697
[MO833] Paramount Iteration,3,357,70.268788,0.194822
[MO833] Paramount Iteration,2,358,70.461674,0.195068
[MO833] Paramount Iteration,0,358,70.462196,0.194944
[MO833] Paramount Iteration,1,358,70.463373,0.194967
[MO833] Paramount Iteration,3,358,70.463675,0.194887
[MO833] Paramount Iteration,2,359,70.656602,0.194928
[MO833] Paramount Iteration,0,359,70.657228,0.195032
 Time step  360
[MO833] Paramount Iteration,1,359,70.658358,0.194985
[MO833] Paramount Iteration,3,359,70.658667,0.194992
[MO833] Paramount Iteration,2,360,70.851122,0.194520
[MO833] Paramount Iteration,0,360,70.851805,0.194577
[MO833] Paramount Iteration,1,360,70.852887,0.194529
[MO833] Paramount Iteration,3,360,70.853264,0.194597
[MO833] Paramount Iteration,2,361,71.045869,0.194747
[MO833] Paramount Iteration,0,361,71.046496,0.194691
[MO833] Paramount Iteration,1,361,71.047625,0.194738
[MO833] Paramount Iteration,3,361,71.047963,0.194699
[MO833] Paramount Iteration,2,362,71.240716,0.194847
[MO833] Paramount Iteration,0,362,71.241369,0.194873
[MO833] Paramount Iteration,1,362,71.242466,0.194841
[MO833] Paramount Iteration,3,362,71.242814,0.194851
[MO833] Paramount Iteration,2,363,71.435507,0.194791
[MO833] Paramount Iteration,0,363,71.436169,0.194800
[MO833] Paramount Iteration,1,363,71.437281,0.194815
[MO833] Paramount Iteration,3,363,71.437642,0.194828
[MO833] Paramount Iteration,2,364,71.631089,0.195582
[MO833] Paramount Iteration,0,364,71.631559,0.195390
[MO833] Paramount Iteration,1,364,71.632817,0.195536
[MO833] Paramount Iteration,3,364,71.633050,0.195408
[MO833] Paramount Iteration,2,365,71.825811,0.194722
[MO833] Paramount Iteration,0,365,71.826451,0.194892
[MO833] Paramount Iteration,1,365,71.827575,0.194758
[MO833] Paramount Iteration,3,365,71.827886,0.194836
[MO833] Paramount Iteration,2,366,72.020875,0.195064
[MO833] Paramount Iteration,0,366,72.021497,0.195046
[MO833] Paramount Iteration,1,366,72.022615,0.195040
[MO833] Paramount Iteration,3,366,72.022967,0.195081
[MO833] Paramount Iteration,2,367,72.215707,0.194832
[MO833] Paramount Iteration,0,367,72.216217,0.194720
[MO833] Paramount Iteration,1,367,72.217471,0.194856
[MO833] Paramount Iteration,3,367,72.217705,0.194738
[MO833] Paramount Iteration,2,368,72.410909,0.195202
[MO833] Paramount Iteration,0,368,72.411433,0.195216
[MO833] Paramount Iteration,1,368,72.412670,0.195199
[MO833] Paramount Iteration,3,368,72.412950,0.195245
[MO833] Paramount Iteration,2,369,72.605911,0.195002
[MO833] Paramount Iteration,0,369,72.606421,0.194988
[MO833] Paramount Iteration,1,369,72.607621,0.194951
[MO833] Paramount Iteration,3,369,72.607921,0.194971
[MO833] Paramount Iteration,2,370,72.800838,0.194927
[MO833] Paramount Iteration,0,370,72.801444,0.195023
[MO833] Paramount Iteration,1,370,72.802581,0.194960
[MO833] Paramount Iteration,3,370,72.802936,0.195015
[MO833] Paramount Iteration,2,371,72.995488,0.194650
[MO833] Paramount Iteration,0,371,72.996120,0.194676
[MO833] Paramount Iteration,1,371,72.997271,0.194690
[MO833] Paramount Iteration,3,371,72.997599,0.194663
[MO833] Paramount Iteration,2,372,73.190743,0.195255
[MO833] Paramount Iteration,0,372,73.191276,0.195156
[MO833] Paramount Iteration,1,372,73.192496,0.195225
[MO833] Paramount Iteration,3,372,73.192811,0.195212
[MO833] Paramount Iteration,2,373,73.389879,0.199136
[MO833] Paramount Iteration,0,373,73.390305,0.199029
[MO833] Paramount Iteration,1,373,73.391593,0.199097
[MO833] Paramount Iteration,3,373,73.391781,0.198970
[MO833] Paramount Iteration,2,374,73.584859,0.194980
[MO833] Paramount Iteration,0,374,73.585497,0.195192
[MO833] Paramount Iteration,1,374,73.586577,0.194984
[MO833] Paramount Iteration,3,374,73.586926,0.195145
[MO833] Paramount Iteration,2,375,73.779588,0.194729
[MO833] Paramount Iteration,0,375,73.780081,0.194584
[MO833] Paramount Iteration,1,375,73.781350,0.194773
[MO833] Paramount Iteration,3,375,73.781586,0.194660
[MO833] Paramount Iteration,2,376,73.974436,0.194848
[MO833] Paramount Iteration,0,376,73.974997,0.194916
[MO833] Paramount Iteration,1,376,73.976151,0.194801
[MO833] Paramount Iteration,3,376,73.976510,0.194924
[MO833] Paramount Iteration,2,377,74.169329,0.194893
[MO833] Paramount Iteration,0,377,74.169889,0.194892
[MO833] Paramount Iteration,1,377,74.171069,0.194918
[MO833] Paramount Iteration,3,377,74.171349,0.194839
[MO833] Paramount Iteration,2,378,74.363953,0.194624
[MO833] Paramount Iteration,0,378,74.364651,0.194762
[MO833] Paramount Iteration,1,378,74.365757,0.194688
[MO833] Paramount Iteration,3,378,74.366114,0.194765
[MO833] Paramount Iteration,2,379,74.559644,0.195691
[MO833] Paramount Iteration,0,379,74.560267,0.195616
 Time step  380
[MO833] Paramount Iteration,1,379,74.561443,0.195686
[MO833] Paramount Iteration,3,379,74.561741,0.195627
[MO833] Paramount Iteration,2,380,74.754431,0.194787
[MO833] Paramount Iteration,0,380,74.755288,0.195021
[MO833] Paramount Iteration,1,380,74.756242,0.194799
[MO833] Paramount Iteration,3,380,74.756679,0.194938
[MO833] Paramount Iteration,2,381,74.949921,0.195490
[MO833] Paramount Iteration,0,381,74.950519,0.195231
[MO833] Paramount Iteration,1,381,74.951676,0.195434
[MO833] Paramount Iteration,3,381,74.951974,0.195295
[MO833] Paramount Iteration,2,382,75.144666,0.194745
[MO833] Paramount Iteration,0,382,75.145264,0.194745
[MO833] Paramount Iteration,1,382,75.146422,0.194746
[MO833] Paramount Iteration,3,382,75.146744,0.194770
[MO833] Paramount Iteration,2,383,75.339296,0.194630
[MO833] Paramount Iteration,0,383,75.339926,0.194662
[MO833] Paramount Iteration,1,383,75.341071,0.194649
[MO833] Paramount Iteration,3,383,75.341409,0.194665
[MO833] Paramount Iteration,2,384,75.534094,0.194798
[MO833] Paramount Iteration,0,384,75.534914,0.194988
[MO833] Paramount Iteration,1,384,75.535856,0.194785
[MO833] Paramount Iteration,3,384,75.536352,0.194943
[MO833] Paramount Iteration,2,385,75.729125,0.195031
[MO833] Paramount Iteration,0,385,75.729663,0.194749
[MO833] Paramount Iteration,1,385,75.730883,0.195027
[MO833] Paramount Iteration,3,385,75.731173,0.194821
[MO833] Paramount Iteration,2,386,75.923894,0.194769
[MO833] Paramount Iteration,0,386,75.924574,0.194911
[MO833] Paramount Iteration,1,386,75.925694,0.194811
[MO833] Paramount Iteration,3,386,75.926024,0.194851
[MO833] Paramount Iteration,2,387,76.118811,0.194917
[MO833] Paramount Iteration,0,387,76.119586,0.195012
[MO833] Paramount Iteration,1,387,76.120636,0.194942
[MO833] Paramount Iteration,3,387,76.121027,0.195003
[MO833] Paramount Iteration,2,388,76.313814,0.195003
[MO833] Paramount Iteration,0,388,76.314374,0.194788
[MO833] Paramount Iteration,1,388,76.315535,0.194899
[MO833] Paramount Iteration,3,388,76.315817,0.194790
[MO833] Paramount Iteration,2,389,76.508518,0.194704
[MO833] Paramount Iteration,0,389,76.509187,0.194813
[MO833] Paramount Iteration,1,389,76.510289,0.194754
[MO833] Paramount Iteration,3,389,76.510659,0.194842
[MO833] Paramount Iteration,2,390,76.703744,0.195226
[MO833] Paramount Iteration,0,390,76.704377,0.195190
[MO833] Paramount Iteration,1,390,76.705524,0.195235
[MO833] Paramount Iteration,3,390,76.705842,0.195183
[MO833] Paramount Iteration,2,391,76.898909,0.195165
[MO833] Paramount Iteration,0,391,76.899455,0.195078
[MO833] Paramount Iteration,1,391,76.900639,0.195115
[MO833] Paramount Iteration,3,391,76.900954,0.195112
[MO833] Paramount Iteration,2,392,77.093747,0.194838
[MO833] Paramount Iteration,0,392,77.094362,0.194907
[MO833] Paramount Iteration,1,392,77.095517,0.194878
[MO833] Paramount Iteration,3,392,77.095842,0.194888
[MO833] Paramount Iteration,2,393,77.289034,0.195287
[MO833] Paramount Iteration,0,393,77.289389,0.195027
[MO833] Paramount Iteration,1,393,77.290684,0.195167
[MO833] Paramount Iteration,3,393,77.290933,0.195091
[MO833] Paramount Iteration,2,394,77.483894,0.194860
[MO833] Paramount Iteration,0,394,77.484458,0.195069
[MO833] Paramount Iteration,1,394,77.485645,0.194961
[MO833] Paramount Iteration,3,394,77.485943,0.195010
[MO833] Paramount Iteration,2,395,77.678872,0.194978
[MO833] Paramount Iteration,0,395,77.679586,0.195128
[MO833] Paramount Iteration,1,395,77.680688,0.195043
[MO833] Paramount Iteration,3,395,77.681100,0.195157
[MO833] Paramount Iteration,2,396,77.874216,0.195344
[MO833] Paramount Iteration,0,396,77.874830,0.195244
[MO833] Paramount Iteration,1,396,77.876021,0.195333
[MO833] Paramount Iteration,3,396,77.876312,0.195212
[MO833] Paramount Iteration,2,397,78.069041,0.194825
[MO833] Paramount Iteration,0,397,78.069637,0.194807
[MO833] Paramount Iteration,1,397,78.070778,0.194757
[MO833] Paramount Iteration,3,397,78.071123,0.194811
[MO833] Paramount Iteration,2,398,78.263797,0.194756
[MO833] Paramount Iteration,0,398,78.264566,0.194929
[MO833] Paramount Iteration,1,398,78.265611,0.194833
[MO833] Paramount Iteration,3,398,78.265999,0.194876
[MO833] Paramount Iteration,2,399,78.458758,0.194961
[MO833] Paramount Iteration,0,399,78.459495,0.194929
 Time step  400
[MO833] Paramount Iteration,1,399,78.460578,0.194967
[MO833] Paramount Iteration,3,399,78.460983,0.194984
[MO833] PI avg,2,0.195104,400
[MO833] Beta,2,0.000907
[MO833] PI avg,1,0.195108,400
[MO833] Beta,1,0.000888
 Verification being performed for class B
 accuracy setting for epsilon =  0.1000000000000E-07
 Comparison of RMS-norms of residual
           1 0.6903293579998E+02 0.6903293579998E+02 0.5661044255750E-13
           2 0.3095134488084E+02 0.3095134488084E+02 0.8861311101644E-13
           3 0.4103336647017E+02 0.4103336647017E+02 0.1163649876931E-12
           4 0.3864769009604E+02 0.3864769009604E+02 0.3051931275661E-13
           5 0.5643482272596E+02 0.5643482272596E+02 0.5590182788549E-13
 Comparison of RMS-norms of solution error
           1 0.9810006190188E-02 0.9810006190188E-02 0.4792148474482E-13
           2 0.1022827905670E-02 0.1022827905670E-02 0.3962296783540E-12
           3 0.1720597911692E-02 0.1720597911692E-02 0.1548862126276E-12
[MO833] PI avg,3,0.195109,400
[MO833] Beta,3,0.000885
           4 0.1694479428231E-02 0.1694479428231E-02 0.1122286041870E-12
           5 0.1847456263981E-01 0.1847456263981E-01 0.7624513174985E-13
 Verification Successful


 SP Benchmark Completed.
 Class           =                        B
 Size            =            102x 102x 102
 Iterations      =                      400
 Time in seconds =                    78.24
 Total processes =                        8
 Active procs    =                        4
 Mop/s total     =                  4537.58
 Mop/s/process   =                   567.20
 Operation type  =           floating point
 Verification    =               SUCCESSFUL
 Version         =                      3.4
 Compile date    =              16 Jun 2020

 Compile options:
    MPIFC        = mpif90
    FLINK        = $(MPIFC)
    FMPI_LIB     = (none)
    FMPI_INC     = (none)
    FFLAGS       = -O3
    FLINKFLAGS   = $(FFLAGS) -O ../kernel_stats/kernel_stats.o...
    RAND         = (none)


 Please send feedbacks and/or the results of this run to:

 NPB Development Team 
 Internet: npb@nas.nasa.gov


[MO833] PI avg,0,0.195105,400
[MO833] Beta,0,0.000906
[MO833] Total time,78.724854
