--------------------------------------------------------------------------
[[53020,1],0]: A high-performance Open MPI point-to-point messaging module
was unable to find any relevant network interfaces:

Module: OpenFabrics (openib)
  Host: node06

Another transport will be used instead, although this may result in
lower performance.

NOTE: You can disable this warning by setting the MCA parameter
btl_base_warn_component_unused to 0.
--------------------------------------------------------------------------


 NAS Parallel Benchmarks 3.4 -- BT Benchmark

 No input file inputbt.data. Using compiled defaults
 Size:  162x 162x 162  (class C)
 Iterations:  200    dt:   0.0001000
 WARNING: Number of active processes:     4
 Total number of processes:     8

 Time step    1
[MO833] Paramount Iteration,0,1,4.652547,1.806239
[MO833] Paramount Iteration,2,1,4.649335,1.808263
[MO833] Paramount Iteration,3,1,4.655389,1.816291
[MO833] Paramount Iteration,1,1,4.662224,1.817553
[MO833] Paramount Iteration,0,2,6.395336,1.742789
[MO833] Paramount Iteration,2,2,6.392040,1.742705
[MO833] Paramount Iteration,3,2,6.395115,1.739726
[MO833] Paramount Iteration,1,2,6.401883,1.739659
[MO833] Paramount Iteration,0,3,8.159532,1.764196
[MO833] Paramount Iteration,3,3,8.159603,1.764488
[MO833] Paramount Iteration,1,3,8.165398,1.763515
[MO833] Paramount Iteration,2,3,8.166416,1.774376
[MO833] Paramount Iteration,0,4,9.915381,1.755849
[MO833] Paramount Iteration,1,4,9.915406,1.750008
[MO833] Paramount Iteration,3,4,9.914699,1.755096
[MO833] Paramount Iteration,2,4,9.929387,1.762971
[MO833] Paramount Iteration,2,5,11.650203,1.720816
[MO833] Paramount Iteration,3,5,11.654706,1.740007
[MO833] Paramount Iteration,1,5,11.661172,1.745766
[MO833] Paramount Iteration,0,5,11.670412,1.755031
[MO833] Paramount Iteration,0,6,13.364662,1.694250
[MO833] Paramount Iteration,3,6,13.364470,1.709764
[MO833] Paramount Iteration,1,6,13.372681,1.711509
[MO833] Paramount Iteration,2,6,13.386237,1.736034
[MO833] Paramount Iteration,0,7,15.091551,1.726889
[MO833] Paramount Iteration,2,7,15.087873,1.701636
[MO833] Paramount Iteration,3,7,15.091301,1.726831
[MO833] Paramount Iteration,1,7,15.097864,1.725183
[MO833] Paramount Iteration,0,8,16.855682,1.764131
[MO833] Paramount Iteration,2,8,16.851331,1.763458
[MO833] Paramount Iteration,3,8,16.855202,1.763901
[MO833] Paramount Iteration,1,8,16.861446,1.763582
[MO833] Paramount Iteration,2,9,18.568320,1.716989
[MO833] Paramount Iteration,3,9,18.573061,1.717859
[MO833] Paramount Iteration,1,9,18.579052,1.717606
[MO833] Paramount Iteration,0,9,18.597544,1.741862
[MO833] Paramount Iteration,2,10,20.335956,1.767636
[MO833] Paramount Iteration,3,10,20.339470,1.766409
[MO833] Paramount Iteration,1,10,20.346984,1.767932
[MO833] Paramount Iteration,0,10,20.351367,1.753823
[MO833] Paramount Iteration,0,11,22.055280,1.703913
[MO833] Paramount Iteration,3,11,22.055122,1.715652
[MO833] Paramount Iteration,1,11,22.061730,1.714746
[MO833] Paramount Iteration,2,11,22.075297,1.739341
[MO833] Paramount Iteration,2,12,23.773777,1.698480
[MO833] Paramount Iteration,3,12,23.778128,1.723006
[MO833] Paramount Iteration,1,12,23.784697,1.722967
[MO833] Paramount Iteration,0,12,23.802609,1.747329
[MO833] Paramount Iteration,0,13,25.506086,1.703477
[MO833] Paramount Iteration,2,13,25.502353,1.728576
[MO833] Paramount Iteration,3,13,25.505881,1.727753
[MO833] Paramount Iteration,1,13,25.512347,1.727650
[MO833] Paramount Iteration,0,14,27.220268,1.714182
[MO833] Paramount Iteration,2,14,27.216414,1.714061
[MO833] Paramount Iteration,3,14,27.219855,1.713974
[MO833] Paramount Iteration,1,14,27.226400,1.714053
[MO833] Paramount Iteration,0,15,28.939775,1.719507
[MO833] Paramount Iteration,2,15,28.935657,1.719243
[MO833] Paramount Iteration,3,15,28.939300,1.719445
[MO833] Paramount Iteration,1,15,28.945744,1.719344
[MO833] Paramount Iteration,0,16,30.647485,1.707710
[MO833] Paramount Iteration,2,16,30.643510,1.707853
[MO833] Paramount Iteration,3,16,30.647136,1.707836
[MO833] Paramount Iteration,1,16,30.653525,1.707781
[MO833] Paramount Iteration,2,17,32.406864,1.763354
[MO833] Paramount Iteration,3,17,32.412209,1.765073
[MO833] Paramount Iteration,1,17,32.417721,1.764196
[MO833] Paramount Iteration,0,17,32.424978,1.777493
[MO833] Paramount Iteration,0,18,34.130336,1.705358
[MO833] Paramount Iteration,2,18,34.126248,1.719384
[MO833] Paramount Iteration,3,18,34.129920,1.717711
[MO833] Paramount Iteration,1,18,34.136301,1.718580
[MO833] Paramount Iteration,0,19,35.850149,1.719813
 Time step   20
[MO833] Paramount Iteration,2,19,35.846228,1.719980
[MO833] Paramount Iteration,3,19,35.849754,1.719834
[MO833] Paramount Iteration,1,19,35.856280,1.719979
[MO833] Paramount Iteration,1,20,37.561026,1.704746
[MO833] Paramount Iteration,3,20,37.557725,1.707971
[MO833] Paramount Iteration,2,20,37.561881,1.715653
[MO833] Paramount Iteration,0,20,37.582622,1.732473
[MO833] Paramount Iteration,2,21,39.266183,1.704302
[MO833] Paramount Iteration,0,21,39.278081,1.695459
[MO833] Paramount Iteration,1,21,39.277847,1.716821
[MO833] Paramount Iteration,3,21,39.276875,1.719150
[MO833] Paramount Iteration,2,22,40.999322,1.733139
[MO833] Paramount Iteration,0,22,41.010878,1.732797
[MO833] Paramount Iteration,1,22,41.010983,1.733136
[MO833] Paramount Iteration,3,22,41.009704,1.732829
[MO833] Paramount Iteration,2,23,42.704906,1.705584
[MO833] Paramount Iteration,0,23,42.716675,1.705797
[MO833] Paramount Iteration,1,23,42.716642,1.705659
[MO833] Paramount Iteration,3,23,42.715553,1.705849
[MO833] Paramount Iteration,2,24,44.420617,1.715711
[MO833] Paramount Iteration,0,24,44.432324,1.715649
[MO833] Paramount Iteration,1,24,44.432371,1.715729
[MO833] Paramount Iteration,3,24,44.431258,1.715705
[MO833] Paramount Iteration,0,25,46.133188,1.700864
[MO833] Paramount Iteration,1,25,46.133200,1.700829
[MO833] Paramount Iteration,3,25,46.132471,1.701213
[MO833] Paramount Iteration,2,25,46.143155,1.722538
[MO833] Paramount Iteration,2,26,47.848463,1.705308
[MO833] Paramount Iteration,0,26,47.860178,1.726990
[MO833] Paramount Iteration,1,26,47.860115,1.726915
[MO833] Paramount Iteration,3,26,47.859075,1.726604
[MO833] Paramount Iteration,2,27,49.551271,1.702808
[MO833] Paramount Iteration,0,27,49.563383,1.703205
[MO833] Paramount Iteration,1,27,49.562900,1.702785
[MO833] Paramount Iteration,3,27,49.562107,1.703032
[MO833] Paramount Iteration,2,28,51.255102,1.703831
[MO833] Paramount Iteration,0,28,51.267037,1.703654
[MO833] Paramount Iteration,1,28,51.266745,1.703845
[MO833] Paramount Iteration,3,28,51.265829,1.703722
[MO833] Paramount Iteration,0,29,52.965946,1.698909
[MO833] Paramount Iteration,1,29,52.966432,1.699687
[MO833] Paramount Iteration,3,29,52.965482,1.699653
[MO833] Paramount Iteration,2,29,52.973191,1.718089
[MO833] Paramount Iteration,2,30,54.672781,1.699590
[MO833] Paramount Iteration,0,30,54.684513,1.718567
[MO833] Paramount Iteration,1,30,54.684474,1.718042
[MO833] Paramount Iteration,3,30,54.683421,1.717939
[MO833] Paramount Iteration,2,31,56.376103,1.703322
[MO833] Paramount Iteration,0,31,56.388128,1.703615
[MO833] Paramount Iteration,1,31,56.387690,1.703216
[MO833] Paramount Iteration,3,31,56.386933,1.703512
[MO833] Paramount Iteration,2,32,58.085730,1.709627
[MO833] Paramount Iteration,0,32,58.097444,1.709316
[MO833] Paramount Iteration,1,32,58.097320,1.709630
[MO833] Paramount Iteration,3,32,58.096304,1.709371
[MO833] Paramount Iteration,2,33,59.783708,1.697978
[MO833] Paramount Iteration,0,33,59.795714,1.698270
[MO833] Paramount Iteration,1,33,59.795427,1.698107
[MO833] Paramount Iteration,3,33,59.794596,1.698292
[MO833] Paramount Iteration,2,34,61.486219,1.702511
[MO833] Paramount Iteration,1,34,61.496971,1.701544
[MO833] Paramount Iteration,3,34,61.496040,1.701444
[MO833] Paramount Iteration,0,34,61.507537,1.711823
[MO833] Paramount Iteration,2,35,63.191171,1.704952
[MO833] Paramount Iteration,0,35,63.203042,1.695505
[MO833] Paramount Iteration,1,35,63.202846,1.705875
[MO833] Paramount Iteration,3,35,63.201789,1.705749
[MO833] Paramount Iteration,0,36,64.964664,1.761622
[MO833] Paramount Iteration,1,36,64.965132,1.762286
[MO833] Paramount Iteration,3,36,64.964119,1.762330
[MO833] Paramount Iteration,2,36,64.979020,1.787849
[MO833] Paramount Iteration,2,37,66.670975,1.691955
[MO833] Paramount Iteration,0,37,66.682837,1.718173
[MO833] Paramount Iteration,1,37,66.682619,1.717487
[MO833] Paramount Iteration,3,37,66.681636,1.717517
[MO833] Paramount Iteration,2,38,68.374255,1.703280
[MO833] Paramount Iteration,0,38,68.386125,1.703288
[MO833] Paramount Iteration,1,38,68.386031,1.703412
[MO833] Paramount Iteration,3,38,68.384953,1.703317
[MO833] Paramount Iteration,2,39,70.076303,1.702048
[MO833] Paramount Iteration,1,39,70.087216,1.701185
[MO833] Paramount Iteration,3,39,70.086811,1.701858
[MO833] Paramount Iteration,0,39,70.095742,1.709617
 Time step   40
[MO833] Paramount Iteration,2,40,71.796204,1.719901
[MO833] Paramount Iteration,0,40,71.808162,1.712420
[MO833] Paramount Iteration,1,40,71.807957,1.720741
[MO833] Paramount Iteration,3,40,71.806981,1.720170
[MO833] Paramount Iteration,2,41,73.500327,1.704123
[MO833] Paramount Iteration,0,41,73.512070,1.703908
[MO833] Paramount Iteration,1,41,73.511966,1.704009
[MO833] Paramount Iteration,3,41,73.510879,1.703898
[MO833] Paramount Iteration,2,42,75.202527,1.702200
[MO833] Paramount Iteration,1,42,75.213545,1.701579
[MO833] Paramount Iteration,3,42,75.211001,1.700122
[MO833] Paramount Iteration,0,42,75.222404,1.710334
[MO833] Paramount Iteration,2,43,76.903739,1.701212
[MO833] Paramount Iteration,0,43,76.916805,1.694401
[MO833] Paramount Iteration,1,43,76.915435,1.701890
[MO833] Paramount Iteration,3,43,76.915528,1.704527
[MO833] Paramount Iteration,2,44,78.606405,1.702666
[MO833] Paramount Iteration,0,44,78.619807,1.703002
[MO833] Paramount Iteration,1,44,78.618080,1.702645
[MO833] Paramount Iteration,3,44,78.618471,1.702943
[MO833] Paramount Iteration,2,45,80.337947,1.731542
[MO833] Paramount Iteration,1,45,80.348565,1.730485
[MO833] Paramount Iteration,0,45,80.356271,1.736464
[MO833] Paramount Iteration,3,45,80.354891,1.736420
[MO833] Paramount Iteration,2,46,82.053854,1.715907
[MO833] Paramount Iteration,0,46,82.067132,1.710861
[MO833] Paramount Iteration,1,46,82.065619,1.717054
[MO833] Paramount Iteration,3,46,82.065792,1.710901
[MO833] Paramount Iteration,2,47,83.756914,1.703060
[MO833] Paramount Iteration,0,47,83.770329,1.703197
[MO833] Paramount Iteration,1,47,83.768625,1.703006
[MO833] Paramount Iteration,3,47,83.768982,1.703190
[MO833] Paramount Iteration,2,48,85.460178,1.703264
[MO833] Paramount Iteration,0,48,85.473189,1.702860
[MO833] Paramount Iteration,1,48,85.471828,1.703203
[MO833] Paramount Iteration,3,48,85.471879,1.702897
[MO833] Paramount Iteration,2,49,87.183936,1.723758
[MO833] Paramount Iteration,0,49,87.197161,1.723972
[MO833] Paramount Iteration,1,49,87.195676,1.723848
[MO833] Paramount Iteration,3,49,87.195830,1.723951
[MO833] Paramount Iteration,2,50,88.886853,1.702917
[MO833] Paramount Iteration,0,50,88.900187,1.703026
[MO833] Paramount Iteration,1,50,88.898523,1.702847
[MO833] Paramount Iteration,3,50,88.898807,1.702977
[MO833] Paramount Iteration,2,51,90.590108,1.703255
[MO833] Paramount Iteration,0,51,90.603008,1.702821
[MO833] Paramount Iteration,1,51,90.601649,1.703126
[MO833] Paramount Iteration,3,51,90.601667,1.702860
[MO833] Paramount Iteration,2,52,92.293038,1.702930
[MO833] Paramount Iteration,0,52,92.306078,1.703070
[MO833] Paramount Iteration,1,52,92.304660,1.703011
[MO833] Paramount Iteration,3,52,92.304810,1.703143
[MO833] Paramount Iteration,2,53,93.994439,1.701401
[MO833] Paramount Iteration,0,53,94.007486,1.701408
[MO833] Paramount Iteration,1,53,94.006090,1.701430
[MO833] Paramount Iteration,3,53,94.006200,1.701390
[MO833] Paramount Iteration,2,54,95.697794,1.703355
[MO833] Paramount Iteration,0,54,95.711011,1.703525
[MO833] Paramount Iteration,1,54,95.709497,1.703407
[MO833] Paramount Iteration,3,54,95.709661,1.703461
[MO833] Paramount Iteration,2,55,97.400612,1.702818
[MO833] Paramount Iteration,0,55,97.413528,1.702517
[MO833] Paramount Iteration,1,55,97.412271,1.702774
[MO833] Paramount Iteration,3,55,97.412221,1.702560
[MO833] Paramount Iteration,2,56,99.102068,1.701456
[MO833] Paramount Iteration,0,56,99.115245,1.701717
[MO833] Paramount Iteration,1,56,99.113715,1.701444
[MO833] Paramount Iteration,3,56,99.113861,1.701640
[MO833] Paramount Iteration,2,57,100.804866,1.702798
[MO833] Paramount Iteration,0,57,100.818054,1.702809
[MO833] Paramount Iteration,1,57,100.816572,1.702857
[MO833] Paramount Iteration,3,57,100.816703,1.702842
[MO833] Paramount Iteration,2,58,102.508188,1.703322
[MO833] Paramount Iteration,0,58,102.521424,1.703370
[MO833] Paramount Iteration,1,58,102.519863,1.703291
[MO833] Paramount Iteration,3,58,102.520046,1.703343
[MO833] Paramount Iteration,2,59,104.218911,1.710723
[MO833] Paramount Iteration,0,59,104.232100,1.710676
 Time step   60
[MO833] Paramount Iteration,1,59,104.230524,1.710661
[MO833] Paramount Iteration,3,59,104.230732,1.710686
[MO833] Paramount Iteration,2,60,105.942824,1.723913
[MO833] Paramount Iteration,0,60,105.955931,1.723831
[MO833] Paramount Iteration,1,60,105.954477,1.723953
[MO833] Paramount Iteration,3,60,105.954633,1.723901
[MO833] Paramount Iteration,2,61,107.646225,1.703401
[MO833] Paramount Iteration,0,61,107.659252,1.703321
[MO833] Paramount Iteration,1,61,107.657899,1.703422
[MO833] Paramount Iteration,3,61,107.658036,1.703403
[MO833] Paramount Iteration,2,62,109.349531,1.703306
[MO833] Paramount Iteration,0,62,109.362350,1.703098
[MO833] Paramount Iteration,1,62,109.360896,1.702997
[MO833] Paramount Iteration,3,62,109.361064,1.703028
[MO833] Paramount Iteration,2,63,111.052765,1.703234
[MO833] Paramount Iteration,0,63,111.065929,1.703579
[MO833] Paramount Iteration,1,63,111.064403,1.703507
[MO833] Paramount Iteration,3,63,111.064535,1.703471
[MO833] Paramount Iteration,2,64,112.756256,1.703491
[MO833] Paramount Iteration,1,64,112.767890,1.703487
[MO833] Paramount Iteration,0,64,112.769716,1.703787
[MO833] Paramount Iteration,3,64,112.768391,1.703856
[MO833] Paramount Iteration,2,65,114.457607,1.701351
[MO833] Paramount Iteration,0,65,114.470665,1.700949
[MO833] Paramount Iteration,1,65,114.469234,1.701344
[MO833] Paramount Iteration,3,65,114.469318,1.700927
[MO833] Paramount Iteration,2,66,116.160729,1.703122
[MO833] Paramount Iteration,0,66,116.173881,1.703216
[MO833] Paramount Iteration,1,66,116.172424,1.703190
[MO833] Paramount Iteration,3,66,116.172630,1.703312
[MO833] Paramount Iteration,2,67,117.863617,1.702888
[MO833] Paramount Iteration,0,67,117.876751,1.702870
[MO833] Paramount Iteration,1,67,117.875220,1.702796
[MO833] Paramount Iteration,3,67,117.875406,1.702776
[MO833] Paramount Iteration,2,68,119.565364,1.701747
[MO833] Paramount Iteration,0,68,119.578585,1.701834
[MO833] Paramount Iteration,1,68,119.577060,1.701840
[MO833] Paramount Iteration,3,68,119.577221,1.701815
[MO833] Paramount Iteration,2,69,121.268501,1.703137
[MO833] Paramount Iteration,0,69,121.281668,1.703083
[MO833] Paramount Iteration,1,69,121.280094,1.703034
[MO833] Paramount Iteration,3,69,121.280366,1.703145
[MO833] Paramount Iteration,2,70,122.971439,1.702938
[MO833] Paramount Iteration,0,70,122.984531,1.702863
[MO833] Paramount Iteration,1,70,122.983051,1.702957
[MO833] Paramount Iteration,3,70,122.983227,1.702861
[MO833] Paramount Iteration,2,71,124.674149,1.702710
[MO833] Paramount Iteration,1,71,124.685797,1.702746
[MO833] Paramount Iteration,0,71,124.687411,1.702880
[MO833] Paramount Iteration,3,71,124.686123,1.702896
[MO833] Paramount Iteration,2,72,126.437767,1.763618
[MO833] Paramount Iteration,0,72,126.449116,1.761705
[MO833] Paramount Iteration,1,72,126.449425,1.763628
[MO833] Paramount Iteration,3,72,126.448147,1.762024
[MO833] Paramount Iteration,2,73,128.149393,1.711626
[MO833] Paramount Iteration,1,73,128.161070,1.711645
[MO833] Paramount Iteration,0,73,128.162626,1.713510
[MO833] Paramount Iteration,3,73,128.161220,1.713073
[MO833] Paramount Iteration,2,74,129.851654,1.702261
[MO833] Paramount Iteration,0,74,129.864700,1.702074
[MO833] Paramount Iteration,1,74,129.863314,1.702244
[MO833] Paramount Iteration,3,74,129.863320,1.702100
[MO833] Paramount Iteration,2,75,131.554721,1.703067
[MO833] Paramount Iteration,1,75,131.566330,1.703016
[MO833] Paramount Iteration,0,75,131.568000,1.703300
[MO833] Paramount Iteration,3,75,131.566662,1.703342
[MO833] Paramount Iteration,2,76,133.257734,1.703013
[MO833] Paramount Iteration,1,76,133.269311,1.702981
[MO833] Paramount Iteration,0,76,133.271090,1.703090
[MO833] Paramount Iteration,3,76,133.269737,1.703075
[MO833] Paramount Iteration,2,77,134.961151,1.703417
[MO833] Paramount Iteration,0,77,134.974455,1.703365
[MO833] Paramount Iteration,1,77,134.972878,1.703567
[MO833] Paramount Iteration,3,77,134.973089,1.703352
[MO833] Paramount Iteration,2,78,136.664734,1.703583
[MO833] Paramount Iteration,0,78,136.677658,1.703203
[MO833] Paramount Iteration,1,78,136.676395,1.703517
[MO833] Paramount Iteration,3,78,136.676385,1.703296
[MO833] Paramount Iteration,2,79,138.366384,1.701650
[MO833] Paramount Iteration,0,79,138.379326,1.701668
 Time step   80
[MO833] Paramount Iteration,1,79,138.378078,1.701683
[MO833] Paramount Iteration,3,79,138.378093,1.701708
[MO833] Paramount Iteration,2,80,140.069462,1.703078
[MO833] Paramount Iteration,0,80,140.082478,1.703152
[MO833] Paramount Iteration,1,80,140.081061,1.702983
[MO833] Paramount Iteration,3,80,140.081126,1.703033
[MO833] Paramount Iteration,2,81,141.772373,1.702911
[MO833] Paramount Iteration,0,81,141.785723,1.703245
[MO833] Paramount Iteration,1,81,141.784098,1.703037
[MO833] Paramount Iteration,3,81,141.784302,1.703176
[MO833] Paramount Iteration,2,82,143.497859,1.725486
[MO833] Paramount Iteration,1,82,143.509575,1.725477
[MO833] Paramount Iteration,0,82,143.511394,1.725671
[MO833] Paramount Iteration,3,82,143.509884,1.725582
[MO833] Paramount Iteration,2,83,145.200855,1.702996
[MO833] Paramount Iteration,0,83,145.213876,1.702482
[MO833] Paramount Iteration,1,83,145.212491,1.702916
[MO833] Paramount Iteration,3,83,145.212541,1.702657
[MO833] Paramount Iteration,2,84,146.903996,1.703141
[MO833] Paramount Iteration,0,84,146.916905,1.703029
[MO833] Paramount Iteration,1,84,146.915652,1.703161
[MO833] Paramount Iteration,3,84,146.915630,1.703089
[MO833] Paramount Iteration,2,85,148.607049,1.703053
[MO833] Paramount Iteration,0,85,148.619876,1.702971
[MO833] Paramount Iteration,1,85,148.618652,1.703000
[MO833] Paramount Iteration,3,85,148.618705,1.703075
[MO833] Paramount Iteration,2,86,150.310336,1.703287
[MO833] Paramount Iteration,0,86,150.323489,1.703613
[MO833] Paramount Iteration,1,86,150.321963,1.703311
[MO833] Paramount Iteration,3,86,150.322098,1.703393
[MO833] Paramount Iteration,2,87,152.013300,1.702964
[MO833] Paramount Iteration,0,87,152.026444,1.702955
[MO833] Paramount Iteration,1,87,152.024939,1.702976
[MO833] Paramount Iteration,3,87,152.025112,1.703014
[MO833] Paramount Iteration,2,88,153.713466,1.700166
[MO833] Paramount Iteration,1,88,153.724021,1.699082
[MO833] Paramount Iteration,3,88,153.723927,1.698815
[MO833] Paramount Iteration,0,88,153.748538,1.722094
[MO833] Paramount Iteration,2,89,155.431719,1.718253
[MO833] Paramount Iteration,0,89,155.444650,1.696112
[MO833] Paramount Iteration,1,89,155.443356,1.719335
[MO833] Paramount Iteration,3,89,155.443371,1.719444
[MO833] Paramount Iteration,2,90,157.164123,1.732404
[MO833] Paramount Iteration,0,90,157.177143,1.732493
[MO833] Paramount Iteration,1,90,157.175795,1.732439
[MO833] Paramount Iteration,3,90,157.175838,1.732467
[MO833] Paramount Iteration,2,91,158.871604,1.707481
[MO833] Paramount Iteration,0,91,158.884669,1.707526
[MO833] Paramount Iteration,1,91,158.883248,1.707453
[MO833] Paramount Iteration,3,91,158.883334,1.707496
[MO833] Paramount Iteration,2,92,160.574490,1.702886
[MO833] Paramount Iteration,0,92,160.587616,1.702947
[MO833] Paramount Iteration,1,92,160.586023,1.702775
[MO833] Paramount Iteration,3,92,160.586259,1.702925
[MO833] Paramount Iteration,2,93,162.277507,1.703017
[MO833] Paramount Iteration,0,93,162.290439,1.702823
[MO833] Paramount Iteration,1,93,162.289199,1.703176
[MO833] Paramount Iteration,3,93,162.289146,1.702887
[MO833] Paramount Iteration,2,94,163.979988,1.702481
[MO833] Paramount Iteration,1,94,163.990638,1.701439
[MO833] Paramount Iteration,3,94,163.990843,1.701697
[MO833] Paramount Iteration,0,94,164.002294,1.711855
[MO833] Paramount Iteration,2,95,165.684028,1.704040
[MO833] Paramount Iteration,0,95,165.697283,1.694989
[MO833] Paramount Iteration,1,95,165.695669,1.705031
[MO833] Paramount Iteration,3,95,165.695934,1.705091
[MO833] Paramount Iteration,2,96,167.386882,1.702854
[MO833] Paramount Iteration,1,96,167.398585,1.702916
[MO833] Paramount Iteration,0,96,167.400222,1.702939
[MO833] Paramount Iteration,3,96,167.398864,1.702930
[MO833] Paramount Iteration,2,97,169.090046,1.703164
[MO833] Paramount Iteration,0,97,169.103142,1.702920
[MO833] Paramount Iteration,1,97,169.101795,1.703210
[MO833] Paramount Iteration,3,97,169.101816,1.702952
[MO833] Paramount Iteration,2,98,170.792898,1.702852
[MO833] Paramount Iteration,0,98,170.806125,1.702983
[MO833] Paramount Iteration,1,98,170.804587,1.702792
[MO833] Paramount Iteration,3,98,170.804745,1.702929
[MO833] Paramount Iteration,2,99,172.496136,1.703238
[MO833] Paramount Iteration,0,99,172.509374,1.703249
 Time step  100
[MO833] Paramount Iteration,1,99,172.507767,1.703180
[MO833] Paramount Iteration,3,99,172.508004,1.703259
[MO833] Paramount Iteration,2,100,174.198162,1.702026
[MO833] Paramount Iteration,1,100,174.209771,1.702004
[MO833] Paramount Iteration,0,100,174.211575,1.702201
[MO833] Paramount Iteration,3,100,174.210124,1.702120
[MO833] Paramount Iteration,2,101,175.901311,1.703149
[MO833] Paramount Iteration,0,101,175.914530,1.702955
[MO833] Paramount Iteration,1,101,175.912970,1.703199
[MO833] Paramount Iteration,3,101,175.913142,1.703018
[MO833] Paramount Iteration,2,102,177.604427,1.703116
[MO833] Paramount Iteration,0,102,177.617662,1.703132
[MO833] Paramount Iteration,1,102,177.616122,1.703152
[MO833] Paramount Iteration,3,102,177.616266,1.703124
[MO833] Paramount Iteration,2,103,179.307454,1.703027
[MO833] Paramount Iteration,0,103,179.320551,1.702889
[MO833] Paramount Iteration,1,103,179.319149,1.703027
[MO833] Paramount Iteration,3,103,179.319250,1.702984
[MO833] Paramount Iteration,2,104,181.010340,1.702886
[MO833] Paramount Iteration,0,104,181.023531,1.702980
[MO833] Paramount Iteration,1,104,181.022023,1.702874
[MO833] Paramount Iteration,3,104,181.022240,1.702990
[MO833] Paramount Iteration,2,105,182.713371,1.703031
[MO833] Paramount Iteration,0,105,182.726425,1.702894
[MO833] Paramount Iteration,1,105,182.725055,1.703032
[MO833] Paramount Iteration,3,105,182.725154,1.702914
[MO833] Paramount Iteration,2,106,184.423487,1.710116
[MO833] Paramount Iteration,0,106,184.436554,1.710129
[MO833] Paramount Iteration,1,106,184.435119,1.710064
[MO833] Paramount Iteration,3,106,184.435251,1.710097
[MO833] Paramount Iteration,2,107,186.125352,1.701865
[MO833] Paramount Iteration,1,107,186.135876,1.700757
[MO833] Paramount Iteration,3,107,186.136338,1.701087
[MO833] Paramount Iteration,0,107,186.160955,1.724401
[MO833] Paramount Iteration,2,108,187.843732,1.718380
[MO833] Paramount Iteration,0,108,187.857076,1.696121
[MO833] Paramount Iteration,1,108,187.855396,1.719520
[MO833] Paramount Iteration,3,108,187.855697,1.719359
[MO833] Paramount Iteration,2,109,189.546969,1.703237
[MO833] Paramount Iteration,0,109,189.560208,1.703132
[MO833] Paramount Iteration,1,109,189.558652,1.703256
[MO833] Paramount Iteration,3,109,189.558824,1.703127
[MO833] Paramount Iteration,2,110,191.250100,1.703131
[MO833] Paramount Iteration,0,110,191.263116,1.702908
[MO833] Paramount Iteration,1,110,191.261828,1.703176
[MO833] Paramount Iteration,3,110,191.261814,1.702990
[MO833] Paramount Iteration,2,111,192.953648,1.703548
[MO833] Paramount Iteration,0,111,192.966503,1.703387
[MO833] Paramount Iteration,1,111,192.965333,1.703505
[MO833] Paramount Iteration,3,111,192.965143,1.703329
[MO833] Paramount Iteration,2,112,194.656576,1.702928
[MO833] Paramount Iteration,0,112,194.669516,1.703013
[MO833] Paramount Iteration,1,112,194.668040,1.702707
[MO833] Paramount Iteration,3,112,194.668245,1.703102
[MO833] Paramount Iteration,2,113,196.359321,1.702745
[MO833] Paramount Iteration,0,113,196.372511,1.702995
[MO833] Paramount Iteration,1,113,196.371075,1.703035
[MO833] Paramount Iteration,3,113,196.371228,1.702983
[MO833] Paramount Iteration,2,114,198.062056,1.702735
[MO833] Paramount Iteration,1,114,198.072685,1.701610
[MO833] Paramount Iteration,3,114,198.072656,1.701428
[MO833] Paramount Iteration,0,114,198.084814,1.712303
[MO833] Paramount Iteration,2,115,199.766933,1.704877
[MO833] Paramount Iteration,0,115,199.779980,1.695166
[MO833] Paramount Iteration,1,115,199.778616,1.705931
[MO833] Paramount Iteration,3,115,199.778624,1.705968
[MO833] Paramount Iteration,2,116,201.470414,1.703481
[MO833] Paramount Iteration,0,116,201.483414,1.703434
[MO833] Paramount Iteration,1,116,201.481931,1.703315
[MO833] Paramount Iteration,3,116,201.482210,1.703586
[MO833] Paramount Iteration,2,117,203.173639,1.703225
[MO833] Paramount Iteration,0,117,203.186958,1.703544
[MO833] Paramount Iteration,1,117,203.185250,1.703319
[MO833] Paramount Iteration,3,117,203.185493,1.703283
[MO833] Paramount Iteration,2,118,204.876960,1.703321
[MO833] Paramount Iteration,0,118,204.890288,1.703330
[MO833] Paramount Iteration,1,118,204.888708,1.703458
[MO833] Paramount Iteration,3,118,204.888933,1.703440
[MO833] Paramount Iteration,2,119,206.580287,1.703327
[MO833] Paramount Iteration,0,119,206.593248,1.702960
 Time step  120
[MO833] Paramount Iteration,1,119,206.591838,1.703130
[MO833] Paramount Iteration,3,119,206.591939,1.703006
[MO833] Paramount Iteration,2,120,208.282645,1.702358
[MO833] Paramount Iteration,0,120,208.295515,1.702267
[MO833] Paramount Iteration,1,120,208.294311,1.702473
[MO833] Paramount Iteration,3,120,208.294272,1.702333
[MO833] Paramount Iteration,2,121,209.984057,1.701412
[MO833] Paramount Iteration,1,121,209.995745,1.701434
[MO833] Paramount Iteration,0,121,209.997512,1.701997
[MO833] Paramount Iteration,3,121,209.996116,1.701844
[MO833] Paramount Iteration,2,122,211.687442,1.703385
[MO833] Paramount Iteration,0,122,211.700599,1.703087
[MO833] Paramount Iteration,1,122,211.699115,1.703370
[MO833] Paramount Iteration,3,122,211.699382,1.703266
[MO833] Paramount Iteration,2,123,213.391381,1.703939
[MO833] Paramount Iteration,0,123,213.404143,1.703544
[MO833] Paramount Iteration,1,123,213.402997,1.703882
[MO833] Paramount Iteration,3,123,213.402921,1.703539
[MO833] Paramount Iteration,2,124,215.093758,1.702377
[MO833] Paramount Iteration,1,124,215.105418,1.702421
[MO833] Paramount Iteration,0,124,215.107477,1.703334
[MO833] Paramount Iteration,3,124,215.106193,1.703272
[MO833] Paramount Iteration,2,125,216.851061,1.757303
[MO833] Paramount Iteration,1,125,216.862730,1.757312
[MO833] Paramount Iteration,0,125,216.864760,1.757283
[MO833] Paramount Iteration,3,125,216.863465,1.757272
[MO833] Paramount Iteration,2,126,218.561275,1.710214
[MO833] Paramount Iteration,1,126,218.572924,1.710194
[MO833] Paramount Iteration,0,126,218.574936,1.710176
[MO833] Paramount Iteration,3,126,218.573573,1.710108
[MO833] Paramount Iteration,2,127,220.264535,1.703260
[MO833] Paramount Iteration,1,127,220.276107,1.703183
[MO833] Paramount Iteration,0,127,220.278004,1.703068
[MO833] Paramount Iteration,3,127,220.276651,1.703078
[MO833] Paramount Iteration,2,128,221.973371,1.708836
[MO833] Paramount Iteration,1,128,221.984927,1.708820
[MO833] Paramount Iteration,0,128,221.986970,1.708966
[MO833] Paramount Iteration,3,128,221.985658,1.709007
[MO833] Paramount Iteration,2,129,223.674591,1.701220
[MO833] Paramount Iteration,1,129,223.686200,1.701273
[MO833] Paramount Iteration,0,129,223.688304,1.701334
[MO833] Paramount Iteration,3,129,223.686948,1.701290
[MO833] Paramount Iteration,2,130,225.377219,1.702628
[MO833] Paramount Iteration,1,130,225.388788,1.702588
[MO833] Paramount Iteration,0,130,225.390806,1.702502
[MO833] Paramount Iteration,3,130,225.389447,1.702499
[MO833] Paramount Iteration,2,131,227.079077,1.701858
[MO833] Paramount Iteration,1,131,227.090814,1.702026
[MO833] Paramount Iteration,0,131,227.092679,1.701873
[MO833] Paramount Iteration,3,131,227.091340,1.701893
[MO833] Paramount Iteration,2,132,228.781991,1.702914
[MO833] Paramount Iteration,1,132,228.793707,1.702893
[MO833] Paramount Iteration,0,132,228.795658,1.702979
[MO833] Paramount Iteration,3,132,228.794283,1.702943
[MO833] Paramount Iteration,2,133,230.485228,1.703237
[MO833] Paramount Iteration,1,133,230.496834,1.703127
[MO833] Paramount Iteration,0,133,230.498898,1.703240
[MO833] Paramount Iteration,3,133,230.497529,1.703246
[MO833] Paramount Iteration,2,134,232.188498,1.703270
[MO833] Paramount Iteration,1,134,232.200174,1.703340
[MO833] Paramount Iteration,0,134,232.202260,1.703362
[MO833] Paramount Iteration,3,134,232.200958,1.703429
[MO833] Paramount Iteration,2,135,233.891359,1.702861
[MO833] Paramount Iteration,1,135,233.903018,1.702844
[MO833] Paramount Iteration,0,135,233.905341,1.703081
[MO833] Paramount Iteration,3,135,233.904002,1.703044
[MO833] Paramount Iteration,2,136,235.594568,1.703209
[MO833] Paramount Iteration,1,136,235.606219,1.703201
[MO833] Paramount Iteration,0,136,235.608146,1.702805
[MO833] Paramount Iteration,3,136,235.606776,1.702774
[MO833] Paramount Iteration,2,137,237.297799,1.703231
[MO833] Paramount Iteration,1,137,237.309370,1.703151
[MO833] Paramount Iteration,0,137,237.311214,1.703068
[MO833] Paramount Iteration,3,137,237.309854,1.703078
[MO833] Paramount Iteration,2,138,239.000021,1.702222
[MO833] Paramount Iteration,1,138,239.010621,1.701251
[MO833] Paramount Iteration,3,138,239.011046,1.701192
[MO833] Paramount Iteration,0,138,239.025518,1.714304
[MO833] Paramount Iteration,2,139,240.706516,1.706495
[MO833] Paramount Iteration,1,139,240.718149,1.707528
[MO833] Paramount Iteration,0,139,240.720344,1.694826
 Time step  140
[MO833] Paramount Iteration,3,139,240.719041,1.707995
[MO833] Paramount Iteration,2,140,242.409752,1.703236
[MO833] Paramount Iteration,1,140,242.421380,1.703231
[MO833] Paramount Iteration,0,140,242.423374,1.703030
[MO833] Paramount Iteration,3,140,242.421997,1.702956
[MO833] Paramount Iteration,2,141,244.112419,1.702667
[MO833] Paramount Iteration,1,141,244.124054,1.702674
[MO833] Paramount Iteration,0,141,244.126050,1.702676
[MO833] Paramount Iteration,3,141,244.124740,1.702743
[MO833] Paramount Iteration,2,142,245.837469,1.725050
[MO833] Paramount Iteration,0,142,245.849554,1.723504
[MO833] Paramount Iteration,1,142,245.858895,1.734841
[MO833] Paramount Iteration,3,142,245.859426,1.734686
[MO833] Paramount Iteration,2,143,247.558838,1.721369
[MO833] Paramount Iteration,1,143,247.570482,1.711587
[MO833] Paramount Iteration,0,143,247.572620,1.723066
[MO833] Paramount Iteration,3,143,247.571343,1.711917
[MO833] Paramount Iteration,2,144,249.262320,1.703482
[MO833] Paramount Iteration,1,144,249.273909,1.703427
[MO833] Paramount Iteration,0,144,249.275831,1.703211
[MO833] Paramount Iteration,3,144,249.274467,1.703124
[MO833] Paramount Iteration,2,145,250.964712,1.702392
[MO833] Paramount Iteration,1,145,250.976306,1.702397
[MO833] Paramount Iteration,0,145,250.978607,1.702776
[MO833] Paramount Iteration,3,145,250.977217,1.702750
[MO833] Paramount Iteration,2,146,252.666391,1.701679
[MO833] Paramount Iteration,1,146,252.678159,1.701853
[MO833] Paramount Iteration,0,146,252.680013,1.701406
[MO833] Paramount Iteration,3,146,252.678667,1.701450
[MO833] Paramount Iteration,2,147,254.369399,1.703008
[MO833] Paramount Iteration,1,147,254.381013,1.702854
[MO833] Paramount Iteration,0,147,254.383042,1.703029
[MO833] Paramount Iteration,3,147,254.381691,1.703024
[MO833] Paramount Iteration,2,148,256.072360,1.702961
[MO833] Paramount Iteration,1,148,256.084015,1.703002
[MO833] Paramount Iteration,0,148,256.086230,1.703188
[MO833] Paramount Iteration,3,148,256.084878,1.703187
[MO833] Paramount Iteration,2,149,257.775392,1.703032
[MO833] Paramount Iteration,1,149,257.787033,1.703018
[MO833] Paramount Iteration,0,149,257.789159,1.702929
[MO833] Paramount Iteration,3,149,257.787812,1.702934
[MO833] Paramount Iteration,2,150,259.478550,1.703158
[MO833] Paramount Iteration,1,150,259.490160,1.703127
[MO833] Paramount Iteration,0,150,259.492142,1.702983
[MO833] Paramount Iteration,3,150,259.490853,1.703041
[MO833] Paramount Iteration,2,151,261.181519,1.702969
[MO833] Paramount Iteration,1,151,261.193129,1.702969
[MO833] Paramount Iteration,0,151,261.195075,1.702933
[MO833] Paramount Iteration,3,151,261.193731,1.702878
[MO833] Paramount Iteration,2,152,262.884375,1.702856
[MO833] Paramount Iteration,1,152,262.896006,1.702877
[MO833] Paramount Iteration,0,152,262.898126,1.703051
[MO833] Paramount Iteration,3,152,262.896750,1.703019
[MO833] Paramount Iteration,2,153,264.587171,1.702796
[MO833] Paramount Iteration,1,153,264.598825,1.702819
[MO833] Paramount Iteration,0,153,264.600886,1.702760
[MO833] Paramount Iteration,3,153,264.599593,1.702843
[MO833] Paramount Iteration,1,154,266.301273,1.702448
[MO833] Paramount Iteration,0,154,266.303057,1.702171
[MO833] Paramount Iteration,3,154,266.302441,1.702848
[MO833] Paramount Iteration,2,154,266.304695,1.717524
[MO833] Paramount Iteration,2,155,267.991597,1.686902
[MO833] Paramount Iteration,1,155,268.003185,1.701912
[MO833] Paramount Iteration,0,155,268.005740,1.702683
[MO833] Paramount Iteration,3,155,268.004370,1.701929
[MO833] Paramount Iteration,2,156,269.695051,1.703454
[MO833] Paramount Iteration,1,156,269.706746,1.703561
[MO833] Paramount Iteration,0,156,269.708880,1.703140
[MO833] Paramount Iteration,3,156,269.707575,1.703205
[MO833] Paramount Iteration,2,157,271.397842,1.702791
[MO833] Paramount Iteration,1,157,271.409453,1.702707
[MO833] Paramount Iteration,0,157,271.411451,1.702571
[MO833] Paramount Iteration,3,157,271.410112,1.702537
[MO833] Paramount Iteration,0,158,273.182632,1.771181
[MO833] Paramount Iteration,3,158,273.181353,1.771241
[MO833] Paramount Iteration,2,158,273.305653,1.907811
[MO833] Paramount Iteration,1,158,273.318916,1.909463
[MO833] Paramount Iteration,0,159,275.293512,2.110880
 Time step  160
[MO833] Paramount Iteration,3,159,275.292184,2.110831
[MO833] Paramount Iteration,2,159,275.417062,2.111409
[MO833] Paramount Iteration,1,159,275.430289,2.111373
[MO833] Paramount Iteration,2,160,277.180165,1.763103
[MO833] Paramount Iteration,0,160,277.193373,1.899861
[MO833] Paramount Iteration,1,160,277.191837,1.761548
[MO833] Paramount Iteration,3,160,277.192127,1.899943
[MO833] Paramount Iteration,2,161,278.883179,1.703014
[MO833] Paramount Iteration,1,161,278.894774,1.702937
[MO833] Paramount Iteration,0,161,278.896391,1.703018
[MO833] Paramount Iteration,3,161,278.895095,1.702968
[MO833] Paramount Iteration,2,162,280.586376,1.703197
[MO833] Paramount Iteration,0,162,280.599674,1.703283
[MO833] Paramount Iteration,1,162,280.598045,1.703271
[MO833] Paramount Iteration,3,162,280.598289,1.703194
[MO833] Paramount Iteration,2,163,282.289502,1.703126
[MO833] Paramount Iteration,1,163,282.301029,1.702984
[MO833] Paramount Iteration,0,163,282.302902,1.703228
[MO833] Paramount Iteration,3,163,282.301460,1.703171
[MO833] Paramount Iteration,2,164,283.992502,1.703000
[MO833] Paramount Iteration,1,164,284.004120,1.703091
[MO833] Paramount Iteration,0,164,284.005945,1.703043
[MO833] Paramount Iteration,3,164,284.004605,1.703145
[MO833] Paramount Iteration,2,165,285.695350,1.702848
[MO833] Paramount Iteration,1,165,285.707064,1.702944
[MO833] Paramount Iteration,0,165,285.708808,1.702863
[MO833] Paramount Iteration,3,165,285.707547,1.702942
[MO833] Paramount Iteration,2,166,287.398420,1.703070
[MO833] Paramount Iteration,1,166,287.410068,1.703004
[MO833] Paramount Iteration,0,166,287.411994,1.703186
[MO833] Paramount Iteration,3,166,287.410614,1.703067
[MO833] Paramount Iteration,2,167,289.101789,1.703369
[MO833] Paramount Iteration,0,167,289.114856,1.702862
[MO833] Paramount Iteration,1,167,289.113379,1.703311
[MO833] Paramount Iteration,3,167,289.113562,1.702948
[MO833] Paramount Iteration,2,168,290.803115,1.701326
[MO833] Paramount Iteration,1,168,290.814742,1.701363
[MO833] Paramount Iteration,0,168,290.816386,1.701530
[MO833] Paramount Iteration,3,168,290.815047,1.701485
[MO833] Paramount Iteration,2,169,292.506079,1.702964
[MO833] Paramount Iteration,0,169,292.519261,1.702875
[MO833] Paramount Iteration,1,169,292.517755,1.703013
[MO833] Paramount Iteration,3,169,292.517993,1.702946
[MO833] Paramount Iteration,2,170,294.209027,1.702948
[MO833] Paramount Iteration,1,170,294.220731,1.702976
[MO833] Paramount Iteration,0,170,294.222349,1.703088
[MO833] Paramount Iteration,3,170,294.220994,1.703001
[MO833] Paramount Iteration,2,171,295.911797,1.702770
[MO833] Paramount Iteration,1,171,295.923407,1.702676
[MO833] Paramount Iteration,0,171,295.925223,1.702874
[MO833] Paramount Iteration,3,171,295.923854,1.702860
[MO833] Paramount Iteration,2,172,297.614422,1.702625
[MO833] Paramount Iteration,0,172,297.627649,1.702426
[MO833] Paramount Iteration,1,172,297.626111,1.702704
[MO833] Paramount Iteration,3,172,297.626303,1.702449
[MO833] Paramount Iteration,2,173,299.316709,1.702287
[MO833] Paramount Iteration,0,173,299.330096,1.702447
[MO833] Paramount Iteration,1,173,299.328327,1.702216
[MO833] Paramount Iteration,3,173,299.328675,1.702372
[MO833] Paramount Iteration,2,174,301.019879,1.703170
[MO833] Paramount Iteration,1,174,301.031550,1.703223
[MO833] Paramount Iteration,0,174,301.033199,1.703103
[MO833] Paramount Iteration,3,174,301.031796,1.703121
[MO833] Paramount Iteration,2,175,302.737119,1.717240
[MO833] Paramount Iteration,0,175,302.750204,1.717005
[MO833] Paramount Iteration,1,175,302.748831,1.717281
[MO833] Paramount Iteration,3,175,302.748975,1.717179
[MO833] Paramount Iteration,2,176,304.438986,1.701867
[MO833] Paramount Iteration,0,176,304.452056,1.701852
[MO833] Paramount Iteration,1,176,304.450549,1.701718
[MO833] Paramount Iteration,3,176,304.450738,1.701763
[MO833] Paramount Iteration,0,177,306.209886,1.757830
[MO833] Paramount Iteration,2,177,306.204885,1.765899
[MO833] Paramount Iteration,3,177,306.209196,1.758458
[MO833] Paramount Iteration,1,177,306.214949,1.764400
[MO833] Paramount Iteration,2,178,307.908177,1.703292
[MO833] Paramount Iteration,1,178,307.919793,1.704844
[MO833] Paramount Iteration,0,178,307.921493,1.711607
[MO833] Paramount Iteration,3,178,307.920131,1.710935
[MO833] Paramount Iteration,2,179,309.611340,1.703163
[MO833] Paramount Iteration,0,179,309.624545,1.703052
 Time step  180
[MO833] Paramount Iteration,1,179,309.623011,1.703218
[MO833] Paramount Iteration,3,179,309.623300,1.703169
[MO833] Paramount Iteration,2,180,311.314358,1.703018
[MO833] Paramount Iteration,1,180,311.326107,1.703096
[MO833] Paramount Iteration,0,180,311.327762,1.703217
[MO833] Paramount Iteration,3,180,311.326345,1.703045
[MO833] Paramount Iteration,2,181,313.017109,1.702751
[MO833] Paramount Iteration,0,181,313.030498,1.702736
[MO833] Paramount Iteration,1,181,313.028730,1.702623
[MO833] Paramount Iteration,3,181,313.029124,1.702779
[MO833] Paramount Iteration,2,182,314.720380,1.703271
[MO833] Paramount Iteration,0,182,314.732999,1.702501
[MO833] Paramount Iteration,1,182,314.732004,1.703274
[MO833] Paramount Iteration,3,182,314.731791,1.702667
[MO833] Paramount Iteration,2,183,316.423467,1.703087
[MO833] Paramount Iteration,0,183,316.436165,1.703166
[MO833] Paramount Iteration,1,183,316.435190,1.703186
[MO833] Paramount Iteration,3,183,316.434944,1.703153
[MO833] Paramount Iteration,2,184,318.126447,1.702980
[MO833] Paramount Iteration,0,184,318.139537,1.703372
[MO833] Paramount Iteration,1,184,318.138218,1.703028
[MO833] Paramount Iteration,3,184,318.138149,1.703205
[MO833] Paramount Iteration,2,185,319.830144,1.703697
[MO833] Paramount Iteration,0,185,319.842642,1.703105
[MO833] Paramount Iteration,1,185,319.841755,1.703537
[MO833] Paramount Iteration,3,185,319.841477,1.703328
[MO833] Paramount Iteration,2,186,321.533019,1.702875
[MO833] Paramount Iteration,0,186,321.545809,1.703167
[MO833] Paramount Iteration,1,186,321.544610,1.702855
[MO833] Paramount Iteration,3,186,321.544541,1.703064
[MO833] Paramount Iteration,2,187,323.234634,1.701615
[MO833] Paramount Iteration,0,187,323.247519,1.701710
[MO833] Paramount Iteration,1,187,323.246280,1.701670
[MO833] Paramount Iteration,3,187,323.246254,1.701713
[MO833] Paramount Iteration,2,188,324.937983,1.703349
[MO833] Paramount Iteration,0,188,324.950865,1.703346
[MO833] Paramount Iteration,1,188,324.949620,1.703340
[MO833] Paramount Iteration,3,188,324.949563,1.703309
[MO833] Paramount Iteration,2,189,326.639855,1.701872
[MO833] Paramount Iteration,1,189,326.650467,1.700847
[MO833] Paramount Iteration,3,189,326.650364,1.700801
[MO833] Paramount Iteration,0,189,326.675126,1.724261
[MO833] Paramount Iteration,2,190,328.358100,1.718245
[MO833] Paramount Iteration,0,190,328.370741,1.695615
[MO833] Paramount Iteration,1,190,328.369730,1.719263
[MO833] Paramount Iteration,3,190,328.369440,1.719076
[MO833] Paramount Iteration,2,191,330.061126,1.703026
[MO833] Paramount Iteration,0,191,330.074219,1.703478
[MO833] Paramount Iteration,1,191,330.072816,1.703086
[MO833] Paramount Iteration,3,191,330.072908,1.703468
[MO833] Paramount Iteration,2,192,331.764439,1.703313
[MO833] Paramount Iteration,0,192,331.777244,1.703025
[MO833] Paramount Iteration,1,192,331.776053,1.703237
[MO833] Paramount Iteration,3,192,331.775964,1.703056
[MO833] Paramount Iteration,2,193,333.467364,1.702925
[MO833] Paramount Iteration,0,193,333.480400,1.703156
[MO833] Paramount Iteration,1,193,333.479007,1.702954
[MO833] Paramount Iteration,3,193,333.479036,1.703072
[MO833] Paramount Iteration,2,194,335.170276,1.702912
[MO833] Paramount Iteration,0,194,335.183205,1.702805
[MO833] Paramount Iteration,1,194,335.181889,1.702882
[MO833] Paramount Iteration,3,194,335.181920,1.702884
[MO833] Paramount Iteration,2,195,336.907973,1.737697
[MO833] Paramount Iteration,0,195,336.920937,1.737732
[MO833] Paramount Iteration,1,195,336.919752,1.737863
[MO833] Paramount Iteration,3,195,336.919741,1.737821
[MO833] Paramount Iteration,2,196,338.619597,1.711624
[MO833] Paramount Iteration,0,196,338.632218,1.711281
[MO833] Paramount Iteration,1,196,338.631272,1.711520
[MO833] Paramount Iteration,3,196,338.631007,1.711266
[MO833] Paramount Iteration,2,197,340.322483,1.702886
[MO833] Paramount Iteration,0,197,340.335338,1.703120
[MO833] Paramount Iteration,1,197,340.334040,1.702768
[MO833] Paramount Iteration,3,197,340.334012,1.703005
[MO833] Paramount Iteration,2,198,342.025340,1.702857
[MO833] Paramount Iteration,0,198,342.038373,1.703035
[MO833] Paramount Iteration,1,198,342.037006,1.702966
[MO833] Paramount Iteration,3,198,342.037032,1.703020
[MO833] Paramount Iteration,2,199,343.729056,1.703716
[MO833] Paramount Iteration,0,199,343.741554,1.703181
 Time step  200
[MO833] Paramount Iteration,1,199,343.740715,1.703709
[MO833] Paramount Iteration,3,199,343.740373,1.703341
[MO833] PI avg,2,1.704440,200
[MO833] Beta,2,0.000728
 Verification being performed for class C
 accuracy setting for epsilon =  0.1000000000000E-07
 Comparison of RMS-norms of residual
           1 0.6239811655176E+04 0.6239811655176E+04 0.4226945909422E-14
           2 0.5079323919042E+03 0.5079323919042E+03 0.2238227754985E-15
           3 0.1542353009301E+04 0.1542353009301E+04 0.7813259821725E-14
           4 0.1330238792929E+04 0.1330238792929E+04 0.3760393161243E-14
           5 0.1160408742844E+05 0.1160408742844E+05 0.1018902278698E-13
 Comparison of RMS-norms of solution error
           1 0.1646200836909E+03 0.1646200836909E+03 0.5179509472933E-15
           2 0.1149710790382E+02 0.1149710790382E+02 0.3399102695540E-14
           3 0.4120744620746E+02 0.4120744620746E+02 0.1379445320989E-14
           4 0.3708765105969E+02 0.3708765105969E+02 0.9770820876587E-14
[MO833] PI avg,3,1.704506,200
[MO833] Beta,3,0.000691
           5 0.3621105305184E+03 0.3621105305184E+03 0.3139561767476E-14
 Verification Successful
[MO833] PI avg,1,1.704480,200
[MO833] Beta,1,0.000705


 BT Benchmark Completed.
 Class           =                        C
 Size            =            162x 162x 162
 Iterations      =                      200
 Time in seconds =                   342.60
 Total processes =                        8
 Active procs    =                        4
 Mop/s total     =                  8366.16
 Mop/s/process   =                  1045.77
 Operation type  =           floating point
 Verification    =               SUCCESSFUL
 Version         =                      3.4
 Compile date    =              16 Jun 2020

 Compile options:
    MPIFC        = mpif90
    FLINK        = $(MPIFC)
    FMPI_LIB     = (none)
    FMPI_INC     = (none)
    FFLAGS       = -O3
    FLINKFLAGS   = $(FFLAGS) -O ../kernel_stats/kernel_stats.o...
    RAND         = (none)


 Please send feedbacks and/or the results of this run to:

 NPB Development Team 
 Internet: npb@nas.nasa.gov


[MO833] PI avg,0,1.704476,200
[MO833] Beta,0,0.000709
[MO833] Total time,345.686168
