--------------------------------------------------------------------------
[[46555,1],0]: A high-performance Open MPI point-to-point messaging module
was unable to find any relevant network interfaces:

Module: OpenFabrics (openib)
  Host: node06

Another transport will be used instead, although this may result in
lower performance.

NOTE: You can disable this warning by setting the MCA parameter
btl_base_warn_component_unused to 0.
--------------------------------------------------------------------------


 NAS Parallel Benchmarks 3.4 -- FT Benchmark

 No input file inputft.data. Using compiled defaults
 Size                :  512x 256x 256  (class B)
 Iterations          :             20
 Number of processes :              8
 Processor array     :         1x   8
 Layout type         :             1D

 Initialization time =      0.6294

[MO833] Paramount Iteration,1,1,1.913325,0.519297
[MO833] Paramount Iteration,3,1,1.908668,0.520472
[MO833] Paramount Iteration,2,1,1.910721,0.527398
[MO833] Paramount Iteration,7,1,1.900946,0.520412
[MO833] Paramount Iteration,4,1,1.906855,0.527722
[MO833] Paramount Iteration,5,1,1.904598,0.521059
[MO833] Paramount Iteration,6,1,1.902222,0.529927
 T =    1     Checksum =    5.177643571579D+02    5.077803458597D+02
[MO833] Paramount Iteration,0,1,1.915546,0.527091
[MO833] Paramount Iteration,1,2,2.437838,0.524513
[MO833] Paramount Iteration,3,2,2.433183,0.524515
[MO833] Paramount Iteration,5,2,2.428973,0.524375
[MO833] Paramount Iteration,2,2,2.435204,0.524483
[MO833] Paramount Iteration,6,2,2.426751,0.524529
[MO833] Paramount Iteration,7,2,2.425518,0.524572
[MO833] Paramount Iteration,4,2,2.431338,0.524483
 T =    2     Checksum =    5.154521291263D+02    5.088249431599D+02
[MO833] Paramount Iteration,0,2,2.440030,0.524484
[MO833] Paramount Iteration,2,3,2.954456,0.519252
[MO833] Paramount Iteration,3,3,2.952437,0.519254
[MO833] Paramount Iteration,5,3,2.948210,0.519237
[MO833] Paramount Iteration,1,3,2.962962,0.525124
[MO833] Paramount Iteration,4,3,2.956574,0.525236
[MO833] Paramount Iteration,6,3,2.951983,0.525232
[MO833] Paramount Iteration,7,3,2.950739,0.525221
 T =    3     Checksum =    5.146409228650D+02    5.096208912659D+02
[MO833] Paramount Iteration,0,3,2.965204,0.525174
[MO833] Paramount Iteration,1,4,3.481498,0.518536
[MO833] Paramount Iteration,2,4,3.478810,0.524354
[MO833] Paramount Iteration,3,4,3.476784,0.524347
[MO833] Paramount Iteration,7,4,3.469008,0.518269
[MO833] Paramount Iteration,5,4,3.472682,0.524472
[MO833] Paramount Iteration,4,4,3.478052,0.521478
[MO833] Paramount Iteration,6,4,3.473444,0.521461
 T =    4     Checksum =    5.142378756213D+02    5.101023387619D+02
[MO833] Paramount Iteration,0,4,3.486680,0.521476
[MO833] Paramount Iteration,3,5,3.991476,0.514692
[MO833] Paramount Iteration,5,5,3.987295,0.514613
[MO833] Paramount Iteration,2,5,3.993495,0.514685
[MO833] Paramount Iteration,1,5,4.002231,0.520733
[MO833] Paramount Iteration,7,5,3.990028,0.521020
[MO833] Paramount Iteration,6,5,3.991274,0.517830
[MO833] Paramount Iteration,4,5,3.995863,0.517811
 T =    5     Checksum =    5.139626667737D+02    5.103976610618D+02
[MO833] Paramount Iteration,0,5,4.004484,0.517804
[MO833] Paramount Iteration,1,6,4.551081,0.548850
[MO833] Paramount Iteration,7,6,4.538445,0.548417
[MO833] Paramount Iteration,6,6,4.539689,0.548415
[MO833] Paramount Iteration,4,6,4.544407,0.548544
 T =    6     Checksum =    5.137423460082D+02    5.105948019802D+02
[MO833] Paramount Iteration,0,6,4.553016,0.548532
[MO833] Paramount Iteration,3,6,4.546426,0.554950
[MO833] Paramount Iteration,2,6,4.548443,0.554948
[MO833] Paramount Iteration,5,6,4.542207,0.554912
[MO833] Paramount Iteration,1,7,5.078221,0.527140
[MO833] Paramount Iteration,6,7,5.067026,0.527337
[MO833] Paramount Iteration,7,7,5.065798,0.527353
[MO833] Paramount Iteration,3,7,5.073792,0.527366
[MO833] Paramount Iteration,2,7,5.075815,0.527372
[MO833] Paramount Iteration,4,7,5.071781,0.527374
[MO833] Paramount Iteration,5,7,5.069574,0.527367
 T =    7     Checksum =    5.135547056878D+02    5.107404165783D+02
[MO833] Paramount Iteration,0,7,5.080416,0.527400
[MO833] Paramount Iteration,2,8,5.594214,0.518399
[MO833] Paramount Iteration,5,8,5.588047,0.518473
[MO833] Paramount Iteration,3,8,5.592196,0.518404
[MO833] Paramount Iteration,1,8,5.602934,0.524713
[MO833] Paramount Iteration,4,8,5.596644,0.524863
[MO833] Paramount Iteration,6,8,5.592048,0.525022
[MO833] Paramount Iteration,7,8,5.590805,0.525007
 T =    8     Checksum =    5.133910925467D+02    5.108576573661D+02
[MO833] Paramount Iteration,0,8,5.605241,0.524825
[MO833] Paramount Iteration,1,9,6.118474,0.515540
[MO833] Paramount Iteration,3,9,6.113867,0.521671
[MO833] Paramount Iteration,2,9,6.115889,0.521675
[MO833] Paramount Iteration,5,9,6.110338,0.522291
[MO833] Paramount Iteration,7,9,6.107576,0.516771
 T =    9     Checksum =    5.132470705390D+02    5.109577278523D+02
[MO833] Paramount Iteration,0,9,6.140722,0.535481
[MO833] Paramount Iteration,4,9,6.132106,0.535462
[MO833] Paramount Iteration,6,9,6.127504,0.535456
[MO833] Paramount Iteration,5,10,6.640194,0.529856
[MO833] Paramount Iteration,3,10,6.644615,0.530748
[MO833] Paramount Iteration,2,10,6.646634,0.530745
[MO833] Paramount Iteration,1,10,6.655170,0.536696
[MO833] Paramount Iteration,6,10,6.644076,0.516572
[MO833] Paramount Iteration,7,10,6.642837,0.535261
[MO833] Paramount Iteration,4,10,6.648674,0.516568
 T =   10     Checksum =    5.131197729984D+02    5.110460304483D+02
[MO833] Paramount Iteration,0,10,6.657275,0.516553
[MO833] Paramount Iteration,1,11,7.168881,0.513711
[MO833] Paramount Iteration,2,11,7.166298,0.519664
[MO833] Paramount Iteration,3,11,7.164279,0.519664
[MO833] Paramount Iteration,6,11,7.157792,0.513716
[MO833] Paramount Iteration,5,11,7.160204,0.520010
[MO833] Paramount Iteration,4,11,7.162408,0.513734
[MO833] Paramount Iteration,7,11,7.156565,0.513728
 T =   11     Checksum =    5.130070319283D+02    5.111252433800D+02
[MO833] Paramount Iteration,0,11,7.171044,0.513769
[MO833] Paramount Iteration,1,12,7.693006,0.524125
[MO833] Paramount Iteration,7,12,7.680586,0.524021
[MO833] Paramount Iteration,6,12,7.681817,0.524025
[MO833] Paramount Iteration,3,12,7.688520,0.524241
[MO833] Paramount Iteration,2,12,7.690539,0.524241
[MO833] Paramount Iteration,5,12,7.684344,0.524140
[MO833] Paramount Iteration,4,12,7.686546,0.524138
 T =   12     Checksum =    5.129070537032D+02    5.111968077719D+02
[MO833] Paramount Iteration,0,12,7.695171,0.524127
[MO833] Paramount Iteration,5,13,8.203249,0.518905
[MO833] Paramount Iteration,2,13,8.209682,0.519143
[MO833] Paramount Iteration,3,13,8.207661,0.519141
[MO833] Paramount Iteration,1,13,8.218489,0.525483
[MO833] Paramount Iteration,7,13,8.205995,0.525409
[MO833] Paramount Iteration,4,13,8.211862,0.525316
[MO833] Paramount Iteration,6,13,8.207241,0.525424
 T =   13     Checksum =    5.128182883503D+02    5.112616233064D+02
[MO833] Paramount Iteration,0,13,8.220487,0.525316
[MO833] Paramount Iteration,1,14,8.735732,0.517243
[MO833] Paramount Iteration,3,14,8.731230,0.523569
[MO833] Paramount Iteration,2,14,8.733248,0.523566
[MO833] Paramount Iteration,7,14,8.723473,0.517478
[MO833] Paramount Iteration,6,14,8.724701,0.517460
[MO833] Paramount Iteration,4,14,8.729479,0.517617
[MO833] Paramount Iteration,5,14,8.727271,0.524022
 T =   14     Checksum =    5.127393733383D+02    5.113203605551D+02
[MO833] Paramount Iteration,0,14,8.738112,0.517625
[MO833] Paramount Iteration,6,15,9.245453,0.520752
[MO833] Paramount Iteration,7,15,9.244224,0.520751
[MO833] Paramount Iteration,5,15,9.248084,0.520813
[MO833] Paramount Iteration,4,15,9.250283,0.520804
[MO833] Paramount Iteration,1,15,9.260067,0.524335
[MO833] Paramount Iteration,2,15,9.257706,0.524458
 T =   15     Checksum =    5.126691062021D+02    5.113735928093D+02
[MO833] Paramount Iteration,0,15,9.262283,0.524171
[MO833] Paramount Iteration,3,15,9.255673,0.524443
[MO833] Paramount Iteration,1,16,9.780230,0.520163
[MO833] Paramount Iteration,3,16,9.775716,0.520043
[MO833] Paramount Iteration,2,16,9.777737,0.520031
[MO833] Paramount Iteration,7,16,9.770410,0.526186
[MO833] Paramount Iteration,6,16,9.771641,0.526188
[MO833] Paramount Iteration,4,16,9.776603,0.526320
[MO833] Paramount Iteration,5,16,9.774392,0.526308
 T =   16     Checksum =    5.126064276005D+02    5.114218460548D+02
[MO833] Paramount Iteration,0,16,9.785221,0.522938
[MO833] Paramount Iteration,5,17,10.305461,0.531069
[MO833] Paramount Iteration,3,17,10.310049,0.534333
[MO833] Paramount Iteration,2,17,10.312067,0.534330
[MO833] Paramount Iteration,1,17,10.320245,0.540015
[MO833] Paramount Iteration,7,17,10.307680,0.537270
[MO833] Paramount Iteration,6,17,10.308916,0.537275
[MO833] Paramount Iteration,4,17,10.313508,0.536905
 T =   17     Checksum =    5.125504076570D+02    5.114656139760D+02
[MO833] Paramount Iteration,0,17,10.322089,0.536868
[MO833] Paramount Iteration,1,18,10.848409,0.528164
[MO833] Paramount Iteration,2,18,10.845848,0.533781
[MO833] Paramount Iteration,3,18,10.843830,0.533781
[MO833] Paramount Iteration,7,18,10.836042,0.528362
[MO833] Paramount Iteration,6,18,10.837275,0.528359
[MO833] Paramount Iteration,5,18,10.839672,0.534211
[MO833] Paramount Iteration,4,18,10.841873,0.528365
 T =   18     Checksum =    5.125002331721D+02    5.115053595966D+02
[MO833] Paramount Iteration,0,18,10.850488,0.528399
[MO833] Paramount Iteration,1,19,11.372337,0.523928
[MO833] Paramount Iteration,3,19,11.367820,0.523990
[MO833] Paramount Iteration,2,19,11.369844,0.523996
[MO833] Paramount Iteration,7,19,11.360022,0.523980
[MO833] Paramount Iteration,4,19,11.365892,0.524019
[MO833] Paramount Iteration,5,19,11.363678,0.524006
 T =   19     Checksum =    5.124551951846D+02    5.115415130407D+02
[MO833] Paramount Iteration,0,19,11.374533,0.524045
[MO833] Paramount Iteration,6,19,11.361248,0.523973
 T =   20     Checksum =    5.124146770029D+02    5.115744692211D+02
 Result verification successful
[MO833] PI avg,0,0.499304,20
[MO833] Beta,0,0.000003
[MO833] Total time,11.899100


 FT Benchmark Completed.
 Class           =                        B
 Size            =            512x 256x 256
 Iterations      =                       20
 Time in seconds =                    11.12
 Total processes =                        8
 Active procs    =                        8
 Mop/s total     =                  8279.95
 Mop/s/process   =                  1034.99
 Operation type  =           floating point
 Verification    =               SUCCESSFUL
 Version         =                      3.4
 Compile date    =              16 Jun 2020

 Compile options:
    MPIFC        = mpif90
    FLINK        = $(MPIFC)
    FMPI_LIB     = (none)
    FMPI_INC     = (none)
    FFLAGS       = -O3
    FLINKFLAGS   = $(FFLAGS) -O ../kernel_stats/kernel_stats.o...
    RAND         = randi8


 Please send feedbacks and/or the results of this run to:

 NPB Development Team 
 Internet: npb@nas.nasa.gov


