--------------------------------------------------------------------------
[[46655,1],0]: A high-performance Open MPI point-to-point messaging module
was unable to find any relevant network interfaces:

Module: OpenFabrics (openib)
  Host: node06

Another transport will be used instead, although this may result in
lower performance.

NOTE: You can disable this warning by setting the MCA parameter
btl_base_warn_component_unused to 0.
--------------------------------------------------------------------------


 NAS Parallel Benchmarks 3.4 -- FT Benchmark

 No input file inputft.data. Using compiled defaults
 Size                :  512x 256x 256  (class B)
 Iterations          :             20
 Number of processes :              2
 Processor array     :         1x   2
 Layout type         :             1D

 Initialization time =      2.0683

[MO833] Paramount Iteration,1,1,5.506533,1.480760
 T =    1     Checksum =    5.177643571579D+02    5.077803458597D+02
[MO833] Paramount Iteration,0,1,5.515745,1.487074
[MO833] Paramount Iteration,1,2,6.947412,1.440879
 T =    2     Checksum =    5.154521291263D+02    5.088249431599D+02
[MO833] Paramount Iteration,0,2,6.952659,1.436914
[MO833] Paramount Iteration,1,3,8.429625,1.482213
 T =    3     Checksum =    5.146409228650D+02    5.096208912659D+02
[MO833] Paramount Iteration,0,3,8.435006,1.482347
[MO833] Paramount Iteration,1,4,9.886740,1.457115
 T =    4     Checksum =    5.142378756213D+02    5.101023387619D+02
[MO833] Paramount Iteration,0,4,9.891805,1.456799
[MO833] Paramount Iteration,1,5,11.320057,1.433317
 T =    5     Checksum =    5.139626667737D+02    5.103976610618D+02
[MO833] Paramount Iteration,0,5,11.361535,1.469730
[MO833] Paramount Iteration,1,6,12.829340,1.509283
 T =    6     Checksum =    5.137423460082D+02    5.105948019802D+02
[MO833] Paramount Iteration,0,6,12.832253,1.470718
[MO833] Paramount Iteration,1,7,14.265639,1.436299
 T =    7     Checksum =    5.135547056878D+02    5.107404165783D+02
[MO833] Paramount Iteration,0,7,14.270799,1.438546
[MO833] Paramount Iteration,1,8,15.701636,1.435997
 T =    8     Checksum =    5.133910925467D+02    5.108576573661D+02
[MO833] Paramount Iteration,0,8,15.710000,1.439201
[MO833] Paramount Iteration,1,9,17.140920,1.439284
 T =    9     Checksum =    5.132470705390D+02    5.109577278523D+02
[MO833] Paramount Iteration,0,9,17.179822,1.469822
[MO833] Paramount Iteration,1,10,18.601541,1.460621
 T =   10     Checksum =    5.131197729984D+02    5.110460304483D+02
[MO833] Paramount Iteration,0,10,18.646054,1.466232
[MO833] Paramount Iteration,1,11,20.045701,1.444160
 T =   11     Checksum =    5.130070319283D+02    5.111252433800D+02
[MO833] Paramount Iteration,0,11,20.049788,1.403734
[MO833] Paramount Iteration,1,12,21.441591,1.395890
 T =   12     Checksum =    5.129070537032D+02    5.111968077719D+02
[MO833] Paramount Iteration,0,12,21.449932,1.400144
[MO833] Paramount Iteration,1,13,22.900977,1.459386
 T =   13     Checksum =    5.128182883503D+02    5.112616233064D+02
[MO833] Paramount Iteration,0,13,22.903887,1.453955
[MO833] Paramount Iteration,1,14,24.349080,1.448103
 T =   14     Checksum =    5.127393733383D+02    5.113203605551D+02
[MO833] Paramount Iteration,0,14,24.351994,1.448107
[MO833] Paramount Iteration,1,15,25.783544,1.434464
 T =   15     Checksum =    5.126691062021D+02    5.113735928093D+02
[MO833] Paramount Iteration,0,15,25.786444,1.434450
[MO833] Paramount Iteration,1,16,27.180627,1.397083
 T =   16     Checksum =    5.126064276005D+02    5.114218460548D+02
[MO833] Paramount Iteration,0,16,27.185791,1.399347
[MO833] Paramount Iteration,1,17,28.584918,1.404291
 T =   17     Checksum =    5.125504076570D+02    5.114656139760D+02
[MO833] Paramount Iteration,0,17,28.632567,1.446776
[MO833] Paramount Iteration,1,18,30.011454,1.426536
 T =   18     Checksum =    5.125002331721D+02    5.115053595966D+02
[MO833] Paramount Iteration,0,18,30.057734,1.425167
[MO833] Paramount Iteration,1,19,31.487604,1.476150
 T =   19     Checksum =    5.124551951846D+02    5.115415130407D+02
[MO833] Paramount Iteration,0,19,31.490518,1.432784
 T =   20     Checksum =    5.124146770029D+02    5.115744692211D+02
 Result verification successful
[MO833] PI avg,0,1.373092,20
[MO833] Beta,0,0.000001
[MO833] Total time,32.946304


 FT Benchmark Completed.
 Class           =                        B
 Size            =            512x 256x 256
 Iterations      =                       20
 Time in seconds =                    30.75
 Total processes =                        2
 Active procs    =                        2
 Mop/s total     =                  2993.64
 Mop/s/process   =                  1496.82
 Operation type  =           floating point
 Verification    =               SUCCESSFUL
 Version         =                      3.4
 Compile date    =              16 Jun 2020

 Compile options:
    MPIFC        = mpif90
    FLINK        = $(MPIFC)
    FMPI_LIB     = (none)
    FMPI_INC     = (none)
    FFLAGS       = -O3
    FLINKFLAGS   = $(FFLAGS) -O ../kernel_stats/kernel_stats.o...
    RAND         = randi8


 Please send feedbacks and/or the results of this run to:

 NPB Development Team 
 Internet: npb@nas.nasa.gov


