--------------------------------------------------------------------------
[[42802,1],0]: A high-performance Open MPI point-to-point messaging module
was unable to find any relevant network interfaces:

Module: OpenFabrics (openib)
  Host: node06

Another transport will be used instead, although this may result in
lower performance.

NOTE: You can disable this warning by setting the MCA parameter
btl_base_warn_component_unused to 0.
--------------------------------------------------------------------------


 NAS Parallel Benchmarks 3.4 -- LU Benchmark

 Size:  162x 162x 162  (class C)
 Iterations:  250
 Total number of processes:     4

[MO833] Paramount Iteration,1,1,2.445280,1.364073
[MO833] Paramount Iteration,2,1,2.442347,1.364090
[MO833] Paramount Iteration,3,1,2.440951,1.364073
[MO833] Paramount Iteration,0,1,2.446813,1.364090
 Time step    1
[MO833] Paramount Iteration,2,2,3.209263,0.766916
[MO833] Paramount Iteration,0,2,3.214621,0.767808
[MO833] Paramount Iteration,3,2,3.235121,0.794170
[MO833] Paramount Iteration,1,2,3.239789,0.794509
[MO833] Paramount Iteration,2,3,4.024754,0.815491
[MO833] Paramount Iteration,0,3,4.030968,0.816347
[MO833] Paramount Iteration,3,3,4.035268,0.800147
[MO833] Paramount Iteration,1,3,4.039845,0.800056
[MO833] Paramount Iteration,2,4,4.822281,0.797527
[MO833] Paramount Iteration,0,4,4.827668,0.796700
[MO833] Paramount Iteration,3,4,4.856861,0.821593
[MO833] Paramount Iteration,1,4,4.861770,0.821925
[MO833] Paramount Iteration,2,5,5.604814,0.782533
[MO833] Paramount Iteration,0,5,5.609865,0.782197
[MO833] Paramount Iteration,3,5,5.626569,0.769708
[MO833] Paramount Iteration,1,5,5.631318,0.769548
[MO833] Paramount Iteration,3,6,6.382375,0.755806
[MO833] Paramount Iteration,1,6,6.387518,0.756200
[MO833] Paramount Iteration,2,6,6.399299,0.794485
[MO833] Paramount Iteration,0,6,6.404514,0.794649
[MO833] Paramount Iteration,2,7,7.154972,0.755673
[MO833] Paramount Iteration,0,7,7.160287,0.755773
[MO833] Paramount Iteration,3,7,7.172307,0.789932
[MO833] Paramount Iteration,1,7,7.176949,0.789431
[MO833] Paramount Iteration,2,8,7.920230,0.765258
[MO833] Paramount Iteration,0,8,7.925503,0.765216
[MO833] Paramount Iteration,3,8,7.941195,0.768888
[MO833] Paramount Iteration,1,8,7.946101,0.769152
[MO833] Paramount Iteration,2,9,8.688282,0.768052
[MO833] Paramount Iteration,0,9,8.693452,0.767949
[MO833] Paramount Iteration,3,9,8.707561,0.766366
[MO833] Paramount Iteration,1,9,8.712247,0.766146
[MO833] Paramount Iteration,2,10,9.455106,0.766824
[MO833] Paramount Iteration,0,10,9.460423,0.766971
[MO833] Paramount Iteration,3,10,9.476526,0.768965
[MO833] Paramount Iteration,1,10,9.481201,0.768954
[MO833] Paramount Iteration,2,11,10.244362,0.789256
[MO833] Paramount Iteration,0,11,10.250820,0.790397
[MO833] Paramount Iteration,3,11,10.289103,0.812577
[MO833] Paramount Iteration,1,11,10.293989,0.812788
[MO833] Paramount Iteration,2,12,11.044321,0.799959
[MO833] Paramount Iteration,0,12,11.049861,0.799041
[MO833] Paramount Iteration,3,12,11.065458,0.776355
[MO833] Paramount Iteration,1,12,11.069978,0.775989
[MO833] Paramount Iteration,2,13,11.812563,0.768242
[MO833] Paramount Iteration,0,13,11.817796,0.767935
[MO833] Paramount Iteration,3,13,11.831555,0.766097
[MO833] Paramount Iteration,1,13,11.836270,0.766292
[MO833] Paramount Iteration,2,14,12.578658,0.766095
[MO833] Paramount Iteration,0,14,12.583978,0.766182
[MO833] Paramount Iteration,3,14,12.598871,0.767316
[MO833] Paramount Iteration,1,14,12.603498,0.767228
[MO833] Paramount Iteration,2,15,13.345878,0.767220
[MO833] Paramount Iteration,0,15,13.351085,0.767107
[MO833] Paramount Iteration,3,15,13.367262,0.768391
[MO833] Paramount Iteration,1,15,13.371679,0.768181
[MO833] Paramount Iteration,2,16,14.146987,0.801109
[MO833] Paramount Iteration,0,16,14.153393,0.802308
[MO833] Paramount Iteration,3,16,14.152606,0.785344
[MO833] Paramount Iteration,1,16,14.157824,0.786145
[MO833] Paramount Iteration,2,17,14.904539,0.757552
[MO833] Paramount Iteration,0,17,14.909761,0.756368
[MO833] Paramount Iteration,3,17,14.921128,0.768522
[MO833] Paramount Iteration,1,17,14.926288,0.768464
[MO833] Paramount Iteration,2,18,15.668594,0.764055
[MO833] Paramount Iteration,0,18,15.673973,0.764212
[MO833] Paramount Iteration,3,18,15.690055,0.768927
[MO833] Paramount Iteration,1,18,15.694828,0.768540
[MO833] Paramount Iteration,2,19,16.437688,0.769094
[MO833] Paramount Iteration,0,19,16.442759,0.768786
[MO833] Paramount Iteration,3,19,16.458570,0.768515
[MO833] Paramount Iteration,1,19,16.463117,0.768289
[MO833] Paramount Iteration,2,20,17.205834,0.768146
[MO833] Paramount Iteration,0,20,17.211142,0.768383
 Time step   20
[MO833] Paramount Iteration,3,20,17.227630,0.769060
[MO833] Paramount Iteration,1,20,17.232269,0.769152
[MO833] Paramount Iteration,2,21,17.975256,0.769422
[MO833] Paramount Iteration,0,21,17.980763,0.769621
[MO833] Paramount Iteration,3,21,17.996537,0.768907
[MO833] Paramount Iteration,1,21,18.001267,0.768998
[MO833] Paramount Iteration,2,22,18.744908,0.769652
[MO833] Paramount Iteration,0,22,18.750107,0.769344
[MO833] Paramount Iteration,3,22,18.765670,0.769133
[MO833] Paramount Iteration,1,22,18.770463,0.769196
[MO833] Paramount Iteration,2,23,19.535947,0.791039
[MO833] Paramount Iteration,0,23,19.541809,0.791702
[MO833] Paramount Iteration,3,23,19.542409,0.776739
[MO833] Paramount Iteration,1,23,19.546940,0.776477
[MO833] Paramount Iteration,2,24,20.290476,0.754529
[MO833] Paramount Iteration,0,24,20.295729,0.753920
[MO833] Paramount Iteration,3,24,20.311559,0.769150
[MO833] Paramount Iteration,1,24,20.316138,0.769198
[MO833] Paramount Iteration,2,25,21.057959,0.767483
[MO833] Paramount Iteration,0,25,21.063310,0.767581
[MO833] Paramount Iteration,3,25,21.077272,0.765713
[MO833] Paramount Iteration,1,25,21.082360,0.766222
[MO833] Paramount Iteration,2,26,21.825894,0.767935
[MO833] Paramount Iteration,0,26,21.831160,0.767850
[MO833] Paramount Iteration,3,26,21.847027,0.769755
[MO833] Paramount Iteration,1,26,21.851866,0.769506
[MO833] Paramount Iteration,2,27,22.623350,0.797456
[MO833] Paramount Iteration,0,27,22.628858,0.797698
[MO833] Paramount Iteration,3,27,22.658941,0.811914
[MO833] Paramount Iteration,1,27,22.663543,0.811677
[MO833] Paramount Iteration,2,28,23.406633,0.783283
[MO833] Paramount Iteration,0,28,23.411992,0.783134
[MO833] Paramount Iteration,3,28,23.428189,0.769248
[MO833] Paramount Iteration,1,28,23.432950,0.769407
[MO833] Paramount Iteration,2,29,24.175706,0.769073
[MO833] Paramount Iteration,0,29,24.181342,0.769350
[MO833] Paramount Iteration,3,29,24.196910,0.768721
[MO833] Paramount Iteration,1,29,24.201599,0.768649
[MO833] Paramount Iteration,3,30,24.956531,0.759621
[MO833] Paramount Iteration,1,30,24.962505,0.760906
[MO833] Paramount Iteration,0,30,24.986179,0.804837
[MO833] Paramount Iteration,2,30,24.987377,0.811671
[MO833] Paramount Iteration,2,31,25.752059,0.764682
[MO833] Paramount Iteration,0,31,25.756958,0.770779
[MO833] Paramount Iteration,3,31,25.776536,0.820005
[MO833] Paramount Iteration,1,31,25.782659,0.820154
[MO833] Paramount Iteration,2,32,26.524584,0.772525
[MO833] Paramount Iteration,0,32,26.529519,0.772561
[MO833] Paramount Iteration,3,32,26.543041,0.766505
[MO833] Paramount Iteration,1,32,26.548522,0.765863
[MO833] Paramount Iteration,2,33,27.291558,0.766974
[MO833] Paramount Iteration,0,33,27.296683,0.767164
[MO833] Paramount Iteration,3,33,27.310511,0.767470
[MO833] Paramount Iteration,1,33,27.315549,0.767027
[MO833] Paramount Iteration,2,34,28.052725,0.761167
[MO833] Paramount Iteration,0,34,28.057606,0.760923
[MO833] Paramount Iteration,3,34,28.074867,0.764356
[MO833] Paramount Iteration,1,34,28.079947,0.764398
[MO833] Paramount Iteration,2,35,28.816520,0.763795
[MO833] Paramount Iteration,0,35,28.821315,0.763709
[MO833] Paramount Iteration,3,35,28.839076,0.764209
[MO833] Paramount Iteration,1,35,28.844120,0.764173
[MO833] Paramount Iteration,2,36,29.580974,0.764454
[MO833] Paramount Iteration,0,36,29.585732,0.764417
[MO833] Paramount Iteration,3,36,29.604319,0.765243
[MO833] Paramount Iteration,1,36,29.609452,0.765332
[MO833] Paramount Iteration,2,37,30.345896,0.764922
[MO833] Paramount Iteration,0,37,30.350639,0.764907
[MO833] Paramount Iteration,3,37,30.369564,0.765245
[MO833] Paramount Iteration,1,37,30.374585,0.765133
[MO833] Paramount Iteration,0,38,31.117365,0.766726
[MO833] Paramount Iteration,2,38,31.113131,0.767235
[MO833] Paramount Iteration,3,38,31.135051,0.765487
[MO833] Paramount Iteration,1,38,31.140345,0.765760
[MO833] Paramount Iteration,2,39,31.875906,0.762775
[MO833] Paramount Iteration,0,39,31.880648,0.763283
[MO833] Paramount Iteration,3,39,31.900017,0.764966
[MO833] Paramount Iteration,1,39,31.905075,0.764730
[MO833] Paramount Iteration,2,40,32.662490,0.786584
[MO833] Paramount Iteration,0,40,32.667502,0.786854
 Time step   40
[MO833] Paramount Iteration,3,40,32.671892,0.771875
[MO833] Paramount Iteration,1,40,32.677088,0.772013
[MO833] Paramount Iteration,2,41,33.414901,0.752411
[MO833] Paramount Iteration,0,41,33.419841,0.752339
[MO833] Paramount Iteration,3,41,33.437344,0.765452
[MO833] Paramount Iteration,1,41,33.442245,0.765157
[MO833] Paramount Iteration,0,42,34.184984,0.765143
[MO833] Paramount Iteration,2,42,34.181036,0.766135
[MO833] Paramount Iteration,3,42,34.203216,0.765872
[MO833] Paramount Iteration,1,42,34.208278,0.766033
[MO833] Paramount Iteration,2,43,34.947044,0.766008
[MO833] Paramount Iteration,0,43,34.951912,0.766928
[MO833] Paramount Iteration,3,43,34.968779,0.765563
[MO833] Paramount Iteration,1,43,34.973997,0.765719
[MO833] Paramount Iteration,2,44,35.712103,0.765059
[MO833] Paramount Iteration,0,44,35.717037,0.765125
[MO833] Paramount Iteration,3,44,35.733663,0.764884
[MO833] Paramount Iteration,1,44,35.738805,0.764808
[MO833] Paramount Iteration,2,45,36.476870,0.764767
[MO833] Paramount Iteration,0,45,36.481802,0.764765
[MO833] Paramount Iteration,3,45,36.498878,0.765215
[MO833] Paramount Iteration,1,45,36.503883,0.765078
[MO833] Paramount Iteration,2,46,37.239790,0.762920
[MO833] Paramount Iteration,0,46,37.244351,0.762549
[MO833] Paramount Iteration,3,46,37.262697,0.763819
[MO833] Paramount Iteration,1,46,37.267707,0.763824
[MO833] Paramount Iteration,2,47,38.004540,0.764750
[MO833] Paramount Iteration,0,47,38.009350,0.764999
[MO833] Paramount Iteration,3,47,38.026749,0.764052
[MO833] Paramount Iteration,1,47,38.032261,0.764554
[MO833] Paramount Iteration,2,48,38.769443,0.764903
[MO833] Paramount Iteration,0,48,38.774170,0.764820
[MO833] Paramount Iteration,3,48,38.791815,0.765066
[MO833] Paramount Iteration,1,48,38.797012,0.764751
[MO833] Paramount Iteration,2,49,39.533083,0.763640
[MO833] Paramount Iteration,0,49,39.537923,0.763753
[MO833] Paramount Iteration,3,49,39.555574,0.763759
[MO833] Paramount Iteration,1,49,39.560528,0.763516
[MO833] Paramount Iteration,2,50,40.297189,0.764106
[MO833] Paramount Iteration,0,50,40.302001,0.764078
[MO833] Paramount Iteration,3,50,40.319538,0.763964
[MO833] Paramount Iteration,1,50,40.324614,0.764086
[MO833] Paramount Iteration,2,51,41.090303,0.793114
[MO833] Paramount Iteration,0,51,41.096003,0.794002
[MO833] Paramount Iteration,3,51,41.099638,0.780100
[MO833] Paramount Iteration,1,51,41.105046,0.780432
[MO833] Paramount Iteration,2,52,41.842098,0.751795
[MO833] Paramount Iteration,0,52,41.847016,0.751013
[MO833] Paramount Iteration,3,52,41.863968,0.764330
[MO833] Paramount Iteration,1,52,41.869149,0.764103
[MO833] Paramount Iteration,2,53,42.606044,0.763946
[MO833] Paramount Iteration,0,53,42.610927,0.763911
[MO833] Paramount Iteration,3,53,42.628607,0.764639
[MO833] Paramount Iteration,1,53,42.633642,0.764493
[MO833] Paramount Iteration,2,54,43.370889,0.764845
[MO833] Paramount Iteration,0,54,43.375587,0.764660
[MO833] Paramount Iteration,3,54,43.393244,0.764637
[MO833] Paramount Iteration,1,54,43.398206,0.764564
[MO833] Paramount Iteration,2,55,44.135737,0.764848
[MO833] Paramount Iteration,0,55,44.140436,0.764849
[MO833] Paramount Iteration,3,55,44.158103,0.764859
[MO833] Paramount Iteration,1,55,44.163241,0.765035
[MO833] Paramount Iteration,2,56,44.900049,0.764312
[MO833] Paramount Iteration,0,56,44.905026,0.764590
[MO833] Paramount Iteration,3,56,44.921929,0.763826
[MO833] Paramount Iteration,1,56,44.927257,0.764016
[MO833] Paramount Iteration,2,57,45.664178,0.764129
[MO833] Paramount Iteration,0,57,45.669088,0.764062
[MO833] Paramount Iteration,3,57,45.686808,0.764879
[MO833] Paramount Iteration,1,57,45.691822,0.764565
[MO833] Paramount Iteration,2,58,46.451561,0.787383
[MO833] Paramount Iteration,0,58,46.456216,0.787128
[MO833] Paramount Iteration,3,58,46.489167,0.802359
[MO833] Paramount Iteration,1,58,46.494190,0.802368
[MO833] Paramount Iteration,2,59,47.232059,0.780498
[MO833] Paramount Iteration,0,59,47.236846,0.780630
[MO833] Paramount Iteration,3,59,47.254338,0.765171
[MO833] Paramount Iteration,1,59,47.259506,0.765316
[MO833] Paramount Iteration,2,60,47.996377,0.764318
[MO833] Paramount Iteration,0,60,48.001391,0.764545
 Time step   60
[MO833] Paramount Iteration,3,60,48.018607,0.764269
[MO833] Paramount Iteration,1,60,48.023585,0.764079
[MO833] Paramount Iteration,2,61,48.759842,0.763465
[MO833] Paramount Iteration,0,61,48.764672,0.763281
[MO833] Paramount Iteration,3,61,48.782299,0.763692
[MO833] Paramount Iteration,1,61,48.787330,0.763745
[MO833] Paramount Iteration,2,62,49.524177,0.764335
[MO833] Paramount Iteration,0,62,49.528998,0.764326
[MO833] Paramount Iteration,3,62,49.546582,0.764283
[MO833] Paramount Iteration,1,62,49.551638,0.764308
[MO833] Paramount Iteration,2,63,50.288947,0.764770
[MO833] Paramount Iteration,0,63,50.293683,0.764685
[MO833] Paramount Iteration,3,63,50.311348,0.764766
[MO833] Paramount Iteration,1,63,50.316280,0.764642
[MO833] Paramount Iteration,2,64,51.086645,0.797698
[MO833] Paramount Iteration,0,64,51.092472,0.798789
[MO833] Paramount Iteration,3,64,51.095091,0.783743
[MO833] Paramount Iteration,1,64,51.100459,0.784179
[MO833] Paramount Iteration,2,65,51.837687,0.751042
[MO833] Paramount Iteration,0,65,51.842735,0.750263
[MO833] Paramount Iteration,3,65,51.859201,0.764110
[MO833] Paramount Iteration,1,65,51.864513,0.764054
[MO833] Paramount Iteration,2,66,52.601881,0.764194
[MO833] Paramount Iteration,0,66,52.606858,0.764123
[MO833] Paramount Iteration,3,66,52.623573,0.764372
[MO833] Paramount Iteration,1,66,52.628459,0.763946
[MO833] Paramount Iteration,2,67,53.366070,0.764189
[MO833] Paramount Iteration,0,67,53.370862,0.764004
[MO833] Paramount Iteration,3,67,53.386799,0.763226
[MO833] Paramount Iteration,1,67,53.392076,0.763617
[MO833] Paramount Iteration,2,68,54.129462,0.763392
[MO833] Paramount Iteration,0,68,54.134322,0.763460
[MO833] Paramount Iteration,3,68,54.151614,0.764815
[MO833] Paramount Iteration,1,68,54.156660,0.764584
[MO833] Paramount Iteration,2,69,54.894023,0.764561
[MO833] Paramount Iteration,0,69,54.898936,0.764614
[MO833] Paramount Iteration,3,69,54.915629,0.764015
[MO833] Paramount Iteration,1,69,54.921126,0.764466
[MO833] Paramount Iteration,2,70,55.658036,0.764013
[MO833] Paramount Iteration,0,70,55.663146,0.764210
[MO833] Paramount Iteration,3,70,55.679602,0.763973
[MO833] Paramount Iteration,1,70,55.684850,0.763724
[MO833] Paramount Iteration,2,71,56.422558,0.764522
[MO833] Paramount Iteration,0,71,56.427492,0.764346
[MO833] Paramount Iteration,3,71,56.444484,0.764882
[MO833] Paramount Iteration,1,71,56.449599,0.764749
[MO833] Paramount Iteration,2,72,57.187430,0.764872
[MO833] Paramount Iteration,0,72,57.192299,0.764807
[MO833] Paramount Iteration,3,72,57.208875,0.764391
[MO833] Paramount Iteration,1,72,57.214271,0.764672
[MO833] Paramount Iteration,2,73,57.951116,0.763686
[MO833] Paramount Iteration,0,73,57.956039,0.763740
[MO833] Paramount Iteration,3,73,57.972849,0.763974
[MO833] Paramount Iteration,1,73,57.978439,0.764168
[MO833] Paramount Iteration,2,74,58.716496,0.765380
[MO833] Paramount Iteration,0,74,58.721531,0.765492
[MO833] Paramount Iteration,3,74,58.738266,0.765417
[MO833] Paramount Iteration,1,74,58.743422,0.764983
[MO833] Paramount Iteration,2,75,59.480991,0.764495
[MO833] Paramount Iteration,0,75,59.485884,0.764353
[MO833] Paramount Iteration,3,75,59.501983,0.763717
[MO833] Paramount Iteration,1,75,59.507209,0.763787
[MO833] Paramount Iteration,2,76,60.245067,0.764076
[MO833] Paramount Iteration,0,76,60.250013,0.764129
[MO833] Paramount Iteration,3,76,60.265605,0.763622
[MO833] Paramount Iteration,1,76,60.270811,0.763602
[MO833] Paramount Iteration,2,77,61.008358,0.763291
[MO833] Paramount Iteration,0,77,61.013409,0.763396
[MO833] Paramount Iteration,3,77,61.029856,0.764251
[MO833] Paramount Iteration,1,77,61.035104,0.764293
[MO833] Paramount Iteration,2,78,61.772926,0.764568
[MO833] Paramount Iteration,0,78,61.777813,0.764404
[MO833] Paramount Iteration,3,78,61.794652,0.764796
[MO833] Paramount Iteration,1,78,61.800184,0.765080
[MO833] Paramount Iteration,2,79,62.538444,0.765518
[MO833] Paramount Iteration,0,79,62.543462,0.765649
[MO833] Paramount Iteration,3,79,62.560099,0.765447
[MO833] Paramount Iteration,1,79,62.565289,0.765105
[MO833] Paramount Iteration,2,80,63.341419,0.802975
[MO833] Paramount Iteration,0,80,63.347447,0.803985
 Time step   80
[MO833] Paramount Iteration,3,80,63.345337,0.785238
[MO833] Paramount Iteration,1,80,63.350578,0.785289
[MO833] Paramount Iteration,2,81,64.092124,0.750705
[MO833] Paramount Iteration,0,81,64.097065,0.749618
[MO833] Paramount Iteration,3,81,64.111332,0.765995
[MO833] Paramount Iteration,1,81,64.116396,0.765818
[MO833] Paramount Iteration,2,82,64.854217,0.762093
[MO833] Paramount Iteration,0,82,64.860449,0.763384
[MO833] Paramount Iteration,3,82,64.875144,0.763812
[MO833] Paramount Iteration,1,82,64.880750,0.764354
[MO833] Paramount Iteration,2,83,65.619140,0.764923
[MO833] Paramount Iteration,0,83,65.624199,0.763750
[MO833] Paramount Iteration,3,83,65.641058,0.765914
[MO833] Paramount Iteration,1,83,65.646230,0.765480
[MO833] Paramount Iteration,2,84,66.384290,0.765150
[MO833] Paramount Iteration,0,84,66.389115,0.764916
[MO833] Paramount Iteration,3,84,66.406561,0.765503
[MO833] Paramount Iteration,1,84,66.411657,0.765427
[MO833] Paramount Iteration,2,85,67.149537,0.765247
[MO833] Paramount Iteration,0,85,67.154538,0.765423
[MO833] Paramount Iteration,3,85,67.170643,0.764082
[MO833] Paramount Iteration,1,85,67.175955,0.764298
[MO833] Paramount Iteration,2,86,67.913463,0.763926
[MO833] Paramount Iteration,0,86,67.918300,0.763762
[MO833] Paramount Iteration,3,86,67.935578,0.764935
[MO833] Paramount Iteration,1,86,67.940460,0.764505
[MO833] Paramount Iteration,2,87,68.677850,0.764387
[MO833] Paramount Iteration,0,87,68.682797,0.764497
[MO833] Paramount Iteration,3,87,68.699082,0.763504
[MO833] Paramount Iteration,1,87,68.704470,0.764010
[MO833] Paramount Iteration,2,88,69.442063,0.764213
[MO833] Paramount Iteration,0,88,69.447005,0.764208
[MO833] Paramount Iteration,3,88,69.463334,0.764252
[MO833] Paramount Iteration,1,88,69.468494,0.764024
[MO833] Paramount Iteration,2,89,70.205999,0.763936
[MO833] Paramount Iteration,0,89,70.210924,0.763919
[MO833] Paramount Iteration,3,89,70.227810,0.764476
[MO833] Paramount Iteration,1,89,70.232823,0.764329
[MO833] Paramount Iteration,2,90,70.970301,0.764302
[MO833] Paramount Iteration,0,90,70.975200,0.764276
[MO833] Paramount Iteration,3,90,70.991905,0.764095
[MO833] Paramount Iteration,1,90,70.997312,0.764489
[MO833] Paramount Iteration,2,91,71.735066,0.764765
[MO833] Paramount Iteration,0,91,71.739919,0.764719
[MO833] Paramount Iteration,3,91,71.756076,0.764171
[MO833] Paramount Iteration,1,91,71.761596,0.764284
[MO833] Paramount Iteration,2,92,72.499436,0.764370
[MO833] Paramount Iteration,0,92,72.504334,0.764415
[MO833] Paramount Iteration,3,92,72.520937,0.764861
[MO833] Paramount Iteration,1,92,72.526078,0.764482
[MO833] Paramount Iteration,2,93,73.263752,0.764316
[MO833] Paramount Iteration,0,93,73.268768,0.764434
[MO833] Paramount Iteration,3,93,73.285397,0.764460
[MO833] Paramount Iteration,1,93,73.290551,0.764473
[MO833] Paramount Iteration,2,94,74.027551,0.763799
[MO833] Paramount Iteration,0,94,74.032676,0.763908
[MO833] Paramount Iteration,3,94,74.049049,0.763652
[MO833] Paramount Iteration,1,94,74.054469,0.763918
[MO833] Paramount Iteration,2,95,74.791952,0.764401
[MO833] Paramount Iteration,0,95,74.797017,0.764341
[MO833] Paramount Iteration,3,95,74.813270,0.764221
[MO833] Paramount Iteration,1,95,74.818644,0.764175
[MO833] Paramount Iteration,2,96,75.555800,0.763848
[MO833] Paramount Iteration,0,96,75.560786,0.763769
[MO833] Paramount Iteration,3,96,75.577338,0.764068
[MO833] Paramount Iteration,1,96,75.582771,0.764127
[MO833] Paramount Iteration,2,97,76.319719,0.763919
[MO833] Paramount Iteration,0,97,76.324638,0.763852
[MO833] Paramount Iteration,3,97,76.341601,0.764263
[MO833] Paramount Iteration,1,97,76.346690,0.763919
[MO833] Paramount Iteration,2,98,77.083697,0.763978
[MO833] Paramount Iteration,0,98,77.088517,0.763879
[MO833] Paramount Iteration,3,98,77.105344,0.763743
[MO833] Paramount Iteration,1,98,77.110315,0.763625
[MO833] Paramount Iteration,2,99,77.847900,0.764203
[MO833] Paramount Iteration,0,99,77.852813,0.764296
[MO833] Paramount Iteration,3,99,77.869190,0.763846
[MO833] Paramount Iteration,1,99,77.874558,0.764243
[MO833] Paramount Iteration,2,100,78.630160,0.782260
[MO833] Paramount Iteration,0,100,78.635304,0.782491
 Time step  100
[MO833] Paramount Iteration,3,100,78.640459,0.771269
[MO833] Paramount Iteration,1,100,78.645460,0.770902
[MO833] Paramount Iteration,2,101,79.380978,0.750818
[MO833] Paramount Iteration,0,101,79.385755,0.750451
[MO833] Paramount Iteration,3,101,79.404598,0.764139
[MO833] Paramount Iteration,1,101,79.409695,0.764235
[MO833] Paramount Iteration,2,102,80.146200,0.765222
[MO833] Paramount Iteration,0,102,80.151071,0.765316
[MO833] Paramount Iteration,3,102,80.168204,0.763606
[MO833] Paramount Iteration,1,102,80.173349,0.763654
[MO833] Paramount Iteration,2,103,80.910452,0.764252
[MO833] Paramount Iteration,0,103,80.915568,0.764497
[MO833] Paramount Iteration,3,103,80.932623,0.764419
[MO833] Paramount Iteration,1,103,80.937596,0.764247
[MO833] Paramount Iteration,2,104,81.672242,0.761790
[MO833] Paramount Iteration,0,104,81.677240,0.761672
[MO833] Paramount Iteration,3,104,81.696930,0.764307
[MO833] Paramount Iteration,1,104,81.701904,0.764308
[MO833] Paramount Iteration,2,105,82.436619,0.764377
[MO833] Paramount Iteration,0,105,82.441674,0.764434
[MO833] Paramount Iteration,3,105,82.461043,0.764113
[MO833] Paramount Iteration,1,105,82.465988,0.764084
[MO833] Paramount Iteration,2,106,83.201933,0.765314
[MO833] Paramount Iteration,0,106,83.206822,0.765148
[MO833] Paramount Iteration,3,106,83.225337,0.764294
[MO833] Paramount Iteration,1,106,83.230331,0.764343
[MO833] Paramount Iteration,2,107,83.965836,0.763903
[MO833] Paramount Iteration,0,107,83.970709,0.763887
[MO833] Paramount Iteration,3,107,83.989984,0.764647
[MO833] Paramount Iteration,1,107,83.995075,0.764744
[MO833] Paramount Iteration,2,108,84.732018,0.766182
[MO833] Paramount Iteration,0,108,84.736921,0.766212
[MO833] Paramount Iteration,3,108,84.754803,0.764819
[MO833] Paramount Iteration,1,108,84.759919,0.764844
[MO833] Paramount Iteration,2,109,85.494385,0.762367
[MO833] Paramount Iteration,0,109,85.499129,0.762208
[MO833] Paramount Iteration,3,109,85.519375,0.764572
[MO833] Paramount Iteration,1,109,85.524282,0.764363
[MO833] Paramount Iteration,2,110,86.262776,0.768391
[MO833] Paramount Iteration,0,110,86.267458,0.768329
[MO833] Paramount Iteration,3,110,86.284108,0.764733
[MO833] Paramount Iteration,1,110,86.288775,0.764493
[MO833] Paramount Iteration,2,111,87.023204,0.760428
[MO833] Paramount Iteration,0,111,87.028124,0.760666
[MO833] Paramount Iteration,3,111,87.042940,0.758832
[MO833] Paramount Iteration,1,111,87.048182,0.759407
[MO833] Paramount Iteration,2,112,87.784094,0.760890
[MO833] Paramount Iteration,0,112,87.789119,0.760995
[MO833] Paramount Iteration,3,112,87.806586,0.763646
[MO833] Paramount Iteration,1,112,87.811769,0.763587
[MO833] Paramount Iteration,2,113,88.547682,0.763588
[MO833] Paramount Iteration,0,113,88.552602,0.763483
[MO833] Paramount Iteration,3,113,88.570954,0.764368
[MO833] Paramount Iteration,1,113,88.576132,0.764363
[MO833] Paramount Iteration,2,114,89.312489,0.764807
[MO833] Paramount Iteration,0,114,89.317424,0.764822
[MO833] Paramount Iteration,3,114,89.335424,0.764470
[MO833] Paramount Iteration,1,114,89.340301,0.764169
[MO833] Paramount Iteration,2,115,90.075091,0.762602
[MO833] Paramount Iteration,0,115,90.079851,0.762427
[MO833] Paramount Iteration,3,115,90.099464,0.764040
[MO833] Paramount Iteration,1,115,90.104397,0.764096
[MO833] Paramount Iteration,2,116,90.838984,0.763893
[MO833] Paramount Iteration,0,116,90.843749,0.763898
[MO833] Paramount Iteration,3,116,90.863608,0.764144
[MO833] Paramount Iteration,1,116,90.868419,0.764022
[MO833] Paramount Iteration,2,117,91.604630,0.765646
[MO833] Paramount Iteration,0,117,91.609595,0.765846
[MO833] Paramount Iteration,3,117,91.627646,0.764038
[MO833] Paramount Iteration,1,117,91.632966,0.764547
[MO833] Paramount Iteration,2,118,92.369115,0.764485
[MO833] Paramount Iteration,0,118,92.374027,0.764432
[MO833] Paramount Iteration,3,118,92.391265,0.763619
[MO833] Paramount Iteration,1,118,92.396263,0.763297
[MO833] Paramount Iteration,2,119,93.132375,0.763260
[MO833] Paramount Iteration,0,119,93.137236,0.763209
[MO833] Paramount Iteration,3,119,93.156096,0.764831
[MO833] Paramount Iteration,1,119,93.161128,0.764865
[MO833] Paramount Iteration,2,120,93.897297,0.764922
[MO833] Paramount Iteration,0,120,93.902172,0.764936
 Time step  120
[MO833] Paramount Iteration,3,120,93.919520,0.763424
[MO833] Paramount Iteration,1,120,93.924827,0.763699
[MO833] Paramount Iteration,2,121,94.693691,0.796394
[MO833] Paramount Iteration,0,121,94.698476,0.796304
[MO833] Paramount Iteration,3,121,94.731324,0.811804
[MO833] Paramount Iteration,1,121,94.736544,0.811717
[MO833] Paramount Iteration,2,122,95.470924,0.777233
[MO833] Paramount Iteration,0,122,95.475630,0.777154
[MO833] Paramount Iteration,3,122,95.495990,0.764666
[MO833] Paramount Iteration,1,122,95.501465,0.764921
[MO833] Paramount Iteration,2,123,96.266107,0.795183
[MO833] Paramount Iteration,0,123,96.272095,0.796465
[MO833] Paramount Iteration,3,123,96.275954,0.779964
[MO833] Paramount Iteration,1,123,96.282232,0.780767
[MO833] Paramount Iteration,2,124,97.017168,0.751061
[MO833] Paramount Iteration,0,124,97.021903,0.749808
[MO833] Paramount Iteration,3,124,97.041162,0.765208
[MO833] Paramount Iteration,1,124,97.046066,0.763834
[MO833] Paramount Iteration,2,125,97.781580,0.764412
[MO833] Paramount Iteration,0,125,97.786485,0.764582
[MO833] Paramount Iteration,3,125,97.805201,0.764039
[MO833] Paramount Iteration,1,125,97.810214,0.764148
[MO833] Paramount Iteration,2,126,98.546453,0.764873
[MO833] Paramount Iteration,0,126,98.551083,0.764598
[MO833] Paramount Iteration,3,126,98.568806,0.763605
[MO833] Paramount Iteration,1,126,98.574244,0.764030
[MO833] Paramount Iteration,2,127,99.310260,0.763807
[MO833] Paramount Iteration,0,127,99.315117,0.764034
[MO833] Paramount Iteration,3,127,99.333201,0.764395
[MO833] Paramount Iteration,1,127,99.338191,0.763947
[MO833] Paramount Iteration,2,128,100.073517,0.763257
[MO833] Paramount Iteration,0,128,100.078350,0.763233
[MO833] Paramount Iteration,3,128,100.096920,0.763719
[MO833] Paramount Iteration,1,128,100.101971,0.763780
[MO833] Paramount Iteration,2,129,100.838007,0.764490
[MO833] Paramount Iteration,0,129,100.842765,0.764415
[MO833] Paramount Iteration,3,129,100.861063,0.764143
[MO833] Paramount Iteration,1,129,100.866099,0.764128
[MO833] Paramount Iteration,2,130,101.602270,0.764263
[MO833] Paramount Iteration,0,130,101.607216,0.764451
[MO833] Paramount Iteration,3,130,101.624729,0.763666
[MO833] Paramount Iteration,1,130,101.630187,0.764088
[MO833] Paramount Iteration,2,131,102.366892,0.764622
[MO833] Paramount Iteration,0,131,102.371661,0.764445
[MO833] Paramount Iteration,3,131,102.389691,0.764962
[MO833] Paramount Iteration,1,131,102.394751,0.764564
[MO833] Paramount Iteration,2,132,103.130597,0.763705
[MO833] Paramount Iteration,0,132,103.135423,0.763762
[MO833] Paramount Iteration,3,132,103.153315,0.763624
[MO833] Paramount Iteration,1,132,103.158379,0.763628
[MO833] Paramount Iteration,2,133,103.894226,0.763629
[MO833] Paramount Iteration,0,133,103.899188,0.763765
[MO833] Paramount Iteration,3,133,103.916929,0.763614
[MO833] Paramount Iteration,1,133,103.922129,0.763750
[MO833] Paramount Iteration,2,134,104.657188,0.762962
[MO833] Paramount Iteration,0,134,104.662122,0.762934
[MO833] Paramount Iteration,3,134,104.680825,0.763896
[MO833] Paramount Iteration,1,134,104.685653,0.763524
[MO833] Paramount Iteration,2,135,105.421554,0.764366
[MO833] Paramount Iteration,0,135,105.426352,0.764230
[MO833] Paramount Iteration,3,135,105.443929,0.763104
[MO833] Paramount Iteration,1,135,105.449110,0.763457
[MO833] Paramount Iteration,2,136,106.185637,0.764083
[MO833] Paramount Iteration,0,136,106.190452,0.764100
[MO833] Paramount Iteration,3,136,106.208546,0.764617
[MO833] Paramount Iteration,1,136,106.213509,0.764399
[MO833] Paramount Iteration,2,137,106.948594,0.762957
[MO833] Paramount Iteration,0,137,106.953533,0.763081
[MO833] Paramount Iteration,3,137,106.971432,0.762886
[MO833] Paramount Iteration,1,137,106.976452,0.762943
[MO833] Paramount Iteration,2,138,107.711843,0.763249
[MO833] Paramount Iteration,0,138,107.716732,0.763199
[MO833] Paramount Iteration,3,138,107.734866,0.763434
[MO833] Paramount Iteration,1,138,107.739974,0.763522
[MO833] Paramount Iteration,2,139,108.476214,0.764371
[MO833] Paramount Iteration,0,139,108.480908,0.764176
[MO833] Paramount Iteration,3,139,108.499486,0.764620
[MO833] Paramount Iteration,1,139,108.504465,0.764491
[MO833] Paramount Iteration,2,140,109.240571,0.764357
[MO833] Paramount Iteration,0,140,109.245461,0.764553
 Time step  140
[MO833] Paramount Iteration,3,140,109.263142,0.763656
[MO833] Paramount Iteration,1,140,109.268269,0.763804
[MO833] Paramount Iteration,2,141,110.003467,0.762896
[MO833] Paramount Iteration,0,141,110.008548,0.763087
[MO833] Paramount Iteration,3,141,110.027090,0.763948
[MO833] Paramount Iteration,1,141,110.032057,0.763788
[MO833] Paramount Iteration,2,142,110.767730,0.764263
[MO833] Paramount Iteration,0,142,110.772860,0.764312
[MO833] Paramount Iteration,3,142,110.790880,0.763790
[MO833] Paramount Iteration,1,142,110.795914,0.763857
[MO833] Paramount Iteration,2,143,111.534139,0.766409
[MO833] Paramount Iteration,0,143,111.539071,0.766211
[MO833] Paramount Iteration,3,143,111.553523,0.762643
[MO833] Paramount Iteration,1,143,111.558738,0.762824
[MO833] Paramount Iteration,2,144,112.293772,0.759633
[MO833] Paramount Iteration,0,144,112.298603,0.759532
[MO833] Paramount Iteration,3,144,112.317310,0.763787
[MO833] Paramount Iteration,1,144,112.322356,0.763618
[MO833] Paramount Iteration,2,145,113.057369,0.763597
[MO833] Paramount Iteration,0,145,113.062460,0.763857
[MO833] Paramount Iteration,3,145,113.080691,0.763381
[MO833] Paramount Iteration,1,145,113.085653,0.763297
[MO833] Paramount Iteration,2,146,113.820628,0.763259
[MO833] Paramount Iteration,0,146,113.825582,0.763122
[MO833] Paramount Iteration,3,146,113.844747,0.764056
[MO833] Paramount Iteration,1,146,113.849679,0.764026
[MO833] Paramount Iteration,2,147,114.585298,0.764670
[MO833] Paramount Iteration,0,147,114.590047,0.764465
[MO833] Paramount Iteration,3,147,114.608652,0.763905
[MO833] Paramount Iteration,1,147,114.613882,0.764203
[MO833] Paramount Iteration,2,148,115.349125,0.763827
[MO833] Paramount Iteration,0,148,115.354143,0.764096
[MO833] Paramount Iteration,3,148,115.372011,0.763359
[MO833] Paramount Iteration,1,148,115.376798,0.762916
[MO833] Paramount Iteration,2,149,116.113220,0.764095
[MO833] Paramount Iteration,0,149,116.118358,0.764215
[MO833] Paramount Iteration,3,149,116.135911,0.763900
[MO833] Paramount Iteration,1,149,116.141230,0.764432
[MO833] Paramount Iteration,2,150,116.875582,0.762362
[MO833] Paramount Iteration,0,150,116.880263,0.761905
[MO833] Paramount Iteration,3,150,116.900151,0.764240
[MO833] Paramount Iteration,1,150,116.905254,0.764024
[MO833] Paramount Iteration,2,151,117.663319,0.787737
[MO833] Paramount Iteration,0,151,117.668523,0.788260
[MO833] Paramount Iteration,3,151,117.673905,0.773754
[MO833] Paramount Iteration,1,151,117.679239,0.773985
[MO833] Paramount Iteration,2,152,118.413789,0.750470
[MO833] Paramount Iteration,0,152,118.418639,0.750116
[MO833] Paramount Iteration,3,152,118.438128,0.764223
[MO833] Paramount Iteration,1,152,118.443231,0.763992
[MO833] Paramount Iteration,2,153,119.178889,0.765100
[MO833] Paramount Iteration,0,153,119.183871,0.765232
[MO833] Paramount Iteration,3,153,119.201696,0.763568
[MO833] Paramount Iteration,1,153,119.206741,0.763510
[MO833] Paramount Iteration,2,154,119.942432,0.763543
[MO833] Paramount Iteration,0,154,119.947326,0.763455
[MO833] Paramount Iteration,3,154,119.965948,0.764252
[MO833] Paramount Iteration,1,154,119.971024,0.764283
[MO833] Paramount Iteration,2,155,120.706693,0.764261
[MO833] Paramount Iteration,0,155,120.711606,0.764280
[MO833] Paramount Iteration,3,155,120.729856,0.763908
[MO833] Paramount Iteration,1,155,120.734894,0.763870
[MO833] Paramount Iteration,2,156,121.469653,0.762960
[MO833] Paramount Iteration,0,156,121.474376,0.762770
[MO833] Paramount Iteration,3,156,121.493440,0.763584
[MO833] Paramount Iteration,1,156,121.498850,0.763956
[MO833] Paramount Iteration,2,157,122.234523,0.764870
[MO833] Paramount Iteration,0,157,122.239458,0.765082
[MO833] Paramount Iteration,3,157,122.257869,0.764429
[MO833] Paramount Iteration,1,157,122.262778,0.763928
[MO833] Paramount Iteration,2,158,122.998963,0.764440
[MO833] Paramount Iteration,0,158,123.003792,0.764334
[MO833] Paramount Iteration,3,158,123.021419,0.763550
[MO833] Paramount Iteration,1,158,123.026753,0.763975
[MO833] Paramount Iteration,2,159,123.762542,0.763579
[MO833] Paramount Iteration,0,159,123.767522,0.763730
[MO833] Paramount Iteration,3,159,123.784856,0.763437
[MO833] Paramount Iteration,1,159,123.790090,0.763337
[MO833] Paramount Iteration,2,160,124.524353,0.761811
[MO833] Paramount Iteration,0,160,124.528971,0.761449
 Time step  160
[MO833] Paramount Iteration,3,160,124.548889,0.764033
[MO833] Paramount Iteration,1,160,124.553800,0.763710
[MO833] Paramount Iteration,2,161,125.289938,0.765585
[MO833] Paramount Iteration,0,161,125.294704,0.765733
[MO833] Paramount Iteration,3,161,125.312083,0.763194
[MO833] Paramount Iteration,1,161,125.317351,0.763551
[MO833] Paramount Iteration,2,162,126.053467,0.763529
[MO833] Paramount Iteration,0,162,126.058241,0.763537
[MO833] Paramount Iteration,3,162,126.076334,0.764251
[MO833] Paramount Iteration,1,162,126.081333,0.763982
[MO833] Paramount Iteration,2,163,126.819740,0.766273
[MO833] Paramount Iteration,0,163,126.824647,0.766406
[MO833] Paramount Iteration,3,163,126.841598,0.765264
[MO833] Paramount Iteration,1,163,126.846616,0.765283
[MO833] Paramount Iteration,2,164,127.582257,0.762517
[MO833] Paramount Iteration,0,164,127.587214,0.762567
[MO833] Paramount Iteration,3,164,127.605572,0.763974
[MO833] Paramount Iteration,1,164,127.610764,0.764148
[MO833] Paramount Iteration,2,165,128.346680,0.764423
[MO833] Paramount Iteration,0,165,128.351424,0.764210
[MO833] Paramount Iteration,3,165,128.369710,0.764138
[MO833] Paramount Iteration,1,165,128.374890,0.764126
[MO833] Paramount Iteration,2,166,129.110853,0.764173
[MO833] Paramount Iteration,0,166,129.115381,0.763957
[MO833] Paramount Iteration,3,166,129.134265,0.764555
[MO833] Paramount Iteration,1,166,129.139203,0.764313
[MO833] Paramount Iteration,2,167,129.874656,0.763803
[MO833] Paramount Iteration,0,167,129.879395,0.764014
[MO833] Paramount Iteration,3,167,129.897924,0.763659
[MO833] Paramount Iteration,1,167,129.902882,0.763679
[MO833] Paramount Iteration,2,168,130.638739,0.764083
[MO833] Paramount Iteration,0,168,130.643670,0.764275
[MO833] Paramount Iteration,3,168,130.661385,0.763461
[MO833] Paramount Iteration,1,168,130.666640,0.763758
[MO833] Paramount Iteration,2,169,131.402379,0.763640
[MO833] Paramount Iteration,0,169,131.407270,0.763600
[MO833] Paramount Iteration,3,169,131.425696,0.764311
[MO833] Paramount Iteration,1,169,131.430790,0.764150
[MO833] Paramount Iteration,2,170,132.167121,0.764742
[MO833] Paramount Iteration,0,170,132.172004,0.764734
[MO833] Paramount Iteration,3,170,132.190166,0.764470
[MO833] Paramount Iteration,1,170,132.195328,0.764538
[MO833] Paramount Iteration,2,171,132.930594,0.763473
[MO833] Paramount Iteration,0,171,132.935381,0.763377
[MO833] Paramount Iteration,3,171,132.954033,0.763867
[MO833] Paramount Iteration,1,171,132.958949,0.763621
[MO833] Paramount Iteration,2,172,133.693681,0.763087
[MO833] Paramount Iteration,0,172,133.698497,0.763116
[MO833] Paramount Iteration,3,172,133.717256,0.763223
[MO833] Paramount Iteration,1,172,133.722259,0.763310
[MO833] Paramount Iteration,0,173,134.461770,0.763273
[MO833] Paramount Iteration,2,173,134.457199,0.763518
[MO833] Paramount Iteration,3,173,134.481125,0.763869
[MO833] Paramount Iteration,1,173,134.486024,0.763765
[MO833] Paramount Iteration,2,174,135.220602,0.763403
[MO833] Paramount Iteration,0,174,135.225437,0.763667
[MO833] Paramount Iteration,3,174,135.244407,0.763282
[MO833] Paramount Iteration,1,174,135.249459,0.763435
[MO833] Paramount Iteration,2,175,135.984243,0.763641
[MO833] Paramount Iteration,0,175,135.988962,0.763525
[MO833] Paramount Iteration,3,175,136.008965,0.764558
[MO833] Paramount Iteration,1,175,136.013785,0.764326
[MO833] Paramount Iteration,2,176,136.750359,0.766116
[MO833] Paramount Iteration,0,176,136.755281,0.766319
[MO833] Paramount Iteration,3,176,136.772181,0.763216
[MO833] Paramount Iteration,1,176,136.777494,0.763709
[MO833] Paramount Iteration,2,177,137.512425,0.762066
[MO833] Paramount Iteration,0,177,137.517111,0.761830
[MO833] Paramount Iteration,3,177,137.536643,0.764462
[MO833] Paramount Iteration,1,177,137.541556,0.764062
[MO833] Paramount Iteration,2,178,138.277777,0.765352
[MO833] Paramount Iteration,0,178,138.282651,0.765540
[MO833] Paramount Iteration,3,178,138.300716,0.764073
[MO833] Paramount Iteration,1,178,138.305826,0.764270
[MO833] Paramount Iteration,2,179,139.041778,0.764001
[MO833] Paramount Iteration,0,179,139.046575,0.763924
[MO833] Paramount Iteration,3,179,139.064497,0.763781
[MO833] Paramount Iteration,1,179,139.069808,0.763982
[MO833] Paramount Iteration,2,180,139.803805,0.762027
[MO833] Paramount Iteration,0,180,139.808552,0.761977
 Time step  180
[MO833] Paramount Iteration,3,180,139.828323,0.763826
[MO833] Paramount Iteration,1,180,139.833212,0.763404
[MO833] Paramount Iteration,2,181,140.569501,0.765696
[MO833] Paramount Iteration,0,181,140.574595,0.766043
[MO833] Paramount Iteration,3,181,140.591937,0.763614
[MO833] Paramount Iteration,1,181,140.597355,0.764143
[MO833] Paramount Iteration,2,182,141.333816,0.764315
[MO833] Paramount Iteration,0,182,141.338798,0.764203
[MO833] Paramount Iteration,3,182,141.356536,0.764599
[MO833] Paramount Iteration,1,182,141.361569,0.764214
[MO833] Paramount Iteration,2,183,142.096218,0.762402
[MO833] Paramount Iteration,0,183,142.100896,0.762098
[MO833] Paramount Iteration,3,183,142.120391,0.763855
[MO833] Paramount Iteration,1,183,142.125305,0.763736
[MO833] Paramount Iteration,2,184,142.893651,0.797433
[MO833] Paramount Iteration,0,184,142.899583,0.798687
[MO833] Paramount Iteration,3,184,142.903407,0.783016
[MO833] Paramount Iteration,1,184,142.908266,0.782961
[MO833] Paramount Iteration,2,185,143.644472,0.750821
[MO833] Paramount Iteration,0,185,143.649513,0.749930
[MO833] Paramount Iteration,3,185,143.666689,0.763282
[MO833] Paramount Iteration,1,185,143.672146,0.763880
[MO833] Paramount Iteration,2,186,144.408618,0.764146
[MO833] Paramount Iteration,0,186,144.413399,0.763886
[MO833] Paramount Iteration,3,186,144.431328,0.764639
[MO833] Paramount Iteration,1,186,144.436346,0.764200
[MO833] Paramount Iteration,2,187,145.171829,0.763211
[MO833] Paramount Iteration,0,187,145.176927,0.763528
[MO833] Paramount Iteration,3,187,145.195490,0.764162
[MO833] Paramount Iteration,1,187,145.200492,0.764146
[MO833] Paramount Iteration,2,188,145.934464,0.762635
[MO833] Paramount Iteration,0,188,145.939217,0.762290
[MO833] Paramount Iteration,3,188,145.959324,0.763834
[MO833] Paramount Iteration,1,188,145.964293,0.763801
[MO833] Paramount Iteration,2,189,146.699274,0.764810
[MO833] Paramount Iteration,0,189,146.704163,0.764946
[MO833] Paramount Iteration,3,189,146.723934,0.764610
[MO833] Paramount Iteration,1,189,146.728886,0.764593
[MO833] Paramount Iteration,2,190,147.464308,0.765034
[MO833] Paramount Iteration,0,190,147.469146,0.764983
[MO833] Paramount Iteration,3,190,147.488208,0.764274
[MO833] Paramount Iteration,1,190,147.493205,0.764319
[MO833] Paramount Iteration,2,191,148.228953,0.764645
[MO833] Paramount Iteration,0,191,148.233977,0.764831
[MO833] Paramount Iteration,3,191,148.252097,0.763889
[MO833] Paramount Iteration,1,191,148.257295,0.764090
[MO833] Paramount Iteration,2,192,148.992998,0.764045
[MO833] Paramount Iteration,0,192,148.997941,0.763964
[MO833] Paramount Iteration,3,192,149.014751,0.762654
[MO833] Paramount Iteration,1,192,149.019982,0.762687
[MO833] Paramount Iteration,2,193,149.755601,0.762603
[MO833] Paramount Iteration,0,193,149.760327,0.762386
[MO833] Paramount Iteration,3,193,149.779444,0.764693
[MO833] Paramount Iteration,1,193,149.784760,0.764778
[MO833] Paramount Iteration,2,194,150.521684,0.766083
[MO833] Paramount Iteration,0,194,150.526486,0.766159
[MO833] Paramount Iteration,3,194,150.544145,0.764701
[MO833] Paramount Iteration,1,194,150.549492,0.764732
[MO833] Paramount Iteration,2,195,151.286237,0.764553
[MO833] Paramount Iteration,0,195,151.291211,0.764725
[MO833] Paramount Iteration,3,195,151.309645,0.765500
[MO833] Paramount Iteration,1,195,151.314626,0.765134
[MO833] Paramount Iteration,2,196,152.050183,0.763946
[MO833] Paramount Iteration,0,196,152.055161,0.763950
[MO833] Paramount Iteration,3,196,152.072948,0.763303
[MO833] Paramount Iteration,1,196,152.078254,0.763628
[MO833] Paramount Iteration,2,197,152.814062,0.763879
[MO833] Paramount Iteration,0,197,152.818919,0.763758
[MO833] Paramount Iteration,3,197,152.837047,0.764099
[MO833] Paramount Iteration,1,197,152.842250,0.763996
[MO833] Paramount Iteration,2,198,153.577704,0.763642
[MO833] Paramount Iteration,0,198,153.582616,0.763697
[MO833] Paramount Iteration,3,198,153.601754,0.764707
[MO833] Paramount Iteration,1,198,153.606701,0.764451
[MO833] Paramount Iteration,2,199,154.341283,0.763579
[MO833] Paramount Iteration,0,199,154.346251,0.763635
[MO833] Paramount Iteration,3,199,154.364905,0.763151
[MO833] Paramount Iteration,1,199,154.369856,0.763155
[MO833] Paramount Iteration,2,200,155.106054,0.764771
[MO833] Paramount Iteration,0,200,155.110964,0.764713
 Time step  200
[MO833] Paramount Iteration,3,200,155.128846,0.763941
[MO833] Paramount Iteration,1,200,155.133795,0.763939
[MO833] Paramount Iteration,2,201,155.869656,0.763602
[MO833] Paramount Iteration,0,201,155.874426,0.763462
[MO833] Paramount Iteration,3,201,155.892901,0.764055
[MO833] Paramount Iteration,1,201,155.897938,0.764143
[MO833] Paramount Iteration,2,202,156.635347,0.765691
[MO833] Paramount Iteration,0,202,156.640237,0.765811
[MO833] Paramount Iteration,3,202,156.656993,0.764092
[MO833] Paramount Iteration,1,202,156.662402,0.764464
[MO833] Paramount Iteration,2,203,157.399451,0.764104
[MO833] Paramount Iteration,0,203,157.404471,0.764234
[MO833] Paramount Iteration,3,203,157.422845,0.765852
[MO833] Paramount Iteration,1,203,157.427911,0.765509
[MO833] Paramount Iteration,2,204,158.164983,0.765532
[MO833] Paramount Iteration,0,204,158.169855,0.765384
[MO833] Paramount Iteration,3,204,158.187554,0.764709
[MO833] Paramount Iteration,1,204,158.192691,0.764780
[MO833] Paramount Iteration,2,205,158.929870,0.764887
[MO833] Paramount Iteration,0,205,158.934589,0.764734
[MO833] Paramount Iteration,3,205,158.951102,0.763548
[MO833] Paramount Iteration,1,205,158.956132,0.763441
[MO833] Paramount Iteration,2,206,159.693830,0.763960
[MO833] Paramount Iteration,0,206,159.698503,0.763914
[MO833] Paramount Iteration,3,206,159.714418,0.763316
[MO833] Paramount Iteration,1,206,159.719710,0.763578
[MO833] Paramount Iteration,2,207,160.456032,0.762202
[MO833] Paramount Iteration,0,207,160.461000,0.762497
[MO833] Paramount Iteration,3,207,160.479344,0.764926
[MO833] Paramount Iteration,1,207,160.484444,0.764734
[MO833] Paramount Iteration,2,208,161.221452,0.765420
[MO833] Paramount Iteration,0,208,161.226305,0.765305
[MO833] Paramount Iteration,3,208,161.244126,0.764782
[MO833] Paramount Iteration,1,208,161.249292,0.764848
[MO833] Paramount Iteration,2,209,161.985590,0.764138
[MO833] Paramount Iteration,0,209,161.990473,0.764168
[MO833] Paramount Iteration,3,209,162.007967,0.763841
[MO833] Paramount Iteration,1,209,162.013222,0.763930
[MO833] Paramount Iteration,2,210,162.748661,0.763071
[MO833] Paramount Iteration,0,210,162.753673,0.763200
[MO833] Paramount Iteration,3,210,162.771812,0.763845
[MO833] Paramount Iteration,1,210,162.776604,0.763382
[MO833] Paramount Iteration,2,211,163.512324,0.763663
[MO833] Paramount Iteration,0,211,163.517256,0.763583
[MO833] Paramount Iteration,3,211,163.535685,0.763873
[MO833] Paramount Iteration,1,211,163.540780,0.764176
[MO833] Paramount Iteration,2,212,164.275045,0.762721
[MO833] Paramount Iteration,0,212,164.279812,0.762556
[MO833] Paramount Iteration,3,212,164.299757,0.764072
[MO833] Paramount Iteration,1,212,164.304803,0.764023
[MO833] Paramount Iteration,2,213,165.040888,0.765843
[MO833] Paramount Iteration,0,213,165.045688,0.765876
[MO833] Paramount Iteration,3,213,165.064049,0.764292
[MO833] Paramount Iteration,1,213,165.068941,0.764138
[MO833] Paramount Iteration,2,214,165.803259,0.762371
[MO833] Paramount Iteration,0,214,165.808058,0.762370
[MO833] Paramount Iteration,3,214,165.827840,0.763791
[MO833] Paramount Iteration,1,214,165.832806,0.763865
[MO833] Paramount Iteration,2,215,166.592542,0.789283
[MO833] Paramount Iteration,0,215,166.597215,0.789157
[MO833] Paramount Iteration,3,215,166.617212,0.789372
[MO833] Paramount Iteration,1,215,166.622152,0.789346
[MO833] Paramount Iteration,2,216,167.358466,0.765924
[MO833] Paramount Iteration,0,216,167.363321,0.766106
[MO833] Paramount Iteration,3,216,167.381365,0.764153
[MO833] Paramount Iteration,1,216,167.386482,0.764330
[MO833] Paramount Iteration,2,217,168.121190,0.762724
[MO833] Paramount Iteration,0,217,168.125891,0.762570
[MO833] Paramount Iteration,3,217,168.145690,0.764325
[MO833] Paramount Iteration,1,217,168.150648,0.764166
[MO833] Paramount Iteration,2,218,168.886505,0.765315
[MO833] Paramount Iteration,0,218,168.891448,0.765557
[MO833] Paramount Iteration,3,218,168.909751,0.764061
[MO833] Paramount Iteration,1,218,168.914810,0.764162
[MO833] Paramount Iteration,2,219,169.650967,0.764462
[MO833] Paramount Iteration,0,219,169.655849,0.764401
[MO833] Paramount Iteration,3,219,169.673544,0.763793
[MO833] Paramount Iteration,1,219,169.678861,0.764051
[MO833] Paramount Iteration,2,220,170.414799,0.763832
[MO833] Paramount Iteration,0,220,170.419979,0.764130
 Time step  220
[MO833] Paramount Iteration,3,220,170.437654,0.764110
[MO833] Paramount Iteration,1,220,170.443099,0.764238
[MO833] Paramount Iteration,2,221,171.178831,0.764032
[MO833] Paramount Iteration,0,221,171.183822,0.763843
[MO833] Paramount Iteration,3,221,171.201991,0.764337
[MO833] Paramount Iteration,1,221,171.207060,0.763961
[MO833] Paramount Iteration,2,222,171.942515,0.763684
[MO833] Paramount Iteration,0,222,171.947418,0.763596
[MO833] Paramount Iteration,3,222,171.965354,0.763363
[MO833] Paramount Iteration,1,222,171.970432,0.763372
[MO833] Paramount Iteration,2,223,172.705901,0.763386
[MO833] Paramount Iteration,0,223,172.710556,0.763138
[MO833] Paramount Iteration,3,223,172.729466,0.764112
[MO833] Paramount Iteration,1,223,172.734501,0.764069
[MO833] Paramount Iteration,2,224,173.503342,0.797441
[MO833] Paramount Iteration,0,224,173.509247,0.798691
[MO833] Paramount Iteration,3,224,173.512808,0.783342
[MO833] Paramount Iteration,1,224,173.517692,0.783191
[MO833] Paramount Iteration,2,225,174.253874,0.750532
[MO833] Paramount Iteration,0,225,174.258695,0.749448
[MO833] Paramount Iteration,3,225,174.276760,0.763952
[MO833] Paramount Iteration,1,225,174.281813,0.764121
[MO833] Paramount Iteration,2,226,175.017603,0.763729
[MO833] Paramount Iteration,0,226,175.022381,0.763686
[MO833] Paramount Iteration,3,226,175.040621,0.763861
[MO833] Paramount Iteration,1,226,175.045694,0.763881
[MO833] Paramount Iteration,2,227,175.780642,0.763039
[MO833] Paramount Iteration,0,227,175.785582,0.763201
[MO833] Paramount Iteration,3,227,175.804595,0.763974
[MO833] Paramount Iteration,1,227,175.809618,0.763924
[MO833] Paramount Iteration,2,228,176.543459,0.762817
[MO833] Paramount Iteration,0,228,176.548201,0.762619
[MO833] Paramount Iteration,3,228,176.568041,0.763446
[MO833] Paramount Iteration,1,228,176.573023,0.763405
[MO833] Paramount Iteration,2,229,177.309988,0.766529
[MO833] Paramount Iteration,0,229,177.314738,0.766537
[MO833] Paramount Iteration,3,229,177.332495,0.764454
[MO833] Paramount Iteration,1,229,177.337784,0.764761
[MO833] Paramount Iteration,2,230,178.074154,0.764166
[MO833] Paramount Iteration,0,230,178.079084,0.764346
[MO833] Paramount Iteration,3,230,178.096652,0.764157
[MO833] Paramount Iteration,1,230,178.102155,0.764371
[MO833] Paramount Iteration,2,231,178.837759,0.763605
[MO833] Paramount Iteration,0,231,178.842650,0.763566
[MO833] Paramount Iteration,3,231,178.861523,0.764871
[MO833] Paramount Iteration,1,231,178.866572,0.764417
[MO833] Paramount Iteration,2,232,179.601886,0.764127
[MO833] Paramount Iteration,0,232,179.606660,0.764010
[MO833] Paramount Iteration,3,232,179.625424,0.763901
[MO833] Paramount Iteration,1,232,179.630705,0.764133
[MO833] Paramount Iteration,2,233,180.366020,0.764134
[MO833] Paramount Iteration,0,233,180.370703,0.764043
[MO833] Paramount Iteration,3,233,180.389704,0.764280
[MO833] Paramount Iteration,1,233,180.394871,0.764166
[MO833] Paramount Iteration,0,234,181.135047,0.764344
[MO833] Paramount Iteration,2,234,181.130796,0.764776
[MO833] Paramount Iteration,3,234,181.153800,0.764096
[MO833] Paramount Iteration,1,234,181.159180,0.764309
[MO833] Paramount Iteration,2,235,181.894527,0.763731
[MO833] Paramount Iteration,0,235,181.899437,0.764390
[MO833] Paramount Iteration,3,235,181.918070,0.764270
[MO833] Paramount Iteration,1,235,181.923197,0.764017
[MO833] Paramount Iteration,2,236,182.658633,0.764106
[MO833] Paramount Iteration,0,236,182.663515,0.764078
[MO833] Paramount Iteration,3,236,182.681829,0.763759
[MO833] Paramount Iteration,1,236,182.686710,0.763513
[MO833] Paramount Iteration,2,237,183.422048,0.763415
[MO833] Paramount Iteration,0,237,183.426687,0.763172
[MO833] Paramount Iteration,3,237,183.446056,0.764227
[MO833] Paramount Iteration,1,237,183.451070,0.764360
[MO833] Paramount Iteration,2,238,184.187035,0.764987
[MO833] Paramount Iteration,0,238,184.191965,0.765278
[MO833] Paramount Iteration,3,238,184.209662,0.763606
[MO833] Paramount Iteration,1,238,184.214921,0.763851
[MO833] Paramount Iteration,2,239,184.950996,0.763961
[MO833] Paramount Iteration,0,239,184.955843,0.763878
[MO833] Paramount Iteration,3,239,184.973752,0.764090
[MO833] Paramount Iteration,1,239,184.978748,0.763827
[MO833] Paramount Iteration,2,240,185.714605,0.763609
[MO833] Paramount Iteration,0,240,185.719558,0.763715
 Time step  240
[MO833] Paramount Iteration,3,240,185.737800,0.764048
[MO833] Paramount Iteration,1,240,185.742799,0.764051
[MO833] Paramount Iteration,2,241,186.501588,0.786983
[MO833] Paramount Iteration,0,241,186.506318,0.786760
[MO833] Paramount Iteration,3,241,186.540400,0.802600
[MO833] Paramount Iteration,1,241,186.545586,0.802787
[MO833] Paramount Iteration,2,242,187.281992,0.780404
[MO833] Paramount Iteration,0,242,187.286981,0.780663
[MO833] Paramount Iteration,3,242,187.304987,0.764587
[MO833] Paramount Iteration,1,242,187.309947,0.764361
[MO833] Paramount Iteration,2,243,188.047233,0.765241
[MO833] Paramount Iteration,0,243,188.052150,0.765169
[MO833] Paramount Iteration,3,243,188.070848,0.765861
[MO833] Paramount Iteration,1,243,188.075812,0.765865
[MO833] Paramount Iteration,2,244,188.811636,0.764403
[MO833] Paramount Iteration,0,244,188.816523,0.764373
[MO833] Paramount Iteration,3,244,188.834741,0.763893
[MO833] Paramount Iteration,1,244,188.840005,0.764193
[MO833] Paramount Iteration,2,245,189.576865,0.765229
[MO833] Paramount Iteration,0,245,189.581828,0.765305
[MO833] Paramount Iteration,3,245,189.599375,0.764634
[MO833] Paramount Iteration,1,245,189.604587,0.764582
[MO833] Paramount Iteration,2,246,190.340665,0.763800
[MO833] Paramount Iteration,0,246,190.345653,0.763825
[MO833] Paramount Iteration,3,246,190.363786,0.764411
[MO833] Paramount Iteration,1,246,190.368655,0.764068
[MO833] Paramount Iteration,2,247,191.104766,0.764101
[MO833] Paramount Iteration,0,247,191.109384,0.763731
[MO833] Paramount Iteration,3,247,191.127734,0.763948
[MO833] Paramount Iteration,1,247,191.132821,0.764166
[MO833] Paramount Iteration,2,248,191.868873,0.764107
[MO833] Paramount Iteration,0,248,191.873869,0.764485
[MO833] Paramount Iteration,3,248,191.891924,0.764190
[MO833] Paramount Iteration,1,248,191.897270,0.764449
[MO833] Paramount Iteration,2,249,192.633047,0.764174
[MO833] Paramount Iteration,0,249,192.637977,0.764108
[MO833] Paramount Iteration,3,249,192.656249,0.764325
[MO833] Paramount Iteration,1,249,192.661319,0.764049
[MO833] Paramount Iteration,2,250,193.397440,0.764393
[MO833] Paramount Iteration,0,250,193.402259,0.764282
 Time step  250
[MO833] Paramount Iteration,3,250,193.420536,0.764287
[MO833] Paramount Iteration,1,250,193.425445,0.764126
[MO833] PI avg,2,0.766212,251
[MO833] Beta,2,0.000274
[MO833] PI avg,3,0.766309,251
[MO833] Beta,3,0.000274

 Verification being performed for class C
 Accuracy setting for epsilon =  0.1000000000000E-07
 Comparison of RMS-norms of residual
           1   0.1037669803235E+05 0.1037669803235E+05 0.1928251489695E-14
           2   0.8922124588010E+03 0.8922124588010E+03 0.6371063113958E-14
           3   0.2562388145827E+04 0.2562388145827E+04 0.1064820764864E-13
[MO833] PI avg,1,0.766312,251
[MO833] Beta,1,0.000274
           4   0.2191943438578E+04 0.2191943438578E+04 0.3526872468061E-14
           5   0.1780780572611E+05 0.1780780572611E+05 0.1634329962061E-14
 Comparison of RMS-norms of solution error
           1   0.2159863997169E+03 0.2159863997169E+03 0.5395201217177E-14
           2   0.1557895592399E+02 0.1557895592399E+02 0.1596319796586E-14
           3   0.5413188630772E+02 0.5413188630772E+02 0.3937842097655E-15
           4   0.4822626431540E+02 0.4822626431540E+02 0.6335414544627E-14
           5   0.4559029100432E+03 0.4559029100433E+03 0.3241762352955E-14
 Comparison of surface integral
               0.6664045535722E+02 0.6664045535722E+02 0.6397399885262E-15
 Verification Successful


 LU Benchmark Completed.
 Class           =                        C
 Size            =            162x 162x 162
 Iterations      =                      250
 Time in seconds =                   191.75
 Total processes =                        4
 Active procs    =                        4
 Mop/s total     =                 10633.41
 Mop/s/process   =                  2658.35
 Operation type  =           floating point
 Verification    =               SUCCESSFUL
 Version         =                      3.4
 Compile date    =              16 Jun 2020

 Compile options:
    MPIFC        = mpif90
    FLINK        = $(MPIFC)
    FMPI_LIB     = (none)
    FMPI_INC     = (none)
    FFLAGS       = -O3
    FLINKFLAGS   = $(FFLAGS) -O ../kernel_stats/kernel_stats.o...
    RAND         = (none)


 Please send feedbacks and/or the results of this run to:

 NPB Development Team 
 Internet: npb@nas.nasa.gov


[MO833] PI avg,0,0.766213,251
[MO833] Beta,0,0.000276
[MO833] Total time,194.253634
