--------------------------------------------------------------------------
[[35723,1],0]: A high-performance Open MPI point-to-point messaging module
was unable to find any relevant network interfaces:

Module: OpenFabrics (openib)
  Host: node06

Another transport will be used instead, although this may result in
lower performance.

NOTE: You can disable this warning by setting the MCA parameter
btl_base_warn_component_unused to 0.
--------------------------------------------------------------------------


 NAS Parallel Benchmarks 3.4 -- BT Benchmark

 No input file inputbt.data. Using compiled defaults
 Size:  102x 102x 102  (class B)
 Iterations:  200    dt:   0.0003000
 Total number of processes:     1

 Time step    1
[MO833] Paramount Iteration,0,1,3.678564,1.394365
[MO833] Paramount Iteration,0,2,5.080504,1.401940
[MO833] Paramount Iteration,0,3,6.448318,1.367814
[MO833] Paramount Iteration,0,4,7.783544,1.335226
[MO833] Paramount Iteration,0,5,9.158508,1.374964
[MO833] Paramount Iteration,0,6,10.485085,1.326577
[MO833] Paramount Iteration,0,7,11.852531,1.367446
[MO833] Paramount Iteration,0,8,13.188614,1.336083
[MO833] Paramount Iteration,0,9,14.508285,1.319671
[MO833] Paramount Iteration,0,10,15.865571,1.357286
[MO833] Paramount Iteration,0,11,17.196773,1.331202
[MO833] Paramount Iteration,0,12,18.554179,1.357406
[MO833] Paramount Iteration,0,13,20.160052,1.605873
[MO833] Paramount Iteration,0,14,21.497848,1.337796
[MO833] Paramount Iteration,0,15,22.801217,1.303369
[MO833] Paramount Iteration,0,16,24.129012,1.327795
[MO833] Paramount Iteration,0,17,25.442293,1.313281
[MO833] Paramount Iteration,0,18,26.749404,1.307111
[MO833] Paramount Iteration,0,19,28.106587,1.357183
 Time step   20
[MO833] Paramount Iteration,0,20,29.410271,1.303684
[MO833] Paramount Iteration,0,21,30.738313,1.328042
[MO833] Paramount Iteration,0,22,32.049130,1.310817
[MO833] Paramount Iteration,0,23,33.350592,1.301462
[MO833] Paramount Iteration,0,24,34.652735,1.302143
[MO833] Paramount Iteration,0,25,36.011275,1.358540
[MO833] Paramount Iteration,0,26,37.320467,1.309192
[MO833] Paramount Iteration,0,27,38.623426,1.302959
[MO833] Paramount Iteration,0,28,39.925534,1.302108
[MO833] Paramount Iteration,0,29,41.251280,1.325746
[MO833] Paramount Iteration,0,30,42.564411,1.313131
[MO833] Paramount Iteration,0,31,43.867471,1.303060
[MO833] Paramount Iteration,0,32,45.169578,1.302107
[MO833] Paramount Iteration,0,33,46.471448,1.301870
[MO833] Paramount Iteration,0,34,47.830184,1.358736
[MO833] Paramount Iteration,0,35,49.138530,1.308346
[MO833] Paramount Iteration,0,36,50.441150,1.302620
[MO833] Paramount Iteration,0,37,51.743456,1.302306
[MO833] Paramount Iteration,0,38,53.046294,1.302838
[MO833] Paramount Iteration,0,39,54.371839,1.325545
 Time step   40
[MO833] Paramount Iteration,0,40,55.684709,1.312870
[MO833] Paramount Iteration,0,41,56.987755,1.303046
[MO833] Paramount Iteration,0,42,58.289923,1.302168
[MO833] Paramount Iteration,0,43,59.593581,1.303658
[MO833] Paramount Iteration,0,44,60.895942,1.302361
[MO833] Paramount Iteration,0,45,62.253008,1.357066
[MO833] Paramount Iteration,0,46,63.562441,1.309433
[MO833] Paramount Iteration,0,47,64.866860,1.304419
[MO833] Paramount Iteration,0,48,66.171935,1.305075
[MO833] Paramount Iteration,0,49,67.474746,1.302811
[MO833] Paramount Iteration,0,50,68.777863,1.303117
[MO833] Paramount Iteration,0,51,70.109614,1.331751
[MO833] Paramount Iteration,0,52,71.425028,1.315414
[MO833] Paramount Iteration,0,53,72.744321,1.319293
[MO833] Paramount Iteration,0,54,74.265421,1.521100
[MO833] Paramount Iteration,0,55,75.809661,1.544240
[MO833] Paramount Iteration,0,56,77.173622,1.363961
[MO833] Paramount Iteration,0,57,78.475670,1.302048
[MO833] Paramount Iteration,0,58,79.778119,1.302449
[MO833] Paramount Iteration,0,59,81.135562,1.357443
 Time step   60
[MO833] Paramount Iteration,0,60,82.444462,1.308900
[MO833] Paramount Iteration,0,61,83.748691,1.304229
[MO833] Paramount Iteration,0,62,85.050772,1.302081
[MO833] Paramount Iteration,0,63,86.367055,1.316283
[MO833] Paramount Iteration,0,64,87.690833,1.323778
[MO833] Paramount Iteration,0,65,88.993942,1.303109
[MO833] Paramount Iteration,0,66,90.296337,1.302395
[MO833] Paramount Iteration,0,67,91.624848,1.328511
[MO833] Paramount Iteration,0,68,92.939343,1.314495
[MO833] Paramount Iteration,0,69,94.240619,1.301276
[MO833] Paramount Iteration,0,70,95.544602,1.303983
[MO833] Paramount Iteration,0,71,96.846763,1.302161
[MO833] Paramount Iteration,0,72,98.149508,1.302745
[MO833] Paramount Iteration,0,73,99.451956,1.302448
[MO833] Paramount Iteration,0,74,100.754153,1.302197
[MO833] Paramount Iteration,0,75,102.057026,1.302873
[MO833] Paramount Iteration,0,76,103.359407,1.302381
[MO833] Paramount Iteration,0,77,104.662826,1.303419
[MO833] Paramount Iteration,0,78,106.020207,1.357381
[MO833] Paramount Iteration,0,79,107.330563,1.310356
 Time step   80
[MO833] Paramount Iteration,0,80,108.632924,1.302361
[MO833] Paramount Iteration,0,81,109.934771,1.301847
[MO833] Paramount Iteration,0,82,111.237272,1.302501
[MO833] Paramount Iteration,0,83,112.539494,1.302222
[MO833] Paramount Iteration,0,84,113.842658,1.303164
[MO833] Paramount Iteration,0,85,115.144902,1.302244
[MO833] Paramount Iteration,0,86,116.448988,1.304086
[MO833] Paramount Iteration,0,87,117.751113,1.302125
[MO833] Paramount Iteration,0,88,119.053544,1.302431
[MO833] Paramount Iteration,0,89,120.386982,1.333438
[MO833] Paramount Iteration,0,90,121.866827,1.479845
[MO833] Paramount Iteration,0,91,123.410828,1.544001
[MO833] Paramount Iteration,0,92,124.836135,1.425307
[MO833] Paramount Iteration,0,93,126.138699,1.302564
[MO833] Paramount Iteration,0,94,127.440666,1.301967
[MO833] Paramount Iteration,0,95,128.744449,1.303783
[MO833] Paramount Iteration,0,96,130.046056,1.301607
[MO833] Paramount Iteration,0,97,131.349620,1.303564
[MO833] Paramount Iteration,0,98,132.651698,1.302078
[MO833] Paramount Iteration,0,99,133.953786,1.302088
 Time step  100
[MO833] Paramount Iteration,0,100,135.256568,1.302782
[MO833] Paramount Iteration,0,101,136.558593,1.302025
[MO833] Paramount Iteration,0,102,137.915078,1.356485
[MO833] Paramount Iteration,0,103,139.226772,1.311694
[MO833] Paramount Iteration,0,104,140.537784,1.311012
[MO833] Paramount Iteration,0,105,141.839688,1.301904
[MO833] Paramount Iteration,0,106,143.141804,1.302116
[MO833] Paramount Iteration,0,107,144.444966,1.303162
[MO833] Paramount Iteration,0,108,145.746626,1.301660
[MO833] Paramount Iteration,0,109,147.063093,1.316467
[MO833] Paramount Iteration,0,110,148.394708,1.331615
[MO833] Paramount Iteration,0,111,149.712031,1.317323
[MO833] Paramount Iteration,0,112,151.014016,1.301985
[MO833] Paramount Iteration,0,113,152.319447,1.305431
[MO833] Paramount Iteration,0,114,153.659685,1.340238
[MO833] Paramount Iteration,0,115,154.988536,1.328851
[MO833] Paramount Iteration,0,116,156.321607,1.333071
[MO833] Paramount Iteration,0,117,157.646729,1.325122
[MO833] Paramount Iteration,0,118,158.950100,1.303371
[MO833] Paramount Iteration,0,119,160.252468,1.302368
 Time step  120
[MO833] Paramount Iteration,0,120,161.563357,1.310889
[MO833] Paramount Iteration,0,121,162.903943,1.340586
[MO833] Paramount Iteration,0,122,164.244164,1.340221
[MO833] Paramount Iteration,0,123,165.585071,1.340907
[MO833] Paramount Iteration,0,124,166.911068,1.325997
[MO833] Paramount Iteration,0,125,168.214887,1.303819
[MO833] Paramount Iteration,0,126,169.516847,1.301960
[MO833] Paramount Iteration,0,127,170.820127,1.303280
[MO833] Paramount Iteration,0,128,172.122017,1.301890
[MO833] Paramount Iteration,0,129,173.425163,1.303146
[MO833] Paramount Iteration,0,130,174.727806,1.302643
[MO833] Paramount Iteration,0,131,176.030091,1.302285
[MO833] Paramount Iteration,0,132,177.338126,1.308035
[MO833] Paramount Iteration,0,133,178.640012,1.301886
[MO833] Paramount Iteration,0,134,180.000468,1.360456
[MO833] Paramount Iteration,0,135,181.311706,1.311238
[MO833] Paramount Iteration,0,136,182.614855,1.303149
[MO833] Paramount Iteration,0,137,183.917238,1.302383
[MO833] Paramount Iteration,0,138,185.219711,1.302473
[MO833] Paramount Iteration,0,139,186.522601,1.302890
 Time step  140
[MO833] Paramount Iteration,0,140,187.824530,1.301929
[MO833] Paramount Iteration,0,141,189.128483,1.303953
[MO833] Paramount Iteration,0,142,190.429892,1.301409
[MO833] Paramount Iteration,0,143,191.733752,1.303860
[MO833] Paramount Iteration,0,144,193.035993,1.302241
[MO833] Paramount Iteration,0,145,194.337380,1.301387
[MO833] Paramount Iteration,0,146,195.640574,1.303194
[MO833] Paramount Iteration,0,147,196.942721,1.302147
[MO833] Paramount Iteration,0,148,198.246738,1.304017
[MO833] Paramount Iteration,0,149,199.548950,1.302212
[MO833] Paramount Iteration,0,150,200.852127,1.303177
[MO833] Paramount Iteration,0,151,202.154502,1.302375
[MO833] Paramount Iteration,0,152,203.507130,1.352628
[MO833] Paramount Iteration,0,153,204.844091,1.336961
[MO833] Paramount Iteration,0,154,206.149725,1.305634
[MO833] Paramount Iteration,0,155,207.456844,1.307119
[MO833] Paramount Iteration,0,156,208.760003,1.303159
[MO833] Paramount Iteration,0,157,210.063676,1.303673
[MO833] Paramount Iteration,0,158,211.366126,1.302450
[MO833] Paramount Iteration,0,159,212.669173,1.303047
 Time step  160
[MO833] Paramount Iteration,0,160,213.971438,1.302265
[MO833] Paramount Iteration,0,161,215.273930,1.302492
[MO833] Paramount Iteration,0,162,216.576990,1.303060
[MO833] Paramount Iteration,0,163,217.878840,1.301850
[MO833] Paramount Iteration,0,164,219.182822,1.303982
[MO833] Paramount Iteration,0,165,220.485057,1.302235
[MO833] Paramount Iteration,0,166,221.825196,1.340139
[MO833] Paramount Iteration,0,167,223.369854,1.544658
[MO833] Paramount Iteration,0,168,224.885859,1.516005
[MO833] Paramount Iteration,0,169,226.187679,1.301820
[MO833] Paramount Iteration,0,170,227.489935,1.302256
[MO833] Paramount Iteration,0,171,228.812337,1.322402
[MO833] Paramount Iteration,0,172,230.344837,1.532500
[MO833] Paramount Iteration,0,173,231.889653,1.544816
[MO833] Paramount Iteration,0,174,233.244459,1.354806
[MO833] Paramount Iteration,0,175,234.603038,1.358579
[MO833] Paramount Iteration,0,176,235.911240,1.308202
[MO833] Paramount Iteration,0,177,237.214827,1.303587
[MO833] Paramount Iteration,0,178,238.517244,1.302417
[MO833] Paramount Iteration,0,179,239.836393,1.319149
 Time step  180
[MO833] Paramount Iteration,0,180,241.176867,1.340474
[MO833] Paramount Iteration,0,181,242.516914,1.340047
[MO833] Paramount Iteration,0,182,243.841104,1.324190
[MO833] Paramount Iteration,0,183,245.143755,1.302651
[MO833] Paramount Iteration,0,184,246.447570,1.303815
[MO833] Paramount Iteration,0,185,247.744024,1.296454
[MO833] Paramount Iteration,0,186,249.049039,1.305015
[MO833] Paramount Iteration,0,187,250.351497,1.302458
[MO833] Paramount Iteration,0,188,251.654201,1.302704
[MO833] Paramount Iteration,0,189,252.957600,1.303399
[MO833] Paramount Iteration,0,190,254.259495,1.301895
[MO833] Paramount Iteration,0,191,255.563545,1.304050
[MO833] Paramount Iteration,0,192,256.865668,1.302123
[MO833] Paramount Iteration,0,193,258.169715,1.304047
[MO833] Paramount Iteration,0,194,259.472211,1.302496
[MO833] Paramount Iteration,0,195,260.775007,1.302796
[MO833] Paramount Iteration,0,196,262.077340,1.302333
[MO833] Paramount Iteration,0,197,263.379945,1.302605
[MO833] Paramount Iteration,0,198,264.717532,1.337587
[MO833] Paramount Iteration,0,199,266.029162,1.311630
 Time step  200
 Verification being performed for class B
 accuracy setting for epsilon =  0.1000000000000E-07
 Comparison of RMS-norms of residual
           1 0.1423359722929E+04 0.1423359722929E+04 0.7507984505732E-14
           2 0.9933052259015E+02 0.9933052259015E+02 0.3147459568137E-14
           3 0.3564602564454E+03 0.3564602564454E+03 0.4783990739472E-14
           4 0.3248544795908E+03 0.3248544795908E+03 0.2309751522921E-13
           5 0.3270754125466E+04 0.3270754125466E+04 0.8481098651866E-14
 Comparison of RMS-norms of solution error
           1 0.5296984714094E+02 0.5296984714094E+02 0.2682819657265E-15
           2 0.4463289611567E+01 0.4463289611567E+01 0.1989963674771E-15
           3 0.1312257334221E+02 0.1312257334221E+02 0.4060995034457E-15
           4 0.1200692532356E+02 0.1200692532356E+02 0.2958887128106E-15
           5 0.1245957615104E+03 0.1245957615104E+03 0.2281113665977E-15
 Verification Successful


 BT Benchmark Completed.
 Class           =                        B
 Size            =            102x 102x 102
 Iterations      =                      200
 Time in seconds =                   265.05
 Total processes =                        1
 Active procs    =                        1
 Mop/s total     =                  2649.25
 Mop/s/process   =                  2649.25
 Operation type  =           floating point
 Verification    =               SUCCESSFUL
 Version         =                      3.4
 Compile date    =              16 Jun 2020

 Compile options:
    MPIFC        = mpif90
    FLINK        = $(MPIFC)
    FMPI_LIB     = (none)
    FMPI_INC     = (none)
    FFLAGS       = -O3
    FLINKFLAGS   = $(FFLAGS) -O ../kernel_stats/kernel_stats.o...
    RAND         = (none)


 Please send feedbacks and/or the results of this run to:

 NPB Development Team 
 Internet: npb@nas.nasa.gov


[MO833] PI avg,0,1.318725,200
[MO833] Beta,0,0.000648
[MO833] Total time,267.503828
