--------------------------------------------------------------------------
[[51886,1],0]: A high-performance Open MPI point-to-point messaging module
was unable to find any relevant network interfaces:

Module: OpenFabrics (openib)
  Host: node06

Another transport will be used instead, although this may result in
lower performance.

NOTE: You can disable this warning by setting the MCA parameter
btl_base_warn_component_unused to 0.
--------------------------------------------------------------------------


 NAS Parallel Benchmarks 3.4 -- BT Benchmark

 No input file inputbt.data. Using compiled defaults
 Size:  102x 102x 102  (class B)
 Iterations:  200    dt:   0.0003000
 Total number of processes:     4

 Time step    1
[MO833] Paramount Iteration,1,1,1.257372,0.455036
[MO833] Paramount Iteration,3,1,1.253353,0.455553
[MO833] Paramount Iteration,0,1,1.263923,0.459013
[MO833] Paramount Iteration,2,1,1.259693,0.459443
[MO833] Paramount Iteration,2,2,1.692749,0.433056
[MO833] Paramount Iteration,0,2,1.697643,0.433720
[MO833] Paramount Iteration,1,2,1.696700,0.439328
[MO833] Paramount Iteration,3,2,1.692392,0.439039
[MO833] Paramount Iteration,2,3,2.119364,0.426615
[MO833] Paramount Iteration,0,3,2.124103,0.426460
[MO833] Paramount Iteration,1,3,2.123247,0.426547
[MO833] Paramount Iteration,3,3,2.118891,0.426499
[MO833] Paramount Iteration,2,4,2.542030,0.422666
[MO833] Paramount Iteration,0,4,2.546820,0.422717
[MO833] Paramount Iteration,1,4,2.545811,0.422564
[MO833] Paramount Iteration,3,4,2.541526,0.422635
[MO833] Paramount Iteration,2,5,2.964989,0.422959
[MO833] Paramount Iteration,0,5,2.969802,0.422982
[MO833] Paramount Iteration,1,5,2.968805,0.422994
[MO833] Paramount Iteration,3,5,2.964515,0.422989
[MO833] Paramount Iteration,1,6,3.394537,0.425732
[MO833] Paramount Iteration,3,6,3.391074,0.426559
[MO833] Paramount Iteration,2,6,3.400222,0.435233
[MO833] Paramount Iteration,0,6,3.405473,0.435671
[MO833] Paramount Iteration,2,7,3.820900,0.420678
[MO833] Paramount Iteration,0,7,3.825801,0.420328
[MO833] Paramount Iteration,1,7,3.824746,0.430209
[MO833] Paramount Iteration,3,7,3.820462,0.429388
[MO833] Paramount Iteration,2,8,4.266042,0.445142
[MO833] Paramount Iteration,0,8,4.271356,0.445555
[MO833] Paramount Iteration,1,8,4.270829,0.446083
[MO833] Paramount Iteration,3,8,4.266950,0.446488
[MO833] Paramount Iteration,2,9,4.694458,0.428416
[MO833] Paramount Iteration,0,9,4.699350,0.427994
[MO833] Paramount Iteration,1,9,4.698285,0.427456
[MO833] Paramount Iteration,3,9,4.694019,0.427069
[MO833] Paramount Iteration,2,10,5.117211,0.422753
[MO833] Paramount Iteration,0,10,5.121985,0.422635
[MO833] Paramount Iteration,1,10,5.121009,0.422724
[MO833] Paramount Iteration,3,10,5.116656,0.422637
[MO833] Paramount Iteration,2,11,5.539715,0.422504
[MO833] Paramount Iteration,0,11,5.544623,0.422638
[MO833] Paramount Iteration,1,11,5.543616,0.422607
[MO833] Paramount Iteration,3,11,5.539310,0.422654
[MO833] Paramount Iteration,2,12,5.962878,0.423163
[MO833] Paramount Iteration,0,12,5.967720,0.423097
[MO833] Paramount Iteration,1,12,5.966618,0.423002
[MO833] Paramount Iteration,3,12,5.962354,0.423044
[MO833] Paramount Iteration,2,13,6.405363,0.442485
[MO833] Paramount Iteration,0,13,6.410221,0.442501
[MO833] Paramount Iteration,1,13,6.409086,0.442468
[MO833] Paramount Iteration,3,13,6.404812,0.442458
[MO833] Paramount Iteration,2,14,6.827355,0.421992
[MO833] Paramount Iteration,0,14,6.832316,0.422095
[MO833] Paramount Iteration,1,14,6.831283,0.422197
[MO833] Paramount Iteration,3,14,6.827022,0.422210
[MO833] Paramount Iteration,2,15,7.250622,0.423267
[MO833] Paramount Iteration,0,15,7.255452,0.423136
[MO833] Paramount Iteration,1,15,7.254463,0.423180
[MO833] Paramount Iteration,3,15,7.250156,0.423134
[MO833] Paramount Iteration,2,16,7.673293,0.422671
[MO833] Paramount Iteration,0,16,7.678130,0.422678
[MO833] Paramount Iteration,1,16,7.677116,0.422653
[MO833] Paramount Iteration,3,16,7.672842,0.422686
[MO833] Paramount Iteration,2,17,8.096018,0.422725
[MO833] Paramount Iteration,0,17,8.100846,0.422716
[MO833] Paramount Iteration,1,17,8.099868,0.422752
[MO833] Paramount Iteration,3,17,8.095565,0.422723
[MO833] Paramount Iteration,2,18,8.518614,0.422596
[MO833] Paramount Iteration,0,18,8.523292,0.422446
[MO833] Paramount Iteration,1,18,8.522398,0.422530
[MO833] Paramount Iteration,3,18,8.517986,0.422421
[MO833] Paramount Iteration,2,19,8.941706,0.423092
[MO833] Paramount Iteration,0,19,8.946520,0.423228
 Time step   20
[MO833] Paramount Iteration,1,19,8.945373,0.422975
[MO833] Paramount Iteration,3,19,8.941108,0.423122
[MO833] Paramount Iteration,2,20,9.365050,0.423344
[MO833] Paramount Iteration,0,20,9.369902,0.423382
[MO833] Paramount Iteration,1,20,9.368729,0.423356
[MO833] Paramount Iteration,3,20,9.364443,0.423335
[MO833] Paramount Iteration,2,21,9.789475,0.424425
[MO833] Paramount Iteration,0,21,9.794329,0.424427
[MO833] Paramount Iteration,1,21,9.793163,0.424434
[MO833] Paramount Iteration,3,21,9.788890,0.424447
[MO833] Paramount Iteration,2,22,10.225594,0.436119
[MO833] Paramount Iteration,0,22,10.231065,0.436736
[MO833] Paramount Iteration,1,22,10.237562,0.444399
[MO833] Paramount Iteration,3,22,10.233796,0.444906
[MO833] Paramount Iteration,2,23,10.661314,0.435720
[MO833] Paramount Iteration,0,23,10.666268,0.435203
[MO833] Paramount Iteration,1,23,10.665144,0.427582
[MO833] Paramount Iteration,3,23,10.660888,0.427092
[MO833] Paramount Iteration,2,24,11.083659,0.422345
[MO833] Paramount Iteration,0,24,11.088740,0.422472
[MO833] Paramount Iteration,1,24,11.087673,0.422529
[MO833] Paramount Iteration,3,24,11.083385,0.422497
[MO833] Paramount Iteration,2,25,11.506660,0.423001
[MO833] Paramount Iteration,0,25,11.511560,0.422820
[MO833] Paramount Iteration,1,25,11.510528,0.422855
[MO833] Paramount Iteration,3,25,11.506238,0.422853
[MO833] Paramount Iteration,0,26,11.934599,0.423039
[MO833] Paramount Iteration,2,26,11.929930,0.423270
[MO833] Paramount Iteration,1,26,11.933561,0.423033
[MO833] Paramount Iteration,3,26,11.929225,0.422987
[MO833] Paramount Iteration,2,27,12.353146,0.423216
[MO833] Paramount Iteration,0,27,12.358024,0.423425
[MO833] Paramount Iteration,1,27,12.356870,0.423309
[MO833] Paramount Iteration,3,27,12.352604,0.423379
[MO833] Paramount Iteration,2,28,12.776682,0.423536
[MO833] Paramount Iteration,0,28,12.781669,0.423645
[MO833] Paramount Iteration,1,28,12.780454,0.423584
[MO833] Paramount Iteration,3,28,12.776252,0.423648
[MO833] Paramount Iteration,2,29,13.199073,0.422391
[MO833] Paramount Iteration,0,29,13.203851,0.422182
[MO833] Paramount Iteration,1,29,13.202928,0.422474
[MO833] Paramount Iteration,3,29,13.198614,0.422362
[MO833] Paramount Iteration,2,30,13.620479,0.421406
[MO833] Paramount Iteration,0,30,13.625387,0.421536
[MO833] Paramount Iteration,1,30,13.624389,0.421461
[MO833] Paramount Iteration,3,30,13.620104,0.421490
[MO833] Paramount Iteration,0,31,14.048101,0.422714
[MO833] Paramount Iteration,2,31,14.043314,0.422835
[MO833] Paramount Iteration,1,31,14.047220,0.422831
[MO833] Paramount Iteration,3,31,14.042854,0.422750
[MO833] Paramount Iteration,2,32,14.466026,0.422712
[MO833] Paramount Iteration,0,32,14.470813,0.422712
[MO833] Paramount Iteration,1,32,14.469802,0.422582
[MO833] Paramount Iteration,3,32,14.465479,0.422625
[MO833] Paramount Iteration,2,33,14.888871,0.422845
[MO833] Paramount Iteration,0,33,14.893775,0.422962
[MO833] Paramount Iteration,1,33,14.892772,0.422970
[MO833] Paramount Iteration,3,33,14.888442,0.422963
[MO833] Paramount Iteration,2,34,15.311822,0.422951
[MO833] Paramount Iteration,0,34,15.316608,0.422833
[MO833] Paramount Iteration,1,34,15.315676,0.422904
[MO833] Paramount Iteration,3,34,15.311348,0.422906
[MO833] Paramount Iteration,2,35,15.734300,0.422478
[MO833] Paramount Iteration,0,35,15.739233,0.422625
[MO833] Paramount Iteration,1,35,15.738153,0.422477
[MO833] Paramount Iteration,3,35,15.733951,0.422603
[MO833] Paramount Iteration,2,36,16.157018,0.422718
[MO833] Paramount Iteration,0,36,16.162022,0.422789
[MO833] Paramount Iteration,1,36,16.160885,0.422732
[MO833] Paramount Iteration,3,36,16.156679,0.422728
[MO833] Paramount Iteration,2,37,16.579659,0.422641
[MO833] Paramount Iteration,0,37,16.584530,0.422508
[MO833] Paramount Iteration,1,37,16.583528,0.422643
[MO833] Paramount Iteration,3,37,16.579244,0.422565
[MO833] Paramount Iteration,2,38,17.002213,0.422554
[MO833] Paramount Iteration,0,38,17.007094,0.422564
[MO833] Paramount Iteration,1,38,17.006060,0.422532
[MO833] Paramount Iteration,3,38,17.001791,0.422547
[MO833] Paramount Iteration,2,39,17.424811,0.422598
[MO833] Paramount Iteration,0,39,17.429671,0.422577
 Time step   40
[MO833] Paramount Iteration,1,39,17.428662,0.422602
[MO833] Paramount Iteration,3,39,17.424389,0.422598
[MO833] Paramount Iteration,2,40,17.853668,0.428857
[MO833] Paramount Iteration,0,40,17.858348,0.428677
[MO833] Paramount Iteration,1,40,17.857408,0.428746
[MO833] Paramount Iteration,3,40,17.853066,0.428677
[MO833] Paramount Iteration,2,41,18.275127,0.421459
[MO833] Paramount Iteration,0,41,18.280064,0.421716
[MO833] Paramount Iteration,1,41,18.279049,0.421641
[MO833] Paramount Iteration,3,41,18.274778,0.421712
[MO833] Paramount Iteration,2,42,18.697902,0.422775
[MO833] Paramount Iteration,0,42,18.702723,0.422659
[MO833] Paramount Iteration,1,42,18.701711,0.422662
[MO833] Paramount Iteration,3,42,18.697456,0.422678
[MO833] Paramount Iteration,2,43,19.120643,0.422741
[MO833] Paramount Iteration,0,43,19.125588,0.422865
[MO833] Paramount Iteration,1,43,19.124561,0.422850
[MO833] Paramount Iteration,3,43,19.120273,0.422817
[MO833] Paramount Iteration,2,44,19.543545,0.422902
[MO833] Paramount Iteration,0,44,19.548412,0.422824
[MO833] Paramount Iteration,1,44,19.547514,0.422953
[MO833] Paramount Iteration,3,44,19.543187,0.422914
[MO833] Paramount Iteration,2,45,19.966288,0.422743
[MO833] Paramount Iteration,0,45,19.971144,0.422732
[MO833] Paramount Iteration,1,45,19.970108,0.422594
[MO833] Paramount Iteration,3,45,19.965797,0.422610
[MO833] Paramount Iteration,2,46,20.388752,0.422464
[MO833] Paramount Iteration,0,46,20.393849,0.422705
[MO833] Paramount Iteration,1,46,20.392758,0.422650
[MO833] Paramount Iteration,3,46,20.388504,0.422707
[MO833] Paramount Iteration,2,47,20.811578,0.422826
[MO833] Paramount Iteration,0,47,20.816414,0.422565
[MO833] Paramount Iteration,1,47,20.815440,0.422682
[MO833] Paramount Iteration,3,47,20.811137,0.422633
[MO833] Paramount Iteration,2,48,21.234609,0.423031
[MO833] Paramount Iteration,0,48,21.239433,0.423019
[MO833] Paramount Iteration,1,48,21.238450,0.423010
[MO833] Paramount Iteration,3,48,21.234117,0.422980
[MO833] Paramount Iteration,2,49,21.657522,0.422913
[MO833] Paramount Iteration,0,49,21.662208,0.422775
[MO833] Paramount Iteration,1,49,21.661290,0.422840
[MO833] Paramount Iteration,3,49,21.656947,0.422830
[MO833] Paramount Iteration,2,50,22.080091,0.422569
[MO833] Paramount Iteration,0,50,22.084989,0.422781
[MO833] Paramount Iteration,1,50,22.083979,0.422689
[MO833] Paramount Iteration,3,50,22.079687,0.422740
[MO833] Paramount Iteration,2,51,22.526331,0.446240
[MO833] Paramount Iteration,0,51,22.531169,0.446180
[MO833] Paramount Iteration,1,51,22.530162,0.446183
[MO833] Paramount Iteration,3,51,22.525884,0.446197
[MO833] Paramount Iteration,2,52,22.953164,0.426833
[MO833] Paramount Iteration,0,52,22.957910,0.426741
[MO833] Paramount Iteration,1,52,22.956937,0.426775
[MO833] Paramount Iteration,3,52,22.952634,0.426750
[MO833] Paramount Iteration,2,53,23.382886,0.429722
[MO833] Paramount Iteration,0,53,23.387733,0.429823
[MO833] Paramount Iteration,1,53,23.386758,0.429821
[MO833] Paramount Iteration,3,53,23.382478,0.429844
[MO833] Paramount Iteration,2,54,23.804494,0.421608
[MO833] Paramount Iteration,0,54,23.809429,0.421696
[MO833] Paramount Iteration,1,54,23.808413,0.421655
[MO833] Paramount Iteration,3,54,23.804103,0.421625
[MO833] Paramount Iteration,2,55,24.228406,0.423912
[MO833] Paramount Iteration,0,55,24.233214,0.423785
[MO833] Paramount Iteration,1,55,24.232169,0.423756
[MO833] Paramount Iteration,3,55,24.227861,0.423758
[MO833] Paramount Iteration,2,56,24.651842,0.423436
[MO833] Paramount Iteration,0,56,24.656546,0.423332
[MO833] Paramount Iteration,1,56,24.655575,0.423406
[MO833] Paramount Iteration,3,56,24.651234,0.423373
[MO833] Paramount Iteration,2,57,25.074764,0.422922
[MO833] Paramount Iteration,0,57,25.079627,0.423081
[MO833] Paramount Iteration,1,57,25.078618,0.423043
[MO833] Paramount Iteration,3,57,25.074341,0.423107
[MO833] Paramount Iteration,2,58,25.497374,0.422610
[MO833] Paramount Iteration,0,58,25.502172,0.422545
[MO833] Paramount Iteration,1,58,25.501151,0.422533
[MO833] Paramount Iteration,3,58,25.496854,0.422513
[MO833] Paramount Iteration,2,59,25.920019,0.422645
[MO833] Paramount Iteration,0,59,25.924837,0.422665
 Time step   60
[MO833] Paramount Iteration,1,59,25.923882,0.422731
[MO833] Paramount Iteration,3,59,25.919564,0.422710
[MO833] Paramount Iteration,2,60,26.342592,0.422573
[MO833] Paramount Iteration,0,60,26.347444,0.422607
[MO833] Paramount Iteration,1,60,26.346451,0.422569
[MO833] Paramount Iteration,3,60,26.342156,0.422592
[MO833] Paramount Iteration,2,61,26.765648,0.423056
[MO833] Paramount Iteration,0,61,26.770485,0.423041
[MO833] Paramount Iteration,1,61,26.769465,0.423014
[MO833] Paramount Iteration,3,61,26.765183,0.423027
[MO833] Paramount Iteration,2,62,27.188533,0.422885
[MO833] Paramount Iteration,0,62,27.193548,0.423063
[MO833] Paramount Iteration,1,62,27.192455,0.422990
[MO833] Paramount Iteration,3,62,27.188191,0.423008
[MO833] Paramount Iteration,2,63,27.611422,0.422889
[MO833] Paramount Iteration,0,63,27.616268,0.422720
[MO833] Paramount Iteration,1,63,27.615312,0.422857
[MO833] Paramount Iteration,3,63,27.610986,0.422795
[MO833] Paramount Iteration,2,64,28.034181,0.422759
[MO833] Paramount Iteration,0,64,28.039091,0.422823
[MO833] Paramount Iteration,1,64,28.038036,0.422724
[MO833] Paramount Iteration,3,64,28.033768,0.422782
[MO833] Paramount Iteration,2,65,28.457184,0.423003
[MO833] Paramount Iteration,0,65,28.462035,0.422944
[MO833] Paramount Iteration,1,65,28.461015,0.422979
[MO833] Paramount Iteration,3,65,28.456739,0.422971
[MO833] Paramount Iteration,2,66,28.879844,0.422660
[MO833] Paramount Iteration,0,66,28.884660,0.422625
[MO833] Paramount Iteration,1,66,28.883705,0.422690
[MO833] Paramount Iteration,3,66,28.879390,0.422651
[MO833] Paramount Iteration,2,67,29.302321,0.422477
[MO833] Paramount Iteration,0,67,29.307175,0.422515
[MO833] Paramount Iteration,1,67,29.306166,0.422461
[MO833] Paramount Iteration,3,67,29.301875,0.422485
[MO833] Paramount Iteration,1,68,29.730246,0.424080
[MO833] Paramount Iteration,3,68,29.726511,0.424636
[MO833] Paramount Iteration,2,68,29.735706,0.433385
[MO833] Paramount Iteration,0,68,29.740804,0.433629
[MO833] Paramount Iteration,2,69,30.156647,0.420941
[MO833] Paramount Iteration,0,69,30.161818,0.421014
[MO833] Paramount Iteration,1,69,30.160652,0.430406
[MO833] Paramount Iteration,3,69,30.156356,0.429845
[MO833] Paramount Iteration,2,70,30.579313,0.422666
[MO833] Paramount Iteration,0,70,30.584157,0.422339
[MO833] Paramount Iteration,1,70,30.583244,0.422592
[MO833] Paramount Iteration,3,70,30.578881,0.422525
[MO833] Paramount Iteration,2,71,31.002102,0.422789
[MO833] Paramount Iteration,0,71,31.006958,0.422801
[MO833] Paramount Iteration,1,71,31.005892,0.422648
[MO833] Paramount Iteration,3,71,31.001648,0.422767
[MO833] Paramount Iteration,2,72,31.425321,0.423219
[MO833] Paramount Iteration,0,72,31.430104,0.423146
[MO833] Paramount Iteration,1,72,31.429094,0.423202
[MO833] Paramount Iteration,3,72,31.424775,0.423127
[MO833] Paramount Iteration,2,73,31.847769,0.422448
[MO833] Paramount Iteration,0,73,31.852709,0.422605
[MO833] Paramount Iteration,1,73,31.851652,0.422558
[MO833] Paramount Iteration,3,73,31.847385,0.422610
[MO833] Paramount Iteration,2,74,32.270356,0.422587
[MO833] Paramount Iteration,0,74,32.275098,0.422389
[MO833] Paramount Iteration,1,74,32.274183,0.422531
[MO833] Paramount Iteration,3,74,32.269841,0.422456
[MO833] Paramount Iteration,2,75,32.692749,0.422393
[MO833] Paramount Iteration,0,75,32.697763,0.422665
[MO833] Paramount Iteration,1,75,32.696621,0.422438
[MO833] Paramount Iteration,3,75,32.692420,0.422579
[MO833] Paramount Iteration,2,76,33.115853,0.423104
[MO833] Paramount Iteration,0,76,33.120714,0.422951
[MO833] Paramount Iteration,1,76,33.119713,0.423092
[MO833] Paramount Iteration,3,76,33.115428,0.423008
[MO833] Paramount Iteration,2,77,33.538600,0.422747
[MO833] Paramount Iteration,0,77,33.543456,0.422742
[MO833] Paramount Iteration,1,77,33.542451,0.422738
[MO833] Paramount Iteration,3,77,33.538169,0.422741
[MO833] Paramount Iteration,2,78,33.961320,0.422720
[MO833] Paramount Iteration,0,78,33.966085,0.422629
[MO833] Paramount Iteration,1,78,33.965113,0.422662
[MO833] Paramount Iteration,3,78,33.960760,0.422591
[MO833] Paramount Iteration,2,79,34.384009,0.422689
[MO833] Paramount Iteration,0,79,34.388934,0.422849
 Time step   80
[MO833] Paramount Iteration,1,79,34.387934,0.422821
[MO833] Paramount Iteration,3,79,34.383649,0.422889
[MO833] Paramount Iteration,2,80,34.806735,0.422726
[MO833] Paramount Iteration,0,80,34.811654,0.422720
[MO833] Paramount Iteration,1,80,34.810604,0.422670
[MO833] Paramount Iteration,3,80,34.806320,0.422671
[MO833] Paramount Iteration,2,81,35.229632,0.422897
[MO833] Paramount Iteration,0,81,35.234439,0.422785
[MO833] Paramount Iteration,1,81,35.233409,0.422805
[MO833] Paramount Iteration,3,81,35.229128,0.422808
[MO833] Paramount Iteration,2,82,35.652071,0.422439
[MO833] Paramount Iteration,0,82,35.657007,0.422568
[MO833] Paramount Iteration,1,82,35.656011,0.422602
[MO833] Paramount Iteration,3,82,35.651716,0.422588
[MO833] Paramount Iteration,2,83,36.074959,0.422888
[MO833] Paramount Iteration,0,83,36.079780,0.422773
[MO833] Paramount Iteration,1,83,36.078848,0.422837
[MO833] Paramount Iteration,3,83,36.074502,0.422786
[MO833] Paramount Iteration,2,84,36.497927,0.422968
[MO833] Paramount Iteration,0,84,36.502712,0.422932
[MO833] Paramount Iteration,1,84,36.501711,0.422863
[MO833] Paramount Iteration,3,84,36.497395,0.422893
[MO833] Paramount Iteration,2,85,36.920443,0.422516
[MO833] Paramount Iteration,0,85,36.925369,0.422657
[MO833] Paramount Iteration,1,85,36.924344,0.422633
[MO833] Paramount Iteration,3,85,36.920081,0.422686
[MO833] Paramount Iteration,2,86,37.342999,0.422556
[MO833] Paramount Iteration,0,86,37.347968,0.422599
[MO833] Paramount Iteration,1,86,37.346905,0.422561
[MO833] Paramount Iteration,3,86,37.342675,0.422594
[MO833] Paramount Iteration,2,87,37.765545,0.422546
[MO833] Paramount Iteration,0,87,37.770270,0.422302
[MO833] Paramount Iteration,1,87,37.769293,0.422388
[MO833] Paramount Iteration,3,87,37.764966,0.422291
[MO833] Paramount Iteration,2,88,38.187028,0.421483
[MO833] Paramount Iteration,0,88,38.191894,0.421624
[MO833] Paramount Iteration,1,88,38.190955,0.421662
[MO833] Paramount Iteration,3,88,38.186599,0.421633
[MO833] Paramount Iteration,2,89,38.609753,0.422725
[MO833] Paramount Iteration,0,89,38.614617,0.422723
[MO833] Paramount Iteration,1,89,38.613564,0.422609
[MO833] Paramount Iteration,3,89,38.609291,0.422692
[MO833] Paramount Iteration,2,90,39.032521,0.422768
[MO833] Paramount Iteration,0,90,39.037485,0.422868
[MO833] Paramount Iteration,1,90,39.036427,0.422863
[MO833] Paramount Iteration,3,90,39.032142,0.422851
[MO833] Paramount Iteration,2,91,39.455586,0.423065
[MO833] Paramount Iteration,0,91,39.460788,0.423303
[MO833] Paramount Iteration,1,91,39.459568,0.423141
[MO833] Paramount Iteration,3,91,39.455467,0.423325
[MO833] Paramount Iteration,2,92,39.878385,0.422799
[MO833] Paramount Iteration,0,92,39.883230,0.422442
[MO833] Paramount Iteration,1,92,39.882198,0.422630
[MO833] Paramount Iteration,3,92,39.877901,0.422434
[MO833] Paramount Iteration,2,93,40.301075,0.422690
[MO833] Paramount Iteration,0,93,40.305925,0.422695
[MO833] Paramount Iteration,1,93,40.304905,0.422707
[MO833] Paramount Iteration,3,93,40.300576,0.422675
[MO833] Paramount Iteration,2,94,40.723658,0.422583
[MO833] Paramount Iteration,0,94,40.728470,0.422545
[MO833] Paramount Iteration,1,94,40.727547,0.422642
[MO833] Paramount Iteration,3,94,40.723198,0.422622
[MO833] Paramount Iteration,2,95,41.146314,0.422656
[MO833] Paramount Iteration,0,95,41.151090,0.422620
[MO833] Paramount Iteration,1,95,41.150107,0.422560
[MO833] Paramount Iteration,3,95,41.145798,0.422600
[MO833] Paramount Iteration,2,96,41.568671,0.422357
[MO833] Paramount Iteration,0,96,41.573542,0.422452
[MO833] Paramount Iteration,1,96,41.572553,0.422446
[MO833] Paramount Iteration,3,96,41.568245,0.422447
[MO833] Paramount Iteration,2,97,41.991657,0.422986
[MO833] Paramount Iteration,0,97,41.996740,0.423198
[MO833] Paramount Iteration,1,97,41.995613,0.423060
[MO833] Paramount Iteration,3,97,41.991417,0.423172
[MO833] Paramount Iteration,2,98,42.414352,0.422695
[MO833] Paramount Iteration,0,98,42.419213,0.422473
[MO833] Paramount Iteration,1,98,42.418195,0.422582
[MO833] Paramount Iteration,3,98,42.413900,0.422483
[MO833] Paramount Iteration,2,99,42.837378,0.423026
[MO833] Paramount Iteration,0,99,42.842192,0.422979
 Time step  100
[MO833] Paramount Iteration,1,99,42.841187,0.422992
[MO833] Paramount Iteration,3,99,42.836879,0.422979
[MO833] Paramount Iteration,2,100,43.260150,0.422772
[MO833] Paramount Iteration,0,100,43.265103,0.422911
[MO833] Paramount Iteration,1,100,43.264086,0.422899
[MO833] Paramount Iteration,3,100,43.259813,0.422934
[MO833] Paramount Iteration,2,101,43.682866,0.422716
[MO833] Paramount Iteration,0,101,43.687768,0.422665
[MO833] Paramount Iteration,1,101,43.686712,0.422626
[MO833] Paramount Iteration,3,101,43.682476,0.422663
[MO833] Paramount Iteration,2,102,44.105547,0.422681
[MO833] Paramount Iteration,0,102,44.110394,0.422626
[MO833] Paramount Iteration,1,102,44.109351,0.422639
[MO833] Paramount Iteration,3,102,44.105077,0.422601
[MO833] Paramount Iteration,2,103,44.528054,0.422507
[MO833] Paramount Iteration,0,103,44.532944,0.422550
[MO833] Paramount Iteration,1,103,44.531935,0.422584
[MO833] Paramount Iteration,3,103,44.527655,0.422578
[MO833] Paramount Iteration,2,104,44.950919,0.422865
[MO833] Paramount Iteration,0,104,44.955879,0.422935
[MO833] Paramount Iteration,1,104,44.954720,0.422785
[MO833] Paramount Iteration,3,104,44.950478,0.422823
[MO833] Paramount Iteration,2,105,45.374716,0.423797
[MO833] Paramount Iteration,0,105,45.379474,0.423595
[MO833] Paramount Iteration,1,105,45.378406,0.423686
[MO833] Paramount Iteration,3,105,45.374104,0.423626
[MO833] Paramount Iteration,2,106,45.797855,0.423139
[MO833] Paramount Iteration,0,106,45.802745,0.423271
[MO833] Paramount Iteration,1,106,45.801543,0.423137
[MO833] Paramount Iteration,3,106,45.797315,0.423211
[MO833] Paramount Iteration,2,107,46.232394,0.434539
[MO833] Paramount Iteration,0,107,46.237612,0.434867
[MO833] Paramount Iteration,1,107,46.245695,0.444152
[MO833] Paramount Iteration,3,107,46.241737,0.444422
[MO833] Paramount Iteration,2,108,46.669744,0.437350
[MO833] Paramount Iteration,0,108,46.674528,0.436916
[MO833] Paramount Iteration,1,108,46.673531,0.427836
[MO833] Paramount Iteration,3,108,46.669199,0.427462
[MO833] Paramount Iteration,1,109,47.098819,0.425288
[MO833] Paramount Iteration,3,109,47.095239,0.426040
[MO833] Paramount Iteration,2,109,47.104731,0.434987
[MO833] Paramount Iteration,0,109,47.109838,0.435310
[MO833] Paramount Iteration,2,110,47.525666,0.420935
[MO833] Paramount Iteration,0,110,47.530449,0.420611
[MO833] Paramount Iteration,1,110,47.529437,0.430618
[MO833] Paramount Iteration,3,110,47.525141,0.429902
[MO833] Paramount Iteration,2,111,47.948195,0.422529
[MO833] Paramount Iteration,0,111,47.953005,0.422556
[MO833] Paramount Iteration,1,111,47.952088,0.422651
[MO833] Paramount Iteration,3,111,47.947735,0.422594
[MO833] Paramount Iteration,2,112,48.371519,0.423324
[MO833] Paramount Iteration,0,112,48.376375,0.423370
[MO833] Paramount Iteration,1,112,48.375416,0.423328
[MO833] Paramount Iteration,3,112,48.371118,0.423383
[MO833] Paramount Iteration,2,113,48.794267,0.422748
[MO833] Paramount Iteration,0,113,48.799146,0.422771
[MO833] Paramount Iteration,1,113,48.798064,0.422648
[MO833] Paramount Iteration,3,113,48.793841,0.422723
[MO833] Paramount Iteration,2,114,49.217065,0.422798
[MO833] Paramount Iteration,0,114,49.221893,0.422747
[MO833] Paramount Iteration,1,114,49.220892,0.422828
[MO833] Paramount Iteration,3,114,49.216595,0.422754
[MO833] Paramount Iteration,2,115,49.639542,0.422477
[MO833] Paramount Iteration,0,115,49.644359,0.422466
[MO833] Paramount Iteration,1,115,49.643447,0.422555
[MO833] Paramount Iteration,3,115,49.639111,0.422516
[MO833] Paramount Iteration,2,116,50.062169,0.422627
[MO833] Paramount Iteration,0,116,50.067088,0.422729
[MO833] Paramount Iteration,1,116,50.066020,0.422573
[MO833] Paramount Iteration,3,116,50.061782,0.422671
[MO833] Paramount Iteration,2,117,50.484675,0.422506
[MO833] Paramount Iteration,0,117,50.489650,0.422562
[MO833] Paramount Iteration,1,117,50.488588,0.422568
[MO833] Paramount Iteration,3,117,50.484301,0.422519
[MO833] Paramount Iteration,2,118,50.907364,0.422689
[MO833] Paramount Iteration,0,118,50.912270,0.422620
[MO833] Paramount Iteration,1,118,50.911365,0.422777
[MO833] Paramount Iteration,3,118,50.907034,0.422733
[MO833] Paramount Iteration,2,119,51.330763,0.423399
[MO833] Paramount Iteration,0,119,51.335648,0.423378
 Time step  120
[MO833] Paramount Iteration,1,119,51.334648,0.423283
[MO833] Paramount Iteration,3,119,51.330376,0.423342
[MO833] Paramount Iteration,2,120,51.753442,0.422679
[MO833] Paramount Iteration,0,120,51.758281,0.422633
[MO833] Paramount Iteration,1,120,51.757246,0.422598
[MO833] Paramount Iteration,3,120,51.752956,0.422580
[MO833] Paramount Iteration,2,121,52.176085,0.422643
[MO833] Paramount Iteration,0,121,52.181022,0.422741
[MO833] Paramount Iteration,1,121,52.180016,0.422770
[MO833] Paramount Iteration,3,121,52.175722,0.422766
[MO833] Paramount Iteration,2,122,52.598740,0.422655
[MO833] Paramount Iteration,0,122,52.603601,0.422579
[MO833] Paramount Iteration,1,122,52.602610,0.422594
[MO833] Paramount Iteration,3,122,52.598276,0.422554
[MO833] Paramount Iteration,2,123,53.021734,0.422994
[MO833] Paramount Iteration,0,123,53.026513,0.422912
[MO833] Paramount Iteration,1,123,53.025479,0.422869
[MO833] Paramount Iteration,3,123,53.021158,0.422882
[MO833] Paramount Iteration,2,124,53.444141,0.422407
[MO833] Paramount Iteration,0,124,53.449091,0.422578
[MO833] Paramount Iteration,1,124,53.448047,0.422568
[MO833] Paramount Iteration,3,124,53.443818,0.422660
[MO833] Paramount Iteration,2,125,53.866741,0.422600
[MO833] Paramount Iteration,0,125,53.871622,0.422531
[MO833] Paramount Iteration,1,125,53.870611,0.422564
[MO833] Paramount Iteration,3,125,53.866343,0.422525
[MO833] Paramount Iteration,2,126,54.290122,0.423381
[MO833] Paramount Iteration,0,126,54.295052,0.423430
[MO833] Paramount Iteration,1,126,54.294009,0.423398
[MO833] Paramount Iteration,3,126,54.289752,0.423409
[MO833] Paramount Iteration,2,127,54.712826,0.422704
[MO833] Paramount Iteration,0,127,54.717640,0.422588
[MO833] Paramount Iteration,1,127,54.716722,0.422713
[MO833] Paramount Iteration,3,127,54.712358,0.422606
[MO833] Paramount Iteration,2,128,55.135620,0.422794
[MO833] Paramount Iteration,0,128,55.140562,0.422922
[MO833] Paramount Iteration,1,128,55.139535,0.422813
[MO833] Paramount Iteration,3,128,55.135253,0.422895
[MO833] Paramount Iteration,2,129,55.558417,0.422797
[MO833] Paramount Iteration,0,129,55.563297,0.422735
[MO833] Paramount Iteration,1,129,55.562237,0.422702
[MO833] Paramount Iteration,3,129,55.557966,0.422713
[MO833] Paramount Iteration,2,130,55.981068,0.422651
[MO833] Paramount Iteration,0,130,55.985911,0.422614
[MO833] Paramount Iteration,1,130,55.984904,0.422667
[MO833] Paramount Iteration,3,130,55.980610,0.422644
[MO833] Paramount Iteration,2,131,56.403797,0.422729
[MO833] Paramount Iteration,0,131,56.408729,0.422818
[MO833] Paramount Iteration,1,131,56.407705,0.422801
[MO833] Paramount Iteration,3,131,56.403444,0.422834
[MO833] Paramount Iteration,2,132,56.826517,0.422720
[MO833] Paramount Iteration,0,132,56.831300,0.422571
[MO833] Paramount Iteration,1,132,56.830340,0.422635
[MO833] Paramount Iteration,3,132,56.826000,0.422556
[MO833] Paramount Iteration,2,133,57.250012,0.423495
[MO833] Paramount Iteration,0,133,57.254831,0.423531
[MO833] Paramount Iteration,1,133,57.253682,0.423342
[MO833] Paramount Iteration,3,133,57.249416,0.423416
[MO833] Paramount Iteration,0,134,57.678307,0.423476
[MO833] Paramount Iteration,2,134,57.673635,0.423623
[MO833] Paramount Iteration,1,134,57.677295,0.423613
[MO833] Paramount Iteration,3,134,57.672936,0.423520
[MO833] Paramount Iteration,2,135,58.096921,0.423286
[MO833] Paramount Iteration,0,135,58.101829,0.423522
[MO833] Paramount Iteration,1,135,58.100698,0.423403
[MO833] Paramount Iteration,3,135,58.096400,0.423464
[MO833] Paramount Iteration,1,136,58.527181,0.426483
[MO833] Paramount Iteration,3,136,58.523504,0.427104
[MO833] Paramount Iteration,2,136,58.532162,0.435241
[MO833] Paramount Iteration,0,136,58.537284,0.435455
[MO833] Paramount Iteration,2,137,58.955645,0.423483
[MO833] Paramount Iteration,0,137,58.960570,0.423286
[MO833] Paramount Iteration,1,137,58.959441,0.432260
[MO833] Paramount Iteration,3,137,58.955183,0.431679
[MO833] Paramount Iteration,2,138,59.379039,0.423394
[MO833] Paramount Iteration,0,138,59.383874,0.423304
[MO833] Paramount Iteration,1,138,59.382924,0.423483
[MO833] Paramount Iteration,3,138,59.378607,0.423424
[MO833] Paramount Iteration,2,139,59.801735,0.422696
[MO833] Paramount Iteration,0,139,59.806434,0.422560
 Time step  140
[MO833] Paramount Iteration,1,139,59.805483,0.422559
[MO833] Paramount Iteration,3,139,59.801168,0.422561
[MO833] Paramount Iteration,2,140,60.224596,0.422861
[MO833] Paramount Iteration,0,140,60.229428,0.422994
[MO833] Paramount Iteration,1,140,60.228490,0.423007
[MO833] Paramount Iteration,3,140,60.224139,0.422971
[MO833] Paramount Iteration,2,141,60.647299,0.422703
[MO833] Paramount Iteration,0,141,60.652270,0.422842
[MO833] Paramount Iteration,1,141,60.651210,0.422720
[MO833] Paramount Iteration,3,141,60.646966,0.422827
[MO833] Paramount Iteration,2,142,61.070226,0.422927
[MO833] Paramount Iteration,0,142,61.074961,0.422691
[MO833] Paramount Iteration,1,142,61.074025,0.422815
[MO833] Paramount Iteration,3,142,61.069681,0.422715
[MO833] Paramount Iteration,2,143,61.492829,0.422603
[MO833] Paramount Iteration,0,143,61.497702,0.422741
[MO833] Paramount Iteration,1,143,61.496683,0.422658
[MO833] Paramount Iteration,3,143,61.492358,0.422677
[MO833] Paramount Iteration,2,144,61.915519,0.422690
[MO833] Paramount Iteration,0,144,61.920199,0.422497
[MO833] Paramount Iteration,1,144,61.919383,0.422700
[MO833] Paramount Iteration,3,144,61.914972,0.422614
[MO833] Paramount Iteration,2,145,62.338548,0.423029
[MO833] Paramount Iteration,0,145,62.343287,0.423088
[MO833] Paramount Iteration,1,145,62.342354,0.422971
[MO833] Paramount Iteration,3,145,62.338002,0.423030
[MO833] Paramount Iteration,0,146,62.766123,0.422836
[MO833] Paramount Iteration,2,146,62.761380,0.422832
[MO833] Paramount Iteration,1,146,62.765164,0.422810
[MO833] Paramount Iteration,3,146,62.760863,0.422861
[MO833] Paramount Iteration,2,147,63.184320,0.422940
[MO833] Paramount Iteration,0,147,63.189081,0.422958
[MO833] Paramount Iteration,1,147,63.188187,0.423023
[MO833] Paramount Iteration,3,147,63.183817,0.422954
[MO833] Paramount Iteration,2,148,63.606965,0.422645
[MO833] Paramount Iteration,0,148,63.611929,0.422848
[MO833] Paramount Iteration,1,148,63.610911,0.422724
[MO833] Paramount Iteration,3,148,63.606642,0.422825
[MO833] Paramount Iteration,2,149,64.029635,0.422670
[MO833] Paramount Iteration,0,149,64.034460,0.422531
[MO833] Paramount Iteration,1,149,64.033419,0.422508
[MO833] Paramount Iteration,3,149,64.029171,0.422529
[MO833] Paramount Iteration,2,150,64.451979,0.422344
[MO833] Paramount Iteration,0,150,64.457050,0.422590
[MO833] Paramount Iteration,1,150,64.455983,0.422564
[MO833] Paramount Iteration,3,150,64.451744,0.422573
[MO833] Paramount Iteration,2,151,64.874768,0.422789
[MO833] Paramount Iteration,0,151,64.879616,0.422566
[MO833] Paramount Iteration,1,151,64.878642,0.422659
[MO833] Paramount Iteration,3,151,64.874306,0.422562
[MO833] Paramount Iteration,2,152,65.297656,0.422888
[MO833] Paramount Iteration,0,152,65.302422,0.422806
[MO833] Paramount Iteration,1,152,65.301432,0.422790
[MO833] Paramount Iteration,3,152,65.297101,0.422795
[MO833] Paramount Iteration,2,153,65.720272,0.422616
[MO833] Paramount Iteration,0,153,65.725112,0.422690
[MO833] Paramount Iteration,1,153,65.724137,0.422705
[MO833] Paramount Iteration,3,153,65.719832,0.422731
[MO833] Paramount Iteration,2,154,66.143263,0.422991
[MO833] Paramount Iteration,0,154,66.148142,0.423030
[MO833] Paramount Iteration,1,154,66.147041,0.422904
[MO833] Paramount Iteration,3,154,66.142757,0.422925
[MO833] Paramount Iteration,2,155,66.566625,0.423362
[MO833] Paramount Iteration,0,155,66.571450,0.423308
[MO833] Paramount Iteration,1,155,66.570341,0.423300
[MO833] Paramount Iteration,3,155,66.566049,0.423292
[MO833] Paramount Iteration,2,156,66.990174,0.423549
[MO833] Paramount Iteration,0,156,66.994950,0.423500
[MO833] Paramount Iteration,1,156,66.993832,0.423491
[MO833] Paramount Iteration,3,156,66.989551,0.423502
[MO833] Paramount Iteration,2,157,67.413637,0.423463
[MO833] Paramount Iteration,0,157,67.418525,0.423575
[MO833] Paramount Iteration,1,157,67.417297,0.423465
[MO833] Paramount Iteration,3,157,67.413082,0.423531
[MO833] Paramount Iteration,2,158,67.836847,0.423210
[MO833] Paramount Iteration,0,158,67.841855,0.423330
[MO833] Paramount Iteration,1,158,67.840613,0.423316
[MO833] Paramount Iteration,3,158,67.836434,0.423352
[MO833] Paramount Iteration,2,159,68.260328,0.423481
[MO833] Paramount Iteration,0,159,68.265137,0.423282
 Time step  160
[MO833] Paramount Iteration,1,159,68.264122,0.423509
[MO833] Paramount Iteration,3,159,68.259751,0.423317
[MO833] Paramount Iteration,2,160,68.683157,0.422829
[MO833] Paramount Iteration,0,160,68.688130,0.422993
[MO833] Paramount Iteration,1,160,68.687070,0.422948
[MO833] Paramount Iteration,3,160,68.682851,0.423100
[MO833] Paramount Iteration,2,161,69.106433,0.423276
[MO833] Paramount Iteration,0,161,69.111249,0.423119
[MO833] Paramount Iteration,1,161,69.110157,0.423087
[MO833] Paramount Iteration,3,161,69.105818,0.422967
[MO833] Paramount Iteration,2,162,69.529796,0.423363
[MO833] Paramount Iteration,0,162,69.534553,0.423304
[MO833] Paramount Iteration,1,162,69.533452,0.423295
[MO833] Paramount Iteration,3,162,69.529142,0.423324
[MO833] Paramount Iteration,2,163,69.952185,0.422389
[MO833] Paramount Iteration,0,163,69.957028,0.422475
[MO833] Paramount Iteration,1,163,69.956055,0.422603
[MO833] Paramount Iteration,3,163,69.951765,0.422623
[MO833] Paramount Iteration,2,164,70.374870,0.422685
[MO833] Paramount Iteration,0,164,70.379682,0.422654
[MO833] Paramount Iteration,1,164,70.378702,0.422647
[MO833] Paramount Iteration,3,164,70.374393,0.422628
[MO833] Paramount Iteration,2,165,70.797697,0.422827
[MO833] Paramount Iteration,0,165,70.802588,0.422906
[MO833] Paramount Iteration,1,165,70.801494,0.422792
[MO833] Paramount Iteration,3,165,70.797222,0.422829
[MO833] Paramount Iteration,0,166,71.225336,0.422748
[MO833] Paramount Iteration,2,166,71.220573,0.422876
[MO833] Paramount Iteration,1,166,71.224469,0.422975
[MO833] Paramount Iteration,3,166,71.220105,0.422883
[MO833] Paramount Iteration,2,167,71.643218,0.422645
[MO833] Paramount Iteration,0,167,71.648127,0.422791
[MO833] Paramount Iteration,1,167,71.647143,0.422674
[MO833] Paramount Iteration,3,167,71.642861,0.422756
[MO833] Paramount Iteration,2,168,72.065949,0.422731
[MO833] Paramount Iteration,0,168,72.070855,0.422728
[MO833] Paramount Iteration,1,168,72.069738,0.422595
[MO833] Paramount Iteration,3,168,72.065519,0.422658
[MO833] Paramount Iteration,2,169,72.504090,0.438141
[MO833] Paramount Iteration,0,169,72.509015,0.438160
[MO833] Paramount Iteration,1,169,72.508003,0.438265
[MO833] Paramount Iteration,3,169,72.503723,0.438204
[MO833] Paramount Iteration,2,170,72.926526,0.422436
[MO833] Paramount Iteration,0,170,72.931419,0.422404
[MO833] Paramount Iteration,1,170,72.930386,0.422383
[MO833] Paramount Iteration,3,170,72.926120,0.422397
[MO833] Paramount Iteration,2,171,73.349186,0.422660
[MO833] Paramount Iteration,0,171,73.354062,0.422643
[MO833] Paramount Iteration,1,171,73.352995,0.422609
[MO833] Paramount Iteration,3,171,73.348741,0.422621
[MO833] Paramount Iteration,2,172,73.771761,0.422575
[MO833] Paramount Iteration,0,172,73.776610,0.422548
[MO833] Paramount Iteration,1,172,73.775622,0.422627
[MO833] Paramount Iteration,3,172,73.771321,0.422580
[MO833] Paramount Iteration,2,173,74.194275,0.422514
[MO833] Paramount Iteration,0,173,74.199077,0.422467
[MO833] Paramount Iteration,1,173,74.198067,0.422445
[MO833] Paramount Iteration,3,173,74.193754,0.422433
[MO833] Paramount Iteration,2,174,74.616918,0.422643
[MO833] Paramount Iteration,0,174,74.621759,0.422682
[MO833] Paramount Iteration,1,174,74.620778,0.422711
[MO833] Paramount Iteration,3,174,74.616482,0.422728
[MO833] Paramount Iteration,2,175,75.039636,0.422718
[MO833] Paramount Iteration,0,175,75.044440,0.422681
[MO833] Paramount Iteration,1,175,75.043552,0.422774
[MO833] Paramount Iteration,3,175,75.039208,0.422726
[MO833] Paramount Iteration,2,176,75.462782,0.423146
[MO833] Paramount Iteration,0,176,75.467708,0.423268
[MO833] Paramount Iteration,1,176,75.466667,0.423115
[MO833] Paramount Iteration,3,176,75.462406,0.423198
[MO833] Paramount Iteration,2,177,75.885406,0.422624
[MO833] Paramount Iteration,0,177,75.890319,0.422611
[MO833] Paramount Iteration,1,177,75.889191,0.422524
[MO833] Paramount Iteration,3,177,75.884984,0.422578
[MO833] Paramount Iteration,2,178,76.308120,0.422714
[MO833] Paramount Iteration,0,178,76.312939,0.422620
[MO833] Paramount Iteration,1,178,76.311977,0.422786
[MO833] Paramount Iteration,3,178,76.307673,0.422689
[MO833] Paramount Iteration,2,179,76.730961,0.422841
[MO833] Paramount Iteration,0,179,76.735774,0.422835
 Time step  180
[MO833] Paramount Iteration,1,179,76.734699,0.422722
[MO833] Paramount Iteration,3,179,76.730415,0.422742
[MO833] Paramount Iteration,2,180,77.154385,0.423424
[MO833] Paramount Iteration,0,180,77.159180,0.423406
[MO833] Paramount Iteration,1,180,77.158060,0.423361
[MO833] Paramount Iteration,3,180,77.153729,0.423314
[MO833] Paramount Iteration,2,181,77.577843,0.423458
[MO833] Paramount Iteration,0,181,77.582742,0.423562
[MO833] Paramount Iteration,1,181,77.581552,0.423492
[MO833] Paramount Iteration,3,181,77.577306,0.423577
[MO833] Paramount Iteration,2,182,78.001383,0.423540
[MO833] Paramount Iteration,0,182,78.006124,0.423382
[MO833] Paramount Iteration,1,182,78.005050,0.423498
[MO833] Paramount Iteration,3,182,78.000723,0.423417
[MO833] Paramount Iteration,2,183,78.424417,0.423034
[MO833] Paramount Iteration,0,183,78.429296,0.423172
[MO833] Paramount Iteration,1,183,78.428300,0.423250
[MO833] Paramount Iteration,3,183,78.424010,0.423287
[MO833] Paramount Iteration,2,184,78.847226,0.422809
[MO833] Paramount Iteration,0,184,78.852155,0.422859
[MO833] Paramount Iteration,1,184,78.851150,0.422850
[MO833] Paramount Iteration,3,184,78.846869,0.422859
[MO833] Paramount Iteration,2,185,79.270309,0.423083
[MO833] Paramount Iteration,0,185,79.275256,0.423101
[MO833] Paramount Iteration,1,185,79.274160,0.423010
[MO833] Paramount Iteration,3,185,79.269934,0.423065
[MO833] Paramount Iteration,0,186,79.697863,0.422607
[MO833] Paramount Iteration,2,186,79.693058,0.422749
[MO833] Paramount Iteration,1,186,79.696863,0.422703
[MO833] Paramount Iteration,3,186,79.692561,0.422627
[MO833] Paramount Iteration,2,187,80.115557,0.422499
[MO833] Paramount Iteration,0,187,80.120466,0.422603
[MO833] Paramount Iteration,1,187,80.119460,0.422597
[MO833] Paramount Iteration,3,187,80.115177,0.422616
[MO833] Paramount Iteration,0,188,80.543137,0.422671
[MO833] Paramount Iteration,2,188,80.538383,0.422826
[MO833] Paramount Iteration,1,188,80.542155,0.422695
[MO833] Paramount Iteration,3,188,80.537867,0.422690
[MO833] Paramount Iteration,2,189,80.961095,0.422712
[MO833] Paramount Iteration,0,189,80.965912,0.422775
[MO833] Paramount Iteration,1,189,80.964911,0.422756
[MO833] Paramount Iteration,3,189,80.960580,0.422713
[MO833] Paramount Iteration,2,190,81.384543,0.423448
[MO833] Paramount Iteration,0,190,81.389434,0.423522
[MO833] Paramount Iteration,1,190,81.388374,0.423463
[MO833] Paramount Iteration,3,190,81.384025,0.423445
[MO833] Paramount Iteration,2,191,81.807906,0.423363
[MO833] Paramount Iteration,0,191,81.812798,0.423364
[MO833] Paramount Iteration,1,191,81.811672,0.423298
[MO833] Paramount Iteration,3,191,81.807400,0.423375
[MO833] Paramount Iteration,2,192,82.231356,0.423450
[MO833] Paramount Iteration,0,192,82.236184,0.423386
[MO833] Paramount Iteration,1,192,82.235216,0.423544
[MO833] Paramount Iteration,3,192,82.230893,0.423493
[MO833] Paramount Iteration,0,193,82.659531,0.423347
[MO833] Paramount Iteration,2,193,82.654767,0.423411
[MO833] Paramount Iteration,1,193,82.658577,0.423361
[MO833] Paramount Iteration,3,193,82.654247,0.423354
[MO833] Paramount Iteration,2,194,83.077376,0.422609
[MO833] Paramount Iteration,0,194,83.082184,0.422653
[MO833] Paramount Iteration,1,194,83.081134,0.422557
[MO833] Paramount Iteration,3,194,83.076817,0.422570
[MO833] Paramount Iteration,0,195,83.506079,0.423895
[MO833] Paramount Iteration,2,195,83.501410,0.424034
[MO833] Paramount Iteration,1,195,83.505068,0.423934
[MO833] Paramount Iteration,3,195,83.500709,0.423892
[MO833] Paramount Iteration,2,196,83.924147,0.422737
[MO833] Paramount Iteration,0,196,83.928958,0.422879
[MO833] Paramount Iteration,1,196,83.928025,0.422957
[MO833] Paramount Iteration,3,196,83.923674,0.422965
[MO833] Paramount Iteration,0,197,84.352053,0.423095
[MO833] Paramount Iteration,2,197,84.347400,0.423253
[MO833] Paramount Iteration,3,197,84.346827,0.423153
[MO833] Paramount Iteration,1,197,84.351273,0.423248
[MO833] Paramount Iteration,2,198,84.770193,0.422793
[MO833] Paramount Iteration,0,198,84.774994,0.422941
[MO833] Paramount Iteration,1,198,84.773963,0.422690
[MO833] Paramount Iteration,3,198,84.769667,0.422840
[MO833] Paramount Iteration,2,199,85.192703,0.422510
[MO833] Paramount Iteration,0,199,85.197631,0.422637
 Time step  200
[MO833] Paramount Iteration,1,199,85.196598,0.422635
[MO833] Paramount Iteration,3,199,85.192331,0.422664
[MO833] PI avg,2,0.421962,200
[MO833] Beta,2,0.000706
 Verification being performed for class B
 accuracy setting for epsilon =  0.1000000000000E-07
 Comparison of RMS-norms of residual
           1 0.1423359722929E+04 0.1423359722929E+04 0.1070287152945E-13
           2 0.9933052259015E+02 0.9933052259015E+02 0.7153317200312E-15
           3 0.3564602564454E+03 0.3564602564454E+03 0.5900255245348E-14
           4 0.3248544795908E+03 0.3248544795908E+03 0.9798945854817E-14
           5 0.3270754125466E+04 0.3270754125466E+04 0.1223502756335E-13
 Comparison of RMS-norms of solution error
           1 0.5296984714094E+02 0.5296984714094E+02 0.9389868800427E-15
           2 0.4463289611567E+01 0.4463289611567E+01 0.1293476388601E-13
           3 0.1312257334221E+02 0.1312257334221E+02 0.1258908460682E-13
           4 0.1200692532356E+02 0.1200692532356E+02 0.6805440394643E-14
[MO833] PI avg,1,0.421971,200
[MO833] Beta,1,0.000685
[MO833] PI avg,3,0.421973,200
[MO833] Beta,3,0.000683
           5 0.1245957615104E+03 0.1245957615104E+03 0.1003690013030E-13
 Verification Successful


 BT Benchmark Completed.
 Class           =                        B
 Size            =            102x 102x 102
 Iterations      =                      200
 Time in seconds =                    84.82
 Total processes =                        4
 Active procs    =                        4
 Mop/s total     =                  8278.74
 Mop/s/process   =                  2069.68
 Operation type  =           floating point
 Verification    =               SUCCESSFUL
 Version         =                      3.4
 Compile date    =              16 Jun 2020

 Compile options:
    MPIFC        = mpif90
    FLINK        = $(MPIFC)
    FMPI_LIB     = (none)
    FMPI_INC     = (none)
    FFLAGS       = -O3
    FLINKFLAGS   = $(FFLAGS) -O ../kernel_stats/kernel_stats.o...
    RAND         = (none)


 Please send feedbacks and/or the results of this run to:

 NPB Development Team 
 Internet: npb@nas.nasa.gov


[MO833] PI avg,0,0.421964,200
[MO833] Beta,0,0.000708
[MO833] Total time,85.680124
