--------------------------------------------------------------------------
[[63342,1],0]: A high-performance Open MPI point-to-point messaging module
was unable to find any relevant network interfaces:

Module: OpenFabrics (openib)
  Host: node06

Another transport will be used instead, although this may result in
lower performance.

NOTE: You can disable this warning by setting the MCA parameter
btl_base_warn_component_unused to 0.
--------------------------------------------------------------------------


 NAS Parallel Benchmarks 3.4 -- LU Benchmark

 Size:  162x 162x 162  (class C)
 Iterations:  250
 Total number of processes:     4

[MO833] Paramount Iteration,1,1,2.413298,1.336961
[MO833] Paramount Iteration,2,1,2.410539,1.336979
[MO833] Paramount Iteration,3,1,2.408456,1.336961
[MO833] Paramount Iteration,0,1,2.415227,1.336979
 Time step    1
[MO833] Paramount Iteration,2,2,3.162688,0.752149
[MO833] Paramount Iteration,0,2,3.168167,0.752940
[MO833] Paramount Iteration,3,2,3.183820,0.775364
[MO833] Paramount Iteration,1,2,3.188978,0.775680
[MO833] Paramount Iteration,2,3,3.964684,0.801996
[MO833] Paramount Iteration,0,3,3.970926,0.802759
[MO833] Paramount Iteration,3,3,3.969988,0.786168
[MO833] Paramount Iteration,1,3,3.975284,0.786306
[MO833] Paramount Iteration,2,4,4.756915,0.792231
[MO833] Paramount Iteration,0,4,4.762638,0.791712
[MO833] Paramount Iteration,3,4,4.790644,0.820656
[MO833] Paramount Iteration,1,4,4.795839,0.820555
[MO833] Paramount Iteration,2,5,5.542244,0.785329
[MO833] Paramount Iteration,0,5,5.547698,0.785060
[MO833] Paramount Iteration,3,5,5.562608,0.771964
[MO833] Paramount Iteration,1,5,5.567775,0.771936
[MO833] Paramount Iteration,2,6,6.328621,0.786377
[MO833] Paramount Iteration,3,6,6.328055,0.765447
[MO833] Paramount Iteration,1,6,6.333252,0.765477
[MO833] Paramount Iteration,0,6,6.341157,0.793459
[MO833] Paramount Iteration,2,7,7.108246,0.779625
[MO833] Paramount Iteration,0,7,7.114000,0.772843
[MO833] Paramount Iteration,3,7,7.114845,0.786790
[MO833] Paramount Iteration,1,7,7.119851,0.786599
[MO833] Paramount Iteration,2,8,7.864883,0.756637
[MO833] Paramount Iteration,0,8,7.870586,0.756586
[MO833] Paramount Iteration,3,8,7.885236,0.770391
[MO833] Paramount Iteration,1,8,7.890167,0.770316
[MO833] Paramount Iteration,2,9,8.634801,0.769918
[MO833] Paramount Iteration,0,9,8.640294,0.769708
[MO833] Paramount Iteration,3,9,8.655344,0.770108
[MO833] Paramount Iteration,1,9,8.660077,0.769910
[MO833] Paramount Iteration,2,10,9.404762,0.769961
[MO833] Paramount Iteration,0,10,9.410295,0.770001
[MO833] Paramount Iteration,3,10,9.424229,0.768885
[MO833] Paramount Iteration,1,10,9.429439,0.769362
[MO833] Paramount Iteration,2,11,10.198543,0.793781
[MO833] Paramount Iteration,0,11,10.205289,0.794994
[MO833] Paramount Iteration,3,11,10.239259,0.815030
[MO833] Paramount Iteration,1,11,10.244670,0.815231
[MO833] Paramount Iteration,2,12,10.996492,0.797949
[MO833] Paramount Iteration,0,12,11.002175,0.796886
[MO833] Paramount Iteration,3,12,11.020104,0.780845
[MO833] Paramount Iteration,1,12,11.025518,0.780848
[MO833] Paramount Iteration,2,13,11.771455,0.774963
[MO833] Paramount Iteration,0,13,11.776816,0.774641
[MO833] Paramount Iteration,3,13,11.791365,0.771261
[MO833] Paramount Iteration,1,13,11.796451,0.770933
[MO833] Paramount Iteration,2,14,12.541732,0.770277
[MO833] Paramount Iteration,0,14,12.547085,0.770269
[MO833] Paramount Iteration,3,14,12.562580,0.771215
[MO833] Paramount Iteration,1,14,12.567743,0.771292
[MO833] Paramount Iteration,2,15,13.313484,0.771752
[MO833] Paramount Iteration,0,15,13.318943,0.771858
[MO833] Paramount Iteration,3,15,13.332819,0.770239
[MO833] Paramount Iteration,1,15,13.337872,0.770129
[MO833] Paramount Iteration,2,16,14.123590,0.810106
[MO833] Paramount Iteration,0,16,14.130006,0.811063
[MO833] Paramount Iteration,3,16,14.128620,0.795801
[MO833] Paramount Iteration,1,16,14.134450,0.796578
[MO833] Paramount Iteration,2,17,14.880037,0.756447
[MO833] Paramount Iteration,0,17,14.885551,0.755545
[MO833] Paramount Iteration,3,17,14.901981,0.773361
[MO833] Paramount Iteration,1,17,14.907206,0.772756
[MO833] Paramount Iteration,2,18,15.651770,0.771733
[MO833] Paramount Iteration,0,18,15.657608,0.772057
[MO833] Paramount Iteration,3,18,15.672734,0.770753
[MO833] Paramount Iteration,1,18,15.677973,0.770767
[MO833] Paramount Iteration,2,19,16.423351,0.771581
[MO833] Paramount Iteration,0,19,16.428956,0.771348
[MO833] Paramount Iteration,3,19,16.442932,0.770198
[MO833] Paramount Iteration,1,19,16.447969,0.769996
[MO833] Paramount Iteration,2,20,17.192663,0.769312
[MO833] Paramount Iteration,0,20,17.198310,0.769354
 Time step   20
[MO833] Paramount Iteration,3,20,17.214224,0.771292
[MO833] Paramount Iteration,1,20,17.219363,0.771394
[MO833] Paramount Iteration,2,21,17.964934,0.772271
[MO833] Paramount Iteration,0,21,17.970479,0.772169
[MO833] Paramount Iteration,3,21,17.984553,0.770329
[MO833] Paramount Iteration,1,21,17.989742,0.770379
[MO833] Paramount Iteration,2,22,18.734546,0.769612
[MO833] Paramount Iteration,0,22,18.740063,0.769584
[MO833] Paramount Iteration,3,22,18.755933,0.771380
[MO833] Paramount Iteration,1,22,18.760999,0.771257
[MO833] Paramount Iteration,2,23,19.530012,0.795466
[MO833] Paramount Iteration,0,23,19.535748,0.795685
[MO833] Paramount Iteration,1,23,19.541023,0.780024
[MO833] Paramount Iteration,3,23,19.536520,0.780587
[MO833] Paramount Iteration,2,24,20.287497,0.757485
[MO833] Paramount Iteration,0,24,20.293025,0.757277
[MO833] Paramount Iteration,1,24,20.313014,0.771991
[MO833] Paramount Iteration,3,24,20.308107,0.771587
[MO833] Paramount Iteration,2,25,21.055867,0.768370
[MO833] Paramount Iteration,0,25,21.060848,0.767823
[MO833] Paramount Iteration,3,25,21.079141,0.771034
[MO833] Paramount Iteration,1,25,21.084337,0.771323
[MO833] Paramount Iteration,2,26,21.829333,0.773466
[MO833] Paramount Iteration,0,26,21.834861,0.774013
[MO833] Paramount Iteration,1,26,21.854770,0.770433
[MO833] Paramount Iteration,3,26,21.850091,0.770950
[MO833] Paramount Iteration,2,27,22.624943,0.795610
[MO833] Paramount Iteration,0,27,22.630487,0.795626
[MO833] Paramount Iteration,3,27,22.659874,0.809783
[MO833] Paramount Iteration,1,27,22.665062,0.810292
[MO833] Paramount Iteration,2,28,23.410673,0.785730
[MO833] Paramount Iteration,0,28,23.416243,0.785756
[MO833] Paramount Iteration,3,28,23.430977,0.771103
[MO833] Paramount Iteration,1,28,23.436321,0.771259
[MO833] Paramount Iteration,2,29,24.181048,0.770375
[MO833] Paramount Iteration,0,29,24.186435,0.770192
[MO833] Paramount Iteration,3,29,24.201793,0.770816
[MO833] Paramount Iteration,1,29,24.206985,0.770664
[MO833] Paramount Iteration,3,30,24.964103,0.762310
[MO833] Paramount Iteration,1,30,24.969560,0.762575
[MO833] Paramount Iteration,0,30,24.990430,0.803995
[MO833] Paramount Iteration,2,30,24.988746,0.807698
[MO833] Paramount Iteration,2,31,25.739967,0.751221
[MO833] Paramount Iteration,0,31,25.745697,0.755267
[MO833] Paramount Iteration,3,31,25.760222,0.796119
[MO833] Paramount Iteration,1,31,25.765689,0.796129
[MO833] Paramount Iteration,2,32,26.510439,0.770472
[MO833] Paramount Iteration,0,32,26.515909,0.770212
[MO833] Paramount Iteration,3,32,26.531521,0.771299
[MO833] Paramount Iteration,1,32,26.536711,0.771022
[MO833] Paramount Iteration,2,33,27.281031,0.770592
[MO833] Paramount Iteration,0,33,27.286521,0.770612
[MO833] Paramount Iteration,3,33,27.299878,0.768357
[MO833] Paramount Iteration,1,33,27.305415,0.768704
[MO833] Paramount Iteration,2,34,28.051225,0.770194
[MO833] Paramount Iteration,0,34,28.056442,0.769921
[MO833] Paramount Iteration,3,34,28.072314,0.772436
[MO833] Paramount Iteration,1,34,28.077556,0.772141
[MO833] Paramount Iteration,2,35,28.821281,0.770056
[MO833] Paramount Iteration,0,35,28.826226,0.769784
[MO833] Paramount Iteration,3,35,28.843652,0.771338
[MO833] Paramount Iteration,1,35,28.848787,0.771231
[MO833] Paramount Iteration,2,36,29.593985,0.772704
[MO833] Paramount Iteration,0,36,29.599314,0.773088
[MO833] Paramount Iteration,3,36,29.615159,0.771507
[MO833] Paramount Iteration,1,36,29.620396,0.771609
[MO833] Paramount Iteration,2,37,30.365989,0.772004
[MO833] Paramount Iteration,0,37,30.371336,0.772022
[MO833] Paramount Iteration,3,37,30.384234,0.769075
[MO833] Paramount Iteration,1,37,30.389580,0.769184
[MO833] Paramount Iteration,2,38,31.139569,0.773580
[MO833] Paramount Iteration,0,38,31.145203,0.773867
[MO833] Paramount Iteration,3,38,31.164435,0.780201
[MO833] Paramount Iteration,1,38,31.169521,0.779941
[MO833] Paramount Iteration,2,39,31.913438,0.773869
[MO833] Paramount Iteration,0,39,31.918937,0.773734
[MO833] Paramount Iteration,3,39,31.933363,0.768928
[MO833] Paramount Iteration,1,39,31.938427,0.768906
[MO833] Paramount Iteration,2,40,32.707569,0.794131
[MO833] Paramount Iteration,0,40,32.713575,0.794638
 Time step   40
[MO833] Paramount Iteration,3,40,32.715035,0.781672
[MO833] Paramount Iteration,1,40,32.720146,0.781719
[MO833] Paramount Iteration,2,41,33.465138,0.757569
[MO833] Paramount Iteration,0,41,33.470764,0.757189
[MO833] Paramount Iteration,3,41,33.485284,0.770249
[MO833] Paramount Iteration,1,41,33.490226,0.770080
[MO833] Paramount Iteration,2,42,34.235848,0.770710
[MO833] Paramount Iteration,0,42,34.241140,0.770376
[MO833] Paramount Iteration,3,42,34.256540,0.771256
[MO833] Paramount Iteration,1,42,34.261625,0.771399
[MO833] Paramount Iteration,2,43,35.006880,0.771032
[MO833] Paramount Iteration,0,43,35.012376,0.771236
[MO833] Paramount Iteration,3,43,35.027985,0.771445
[MO833] Paramount Iteration,1,43,35.033253,0.771628
[MO833] Paramount Iteration,2,44,35.777492,0.770612
[MO833] Paramount Iteration,0,44,35.782762,0.770386
[MO833] Paramount Iteration,3,44,35.797167,0.769182
[MO833] Paramount Iteration,1,44,35.802347,0.769094
[MO833] Paramount Iteration,2,45,36.546510,0.769018
[MO833] Paramount Iteration,0,45,36.551997,0.769235
[MO833] Paramount Iteration,3,45,36.566107,0.768940
[MO833] Paramount Iteration,1,45,36.571267,0.768920
[MO833] Paramount Iteration,2,46,37.316660,0.770150
[MO833] Paramount Iteration,0,46,37.322193,0.770196
[MO833] Paramount Iteration,3,46,37.337505,0.771398
[MO833] Paramount Iteration,1,46,37.342769,0.771502
[MO833] Paramount Iteration,2,47,38.087645,0.770985
[MO833] Paramount Iteration,0,47,38.093178,0.770985
[MO833] Paramount Iteration,3,47,38.109172,0.771667
[MO833] Paramount Iteration,1,47,38.114324,0.771555
[MO833] Paramount Iteration,2,48,38.860065,0.772420
[MO833] Paramount Iteration,0,48,38.865453,0.772275
[MO833] Paramount Iteration,3,48,38.881126,0.771954
[MO833] Paramount Iteration,1,48,38.886328,0.772004
[MO833] Paramount Iteration,2,49,39.631288,0.771223
[MO833] Paramount Iteration,0,49,39.636856,0.771403
[MO833] Paramount Iteration,3,49,39.652458,0.771332
[MO833] Paramount Iteration,1,49,39.657442,0.771114
[MO833] Paramount Iteration,2,50,40.402876,0.771588
[MO833] Paramount Iteration,0,50,40.408433,0.771577
[MO833] Paramount Iteration,3,50,40.423801,0.771343
[MO833] Paramount Iteration,1,50,40.429020,0.771578
[MO833] Paramount Iteration,2,51,41.197204,0.794328
[MO833] Paramount Iteration,0,51,41.203017,0.794584
[MO833] Paramount Iteration,1,51,41.207559,0.778539
[MO833] Paramount Iteration,3,51,41.202568,0.778767
[MO833] Paramount Iteration,2,52,41.953886,0.756682
[MO833] Paramount Iteration,0,52,41.959337,0.756320
[MO833] Paramount Iteration,3,52,41.975444,0.772876
[MO833] Paramount Iteration,1,52,41.980465,0.772906
[MO833] Paramount Iteration,2,53,42.725353,0.771467
[MO833] Paramount Iteration,0,53,42.730757,0.771420
[MO833] Paramount Iteration,3,53,42.746996,0.771552
[MO833] Paramount Iteration,1,53,42.752168,0.771703
[MO833] Paramount Iteration,2,54,43.496889,0.771536
[MO833] Paramount Iteration,0,54,43.502416,0.771659
[MO833] Paramount Iteration,3,54,43.515778,0.768782
[MO833] Paramount Iteration,1,54,43.520952,0.768784
[MO833] Paramount Iteration,2,55,44.265869,0.768980
[MO833] Paramount Iteration,0,55,44.271370,0.768954
[MO833] Paramount Iteration,3,55,44.287077,0.771299
[MO833] Paramount Iteration,1,55,44.292119,0.771167
[MO833] Paramount Iteration,2,56,45.034396,0.768527
[MO833] Paramount Iteration,0,56,45.039526,0.768156
[MO833] Paramount Iteration,1,56,45.061229,0.769110
[MO833] Paramount Iteration,3,56,45.056425,0.769348
[MO833] Paramount Iteration,2,57,45.806929,0.772533
[MO833] Paramount Iteration,0,57,45.812397,0.772871
[MO833] Paramount Iteration,3,57,45.828085,0.771660
[MO833] Paramount Iteration,1,57,45.833190,0.771961
[MO833] Paramount Iteration,2,58,46.602067,0.795138
[MO833] Paramount Iteration,0,58,46.607591,0.795194
[MO833] Paramount Iteration,3,58,46.637611,0.809526
[MO833] Paramount Iteration,1,58,46.642801,0.809611
[MO833] Paramount Iteration,2,59,47.387803,0.785736
[MO833] Paramount Iteration,0,59,47.393423,0.785832
[MO833] Paramount Iteration,3,59,47.408194,0.770583
[MO833] Paramount Iteration,1,59,47.413319,0.770518
[MO833] Paramount Iteration,2,60,48.158533,0.770730
[MO833] Paramount Iteration,0,60,48.163817,0.770394
 Time step   60
[MO833] Paramount Iteration,3,60,48.179916,0.771722
[MO833] Paramount Iteration,1,60,48.185109,0.771790
[MO833] Paramount Iteration,2,61,48.928229,0.769696
[MO833] Paramount Iteration,0,61,48.933140,0.769323
[MO833] Paramount Iteration,3,61,48.952727,0.772811
[MO833] Paramount Iteration,1,61,48.957764,0.772655
[MO833] Paramount Iteration,2,62,49.719705,0.791476
[MO833] Paramount Iteration,0,62,49.725160,0.792020
[MO833] Paramount Iteration,3,62,49.744764,0.792037
[MO833] Paramount Iteration,1,62,49.749822,0.792058
[MO833] Paramount Iteration,2,63,50.511623,0.791918
[MO833] Paramount Iteration,0,63,50.517007,0.791847
[MO833] Paramount Iteration,3,63,50.536577,0.791813
[MO833] Paramount Iteration,1,63,50.541671,0.791849
[MO833] Paramount Iteration,2,64,51.355404,0.843781
[MO833] Paramount Iteration,0,64,51.361963,0.844956
[MO833] Paramount Iteration,3,64,51.365424,0.828847
[MO833] Paramount Iteration,1,64,51.370821,0.829150
[MO833] Paramount Iteration,2,65,52.133799,0.778395
[MO833] Paramount Iteration,0,65,52.139199,0.777236
[MO833] Paramount Iteration,3,65,52.154431,0.789007
[MO833] Paramount Iteration,1,65,52.159536,0.788715
[MO833] Paramount Iteration,2,66,52.902228,0.768429
[MO833] Paramount Iteration,0,66,52.907213,0.768014
[MO833] Paramount Iteration,3,66,52.925381,0.770950
[MO833] Paramount Iteration,1,66,52.930476,0.770940
[MO833] Paramount Iteration,2,67,53.675638,0.773410
[MO833] Paramount Iteration,0,67,53.681108,0.773895
[MO833] Paramount Iteration,3,67,53.697082,0.771701
[MO833] Paramount Iteration,1,67,53.702166,0.771690
[MO833] Paramount Iteration,2,68,54.447280,0.771642
[MO833] Paramount Iteration,0,68,54.452804,0.771696
[MO833] Paramount Iteration,3,68,54.468415,0.771333
[MO833] Paramount Iteration,1,68,54.473535,0.771369
[MO833] Paramount Iteration,2,69,55.219521,0.772241
[MO833] Paramount Iteration,0,69,55.225228,0.772424
[MO833] Paramount Iteration,3,69,55.240425,0.772010
[MO833] Paramount Iteration,1,69,55.245690,0.772155
[MO833] Paramount Iteration,2,70,55.990692,0.771171
[MO833] Paramount Iteration,0,70,55.995980,0.770752
[MO833] Paramount Iteration,3,70,56.011923,0.771498
[MO833] Paramount Iteration,1,70,56.017094,0.771404
[MO833] Paramount Iteration,2,71,56.760402,0.769710
[MO833] Paramount Iteration,0,71,56.765687,0.769707
[MO833] Paramount Iteration,3,71,56.779464,0.767541
[MO833] Paramount Iteration,1,71,56.784838,0.767744
[MO833] Paramount Iteration,2,72,57.530366,0.769964
[MO833] Paramount Iteration,0,72,57.535866,0.770179
[MO833] Paramount Iteration,3,72,57.551059,0.771595
[MO833] Paramount Iteration,1,72,57.556348,0.771510
[MO833] Paramount Iteration,2,73,58.305884,0.775518
[MO833] Paramount Iteration,0,73,58.311316,0.775450
[MO833] Paramount Iteration,3,73,58.331025,0.779966
[MO833] Paramount Iteration,1,73,58.336176,0.779828
[MO833] Paramount Iteration,2,74,59.081754,0.775870
[MO833] Paramount Iteration,0,74,59.087244,0.775928
[MO833] Paramount Iteration,3,74,59.102743,0.771718
[MO833] Paramount Iteration,1,74,59.107911,0.771735
[MO833] Paramount Iteration,2,75,59.852750,0.770996
[MO833] Paramount Iteration,0,75,59.858352,0.771108
[MO833] Paramount Iteration,3,75,59.873736,0.770993
[MO833] Paramount Iteration,1,75,59.878885,0.770974
[MO833] Paramount Iteration,2,76,60.622883,0.770133
[MO833] Paramount Iteration,0,76,60.628507,0.770155
[MO833] Paramount Iteration,3,76,60.641970,0.768234
[MO833] Paramount Iteration,1,76,60.647128,0.768243
[MO833] Paramount Iteration,2,77,61.394771,0.771888
[MO833] Paramount Iteration,0,77,61.400214,0.771707
[MO833] Paramount Iteration,3,77,61.415745,0.773775
[MO833] Paramount Iteration,1,77,61.420883,0.773755
[MO833] Paramount Iteration,2,78,62.165793,0.771022
[MO833] Paramount Iteration,0,78,62.171379,0.771165
[MO833] Paramount Iteration,3,78,62.187192,0.771447
[MO833] Paramount Iteration,1,78,62.192346,0.771463
[MO833] Paramount Iteration,2,79,62.937940,0.772147
[MO833] Paramount Iteration,0,79,62.943363,0.771984
[MO833] Paramount Iteration,3,79,62.959329,0.772137
[MO833] Paramount Iteration,1,79,62.964538,0.772192
[MO833] Paramount Iteration,2,80,63.735870,0.797930
[MO833] Paramount Iteration,0,80,63.742048,0.798685
 Time step   80
[MO833] Paramount Iteration,3,80,63.741256,0.781927
[MO833] Paramount Iteration,1,80,63.747057,0.782519
[MO833] Paramount Iteration,2,81,64.501794,0.765924
[MO833] Paramount Iteration,0,81,64.507200,0.765152
[MO833] Paramount Iteration,3,81,64.524481,0.783225
[MO833] Paramount Iteration,1,81,64.530059,0.783002
[MO833] Paramount Iteration,2,82,65.292198,0.790404
[MO833] Paramount Iteration,0,82,65.297692,0.790492
[MO833] Paramount Iteration,3,82,65.317468,0.792987
[MO833] Paramount Iteration,1,82,65.322656,0.792597
[MO833] Paramount Iteration,2,83,66.084649,0.792451
[MO833] Paramount Iteration,0,83,66.090028,0.792336
[MO833] Paramount Iteration,3,83,66.110103,0.792635
[MO833] Paramount Iteration,1,83,66.115180,0.792524
[MO833] Paramount Iteration,2,84,66.877101,0.792452
[MO833] Paramount Iteration,0,84,66.882511,0.792483
[MO833] Paramount Iteration,3,84,66.901444,0.791341
[MO833] Paramount Iteration,1,84,66.906521,0.791341
[MO833] Paramount Iteration,2,85,67.651472,0.774371
[MO833] Paramount Iteration,0,85,67.657251,0.774740
[MO833] Paramount Iteration,3,85,67.673223,0.771779
[MO833] Paramount Iteration,1,85,67.678317,0.771796
[MO833] Paramount Iteration,2,86,68.423232,0.771760
[MO833] Paramount Iteration,0,86,68.428769,0.771518
[MO833] Paramount Iteration,3,86,68.443417,0.770194
[MO833] Paramount Iteration,1,86,68.448612,0.770295
[MO833] Paramount Iteration,2,87,69.191070,0.767838
[MO833] Paramount Iteration,0,87,69.196042,0.767273
[MO833] Paramount Iteration,3,87,69.214717,0.771300
[MO833] Paramount Iteration,1,87,69.219907,0.771295
[MO833] Paramount Iteration,2,88,69.965005,0.773935
[MO833] Paramount Iteration,0,88,69.970661,0.774619
[MO833] Paramount Iteration,3,88,69.986488,0.771771
[MO833] Paramount Iteration,1,88,69.991567,0.771660
[MO833] Paramount Iteration,2,89,70.737212,0.772207
[MO833] Paramount Iteration,0,89,70.742829,0.772168
[MO833] Paramount Iteration,3,89,70.757389,0.770901
[MO833] Paramount Iteration,1,89,70.762552,0.770985
[MO833] Paramount Iteration,2,90,71.509234,0.772022
[MO833] Paramount Iteration,0,90,71.514758,0.771929
[MO833] Paramount Iteration,3,90,71.527614,0.770225
[MO833] Paramount Iteration,1,90,71.532911,0.770359
[MO833] Paramount Iteration,2,91,72.277959,0.768725
[MO833] Paramount Iteration,0,91,72.283341,0.768583
[MO833] Paramount Iteration,3,91,72.299277,0.771663
[MO833] Paramount Iteration,1,91,72.304718,0.771807
[MO833] Paramount Iteration,2,92,73.047450,0.769491
[MO833] Paramount Iteration,0,92,73.052556,0.769215
[MO833] Paramount Iteration,3,92,73.071200,0.771923
[MO833] Paramount Iteration,1,92,73.076239,0.771521
[MO833] Paramount Iteration,2,93,73.821536,0.774086
[MO833] Paramount Iteration,0,93,73.826978,0.774422
[MO833] Paramount Iteration,3,93,73.842533,0.771333
[MO833] Paramount Iteration,1,93,73.847566,0.771327
[MO833] Paramount Iteration,2,94,74.592596,0.771060
[MO833] Paramount Iteration,0,94,74.598137,0.771159
[MO833] Paramount Iteration,3,94,74.613356,0.770823
[MO833] Paramount Iteration,1,94,74.618471,0.770905
[MO833] Paramount Iteration,2,95,75.362812,0.770216
[MO833] Paramount Iteration,0,95,75.368251,0.770114
[MO833] Paramount Iteration,3,95,75.381447,0.768091
[MO833] Paramount Iteration,1,95,75.386887,0.768416
[MO833] Paramount Iteration,2,96,76.130525,0.767713
[MO833] Paramount Iteration,0,96,76.136026,0.767775
[MO833] Paramount Iteration,3,96,76.150856,0.769409
[MO833] Paramount Iteration,1,96,76.156274,0.769387
[MO833] Paramount Iteration,2,97,76.915906,0.785381
[MO833] Paramount Iteration,0,97,76.920846,0.784820
[MO833] Paramount Iteration,3,97,76.943188,0.792332
[MO833] Paramount Iteration,1,97,76.948275,0.792001
[MO833] Paramount Iteration,2,98,77.710844,0.794938
[MO833] Paramount Iteration,0,98,77.716135,0.795289
[MO833] Paramount Iteration,3,98,77.735131,0.791943
[MO833] Paramount Iteration,1,98,77.740176,0.791901
[MO833] Paramount Iteration,2,99,78.516154,0.805310
[MO833] Paramount Iteration,0,99,78.521706,0.805571
[MO833] Paramount Iteration,3,99,78.519625,0.784494
[MO833] Paramount Iteration,1,99,78.525060,0.784884
[MO833] Paramount Iteration,2,100,79.274914,0.758760
[MO833] Paramount Iteration,0,100,79.279738,0.758032
 Time step  100
[MO833] Paramount Iteration,3,100,79.295222,0.775597
[MO833] Paramount Iteration,1,100,79.300400,0.775340
[MO833] Paramount Iteration,2,101,80.038170,0.763256
[MO833] Paramount Iteration,0,101,80.043040,0.763302
[MO833] Paramount Iteration,3,101,80.055529,0.760307
[MO833] Paramount Iteration,1,101,80.060707,0.760307
[MO833] Paramount Iteration,2,102,80.800668,0.762498
[MO833] Paramount Iteration,0,102,80.805532,0.762492
[MO833] Paramount Iteration,3,102,80.817048,0.761519
[MO833] Paramount Iteration,1,102,80.822178,0.761471
[MO833] Paramount Iteration,2,103,81.557397,0.756729
[MO833] Paramount Iteration,0,103,81.563061,0.757529
[MO833] Paramount Iteration,3,103,81.574531,0.757483
[MO833] Paramount Iteration,1,103,81.579778,0.757600
[MO833] Paramount Iteration,2,104,82.314486,0.757089
[MO833] Paramount Iteration,0,104,82.319497,0.756436
[MO833] Paramount Iteration,3,104,82.334041,0.759510
[MO833] Paramount Iteration,1,104,82.339192,0.759414
[MO833] Paramount Iteration,2,105,83.071529,0.757043
[MO833] Paramount Iteration,0,105,83.076491,0.756994
[MO833] Paramount Iteration,3,105,83.090448,0.756407
[MO833] Paramount Iteration,1,105,83.095631,0.756439
[MO833] Paramount Iteration,2,106,83.829097,0.757568
[MO833] Paramount Iteration,0,106,83.833897,0.757406
[MO833] Paramount Iteration,3,106,83.849864,0.759416
[MO833] Paramount Iteration,1,106,83.855074,0.759443
[MO833] Paramount Iteration,2,107,84.588309,0.759212
[MO833] Paramount Iteration,0,107,84.593271,0.759374
[MO833] Paramount Iteration,3,107,84.608938,0.759074
[MO833] Paramount Iteration,1,107,84.614157,0.759083
[MO833] Paramount Iteration,2,108,85.348674,0.760365
[MO833] Paramount Iteration,0,108,85.353660,0.760389
[MO833] Paramount Iteration,3,108,85.368015,0.759077
[MO833] Paramount Iteration,1,108,85.373006,0.758849
[MO833] Paramount Iteration,2,109,86.123393,0.774719
[MO833] Paramount Iteration,0,109,86.128328,0.774668
[MO833] Paramount Iteration,3,109,86.147443,0.779428
[MO833] Paramount Iteration,1,109,86.152582,0.779576
[MO833] Paramount Iteration,2,110,86.885838,0.762445
[MO833] Paramount Iteration,0,110,86.890782,0.762454
[MO833] Paramount Iteration,3,110,86.906718,0.759275
[MO833] Paramount Iteration,1,110,86.911939,0.759357
[MO833] Paramount Iteration,2,111,87.645339,0.759501
[MO833] Paramount Iteration,0,111,87.650413,0.759631
[MO833] Paramount Iteration,3,111,87.665610,0.758892
[MO833] Paramount Iteration,1,111,87.670530,0.758591
[MO833] Paramount Iteration,2,112,88.404199,0.758860
[MO833] Paramount Iteration,0,112,88.409151,0.758738
[MO833] Paramount Iteration,3,112,88.424936,0.759326
[MO833] Paramount Iteration,1,112,88.430023,0.759493
[MO833] Paramount Iteration,2,113,89.163667,0.759468
[MO833] Paramount Iteration,0,113,89.168562,0.759411
[MO833] Paramount Iteration,3,113,89.184062,0.759126
[MO833] Paramount Iteration,1,113,89.189157,0.759134
[MO833] Paramount Iteration,2,114,89.922356,0.758689
[MO833] Paramount Iteration,0,114,89.927334,0.758772
[MO833] Paramount Iteration,3,114,89.943213,0.759151
[MO833] Paramount Iteration,1,114,89.948387,0.759230
[MO833] Paramount Iteration,2,115,90.681401,0.759045
[MO833] Paramount Iteration,0,115,90.686352,0.759018
[MO833] Paramount Iteration,3,115,90.702115,0.758902
[MO833] Paramount Iteration,1,115,90.707535,0.759148
[MO833] Paramount Iteration,2,116,91.443752,0.762351
[MO833] Paramount Iteration,0,116,91.448802,0.762450
[MO833] Paramount Iteration,3,116,91.467518,0.765403
[MO833] Paramount Iteration,1,116,91.472712,0.765177
[MO833] Paramount Iteration,2,117,92.223818,0.780066
[MO833] Paramount Iteration,0,117,92.228712,0.779910
[MO833] Paramount Iteration,3,117,92.247427,0.779909
[MO833] Paramount Iteration,1,117,92.252701,0.779989
[MO833] Paramount Iteration,2,118,92.985627,0.761809
[MO833] Paramount Iteration,0,118,92.990615,0.761903
[MO833] Paramount Iteration,3,118,93.006709,0.759282
[MO833] Paramount Iteration,1,118,93.011872,0.759171
[MO833] Paramount Iteration,2,119,93.745094,0.759467
[MO833] Paramount Iteration,0,119,93.750165,0.759550
[MO833] Paramount Iteration,3,119,93.765862,0.759153
[MO833] Paramount Iteration,1,119,93.771361,0.759489
[MO833] Paramount Iteration,2,120,94.523215,0.778121
[MO833] Paramount Iteration,0,120,94.528184,0.778019
 Time step  120
[MO833] Paramount Iteration,3,120,94.562782,0.796920
[MO833] Paramount Iteration,1,120,94.568034,0.796673
[MO833] Paramount Iteration,2,121,95.306203,0.782988
[MO833] Paramount Iteration,0,121,95.311023,0.782839
[MO833] Paramount Iteration,3,121,95.326151,0.763369
[MO833] Paramount Iteration,1,121,95.331183,0.763149
[MO833] Paramount Iteration,2,122,96.096828,0.790625
[MO833] Paramount Iteration,0,122,96.102610,0.791587
[MO833] Paramount Iteration,3,122,96.102211,0.776060
[MO833] Paramount Iteration,1,122,96.107613,0.776430
[MO833] Paramount Iteration,2,123,96.841565,0.744737
[MO833] Paramount Iteration,0,123,96.846612,0.744002
[MO833] Paramount Iteration,3,123,96.861607,0.759396
[MO833] Paramount Iteration,1,123,96.866837,0.759224
[MO833] Paramount Iteration,2,124,97.601297,0.759732
[MO833] Paramount Iteration,0,124,97.606266,0.759654
[MO833] Paramount Iteration,3,124,97.621959,0.760352
[MO833] Paramount Iteration,1,124,97.627287,0.760450
[MO833] Paramount Iteration,2,125,98.360732,0.759435
[MO833] Paramount Iteration,0,125,98.365688,0.759422
[MO833] Paramount Iteration,3,125,98.381269,0.759310
[MO833] Paramount Iteration,1,125,98.386288,0.759001
[MO833] Paramount Iteration,2,126,99.119875,0.759143
[MO833] Paramount Iteration,0,126,99.124857,0.759169
[MO833] Paramount Iteration,3,126,99.140237,0.758968
[MO833] Paramount Iteration,1,126,99.145547,0.759259
[MO833] Paramount Iteration,2,127,99.878160,0.758285
[MO833] Paramount Iteration,0,127,99.883096,0.758239
[MO833] Paramount Iteration,3,127,99.897525,0.757288
[MO833] Paramount Iteration,1,127,99.902730,0.757183
[MO833] Paramount Iteration,2,128,100.637488,0.759328
[MO833] Paramount Iteration,0,128,100.642537,0.759441
[MO833] Paramount Iteration,3,128,100.658054,0.760529
[MO833] Paramount Iteration,1,128,100.663226,0.760496
[MO833] Paramount Iteration,2,129,101.396940,0.759452
[MO833] Paramount Iteration,0,129,101.401919,0.759382
[MO833] Paramount Iteration,3,129,101.417112,0.759058
[MO833] Paramount Iteration,1,129,101.422226,0.759000
[MO833] Paramount Iteration,2,130,102.156683,0.759743
[MO833] Paramount Iteration,0,130,102.161596,0.759677
[MO833] Paramount Iteration,3,130,102.177364,0.760252
[MO833] Paramount Iteration,1,130,102.182519,0.760293
[MO833] Paramount Iteration,2,131,102.916474,0.759791
[MO833] Paramount Iteration,0,131,102.921477,0.759881
[MO833] Paramount Iteration,1,131,102.940642,0.758123
[MO833] Paramount Iteration,3,131,102.935902,0.758538
[MO833] Paramount Iteration,2,132,103.674645,0.758171
[MO833] Paramount Iteration,0,132,103.679675,0.758198
[MO833] Paramount Iteration,3,132,103.694437,0.758535
[MO833] Paramount Iteration,1,132,103.699625,0.758983
[MO833] Paramount Iteration,2,133,104.433291,0.758646
[MO833] Paramount Iteration,0,133,104.438290,0.758615
[MO833] Paramount Iteration,3,133,104.453758,0.759321
[MO833] Paramount Iteration,1,133,104.458777,0.759152
[MO833] Paramount Iteration,2,134,105.192068,0.758777
[MO833] Paramount Iteration,0,134,105.197105,0.758815
[MO833] Paramount Iteration,3,134,105.212753,0.758995
[MO833] Paramount Iteration,1,134,105.217775,0.758998
[MO833] Paramount Iteration,2,135,105.950633,0.758565
[MO833] Paramount Iteration,0,135,105.955807,0.758702
[MO833] Paramount Iteration,3,135,105.971610,0.758857
[MO833] Paramount Iteration,1,135,105.976804,0.759029
[MO833] Paramount Iteration,2,136,106.711101,0.760468
[MO833] Paramount Iteration,0,136,106.715971,0.760164
[MO833] Paramount Iteration,3,136,106.731831,0.760221
[MO833] Paramount Iteration,1,136,106.737112,0.760308
[MO833] Paramount Iteration,2,137,107.471347,0.760246
[MO833] Paramount Iteration,0,137,107.476391,0.760420
[MO833] Paramount Iteration,3,137,107.491247,0.759416
[MO833] Paramount Iteration,1,137,107.496492,0.759380
[MO833] Paramount Iteration,2,138,108.229895,0.758548
[MO833] Paramount Iteration,0,138,108.234765,0.758374
[MO833] Paramount Iteration,3,138,108.250146,0.758899
[MO833] Paramount Iteration,1,138,108.255397,0.758905
[MO833] Paramount Iteration,2,139,108.988820,0.758925
[MO833] Paramount Iteration,0,139,108.993916,0.759151
[MO833] Paramount Iteration,3,139,109.009004,0.758858
[MO833] Paramount Iteration,1,139,109.014285,0.758888
[MO833] Paramount Iteration,2,140,109.748318,0.759498
[MO833] Paramount Iteration,0,140,109.753350,0.759434
 Time step  140
[MO833] Paramount Iteration,3,140,109.769175,0.760171
[MO833] Paramount Iteration,1,140,109.774292,0.760007
[MO833] Paramount Iteration,2,141,110.508371,0.760053
[MO833] Paramount Iteration,0,141,110.513299,0.759949
[MO833] Paramount Iteration,3,141,110.528388,0.759213
[MO833] Paramount Iteration,1,141,110.533533,0.759241
[MO833] Paramount Iteration,2,142,111.267235,0.758864
[MO833] Paramount Iteration,0,142,111.272198,0.758899
[MO833] Paramount Iteration,3,142,111.287735,0.759347
[MO833] Paramount Iteration,1,142,111.293076,0.759543
[MO833] Paramount Iteration,2,143,112.026692,0.759457
[MO833] Paramount Iteration,0,143,112.031506,0.759308
[MO833] Paramount Iteration,3,143,112.046796,0.759061
[MO833] Paramount Iteration,1,143,112.052050,0.758974
[MO833] Paramount Iteration,2,144,112.787680,0.760988
[MO833] Paramount Iteration,0,144,112.792659,0.761153
[MO833] Paramount Iteration,3,144,112.808453,0.761657
[MO833] Paramount Iteration,1,144,112.813733,0.761683
[MO833] Paramount Iteration,2,145,113.546809,0.759129
[MO833] Paramount Iteration,0,145,113.551788,0.759129
[MO833] Paramount Iteration,3,145,113.567632,0.759179
[MO833] Paramount Iteration,1,145,113.572625,0.758892
[MO833] Paramount Iteration,2,146,114.305509,0.758700
[MO833] Paramount Iteration,0,146,114.310349,0.758561
[MO833] Paramount Iteration,3,146,114.326220,0.758588
[MO833] Paramount Iteration,1,146,114.331340,0.758715
[MO833] Paramount Iteration,2,147,115.064843,0.759334
[MO833] Paramount Iteration,0,147,115.069743,0.759394
[MO833] Paramount Iteration,3,147,115.085396,0.759176
[MO833] Paramount Iteration,1,147,115.090613,0.759273
[MO833] Paramount Iteration,2,148,115.835520,0.770677
[MO833] Paramount Iteration,0,148,115.840475,0.770732
[MO833] Paramount Iteration,3,148,115.859516,0.774120
[MO833] Paramount Iteration,1,148,115.864684,0.774071
[MO833] Paramount Iteration,2,149,116.614524,0.779004
[MO833] Paramount Iteration,0,149,116.619466,0.778991
[MO833] Paramount Iteration,3,149,116.638675,0.779159
[MO833] Paramount Iteration,1,149,116.643755,0.779071
[MO833] Paramount Iteration,2,150,117.422892,0.808368
[MO833] Paramount Iteration,0,150,117.429067,0.809601
[MO833] Paramount Iteration,3,150,117.433244,0.794569
[MO833] Paramount Iteration,1,150,117.438617,0.794862
[MO833] Paramount Iteration,2,151,118.188245,0.765353
[MO833] Paramount Iteration,0,151,118.193132,0.764065
[MO833] Paramount Iteration,3,151,118.211872,0.778628
[MO833] Paramount Iteration,1,151,118.217041,0.778424
[MO833] Paramount Iteration,2,152,118.951356,0.763111
[MO833] Paramount Iteration,0,152,118.956288,0.763156
[MO833] Paramount Iteration,3,152,118.970504,0.758632
[MO833] Paramount Iteration,1,152,118.975538,0.758497
[MO833] Paramount Iteration,2,153,119.708909,0.757553
[MO833] Paramount Iteration,0,153,119.713922,0.757634
[MO833] Paramount Iteration,3,153,119.729551,0.759047
[MO833] Paramount Iteration,1,153,119.734792,0.759254
[MO833] Paramount Iteration,2,154,120.467603,0.758694
[MO833] Paramount Iteration,0,154,120.472552,0.758630
[MO833] Paramount Iteration,1,154,120.491636,0.756844
[MO833] Paramount Iteration,3,154,120.486942,0.757391
[MO833] Paramount Iteration,2,155,121.224808,0.757205
[MO833] Paramount Iteration,0,155,121.229818,0.757266
[MO833] Paramount Iteration,3,155,121.245592,0.758650
[MO833] Paramount Iteration,1,155,121.250629,0.758993
[MO833] Paramount Iteration,2,156,122.000081,0.775273
[MO833] Paramount Iteration,0,156,122.005122,0.775304
[MO833] Paramount Iteration,3,156,122.019232,0.773640
[MO833] Paramount Iteration,1,156,122.024355,0.773726
[MO833] Paramount Iteration,2,157,122.759221,0.759140
[MO833] Paramount Iteration,0,157,122.764380,0.759258
[MO833] Paramount Iteration,3,157,122.779383,0.760151
[MO833] Paramount Iteration,1,157,122.784463,0.760108
[MO833] Paramount Iteration,2,158,123.519340,0.760119
[MO833] Paramount Iteration,0,158,123.524386,0.760006
[MO833] Paramount Iteration,3,158,123.538177,0.758794
[MO833] Paramount Iteration,1,158,123.543351,0.758888
[MO833] Paramount Iteration,2,159,124.277577,0.758237
[MO833] Paramount Iteration,0,159,124.282386,0.758000
[MO833] Paramount Iteration,3,159,124.297671,0.759494
[MO833] Paramount Iteration,1,159,124.302780,0.759429
[MO833] Paramount Iteration,2,160,125.036780,0.759203
[MO833] Paramount Iteration,0,160,125.041708,0.759322
 Time step  160
[MO833] Paramount Iteration,3,160,125.056273,0.758602
[MO833] Paramount Iteration,1,160,125.061486,0.758706
[MO833] Paramount Iteration,2,161,125.795104,0.758324
[MO833] Paramount Iteration,0,161,125.800027,0.758319
[MO833] Paramount Iteration,1,161,125.818442,0.756956
[MO833] Paramount Iteration,3,161,125.813711,0.757438
[MO833] Paramount Iteration,2,162,126.552207,0.757103
[MO833] Paramount Iteration,0,162,126.557221,0.757194
[MO833] Paramount Iteration,3,162,126.571597,0.757886
[MO833] Paramount Iteration,1,162,126.576742,0.758300
[MO833] Paramount Iteration,2,163,127.310704,0.758497
[MO833] Paramount Iteration,0,163,127.315665,0.758444
[MO833] Paramount Iteration,3,163,127.329300,0.757703
[MO833] Paramount Iteration,1,163,127.334366,0.757624
[MO833] Paramount Iteration,2,164,128.068825,0.758121
[MO833] Paramount Iteration,0,164,128.073942,0.758277
[MO833] Paramount Iteration,3,164,128.087913,0.758613
[MO833] Paramount Iteration,1,164,128.092882,0.758516
[MO833] Paramount Iteration,2,165,128.825618,0.756793
[MO833] Paramount Iteration,0,165,128.830668,0.756726
[MO833] Paramount Iteration,3,165,128.843595,0.755682
[MO833] Paramount Iteration,1,165,128.848700,0.755818
[MO833] Paramount Iteration,2,166,129.582889,0.757271
[MO833] Paramount Iteration,0,166,129.587850,0.757182
[MO833] Paramount Iteration,3,166,129.602451,0.758856
[MO833] Paramount Iteration,1,166,129.607581,0.758881
[MO833] Paramount Iteration,2,167,130.341385,0.758496
[MO833] Paramount Iteration,0,167,130.346439,0.758589
[MO833] Paramount Iteration,3,167,130.360884,0.758433
[MO833] Paramount Iteration,1,167,130.365966,0.758385
[MO833] Paramount Iteration,2,168,131.099366,0.757981
[MO833] Paramount Iteration,0,168,131.104346,0.757907
[MO833] Paramount Iteration,3,168,131.117353,0.756469
[MO833] Paramount Iteration,1,168,131.122532,0.756566
[MO833] Paramount Iteration,2,169,131.856343,0.756977
[MO833] Paramount Iteration,0,169,131.861435,0.757089
[MO833] Paramount Iteration,3,169,131.875882,0.758529
[MO833] Paramount Iteration,1,169,131.880979,0.758447
[MO833] Paramount Iteration,2,170,132.615277,0.758934
[MO833] Paramount Iteration,0,170,132.622212,0.760777
[MO833] Paramount Iteration,3,170,132.634068,0.758186
[MO833] Paramount Iteration,1,170,132.639805,0.758826
[MO833] Paramount Iteration,0,171,133.378581,0.756369
[MO833] Paramount Iteration,2,171,133.373793,0.758516
[MO833] Paramount Iteration,3,171,133.395368,0.761300
[MO833] Paramount Iteration,1,171,133.400459,0.760654
[MO833] Paramount Iteration,2,172,134.150932,0.777139
[MO833] Paramount Iteration,0,172,134.155836,0.777255
[MO833] Paramount Iteration,3,172,134.174689,0.779321
[MO833] Paramount Iteration,1,172,134.179725,0.779266
[MO833] Paramount Iteration,2,173,134.913407,0.762475
[MO833] Paramount Iteration,0,173,134.918414,0.762578
[MO833] Paramount Iteration,3,173,134.932448,0.757759
[MO833] Paramount Iteration,1,173,134.938014,0.758289
[MO833] Paramount Iteration,2,174,135.671104,0.757697
[MO833] Paramount Iteration,0,174,135.675996,0.757582
[MO833] Paramount Iteration,3,174,135.691474,0.759026
[MO833] Paramount Iteration,1,174,135.696603,0.758589
[MO833] Paramount Iteration,2,175,136.429960,0.758856
[MO833] Paramount Iteration,0,175,136.434886,0.758890
[MO833] Paramount Iteration,3,175,136.449612,0.758138
[MO833] Paramount Iteration,1,175,136.454673,0.758070
[MO833] Paramount Iteration,2,176,137.187086,0.757126
[MO833] Paramount Iteration,0,176,137.192082,0.757196
[MO833] Paramount Iteration,3,176,137.204806,0.755194
[MO833] Paramount Iteration,1,176,137.210117,0.755444
[MO833] Paramount Iteration,2,177,137.943538,0.756452
[MO833] Paramount Iteration,0,177,137.948557,0.756475
[MO833] Paramount Iteration,1,177,137.967041,0.756924
[MO833] Paramount Iteration,3,177,137.962093,0.757287
[MO833] Paramount Iteration,2,178,138.701465,0.757927
[MO833] Paramount Iteration,0,178,138.706412,0.757855
[MO833] Paramount Iteration,3,178,138.720780,0.758687
[MO833] Paramount Iteration,1,178,138.725907,0.758866
[MO833] Paramount Iteration,2,179,139.460915,0.759450
[MO833] Paramount Iteration,0,179,139.466031,0.759619
[MO833] Paramount Iteration,3,179,139.484871,0.764091
[MO833] Paramount Iteration,1,179,139.489941,0.764034
[MO833] Paramount Iteration,2,180,140.231529,0.770614
[MO833] Paramount Iteration,0,180,140.236568,0.770537
 Time step  180
[MO833] Paramount Iteration,3,180,140.252171,0.767300
[MO833] Paramount Iteration,1,180,140.257156,0.767215
[MO833] Paramount Iteration,2,181,140.989489,0.757960
[MO833] Paramount Iteration,0,181,140.994523,0.757955
[MO833] Paramount Iteration,3,181,141.010272,0.758101
[MO833] Paramount Iteration,1,181,141.015341,0.758185
[MO833] Paramount Iteration,2,182,141.747820,0.758331
[MO833] Paramount Iteration,0,182,141.752892,0.758369
[MO833] Paramount Iteration,3,182,141.767563,0.757291
[MO833] Paramount Iteration,1,182,141.772595,0.757254
[MO833] Paramount Iteration,2,183,142.505577,0.757757
[MO833] Paramount Iteration,0,183,142.510488,0.757596
[MO833] Paramount Iteration,3,183,142.527870,0.760307
[MO833] Paramount Iteration,1,183,142.532916,0.760321
[MO833] Paramount Iteration,2,184,143.301675,0.796098
[MO833] Paramount Iteration,0,184,143.306719,0.796231
[MO833] Paramount Iteration,3,184,143.311901,0.784031
[MO833] Paramount Iteration,1,184,143.317112,0.784196
[MO833] Paramount Iteration,2,185,144.065994,0.764319
[MO833] Paramount Iteration,0,185,144.070939,0.764220
[MO833] Paramount Iteration,3,185,144.090317,0.778416
[MO833] Paramount Iteration,1,185,144.095364,0.778252
[MO833] Paramount Iteration,2,186,144.844524,0.778530
[MO833] Paramount Iteration,0,186,144.849549,0.778610
[MO833] Paramount Iteration,3,186,144.868966,0.778649
[MO833] Paramount Iteration,1,186,144.874053,0.778689
[MO833] Paramount Iteration,2,187,145.623078,0.778554
[MO833] Paramount Iteration,0,187,145.628030,0.778481
[MO833] Paramount Iteration,3,187,145.647178,0.778212
[MO833] Paramount Iteration,1,187,145.652273,0.778220
[MO833] Paramount Iteration,2,188,146.401098,0.778020
[MO833] Paramount Iteration,0,188,146.406054,0.778024
[MO833] Paramount Iteration,3,188,146.425878,0.778700
[MO833] Paramount Iteration,1,188,146.430996,0.778723
[MO833] Paramount Iteration,2,189,147.164560,0.763462
[MO833] Paramount Iteration,0,189,147.169585,0.763531
[MO833] Paramount Iteration,3,189,147.184348,0.758470
[MO833] Paramount Iteration,1,189,147.189597,0.758601
[MO833] Paramount Iteration,2,190,147.921879,0.757319
[MO833] Paramount Iteration,0,190,147.926811,0.757226
[MO833] Paramount Iteration,3,190,147.942671,0.758323
[MO833] Paramount Iteration,1,190,147.947746,0.758149
[MO833] Paramount Iteration,2,191,148.682076,0.760197
[MO833] Paramount Iteration,0,191,148.687182,0.760371
[MO833] Paramount Iteration,3,191,148.702004,0.759333
[MO833] Paramount Iteration,1,191,148.707141,0.759395
[MO833] Paramount Iteration,2,192,149.439528,0.757452
[MO833] Paramount Iteration,0,192,149.444496,0.757314
[MO833] Paramount Iteration,3,192,149.460457,0.758453
[MO833] Paramount Iteration,1,192,149.465512,0.758371
[MO833] Paramount Iteration,2,193,150.198040,0.758512
[MO833] Paramount Iteration,0,193,150.202932,0.758436
[MO833] Paramount Iteration,3,193,150.218613,0.758156
[MO833] Paramount Iteration,1,193,150.223889,0.758377
[MO833] Paramount Iteration,2,194,150.955628,0.757588
[MO833] Paramount Iteration,0,194,150.960582,0.757650
[MO833] Paramount Iteration,3,194,150.974311,0.755698
[MO833] Paramount Iteration,1,194,150.979415,0.755526
[MO833] Paramount Iteration,2,195,151.713300,0.757672
[MO833] Paramount Iteration,0,195,151.718125,0.757543
[MO833] Paramount Iteration,3,195,151.733694,0.759383
[MO833] Paramount Iteration,1,195,151.738720,0.759305
[MO833] Paramount Iteration,2,196,152.471490,0.758190
[MO833] Paramount Iteration,0,196,152.476338,0.758213
[MO833] Paramount Iteration,3,196,152.492161,0.758467
[MO833] Paramount Iteration,1,196,152.497276,0.758556
[MO833] Paramount Iteration,2,197,153.232937,0.761447
[MO833] Paramount Iteration,0,197,153.237969,0.761631
[MO833] Paramount Iteration,3,197,153.252116,0.759955
[MO833] Paramount Iteration,1,197,153.257132,0.759856
[MO833] Paramount Iteration,2,198,153.989612,0.756675
[MO833] Paramount Iteration,0,198,153.994604,0.756635
[MO833] Paramount Iteration,3,198,154.007867,0.755751
[MO833] Paramount Iteration,1,198,154.013123,0.755991
[MO833] Paramount Iteration,2,199,154.746599,0.756987
[MO833] Paramount Iteration,0,199,154.751653,0.757049
[MO833] Paramount Iteration,3,199,154.765023,0.757156
[MO833] Paramount Iteration,1,199,154.770321,0.757198
[MO833] Paramount Iteration,2,200,155.503092,0.756493
[MO833] Paramount Iteration,0,200,155.508210,0.756557
 Time step  200
[MO833] Paramount Iteration,1,200,155.528739,0.758418
[MO833] Paramount Iteration,3,200,155.523864,0.758841
[MO833] Paramount Iteration,2,201,156.261579,0.758487
[MO833] Paramount Iteration,0,201,156.266663,0.758453
[MO833] Paramount Iteration,3,201,156.282228,0.758364
[MO833] Paramount Iteration,1,201,156.287242,0.758503
[MO833] Paramount Iteration,2,202,157.018792,0.757213
[MO833] Paramount Iteration,0,202,157.023813,0.757150
[MO833] Paramount Iteration,3,202,157.037796,0.755568
[MO833] Paramount Iteration,1,202,157.042896,0.755654
[MO833] Paramount Iteration,2,203,157.776493,0.757701
[MO833] Paramount Iteration,0,203,157.781237,0.757424
[MO833] Paramount Iteration,3,203,157.796916,0.759120
[MO833] Paramount Iteration,1,203,157.802087,0.759191
[MO833] Paramount Iteration,2,204,158.534852,0.758359
[MO833] Paramount Iteration,0,204,158.539856,0.758619
[MO833] Paramount Iteration,3,204,158.555565,0.758649
[MO833] Paramount Iteration,1,204,158.560564,0.758477
[MO833] Paramount Iteration,2,205,159.294528,0.759676
[MO833] Paramount Iteration,0,205,159.299345,0.759489
[MO833] Paramount Iteration,3,205,159.314683,0.759118
[MO833] Paramount Iteration,1,205,159.319697,0.759133
[MO833] Paramount Iteration,2,206,160.052172,0.757644
[MO833] Paramount Iteration,0,206,160.057154,0.757809
[MO833] Paramount Iteration,3,206,160.072846,0.758163
[MO833] Paramount Iteration,1,206,160.077966,0.758269
[MO833] Paramount Iteration,2,207,160.813081,0.760909
[MO833] Paramount Iteration,0,207,160.817910,0.760756
[MO833] Paramount Iteration,3,207,160.836932,0.764086
[MO833] Paramount Iteration,1,207,160.842002,0.764036
[MO833] Paramount Iteration,2,208,161.591082,0.778001
[MO833] Paramount Iteration,0,208,161.596187,0.778277
[MO833] Paramount Iteration,3,208,161.615757,0.778825
[MO833] Paramount Iteration,1,208,161.620930,0.778928
[MO833] Paramount Iteration,2,209,162.369658,0.778576
[MO833] Paramount Iteration,0,209,162.374710,0.778523
[MO833] Paramount Iteration,3,209,162.394494,0.778737
[MO833] Paramount Iteration,1,209,162.399561,0.778631
[MO833] Paramount Iteration,2,210,163.148864,0.779206
[MO833] Paramount Iteration,0,210,163.153829,0.779119
[MO833] Paramount Iteration,3,210,163.173100,0.778606
[MO833] Paramount Iteration,1,210,163.178103,0.778542
[MO833] Paramount Iteration,2,211,163.928604,0.779740
[MO833] Paramount Iteration,0,211,163.933542,0.779713
[MO833] Paramount Iteration,3,211,163.952445,0.779345
[MO833] Paramount Iteration,1,211,163.957413,0.779310
[MO833] Paramount Iteration,2,212,164.706366,0.777762
[MO833] Paramount Iteration,0,212,164.711319,0.777777
[MO833] Paramount Iteration,3,212,164.731368,0.778923
[MO833] Paramount Iteration,1,212,164.736417,0.779004
[MO833] Paramount Iteration,2,213,165.485641,0.779275
[MO833] Paramount Iteration,0,213,165.490559,0.779240
[MO833] Paramount Iteration,3,213,165.510230,0.778862
[MO833] Paramount Iteration,1,213,165.515382,0.778965
[MO833] Paramount Iteration,2,214,166.264519,0.778878
[MO833] Paramount Iteration,0,214,166.269507,0.778948
[MO833] Paramount Iteration,3,214,166.287591,0.777361
[MO833] Paramount Iteration,1,214,166.292934,0.777552
[MO833] Paramount Iteration,2,215,167.035108,0.770589
[MO833] Paramount Iteration,0,215,167.039932,0.770425
[MO833] Paramount Iteration,3,215,167.055360,0.767769
[MO833] Paramount Iteration,1,215,167.060524,0.767590
[MO833] Paramount Iteration,2,216,167.793389,0.758281
[MO833] Paramount Iteration,0,216,167.798289,0.758357
[MO833] Paramount Iteration,3,216,167.813854,0.758494
[MO833] Paramount Iteration,1,216,167.819088,0.758564
[MO833] Paramount Iteration,2,217,168.552352,0.758963
[MO833] Paramount Iteration,0,217,168.557105,0.758816
[MO833] Paramount Iteration,3,217,168.570856,0.757002
[MO833] Paramount Iteration,1,217,168.576074,0.756986
[MO833] Paramount Iteration,2,218,169.309513,0.757161
[MO833] Paramount Iteration,0,218,169.314367,0.757262
[MO833] Paramount Iteration,3,218,169.329339,0.758483
[MO833] Paramount Iteration,1,218,169.334462,0.758388
[MO833] Paramount Iteration,2,219,170.076711,0.767198
[MO833] Paramount Iteration,0,219,170.081791,0.767424
[MO833] Paramount Iteration,3,219,170.100985,0.771646
[MO833] Paramount Iteration,1,219,170.106115,0.771653
[MO833] Paramount Iteration,2,220,170.844093,0.767382
[MO833] Paramount Iteration,0,220,170.849067,0.767276
 Time step  220
[MO833] Paramount Iteration,3,220,170.864702,0.763717
[MO833] Paramount Iteration,1,220,170.869885,0.763770
[MO833] Paramount Iteration,2,221,171.600754,0.756661
[MO833] Paramount Iteration,0,221,171.605620,0.756553
[MO833] Paramount Iteration,3,221,171.619649,0.754947
[MO833] Paramount Iteration,1,221,171.624934,0.755049
[MO833] Paramount Iteration,2,222,172.356908,0.756154
[MO833] Paramount Iteration,0,222,172.361921,0.756301
[MO833] Paramount Iteration,3,222,172.377080,0.757431
[MO833] Paramount Iteration,1,222,172.381809,0.756875
[MO833] Paramount Iteration,2,223,173.114776,0.757868
[MO833] Paramount Iteration,0,223,173.119803,0.757882
[MO833] Paramount Iteration,3,223,173.135600,0.758520
[MO833] Paramount Iteration,1,223,173.140750,0.758941
[MO833] Paramount Iteration,2,224,173.896331,0.781555
[MO833] Paramount Iteration,0,224,173.901534,0.781731
[MO833] Paramount Iteration,3,224,173.902145,0.766545
[MO833] Paramount Iteration,1,224,173.907689,0.766939
[MO833] Paramount Iteration,2,225,174.641149,0.744818
[MO833] Paramount Iteration,0,225,174.646157,0.744623
[MO833] Paramount Iteration,3,225,174.661813,0.759668
[MO833] Paramount Iteration,1,225,174.666921,0.759232
[MO833] Paramount Iteration,2,226,175.400082,0.758933
[MO833] Paramount Iteration,0,226,175.404904,0.758747
[MO833] Paramount Iteration,3,226,175.420228,0.758415
[MO833] Paramount Iteration,1,226,175.425445,0.758524
[MO833] Paramount Iteration,2,227,176.168153,0.768071
[MO833] Paramount Iteration,0,227,176.172987,0.768083
[MO833] Paramount Iteration,3,227,176.191634,0.771406
[MO833] Paramount Iteration,1,227,176.196658,0.771213
[MO833] Paramount Iteration,0,228,176.932957,0.759970
[MO833] Paramount Iteration,2,228,176.928230,0.760077
[MO833] Paramount Iteration,3,228,176.947081,0.755447
[MO833] Paramount Iteration,1,228,176.952363,0.755705
[MO833] Paramount Iteration,2,229,177.686866,0.758636
[MO833] Paramount Iteration,0,229,177.691753,0.758796
[MO833] Paramount Iteration,3,229,177.707042,0.759961
[MO833] Paramount Iteration,1,229,177.712274,0.759911
[MO833] Paramount Iteration,2,230,178.445868,0.759002
[MO833] Paramount Iteration,0,230,178.450808,0.759055
[MO833] Paramount Iteration,3,230,178.466465,0.759423
[MO833] Paramount Iteration,1,230,178.471556,0.759282
[MO833] Paramount Iteration,2,231,179.204810,0.758942
[MO833] Paramount Iteration,0,231,179.209773,0.758965
[MO833] Paramount Iteration,3,231,179.223444,0.756979
[MO833] Paramount Iteration,1,231,179.228518,0.756962
[MO833] Paramount Iteration,2,232,179.962247,0.757437
[MO833] Paramount Iteration,0,232,179.967277,0.757504
[MO833] Paramount Iteration,3,232,179.982108,0.758664
[MO833] Paramount Iteration,1,232,179.987403,0.758885
[MO833] Paramount Iteration,2,233,180.719876,0.757629
[MO833] Paramount Iteration,0,233,180.724796,0.757519
[MO833] Paramount Iteration,3,233,180.739044,0.756936
[MO833] Paramount Iteration,1,233,180.744297,0.756894
[MO833] Paramount Iteration,2,234,181.477920,0.758044
[MO833] Paramount Iteration,0,234,181.482787,0.757991
[MO833] Paramount Iteration,3,234,181.498732,0.759688
[MO833] Paramount Iteration,1,234,181.503759,0.759462
[MO833] Paramount Iteration,2,235,182.238173,0.760253
[MO833] Paramount Iteration,0,235,182.243181,0.760394
[MO833] Paramount Iteration,3,235,182.259467,0.760735
[MO833] Paramount Iteration,1,235,182.264576,0.760817
[MO833] Paramount Iteration,2,236,183.014442,0.776269
[MO833] Paramount Iteration,0,236,183.019461,0.776280
[MO833] Paramount Iteration,3,236,183.035080,0.775613
[MO833] Paramount Iteration,1,236,183.040260,0.775684
[MO833] Paramount Iteration,2,237,183.773170,0.758728
[MO833] Paramount Iteration,0,237,183.778201,0.758740
[MO833] Paramount Iteration,3,237,183.794604,0.759524
[MO833] Paramount Iteration,1,237,183.799872,0.759612
[MO833] Paramount Iteration,2,238,184.534991,0.761821
[MO833] Paramount Iteration,0,238,184.539979,0.761778
[MO833] Paramount Iteration,3,238,184.554221,0.759617
[MO833] Paramount Iteration,1,238,184.559547,0.759675
[MO833] Paramount Iteration,2,239,185.293394,0.758403
[MO833] Paramount Iteration,0,239,185.298349,0.758370
[MO833] Paramount Iteration,3,239,185.313016,0.758795
[MO833] Paramount Iteration,1,239,185.318132,0.758585
[MO833] Paramount Iteration,2,240,186.052465,0.759071
[MO833] Paramount Iteration,0,240,186.057527,0.759178
 Time step  240
[MO833] Paramount Iteration,1,240,186.076857,0.758725
[MO833] Paramount Iteration,3,240,186.071978,0.758962
[MO833] Paramount Iteration,2,241,186.848018,0.795553
[MO833] Paramount Iteration,0,241,186.852866,0.795339
[MO833] Paramount Iteration,3,241,186.882718,0.810740
[MO833] Paramount Iteration,1,241,186.887865,0.811008
[MO833] Paramount Iteration,2,242,187.621484,0.773466
[MO833] Paramount Iteration,0,242,187.626332,0.773466
[MO833] Paramount Iteration,3,242,187.642180,0.759462
[MO833] Paramount Iteration,1,242,187.647506,0.759641
[MO833] Paramount Iteration,2,243,188.385112,0.763628
[MO833] Paramount Iteration,0,243,188.389944,0.763612
[MO833] Paramount Iteration,3,243,188.402782,0.760602
[MO833] Paramount Iteration,1,243,188.407876,0.760370
[MO833] Paramount Iteration,2,244,189.140501,0.755389
[MO833] Paramount Iteration,0,244,189.145335,0.755391
[MO833] Paramount Iteration,3,244,189.159081,0.756299
[MO833] Paramount Iteration,1,244,189.164131,0.756255
[MO833] Paramount Iteration,2,245,189.897597,0.757096
[MO833] Paramount Iteration,0,245,189.902400,0.757065
[MO833] Paramount Iteration,1,245,189.923337,0.759206
[MO833] Paramount Iteration,3,245,189.918371,0.759290
[MO833] Paramount Iteration,2,246,190.655000,0.757403
[MO833] Paramount Iteration,0,246,190.659724,0.757324
[MO833] Paramount Iteration,3,246,190.674920,0.756549
[MO833] Paramount Iteration,1,246,190.680145,0.756808
[MO833] Paramount Iteration,2,247,191.413654,0.758654
[MO833] Paramount Iteration,0,247,191.418522,0.758798
[MO833] Paramount Iteration,1,247,191.439910,0.759765
[MO833] Paramount Iteration,3,247,191.434978,0.760058
[MO833] Paramount Iteration,2,248,192.173856,0.760202
[MO833] Paramount Iteration,0,248,192.178588,0.760066
[MO833] Paramount Iteration,3,248,192.194444,0.759466
[MO833] Paramount Iteration,1,248,192.199596,0.759686
[MO833] Paramount Iteration,2,249,192.933498,0.759642
[MO833] Paramount Iteration,0,249,192.938411,0.759823
[MO833] Paramount Iteration,1,249,192.958488,0.758892
[MO833] Paramount Iteration,3,249,192.953563,0.759119
[MO833] Paramount Iteration,2,250,193.692614,0.759116
[MO833] Paramount Iteration,0,250,193.697541,0.759130
 Time step  250
[MO833] Paramount Iteration,3,250,193.712595,0.759032
[MO833] Paramount Iteration,1,250,193.717713,0.759225

 Verification being performed for class C
 Accuracy setting for epsilon =  0.1000000000000E-07
 Comparison of RMS-norms of residual
[MO833] PI avg,2,0.767407,251
[MO833] Beta,2,0.000270
[MO833] PI avg,3,0.767494,251
[MO833] Beta,3,0.000270
[MO833] PI avg,1,0.767496,251
[MO833] Beta,1,0.000270
           1   0.1037669803235E+05 0.1037669803235E+05 0.1928251489695E-14
           2   0.8922124588010E+03 0.8922124588010E+03 0.6371063113958E-14
           3   0.2562388145827E+04 0.2562388145827E+04 0.1064820764864E-13
           4   0.2191943438578E+04 0.2191943438578E+04 0.3526872468061E-14
           5   0.1780780572611E+05 0.1780780572611E+05 0.1634329962061E-14
 Comparison of RMS-norms of solution error
           1   0.2159863997169E+03 0.2159863997169E+03 0.5395201217177E-14
           2   0.1557895592399E+02 0.1557895592399E+02 0.1596319796586E-14
           3   0.5413188630772E+02 0.5413188630772E+02 0.3937842097655E-15
           4   0.4822626431540E+02 0.4822626431540E+02 0.6335414544627E-14
           5   0.4559029100432E+03 0.4559029100433E+03 0.3241762352955E-14
 Comparison of surface integral
               0.6664045535722E+02 0.6664045535722E+02 0.6397399885262E-15
 Verification Successful


 LU Benchmark Completed.
 Class           =                        C
 Size            =            162x 162x 162
 Iterations      =                      250
 Time in seconds =                   192.07
 Total processes =                        4
 Active procs    =                        4
 Mop/s total     =                 10615.64
 Mop/s/process   =                  2653.91
 Operation type  =           floating point
 Verification    =               SUCCESSFUL
 Version         =                      3.4
 Compile date    =              16 Jun 2020

 Compile options:
    MPIFC        = mpif90
    FLINK        = $(MPIFC)
    FMPI_LIB     = (none)
    FMPI_INC     = (none)
    FFLAGS       = -O3
    FLINKFLAGS   = $(FFLAGS) -O ../kernel_stats/kernel_stats.o...
    RAND         = (none)


 Please send feedbacks and/or the results of this run to:

 NPB Development Team 
 Internet: npb@nas.nasa.gov


[MO833] PI avg,0,0.767408,251
[MO833] Beta,0,0.000272
[MO833] Total time,194.542407
