--------------------------------------------------------------------------
[[45001,1],0]: A high-performance Open MPI point-to-point messaging module
was unable to find any relevant network interfaces:

Module: OpenFabrics (openib)
  Host: node06

Another transport will be used instead, although this may result in
lower performance.

NOTE: You can disable this warning by setting the MCA parameter
btl_base_warn_component_unused to 0.
--------------------------------------------------------------------------


 NAS Parallel Benchmarks 3.4 -- LU Benchmark

 Size:  162x 162x 162  (class C)
 Iterations:  250
 Total number of processes:     1

 Time step    1
 Time step   20
 Time step   40
 Time step   60
 Time step   80
 Time step  100
 Time step  120
 Time step  140
 Time step  160
 Time step  180
 Time step  200
 Time step  220
 Time step  240
 Time step  250

 Verification being performed for class C
 Accuracy setting for epsilon =  0.1000000000000E-07
 Comparison of RMS-norms of residual
           1   0.1037669803235E+05 0.1037669803235E+05 0.3330616209474E-14
           2   0.8922124588010E+03 0.8922124588010E+03 0.7517854474470E-14
           3   0.2562388145827E+04 0.2562388145827E+04 0.1419761019819E-13
           4   0.2191943438578E+04 0.2191943438578E+04 0.7676134195193E-14
           5   0.1780780572611E+05 0.1780780572611E+05 0.3350376422225E-13
 Comparison of RMS-norms of solution error
           1   0.2159863997170E+03 0.2159863997169E+03 0.2105444377435E-13
           2   0.1557895592399E+02 0.1557895592399E+02 0.1334067258576E-13
           3   0.5413188630772E+02 0.5413188630772E+02 0.2625228065103E-14
           4   0.4822626431540E+02 0.4822626431540E+02 0.1768022663617E-14
           5   0.4559029100433E+03 0.4559029100433E+03 0.3715558389157E-13
 Comparison of surface integral
               0.6664045535722E+02 0.6664045535722E+02 0.2132466628421E-15
 Verification Successful


 LU Benchmark Completed.
 Class           =                        C
 Size            =            162x 162x 162
 Iterations      =                      250
 Time in seconds =                   669.18
 Total processes =                        1
 Active procs    =                        1
 Mop/s total     =                  3047.01
 Mop/s/process   =                  3047.01
 Operation type  =           floating point
 Verification    =               SUCCESSFUL
 Version         =                      3.4
 Compile date    =              06 Jun 2020

 Compile options:
    MPIFC        = mpif90
    FLINK        = $(MPIFC)
    FMPI_LIB     = (none)
    FMPI_INC     = (none)
    FFLAGS       = -O3
    FLINKFLAGS   = $(FFLAGS) -O ../kernel_stats/kernel_stats.o
    RAND         = (none)


 Please send feedbacks and/or the results of this run to:

 NPB Development Team 
 Internet: npb@nas.nasa.gov


