--------------------------------------------------------------------------
[[51791,1],1]: A high-performance Open MPI point-to-point messaging module
was unable to find any relevant network interfaces:

Module: OpenFabrics (openib)
  Host: node06

Another transport will be used instead, although this may result in
lower performance.

NOTE: You can disable this warning by setting the MCA parameter
btl_base_warn_component_unused to 0.
--------------------------------------------------------------------------


 NAS Parallel Benchmarks 3.4 -- BT Benchmark

 No input file inputbt.data. Using compiled defaults
 Size:  102x 102x 102  (class B)
 Iterations:  200    dt:   0.0003000
 WARNING: Number of active processes:     4
 Total number of processes:     8

 Time step    1
[MO833] Paramount Iteration,3,1,1.267306,0.456492
[MO833] Paramount Iteration,1,1,1.273923,0.457267
[MO833] Paramount Iteration,0,1,1.277265,0.458690
[MO833] Paramount Iteration,2,1,1.271408,0.460147
[MO833] Paramount Iteration,0,2,1.713142,0.435877
[MO833] Paramount Iteration,2,2,1.706609,0.435201
[MO833] Paramount Iteration,3,2,1.707357,0.440051
[MO833] Paramount Iteration,1,2,1.713547,0.439624
[MO833] Paramount Iteration,0,3,2.146536,0.433394
[MO833] Paramount Iteration,2,3,2.140336,0.433727
[MO833] Paramount Iteration,3,3,2.141066,0.433709
[MO833] Paramount Iteration,1,3,2.147278,0.433731
[MO833] Paramount Iteration,0,4,2.580672,0.434136
[MO833] Paramount Iteration,2,4,2.574054,0.433718
[MO833] Paramount Iteration,3,4,2.574875,0.433809
[MO833] Paramount Iteration,1,4,2.580991,0.433713
[MO833] Paramount Iteration,0,5,3.014045,0.433373
[MO833] Paramount Iteration,2,5,3.007493,0.433439
[MO833] Paramount Iteration,3,5,3.008232,0.433357
[MO833] Paramount Iteration,1,5,3.014443,0.433452
[MO833] Paramount Iteration,3,6,3.443698,0.435466
[MO833] Paramount Iteration,1,6,3.449495,0.435052
[MO833] Paramount Iteration,0,6,3.458626,0.444581
[MO833] Paramount Iteration,2,6,3.451601,0.444108
[MO833] Paramount Iteration,0,7,3.888926,0.430300
[MO833] Paramount Iteration,2,7,3.882460,0.430859
[MO833] Paramount Iteration,3,7,3.883136,0.439438
[MO833] Paramount Iteration,1,7,3.889360,0.439865
[MO833] Paramount Iteration,0,8,4.344956,0.456030
[MO833] Paramount Iteration,2,8,4.338441,0.455981
[MO833] Paramount Iteration,3,8,4.339200,0.456064
[MO833] Paramount Iteration,1,8,4.345357,0.455997
[MO833] Paramount Iteration,0,9,4.782914,0.437958
[MO833] Paramount Iteration,2,9,4.776453,0.438012
[MO833] Paramount Iteration,3,9,4.777183,0.437983
[MO833] Paramount Iteration,1,9,4.783419,0.438062
[MO833] Paramount Iteration,0,10,5.216334,0.433420
[MO833] Paramount Iteration,2,10,5.209899,0.433446
[MO833] Paramount Iteration,3,10,5.210547,0.433364
[MO833] Paramount Iteration,1,10,5.216816,0.433397
[MO833] Paramount Iteration,0,11,5.649793,0.433459
[MO833] Paramount Iteration,2,11,5.643328,0.433429
[MO833] Paramount Iteration,3,11,5.644000,0.433453
[MO833] Paramount Iteration,1,11,5.650258,0.433442
[MO833] Paramount Iteration,3,12,6.079681,0.435681
[MO833] Paramount Iteration,1,12,6.085482,0.435224
[MO833] Paramount Iteration,0,12,6.094866,0.445073
[MO833] Paramount Iteration,2,12,6.087833,0.444505
[MO833] Paramount Iteration,0,13,6.525175,0.430309
[MO833] Paramount Iteration,2,13,6.518667,0.430834
[MO833] Paramount Iteration,3,13,6.519357,0.439676
[MO833] Paramount Iteration,1,13,6.525573,0.440091
[MO833] Paramount Iteration,0,14,6.958694,0.433519
[MO833] Paramount Iteration,2,14,6.952130,0.433463
[MO833] Paramount Iteration,3,14,6.952909,0.433552
[MO833] Paramount Iteration,1,14,6.959120,0.433547
[MO833] Paramount Iteration,0,15,7.392107,0.433413
[MO833] Paramount Iteration,2,15,7.385562,0.433432
[MO833] Paramount Iteration,3,15,7.386325,0.433416
[MO833] Paramount Iteration,1,15,7.392490,0.433370
[MO833] Paramount Iteration,0,16,7.825583,0.433476
[MO833] Paramount Iteration,2,16,7.819013,0.433451
[MO833] Paramount Iteration,3,16,7.819778,0.433453
[MO833] Paramount Iteration,1,16,7.826027,0.433537
[MO833] Paramount Iteration,0,17,8.259088,0.433505
[MO833] Paramount Iteration,2,17,8.252477,0.433464
[MO833] Paramount Iteration,3,17,8.253315,0.433537
[MO833] Paramount Iteration,1,17,8.259438,0.433411
[MO833] Paramount Iteration,0,18,8.692467,0.433379
[MO833] Paramount Iteration,2,18,8.685960,0.433483
[MO833] Paramount Iteration,3,18,8.686678,0.433363
[MO833] Paramount Iteration,1,18,8.692889,0.433451
[MO833] Paramount Iteration,0,19,9.125953,0.433486
 Time step   20
[MO833] Paramount Iteration,2,19,9.119342,0.433382
[MO833] Paramount Iteration,3,19,9.120131,0.433453
[MO833] Paramount Iteration,1,19,9.126335,0.433446
[MO833] Paramount Iteration,0,20,9.569974,0.444021
[MO833] Paramount Iteration,2,20,9.563324,0.443982
[MO833] Paramount Iteration,3,20,9.564137,0.444006
[MO833] Paramount Iteration,1,20,9.570306,0.443971
[MO833] Paramount Iteration,0,21,10.002230,0.432256
[MO833] Paramount Iteration,2,21,9.995721,0.432397
[MO833] Paramount Iteration,3,21,9.996435,0.432298
[MO833] Paramount Iteration,1,21,10.002684,0.432378
[MO833] Paramount Iteration,2,22,10.451843,0.456122
[MO833] Paramount Iteration,0,22,10.459323,0.457093
[MO833] Paramount Iteration,1,22,10.459054,0.456370
[MO833] Paramount Iteration,3,22,10.453428,0.456993
[MO833] Paramount Iteration,0,23,10.896503,0.437180
[MO833] Paramount Iteration,2,23,10.889935,0.438092
[MO833] Paramount Iteration,3,23,10.890700,0.437272
[MO833] Paramount Iteration,1,23,10.896910,0.437856
[MO833] Paramount Iteration,0,24,11.330025,0.433522
[MO833] Paramount Iteration,2,24,11.323450,0.433515
[MO833] Paramount Iteration,3,24,11.324241,0.433541
[MO833] Paramount Iteration,1,24,11.330411,0.433501
[MO833] Paramount Iteration,0,25,11.763357,0.433332
[MO833] Paramount Iteration,2,25,11.756812,0.433362
[MO833] Paramount Iteration,3,25,11.757586,0.433345
[MO833] Paramount Iteration,1,25,11.763813,0.433402
[MO833] Paramount Iteration,0,26,12.196715,0.433358
[MO833] Paramount Iteration,2,26,12.190268,0.433456
[MO833] Paramount Iteration,3,26,12.190947,0.433361
[MO833] Paramount Iteration,1,26,12.197212,0.433399
[MO833] Paramount Iteration,0,27,12.630159,0.433444
[MO833] Paramount Iteration,2,27,12.623619,0.433351
[MO833] Paramount Iteration,3,27,12.624349,0.433402
[MO833] Paramount Iteration,1,27,12.630576,0.433364
[MO833] Paramount Iteration,1,28,13.066899,0.436323
[MO833] Paramount Iteration,3,28,13.061431,0.437082
[MO833] Paramount Iteration,2,28,13.069477,0.445858
[MO833] Paramount Iteration,0,28,13.076776,0.446617
[MO833] Paramount Iteration,0,29,13.507089,0.430313
[MO833] Paramount Iteration,2,29,13.500608,0.431131
[MO833] Paramount Iteration,3,29,13.501342,0.439911
[MO833] Paramount Iteration,1,29,13.507572,0.440673
[MO833] Paramount Iteration,0,30,13.940550,0.433461
[MO833] Paramount Iteration,2,30,13.934037,0.433429
[MO833] Paramount Iteration,3,30,13.934766,0.433424
[MO833] Paramount Iteration,1,30,13.940993,0.433421
[MO833] Paramount Iteration,0,31,14.374221,0.433671
[MO833] Paramount Iteration,2,31,14.367584,0.433547
[MO833] Paramount Iteration,3,31,14.368401,0.433635
[MO833] Paramount Iteration,1,31,14.374559,0.433566
[MO833] Paramount Iteration,0,32,14.807589,0.433368
[MO833] Paramount Iteration,2,32,14.801071,0.433487
[MO833] Paramount Iteration,3,32,14.801773,0.433372
[MO833] Paramount Iteration,1,32,14.808040,0.433481
[MO833] Paramount Iteration,0,33,15.241078,0.433489
[MO833] Paramount Iteration,2,33,15.234574,0.433503
[MO833] Paramount Iteration,3,33,15.235324,0.433551
[MO833] Paramount Iteration,1,33,15.241506,0.433466
[MO833] Paramount Iteration,0,34,15.674664,0.433586
[MO833] Paramount Iteration,2,34,15.668029,0.433455
[MO833] Paramount Iteration,3,34,15.668874,0.433550
[MO833] Paramount Iteration,1,34,15.675074,0.433568
[MO833] Paramount Iteration,0,35,16.108014,0.433350
[MO833] Paramount Iteration,2,35,16.101596,0.433567
[MO833] Paramount Iteration,3,35,16.102248,0.433374
[MO833] Paramount Iteration,1,35,16.108504,0.433430
[MO833] Paramount Iteration,0,36,16.541478,0.433464
[MO833] Paramount Iteration,2,36,16.535050,0.433454
[MO833] Paramount Iteration,3,36,16.535676,0.433428
[MO833] Paramount Iteration,1,36,16.541989,0.433485
[MO833] Paramount Iteration,0,37,16.974967,0.433489
[MO833] Paramount Iteration,2,37,16.968505,0.433455
[MO833] Paramount Iteration,3,37,16.969235,0.433559
[MO833] Paramount Iteration,1,37,16.975461,0.433472
[MO833] Paramount Iteration,0,38,17.408239,0.433272
[MO833] Paramount Iteration,2,38,17.401888,0.433383
[MO833] Paramount Iteration,3,38,17.402562,0.433327
[MO833] Paramount Iteration,1,38,17.408797,0.433336
[MO833] Paramount Iteration,0,39,17.841885,0.433646
 Time step   40
[MO833] Paramount Iteration,2,39,17.835389,0.433501
[MO833] Paramount Iteration,3,39,17.836081,0.433519
[MO833] Paramount Iteration,1,39,17.842293,0.433496
[MO833] Paramount Iteration,0,40,18.274097,0.432212
[MO833] Paramount Iteration,2,40,18.267627,0.432238
[MO833] Paramount Iteration,3,40,18.268323,0.432242
[MO833] Paramount Iteration,1,40,18.274560,0.432267
[MO833] Paramount Iteration,0,41,18.707702,0.433605
[MO833] Paramount Iteration,2,41,18.701038,0.433411
[MO833] Paramount Iteration,3,41,18.701898,0.433575
[MO833] Paramount Iteration,1,41,18.708024,0.433464
[MO833] Paramount Iteration,0,42,19.141042,0.433340
[MO833] Paramount Iteration,2,42,19.134526,0.433488
[MO833] Paramount Iteration,3,42,19.135265,0.433367
[MO833] Paramount Iteration,1,42,19.141462,0.433438
[MO833] Paramount Iteration,0,43,19.574427,0.433385
[MO833] Paramount Iteration,2,43,19.567885,0.433359
[MO833] Paramount Iteration,3,43,19.568627,0.433362
[MO833] Paramount Iteration,1,43,19.574915,0.433453
[MO833] Paramount Iteration,0,44,20.007938,0.433511
[MO833] Paramount Iteration,2,44,20.001388,0.433503
[MO833] Paramount Iteration,3,44,20.002149,0.433522
[MO833] Paramount Iteration,1,44,20.008353,0.433438
[MO833] Paramount Iteration,0,45,20.441381,0.433443
[MO833] Paramount Iteration,2,45,20.434873,0.433485
[MO833] Paramount Iteration,3,45,20.435606,0.433457
[MO833] Paramount Iteration,1,45,20.441789,0.433436
[MO833] Paramount Iteration,0,46,20.874790,0.433409
[MO833] Paramount Iteration,2,46,20.868254,0.433381
[MO833] Paramount Iteration,3,46,20.869038,0.433432
[MO833] Paramount Iteration,1,46,20.875258,0.433469
[MO833] Paramount Iteration,0,47,21.308230,0.433440
[MO833] Paramount Iteration,2,47,21.301696,0.433442
[MO833] Paramount Iteration,3,47,21.302435,0.433397
[MO833] Paramount Iteration,1,47,21.308636,0.433378
[MO833] Paramount Iteration,0,48,21.741520,0.433290
[MO833] Paramount Iteration,2,48,21.735065,0.433369
[MO833] Paramount Iteration,3,48,21.735745,0.433310
[MO833] Paramount Iteration,1,48,21.742007,0.433371
[MO833] Paramount Iteration,0,49,22.175034,0.433514
[MO833] Paramount Iteration,2,49,22.168444,0.433379
[MO833] Paramount Iteration,3,49,22.169211,0.433466
[MO833] Paramount Iteration,1,49,22.178978,0.436971
[MO833] Paramount Iteration,0,50,22.635579,0.460545
[MO833] Paramount Iteration,2,50,22.629239,0.460795
[MO833] Paramount Iteration,3,50,22.629857,0.460646
[MO833] Paramount Iteration,1,50,22.636172,0.457194
[MO833] Paramount Iteration,0,51,23.069110,0.433531
[MO833] Paramount Iteration,2,51,23.062611,0.433372
[MO833] Paramount Iteration,3,51,23.063318,0.433461
[MO833] Paramount Iteration,1,51,23.069568,0.433396
[MO833] Paramount Iteration,0,52,23.516980,0.447870
[MO833] Paramount Iteration,2,52,23.510428,0.447817
[MO833] Paramount Iteration,3,52,23.511205,0.447887
[MO833] Paramount Iteration,1,52,23.517373,0.447805
[MO833] Paramount Iteration,0,53,23.950470,0.433490
[MO833] Paramount Iteration,2,53,23.943944,0.433516
[MO833] Paramount Iteration,3,53,23.944653,0.433448
[MO833] Paramount Iteration,1,53,23.950930,0.433557
[MO833] Paramount Iteration,0,54,24.384015,0.433545
[MO833] Paramount Iteration,2,54,24.377420,0.433476
[MO833] Paramount Iteration,3,54,24.378201,0.433548
[MO833] Paramount Iteration,1,54,24.384404,0.433474
[MO833] Paramount Iteration,0,55,24.817461,0.433446
[MO833] Paramount Iteration,2,55,24.810959,0.433539
[MO833] Paramount Iteration,3,55,24.811655,0.433454
[MO833] Paramount Iteration,1,55,24.817872,0.433468
[MO833] Paramount Iteration,0,56,25.250921,0.433460
[MO833] Paramount Iteration,2,56,25.244378,0.433419
[MO833] Paramount Iteration,3,56,25.245135,0.433480
[MO833] Paramount Iteration,1,56,25.251378,0.433506
[MO833] Paramount Iteration,0,57,25.684410,0.433489
[MO833] Paramount Iteration,2,57,25.677891,0.433513
[MO833] Paramount Iteration,3,57,25.678630,0.433495
[MO833] Paramount Iteration,1,57,25.684850,0.433472
[MO833] Paramount Iteration,0,58,26.117931,0.433521
[MO833] Paramount Iteration,2,58,26.111388,0.433497
[MO833] Paramount Iteration,3,58,26.112135,0.433505
[MO833] Paramount Iteration,1,58,26.118347,0.433497
[MO833] Paramount Iteration,0,59,26.551296,0.433365
 Time step   60
[MO833] Paramount Iteration,2,59,26.544892,0.433504
[MO833] Paramount Iteration,3,59,26.545551,0.433416
[MO833] Paramount Iteration,1,59,26.551840,0.433493
[MO833] Paramount Iteration,0,60,26.984772,0.433476
[MO833] Paramount Iteration,2,60,26.978304,0.433412
[MO833] Paramount Iteration,3,60,26.978975,0.433424
[MO833] Paramount Iteration,1,60,26.985214,0.433374
[MO833] Paramount Iteration,0,61,27.418223,0.433451
[MO833] Paramount Iteration,2,61,27.411688,0.433384
[MO833] Paramount Iteration,3,61,27.412404,0.433429
[MO833] Paramount Iteration,1,61,27.418675,0.433461
[MO833] Paramount Iteration,0,62,27.851671,0.433448
[MO833] Paramount Iteration,2,62,27.845123,0.433435
[MO833] Paramount Iteration,3,62,27.845915,0.433511
[MO833] Paramount Iteration,1,62,27.852098,0.433423
[MO833] Paramount Iteration,0,63,28.285223,0.433552
[MO833] Paramount Iteration,2,63,28.278617,0.433494
[MO833] Paramount Iteration,3,63,28.279385,0.433470
[MO833] Paramount Iteration,1,63,28.285539,0.433441
[MO833] Paramount Iteration,0,64,28.718573,0.433350
[MO833] Paramount Iteration,2,64,28.712044,0.433427
[MO833] Paramount Iteration,3,64,28.712796,0.433411
[MO833] Paramount Iteration,1,64,28.719055,0.433516
[MO833] Paramount Iteration,0,65,29.152013,0.433440
[MO833] Paramount Iteration,2,65,29.145565,0.433521
[MO833] Paramount Iteration,3,65,29.146248,0.433452
[MO833] Paramount Iteration,1,65,29.152474,0.433419
[MO833] Paramount Iteration,0,66,29.585496,0.433483
[MO833] Paramount Iteration,2,66,29.579002,0.433437
[MO833] Paramount Iteration,3,66,29.579690,0.433442
[MO833] Paramount Iteration,1,66,29.585915,0.433441
[MO833] Paramount Iteration,0,67,30.026274,0.440778
[MO833] Paramount Iteration,2,67,30.019765,0.440763
[MO833] Paramount Iteration,3,67,30.020463,0.440773
[MO833] Paramount Iteration,1,67,30.026765,0.440850
[MO833] Paramount Iteration,0,68,30.458509,0.432235
[MO833] Paramount Iteration,2,68,30.452266,0.432501
[MO833] Paramount Iteration,3,68,30.452773,0.432310
[MO833] Paramount Iteration,1,68,30.459262,0.432497
[MO833] Paramount Iteration,0,69,30.892259,0.433750
[MO833] Paramount Iteration,2,69,30.885798,0.433532
[MO833] Paramount Iteration,3,69,30.886480,0.433707
[MO833] Paramount Iteration,1,69,30.892718,0.433456
[MO833] Paramount Iteration,0,70,31.325753,0.433494
[MO833] Paramount Iteration,2,70,31.319268,0.433470
[MO833] Paramount Iteration,3,70,31.319979,0.433499
[MO833] Paramount Iteration,1,70,31.326209,0.433491
[MO833] Paramount Iteration,0,71,31.759350,0.433597
[MO833] Paramount Iteration,2,71,31.752817,0.433549
[MO833] Paramount Iteration,3,71,31.753577,0.433598
[MO833] Paramount Iteration,1,71,31.759798,0.433589
[MO833] Paramount Iteration,0,72,32.192844,0.433494
[MO833] Paramount Iteration,2,72,32.186305,0.433488
[MO833] Paramount Iteration,3,72,32.187030,0.433453
[MO833] Paramount Iteration,1,72,32.193235,0.433437
[MO833] Paramount Iteration,0,73,32.626282,0.433438
[MO833] Paramount Iteration,2,73,32.619709,0.433404
[MO833] Paramount Iteration,3,73,32.620475,0.433445
[MO833] Paramount Iteration,1,73,32.626736,0.433501
[MO833] Paramount Iteration,0,74,33.059705,0.433423
[MO833] Paramount Iteration,2,74,33.053107,0.433398
[MO833] Paramount Iteration,3,74,33.053929,0.433454
[MO833] Paramount Iteration,1,74,33.060108,0.433372
[MO833] Paramount Iteration,0,75,33.493097,0.433392
[MO833] Paramount Iteration,2,75,33.486615,0.433508
[MO833] Paramount Iteration,3,75,33.487307,0.433378
[MO833] Paramount Iteration,1,75,33.493535,0.433427
[MO833] Paramount Iteration,0,76,33.926524,0.433427
[MO833] Paramount Iteration,2,76,33.920026,0.433411
[MO833] Paramount Iteration,3,76,33.920790,0.433483
[MO833] Paramount Iteration,1,76,33.927020,0.433485
[MO833] Paramount Iteration,0,77,34.360008,0.433484
[MO833] Paramount Iteration,2,77,34.353465,0.433439
[MO833] Paramount Iteration,3,77,34.354216,0.433426
[MO833] Paramount Iteration,1,77,34.360414,0.433394
[MO833] Paramount Iteration,0,78,34.793323,0.433315
[MO833] Paramount Iteration,2,78,34.786903,0.433438
[MO833] Paramount Iteration,3,78,34.787526,0.433310
[MO833] Paramount Iteration,1,78,34.793817,0.433403
[MO833] Paramount Iteration,0,79,35.226894,0.433571
 Time step   80
[MO833] Paramount Iteration,2,79,35.220351,0.433448
[MO833] Paramount Iteration,3,79,35.221149,0.433623
[MO833] Paramount Iteration,1,79,35.227361,0.433544
[MO833] Paramount Iteration,0,80,35.660495,0.433601
[MO833] Paramount Iteration,2,80,35.653984,0.433633
[MO833] Paramount Iteration,3,80,35.654703,0.433554
[MO833] Paramount Iteration,1,80,35.660931,0.433570
[MO833] Paramount Iteration,0,81,36.093991,0.433496
[MO833] Paramount Iteration,2,81,36.087448,0.433464
[MO833] Paramount Iteration,3,81,36.088193,0.433490
[MO833] Paramount Iteration,1,81,36.094407,0.433476
[MO833] Paramount Iteration,0,82,36.527366,0.433375
[MO833] Paramount Iteration,2,82,36.520901,0.433453
[MO833] Paramount Iteration,3,82,36.521641,0.433448
[MO833] Paramount Iteration,1,82,36.527881,0.433474
[MO833] Paramount Iteration,0,83,36.960771,0.433405
[MO833] Paramount Iteration,2,83,36.954242,0.433341
[MO833] Paramount Iteration,3,83,36.954976,0.433335
[MO833] Paramount Iteration,1,83,36.961192,0.433311
[MO833] Paramount Iteration,0,84,37.394329,0.433558
[MO833] Paramount Iteration,2,84,37.387697,0.433455
[MO833] Paramount Iteration,3,84,37.388519,0.433543
[MO833] Paramount Iteration,1,84,37.394676,0.433484
[MO833] Paramount Iteration,0,85,37.827716,0.433387
[MO833] Paramount Iteration,2,85,37.821314,0.433617
[MO833] Paramount Iteration,3,85,37.821939,0.433420
[MO833] Paramount Iteration,1,85,37.828210,0.433534
[MO833] Paramount Iteration,0,86,38.259940,0.432224
[MO833] Paramount Iteration,2,86,38.253430,0.432116
[MO833] Paramount Iteration,3,86,38.254162,0.432223
[MO833] Paramount Iteration,1,86,38.260372,0.432162
[MO833] Paramount Iteration,0,87,38.693412,0.433472
[MO833] Paramount Iteration,2,87,38.686944,0.433514
[MO833] Paramount Iteration,3,87,38.687623,0.433461
[MO833] Paramount Iteration,1,87,38.693864,0.433492
[MO833] Paramount Iteration,0,88,39.126957,0.433545
[MO833] Paramount Iteration,2,88,39.120343,0.433399
[MO833] Paramount Iteration,3,88,39.121161,0.433538
[MO833] Paramount Iteration,1,88,39.127337,0.433473
[MO833] Paramount Iteration,0,89,39.560288,0.433331
[MO833] Paramount Iteration,2,89,39.553782,0.433439
[MO833] Paramount Iteration,3,89,39.554524,0.433363
[MO833] Paramount Iteration,1,89,39.560756,0.433419
[MO833] Paramount Iteration,0,90,39.993752,0.433464
[MO833] Paramount Iteration,2,90,39.987319,0.433537
[MO833] Paramount Iteration,3,90,39.987967,0.433443
[MO833] Paramount Iteration,1,90,39.994247,0.433491
[MO833] Paramount Iteration,0,91,40.427130,0.433378
[MO833] Paramount Iteration,2,91,40.420647,0.433328
[MO833] Paramount Iteration,3,91,40.421385,0.433418
[MO833] Paramount Iteration,1,91,40.427627,0.433380
[MO833] Paramount Iteration,0,92,40.860666,0.433536
[MO833] Paramount Iteration,2,92,40.854178,0.433531
[MO833] Paramount Iteration,3,92,40.854843,0.433458
[MO833] Paramount Iteration,1,92,40.861121,0.433494
[MO833] Paramount Iteration,0,93,41.294093,0.433427
[MO833] Paramount Iteration,2,93,41.287511,0.433333
[MO833] Paramount Iteration,3,93,41.288279,0.433436
[MO833] Paramount Iteration,1,93,41.294521,0.433400
[MO833] Paramount Iteration,0,94,41.727534,0.433441
[MO833] Paramount Iteration,2,94,41.720918,0.433407
[MO833] Paramount Iteration,3,94,41.721771,0.433492
[MO833] Paramount Iteration,1,94,41.727955,0.433434
[MO833] Paramount Iteration,0,95,42.160944,0.433410
[MO833] Paramount Iteration,2,95,42.154486,0.433568
[MO833] Paramount Iteration,3,95,42.155149,0.433378
[MO833] Paramount Iteration,1,95,42.161416,0.433461
[MO833] Paramount Iteration,0,96,42.594400,0.433456
[MO833] Paramount Iteration,2,96,42.587868,0.433382
[MO833] Paramount Iteration,3,96,42.588614,0.433465
[MO833] Paramount Iteration,1,96,42.594869,0.433453
[MO833] Paramount Iteration,0,97,43.027849,0.433449
[MO833] Paramount Iteration,2,97,43.021311,0.433443
[MO833] Paramount Iteration,3,97,43.022059,0.433445
[MO833] Paramount Iteration,1,97,43.028259,0.433390
[MO833] Paramount Iteration,0,98,43.461175,0.433326
[MO833] Paramount Iteration,2,98,43.454766,0.433455
[MO833] Paramount Iteration,3,98,43.455400,0.433341
[MO833] Paramount Iteration,1,98,43.461666,0.433407
[MO833] Paramount Iteration,0,99,43.894677,0.433502
 Time step  100
[MO833] Paramount Iteration,2,99,43.888102,0.433336
[MO833] Paramount Iteration,3,99,43.888901,0.433501
[MO833] Paramount Iteration,1,99,43.895104,0.433438
[MO833] Paramount Iteration,0,100,44.327971,0.433294
[MO833] Paramount Iteration,2,100,44.321476,0.433374
[MO833] Paramount Iteration,3,100,44.322185,0.433284
[MO833] Paramount Iteration,1,100,44.328428,0.433324
[MO833] Paramount Iteration,0,101,44.761431,0.433460
[MO833] Paramount Iteration,2,101,44.754961,0.433485
[MO833] Paramount Iteration,3,101,44.755632,0.433447
[MO833] Paramount Iteration,1,101,44.761883,0.433455
[MO833] Paramount Iteration,0,102,45.194983,0.433552
[MO833] Paramount Iteration,2,102,45.188358,0.433397
[MO833] Paramount Iteration,3,102,45.189213,0.433581
[MO833] Paramount Iteration,1,102,45.195353,0.433470
[MO833] Paramount Iteration,0,103,45.628401,0.433418
[MO833] Paramount Iteration,2,103,45.621874,0.433516
[MO833] Paramount Iteration,3,103,45.622635,0.433422
[MO833] Paramount Iteration,1,103,45.628800,0.433447
[MO833] Paramount Iteration,0,104,46.061942,0.433541
[MO833] Paramount Iteration,2,104,46.055309,0.433435
[MO833] Paramount Iteration,3,104,46.056110,0.433475
[MO833] Paramount Iteration,1,104,46.062274,0.433474
[MO833] Paramount Iteration,0,105,46.518601,0.456659
[MO833] Paramount Iteration,2,105,46.512129,0.456820
[MO833] Paramount Iteration,3,105,46.512833,0.456723
[MO833] Paramount Iteration,1,105,46.519109,0.456835
[MO833] Paramount Iteration,0,106,46.956250,0.437649
[MO833] Paramount Iteration,2,106,46.949721,0.437592
[MO833] Paramount Iteration,3,106,46.950482,0.437649
[MO833] Paramount Iteration,1,106,46.956643,0.437534
[MO833] Paramount Iteration,0,107,47.397118,0.440868
[MO833] Paramount Iteration,2,107,47.390575,0.440854
[MO833] Paramount Iteration,3,107,47.391345,0.440863
[MO833] Paramount Iteration,1,107,47.397502,0.440859
[MO833] Paramount Iteration,0,108,47.829357,0.432239
[MO833] Paramount Iteration,2,108,47.822851,0.432276
[MO833] Paramount Iteration,3,108,47.823559,0.432214
[MO833] Paramount Iteration,1,108,47.829770,0.432268
[MO833] Paramount Iteration,0,109,48.262769,0.433412
[MO833] Paramount Iteration,2,109,48.256234,0.433383
[MO833] Paramount Iteration,3,109,48.257055,0.433496
[MO833] Paramount Iteration,1,109,48.263225,0.433455
[MO833] Paramount Iteration,0,110,48.696173,0.433404
[MO833] Paramount Iteration,2,110,48.689737,0.433503
[MO833] Paramount Iteration,3,110,48.690407,0.433352
[MO833] Paramount Iteration,1,110,48.696636,0.433411
[MO833] Paramount Iteration,0,111,49.129645,0.433472
[MO833] Paramount Iteration,2,111,49.123184,0.433447
[MO833] Paramount Iteration,3,111,49.123848,0.433441
[MO833] Paramount Iteration,1,111,49.130103,0.433467
[MO833] Paramount Iteration,0,112,49.563169,0.433524
[MO833] Paramount Iteration,2,112,49.556610,0.433426
[MO833] Paramount Iteration,3,112,49.557382,0.433534
[MO833] Paramount Iteration,1,112,49.563617,0.433514
[MO833] Paramount Iteration,0,113,49.996704,0.433535
[MO833] Paramount Iteration,2,113,49.990221,0.433611
[MO833] Paramount Iteration,3,113,49.990890,0.433508
[MO833] Paramount Iteration,1,113,49.997114,0.433497
[MO833] Paramount Iteration,0,114,50.430156,0.433452
[MO833] Paramount Iteration,2,114,50.423606,0.433385
[MO833] Paramount Iteration,3,114,50.424366,0.433476
[MO833] Paramount Iteration,1,114,50.430564,0.433450
[MO833] Paramount Iteration,0,115,50.863613,0.433457
[MO833] Paramount Iteration,2,115,50.857022,0.433416
[MO833] Paramount Iteration,3,115,50.857844,0.433478
[MO833] Paramount Iteration,1,115,50.864043,0.433479
[MO833] Paramount Iteration,0,116,51.297039,0.433426
[MO833] Paramount Iteration,2,116,51.290558,0.433536
[MO833] Paramount Iteration,3,116,51.291226,0.433382
[MO833] Paramount Iteration,1,116,51.297453,0.433410
[MO833] Paramount Iteration,0,117,51.730400,0.433361
[MO833] Paramount Iteration,2,117,51.723924,0.433366
[MO833] Paramount Iteration,3,117,51.724590,0.433364
[MO833] Paramount Iteration,1,117,51.730915,0.433462
[MO833] Paramount Iteration,0,118,52.163796,0.433396
[MO833] Paramount Iteration,2,118,52.157274,0.433350
[MO833] Paramount Iteration,3,118,52.157976,0.433386
[MO833] Paramount Iteration,1,118,52.164243,0.433328
[MO833] Paramount Iteration,0,119,52.597180,0.433384
 Time step  120
[MO833] Paramount Iteration,2,119,52.590725,0.433451
[MO833] Paramount Iteration,3,119,52.591397,0.433421
[MO833] Paramount Iteration,1,119,52.597637,0.433394
[MO833] Paramount Iteration,0,120,53.030868,0.433688
[MO833] Paramount Iteration,2,120,53.024385,0.433660
[MO833] Paramount Iteration,3,120,53.025065,0.433668
[MO833] Paramount Iteration,1,120,53.031369,0.433732
[MO833] Paramount Iteration,0,121,53.464336,0.433468
[MO833] Paramount Iteration,2,121,53.457904,0.433519
[MO833] Paramount Iteration,3,121,53.458568,0.433503
[MO833] Paramount Iteration,1,121,53.464809,0.433440
[MO833] Paramount Iteration,0,122,53.897799,0.433463
[MO833] Paramount Iteration,2,122,53.891328,0.433424
[MO833] Paramount Iteration,3,122,53.892027,0.433459
[MO833] Paramount Iteration,1,122,53.898271,0.433462
[MO833] Paramount Iteration,0,123,54.331318,0.433519
[MO833] Paramount Iteration,2,123,54.324822,0.433494
[MO833] Paramount Iteration,3,123,54.325577,0.433550
[MO833] Paramount Iteration,1,123,54.331811,0.433540
[MO833] Paramount Iteration,0,124,54.764720,0.433402
[MO833] Paramount Iteration,2,124,54.758282,0.433460
[MO833] Paramount Iteration,3,124,54.758906,0.433329
[MO833] Paramount Iteration,1,124,54.765217,0.433406
[MO833] Paramount Iteration,0,125,55.198304,0.433584
[MO833] Paramount Iteration,2,125,55.191627,0.433345
[MO833] Paramount Iteration,3,125,55.192464,0.433558
[MO833] Paramount Iteration,1,125,55.198654,0.433437
[MO833] Paramount Iteration,0,126,55.631592,0.433288
[MO833] Paramount Iteration,2,126,55.625126,0.433499
[MO833] Paramount Iteration,3,126,55.625835,0.433371
[MO833] Paramount Iteration,1,126,55.632107,0.433453
[MO833] Paramount Iteration,0,127,56.065186,0.433594
[MO833] Paramount Iteration,2,127,56.058735,0.433609
[MO833] Paramount Iteration,3,127,56.059403,0.433568
[MO833] Paramount Iteration,1,127,56.065655,0.433548
[MO833] Paramount Iteration,0,128,56.498766,0.433580
[MO833] Paramount Iteration,2,128,56.492180,0.433445
[MO833] Paramount Iteration,3,128,56.493015,0.433612
[MO833] Paramount Iteration,1,128,56.499194,0.433539
[MO833] Paramount Iteration,0,129,56.932095,0.433329
[MO833] Paramount Iteration,2,129,56.925594,0.433414
[MO833] Paramount Iteration,3,129,56.926298,0.433283
[MO833] Paramount Iteration,1,129,56.932526,0.433332
[MO833] Paramount Iteration,0,130,57.365619,0.433524
[MO833] Paramount Iteration,2,130,57.359084,0.433490
[MO833] Paramount Iteration,3,130,57.359805,0.433507
[MO833] Paramount Iteration,1,130,57.366019,0.433493
[MO833] Paramount Iteration,0,131,57.799113,0.433494
[MO833] Paramount Iteration,2,131,57.792576,0.433492
[MO833] Paramount Iteration,3,131,57.793339,0.433534
[MO833] Paramount Iteration,1,131,57.799549,0.433530
[MO833] Paramount Iteration,0,132,58.232479,0.433366
[MO833] Paramount Iteration,2,132,58.225960,0.433384
[MO833] Paramount Iteration,3,132,58.226730,0.433391
[MO833] Paramount Iteration,1,132,58.232917,0.433368
[MO833] Paramount Iteration,0,133,58.665794,0.433315
[MO833] Paramount Iteration,2,133,58.659366,0.433406
[MO833] Paramount Iteration,3,133,58.660025,0.433295
[MO833] Paramount Iteration,1,133,58.666265,0.433348
[MO833] Paramount Iteration,0,134,59.098009,0.432215
[MO833] Paramount Iteration,2,134,59.091579,0.432213
[MO833] Paramount Iteration,3,134,59.092244,0.432219
[MO833] Paramount Iteration,1,134,59.098540,0.432275
[MO833] Paramount Iteration,0,135,59.531371,0.433362
[MO833] Paramount Iteration,2,135,59.524973,0.433394
[MO833] Paramount Iteration,3,135,59.525664,0.433420
[MO833] Paramount Iteration,1,135,59.531933,0.433393
[MO833] Paramount Iteration,0,136,59.964917,0.433546
[MO833] Paramount Iteration,2,136,59.958366,0.433393
[MO833] Paramount Iteration,3,136,59.959108,0.433444
[MO833] Paramount Iteration,1,136,59.965305,0.433372
[MO833] Paramount Iteration,0,137,60.398345,0.433428
[MO833] Paramount Iteration,2,137,60.391780,0.433414
[MO833] Paramount Iteration,3,137,60.392550,0.433442
[MO833] Paramount Iteration,1,137,60.398760,0.433455
[MO833] Paramount Iteration,0,138,60.831704,0.433359
[MO833] Paramount Iteration,2,138,60.825101,0.433321
[MO833] Paramount Iteration,3,138,60.825905,0.433355
[MO833] Paramount Iteration,1,138,60.832128,0.433368
[MO833] Paramount Iteration,0,139,61.265310,0.433606
 Time step  140
[MO833] Paramount Iteration,2,139,61.258838,0.433737
[MO833] Paramount Iteration,3,139,61.259500,0.433595
[MO833] Paramount Iteration,1,139,61.265738,0.433610
[MO833] Paramount Iteration,0,140,61.698765,0.433455
[MO833] Paramount Iteration,2,140,61.692242,0.433404
[MO833] Paramount Iteration,3,140,61.693033,0.433533
[MO833] Paramount Iteration,1,140,61.699261,0.433523
[MO833] Paramount Iteration,0,141,62.132191,0.433426
[MO833] Paramount Iteration,2,141,62.125769,0.433527
[MO833] Paramount Iteration,3,141,62.126427,0.433394
[MO833] Paramount Iteration,1,141,62.132715,0.433454
[MO833] Paramount Iteration,0,142,62.565907,0.433716
[MO833] Paramount Iteration,2,142,62.559279,0.433510
[MO833] Paramount Iteration,3,142,62.560083,0.433656
[MO833] Paramount Iteration,1,142,62.566237,0.433522
[MO833] Paramount Iteration,0,143,62.999290,0.433383
[MO833] Paramount Iteration,2,143,62.992753,0.433474
[MO833] Paramount Iteration,3,143,62.993490,0.433407
[MO833] Paramount Iteration,1,143,62.999764,0.433527
[MO833] Paramount Iteration,0,144,63.432846,0.433556
[MO833] Paramount Iteration,2,144,63.426303,0.433550
[MO833] Paramount Iteration,3,144,63.427035,0.433545
[MO833] Paramount Iteration,1,144,63.433238,0.433474
[MO833] Paramount Iteration,0,145,63.866297,0.433451
[MO833] Paramount Iteration,2,145,63.859741,0.433438
[MO833] Paramount Iteration,3,145,63.860485,0.433450
[MO833] Paramount Iteration,1,145,63.866745,0.433507
[MO833] Paramount Iteration,0,146,64.299726,0.433429
[MO833] Paramount Iteration,2,146,64.293172,0.433431
[MO833] Paramount Iteration,3,146,64.293957,0.433472
[MO833] Paramount Iteration,1,146,64.300168,0.433423
[MO833] Paramount Iteration,0,147,64.733151,0.433425
[MO833] Paramount Iteration,2,147,64.726587,0.433415
[MO833] Paramount Iteration,3,147,64.727320,0.433363
[MO833] Paramount Iteration,1,147,64.733545,0.433377
[MO833] Paramount Iteration,0,148,65.166655,0.433504
[MO833] Paramount Iteration,2,148,65.159986,0.433399
[MO833] Paramount Iteration,3,148,65.160855,0.433535
[MO833] Paramount Iteration,1,148,65.166990,0.433445
[MO833] Paramount Iteration,0,149,65.599932,0.433277
[MO833] Paramount Iteration,2,149,65.593412,0.433426
[MO833] Paramount Iteration,3,149,65.594166,0.433311
[MO833] Paramount Iteration,1,149,65.600353,0.433363
[MO833] Paramount Iteration,0,150,66.033365,0.433433
[MO833] Paramount Iteration,2,150,66.026840,0.433428
[MO833] Paramount Iteration,3,150,66.027553,0.433387
[MO833] Paramount Iteration,1,150,66.033749,0.433396
[MO833] Paramount Iteration,0,151,66.466854,0.433489
[MO833] Paramount Iteration,2,151,66.460268,0.433428
[MO833] Paramount Iteration,3,151,66.461087,0.433534
[MO833] Paramount Iteration,1,151,66.467278,0.433529
[MO833] Paramount Iteration,0,152,66.900208,0.433354
[MO833] Paramount Iteration,2,152,66.893715,0.433447
[MO833] Paramount Iteration,3,152,66.894457,0.433370
[MO833] Paramount Iteration,1,152,66.900609,0.433331
[MO833] Paramount Iteration,0,153,67.333731,0.433523
[MO833] Paramount Iteration,2,153,67.327081,0.433366
[MO833] Paramount Iteration,3,153,67.327897,0.433440
[MO833] Paramount Iteration,1,153,67.334028,0.433419
[MO833] Paramount Iteration,0,154,67.767142,0.433411
[MO833] Paramount Iteration,2,154,67.760589,0.433508
[MO833] Paramount Iteration,3,154,67.761385,0.433488
[MO833] Paramount Iteration,1,154,67.767583,0.433555
[MO833] Paramount Iteration,0,155,68.200489,0.433347
[MO833] Paramount Iteration,2,155,68.193940,0.433351
[MO833] Paramount Iteration,3,155,68.194700,0.433315
[MO833] Paramount Iteration,1,155,68.200914,0.433331
[MO833] Paramount Iteration,0,156,68.633908,0.433419
[MO833] Paramount Iteration,2,156,68.627343,0.433403
[MO833] Paramount Iteration,3,156,68.628094,0.433394
[MO833] Paramount Iteration,1,156,68.634296,0.433382
[MO833] Paramount Iteration,0,157,69.067242,0.433334
[MO833] Paramount Iteration,2,157,69.060770,0.433427
[MO833] Paramount Iteration,3,157,69.061485,0.433391
[MO833] Paramount Iteration,1,157,69.067707,0.433411
[MO833] Paramount Iteration,0,158,69.500731,0.433489
[MO833] Paramount Iteration,2,158,69.494257,0.433487
[MO833] Paramount Iteration,3,158,69.494935,0.433450
[MO833] Paramount Iteration,1,158,69.501196,0.433489
[MO833] Paramount Iteration,0,159,69.934360,0.433629
 Time step  160
[MO833] Paramount Iteration,2,159,69.927843,0.433586
[MO833] Paramount Iteration,3,159,69.928581,0.433646
[MO833] Paramount Iteration,1,159,69.934811,0.433615
[MO833] Paramount Iteration,0,160,70.367753,0.433393
[MO833] Paramount Iteration,2,160,70.361200,0.433357
[MO833] Paramount Iteration,3,160,70.361970,0.433389
[MO833] Paramount Iteration,1,160,70.368183,0.433372
[MO833] Paramount Iteration,0,161,70.801198,0.433445
[MO833] Paramount Iteration,2,161,70.794625,0.433425
[MO833] Paramount Iteration,3,161,70.795376,0.433406
[MO833] Paramount Iteration,1,161,70.801599,0.433416
[MO833] Paramount Iteration,0,162,71.234673,0.433475
[MO833] Paramount Iteration,2,162,71.228144,0.433519
[MO833] Paramount Iteration,3,162,71.228908,0.433532
[MO833] Paramount Iteration,1,162,71.235134,0.433535
[MO833] Paramount Iteration,0,163,71.668062,0.433389
[MO833] Paramount Iteration,2,163,71.661555,0.433411
[MO833] Paramount Iteration,3,163,71.662267,0.433359
[MO833] Paramount Iteration,1,163,71.668488,0.433354
[MO833] Paramount Iteration,3,164,72.094647,0.432380
[MO833] Paramount Iteration,1,164,72.100894,0.432406
[MO833] Paramount Iteration,0,164,72.112250,0.444188
[MO833] Paramount Iteration,2,164,72.105536,0.443981
[MO833] Paramount Iteration,0,165,72.546391,0.434141
[MO833] Paramount Iteration,2,165,72.539778,0.434242
[MO833] Paramount Iteration,3,165,72.540575,0.445928
[MO833] Paramount Iteration,1,165,72.546740,0.445846
[MO833] Paramount Iteration,0,166,72.979664,0.433273
[MO833] Paramount Iteration,2,166,72.973076,0.433298
[MO833] Paramount Iteration,3,166,72.973863,0.433288
[MO833] Paramount Iteration,1,166,72.980082,0.433342
[MO833] Paramount Iteration,0,167,73.413060,0.433396
[MO833] Paramount Iteration,2,167,73.406633,0.433557
[MO833] Paramount Iteration,3,167,73.407249,0.433386
[MO833] Paramount Iteration,1,167,73.413513,0.433431
[MO833] Paramount Iteration,0,168,73.846587,0.433527
[MO833] Paramount Iteration,2,168,73.840024,0.433391
[MO833] Paramount Iteration,3,168,73.840783,0.433534
[MO833] Paramount Iteration,1,168,73.847060,0.433547
[MO833] Paramount Iteration,0,169,74.280162,0.433575
[MO833] Paramount Iteration,2,169,74.273518,0.433494
[MO833] Paramount Iteration,3,169,74.274372,0.433589
[MO833] Paramount Iteration,1,169,74.280479,0.433419
[MO833] Paramount Iteration,0,170,74.713539,0.433377
[MO833] Paramount Iteration,2,170,74.706978,0.433460
[MO833] Paramount Iteration,3,170,74.707719,0.433347
[MO833] Paramount Iteration,1,170,74.713887,0.433408
[MO833] Paramount Iteration,0,171,75.146892,0.433353
[MO833] Paramount Iteration,2,171,75.140307,0.433329
[MO833] Paramount Iteration,3,171,75.141126,0.433407
[MO833] Paramount Iteration,1,171,75.147355,0.433468
[MO833] Paramount Iteration,0,172,75.580363,0.433471
[MO833] Paramount Iteration,2,172,75.573921,0.433614
[MO833] Paramount Iteration,3,172,75.574588,0.433462
[MO833] Paramount Iteration,1,172,75.580812,0.433457
[MO833] Paramount Iteration,0,173,76.013866,0.433503
[MO833] Paramount Iteration,2,173,76.007292,0.433371
[MO833] Paramount Iteration,3,173,76.008027,0.433439
[MO833] Paramount Iteration,1,173,76.014252,0.433440
[MO833] Paramount Iteration,0,174,76.447339,0.433473
[MO833] Paramount Iteration,2,174,76.440786,0.433494
[MO833] Paramount Iteration,3,174,76.441575,0.433548
[MO833] Paramount Iteration,1,174,76.447819,0.433567
[MO833] Paramount Iteration,0,175,76.880874,0.433535
[MO833] Paramount Iteration,2,175,76.874445,0.433659
[MO833] Paramount Iteration,3,175,76.875096,0.433521
[MO833] Paramount Iteration,1,175,76.881321,0.433502
[MO833] Paramount Iteration,0,176,77.314493,0.433619
[MO833] Paramount Iteration,2,176,77.307866,0.433421
[MO833] Paramount Iteration,3,176,77.308686,0.433590
[MO833] Paramount Iteration,1,176,77.314857,0.433536
[MO833] Paramount Iteration,0,177,77.747860,0.433367
[MO833] Paramount Iteration,2,177,77.741394,0.433528
[MO833] Paramount Iteration,3,177,77.742075,0.433389
[MO833] Paramount Iteration,1,177,77.748324,0.433467
[MO833] Paramount Iteration,0,178,78.181335,0.433475
[MO833] Paramount Iteration,2,178,78.174822,0.433428
[MO833] Paramount Iteration,3,178,78.175541,0.433466
[MO833] Paramount Iteration,1,178,78.181723,0.433399
[MO833] Paramount Iteration,0,179,78.614742,0.433407
 Time step  180
[MO833] Paramount Iteration,2,179,78.608118,0.433296
[MO833] Paramount Iteration,3,179,78.608962,0.433421
[MO833] Paramount Iteration,1,179,78.615203,0.433480
[MO833] Paramount Iteration,0,180,79.048173,0.433431
[MO833] Paramount Iteration,2,180,79.041684,0.433566
[MO833] Paramount Iteration,3,180,79.042387,0.433425
[MO833] Paramount Iteration,1,180,79.048605,0.433402
[MO833] Paramount Iteration,0,181,79.481659,0.433486
[MO833] Paramount Iteration,2,181,79.475132,0.433448
[MO833] Paramount Iteration,3,181,79.475825,0.433438
[MO833] Paramount Iteration,1,181,79.482049,0.433444
[MO833] Paramount Iteration,0,182,79.915016,0.433357
[MO833] Paramount Iteration,2,182,79.908467,0.433335
[MO833] Paramount Iteration,3,182,79.909276,0.433451
[MO833] Paramount Iteration,1,182,79.915452,0.433403
[MO833] Paramount Iteration,0,183,80.348455,0.433439
[MO833] Paramount Iteration,2,183,80.341953,0.433486
[MO833] Paramount Iteration,3,183,80.342676,0.433400
[MO833] Paramount Iteration,1,183,80.348881,0.433429
[MO833] Paramount Iteration,0,184,80.781824,0.433369
[MO833] Paramount Iteration,2,184,80.775295,0.433342
[MO833] Paramount Iteration,3,184,80.776066,0.433390
[MO833] Paramount Iteration,1,184,80.782266,0.433385
[MO833] Paramount Iteration,0,185,81.215348,0.433524
[MO833] Paramount Iteration,2,185,81.208784,0.433489
[MO833] Paramount Iteration,3,185,81.209556,0.433490
[MO833] Paramount Iteration,1,185,81.215770,0.433504
[MO833] Paramount Iteration,0,186,81.648685,0.433337
[MO833] Paramount Iteration,2,186,81.642285,0.433501
[MO833] Paramount Iteration,3,186,81.642886,0.433330
[MO833] Paramount Iteration,1,186,81.649192,0.433422
[MO833] Paramount Iteration,0,187,82.082253,0.433568
[MO833] Paramount Iteration,2,187,82.075573,0.433288
[MO833] Paramount Iteration,3,187,82.076426,0.433540
[MO833] Paramount Iteration,1,187,82.082578,0.433386
[MO833] Paramount Iteration,0,188,82.515610,0.433357
[MO833] Paramount Iteration,2,188,82.509050,0.433477
[MO833] Paramount Iteration,3,188,82.509822,0.433396
[MO833] Paramount Iteration,1,188,82.516035,0.433457
[MO833] Paramount Iteration,0,189,82.949031,0.433421
[MO833] Paramount Iteration,2,189,82.942572,0.433522
[MO833] Paramount Iteration,3,189,82.943240,0.433418
[MO833] Paramount Iteration,1,189,82.949470,0.433435
[MO833] Paramount Iteration,0,190,83.382561,0.433530
[MO833] Paramount Iteration,2,190,83.375988,0.433416
[MO833] Paramount Iteration,3,190,83.376755,0.433515
[MO833] Paramount Iteration,1,190,83.382988,0.433518
[MO833] Paramount Iteration,0,191,83.815898,0.433337
[MO833] Paramount Iteration,2,191,83.809369,0.433381
[MO833] Paramount Iteration,3,191,83.810083,0.433328
[MO833] Paramount Iteration,1,191,83.816330,0.433342
[MO833] Paramount Iteration,0,192,84.249410,0.433512
[MO833] Paramount Iteration,2,192,84.242884,0.433515
[MO833] Paramount Iteration,3,192,84.243594,0.433511
[MO833] Paramount Iteration,1,192,84.249813,0.433483
[MO833] Paramount Iteration,0,193,84.682733,0.433323
[MO833] Paramount Iteration,2,193,84.676316,0.433432
[MO833] Paramount Iteration,3,193,84.677003,0.433409
[MO833] Paramount Iteration,1,193,84.683279,0.433466
[MO833] Paramount Iteration,0,194,85.116183,0.433450
[MO833] Paramount Iteration,2,194,85.109767,0.433451
[MO833] Paramount Iteration,3,194,85.110447,0.433444
[MO833] Paramount Iteration,1,194,85.116697,0.433418
[MO833] Paramount Iteration,0,195,85.549679,0.433496
[MO833] Paramount Iteration,2,195,85.543079,0.433312
[MO833] Paramount Iteration,3,195,85.543877,0.433430
[MO833] Paramount Iteration,1,195,85.550073,0.433376
[MO833] Paramount Iteration,0,196,85.983164,0.433485
[MO833] Paramount Iteration,2,196,85.976687,0.433608
[MO833] Paramount Iteration,3,196,85.977419,0.433542
[MO833] Paramount Iteration,1,196,85.983663,0.433590
[MO833] Paramount Iteration,0,197,86.416612,0.433448
[MO833] Paramount Iteration,2,197,86.410136,0.433449
[MO833] Paramount Iteration,3,197,86.410810,0.433391
[MO833] Paramount Iteration,1,197,86.417090,0.433427
[MO833] Paramount Iteration,0,198,86.850114,0.433502
[MO833] Paramount Iteration,2,198,86.843554,0.433418
[MO833] Paramount Iteration,3,198,86.844295,0.433485
[MO833] Paramount Iteration,1,198,86.850504,0.433414
[MO833] Paramount Iteration,0,199,87.283354,0.433240
 Time step  200
[MO833] Paramount Iteration,2,199,87.276916,0.433362
[MO833] Paramount Iteration,3,199,87.277632,0.433337
[MO833] Paramount Iteration,1,199,87.283897,0.433393
 Verification being performed for class B
 accuracy setting for epsilon =  0.1000000000000E-07
 Comparison of RMS-norms of residual
           1 0.1423359722929E+04 0.1423359722929E+04 0.1070287152945E-13
           2 0.9933052259015E+02 0.9933052259015E+02 0.7153317200312E-15
           3 0.3564602564454E+03 0.3564602564454E+03 0.5900255245348E-14
           4 0.3248544795908E+03 0.3248544795908E+03 0.9798945854817E-14
[MO833] PI avg,3,0.432334,200
[MO833] Beta,3,0.000681
[MO833] PI avg,2,0.432328,200
[MO833] Beta,2,0.000694
[MO833] PI avg,1,0.432336,200
[MO833] Beta,1,0.000676
           5 0.3270754125466E+04 0.3270754125466E+04 0.1223502756335E-13
 Comparison of RMS-norms of solution error
           1 0.5296984714094E+02 0.5296984714094E+02 0.9389868800427E-15
           2 0.4463289611567E+01 0.4463289611567E+01 0.1293476388601E-13
           3 0.1312257334221E+02 0.1312257334221E+02 0.1258908460682E-13
           4 0.1200692532356E+02 0.1200692532356E+02 0.6805440394643E-14
           5 0.1245957615104E+03 0.1245957615104E+03 0.1003690013030E-13
 Verification Successful


 BT Benchmark Completed.
 Class           =                        B
 Size            =            102x 102x 102
 Iterations      =                      200
 Time in seconds =                    86.90
 Total processes =                        8
 Active procs    =                        4
 Mop/s total     =                  8080.27
 Mop/s/process   =                  1010.03
 Operation type  =           floating point
 Verification    =               SUCCESSFUL
 Version         =                      3.4
 Compile date    =              16 Jun 2020

 Compile options:
    MPIFC        = mpif90
    FLINK        = $(MPIFC)
    FMPI_LIB     = (none)
    FMPI_INC     = (none)
    FFLAGS       = -O3
    FLINKFLAGS   = $(FFLAGS) -O ../kernel_stats/kernel_stats.o...
    RAND         = (none)


 Please send feedbacks and/or the results of this run to:

 NPB Development Team 
 Internet: npb@nas.nasa.gov


[MO833] PI avg,0,0.432324,200
[MO833] Beta,0,0.000707
[MO833] Total time,87.777992
