--------------------------------------------------------------------------
[[58123,1],0]: A high-performance Open MPI point-to-point messaging module
was unable to find any relevant network interfaces:

Module: OpenFabrics (openib)
  Host: node06

Another transport will be used instead, although this may result in
lower performance.

NOTE: You can disable this warning by setting the MCA parameter
btl_base_warn_component_unused to 0.
--------------------------------------------------------------------------


 NAS Parallel Benchmarks 3.4 -- FT Benchmark

 No input file inputft.data. Using compiled defaults
 Size                :  512x 512x 512  (class C)
 Iterations          :             20
 Number of processes :              1
 Processor array     :         1x   1
 Layout type         :             0D

 Initialization time =     26.1935

Init time,51.094763
 T =    1     Checksum =    5.195078707457D+02    5.149019699238D+02
Iteration,1,63.004264,11.909448
 T =    2     Checksum =    5.155422171134D+02    5.127578201997D+02
Iteration,2,73.702824,10.698540
 T =    3     Checksum =    5.144678022222D+02    5.122251847514D+02
Iteration,3,85.757553,12.054709
 T =    4     Checksum =    5.140150594328D+02    5.121090289018D+02
Iteration,4,96.871904,11.114342
 T =    5     Checksum =    5.137550426810D+02    5.121143685824D+02
Iteration,5,107.546868,10.674945
 T =    6     Checksum =    5.135811056728D+02    5.121496764568D+02
Iteration,6,118.287448,10.740561
 T =    7     Checksum =    5.134569343165D+02    5.121870921893D+02
Iteration,7,129.293446,11.005977
 T =    8     Checksum =    5.133651975661D+02    5.122193250322D+02
Iteration,8,140.069939,10.776474
 T =    9     Checksum =    5.132955192805D+02    5.122454735794D+02
Iteration,9,150.922040,10.852081
 T =   10     Checksum =    5.132410471738D+02    5.122663649603D+02
Iteration,10,161.369915,10.447855
 T =   11     Checksum =    5.131971141679D+02    5.122830879827D+02
Iteration,11,172.168400,10.798464
 T =   12     Checksum =    5.131605205716D+02    5.122965869718D+02
Iteration,12,183.039757,10.871337
 T =   13     Checksum =    5.131290734194D+02    5.123075927445D+02
Iteration,13,193.803221,10.763454
 T =   14     Checksum =    5.131012720314D+02    5.123166486553D+02
Iteration,14,204.574996,10.771755
 T =   15     Checksum =    5.130760908195D+02    5.123241541685D+02
Iteration,15,215.151687,10.576670
 T =   16     Checksum =    5.130528295923D+02    5.123304037599D+02
Iteration,16,225.772805,10.621098
 T =   17     Checksum =    5.130310107773D+02    5.123356167976D+02
Iteration,17,236.971398,11.198573
 T =   18     Checksum =    5.130103090133D+02    5.123399592211D+02
Iteration,18,248.079676,11.108268
 T =   19     Checksum =    5.129905029333D+02    5.123435588985D+02
Iteration,19,258.734848,10.655154
 T =   20     Checksum =    5.129714421109D+02    5.123465164008D+02
Iteration,20,269.507555,10.772687
 Result verification successful


 FT Benchmark Completed.
 Class           =                        C
 Size            =            512x 512x 512
 Iterations      =                       20
 Time in seconds =                   243.19
 Total processes =                        1
 Active procs    =                        1
 Mop/s total     =                  1629.95
 Mop/s/process   =                  1629.95
 Operation type  =           floating point
 Verification    =               SUCCESSFUL
 Version         =                      3.4
 Compile date    =              05 Jun 2020

 Compile options:
    MPIFC        = mpif90
    FLINK        = $(MPIFC)
    FMPI_LIB     = (none)
    FMPI_INC     = (none)
    FFLAGS       = -O3
    FLINKFLAGS   = $(FFLAGS) -O ../kernel_stats/kernel_stats.o
    RAND         = randi8


 Please send feedbacks and/or the results of this run to:

 NPB Development Team 
 Internet: npb@nas.nasa.gov


