--------------------------------------------------------------------------
[[36317,1],0]: A high-performance Open MPI point-to-point messaging module
was unable to find any relevant network interfaces:

Module: OpenFabrics (openib)
  Host: node06

Another transport will be used instead, although this may result in
lower performance.

NOTE: You can disable this warning by setting the MCA parameter
btl_base_warn_component_unused to 0.
--------------------------------------------------------------------------


 NAS Parallel Benchmarks 3.4 -- SP Benchmark

 No input file inputsp.data. Using compiled defaults
 Size:  102x 102x 102  (class B)
 Iterations:  400    dt:   0.0010000
 Total number of processes:     4

 Time step    1
[MO833] Paramount Iteration,2,1,0.610193,0.192304
[MO833] Paramount Iteration,0,1,0.610668,0.192776
[MO833] Paramount Iteration,1,1,0.611898,0.193993
[MO833] Paramount Iteration,3,1,0.612149,0.194248
[MO833] Paramount Iteration,2,2,0.804438,0.194245
[MO833] Paramount Iteration,0,2,0.804913,0.194245
[MO833] Paramount Iteration,1,2,0.806140,0.194242
[MO833] Paramount Iteration,3,2,0.806381,0.194232
[MO833] Paramount Iteration,2,3,1.014079,0.209641
[MO833] Paramount Iteration,0,3,1.014463,0.209550
[MO833] Paramount Iteration,1,3,1.016043,0.209903
[MO833] Paramount Iteration,3,3,1.016377,0.209996
[MO833] Paramount Iteration,2,4,1.213350,0.199271
[MO833] Paramount Iteration,0,4,1.213841,0.199378
[MO833] Paramount Iteration,1,4,1.215099,0.199056
[MO833] Paramount Iteration,3,4,1.215382,0.199005
[MO833] Paramount Iteration,2,5,1.407633,0.194283
[MO833] Paramount Iteration,0,5,1.407991,0.194150
[MO833] Paramount Iteration,1,5,1.409298,0.194199
[MO833] Paramount Iteration,3,5,1.409495,0.194113
[MO833] Paramount Iteration,2,6,1.601537,0.193904
[MO833] Paramount Iteration,0,6,1.602152,0.194161
[MO833] Paramount Iteration,1,6,1.603324,0.194026
[MO833] Paramount Iteration,3,6,1.603658,0.194163
[MO833] Paramount Iteration,2,7,1.796153,0.194616
[MO833] Paramount Iteration,0,7,1.796690,0.194538
[MO833] Paramount Iteration,1,7,1.797854,0.194530
[MO833] Paramount Iteration,3,7,1.798168,0.194510
[MO833] Paramount Iteration,2,8,1.990625,0.194472
[MO833] Paramount Iteration,0,8,1.990967,0.194277
[MO833] Paramount Iteration,1,8,1.992223,0.194369
[MO833] Paramount Iteration,3,8,1.992526,0.194358
[MO833] Paramount Iteration,2,9,2.185230,0.194605
[MO833] Paramount Iteration,0,9,2.185688,0.194721
[MO833] Paramount Iteration,1,9,2.186960,0.194737
[MO833] Paramount Iteration,3,9,2.187226,0.194700
[MO833] Paramount Iteration,2,10,2.379387,0.194157
[MO833] Paramount Iteration,0,10,2.379923,0.194235
[MO833] Paramount Iteration,1,10,2.381062,0.194102
[MO833] Paramount Iteration,3,10,2.381419,0.194193
[MO833] Paramount Iteration,2,11,2.573526,0.194139
[MO833] Paramount Iteration,0,11,2.574055,0.194132
[MO833] Paramount Iteration,1,11,2.575263,0.194201
[MO833] Paramount Iteration,3,11,2.575568,0.194149
[MO833] Paramount Iteration,2,12,2.768252,0.194726
[MO833] Paramount Iteration,0,12,2.768876,0.194821
[MO833] Paramount Iteration,1,12,2.769978,0.194715
[MO833] Paramount Iteration,3,12,2.770318,0.194750
[MO833] Paramount Iteration,2,13,2.962289,0.194037
[MO833] Paramount Iteration,0,13,2.962811,0.193935
[MO833] Paramount Iteration,1,13,2.964098,0.194120
[MO833] Paramount Iteration,3,13,2.964297,0.193979
[MO833] Paramount Iteration,2,14,3.156863,0.194574
[MO833] Paramount Iteration,0,14,3.157337,0.194526
[MO833] Paramount Iteration,1,14,3.158591,0.194493
[MO833] Paramount Iteration,3,14,3.158859,0.194562
[MO833] Paramount Iteration,1,15,3.353984,0.195393
[MO833] Paramount Iteration,2,15,3.354235,0.197372
[MO833] Paramount Iteration,3,15,3.354308,0.195449
[MO833] Paramount Iteration,0,15,3.354568,0.197231
[MO833] Paramount Iteration,2,16,3.546995,0.192760
[MO833] Paramount Iteration,0,16,3.547436,0.192868
[MO833] Paramount Iteration,1,16,3.548715,0.194731
[MO833] Paramount Iteration,3,16,3.548942,0.194634
[MO833] Paramount Iteration,2,17,3.740959,0.193964
[MO833] Paramount Iteration,0,17,3.741594,0.194158
[MO833] Paramount Iteration,1,17,3.742730,0.194015
[MO833] Paramount Iteration,3,17,3.743116,0.194174
[MO833] Paramount Iteration,2,18,3.935140,0.194181
[MO833] Paramount Iteration,0,18,3.935637,0.194043
[MO833] Paramount Iteration,1,18,3.936843,0.194113
[MO833] Paramount Iteration,3,18,3.937131,0.194015
[MO833] Paramount Iteration,2,19,4.146203,0.211063
[MO833] Paramount Iteration,0,19,4.146505,0.210868
 Time step   20
[MO833] Paramount Iteration,1,19,4.149276,0.212433
[MO833] Paramount Iteration,3,19,4.149495,0.212364
[MO833] Paramount Iteration,2,20,4.344258,0.198055
[MO833] Paramount Iteration,0,20,4.344765,0.198260
[MO833] Paramount Iteration,1,20,4.345956,0.196680
[MO833] Paramount Iteration,3,20,4.346182,0.196687
[MO833] Paramount Iteration,2,21,4.537807,0.193549
[MO833] Paramount Iteration,0,21,4.538375,0.193610
[MO833] Paramount Iteration,1,21,4.539513,0.193557
[MO833] Paramount Iteration,3,21,4.539846,0.193664
[MO833] Paramount Iteration,3,22,4.733404,0.193558
[MO833] Paramount Iteration,1,22,4.734051,0.194538
[MO833] Paramount Iteration,0,22,4.735704,0.197329
[MO833] Paramount Iteration,2,22,4.736171,0.198364
[MO833] Paramount Iteration,2,23,4.928507,0.192336
[MO833] Paramount Iteration,0,23,4.928978,0.193274
[MO833] Paramount Iteration,1,23,4.930180,0.196129
[MO833] Paramount Iteration,3,23,4.930423,0.197019
[MO833] Paramount Iteration,2,24,5.122555,0.194048
[MO833] Paramount Iteration,0,24,5.123155,0.194177
[MO833] Paramount Iteration,1,24,5.124364,0.194184
[MO833] Paramount Iteration,3,24,5.124695,0.194272
[MO833] Paramount Iteration,2,25,5.316840,0.194285
[MO833] Paramount Iteration,0,25,5.317295,0.194140
[MO833] Paramount Iteration,1,25,5.318550,0.194186
[MO833] Paramount Iteration,3,25,5.318769,0.194074
[MO833] Paramount Iteration,2,26,5.510953,0.194113
[MO833] Paramount Iteration,0,26,5.511404,0.194109
[MO833] Paramount Iteration,1,26,5.512645,0.194095
[MO833] Paramount Iteration,3,26,5.512842,0.194073
[MO833] Paramount Iteration,2,27,5.705398,0.194445
[MO833] Paramount Iteration,0,27,5.705979,0.194575
[MO833] Paramount Iteration,1,27,5.707231,0.194586
[MO833] Paramount Iteration,3,27,5.707570,0.194728
[MO833] Paramount Iteration,2,28,5.900053,0.194655
[MO833] Paramount Iteration,0,28,5.900676,0.194697
[MO833] Paramount Iteration,1,28,5.901783,0.194552
[MO833] Paramount Iteration,3,28,5.902117,0.194547
[MO833] Paramount Iteration,2,29,6.094170,0.194117
[MO833] Paramount Iteration,0,29,6.094607,0.193931
[MO833] Paramount Iteration,1,29,6.095886,0.194103
[MO833] Paramount Iteration,3,29,6.096122,0.194005
[MO833] Paramount Iteration,2,30,6.288505,0.194335
[MO833] Paramount Iteration,0,30,6.288938,0.194331
[MO833] Paramount Iteration,1,30,6.290179,0.194293
[MO833] Paramount Iteration,3,30,6.290423,0.194301
[MO833] Paramount Iteration,1,31,6.488840,0.198661
[MO833] Paramount Iteration,3,31,6.489064,0.198641
[MO833] Paramount Iteration,2,31,6.490991,0.202486
[MO833] Paramount Iteration,0,31,6.491161,0.202223
[MO833] Paramount Iteration,2,32,6.683338,0.192347
[MO833] Paramount Iteration,0,32,6.683783,0.192622
[MO833] Paramount Iteration,1,32,6.685023,0.196183
[MO833] Paramount Iteration,3,32,6.685248,0.196184
[MO833] Paramount Iteration,2,33,6.877639,0.194301
[MO833] Paramount Iteration,0,33,6.878188,0.194405
[MO833] Paramount Iteration,1,33,6.879404,0.194381
[MO833] Paramount Iteration,3,33,6.879696,0.194448
[MO833] Paramount Iteration,2,34,7.071830,0.194191
[MO833] Paramount Iteration,0,34,7.072318,0.194130
[MO833] Paramount Iteration,1,34,7.073529,0.194125
[MO833] Paramount Iteration,3,34,7.073781,0.194085
[MO833] Paramount Iteration,2,35,7.266055,0.194225
[MO833] Paramount Iteration,0,35,7.266540,0.194222
[MO833] Paramount Iteration,1,35,7.267790,0.194261
[MO833] Paramount Iteration,3,35,7.268021,0.194240
[MO833] Paramount Iteration,2,36,7.460209,0.194154
[MO833] Paramount Iteration,0,36,7.460702,0.194162
[MO833] Paramount Iteration,1,36,7.461904,0.194114
[MO833] Paramount Iteration,3,36,7.462147,0.194126
[MO833] Paramount Iteration,2,37,7.654670,0.194461
[MO833] Paramount Iteration,0,37,7.655135,0.194433
[MO833] Paramount Iteration,1,37,7.656384,0.194480
[MO833] Paramount Iteration,3,37,7.656675,0.194528
[MO833] Paramount Iteration,2,38,7.849017,0.194347
[MO833] Paramount Iteration,0,38,7.849598,0.194463
[MO833] Paramount Iteration,1,38,7.850756,0.194372
[MO833] Paramount Iteration,3,38,7.851113,0.194438
[MO833] Paramount Iteration,2,39,8.055841,0.206824
[MO833] Paramount Iteration,0,39,8.056154,0.206556
 Time step   40
[MO833] Paramount Iteration,1,39,8.061300,0.210544
[MO833] Paramount Iteration,3,39,8.061444,0.210331
[MO833] Paramount Iteration,2,40,8.256589,0.200748
[MO833] Paramount Iteration,0,40,8.257170,0.201016
[MO833] Paramount Iteration,1,40,8.258280,0.196980
[MO833] Paramount Iteration,3,40,8.258622,0.197178
[MO833] Paramount Iteration,2,41,8.450700,0.194111
[MO833] Paramount Iteration,0,41,8.451175,0.194005
[MO833] Paramount Iteration,1,41,8.452451,0.194171
[MO833] Paramount Iteration,3,41,8.452705,0.194083
[MO833] Paramount Iteration,2,42,8.649282,0.198582
[MO833] Paramount Iteration,0,42,8.649828,0.198653
[MO833] Paramount Iteration,1,42,8.651031,0.198580
[MO833] Paramount Iteration,3,42,8.651359,0.198654
[MO833] Paramount Iteration,2,43,8.843599,0.194317
[MO833] Paramount Iteration,0,43,8.844174,0.194346
[MO833] Paramount Iteration,1,43,8.845307,0.194276
[MO833] Paramount Iteration,3,43,8.845643,0.194284
[MO833] Paramount Iteration,2,44,9.037606,0.194007
[MO833] Paramount Iteration,0,44,9.038035,0.193861
[MO833] Paramount Iteration,1,44,9.039304,0.193997
[MO833] Paramount Iteration,3,44,9.039532,0.193889
[MO833] Paramount Iteration,2,45,9.231891,0.194285
[MO833] Paramount Iteration,0,45,9.232414,0.194379
[MO833] Paramount Iteration,1,45,9.233621,0.194317
[MO833] Paramount Iteration,3,45,9.233922,0.194390
[MO833] Paramount Iteration,2,46,9.426041,0.194150
[MO833] Paramount Iteration,0,46,9.426464,0.194050
[MO833] Paramount Iteration,1,46,9.427741,0.194120
[MO833] Paramount Iteration,3,46,9.427988,0.194066
[MO833] Paramount Iteration,2,47,9.620117,0.194076
[MO833] Paramount Iteration,0,47,9.620545,0.194081
[MO833] Paramount Iteration,1,47,9.621806,0.194065
[MO833] Paramount Iteration,3,47,9.622024,0.194036
[MO833] Paramount Iteration,2,48,9.814464,0.194347
[MO833] Paramount Iteration,0,48,9.814974,0.194429
[MO833] Paramount Iteration,1,48,9.816225,0.194419
[MO833] Paramount Iteration,3,48,9.816504,0.194480
[MO833] Paramount Iteration,2,49,10.008854,0.194390
[MO833] Paramount Iteration,0,49,10.009299,0.194325
[MO833] Paramount Iteration,1,49,10.010528,0.194303
[MO833] Paramount Iteration,3,49,10.010836,0.194332
[MO833] Paramount Iteration,2,50,10.202917,0.194063
[MO833] Paramount Iteration,0,50,10.203372,0.194073
[MO833] Paramount Iteration,1,50,10.204621,0.194093
[MO833] Paramount Iteration,3,50,10.204856,0.194020
[MO833] Paramount Iteration,2,51,10.396569,0.193652
[MO833] Paramount Iteration,0,51,10.397004,0.193632
[MO833] Paramount Iteration,1,51,10.398212,0.193591
[MO833] Paramount Iteration,3,51,10.398443,0.193587
[MO833] Paramount Iteration,2,52,10.589972,0.193403
[MO833] Paramount Iteration,0,52,10.590577,0.193573
[MO833] Paramount Iteration,1,52,10.591674,0.193462
[MO833] Paramount Iteration,3,52,10.591992,0.193549
[MO833] Paramount Iteration,2,53,10.784045,0.194073
[MO833] Paramount Iteration,0,53,10.784541,0.193964
[MO833] Paramount Iteration,1,53,10.785678,0.194004
[MO833] Paramount Iteration,3,53,10.785967,0.193975
[MO833] Paramount Iteration,3,54,10.982304,0.196337
[MO833] Paramount Iteration,1,54,10.982614,0.196936
[MO833] Paramount Iteration,0,54,10.987745,0.203204
[MO833] Paramount Iteration,2,54,10.988013,0.203968
[MO833] Paramount Iteration,2,55,11.179475,0.191462
[MO833] Paramount Iteration,0,55,11.180021,0.192276
[MO833] Paramount Iteration,1,55,11.181204,0.198590
[MO833] Paramount Iteration,3,55,11.181491,0.199187
[MO833] Paramount Iteration,2,56,11.373990,0.194515
[MO833] Paramount Iteration,0,56,11.374365,0.194344
[MO833] Paramount Iteration,1,56,11.375741,0.194537
[MO833] Paramount Iteration,3,56,11.375889,0.194398
[MO833] Paramount Iteration,2,57,11.568180,0.194190
[MO833] Paramount Iteration,0,57,11.568687,0.194322
[MO833] Paramount Iteration,1,57,11.569860,0.194119
[MO833] Paramount Iteration,3,57,11.570172,0.194283
[MO833] Paramount Iteration,2,58,11.761876,0.193696
[MO833] Paramount Iteration,0,58,11.762516,0.193829
[MO833] Paramount Iteration,1,58,11.763645,0.193785
[MO833] Paramount Iteration,3,58,11.764006,0.193834
[MO833] Paramount Iteration,2,59,11.956169,0.194293
[MO833] Paramount Iteration,0,59,11.956679,0.194163
 Time step   60
[MO833] Paramount Iteration,1,59,11.957851,0.194206
[MO833] Paramount Iteration,3,59,11.958153,0.194147
[MO833] Paramount Iteration,2,60,12.150175,0.194006
[MO833] Paramount Iteration,0,60,12.150869,0.194190
[MO833] Paramount Iteration,1,60,12.151947,0.194096
[MO833] Paramount Iteration,3,60,12.152298,0.194145
[MO833] Paramount Iteration,2,61,12.344715,0.194540
[MO833] Paramount Iteration,0,61,12.345194,0.194325
[MO833] Paramount Iteration,1,61,12.346391,0.194444
[MO833] Paramount Iteration,3,61,12.346669,0.194371
[MO833] Paramount Iteration,2,62,12.538601,0.193886
[MO833] Paramount Iteration,0,62,12.539128,0.193934
[MO833] Paramount Iteration,1,62,12.540348,0.193957
[MO833] Paramount Iteration,3,62,12.540632,0.193963
[MO833] Paramount Iteration,2,63,12.733053,0.194452
[MO833] Paramount Iteration,0,63,12.733691,0.194563
[MO833] Paramount Iteration,1,63,12.734771,0.194423
[MO833] Paramount Iteration,3,63,12.735168,0.194536
[MO833] Paramount Iteration,2,64,12.927953,0.194900
[MO833] Paramount Iteration,0,64,12.928469,0.194778
[MO833] Paramount Iteration,1,64,12.929648,0.194877
[MO833] Paramount Iteration,3,64,12.929917,0.194749
[MO833] Paramount Iteration,2,65,13.122284,0.194331
[MO833] Paramount Iteration,0,65,13.122912,0.194443
[MO833] Paramount Iteration,1,65,13.123985,0.194337
[MO833] Paramount Iteration,3,65,13.124347,0.194430
[MO833] Paramount Iteration,2,66,13.316728,0.194444
[MO833] Paramount Iteration,0,66,13.317241,0.194329
[MO833] Paramount Iteration,1,66,13.318398,0.194413
[MO833] Paramount Iteration,3,66,13.318679,0.194332
[MO833] Paramount Iteration,2,67,13.510388,0.193660
[MO833] Paramount Iteration,0,67,13.510933,0.193692
[MO833] Paramount Iteration,1,67,13.512071,0.193673
[MO833] Paramount Iteration,3,67,13.512358,0.193679
[MO833] Paramount Iteration,2,68,13.704295,0.193907
[MO833] Paramount Iteration,0,68,13.704745,0.193812
[MO833] Paramount Iteration,1,68,13.705940,0.193869
[MO833] Paramount Iteration,3,68,13.706184,0.193826
[MO833] Paramount Iteration,2,69,13.898095,0.193800
[MO833] Paramount Iteration,0,69,13.898585,0.193840
[MO833] Paramount Iteration,1,69,13.899783,0.193843
[MO833] Paramount Iteration,3,69,13.900024,0.193840
[MO833] Paramount Iteration,1,70,14.092229,0.192446
[MO833] Paramount Iteration,3,70,14.092608,0.192584
[MO833] Paramount Iteration,0,70,14.094370,0.195785
[MO833] Paramount Iteration,2,70,14.094364,0.196269
[MO833] Paramount Iteration,2,71,14.286663,0.192299
[MO833] Paramount Iteration,0,71,14.287028,0.192658
[MO833] Paramount Iteration,1,71,14.288346,0.196117
[MO833] Paramount Iteration,3,71,14.288524,0.195916
[MO833] Paramount Iteration,2,72,14.480931,0.194268
[MO833] Paramount Iteration,0,72,14.481579,0.194551
[MO833] Paramount Iteration,1,72,14.482674,0.194328
[MO833] Paramount Iteration,3,72,14.483093,0.194569
[MO833] Paramount Iteration,2,73,14.675122,0.194191
[MO833] Paramount Iteration,0,73,14.675631,0.194052
[MO833] Paramount Iteration,1,73,14.676809,0.194135
[MO833] Paramount Iteration,3,73,14.677101,0.194008
[MO833] Paramount Iteration,2,74,14.869224,0.194102
[MO833] Paramount Iteration,0,74,14.869705,0.194074
[MO833] Paramount Iteration,1,74,14.870958,0.194149
[MO833] Paramount Iteration,3,74,14.871273,0.194172
[MO833] Paramount Iteration,2,75,15.063572,0.194348
[MO833] Paramount Iteration,0,75,15.064119,0.194414
[MO833] Paramount Iteration,1,75,15.065334,0.194376
[MO833] Paramount Iteration,3,75,15.065600,0.194327
[MO833] Paramount Iteration,2,76,15.257748,0.194176
[MO833] Paramount Iteration,0,76,15.258272,0.194153
[MO833] Paramount Iteration,1,76,15.259510,0.194176
[MO833] Paramount Iteration,3,76,15.259786,0.194186
[MO833] Paramount Iteration,2,77,15.451960,0.194212
[MO833] Paramount Iteration,0,77,15.452483,0.194211
[MO833] Paramount Iteration,1,77,15.453685,0.194175
[MO833] Paramount Iteration,3,77,15.453961,0.194175
[MO833] Paramount Iteration,2,78,15.646052,0.194092
[MO833] Paramount Iteration,0,78,15.646754,0.194271
[MO833] Paramount Iteration,1,78,15.647832,0.194147
[MO833] Paramount Iteration,3,78,15.648197,0.194236
[MO833] Paramount Iteration,2,79,15.840500,0.194448
[MO833] Paramount Iteration,0,79,15.840957,0.194203
 Time step   80
[MO833] Paramount Iteration,1,79,15.842199,0.194367
[MO833] Paramount Iteration,3,79,15.842435,0.194238
[MO833] Paramount Iteration,2,80,16.041588,0.201088
[MO833] Paramount Iteration,0,80,16.041904,0.200947
[MO833] Paramount Iteration,1,80,16.050282,0.208083
[MO833] Paramount Iteration,3,80,16.050480,0.208045
[MO833] Paramount Iteration,2,81,16.248181,0.206593
[MO833] Paramount Iteration,0,81,16.248723,0.206819
[MO833] Paramount Iteration,1,81,16.249851,0.199569
[MO833] Paramount Iteration,3,81,16.250125,0.199645
[MO833] Paramount Iteration,2,82,16.442446,0.194265
[MO833] Paramount Iteration,0,82,16.442961,0.194238
[MO833] Paramount Iteration,1,82,16.444207,0.194356
[MO833] Paramount Iteration,3,82,16.444485,0.194360
[MO833] Paramount Iteration,2,83,16.637096,0.194650
[MO833] Paramount Iteration,0,83,16.637637,0.194676
[MO833] Paramount Iteration,1,83,16.638741,0.194534
[MO833] Paramount Iteration,3,83,16.639135,0.194650
[MO833] Paramount Iteration,2,84,16.831701,0.194605
[MO833] Paramount Iteration,0,84,16.832139,0.194502
[MO833] Paramount Iteration,1,84,16.833392,0.194651
[MO833] Paramount Iteration,3,84,16.833595,0.194460
[MO833] Paramount Iteration,2,85,17.026028,0.194327
[MO833] Paramount Iteration,0,85,17.026388,0.194249
[MO833] Paramount Iteration,1,85,17.027706,0.194314
[MO833] Paramount Iteration,3,85,17.027944,0.194349
[MO833] Paramount Iteration,2,86,17.220502,0.194474
[MO833] Paramount Iteration,0,86,17.221022,0.194634
[MO833] Paramount Iteration,1,86,17.222188,0.194482
[MO833] Paramount Iteration,3,86,17.222496,0.194552
[MO833] Paramount Iteration,2,87,17.414877,0.194375
[MO833] Paramount Iteration,0,87,17.415319,0.194297
[MO833] Paramount Iteration,1,87,17.416554,0.194366
[MO833] Paramount Iteration,3,87,17.416861,0.194365
[MO833] Paramount Iteration,1,88,17.610306,0.193752
[MO833] Paramount Iteration,3,88,17.610669,0.193808
[MO833] Paramount Iteration,2,88,17.612789,0.197912
[MO833] Paramount Iteration,0,88,17.613127,0.197808
[MO833] Paramount Iteration,2,89,17.805676,0.192887
[MO833] Paramount Iteration,0,89,17.806063,0.192936
[MO833] Paramount Iteration,1,89,17.807403,0.197097
[MO833] Paramount Iteration,3,89,17.807586,0.196917
[MO833] Paramount Iteration,2,90,18.000147,0.194471
[MO833] Paramount Iteration,0,90,18.000657,0.194594
[MO833] Paramount Iteration,1,90,18.001846,0.194443
[MO833] Paramount Iteration,3,90,18.002125,0.194539
[MO833] Paramount Iteration,2,91,18.194375,0.194228
[MO833] Paramount Iteration,0,91,18.194897,0.194240
[MO833] Paramount Iteration,1,91,18.196079,0.194233
[MO833] Paramount Iteration,3,91,18.196355,0.194230
[MO833] Paramount Iteration,2,92,18.389072,0.194697
[MO833] Paramount Iteration,0,92,18.389700,0.194803
[MO833] Paramount Iteration,1,92,18.390833,0.194754
[MO833] Paramount Iteration,3,92,18.391128,0.194773
[MO833] Paramount Iteration,2,93,18.583185,0.194113
[MO833] Paramount Iteration,0,93,18.583861,0.194161
[MO833] Paramount Iteration,1,93,18.584915,0.194082
[MO833] Paramount Iteration,3,93,18.585273,0.194145
[MO833] Paramount Iteration,2,94,18.777503,0.194318
[MO833] Paramount Iteration,0,94,18.777896,0.194035
[MO833] Paramount Iteration,1,94,18.779220,0.194305
[MO833] Paramount Iteration,3,94,18.779451,0.194178
[MO833] Paramount Iteration,2,95,18.971760,0.194257
[MO833] Paramount Iteration,0,95,18.972201,0.194305
[MO833] Paramount Iteration,1,95,18.973420,0.194200
[MO833] Paramount Iteration,3,95,18.973714,0.194263
[MO833] Paramount Iteration,2,96,19.166699,0.194939
[MO833] Paramount Iteration,0,96,19.167136,0.194935
[MO833] Paramount Iteration,1,96,19.168432,0.195012
[MO833] Paramount Iteration,3,96,19.168632,0.194918
[MO833] Paramount Iteration,2,97,19.361403,0.194704
[MO833] Paramount Iteration,0,97,19.361862,0.194726
[MO833] Paramount Iteration,1,97,19.363126,0.194694
[MO833] Paramount Iteration,3,97,19.363417,0.194785
[MO833] Paramount Iteration,2,98,19.556393,0.194990
[MO833] Paramount Iteration,0,98,19.556639,0.194777
[MO833] Paramount Iteration,1,98,19.558033,0.194907
[MO833] Paramount Iteration,3,98,19.558182,0.194765
[MO833] Paramount Iteration,2,99,19.750434,0.194041
[MO833] Paramount Iteration,0,99,19.750981,0.194342
 Time step  100
[MO833] Paramount Iteration,1,99,19.752159,0.194126
[MO833] Paramount Iteration,3,99,19.752441,0.194259
[MO833] Paramount Iteration,2,100,19.945077,0.194643
[MO833] Paramount Iteration,0,100,19.945614,0.194633
[MO833] Paramount Iteration,1,100,19.946815,0.194656
[MO833] Paramount Iteration,3,100,19.947099,0.194658
[MO833] Paramount Iteration,2,101,20.139227,0.194150
[MO833] Paramount Iteration,0,101,20.139729,0.194115
[MO833] Paramount Iteration,1,101,20.140938,0.194123
[MO833] Paramount Iteration,3,101,20.141213,0.194114
[MO833] Paramount Iteration,2,102,20.333598,0.194371
[MO833] Paramount Iteration,0,102,20.334035,0.194306
[MO833] Paramount Iteration,1,102,20.335324,0.194386
[MO833] Paramount Iteration,3,102,20.335597,0.194384
[MO833] Paramount Iteration,2,103,20.528269,0.194671
[MO833] Paramount Iteration,0,103,20.528743,0.194708
[MO833] Paramount Iteration,1,103,20.529934,0.194610
[MO833] Paramount Iteration,3,103,20.530190,0.194593
[MO833] Paramount Iteration,2,104,20.722699,0.194430
[MO833] Paramount Iteration,0,104,20.723250,0.194507
[MO833] Paramount Iteration,1,104,20.724442,0.194508
[MO833] Paramount Iteration,3,104,20.724711,0.194521
[MO833] Paramount Iteration,2,105,20.917119,0.194420
[MO833] Paramount Iteration,0,105,20.917776,0.194526
[MO833] Paramount Iteration,1,105,20.918921,0.194479
[MO833] Paramount Iteration,3,105,20.919266,0.194555
[MO833] Paramount Iteration,2,106,21.111321,0.194202
[MO833] Paramount Iteration,0,106,21.111936,0.194160
[MO833] Paramount Iteration,1,106,21.113048,0.194127
[MO833] Paramount Iteration,3,106,21.113374,0.194108
[MO833] Paramount Iteration,2,107,21.305686,0.194365
[MO833] Paramount Iteration,0,107,21.306300,0.194364
[MO833] Paramount Iteration,1,107,21.307477,0.194429
[MO833] Paramount Iteration,3,107,21.307810,0.194436
[MO833] Paramount Iteration,2,108,21.500137,0.194451
[MO833] Paramount Iteration,0,108,21.500594,0.194294
[MO833] Paramount Iteration,1,108,21.501807,0.194330
[MO833] Paramount Iteration,3,108,21.502084,0.194274
[MO833] Paramount Iteration,2,109,21.694469,0.194332
[MO833] Paramount Iteration,0,109,21.694945,0.194351
[MO833] Paramount Iteration,1,109,21.696208,0.194401
[MO833] Paramount Iteration,3,109,21.696466,0.194382
[MO833] Paramount Iteration,3,110,21.888504,0.192038
[MO833] Paramount Iteration,1,110,21.892582,0.196374
[MO833] Paramount Iteration,0,110,21.894723,0.199778
[MO833] Paramount Iteration,2,110,21.898115,0.203646
[MO833] Paramount Iteration,2,111,22.089749,0.191634
[MO833] Paramount Iteration,0,111,22.090374,0.195651
[MO833] Paramount Iteration,1,111,22.091547,0.198965
[MO833] Paramount Iteration,3,111,22.091867,0.203363
[MO833] Paramount Iteration,2,112,22.284714,0.194965
[MO833] Paramount Iteration,0,112,22.285275,0.194901
[MO833] Paramount Iteration,1,112,22.286420,0.194873
[MO833] Paramount Iteration,3,112,22.286730,0.194863
[MO833] Paramount Iteration,2,113,22.479134,0.194420
[MO833] Paramount Iteration,0,113,22.479725,0.194450
[MO833] Paramount Iteration,1,113,22.480868,0.194448
[MO833] Paramount Iteration,3,113,22.481205,0.194475
[MO833] Paramount Iteration,2,114,22.673860,0.194726
[MO833] Paramount Iteration,0,114,22.674349,0.194624
[MO833] Paramount Iteration,1,114,22.675608,0.194740
[MO833] Paramount Iteration,3,114,22.675883,0.194678
[MO833] Paramount Iteration,2,115,22.868101,0.194241
[MO833] Paramount Iteration,0,115,22.868599,0.194250
[MO833] Paramount Iteration,1,115,22.869785,0.194177
[MO833] Paramount Iteration,3,115,22.870079,0.194196
[MO833] Paramount Iteration,2,116,23.062650,0.194549
[MO833] Paramount Iteration,0,116,23.063170,0.194571
[MO833] Paramount Iteration,1,116,23.064359,0.194574
[MO833] Paramount Iteration,3,116,23.064662,0.194583
[MO833] Paramount Iteration,2,117,23.257073,0.194423
[MO833] Paramount Iteration,0,117,23.257649,0.194479
[MO833] Paramount Iteration,1,117,23.258767,0.194408
[MO833] Paramount Iteration,3,117,23.259126,0.194464
[MO833] Paramount Iteration,2,118,23.451581,0.194508
[MO833] Paramount Iteration,0,118,23.451942,0.194293
[MO833] Paramount Iteration,1,118,23.453276,0.194509
[MO833] Paramount Iteration,3,118,23.453477,0.194351
[MO833] Paramount Iteration,2,119,23.645942,0.194361
[MO833] Paramount Iteration,0,119,23.646278,0.194336
 Time step  120
[MO833] Paramount Iteration,1,119,23.647664,0.194388
[MO833] Paramount Iteration,3,119,23.647848,0.194371
[MO833] Paramount Iteration,2,120,23.840307,0.194365
[MO833] Paramount Iteration,0,120,23.840780,0.194502
[MO833] Paramount Iteration,1,120,23.842004,0.194340
[MO833] Paramount Iteration,3,120,23.842233,0.194385
[MO833] Paramount Iteration,2,121,24.034409,0.194102
[MO833] Paramount Iteration,0,121,24.034865,0.194085
[MO833] Paramount Iteration,1,121,24.036136,0.194132
[MO833] Paramount Iteration,3,121,24.036359,0.194126
[MO833] Paramount Iteration,2,122,24.229196,0.194787
[MO833] Paramount Iteration,0,122,24.229752,0.194887
[MO833] Paramount Iteration,1,122,24.230953,0.194817
[MO833] Paramount Iteration,3,122,24.231223,0.194864
[MO833] Paramount Iteration,2,123,24.423511,0.194315
[MO833] Paramount Iteration,0,123,24.423969,0.194217
[MO833] Paramount Iteration,1,123,24.425135,0.194182
[MO833] Paramount Iteration,3,123,24.425446,0.194223
[MO833] Paramount Iteration,2,124,24.617813,0.194302
[MO833] Paramount Iteration,0,124,24.618374,0.194405
[MO833] Paramount Iteration,1,124,24.619577,0.194442
[MO833] Paramount Iteration,3,124,24.619904,0.194458
[MO833] Paramount Iteration,2,125,24.812267,0.194454
[MO833] Paramount Iteration,0,125,24.812721,0.194347
[MO833] Paramount Iteration,1,125,24.813942,0.194365
[MO833] Paramount Iteration,3,125,24.814188,0.194284
[MO833] Paramount Iteration,2,126,25.006463,0.194196
[MO833] Paramount Iteration,0,126,25.006877,0.194156
[MO833] Paramount Iteration,1,126,25.008154,0.194212
[MO833] Paramount Iteration,3,126,25.008424,0.194236
[MO833] Paramount Iteration,2,127,25.201161,0.194698
[MO833] Paramount Iteration,0,127,25.201574,0.194697
[MO833] Paramount Iteration,1,127,25.202954,0.194800
[MO833] Paramount Iteration,3,127,25.203126,0.194702
[MO833] Paramount Iteration,2,128,25.396015,0.194854
[MO833] Paramount Iteration,0,128,25.396473,0.194899
[MO833] Paramount Iteration,1,128,25.397667,0.194713
[MO833] Paramount Iteration,3,128,25.397967,0.194841
[MO833] Paramount Iteration,2,129,25.590681,0.194666
[MO833] Paramount Iteration,0,129,25.591272,0.194799
[MO833] Paramount Iteration,1,129,25.592405,0.194738
[MO833] Paramount Iteration,3,129,25.592725,0.194758
[MO833] Paramount Iteration,2,130,25.785131,0.194450
[MO833] Paramount Iteration,0,130,25.785603,0.194331
[MO833] Paramount Iteration,1,130,25.786876,0.194471
[MO833] Paramount Iteration,3,130,25.787107,0.194382
[MO833] Paramount Iteration,2,131,25.979467,0.194336
[MO833] Paramount Iteration,0,131,25.979961,0.194358
[MO833] Paramount Iteration,1,131,25.981156,0.194280
[MO833] Paramount Iteration,3,131,25.981467,0.194360
[MO833] Paramount Iteration,2,132,26.173701,0.194234
[MO833] Paramount Iteration,0,132,26.174292,0.194331
[MO833] Paramount Iteration,1,132,26.175489,0.194333
[MO833] Paramount Iteration,3,132,26.175815,0.194348
[MO833] Paramount Iteration,2,133,26.368157,0.194456
[MO833] Paramount Iteration,0,133,26.368566,0.194274
[MO833] Paramount Iteration,1,133,26.369831,0.194342
[MO833] Paramount Iteration,3,133,26.370081,0.194266
[MO833] Paramount Iteration,2,134,26.562333,0.194176
[MO833] Paramount Iteration,0,134,26.562838,0.194272
[MO833] Paramount Iteration,1,134,26.564079,0.194248
[MO833] Paramount Iteration,3,134,26.564343,0.194262
[MO833] Paramount Iteration,2,135,26.756623,0.194290
[MO833] Paramount Iteration,0,135,26.757106,0.194268
[MO833] Paramount Iteration,1,135,26.758284,0.194205
[MO833] Paramount Iteration,3,135,26.758579,0.194236
[MO833] Paramount Iteration,2,136,26.951727,0.195104
[MO833] Paramount Iteration,0,136,26.952169,0.195063
[MO833] Paramount Iteration,1,136,26.953397,0.195113
[MO833] Paramount Iteration,3,136,26.953641,0.195062
[MO833] Paramount Iteration,1,137,27.150506,0.197109
[MO833] Paramount Iteration,3,137,27.150685,0.197044
[MO833] Paramount Iteration,2,137,27.152722,0.200995
[MO833] Paramount Iteration,0,137,27.152879,0.200710
[MO833] Paramount Iteration,2,138,27.345055,0.192333
[MO833] Paramount Iteration,0,138,27.345738,0.192859
[MO833] Paramount Iteration,1,138,27.346844,0.196338
[MO833] Paramount Iteration,3,138,27.347209,0.196524
[MO833] Paramount Iteration,2,139,27.539461,0.194406
[MO833] Paramount Iteration,0,139,27.539859,0.194121
 Time step  140
[MO833] Paramount Iteration,1,139,27.541122,0.194278
[MO833] Paramount Iteration,3,139,27.541359,0.194150
[MO833] Paramount Iteration,2,140,27.733876,0.194415
[MO833] Paramount Iteration,0,140,27.734435,0.194576
[MO833] Paramount Iteration,1,140,27.735615,0.194493
[MO833] Paramount Iteration,3,140,27.735949,0.194590
[MO833] Paramount Iteration,2,141,27.928352,0.194476
[MO833] Paramount Iteration,0,141,27.928977,0.194542
[MO833] Paramount Iteration,1,141,27.930097,0.194482
[MO833] Paramount Iteration,3,141,27.930429,0.194480
[MO833] Paramount Iteration,2,142,28.122920,0.194568
[MO833] Paramount Iteration,0,142,28.123499,0.194522
[MO833] Paramount Iteration,1,142,28.124685,0.194588
[MO833] Paramount Iteration,3,142,28.124964,0.194535
[MO833] Paramount Iteration,2,143,28.317324,0.194404
[MO833] Paramount Iteration,0,143,28.317849,0.194350
[MO833] Paramount Iteration,1,143,28.319004,0.194319
[MO833] Paramount Iteration,3,143,28.319297,0.194333
[MO833] Paramount Iteration,2,144,28.512003,0.194679
[MO833] Paramount Iteration,0,144,28.512382,0.194533
[MO833] Paramount Iteration,1,144,28.513669,0.194665
[MO833] Paramount Iteration,3,144,28.513862,0.194565
[MO833] Paramount Iteration,2,145,28.706160,0.194157
[MO833] Paramount Iteration,0,145,28.706692,0.194310
[MO833] Paramount Iteration,1,145,28.707872,0.194203
[MO833] Paramount Iteration,3,145,28.708153,0.194291
[MO833] Paramount Iteration,2,146,28.901061,0.194901
[MO833] Paramount Iteration,0,146,28.901418,0.194726
[MO833] Paramount Iteration,1,146,28.902694,0.194822
[MO833] Paramount Iteration,3,146,28.902951,0.194798
[MO833] Paramount Iteration,2,147,29.095422,0.194361
[MO833] Paramount Iteration,0,147,29.095849,0.194431
[MO833] Paramount Iteration,1,147,29.097072,0.194378
[MO833] Paramount Iteration,3,147,29.097361,0.194410
[MO833] Paramount Iteration,2,148,29.289803,0.194381
[MO833] Paramount Iteration,0,148,29.290370,0.194521
[MO833] Paramount Iteration,1,148,29.291567,0.194495
[MO833] Paramount Iteration,3,148,29.291891,0.194530
[MO833] Paramount Iteration,2,149,29.484316,0.194513
[MO833] Paramount Iteration,0,149,29.484778,0.194408
[MO833] Paramount Iteration,1,149,29.485984,0.194417
[MO833] Paramount Iteration,3,149,29.486264,0.194373
[MO833] Paramount Iteration,2,150,29.679474,0.195158
[MO833] Paramount Iteration,0,150,29.679824,0.195046
[MO833] Paramount Iteration,1,150,29.681134,0.195150
[MO833] Paramount Iteration,3,150,29.681351,0.195087
[MO833] Paramount Iteration,2,151,29.874183,0.194709
[MO833] Paramount Iteration,0,151,29.874705,0.194881
[MO833] Paramount Iteration,1,151,29.875930,0.194796
[MO833] Paramount Iteration,3,151,29.876246,0.194895
[MO833] Paramount Iteration,2,152,30.068876,0.194693
[MO833] Paramount Iteration,0,152,30.069388,0.194683
[MO833] Paramount Iteration,1,152,30.070626,0.194696
[MO833] Paramount Iteration,3,152,30.070925,0.194679
[MO833] Paramount Iteration,2,153,30.263430,0.194554
[MO833] Paramount Iteration,0,153,30.263855,0.194467
[MO833] Paramount Iteration,1,153,30.265118,0.194492
[MO833] Paramount Iteration,3,153,30.265411,0.194486
[MO833] Paramount Iteration,2,154,30.457937,0.194507
[MO833] Paramount Iteration,0,154,30.458375,0.194520
[MO833] Paramount Iteration,1,154,30.459673,0.194555
[MO833] Paramount Iteration,3,154,30.459887,0.194476
[MO833] Paramount Iteration,2,155,30.652290,0.194353
[MO833] Paramount Iteration,0,155,30.652766,0.194391
[MO833] Paramount Iteration,1,155,30.653969,0.194296
[MO833] Paramount Iteration,3,155,30.654229,0.194342
[MO833] Paramount Iteration,2,156,30.846926,0.194636
[MO833] Paramount Iteration,0,156,30.847304,0.194538
[MO833] Paramount Iteration,1,156,30.848536,0.194567
[MO833] Paramount Iteration,3,156,30.848843,0.194614
[MO833] Paramount Iteration,2,157,31.041202,0.194276
[MO833] Paramount Iteration,0,157,31.041842,0.194538
[MO833] Paramount Iteration,1,157,31.042982,0.194446
[MO833] Paramount Iteration,3,157,31.043361,0.194518
[MO833] Paramount Iteration,2,158,31.236879,0.195677
[MO833] Paramount Iteration,0,158,31.237348,0.195506
[MO833] Paramount Iteration,1,158,31.238587,0.195605
[MO833] Paramount Iteration,3,158,31.238851,0.195490
[MO833] Paramount Iteration,2,159,31.431443,0.194564
[MO833] Paramount Iteration,0,159,31.432088,0.194740
 Time step  160
[MO833] Paramount Iteration,1,159,31.433221,0.194634
[MO833] Paramount Iteration,3,159,31.433532,0.194681
[MO833] Paramount Iteration,2,160,31.625840,0.194397
[MO833] Paramount Iteration,0,160,31.626260,0.194172
[MO833] Paramount Iteration,1,160,31.627562,0.194341
[MO833] Paramount Iteration,3,160,31.627785,0.194253
[MO833] Paramount Iteration,2,161,31.820365,0.194525
[MO833] Paramount Iteration,0,161,31.820874,0.194614
[MO833] Paramount Iteration,1,161,31.822039,0.194477
[MO833] Paramount Iteration,3,161,31.822319,0.194534
[MO833] Paramount Iteration,2,162,32.014298,0.193933
[MO833] Paramount Iteration,0,162,32.014631,0.193757
[MO833] Paramount Iteration,3,162,32.019249,0.196930
[MO833] Paramount Iteration,1,162,32.024586,0.202547
[MO833] Paramount Iteration,2,163,32.229146,0.214848
[MO833] Paramount Iteration,0,163,32.229758,0.215127
[MO833] Paramount Iteration,1,163,32.230931,0.206345
[MO833] Paramount Iteration,3,163,32.231226,0.211977
[MO833] Paramount Iteration,2,164,32.423620,0.194474
[MO833] Paramount Iteration,0,164,32.423999,0.194241
[MO833] Paramount Iteration,1,164,32.425210,0.194279
[MO833] Paramount Iteration,3,164,32.425509,0.194283
[MO833] Paramount Iteration,2,165,32.617503,0.193883
[MO833] Paramount Iteration,0,165,32.618131,0.194132
[MO833] Paramount Iteration,1,165,32.619360,0.194150
[MO833] Paramount Iteration,3,165,32.619677,0.194168
[MO833] Paramount Iteration,2,166,32.811988,0.194485
[MO833] Paramount Iteration,0,166,32.812685,0.194554
[MO833] Paramount Iteration,1,166,32.813677,0.194317
[MO833] Paramount Iteration,3,166,32.814108,0.194431
[MO833] Paramount Iteration,2,167,33.006221,0.194233
[MO833] Paramount Iteration,0,167,33.006918,0.194233
[MO833] Paramount Iteration,1,167,33.008018,0.194341
[MO833] Paramount Iteration,3,167,33.008337,0.194229
[MO833] Paramount Iteration,2,168,33.200539,0.194318
[MO833] Paramount Iteration,0,168,33.201199,0.194281
[MO833] Paramount Iteration,1,168,33.202297,0.194279
[MO833] Paramount Iteration,3,168,33.202623,0.194286
[MO833] Paramount Iteration,1,169,33.397346,0.195049
[MO833] Paramount Iteration,3,169,33.397746,0.195123
[MO833] Paramount Iteration,2,169,33.397646,0.197107
[MO833] Paramount Iteration,0,169,33.398000,0.196801
[MO833] Paramount Iteration,2,170,33.591029,0.193383
[MO833] Paramount Iteration,0,170,33.591437,0.193437
[MO833] Paramount Iteration,1,170,33.592700,0.195354
[MO833] Paramount Iteration,3,170,33.592953,0.195207
[MO833] Paramount Iteration,2,171,33.785774,0.194745
[MO833] Paramount Iteration,0,171,33.786073,0.194636
[MO833] Paramount Iteration,1,171,33.787488,0.194788
[MO833] Paramount Iteration,3,171,33.787629,0.194676
[MO833] Paramount Iteration,2,172,33.980083,0.194309
[MO833] Paramount Iteration,0,172,33.980529,0.194456
[MO833] Paramount Iteration,1,172,33.981780,0.194292
[MO833] Paramount Iteration,3,172,33.982005,0.194376
[MO833] Paramount Iteration,2,173,34.174392,0.194309
[MO833] Paramount Iteration,0,173,34.174971,0.194442
[MO833] Paramount Iteration,1,173,34.176115,0.194335
[MO833] Paramount Iteration,3,173,34.176492,0.194487
[MO833] Paramount Iteration,2,174,34.368889,0.194497
[MO833] Paramount Iteration,0,174,34.369349,0.194378
[MO833] Paramount Iteration,1,174,34.370628,0.194513
[MO833] Paramount Iteration,3,174,34.370963,0.194471
[MO833] Paramount Iteration,2,175,34.563493,0.194604
[MO833] Paramount Iteration,0,175,34.563966,0.194617
[MO833] Paramount Iteration,1,175,34.565167,0.194539
[MO833] Paramount Iteration,3,175,34.565476,0.194513
[MO833] Paramount Iteration,2,176,34.757705,0.194212
[MO833] Paramount Iteration,0,176,34.758210,0.194244
[MO833] Paramount Iteration,1,176,34.759458,0.194291
[MO833] Paramount Iteration,3,176,34.759727,0.194251
[MO833] Paramount Iteration,2,177,34.952177,0.194472
[MO833] Paramount Iteration,0,177,34.952664,0.194454
[MO833] Paramount Iteration,1,177,34.953856,0.194398
[MO833] Paramount Iteration,3,177,34.954131,0.194404
[MO833] Paramount Iteration,2,178,35.146871,0.194694
[MO833] Paramount Iteration,0,178,35.147331,0.194667
[MO833] Paramount Iteration,1,178,35.148548,0.194692
[MO833] Paramount Iteration,3,178,35.148843,0.194712
[MO833] Paramount Iteration,2,179,35.341374,0.194503
[MO833] Paramount Iteration,0,179,35.341863,0.194532
 Time step  180
[MO833] Paramount Iteration,1,179,35.343167,0.194619
[MO833] Paramount Iteration,3,179,35.343432,0.194589
[MO833] Paramount Iteration,2,180,35.535720,0.194346
[MO833] Paramount Iteration,0,180,35.536198,0.194335
[MO833] Paramount Iteration,1,180,35.537428,0.194261
[MO833] Paramount Iteration,3,180,35.537732,0.194300
[MO833] Paramount Iteration,2,181,35.729906,0.194186
[MO833] Paramount Iteration,0,181,35.730445,0.194247
[MO833] Paramount Iteration,1,181,35.731657,0.194229
[MO833] Paramount Iteration,3,181,35.731970,0.194238
[MO833] Paramount Iteration,2,182,35.924307,0.194401
[MO833] Paramount Iteration,0,182,35.924729,0.194284
[MO833] Paramount Iteration,1,182,35.925948,0.194291
[MO833] Paramount Iteration,3,182,35.926229,0.194259
[MO833] Paramount Iteration,2,183,36.118744,0.194437
[MO833] Paramount Iteration,0,183,36.119252,0.194523
[MO833] Paramount Iteration,1,183,36.120450,0.194502
[MO833] Paramount Iteration,3,183,36.120719,0.194490
[MO833] Paramount Iteration,2,184,36.313081,0.194337
[MO833] Paramount Iteration,0,184,36.313626,0.194374
[MO833] Paramount Iteration,1,184,36.314813,0.194363
[MO833] Paramount Iteration,3,184,36.315120,0.194401
[MO833] Paramount Iteration,2,185,36.507504,0.194423
[MO833] Paramount Iteration,0,185,36.508004,0.194378
[MO833] Paramount Iteration,1,185,36.509215,0.194402
[MO833] Paramount Iteration,3,185,36.509473,0.194353
[MO833] Paramount Iteration,2,186,36.702007,0.194503
[MO833] Paramount Iteration,0,186,36.702511,0.194507
[MO833] Paramount Iteration,1,186,36.703756,0.194541
[MO833] Paramount Iteration,3,186,36.704013,0.194540
[MO833] Paramount Iteration,2,187,36.896743,0.194736
[MO833] Paramount Iteration,0,187,36.897089,0.194578
[MO833] Paramount Iteration,1,187,36.898411,0.194655
[MO833] Paramount Iteration,3,187,36.898596,0.194583
[MO833] Paramount Iteration,2,188,37.091090,0.194347
[MO833] Paramount Iteration,0,188,37.091808,0.194719
[MO833] Paramount Iteration,1,188,37.092856,0.194445
[MO833] Paramount Iteration,3,188,37.093255,0.194659
[MO833] Paramount Iteration,2,189,37.285403,0.194313
[MO833] Paramount Iteration,0,189,37.285804,0.193996
[MO833] Paramount Iteration,1,189,37.287145,0.194289
[MO833] Paramount Iteration,3,189,37.287351,0.194096
[MO833] Paramount Iteration,2,190,37.479997,0.194594
[MO833] Paramount Iteration,0,190,37.480542,0.194738
[MO833] Paramount Iteration,1,190,37.481688,0.194543
[MO833] Paramount Iteration,3,190,37.482033,0.194682
[MO833] Paramount Iteration,2,191,37.674229,0.194232
[MO833] Paramount Iteration,0,191,37.674755,0.194213
[MO833] Paramount Iteration,1,191,37.675971,0.194283
[MO833] Paramount Iteration,3,191,37.676272,0.194239
[MO833] Paramount Iteration,2,192,37.868659,0.194430
[MO833] Paramount Iteration,0,192,37.869198,0.194443
[MO833] Paramount Iteration,1,192,37.870336,0.194365
[MO833] Paramount Iteration,3,192,37.870662,0.194390
[MO833] Paramount Iteration,2,193,38.063050,0.194391
[MO833] Paramount Iteration,0,193,38.063504,0.194306
[MO833] Paramount Iteration,1,193,38.064757,0.194421
[MO833] Paramount Iteration,3,193,38.065019,0.194357
[MO833] Paramount Iteration,2,194,38.257164,0.194114
[MO833] Paramount Iteration,0,194,38.257877,0.194373
[MO833] Paramount Iteration,1,194,38.258863,0.194106
[MO833] Paramount Iteration,3,194,38.259332,0.194313
[MO833] Paramount Iteration,2,195,38.450932,0.193768
[MO833] Paramount Iteration,0,195,38.451369,0.193492
[MO833] Paramount Iteration,1,195,38.452586,0.193723
[MO833] Paramount Iteration,3,195,38.452818,0.193486
[MO833] Paramount Iteration,2,196,38.644762,0.193830
[MO833] Paramount Iteration,0,196,38.645368,0.193999
[MO833] Paramount Iteration,1,196,38.646455,0.193869
[MO833] Paramount Iteration,3,196,38.646841,0.194023
[MO833] Paramount Iteration,2,197,38.839182,0.194420
[MO833] Paramount Iteration,0,197,38.839668,0.194300
[MO833] Paramount Iteration,1,197,38.840917,0.194462
[MO833] Paramount Iteration,3,197,38.841116,0.194275
[MO833] Paramount Iteration,2,198,39.033360,0.194178
[MO833] Paramount Iteration,0,198,39.034063,0.194395
[MO833] Paramount Iteration,1,198,39.035170,0.194253
[MO833] Paramount Iteration,3,198,39.035518,0.194402
[MO833] Paramount Iteration,2,199,39.227822,0.194462
[MO833] Paramount Iteration,0,199,39.228487,0.194424
 Time step  200
[MO833] Paramount Iteration,1,199,39.229594,0.194424
[MO833] Paramount Iteration,3,199,39.229906,0.194388
[MO833] Paramount Iteration,2,200,39.422191,0.194369
[MO833] Paramount Iteration,0,200,39.422668,0.194181
[MO833] Paramount Iteration,1,200,39.423937,0.194343
[MO833] Paramount Iteration,3,200,39.424185,0.194279
[MO833] Paramount Iteration,2,201,39.616523,0.194332
[MO833] Paramount Iteration,0,201,39.616966,0.194298
[MO833] Paramount Iteration,1,201,39.618217,0.194280
[MO833] Paramount Iteration,3,201,39.618455,0.194270
[MO833] Paramount Iteration,2,202,39.810977,0.194454
[MO833] Paramount Iteration,0,202,39.811460,0.194494
[MO833] Paramount Iteration,1,202,39.812671,0.194454
[MO833] Paramount Iteration,3,202,39.812965,0.194510
[MO833] Paramount Iteration,2,203,40.005228,0.194251
[MO833] Paramount Iteration,0,203,40.005836,0.194376
[MO833] Paramount Iteration,1,203,40.007034,0.194363
[MO833] Paramount Iteration,3,203,40.007385,0.194420
[MO833] Paramount Iteration,2,204,40.199980,0.194752
[MO833] Paramount Iteration,0,204,40.200486,0.194650
[MO833] Paramount Iteration,1,204,40.201680,0.194646
[MO833] Paramount Iteration,3,204,40.201954,0.194569
[MO833] Paramount Iteration,2,205,40.394405,0.194425
[MO833] Paramount Iteration,0,205,40.394942,0.194456
[MO833] Paramount Iteration,1,205,40.396117,0.194437
[MO833] Paramount Iteration,3,205,40.396423,0.194469
[MO833] Paramount Iteration,2,206,40.588888,0.194483
[MO833] Paramount Iteration,0,206,40.589444,0.194502
[MO833] Paramount Iteration,1,206,40.590590,0.194473
[MO833] Paramount Iteration,3,206,40.590926,0.194503
[MO833] Paramount Iteration,3,207,40.784661,0.193735
[MO833] Paramount Iteration,1,207,40.784844,0.194254
[MO833] Paramount Iteration,0,207,40.786760,0.197316
[MO833] Paramount Iteration,2,207,40.786915,0.198027
[MO833] Paramount Iteration,2,208,40.979069,0.192154
[MO833] Paramount Iteration,0,208,40.979730,0.192970
[MO833] Paramount Iteration,1,208,40.980834,0.195990
[MO833] Paramount Iteration,3,208,40.981162,0.196501
[MO833] Paramount Iteration,2,209,41.173431,0.194362
[MO833] Paramount Iteration,0,209,41.174066,0.194336
[MO833] Paramount Iteration,1,209,41.175228,0.194394
[MO833] Paramount Iteration,3,209,41.175551,0.194389
[MO833] Paramount Iteration,2,210,41.367905,0.194474
[MO833] Paramount Iteration,0,210,41.368532,0.194466
[MO833] Paramount Iteration,1,210,41.369673,0.194445
[MO833] Paramount Iteration,3,210,41.369985,0.194434
[MO833] Paramount Iteration,2,211,41.562021,0.194116
[MO833] Paramount Iteration,0,211,41.562711,0.194179
[MO833] Paramount Iteration,1,211,41.563793,0.194120
[MO833] Paramount Iteration,3,211,41.564153,0.194168
[MO833] Paramount Iteration,2,212,41.756541,0.194520
[MO833] Paramount Iteration,0,212,41.757078,0.194367
[MO833] Paramount Iteration,1,212,41.758260,0.194467
[MO833] Paramount Iteration,3,212,41.758563,0.194410
[MO833] Paramount Iteration,2,213,41.951821,0.195280
[MO833] Paramount Iteration,0,213,41.952299,0.195221
[MO833] Paramount Iteration,1,213,41.953503,0.195243
[MO833] Paramount Iteration,3,213,41.953763,0.195200
[MO833] Paramount Iteration,2,214,42.145995,0.194174
[MO833] Paramount Iteration,0,214,42.146430,0.194131
[MO833] Paramount Iteration,1,214,42.147747,0.194244
[MO833] Paramount Iteration,3,214,42.148003,0.194240
[MO833] Paramount Iteration,2,215,42.340395,0.194400
[MO833] Paramount Iteration,0,215,42.340962,0.194532
[MO833] Paramount Iteration,1,215,42.342111,0.194364
[MO833] Paramount Iteration,3,215,42.342438,0.194435
[MO833] Paramount Iteration,2,216,42.534835,0.194440
[MO833] Paramount Iteration,0,216,42.535324,0.194362
[MO833] Paramount Iteration,1,216,42.536542,0.194431
[MO833] Paramount Iteration,3,216,42.536809,0.194371
[MO833] Paramount Iteration,2,217,42.729280,0.194445
[MO833] Paramount Iteration,0,217,42.729853,0.194529
[MO833] Paramount Iteration,1,217,42.731004,0.194462
[MO833] Paramount Iteration,3,217,42.731364,0.194555
[MO833] Paramount Iteration,2,218,42.923487,0.194207
[MO833] Paramount Iteration,0,218,42.923918,0.194065
[MO833] Paramount Iteration,1,218,42.925169,0.194165
[MO833] Paramount Iteration,3,218,42.925401,0.194037
[MO833] Paramount Iteration,2,219,43.118036,0.194549
[MO833] Paramount Iteration,0,219,43.118441,0.194523
 Time step  220
[MO833] Paramount Iteration,1,219,43.119727,0.194558
[MO833] Paramount Iteration,3,219,43.119977,0.194576
[MO833] Paramount Iteration,2,220,43.313205,0.195169
[MO833] Paramount Iteration,0,220,43.313611,0.195170
[MO833] Paramount Iteration,1,220,43.314944,0.195217
[MO833] Paramount Iteration,3,220,43.315129,0.195152
[MO833] Paramount Iteration,2,221,43.507561,0.194356
[MO833] Paramount Iteration,0,221,43.508184,0.194573
[MO833] Paramount Iteration,1,221,43.509319,0.194375
[MO833] Paramount Iteration,3,221,43.509693,0.194564
[MO833] Paramount Iteration,2,222,43.701918,0.194357
[MO833] Paramount Iteration,0,222,43.702410,0.194226
[MO833] Paramount Iteration,1,222,43.703675,0.194356
[MO833] Paramount Iteration,3,222,43.703923,0.194230
[MO833] Paramount Iteration,2,223,43.896204,0.194286
[MO833] Paramount Iteration,0,223,43.896825,0.194415
[MO833] Paramount Iteration,1,223,43.897952,0.194277
[MO833] Paramount Iteration,3,223,43.898264,0.194341
[MO833] Paramount Iteration,2,224,44.091404,0.195200
[MO833] Paramount Iteration,0,224,44.091706,0.194881
[MO833] Paramount Iteration,1,224,44.093040,0.195088
[MO833] Paramount Iteration,3,224,44.093225,0.194961
[MO833] Paramount Iteration,2,225,44.285817,0.194413
[MO833] Paramount Iteration,0,225,44.286345,0.194639
[MO833] Paramount Iteration,1,225,44.287545,0.194505
[MO833] Paramount Iteration,3,225,44.287866,0.194641
[MO833] Paramount Iteration,2,226,44.480187,0.194370
[MO833] Paramount Iteration,0,226,44.480680,0.194335
[MO833] Paramount Iteration,1,226,44.481879,0.194334
[MO833] Paramount Iteration,3,226,44.482151,0.194285
[MO833] Paramount Iteration,2,227,44.674961,0.194774
[MO833] Paramount Iteration,0,227,44.675422,0.194742
[MO833] Paramount Iteration,1,227,44.676655,0.194776
[MO833] Paramount Iteration,3,227,44.676919,0.194768
[MO833] Paramount Iteration,2,228,44.869583,0.194622
[MO833] Paramount Iteration,0,228,44.870036,0.194614
[MO833] Paramount Iteration,1,228,44.871278,0.194623
[MO833] Paramount Iteration,3,228,44.871582,0.194663
[MO833] Paramount Iteration,2,229,45.063742,0.194159
[MO833] Paramount Iteration,0,229,45.064362,0.194326
[MO833] Paramount Iteration,1,229,45.065492,0.194214
[MO833] Paramount Iteration,3,229,45.065823,0.194241
[MO833] Paramount Iteration,2,230,45.258266,0.194524
[MO833] Paramount Iteration,0,230,45.258759,0.194397
[MO833] Paramount Iteration,1,230,45.259998,0.194506
[MO833] Paramount Iteration,3,230,45.260270,0.194447
[MO833] Paramount Iteration,2,231,45.452505,0.194239
[MO833] Paramount Iteration,0,231,45.453131,0.194372
[MO833] Paramount Iteration,1,231,45.454249,0.194251
[MO833] Paramount Iteration,3,231,45.454584,0.194314
[MO833] Paramount Iteration,2,232,45.646957,0.194452
[MO833] Paramount Iteration,0,232,45.647507,0.194376
[MO833] Paramount Iteration,1,232,45.648664,0.194415
[MO833] Paramount Iteration,3,232,45.648975,0.194391
[MO833] Paramount Iteration,2,233,45.841543,0.194586
[MO833] Paramount Iteration,0,233,45.842181,0.194674
[MO833] Paramount Iteration,1,233,45.843312,0.194648
[MO833] Paramount Iteration,3,233,45.843667,0.194692
[MO833] Paramount Iteration,2,234,46.036162,0.194619
[MO833] Paramount Iteration,0,234,46.036536,0.194355
[MO833] Paramount Iteration,1,234,46.037851,0.194539
[MO833] Paramount Iteration,3,234,46.038063,0.194396
[MO833] Paramount Iteration,2,235,46.230351,0.194189
[MO833] Paramount Iteration,0,235,46.231031,0.194495
[MO833] Paramount Iteration,1,235,46.232192,0.194341
[MO833] Paramount Iteration,3,235,46.232483,0.194420
[MO833] Paramount Iteration,2,236,46.424939,0.194588
[MO833] Paramount Iteration,0,236,46.425472,0.194441
[MO833] Paramount Iteration,1,236,46.426616,0.194424
[MO833] Paramount Iteration,3,236,46.426946,0.194463
[MO833] Paramount Iteration,2,237,46.619372,0.194433
[MO833] Paramount Iteration,0,237,46.619895,0.194423
[MO833] Paramount Iteration,1,237,46.621102,0.194486
[MO833] Paramount Iteration,3,237,46.621385,0.194439
[MO833] Paramount Iteration,2,238,46.813787,0.194415
[MO833] Paramount Iteration,0,238,46.814340,0.194445
[MO833] Paramount Iteration,1,238,46.815574,0.194472
[MO833] Paramount Iteration,3,238,46.815884,0.194499
[MO833] Paramount Iteration,2,239,47.008509,0.194722
[MO833] Paramount Iteration,0,239,47.009016,0.194676
 Time step  240
[MO833] Paramount Iteration,1,239,47.010194,0.194620
[MO833] Paramount Iteration,3,239,47.010475,0.194591
[MO833] Paramount Iteration,2,240,47.202899,0.194390
[MO833] Paramount Iteration,0,240,47.203497,0.194481
[MO833] Paramount Iteration,1,240,47.204635,0.194441
[MO833] Paramount Iteration,3,240,47.204983,0.194508
[MO833] Paramount Iteration,2,241,47.397615,0.194716
[MO833] Paramount Iteration,0,241,47.398012,0.194515
[MO833] Paramount Iteration,1,241,47.399363,0.194728
[MO833] Paramount Iteration,3,241,47.399602,0.194619
[MO833] Paramount Iteration,2,242,47.591911,0.194296
[MO833] Paramount Iteration,0,242,47.592430,0.194418
[MO833] Paramount Iteration,1,242,47.593604,0.194241
[MO833] Paramount Iteration,3,242,47.593919,0.194317
[MO833] Paramount Iteration,2,243,47.786397,0.194486
[MO833] Paramount Iteration,0,243,47.786836,0.194406
[MO833] Paramount Iteration,1,243,47.788119,0.194515
[MO833] Paramount Iteration,3,243,47.788380,0.194461
[MO833] Paramount Iteration,2,244,47.980933,0.194536
[MO833] Paramount Iteration,0,244,47.981468,0.194632
[MO833] Paramount Iteration,1,244,47.982662,0.194543
[MO833] Paramount Iteration,3,244,47.982984,0.194604
[MO833] Paramount Iteration,2,245,48.175243,0.194310
[MO833] Paramount Iteration,0,245,48.175877,0.194409
[MO833] Paramount Iteration,1,245,48.176966,0.194304
[MO833] Paramount Iteration,3,245,48.177332,0.194348
[MO833] Paramount Iteration,2,246,48.369844,0.194601
[MO833] Paramount Iteration,0,246,48.370388,0.194511
[MO833] Paramount Iteration,1,246,48.371604,0.194638
[MO833] Paramount Iteration,3,246,48.371862,0.194530
[MO833] Paramount Iteration,2,247,48.564408,0.194564
[MO833] Paramount Iteration,0,247,48.564787,0.194399
[MO833] Paramount Iteration,1,247,48.566049,0.194445
[MO833] Paramount Iteration,3,247,48.566304,0.194442
[MO833] Paramount Iteration,2,248,48.758713,0.194305
[MO833] Paramount Iteration,0,248,48.759330,0.194543
[MO833] Paramount Iteration,1,248,48.760464,0.194415
[MO833] Paramount Iteration,3,248,48.760789,0.194485
[MO833] Paramount Iteration,2,249,48.953642,0.194929
[MO833] Paramount Iteration,0,249,48.954162,0.194832
[MO833] Paramount Iteration,1,249,48.955385,0.194921
[MO833] Paramount Iteration,3,249,48.955700,0.194911
[MO833] Paramount Iteration,2,250,49.148123,0.194481
[MO833] Paramount Iteration,0,250,49.148624,0.194462
[MO833] Paramount Iteration,1,250,49.149814,0.194429
[MO833] Paramount Iteration,3,250,49.150063,0.194363
[MO833] Paramount Iteration,2,251,49.342577,0.194454
[MO833] Paramount Iteration,0,251,49.343031,0.194407
[MO833] Paramount Iteration,1,251,49.344297,0.194483
[MO833] Paramount Iteration,3,251,49.344543,0.194480
[MO833] Paramount Iteration,2,252,49.537066,0.194489
[MO833] Paramount Iteration,0,252,49.537697,0.194666
[MO833] Paramount Iteration,1,252,49.538825,0.194528
[MO833] Paramount Iteration,3,252,49.539186,0.194643
[MO833] Paramount Iteration,1,253,49.737971,0.199146
[MO833] Paramount Iteration,3,253,49.737997,0.198811
[MO833] Paramount Iteration,0,253,49.740183,0.202486
[MO833] Paramount Iteration,2,253,49.740142,0.203076
[MO833] Paramount Iteration,2,254,49.933166,0.193024
[MO833] Paramount Iteration,0,254,49.933625,0.193442
[MO833] Paramount Iteration,1,254,49.934872,0.196901
[MO833] Paramount Iteration,3,254,49.935174,0.197177
[MO833] Paramount Iteration,2,255,50.127593,0.194427
[MO833] Paramount Iteration,0,255,50.128078,0.194453
[MO833] Paramount Iteration,1,255,50.129257,0.194385
[MO833] Paramount Iteration,3,255,50.129587,0.194413
[MO833] Paramount Iteration,2,256,50.321730,0.194137
[MO833] Paramount Iteration,0,256,50.322336,0.194258
[MO833] Paramount Iteration,1,256,50.323511,0.194254
[MO833] Paramount Iteration,3,256,50.323853,0.194266
[MO833] Paramount Iteration,2,257,50.516309,0.194579
[MO833] Paramount Iteration,0,257,50.516688,0.194352
[MO833] Paramount Iteration,1,257,50.518002,0.194491
[MO833] Paramount Iteration,3,257,50.518196,0.194343
[MO833] Paramount Iteration,2,258,50.711192,0.194883
[MO833] Paramount Iteration,0,258,50.711669,0.194981
[MO833] Paramount Iteration,1,258,50.712931,0.194929
[MO833] Paramount Iteration,3,258,50.713161,0.194965
[MO833] Paramount Iteration,2,259,50.905503,0.194311
[MO833] Paramount Iteration,0,259,50.906025,0.194356
 Time step  260
[MO833] Paramount Iteration,1,259,50.907234,0.194303
[MO833] Paramount Iteration,3,259,50.907559,0.194398
[MO833] Paramount Iteration,2,260,51.099709,0.194206
[MO833] Paramount Iteration,0,260,51.100282,0.194257
[MO833] Paramount Iteration,1,260,51.101430,0.194196
[MO833] Paramount Iteration,3,260,51.101740,0.194181
[MO833] Paramount Iteration,2,261,51.294078,0.194369
[MO833] Paramount Iteration,0,261,51.294606,0.194324
[MO833] Paramount Iteration,1,261,51.295794,0.194364
[MO833] Paramount Iteration,3,261,51.296105,0.194365
[MO833] Paramount Iteration,2,262,51.489022,0.194944
[MO833] Paramount Iteration,0,262,51.489469,0.194863
[MO833] Paramount Iteration,1,262,51.490694,0.194900
[MO833] Paramount Iteration,3,262,51.491000,0.194895
[MO833] Paramount Iteration,2,263,51.683300,0.194278
[MO833] Paramount Iteration,0,263,51.683762,0.194293
[MO833] Paramount Iteration,1,263,51.684961,0.194267
[MO833] Paramount Iteration,3,263,51.685252,0.194252
[MO833] Paramount Iteration,2,264,51.877698,0.194398
[MO833] Paramount Iteration,0,264,51.878282,0.194520
[MO833] Paramount Iteration,1,264,51.879472,0.194511
[MO833] Paramount Iteration,3,264,51.879771,0.194519
[MO833] Paramount Iteration,2,265,52.072075,0.194377
[MO833] Paramount Iteration,0,265,52.072519,0.194237
[MO833] Paramount Iteration,1,265,52.073739,0.194267
[MO833] Paramount Iteration,3,265,52.074032,0.194261
[MO833] Paramount Iteration,2,266,52.266233,0.194158
[MO833] Paramount Iteration,0,266,52.266662,0.194143
[MO833] Paramount Iteration,1,266,52.267960,0.194221
[MO833] Paramount Iteration,3,266,52.268183,0.194151
[MO833] Paramount Iteration,2,267,52.460796,0.194563
[MO833] Paramount Iteration,0,267,52.461231,0.194569
[MO833] Paramount Iteration,1,267,52.462464,0.194504
[MO833] Paramount Iteration,3,267,52.462713,0.194530
[MO833] Paramount Iteration,2,268,52.655315,0.194519
[MO833] Paramount Iteration,0,268,52.655740,0.194509
[MO833] Paramount Iteration,1,268,52.657001,0.194537
[MO833] Paramount Iteration,3,268,52.657278,0.194565
[MO833] Paramount Iteration,2,269,52.849760,0.194445
[MO833] Paramount Iteration,0,269,52.850247,0.194507
[MO833] Paramount Iteration,1,269,52.851495,0.194494
[MO833] Paramount Iteration,3,269,52.851749,0.194471
[MO833] Paramount Iteration,2,270,53.044127,0.194367
[MO833] Paramount Iteration,0,270,53.044756,0.194509
[MO833] Paramount Iteration,1,270,53.045853,0.194358
[MO833] Paramount Iteration,3,270,53.046198,0.194449
[MO833] Paramount Iteration,2,271,53.238666,0.194539
[MO833] Paramount Iteration,0,271,53.239172,0.194416
[MO833] Paramount Iteration,1,271,53.240404,0.194551
[MO833] Paramount Iteration,3,271,53.240650,0.194452
[MO833] Paramount Iteration,2,272,53.433301,0.194635
[MO833] Paramount Iteration,0,272,53.433752,0.194580
[MO833] Paramount Iteration,1,272,53.435022,0.194618
[MO833] Paramount Iteration,3,272,53.435283,0.194633
[MO833] Paramount Iteration,2,273,53.627933,0.194632
[MO833] Paramount Iteration,0,273,53.628435,0.194683
[MO833] Paramount Iteration,1,273,53.629621,0.194599
[MO833] Paramount Iteration,3,273,53.629896,0.194613
[MO833] Paramount Iteration,2,274,53.822426,0.194493
[MO833] Paramount Iteration,0,274,53.823042,0.194607
[MO833] Paramount Iteration,1,274,53.824192,0.194571
[MO833] Paramount Iteration,3,274,53.824504,0.194608
[MO833] Paramount Iteration,2,275,54.016737,0.194311
[MO833] Paramount Iteration,0,275,54.017296,0.194254
[MO833] Paramount Iteration,1,275,54.018478,0.194286
[MO833] Paramount Iteration,3,275,54.018748,0.194244
[MO833] Paramount Iteration,2,276,54.212036,0.195299
[MO833] Paramount Iteration,0,276,54.212509,0.195213
[MO833] Paramount Iteration,1,276,54.213747,0.195269
[MO833] Paramount Iteration,3,276,54.213969,0.195221
[MO833] Paramount Iteration,2,277,54.406232,0.194196
[MO833] Paramount Iteration,0,277,54.406694,0.194185
[MO833] Paramount Iteration,1,277,54.407902,0.194155
[MO833] Paramount Iteration,3,277,54.408175,0.194206
[MO833] Paramount Iteration,2,278,54.601169,0.194937
[MO833] Paramount Iteration,0,278,54.601730,0.195036
[MO833] Paramount Iteration,1,278,54.602899,0.194997
[MO833] Paramount Iteration,3,278,54.603203,0.195028
[MO833] Paramount Iteration,2,279,54.795523,0.194354
[MO833] Paramount Iteration,0,279,54.796091,0.194361
 Time step  280
[MO833] Paramount Iteration,1,279,54.797234,0.194335
[MO833] Paramount Iteration,3,279,54.797610,0.194407
[MO833] Paramount Iteration,2,280,54.989957,0.194434
[MO833] Paramount Iteration,0,280,54.990195,0.194104
[MO833] Paramount Iteration,1,280,54.991587,0.194353
[MO833] Paramount Iteration,3,280,54.991753,0.194143
[MO833] Paramount Iteration,2,281,55.184261,0.194304
[MO833] Paramount Iteration,0,281,55.184857,0.194662
[MO833] Paramount Iteration,1,281,55.185969,0.194382
[MO833] Paramount Iteration,3,281,55.186311,0.194558
[MO833] Paramount Iteration,2,282,55.378676,0.194415
[MO833] Paramount Iteration,0,282,55.379248,0.194391
[MO833] Paramount Iteration,1,282,55.380411,0.194442
[MO833] Paramount Iteration,3,282,55.380709,0.194398
[MO833] Paramount Iteration,2,283,55.573171,0.194495
[MO833] Paramount Iteration,0,283,55.573715,0.194467
[MO833] Paramount Iteration,1,283,55.574921,0.194510
[MO833] Paramount Iteration,3,283,55.575253,0.194544
[MO833] Paramount Iteration,2,284,55.767571,0.194400
[MO833] Paramount Iteration,0,284,55.767948,0.194233
[MO833] Paramount Iteration,1,284,55.769257,0.194336
[MO833] Paramount Iteration,3,284,55.769478,0.194225
[MO833] Paramount Iteration,2,285,55.961870,0.194299
[MO833] Paramount Iteration,0,285,55.962551,0.194603
[MO833] Paramount Iteration,1,285,55.963681,0.194424
[MO833] Paramount Iteration,3,285,55.964006,0.194528
[MO833] Paramount Iteration,2,286,56.156339,0.194469
[MO833] Paramount Iteration,0,286,56.156723,0.194172
[MO833] Paramount Iteration,1,286,56.157980,0.194299
[MO833] Paramount Iteration,3,286,56.158225,0.194219
[MO833] Paramount Iteration,2,287,56.350644,0.194305
[MO833] Paramount Iteration,0,287,56.351274,0.194551
[MO833] Paramount Iteration,1,287,56.352452,0.194472
[MO833] Paramount Iteration,3,287,56.352747,0.194522
[MO833] Paramount Iteration,2,288,56.545156,0.194512
[MO833] Paramount Iteration,0,288,56.545738,0.194464
[MO833] Paramount Iteration,1,288,56.546919,0.194467
[MO833] Paramount Iteration,3,288,56.547259,0.194512
[MO833] Paramount Iteration,2,289,56.739991,0.194835
[MO833] Paramount Iteration,0,289,56.740543,0.194805
[MO833] Paramount Iteration,1,289,56.741712,0.194793
[MO833] Paramount Iteration,3,289,56.741993,0.194734
[MO833] Paramount Iteration,2,290,56.934593,0.194602
[MO833] Paramount Iteration,0,290,56.935047,0.194504
[MO833] Paramount Iteration,1,290,56.936325,0.194613
[MO833] Paramount Iteration,3,290,56.936533,0.194540
[MO833] Paramount Iteration,2,291,57.128865,0.194272
[MO833] Paramount Iteration,0,291,57.129562,0.194515
[MO833] Paramount Iteration,1,291,57.130627,0.194302
[MO833] Paramount Iteration,3,291,57.131023,0.194490
[MO833] Paramount Iteration,2,292,57.323354,0.194489
[MO833] Paramount Iteration,0,292,57.323860,0.194298
[MO833] Paramount Iteration,1,292,57.325042,0.194415
[MO833] Paramount Iteration,3,292,57.325340,0.194317
[MO833] Paramount Iteration,2,293,57.517562,0.194208
[MO833] Paramount Iteration,0,293,57.518094,0.194234
[MO833] Paramount Iteration,1,293,57.519300,0.194258
[MO833] Paramount Iteration,3,293,57.519594,0.194254
[MO833] Paramount Iteration,2,294,57.712129,0.194567
[MO833] Paramount Iteration,0,294,57.712579,0.194485
[MO833] Paramount Iteration,1,294,57.713824,0.194524
[MO833] Paramount Iteration,3,294,57.714072,0.194478
[MO833] Paramount Iteration,2,295,57.906553,0.194424
[MO833] Paramount Iteration,0,295,57.907098,0.194519
[MO833] Paramount Iteration,1,295,57.908311,0.194487
[MO833] Paramount Iteration,3,295,57.908598,0.194526
[MO833] Paramount Iteration,2,296,58.101021,0.194468
[MO833] Paramount Iteration,0,296,58.101554,0.194456
[MO833] Paramount Iteration,1,296,58.102741,0.194430
[MO833] Paramount Iteration,3,296,58.103071,0.194473
[MO833] Paramount Iteration,2,297,58.295674,0.194653
[MO833] Paramount Iteration,0,297,58.296198,0.194644
[MO833] Paramount Iteration,1,297,58.297364,0.194623
[MO833] Paramount Iteration,3,297,58.297659,0.194588
[MO833] Paramount Iteration,2,298,58.490036,0.194362
[MO833] Paramount Iteration,0,298,58.490566,0.194368
[MO833] Paramount Iteration,1,298,58.491725,0.194361
[MO833] Paramount Iteration,3,298,58.492022,0.194363
[MO833] Paramount Iteration,2,299,58.684328,0.194292
[MO833] Paramount Iteration,0,299,58.684712,0.194146
 Time step  300
[MO833] Paramount Iteration,1,299,58.686024,0.194299
[MO833] Paramount Iteration,3,299,58.686240,0.194218
[MO833] Paramount Iteration,2,300,58.878648,0.194320
[MO833] Paramount Iteration,0,300,58.879041,0.194329
[MO833] Paramount Iteration,1,300,58.880284,0.194260
[MO833] Paramount Iteration,3,300,58.880547,0.194307
[MO833] Paramount Iteration,2,301,59.072928,0.194280
[MO833] Paramount Iteration,0,301,59.073461,0.194420
[MO833] Paramount Iteration,1,301,59.074659,0.194375
[MO833] Paramount Iteration,3,301,59.074936,0.194389
[MO833] Paramount Iteration,2,302,59.267151,0.194223
[MO833] Paramount Iteration,0,302,59.267766,0.194305
[MO833] Paramount Iteration,1,302,59.268881,0.194222
[MO833] Paramount Iteration,3,302,59.269248,0.194312
[MO833] Paramount Iteration,2,303,59.461323,0.194172
[MO833] Paramount Iteration,0,303,59.461975,0.194209
[MO833] Paramount Iteration,1,303,59.463124,0.194243
[MO833] Paramount Iteration,3,303,59.463446,0.194198
[MO833] Paramount Iteration,2,304,59.655907,0.194584
[MO833] Paramount Iteration,0,304,59.656429,0.194454
[MO833] Paramount Iteration,1,304,59.657643,0.194519
[MO833] Paramount Iteration,3,304,59.657932,0.194486
[MO833] Paramount Iteration,2,305,59.850513,0.194606
[MO833] Paramount Iteration,0,305,59.850912,0.194483
[MO833] Paramount Iteration,1,305,59.852209,0.194566
[MO833] Paramount Iteration,3,305,59.852426,0.194494
[MO833] Paramount Iteration,2,306,60.044971,0.194458
[MO833] Paramount Iteration,0,306,60.045550,0.194638
[MO833] Paramount Iteration,1,306,60.046661,0.194452
[MO833] Paramount Iteration,3,306,60.047052,0.194626
[MO833] Paramount Iteration,2,307,60.240651,0.195680
[MO833] Paramount Iteration,0,307,60.241106,0.195556
[MO833] Paramount Iteration,1,307,60.242310,0.195649
[MO833] Paramount Iteration,3,307,60.242585,0.195533
[MO833] Paramount Iteration,3,308,60.435571,0.192986
[MO833] Paramount Iteration,0,308,60.437850,0.196744
[MO833] Paramount Iteration,1,308,60.439821,0.197511
[MO833] Paramount Iteration,2,308,60.441949,0.201298
[MO833] Paramount Iteration,2,309,60.634177,0.192228
[MO833] Paramount Iteration,0,309,60.634708,0.196858
[MO833] Paramount Iteration,1,309,60.635896,0.196075
[MO833] Paramount Iteration,3,309,60.636177,0.200606
[MO833] Paramount Iteration,2,310,60.829194,0.195017
[MO833] Paramount Iteration,0,310,60.829533,0.194825
[MO833] Paramount Iteration,1,310,60.830968,0.195072
[MO833] Paramount Iteration,3,310,60.831082,0.194905
[MO833] Paramount Iteration,2,311,61.023796,0.194602
[MO833] Paramount Iteration,0,311,61.024162,0.194629
[MO833] Paramount Iteration,1,311,61.025467,0.194499
[MO833] Paramount Iteration,3,311,61.025708,0.194626
[MO833] Paramount Iteration,2,312,61.218409,0.194613
[MO833] Paramount Iteration,0,312,61.219043,0.194881
[MO833] Paramount Iteration,1,312,61.220160,0.194693
[MO833] Paramount Iteration,3,312,61.220530,0.194822
[MO833] Paramount Iteration,2,313,61.413068,0.194659
[MO833] Paramount Iteration,0,313,61.413515,0.194472
[MO833] Paramount Iteration,1,313,61.414735,0.194575
[MO833] Paramount Iteration,3,313,61.415028,0.194498
[MO833] Paramount Iteration,2,314,61.607366,0.194298
[MO833] Paramount Iteration,0,314,61.607867,0.194352
[MO833] Paramount Iteration,1,314,61.609021,0.194286
[MO833] Paramount Iteration,3,314,61.609347,0.194319
[MO833] Paramount Iteration,2,315,61.801156,0.193790
[MO833] Paramount Iteration,0,315,61.801717,0.193850
[MO833] Paramount Iteration,1,315,61.802885,0.193864
[MO833] Paramount Iteration,3,315,61.803245,0.193898
[MO833] Paramount Iteration,2,316,61.995490,0.194334
[MO833] Paramount Iteration,0,316,61.995984,0.194267
[MO833] Paramount Iteration,1,316,61.997173,0.194288
[MO833] Paramount Iteration,3,316,61.997489,0.194244
[MO833] Paramount Iteration,2,317,62.190010,0.194520
[MO833] Paramount Iteration,0,317,62.190417,0.194433
[MO833] Paramount Iteration,1,317,62.191756,0.194583
[MO833] Paramount Iteration,3,317,62.191943,0.194454
[MO833] Paramount Iteration,2,318,62.384207,0.194197
[MO833] Paramount Iteration,0,318,62.384835,0.194418
[MO833] Paramount Iteration,1,318,62.385967,0.194211
[MO833] Paramount Iteration,3,318,62.386278,0.194335
[MO833] Paramount Iteration,2,319,62.578400,0.194193
[MO833] Paramount Iteration,0,319,62.578893,0.194058
 Time step  320
[MO833] Paramount Iteration,1,319,62.580140,0.194173
[MO833] Paramount Iteration,3,319,62.580429,0.194151
[MO833] Paramount Iteration,2,320,62.772746,0.194346
[MO833] Paramount Iteration,0,320,62.773271,0.194378
[MO833] Paramount Iteration,1,320,62.774497,0.194357
[MO833] Paramount Iteration,3,320,62.774733,0.194304
[MO833] Paramount Iteration,2,321,62.967174,0.194428
[MO833] Paramount Iteration,0,321,62.967649,0.194378
[MO833] Paramount Iteration,1,321,62.968843,0.194346
[MO833] Paramount Iteration,3,321,62.969081,0.194348
[MO833] Paramount Iteration,2,322,63.161437,0.194263
[MO833] Paramount Iteration,0,322,63.161888,0.194239
[MO833] Paramount Iteration,1,322,63.163154,0.194311
[MO833] Paramount Iteration,3,322,63.163407,0.194326
[MO833] Paramount Iteration,2,323,63.355943,0.194506
[MO833] Paramount Iteration,0,323,63.356418,0.194530
[MO833] Paramount Iteration,1,323,63.357595,0.194441
[MO833] Paramount Iteration,3,323,63.357867,0.194460
[MO833] Paramount Iteration,2,324,63.550038,0.194095
[MO833] Paramount Iteration,0,324,63.550701,0.194283
[MO833] Paramount Iteration,1,324,63.551842,0.194247
[MO833] Paramount Iteration,3,324,63.552166,0.194299
[MO833] Paramount Iteration,2,325,63.744870,0.194832
[MO833] Paramount Iteration,0,325,63.745326,0.194625
[MO833] Paramount Iteration,1,325,63.746535,0.194693
[MO833] Paramount Iteration,3,325,63.746836,0.194670
[MO833] Paramount Iteration,2,326,63.940376,0.195506
[MO833] Paramount Iteration,0,326,63.940840,0.195514
[MO833] Paramount Iteration,1,326,63.942076,0.195541
[MO833] Paramount Iteration,3,326,63.942323,0.195487
[MO833] Paramount Iteration,2,327,64.155417,0.215041
[MO833] Paramount Iteration,0,327,64.155666,0.214826
[MO833] Paramount Iteration,1,327,64.160266,0.218190
[MO833] Paramount Iteration,3,327,64.160627,0.218304
[MO833] Paramount Iteration,2,328,64.355795,0.200378
[MO833] Paramount Iteration,0,328,64.356264,0.200598
[MO833] Paramount Iteration,1,328,64.357490,0.197224
[MO833] Paramount Iteration,3,328,64.357656,0.197029
[MO833] Paramount Iteration,2,329,64.550004,0.194209
[MO833] Paramount Iteration,0,329,64.550556,0.194292
[MO833] Paramount Iteration,1,329,64.551751,0.194261
[MO833] Paramount Iteration,3,329,64.552101,0.194445
[MO833] Paramount Iteration,2,330,64.744342,0.194338
[MO833] Paramount Iteration,0,330,64.744859,0.194303
[MO833] Paramount Iteration,1,330,64.746068,0.194317
[MO833] Paramount Iteration,3,330,64.746365,0.194264
[MO833] Paramount Iteration,2,331,64.938502,0.194160
[MO833] Paramount Iteration,0,331,64.939068,0.194209
[MO833] Paramount Iteration,1,331,64.940214,0.194146
[MO833] Paramount Iteration,3,331,64.940564,0.194199
[MO833] Paramount Iteration,2,332,65.132808,0.194306
[MO833] Paramount Iteration,0,332,65.133307,0.194239
[MO833] Paramount Iteration,1,332,65.134496,0.194282
[MO833] Paramount Iteration,3,332,65.134831,0.194267
[MO833] Paramount Iteration,2,333,65.327125,0.194317
[MO833] Paramount Iteration,0,333,65.327636,0.194329
[MO833] Paramount Iteration,1,333,65.328927,0.194431
[MO833] Paramount Iteration,3,333,65.329121,0.194290
[MO833] Paramount Iteration,2,334,65.521526,0.194401
[MO833] Paramount Iteration,0,334,65.522002,0.194366
[MO833] Paramount Iteration,1,334,65.523276,0.194349
[MO833] Paramount Iteration,3,334,65.523542,0.194421
[MO833] Paramount Iteration,2,335,65.716129,0.194603
[MO833] Paramount Iteration,0,335,65.716631,0.194629
[MO833] Paramount Iteration,1,335,65.717839,0.194563
[MO833] Paramount Iteration,3,335,65.718067,0.194525
[MO833] Paramount Iteration,2,336,65.910732,0.194603
[MO833] Paramount Iteration,0,336,65.911431,0.194800
[MO833] Paramount Iteration,1,336,65.912529,0.194690
[MO833] Paramount Iteration,3,336,65.912900,0.194833
[MO833] Paramount Iteration,2,337,66.105319,0.194587
[MO833] Paramount Iteration,0,337,66.105936,0.194505
[MO833] Paramount Iteration,1,337,66.107076,0.194547
[MO833] Paramount Iteration,3,337,66.107422,0.194522
[MO833] Paramount Iteration,2,338,66.299845,0.194526
[MO833] Paramount Iteration,0,338,66.300358,0.194422
[MO833] Paramount Iteration,1,338,66.301545,0.194469
[MO833] Paramount Iteration,3,338,66.301812,0.194390
[MO833] Paramount Iteration,2,339,66.494235,0.194390
[MO833] Paramount Iteration,0,339,66.494823,0.194465
 Time step  340
[MO833] Paramount Iteration,1,339,66.496010,0.194465
[MO833] Paramount Iteration,3,339,66.496278,0.194466
[MO833] Paramount Iteration,2,340,66.688678,0.194443
[MO833] Paramount Iteration,0,340,66.689067,0.194244
[MO833] Paramount Iteration,1,340,66.690335,0.194325
[MO833] Paramount Iteration,3,340,66.690552,0.194274
[MO833] Paramount Iteration,2,341,66.883183,0.194505
[MO833] Paramount Iteration,0,341,66.883642,0.194575
[MO833] Paramount Iteration,1,341,66.884853,0.194518
[MO833] Paramount Iteration,3,341,66.885124,0.194572
[MO833] Paramount Iteration,2,342,67.077473,0.194290
[MO833] Paramount Iteration,0,342,67.077984,0.194342
[MO833] Paramount Iteration,1,342,67.079227,0.194374
[MO833] Paramount Iteration,3,342,67.079551,0.194427
[MO833] Paramount Iteration,2,343,67.271803,0.194330
[MO833] Paramount Iteration,0,343,67.272202,0.194218
[MO833] Paramount Iteration,1,343,67.273464,0.194237
[MO833] Paramount Iteration,3,343,67.273708,0.194157
[MO833] Paramount Iteration,2,344,67.466013,0.194210
[MO833] Paramount Iteration,0,344,67.466521,0.194319
[MO833] Paramount Iteration,1,344,67.467724,0.194260
[MO833] Paramount Iteration,3,344,67.468040,0.194332
[MO833] Paramount Iteration,2,345,67.660256,0.194243
[MO833] Paramount Iteration,0,345,67.660786,0.194265
[MO833] Paramount Iteration,1,345,67.661895,0.194171
[MO833] Paramount Iteration,3,345,67.662223,0.194183
[MO833] Paramount Iteration,2,346,67.853832,0.193576
[MO833] Paramount Iteration,0,346,67.854305,0.193519
[MO833] Paramount Iteration,1,346,67.855489,0.193594
[MO833] Paramount Iteration,3,346,67.855763,0.193540
[MO833] Paramount Iteration,2,347,68.047764,0.193932
[MO833] Paramount Iteration,0,347,68.048246,0.193941
[MO833] Paramount Iteration,1,347,68.049475,0.193986
[MO833] Paramount Iteration,3,347,68.049727,0.193964
[MO833] Paramount Iteration,2,348,68.241914,0.194150
[MO833] Paramount Iteration,0,348,68.242432,0.194186
[MO833] Paramount Iteration,1,348,68.243682,0.194207
[MO833] Paramount Iteration,3,348,68.243914,0.194187
[MO833] Paramount Iteration,2,349,68.436234,0.194320
[MO833] Paramount Iteration,0,349,68.436723,0.194291
[MO833] Paramount Iteration,1,349,68.437952,0.194270
[MO833] Paramount Iteration,3,349,68.438182,0.194268
[MO833] Paramount Iteration,2,350,68.630343,0.194109
[MO833] Paramount Iteration,0,350,68.630948,0.194225
[MO833] Paramount Iteration,1,350,68.632086,0.194134
[MO833] Paramount Iteration,3,350,68.632442,0.194260
[MO833] Paramount Iteration,2,351,68.824738,0.194395
[MO833] Paramount Iteration,0,351,68.825242,0.194294
[MO833] Paramount Iteration,1,351,68.826443,0.194357
[MO833] Paramount Iteration,3,351,68.826696,0.194254
[MO833] Paramount Iteration,2,352,69.018995,0.194257
[MO833] Paramount Iteration,0,352,69.019446,0.194204
[MO833] Paramount Iteration,1,352,69.020684,0.194241
[MO833] Paramount Iteration,3,352,69.020973,0.194277
[MO833] Paramount Iteration,2,353,69.213517,0.194522
[MO833] Paramount Iteration,0,353,69.214032,0.194586
[MO833] Paramount Iteration,1,353,69.215247,0.194563
[MO833] Paramount Iteration,3,353,69.215540,0.194567
[MO833] Paramount Iteration,2,354,69.408067,0.194550
[MO833] Paramount Iteration,0,354,69.408545,0.194513
[MO833] Paramount Iteration,1,354,69.409757,0.194510
[MO833] Paramount Iteration,3,354,69.410031,0.194491
[MO833] Paramount Iteration,2,355,69.602405,0.194338
[MO833] Paramount Iteration,0,355,69.603047,0.194502
[MO833] Paramount Iteration,1,355,69.604165,0.194408
[MO833] Paramount Iteration,3,355,69.604522,0.194491
[MO833] Paramount Iteration,2,356,69.797183,0.194778
[MO833] Paramount Iteration,0,356,69.797729,0.194682
[MO833] Paramount Iteration,1,356,69.798919,0.194754
[MO833] Paramount Iteration,3,356,69.799256,0.194734
[MO833] Paramount Iteration,2,357,69.992118,0.194935
[MO833] Paramount Iteration,0,357,69.992438,0.194709
[MO833] Paramount Iteration,1,357,69.993777,0.194858
[MO833] Paramount Iteration,3,357,69.993932,0.194676
[MO833] Paramount Iteration,2,358,70.186161,0.194043
[MO833] Paramount Iteration,0,358,70.186600,0.194162
[MO833] Paramount Iteration,1,358,70.187868,0.194091
[MO833] Paramount Iteration,3,358,70.188102,0.194170
[MO833] Paramount Iteration,2,359,70.380586,0.194425
[MO833] Paramount Iteration,0,359,70.381117,0.194517
 Time step  360
[MO833] Paramount Iteration,1,359,70.382327,0.194459
[MO833] Paramount Iteration,3,359,70.382605,0.194503
[MO833] Paramount Iteration,2,360,70.575796,0.195210
[MO833] Paramount Iteration,0,360,70.576159,0.195042
[MO833] Paramount Iteration,1,360,70.577447,0.195120
[MO833] Paramount Iteration,3,360,70.577593,0.194988
[MO833] Paramount Iteration,2,361,70.770181,0.194385
[MO833] Paramount Iteration,0,361,70.770753,0.194594
[MO833] Paramount Iteration,1,361,70.771903,0.194456
[MO833] Paramount Iteration,3,361,70.772243,0.194650
[MO833] Paramount Iteration,2,362,70.964630,0.194449
[MO833] Paramount Iteration,0,362,70.965131,0.194378
[MO833] Paramount Iteration,1,362,70.966348,0.194445
[MO833] Paramount Iteration,3,362,70.966608,0.194365
[MO833] Paramount Iteration,2,363,71.158763,0.194133
[MO833] Paramount Iteration,0,363,71.159353,0.194222
[MO833] Paramount Iteration,1,363,71.160534,0.194186
[MO833] Paramount Iteration,3,363,71.160819,0.194211
[MO833] Paramount Iteration,2,364,71.353062,0.194299
[MO833] Paramount Iteration,0,364,71.353534,0.194181
[MO833] Paramount Iteration,1,364,71.354731,0.194197
[MO833] Paramount Iteration,3,364,71.355042,0.194223
[MO833] Paramount Iteration,2,365,71.547640,0.194578
[MO833] Paramount Iteration,0,365,71.548125,0.194591
[MO833] Paramount Iteration,1,365,71.549291,0.194560
[MO833] Paramount Iteration,3,365,71.549593,0.194551
[MO833] Paramount Iteration,2,366,71.741892,0.194252
[MO833] Paramount Iteration,0,366,71.742384,0.194259
[MO833] Paramount Iteration,1,366,71.743640,0.194349
[MO833] Paramount Iteration,3,366,71.743919,0.194326
[MO833] Paramount Iteration,2,367,71.936523,0.194631
[MO833] Paramount Iteration,0,367,71.936996,0.194612
[MO833] Paramount Iteration,1,367,71.938203,0.194563
[MO833] Paramount Iteration,3,367,71.938457,0.194538
[MO833] Paramount Iteration,2,368,72.130586,0.194063
[MO833] Paramount Iteration,0,368,72.131108,0.194112
[MO833] Paramount Iteration,1,368,72.132357,0.194154
[MO833] Paramount Iteration,3,368,72.132673,0.194216
[MO833] Paramount Iteration,2,369,72.325258,0.194672
[MO833] Paramount Iteration,0,369,72.325824,0.194716
[MO833] Paramount Iteration,1,369,72.327004,0.194647
[MO833] Paramount Iteration,3,369,72.327326,0.194653
[MO833] Paramount Iteration,2,370,72.520137,0.194879
[MO833] Paramount Iteration,0,370,72.520547,0.194723
[MO833] Paramount Iteration,1,370,72.521808,0.194804
[MO833] Paramount Iteration,3,370,72.522055,0.194729
[MO833] Paramount Iteration,2,371,72.715611,0.195474
[MO833] Paramount Iteration,0,371,72.715966,0.195419
[MO833] Paramount Iteration,1,371,72.717280,0.195472
[MO833] Paramount Iteration,3,371,72.717480,0.195425
[MO833] Paramount Iteration,2,372,72.909788,0.194177
[MO833] Paramount Iteration,0,372,72.910493,0.194527
[MO833] Paramount Iteration,1,372,72.911591,0.194311
[MO833] Paramount Iteration,3,372,72.911953,0.194473
[MO833] Paramount Iteration,2,373,73.104151,0.194363
[MO833] Paramount Iteration,0,373,73.104579,0.194086
[MO833] Paramount Iteration,1,373,73.105839,0.194248
[MO833] Paramount Iteration,3,373,73.106098,0.194145
[MO833] Paramount Iteration,3,374,73.298916,0.192818
[MO833] Paramount Iteration,0,374,73.301363,0.196784
[MO833] Paramount Iteration,1,374,73.303728,0.197889
[MO833] Paramount Iteration,2,374,73.305983,0.201832
[MO833] Paramount Iteration,2,375,73.498012,0.192029
[MO833] Paramount Iteration,0,375,73.498738,0.197375
[MO833] Paramount Iteration,1,375,73.499844,0.196116
[MO833] Paramount Iteration,3,375,73.500184,0.201268
[MO833] Paramount Iteration,2,376,73.692388,0.194376
[MO833] Paramount Iteration,0,376,73.692885,0.194147
[MO833] Paramount Iteration,1,376,73.694116,0.194272
[MO833] Paramount Iteration,3,376,73.694356,0.194172
[MO833] Paramount Iteration,2,377,73.887193,0.194805
[MO833] Paramount Iteration,0,377,73.887598,0.194713
[MO833] Paramount Iteration,1,377,73.888847,0.194731
[MO833] Paramount Iteration,3,377,73.889087,0.194731
[MO833] Paramount Iteration,2,378,74.081531,0.194338
[MO833] Paramount Iteration,0,378,74.082094,0.194496
[MO833] Paramount Iteration,1,378,74.083259,0.194412
[MO833] Paramount Iteration,3,378,74.083610,0.194523
[MO833] Paramount Iteration,2,379,74.275886,0.194355
[MO833] Paramount Iteration,0,379,74.276165,0.194071
 Time step  380
[MO833] Paramount Iteration,1,379,74.277528,0.194269
[MO833] Paramount Iteration,3,379,74.277674,0.194064
[MO833] Paramount Iteration,2,380,74.470003,0.194117
[MO833] Paramount Iteration,0,380,74.470657,0.194492
[MO833] Paramount Iteration,1,380,74.471775,0.194247
[MO833] Paramount Iteration,3,380,74.472141,0.194467
[MO833] Paramount Iteration,2,381,74.664258,0.194255
[MO833] Paramount Iteration,0,381,74.664739,0.194082
[MO833] Paramount Iteration,1,381,74.665905,0.194130
[MO833] Paramount Iteration,3,381,74.666189,0.194048
[MO833] Paramount Iteration,2,382,74.857894,0.193636
[MO833] Paramount Iteration,0,382,74.858469,0.193730
[MO833] Paramount Iteration,1,382,74.859607,0.193702
[MO833] Paramount Iteration,3,382,74.859910,0.193721
[MO833] Paramount Iteration,2,383,75.052017,0.194123
[MO833] Paramount Iteration,0,383,75.052538,0.194069
[MO833] Paramount Iteration,1,383,75.053684,0.194077
[MO833] Paramount Iteration,3,383,75.053971,0.194061
[MO833] Paramount Iteration,2,384,75.245896,0.193879
[MO833] Paramount Iteration,0,384,75.246391,0.193853
[MO833] Paramount Iteration,1,384,75.247572,0.193888
[MO833] Paramount Iteration,3,384,75.247853,0.193882
[MO833] Paramount Iteration,2,385,75.440265,0.194369
[MO833] Paramount Iteration,0,385,75.440793,0.194402
[MO833] Paramount Iteration,1,385,75.441941,0.194369
[MO833] Paramount Iteration,3,385,75.442243,0.194390
[MO833] Paramount Iteration,2,386,75.634027,0.193762
[MO833] Paramount Iteration,0,386,75.634623,0.193830
[MO833] Paramount Iteration,1,386,75.635743,0.193802
[MO833] Paramount Iteration,3,386,75.636082,0.193839
[MO833] Paramount Iteration,2,387,75.827963,0.193936
[MO833] Paramount Iteration,0,387,75.828428,0.193805
[MO833] Paramount Iteration,1,387,75.829660,0.193917
[MO833] Paramount Iteration,3,387,75.829919,0.193837
[MO833] Paramount Iteration,2,388,76.021863,0.193900
[MO833] Paramount Iteration,0,388,76.022453,0.194025
[MO833] Paramount Iteration,1,388,76.023544,0.193884
[MO833] Paramount Iteration,3,388,76.023896,0.193977
[MO833] Paramount Iteration,2,389,76.215758,0.193895
[MO833] Paramount Iteration,0,389,76.216308,0.193855
[MO833] Paramount Iteration,1,389,76.217406,0.193862
[MO833] Paramount Iteration,3,389,76.217742,0.193846
[MO833] Paramount Iteration,2,390,76.409307,0.193549
[MO833] Paramount Iteration,0,390,76.410027,0.193719
[MO833] Paramount Iteration,1,390,76.411053,0.193647
[MO833] Paramount Iteration,3,390,76.411382,0.193640
[MO833] Paramount Iteration,2,391,76.603316,0.194009
[MO833] Paramount Iteration,0,391,76.603892,0.193865
[MO833] Paramount Iteration,1,391,76.605073,0.194020
[MO833] Paramount Iteration,3,391,76.605323,0.193941
[MO833] Paramount Iteration,2,392,76.797752,0.194436
[MO833] Paramount Iteration,0,392,76.798293,0.194401
[MO833] Paramount Iteration,1,392,76.799484,0.194411
[MO833] Paramount Iteration,3,392,76.799799,0.194476
[MO833] Paramount Iteration,2,393,76.992175,0.194423
[MO833] Paramount Iteration,0,393,76.992678,0.194385
[MO833] Paramount Iteration,1,393,76.993857,0.194373
[MO833] Paramount Iteration,3,393,76.994128,0.194329
[MO833] Paramount Iteration,2,394,77.186300,0.194125
[MO833] Paramount Iteration,0,394,77.186911,0.194233
[MO833] Paramount Iteration,1,394,77.188088,0.194231
[MO833] Paramount Iteration,3,394,77.188394,0.194266
[MO833] Paramount Iteration,2,395,77.380923,0.194623
[MO833] Paramount Iteration,0,395,77.381366,0.194455
[MO833] Paramount Iteration,1,395,77.382613,0.194525
[MO833] Paramount Iteration,3,395,77.382865,0.194471
[MO833] Paramount Iteration,2,396,77.575296,0.194373
[MO833] Paramount Iteration,0,396,77.575731,0.194365
[MO833] Paramount Iteration,1,396,77.577030,0.194417
[MO833] Paramount Iteration,3,396,77.577271,0.194406
[MO833] Paramount Iteration,2,397,77.770120,0.194824
[MO833] Paramount Iteration,0,397,77.770676,0.194945
[MO833] Paramount Iteration,1,397,77.771918,0.194888
[MO833] Paramount Iteration,3,397,77.772210,0.194939
[MO833] Paramount Iteration,2,398,77.964641,0.194521
[MO833] Paramount Iteration,0,398,77.965183,0.194507
[MO833] Paramount Iteration,1,398,77.966343,0.194425
[MO833] Paramount Iteration,3,398,77.966642,0.194432
[MO833] Paramount Iteration,2,399,78.159229,0.194588
[MO833] Paramount Iteration,0,399,78.159708,0.194525
 Time step  400
[MO833] Paramount Iteration,1,399,78.160946,0.194603
[MO833] Paramount Iteration,3,399,78.161182,0.194540
 Verification being performed for class B
 accuracy setting for epsilon =  0.1000000000000E-07
 Comparison of RMS-norms of residual
           1 0.6903293579998E+02 0.6903293579998E+02 0.5661044255750E-13
           2 0.3095134488084E+02 0.3095134488084E+02 0.8861311101644E-13
[MO833] PI avg,2,0.194353,400
[MO833] Beta,2,0.000904
[MO833] PI avg,1,0.194358,400
[MO833] Beta,1,0.000884
[MO833] PI avg,3,0.194358,400
[MO833] Beta,3,0.000881
           3 0.4103336647017E+02 0.4103336647017E+02 0.1163649876931E-12
           4 0.3864769009604E+02 0.3864769009604E+02 0.3051931275661E-13
           5 0.5643482272596E+02 0.5643482272596E+02 0.5590182788549E-13
 Comparison of RMS-norms of solution error
           1 0.9810006190188E-02 0.9810006190188E-02 0.4792148474482E-13
           2 0.1022827905670E-02 0.1022827905670E-02 0.3962296783540E-12
           3 0.1720597911692E-02 0.1720597911692E-02 0.1548862126276E-12
           4 0.1694479428231E-02 0.1694479428231E-02 0.1122286041870E-12
           5 0.1847456263981E-01 0.1847456263981E-01 0.7624513174985E-13
 Verification Successful


 SP Benchmark Completed.
 Class           =                        B
 Size            =            102x 102x 102
 Iterations      =                      400
 Time in seconds =                    77.94
 Total processes =                        4
 Active procs    =                        4
 Mop/s total     =                  4555.09
 Mop/s/process   =                  1138.77
 Operation type  =           floating point
 Verification    =               SUCCESSFUL
 Version         =                      3.4
 Compile date    =              16 Jun 2020

 Compile options:
    MPIFC        = mpif90
    FLINK        = $(MPIFC)
    FMPI_LIB     = (none)
    FMPI_INC     = (none)
    FFLAGS       = -O3
    FLINKFLAGS   = $(FFLAGS) -O ../kernel_stats/kernel_stats.o...
    RAND         = (none)


 Please send feedbacks and/or the results of this run to:

 NPB Development Team 
 Internet: npb@nas.nasa.gov


[MO833] PI avg,0,0.194355,400
[MO833] Beta,0,0.000903
[MO833] Total time,78.424097
