--------------------------------------------------------------------------
[[33709,1],1]: A high-performance Open MPI point-to-point messaging module
was unable to find any relevant network interfaces:

Module: OpenFabrics (openib)
  Host: node06

Another transport will be used instead, although this may result in
lower performance.

NOTE: You can disable this warning by setting the MCA parameter
btl_base_warn_component_unused to 0.
--------------------------------------------------------------------------


 NAS Parallel Benchmarks 3.4 -- SP Benchmark

 No input file inputsp.data. Using compiled defaults
 Size:  162x 162x 162  (class C)
 Iterations:  400    dt:   0.0006700
 WARNING: Number of active processes:     4
 Total number of processes:     8

 Time step    1
[MO833] Paramount Iteration,1,1,2.796052,0.890415
[MO833] Paramount Iteration,2,1,2.802696,0.897078
[MO833] Paramount Iteration,3,1,2.849511,0.943875
[MO833] Paramount Iteration,0,1,2.856872,0.951250
[MO833] Paramount Iteration,1,2,3.784272,0.988220
[MO833] Paramount Iteration,0,2,3.789631,0.932759
[MO833] Paramount Iteration,2,2,3.790704,0.988008
[MO833] Paramount Iteration,3,2,3.802096,0.952585
[MO833] Paramount Iteration,3,3,4.702758,0.900662
[MO833] Paramount Iteration,0,3,4.710650,0.921019
[MO833] Paramount Iteration,2,3,4.718125,0.927421
[MO833] Paramount Iteration,1,3,4.723014,0.938742
[MO833] Paramount Iteration,3,4,5.628248,0.925490
[MO833] Paramount Iteration,1,4,5.628230,0.905216
[MO833] Paramount Iteration,2,4,5.633649,0.915524
[MO833] Paramount Iteration,0,4,5.633778,0.923128
[MO833] Paramount Iteration,3,5,6.575958,0.947710
[MO833] Paramount Iteration,0,5,6.577340,0.943562
[MO833] Paramount Iteration,1,5,6.600449,0.972219
[MO833] Paramount Iteration,2,5,6.602131,0.968482
[MO833] Paramount Iteration,0,6,7.494578,0.917238
[MO833] Paramount Iteration,3,6,7.502245,0.926287
[MO833] Paramount Iteration,1,6,7.507993,0.907544
[MO833] Paramount Iteration,2,6,7.511381,0.909250
[MO833] Paramount Iteration,2,7,8.397267,0.885886
[MO833] Paramount Iteration,0,7,8.406109,0.911531
[MO833] Paramount Iteration,1,7,8.411229,0.903236
[MO833] Paramount Iteration,3,7,8.425234,0.922989
[MO833] Paramount Iteration,0,8,9.326023,0.919914
[MO833] Paramount Iteration,3,8,9.327489,0.902255
[MO833] Paramount Iteration,1,8,9.327872,0.916643
[MO833] Paramount Iteration,2,8,9.328721,0.931454
[MO833] Paramount Iteration,0,9,10.217607,0.891584
[MO833] Paramount Iteration,2,9,10.217858,0.889137
[MO833] Paramount Iteration,3,9,10.224016,0.896527
[MO833] Paramount Iteration,1,9,10.224434,0.896562
[MO833] Paramount Iteration,0,10,11.116588,0.898981
[MO833] Paramount Iteration,2,10,11.116766,0.898908
[MO833] Paramount Iteration,3,10,11.123128,0.899112
[MO833] Paramount Iteration,1,10,11.123346,0.898912
[MO833] Paramount Iteration,2,11,12.008862,0.892096
[MO833] Paramount Iteration,1,11,12.015506,0.892160
[MO833] Paramount Iteration,0,11,12.032440,0.915852
[MO833] Paramount Iteration,3,11,12.051579,0.928451
[MO833] Paramount Iteration,0,12,12.981316,0.948876
[MO833] Paramount Iteration,2,12,12.982014,0.973152
[MO833] Paramount Iteration,3,12,12.987822,0.936243
[MO833] Paramount Iteration,1,12,12.988493,0.972987
[MO833] Paramount Iteration,0,13,13.889722,0.908406
[MO833] Paramount Iteration,2,13,13.890016,0.908002
[MO833] Paramount Iteration,3,13,13.896203,0.908381
[MO833] Paramount Iteration,1,13,13.896570,0.908077
[MO833] Paramount Iteration,3,14,14.793682,0.897479
[MO833] Paramount Iteration,1,14,14.794187,0.897617
[MO833] Paramount Iteration,0,14,14.799637,0.909915
[MO833] Paramount Iteration,2,14,14.800079,0.910063
[MO833] Paramount Iteration,0,15,15.691210,0.891573
[MO833] Paramount Iteration,2,15,15.691737,0.891658
[MO833] Paramount Iteration,3,15,15.697823,0.904141
[MO833] Paramount Iteration,1,15,15.698242,0.904055
[MO833] Paramount Iteration,0,16,16.592563,0.901353
[MO833] Paramount Iteration,2,16,16.595012,0.903275
[MO833] Paramount Iteration,3,16,16.611955,0.914132
[MO833] Paramount Iteration,1,16,16.616115,0.917873
[MO833] Paramount Iteration,2,17,17.508125,0.913113
[MO833] Paramount Iteration,0,17,17.508074,0.915511
[MO833] Paramount Iteration,3,17,17.514659,0.902704
[MO833] Paramount Iteration,1,17,17.514763,0.898648
[MO833] Paramount Iteration,3,18,18.411798,0.897139
[MO833] Paramount Iteration,1,18,18.412160,0.897397
[MO833] Paramount Iteration,0,18,18.417836,0.909762
[MO833] Paramount Iteration,2,18,18.418210,0.910085
[MO833] Paramount Iteration,0,19,19.309875,0.892039
 Time step   20
[MO833] Paramount Iteration,2,19,19.310231,0.892021
[MO833] Paramount Iteration,3,19,19.316495,0.904697
[MO833] Paramount Iteration,1,19,19.316799,0.904639
[MO833] Paramount Iteration,2,20,20.201395,0.891164
[MO833] Paramount Iteration,0,20,20.201395,0.891520
[MO833] Paramount Iteration,3,20,20.207843,0.891348
[MO833] Paramount Iteration,1,20,20.208005,0.891206
[MO833] Paramount Iteration,0,21,21.099091,0.897696
[MO833] Paramount Iteration,2,21,21.099588,0.898193
[MO833] Paramount Iteration,3,21,21.105725,0.897882
[MO833] Paramount Iteration,1,21,21.106169,0.898164
[MO833] Paramount Iteration,0,22,21.998853,0.899762
[MO833] Paramount Iteration,2,22,21.999237,0.899649
[MO833] Paramount Iteration,3,22,22.005497,0.899772
[MO833] Paramount Iteration,1,22,22.005786,0.899617
[MO833] Paramount Iteration,2,23,22.903618,0.904381
[MO833] Paramount Iteration,0,23,22.904165,0.905312
[MO833] Paramount Iteration,1,23,22.904339,0.898553
[MO833] Paramount Iteration,3,23,22.904268,0.898771
[MO833] Paramount Iteration,0,24,23.797776,0.893611
[MO833] Paramount Iteration,2,24,23.797831,0.894213
[MO833] Paramount Iteration,3,24,23.804235,0.899967
[MO833] Paramount Iteration,1,24,23.804410,0.900071
[MO833] Paramount Iteration,0,25,24.714628,0.916852
[MO833] Paramount Iteration,3,25,24.724419,0.920184
[MO833] Paramount Iteration,2,25,24.768348,0.970517
[MO833] Paramount Iteration,1,25,24.775417,0.971007
[MO833] Paramount Iteration,0,26,25.671325,0.956697
[MO833] Paramount Iteration,2,26,25.671736,0.903388
[MO833] Paramount Iteration,3,26,25.677969,0.953550
[MO833] Paramount Iteration,1,26,25.678295,0.902878
[MO833] Paramount Iteration,0,27,26.569785,0.898460
[MO833] Paramount Iteration,2,27,26.570094,0.898358
[MO833] Paramount Iteration,3,27,26.576294,0.898325
[MO833] Paramount Iteration,1,27,26.576642,0.898347
[MO833] Paramount Iteration,1,28,27.474489,0.897847
[MO833] Paramount Iteration,3,28,27.474960,0.898666
[MO833] Paramount Iteration,2,28,27.482423,0.912329
[MO833] Paramount Iteration,0,28,27.482762,0.912977
[MO833] Paramount Iteration,0,29,28.374433,0.891671
[MO833] Paramount Iteration,2,29,28.374694,0.892271
[MO833] Paramount Iteration,3,29,28.380977,0.906017
[MO833] Paramount Iteration,1,29,28.381261,0.906772
[MO833] Paramount Iteration,0,30,29.274145,0.899712
[MO833] Paramount Iteration,2,30,29.274140,0.899446
[MO833] Paramount Iteration,1,30,29.280744,0.899483
[MO833] Paramount Iteration,3,30,29.280625,0.899648
[MO833] Paramount Iteration,0,31,30.173314,0.899169
[MO833] Paramount Iteration,2,31,30.173795,0.899655
[MO833] Paramount Iteration,3,31,30.179954,0.899329
[MO833] Paramount Iteration,1,31,30.180307,0.899563
[MO833] Paramount Iteration,0,32,31.086388,0.913074
[MO833] Paramount Iteration,2,32,31.086666,0.912871
[MO833] Paramount Iteration,3,32,31.092935,0.912981
[MO833] Paramount Iteration,1,32,31.093193,0.912886
[MO833] Paramount Iteration,0,33,31.984133,0.897745
[MO833] Paramount Iteration,2,33,31.984648,0.897982
[MO833] Paramount Iteration,3,33,31.990778,0.897843
[MO833] Paramount Iteration,1,33,31.991162,0.897969
[MO833] Paramount Iteration,0,34,32.891114,0.906981
[MO833] Paramount Iteration,2,34,32.903555,0.918907
[MO833] Paramount Iteration,3,34,32.905185,0.914407
[MO833] Paramount Iteration,1,34,32.924178,0.933016
[MO833] Paramount Iteration,3,35,33.820260,0.915075
[MO833] Paramount Iteration,1,35,33.820441,0.896263
[MO833] Paramount Iteration,0,35,33.828158,0.937044
[MO833] Paramount Iteration,2,35,33.828440,0.924885
[MO833] Paramount Iteration,0,36,34.720291,0.892133
[MO833] Paramount Iteration,2,36,34.720876,0.892436
[MO833] Paramount Iteration,3,36,34.726994,0.906734
[MO833] Paramount Iteration,1,36,34.727338,0.906897
[MO833] Paramount Iteration,0,37,35.620213,0.899922
[MO833] Paramount Iteration,2,37,35.620529,0.899653
[MO833] Paramount Iteration,3,37,35.626884,0.899890
[MO833] Paramount Iteration,1,37,35.627076,0.899738
[MO833] Paramount Iteration,2,38,36.520383,0.899854
[MO833] Paramount Iteration,0,38,36.520232,0.900019
[MO833] Paramount Iteration,3,38,36.526791,0.899907
[MO833] Paramount Iteration,1,38,36.527001,0.899925
[MO833] Paramount Iteration,1,39,37.426119,0.899118
[MO833] Paramount Iteration,3,39,37.431831,0.905040
[MO833] Paramount Iteration,2,39,37.432799,0.912416
[MO833] Paramount Iteration,0,39,37.436450,0.916218
 Time step   40
[MO833] Paramount Iteration,2,40,38.328257,0.895458
[MO833] Paramount Iteration,0,40,38.328155,0.891705
[MO833] Paramount Iteration,3,40,38.334716,0.902885
[MO833] Paramount Iteration,1,40,38.334926,0.908807
[MO833] Paramount Iteration,0,41,39.227452,0.899297
[MO833] Paramount Iteration,2,41,39.227673,0.899416
[MO833] Paramount Iteration,3,41,39.234020,0.899304
[MO833] Paramount Iteration,1,41,39.234221,0.899295
[MO833] Paramount Iteration,2,42,40.126957,0.899284
[MO833] Paramount Iteration,0,42,40.126958,0.899506
[MO833] Paramount Iteration,1,42,40.133663,0.899442
[MO833] Paramount Iteration,3,42,40.133614,0.899594
[MO833] Paramount Iteration,0,43,41.026270,0.899312
[MO833] Paramount Iteration,2,43,41.026242,0.899285
[MO833] Paramount Iteration,3,43,41.032766,0.899152
[MO833] Paramount Iteration,1,43,41.032875,0.899212
[MO833] Paramount Iteration,2,44,41.931057,0.904815
[MO833] Paramount Iteration,0,44,41.931092,0.904822
[MO833] Paramount Iteration,1,44,41.932450,0.899575
[MO833] Paramount Iteration,3,44,41.932349,0.899583
[MO833] Paramount Iteration,0,45,42.825219,0.894127
[MO833] Paramount Iteration,2,45,42.825533,0.894476
[MO833] Paramount Iteration,3,45,42.831796,0.899447
[MO833] Paramount Iteration,1,45,42.832198,0.899748
[MO833] Paramount Iteration,0,46,43.724366,0.899147
[MO833] Paramount Iteration,2,46,43.724839,0.899306
[MO833] Paramount Iteration,3,46,43.730987,0.899191
[MO833] Paramount Iteration,1,46,43.731458,0.899260
[MO833] Paramount Iteration,0,47,44.624335,0.899969
[MO833] Paramount Iteration,2,47,44.624297,0.899458
[MO833] Paramount Iteration,3,47,44.630865,0.899878
[MO833] Paramount Iteration,1,47,44.631042,0.899584
[MO833] Paramount Iteration,0,48,45.523576,0.899241
[MO833] Paramount Iteration,2,48,45.523705,0.899408
[MO833] Paramount Iteration,3,48,45.530121,0.899256
[MO833] Paramount Iteration,1,48,45.530335,0.899293
[MO833] Paramount Iteration,2,49,46.418544,0.894839
[MO833] Paramount Iteration,0,49,46.418607,0.895031
[MO833] Paramount Iteration,1,49,46.425127,0.894792
[MO833] Paramount Iteration,3,49,46.425045,0.894924
[MO833] Paramount Iteration,0,50,47.316775,0.898168
[MO833] Paramount Iteration,2,50,47.316956,0.898412
[MO833] Paramount Iteration,3,50,47.323264,0.898219
[MO833] Paramount Iteration,1,50,47.323524,0.898397
[MO833] Paramount Iteration,0,51,48.214089,0.897314
[MO833] Paramount Iteration,2,51,48.214228,0.897272
[MO833] Paramount Iteration,1,51,48.220689,0.897165
[MO833] Paramount Iteration,3,51,48.236484,0.913220
[MO833] Paramount Iteration,0,52,49.164514,0.950425
[MO833] Paramount Iteration,2,52,49.166562,0.952334
[MO833] Paramount Iteration,3,52,49.171464,0.934980
[MO833] Paramount Iteration,1,52,49.172921,0.952232
[MO833] Paramount Iteration,0,53,50.073593,0.909079
[MO833] Paramount Iteration,2,53,50.073754,0.907192
[MO833] Paramount Iteration,3,53,50.079998,0.908534
[MO833] Paramount Iteration,1,53,50.080189,0.907268
[MO833] Paramount Iteration,0,54,50.978105,0.904512
[MO833] Paramount Iteration,2,54,50.978272,0.904518
[MO833] Paramount Iteration,3,54,50.979343,0.899345
[MO833] Paramount Iteration,1,54,50.979681,0.899492
[MO833] Paramount Iteration,0,55,51.877841,0.899736
[MO833] Paramount Iteration,2,55,51.878151,0.899879
[MO833] Paramount Iteration,3,55,51.884470,0.905127
[MO833] Paramount Iteration,1,55,51.884820,0.905139
[MO833] Paramount Iteration,2,56,52.787819,0.909668
[MO833] Paramount Iteration,0,56,52.787866,0.910025
[MO833] Paramount Iteration,1,56,52.794419,0.909599
[MO833] Paramount Iteration,3,56,52.794316,0.909846
[MO833] Paramount Iteration,2,57,53.684139,0.896320
[MO833] Paramount Iteration,0,57,53.684319,0.896453
[MO833] Paramount Iteration,1,57,53.690838,0.896419
[MO833] Paramount Iteration,3,57,53.690843,0.896527
[MO833] Paramount Iteration,2,58,54.588035,0.903896
[MO833] Paramount Iteration,0,58,54.588025,0.903706
[MO833] Paramount Iteration,3,58,54.594556,0.903713
[MO833] Paramount Iteration,1,58,54.594561,0.903723
[MO833] Paramount Iteration,0,59,55.481103,0.893078
 Time step   60
[MO833] Paramount Iteration,2,59,55.481291,0.893256
[MO833] Paramount Iteration,3,59,55.487602,0.893046
[MO833] Paramount Iteration,1,59,55.487851,0.893290
[MO833] Paramount Iteration,2,60,56.371544,0.890253
[MO833] Paramount Iteration,0,60,56.371712,0.890609
[MO833] Paramount Iteration,3,60,56.378121,0.890519
[MO833] Paramount Iteration,1,60,56.378133,0.890282
[MO833] Paramount Iteration,2,61,57.264054,0.892510
[MO833] Paramount Iteration,0,61,57.270761,0.899049
[MO833] Paramount Iteration,3,61,57.271669,0.893548
[MO833] Paramount Iteration,1,61,57.271793,0.893660
[MO833] Paramount Iteration,2,62,58.158400,0.894346
[MO833] Paramount Iteration,0,62,58.158542,0.887781
[MO833] Paramount Iteration,1,62,58.165045,0.893252
[MO833] Paramount Iteration,3,62,58.165030,0.893361
[MO833] Paramount Iteration,0,63,59.051638,0.893096
[MO833] Paramount Iteration,2,63,59.051591,0.893191
[MO833] Paramount Iteration,3,63,59.058106,0.893076
[MO833] Paramount Iteration,1,63,59.058189,0.893144
[MO833] Paramount Iteration,0,64,59.944824,0.893186
[MO833] Paramount Iteration,2,64,59.944972,0.893381
[MO833] Paramount Iteration,3,64,59.951318,0.893212
[MO833] Paramount Iteration,1,64,59.951569,0.893380
[MO833] Paramount Iteration,0,65,60.837609,0.892785
[MO833] Paramount Iteration,2,65,60.837809,0.892837
[MO833] Paramount Iteration,3,65,60.844098,0.892780
[MO833] Paramount Iteration,1,65,60.844277,0.892708
[MO833] Paramount Iteration,0,66,61.731277,0.893668
[MO833] Paramount Iteration,2,66,61.734633,0.896824
[MO833] Paramount Iteration,3,66,61.737770,0.893672
[MO833] Paramount Iteration,1,66,61.738002,0.893725
[MO833] Paramount Iteration,0,67,62.624115,0.892838
[MO833] Paramount Iteration,2,67,62.624306,0.889673
[MO833] Paramount Iteration,3,67,62.630576,0.892806
[MO833] Paramount Iteration,1,67,62.630756,0.892754
[MO833] Paramount Iteration,0,68,63.514296,0.890181
[MO833] Paramount Iteration,2,68,63.514253,0.889947
[MO833] Paramount Iteration,1,68,63.520799,0.890043
[MO833] Paramount Iteration,3,68,63.520739,0.890163
[MO833] Paramount Iteration,2,69,64.401380,0.887127
[MO833] Paramount Iteration,1,69,64.409510,0.888711
[MO833] Paramount Iteration,0,69,64.412902,0.898606
[MO833] Paramount Iteration,3,69,64.433427,0.912688
[MO833] Paramount Iteration,0,70,65.316193,0.903291
[MO833] Paramount Iteration,3,70,65.324419,0.890992
[MO833] Paramount Iteration,2,70,65.325785,0.924405
[MO833] Paramount Iteration,1,70,65.344215,0.934705
[MO833] Paramount Iteration,0,71,66.231646,0.915453
[MO833] Paramount Iteration,2,71,66.231752,0.905967
[MO833] Paramount Iteration,3,71,66.238147,0.913728
[MO833] Paramount Iteration,1,71,66.238324,0.894109
[MO833] Paramount Iteration,0,72,67.125204,0.893558
[MO833] Paramount Iteration,2,72,67.125230,0.893478
[MO833] Paramount Iteration,3,72,67.131667,0.893520
[MO833] Paramount Iteration,1,72,67.131766,0.893442
[MO833] Paramount Iteration,2,73,68.012299,0.887069
[MO833] Paramount Iteration,0,73,68.012147,0.886943
[MO833] Paramount Iteration,3,73,68.018592,0.886925
[MO833] Paramount Iteration,1,73,68.018908,0.887142
[MO833] Paramount Iteration,0,74,68.906241,0.894094
[MO833] Paramount Iteration,2,74,68.906434,0.894135
[MO833] Paramount Iteration,3,74,68.912667,0.894075
[MO833] Paramount Iteration,1,74,68.913026,0.894118
[MO833] Paramount Iteration,2,75,69.799887,0.893453
[MO833] Paramount Iteration,0,75,69.799762,0.893521
[MO833] Paramount Iteration,3,75,69.806168,0.893501
[MO833] Paramount Iteration,1,75,69.806474,0.893448
[MO833] Paramount Iteration,0,76,70.693090,0.893328
[MO833] Paramount Iteration,2,76,70.693338,0.893451
[MO833] Paramount Iteration,3,76,70.699705,0.893537
[MO833] Paramount Iteration,1,76,70.699869,0.893395
[MO833] Paramount Iteration,0,77,71.586620,0.893530
[MO833] Paramount Iteration,2,77,71.586865,0.893527
[MO833] Paramount Iteration,3,77,71.593058,0.893353
[MO833] Paramount Iteration,1,77,71.593346,0.893477
[MO833] Paramount Iteration,2,78,72.480033,0.893168
[MO833] Paramount Iteration,0,78,72.480173,0.893553
[MO833] Paramount Iteration,1,78,72.486668,0.893322
[MO833] Paramount Iteration,3,78,72.486655,0.893597
[MO833] Paramount Iteration,2,79,73.372957,0.892924
[MO833] Paramount Iteration,0,79,73.372826,0.892653
 Time step   80
[MO833] Paramount Iteration,3,79,73.379273,0.892618
[MO833] Paramount Iteration,1,79,73.379449,0.892781
[MO833] Paramount Iteration,3,80,74.267997,0.888724
[MO833] Paramount Iteration,1,80,74.268484,0.889035
[MO833] Paramount Iteration,2,80,74.274495,0.901538
[MO833] Paramount Iteration,0,80,74.275113,0.902287
[MO833] Paramount Iteration,2,81,75.160618,0.886123
[MO833] Paramount Iteration,0,81,75.160517,0.885404
[MO833] Paramount Iteration,3,81,75.166900,0.898903
[MO833] Paramount Iteration,1,81,75.167099,0.898615
[MO833] Paramount Iteration,2,82,76.053586,0.892968
[MO833] Paramount Iteration,0,82,76.053518,0.893001
[MO833] Paramount Iteration,1,82,76.060032,0.892933
[MO833] Paramount Iteration,3,82,76.060015,0.893115
[MO833] Paramount Iteration,0,83,76.946857,0.893339
[MO833] Paramount Iteration,2,83,76.946808,0.893222
[MO833] Paramount Iteration,3,83,76.953278,0.893263
[MO833] Paramount Iteration,1,83,76.953272,0.893240
[MO833] Paramount Iteration,2,84,77.839601,0.892793
[MO833] Paramount Iteration,0,84,77.839663,0.892806
[MO833] Paramount Iteration,1,84,77.846098,0.892826
[MO833] Paramount Iteration,3,84,77.845993,0.892715
[MO833] Paramount Iteration,2,85,78.731246,0.891645
[MO833] Paramount Iteration,0,85,78.731464,0.891801
[MO833] Paramount Iteration,1,85,78.737891,0.891793
[MO833] Paramount Iteration,3,85,78.737795,0.891802
[MO833] Paramount Iteration,2,86,79.624347,0.893101
[MO833] Paramount Iteration,0,86,79.624375,0.892911
[MO833] Paramount Iteration,3,86,79.630793,0.892998
[MO833] Paramount Iteration,1,86,79.630893,0.893002
[MO833] Paramount Iteration,0,87,80.517913,0.893538
[MO833] Paramount Iteration,2,87,80.517850,0.893503
[MO833] Paramount Iteration,1,87,80.524363,0.893470
[MO833] Paramount Iteration,3,87,80.524327,0.893534
[MO833] Paramount Iteration,0,88,81.410984,0.893071
[MO833] Paramount Iteration,2,88,81.411171,0.893321
[MO833] Paramount Iteration,3,88,81.417479,0.893152
[MO833] Paramount Iteration,1,88,81.417751,0.893388
[MO833] Paramount Iteration,2,89,82.309082,0.897911
[MO833] Paramount Iteration,0,89,82.309245,0.898261
[MO833] Paramount Iteration,3,89,82.315587,0.898108
[MO833] Paramount Iteration,1,89,82.315726,0.897975
[MO833] Paramount Iteration,2,90,83.202792,0.893710
[MO833] Paramount Iteration,0,90,83.202922,0.893677
[MO833] Paramount Iteration,1,90,83.209402,0.893676
[MO833] Paramount Iteration,3,90,83.209356,0.893769
[MO833] Paramount Iteration,0,91,84.095890,0.892968
[MO833] Paramount Iteration,2,91,84.096233,0.893441
[MO833] Paramount Iteration,3,91,84.102423,0.893067
[MO833] Paramount Iteration,1,91,84.102750,0.893348
[MO833] Paramount Iteration,2,92,84.988710,0.892477
[MO833] Paramount Iteration,0,92,84.989111,0.893221
[MO833] Paramount Iteration,1,92,84.995494,0.892744
[MO833] Paramount Iteration,3,92,84.995529,0.893106
[MO833] Paramount Iteration,0,93,85.881838,0.892727
[MO833] Paramount Iteration,2,93,85.881751,0.893041
[MO833] Paramount Iteration,3,93,85.888284,0.892755
[MO833] Paramount Iteration,1,93,85.888347,0.892853
[MO833] Paramount Iteration,2,94,86.774659,0.892908
[MO833] Paramount Iteration,0,94,86.774588,0.892750
[MO833] Paramount Iteration,3,94,86.781058,0.892774
[MO833] Paramount Iteration,1,94,86.781200,0.892853
[MO833] Paramount Iteration,0,95,87.667652,0.893064
[MO833] Paramount Iteration,2,95,87.667731,0.893072
[MO833] Paramount Iteration,3,95,87.674190,0.893132
[MO833] Paramount Iteration,1,95,87.674295,0.893095
[MO833] Paramount Iteration,2,96,88.560602,0.892871
[MO833] Paramount Iteration,0,96,88.560545,0.892893
[MO833] Paramount Iteration,3,96,88.566940,0.892750
[MO833] Paramount Iteration,1,96,88.567173,0.892878
[MO833] Paramount Iteration,0,97,89.450719,0.890174
[MO833] Paramount Iteration,3,97,89.457753,0.890813
[MO833] Paramount Iteration,1,97,89.457854,0.890681
[MO833] Paramount Iteration,2,97,89.465343,0.904741
[MO833] Paramount Iteration,2,98,90.348946,0.883603
[MO833] Paramount Iteration,0,98,90.355297,0.904578
[MO833] Paramount Iteration,3,98,90.356601,0.898848
[MO833] Paramount Iteration,1,98,90.356815,0.898961
[MO833] Paramount Iteration,0,99,91.242734,0.887437
 Time step  100
[MO833] Paramount Iteration,2,99,91.243098,0.894152
[MO833] Paramount Iteration,3,99,91.249349,0.892748
[MO833] Paramount Iteration,1,99,91.249580,0.892765
[MO833] Paramount Iteration,0,100,92.135654,0.892920
[MO833] Paramount Iteration,2,100,92.135567,0.892469
[MO833] Paramount Iteration,1,100,92.142255,0.892675
[MO833] Paramount Iteration,3,100,92.142151,0.892802
[MO833] Paramount Iteration,2,101,93.028332,0.892765
[MO833] Paramount Iteration,0,101,93.028428,0.892774
[MO833] Paramount Iteration,3,101,93.034897,0.892746
[MO833] Paramount Iteration,1,101,93.034941,0.892686
[MO833] Paramount Iteration,0,102,93.918787,0.890359
[MO833] Paramount Iteration,2,102,93.918872,0.890540
[MO833] Paramount Iteration,3,102,93.925223,0.890326
[MO833] Paramount Iteration,1,102,93.925427,0.890486
[MO833] Paramount Iteration,2,103,94.836821,0.917949
[MO833] Paramount Iteration,0,103,94.838641,0.919854
[MO833] Paramount Iteration,3,103,94.851230,0.926007
[MO833] Paramount Iteration,1,103,94.861503,0.936076
[MO833] Paramount Iteration,0,104,95.781712,0.943071
[MO833] Paramount Iteration,2,104,95.782251,0.945430
[MO833] Paramount Iteration,3,104,95.788168,0.936938
[MO833] Paramount Iteration,1,104,95.788608,0.927105
[MO833] Paramount Iteration,0,105,96.674835,0.893123
[MO833] Paramount Iteration,2,105,96.674969,0.892718
[MO833] Paramount Iteration,3,105,96.681361,0.893193
[MO833] Paramount Iteration,1,105,96.681538,0.892930
[MO833] Paramount Iteration,2,106,97.567380,0.892411
[MO833] Paramount Iteration,0,106,97.567307,0.892472
[MO833] Paramount Iteration,3,106,97.573838,0.892477
[MO833] Paramount Iteration,1,106,97.573960,0.892422
[MO833] Paramount Iteration,2,107,98.460134,0.892754
[MO833] Paramount Iteration,0,107,98.460007,0.892700
[MO833] Paramount Iteration,3,107,98.466477,0.892639
[MO833] Paramount Iteration,1,107,98.466729,0.892769
[MO833] Paramount Iteration,0,108,99.344207,0.884200
[MO833] Paramount Iteration,2,108,99.344055,0.883921
[MO833] Paramount Iteration,1,108,99.350577,0.883848
[MO833] Paramount Iteration,3,108,99.350536,0.884059
[MO833] Paramount Iteration,2,109,100.237596,0.893541
[MO833] Paramount Iteration,0,109,100.237538,0.893331
[MO833] Paramount Iteration,3,109,100.244002,0.893466
[MO833] Paramount Iteration,1,109,100.244178,0.893601
[MO833] Paramount Iteration,0,110,101.130368,0.892830
[MO833] Paramount Iteration,2,110,101.130368,0.892772
[MO833] Paramount Iteration,1,110,101.136937,0.892759
[MO833] Paramount Iteration,3,110,101.136816,0.892814
[MO833] Paramount Iteration,2,111,102.023388,0.893020
[MO833] Paramount Iteration,0,111,102.023254,0.892886
[MO833] Paramount Iteration,3,111,102.029661,0.892845
[MO833] Paramount Iteration,1,111,102.029946,0.893009
[MO833] Paramount Iteration,0,112,102.914812,0.891558
[MO833] Paramount Iteration,2,112,102.914695,0.891307
[MO833] Paramount Iteration,1,112,102.921316,0.891370
[MO833] Paramount Iteration,3,112,102.921247,0.891586
[MO833] Paramount Iteration,2,113,103.807578,0.892883
[MO833] Paramount Iteration,0,113,103.807646,0.892834
[MO833] Paramount Iteration,3,113,103.814125,0.892878
[MO833] Paramount Iteration,1,113,103.814141,0.892825
[MO833] Paramount Iteration,0,114,104.700714,0.893068
[MO833] Paramount Iteration,2,114,104.700711,0.893133
[MO833] Paramount Iteration,1,114,104.707323,0.893182
[MO833] Paramount Iteration,3,114,104.707200,0.893075
[MO833] Paramount Iteration,0,115,105.593761,0.893047
[MO833] Paramount Iteration,2,115,105.594003,0.893292
[MO833] Paramount Iteration,3,115,105.600253,0.893053
[MO833] Paramount Iteration,1,115,105.600472,0.893149
[MO833] Paramount Iteration,0,116,106.480919,0.887158
[MO833] Paramount Iteration,2,116,106.480823,0.886820
[MO833] Paramount Iteration,1,116,106.487490,0.887018
[MO833] Paramount Iteration,3,116,106.487379,0.887126
[MO833] Paramount Iteration,0,117,107.373193,0.892274
[MO833] Paramount Iteration,2,117,107.373330,0.892507
[MO833] Paramount Iteration,3,117,107.379785,0.892406
[MO833] Paramount Iteration,1,117,107.379909,0.892419
[MO833] Paramount Iteration,0,118,108.263262,0.890069
[MO833] Paramount Iteration,1,118,108.270303,0.890394
[MO833] Paramount Iteration,3,118,108.270276,0.890491
[MO833] Paramount Iteration,2,118,108.277972,0.904642
[MO833] Paramount Iteration,0,119,109.162379,0.899117
 Time step  120
[MO833] Paramount Iteration,2,119,109.162330,0.884358
[MO833] Paramount Iteration,3,119,109.168817,0.898541
[MO833] Paramount Iteration,1,119,109.168955,0.898652
[MO833] Paramount Iteration,0,120,110.054917,0.892538
[MO833] Paramount Iteration,2,120,110.055050,0.892720
[MO833] Paramount Iteration,3,120,110.061426,0.892609
[MO833] Paramount Iteration,1,120,110.061582,0.892627
[MO833] Paramount Iteration,2,121,110.947657,0.892607
[MO833] Paramount Iteration,0,121,110.947681,0.892764
[MO833] Paramount Iteration,3,121,110.954209,0.892783
[MO833] Paramount Iteration,1,121,110.954253,0.892671
[MO833] Paramount Iteration,0,122,111.840326,0.892645
[MO833] Paramount Iteration,2,122,111.840281,0.892624
[MO833] Paramount Iteration,1,122,111.846934,0.892681
[MO833] Paramount Iteration,3,122,111.846884,0.892675
[MO833] Paramount Iteration,0,123,112.734360,0.894034
[MO833] Paramount Iteration,2,123,112.735472,0.895191
[MO833] Paramount Iteration,3,123,112.741044,0.894160
[MO833] Paramount Iteration,1,123,112.741842,0.894908
[MO833] Paramount Iteration,0,124,113.633054,0.898694
[MO833] Paramount Iteration,2,124,113.633089,0.897617
[MO833] Paramount Iteration,3,124,113.639484,0.898440
[MO833] Paramount Iteration,1,124,113.639683,0.897841
[MO833] Paramount Iteration,0,125,114.529645,0.896591
[MO833] Paramount Iteration,2,125,114.530123,0.897034
[MO833] Paramount Iteration,3,125,114.536225,0.896741
[MO833] Paramount Iteration,1,125,114.536609,0.896926
[MO833] Paramount Iteration,0,126,115.426643,0.896998
[MO833] Paramount Iteration,2,126,115.427014,0.896891
[MO833] Paramount Iteration,3,126,115.433124,0.896899
[MO833] Paramount Iteration,1,126,115.433536,0.896927
[MO833] Paramount Iteration,0,127,116.324055,0.897412
[MO833] Paramount Iteration,2,127,116.324454,0.897440
[MO833] Paramount Iteration,3,127,116.330544,0.897420
[MO833] Paramount Iteration,1,127,116.330850,0.897314
[MO833] Paramount Iteration,0,128,117.220965,0.896910
[MO833] Paramount Iteration,2,128,117.221566,0.897112
[MO833] Paramount Iteration,3,128,117.227586,0.897042
[MO833] Paramount Iteration,1,128,117.228040,0.897190
[MO833] Paramount Iteration,2,129,118.117487,0.895921
[MO833] Paramount Iteration,0,129,118.117418,0.896453
[MO833] Paramount Iteration,3,129,118.123886,0.896300
[MO833] Paramount Iteration,1,129,118.124135,0.896095
[MO833] Paramount Iteration,0,130,119.014206,0.896788
[MO833] Paramount Iteration,2,130,119.014520,0.897033
[MO833] Paramount Iteration,3,130,119.020724,0.896838
[MO833] Paramount Iteration,1,130,119.021059,0.896924
[MO833] Paramount Iteration,2,131,119.903956,0.889436
[MO833] Paramount Iteration,0,131,119.904005,0.889799
[MO833] Paramount Iteration,1,131,119.910419,0.889360
[MO833] Paramount Iteration,3,131,119.910336,0.889612
[MO833] Paramount Iteration,2,132,120.798867,0.894911
[MO833] Paramount Iteration,0,132,120.803133,0.899128
[MO833] Paramount Iteration,1,132,120.805938,0.895519
[MO833] Paramount Iteration,3,132,120.809353,0.899017
[MO833] Paramount Iteration,0,133,121.698168,0.895035
[MO833] Paramount Iteration,2,133,121.698541,0.899674
[MO833] Paramount Iteration,3,133,121.704756,0.895403
[MO833] Paramount Iteration,1,133,121.705065,0.899127
[MO833] Paramount Iteration,0,134,122.595565,0.897397
[MO833] Paramount Iteration,2,134,122.595998,0.897457
[MO833] Paramount Iteration,3,134,122.602117,0.897361
[MO833] Paramount Iteration,1,134,122.602561,0.897496
[MO833] Paramount Iteration,0,135,123.492799,0.897234
[MO833] Paramount Iteration,2,135,123.493054,0.897056
[MO833] Paramount Iteration,3,135,123.499347,0.897230
[MO833] Paramount Iteration,1,135,123.499644,0.897083
[MO833] Paramount Iteration,0,136,124.390208,0.897409
[MO833] Paramount Iteration,2,136,124.390915,0.897861
[MO833] Paramount Iteration,3,136,124.396765,0.897418
[MO833] Paramount Iteration,1,136,124.397382,0.897738
[MO833] Paramount Iteration,0,137,125.296455,0.906247
[MO833] Paramount Iteration,3,137,125.304653,0.907888
[MO833] Paramount Iteration,2,137,125.307523,0.916608
[MO833] Paramount Iteration,1,137,125.327261,0.929879
[MO833] Paramount Iteration,0,138,126.218091,0.921636
[MO833] Paramount Iteration,2,138,126.218538,0.911015
[MO833] Paramount Iteration,3,138,126.224648,0.919995
[MO833] Paramount Iteration,1,138,126.225031,0.897770
[MO833] Paramount Iteration,2,139,127.114420,0.895882
[MO833] Paramount Iteration,0,139,127.114799,0.896708
 Time step  140
[MO833] Paramount Iteration,3,139,127.121153,0.896505
[MO833] Paramount Iteration,1,139,127.121088,0.896057
[MO833] Paramount Iteration,0,140,128.011368,0.896569
[MO833] Paramount Iteration,2,140,128.011512,0.897092
[MO833] Paramount Iteration,3,140,128.017725,0.896572
[MO833] Paramount Iteration,1,140,128.018066,0.896978
[MO833] Paramount Iteration,0,141,128.908601,0.897233
[MO833] Paramount Iteration,2,141,128.908877,0.897365
[MO833] Paramount Iteration,3,141,128.915044,0.897319
[MO833] Paramount Iteration,1,141,128.915413,0.897347
[MO833] Paramount Iteration,2,142,129.806187,0.897310
[MO833] Paramount Iteration,0,142,129.807311,0.898710
[MO833] Paramount Iteration,3,142,129.812517,0.897473
[MO833] Paramount Iteration,1,142,129.812945,0.897532
[MO833] Paramount Iteration,3,143,130.707335,0.894818
[MO833] Paramount Iteration,1,143,130.707481,0.894536
[MO833] Paramount Iteration,2,143,130.714092,0.907905
[MO833] Paramount Iteration,0,143,130.715253,0.907942
[MO833] Paramount Iteration,0,144,131.603928,0.888675
[MO833] Paramount Iteration,2,144,131.604176,0.890084
[MO833] Paramount Iteration,3,144,131.610495,0.903160
[MO833] Paramount Iteration,1,144,131.610909,0.903428
[MO833] Paramount Iteration,0,145,132.501408,0.897480
[MO833] Paramount Iteration,2,145,132.501797,0.897621
[MO833] Paramount Iteration,3,145,132.507912,0.897417
[MO833] Paramount Iteration,1,145,132.508368,0.897459
[MO833] Paramount Iteration,0,146,133.398812,0.897404
[MO833] Paramount Iteration,2,146,133.399095,0.897298
[MO833] Paramount Iteration,3,146,133.405356,0.897444
[MO833] Paramount Iteration,1,146,133.405771,0.897403
[MO833] Paramount Iteration,2,147,134.296560,0.897465
[MO833] Paramount Iteration,0,147,134.296585,0.897773
[MO833] Paramount Iteration,3,147,134.303032,0.897676
[MO833] Paramount Iteration,1,147,134.303158,0.897387
[MO833] Paramount Iteration,0,148,135.193163,0.896578
[MO833] Paramount Iteration,2,148,135.193779,0.897219
[MO833] Paramount Iteration,3,148,135.199767,0.896735
[MO833] Paramount Iteration,1,148,135.200315,0.897157
[MO833] Paramount Iteration,0,149,136.089210,0.896047
[MO833] Paramount Iteration,2,149,136.089769,0.895990
[MO833] Paramount Iteration,3,149,136.095736,0.895969
[MO833] Paramount Iteration,1,149,136.096286,0.895971
[MO833] Paramount Iteration,0,150,136.986979,0.897769
[MO833] Paramount Iteration,2,150,136.986881,0.897112
[MO833] Paramount Iteration,3,150,136.993410,0.897674
[MO833] Paramount Iteration,1,150,136.993542,0.897256
[MO833] Paramount Iteration,0,151,137.884066,0.897087
[MO833] Paramount Iteration,2,151,137.884065,0.897184
[MO833] Paramount Iteration,3,151,137.890552,0.897142
[MO833] Paramount Iteration,1,151,137.890783,0.897241
[MO833] Paramount Iteration,0,152,138.781206,0.897140
[MO833] Paramount Iteration,2,152,138.781464,0.897399
[MO833] Paramount Iteration,3,152,138.787696,0.897144
[MO833] Paramount Iteration,1,152,138.787999,0.897216
[MO833] Paramount Iteration,0,153,139.679348,0.898142
[MO833] Paramount Iteration,2,153,139.679402,0.897938
[MO833] Paramount Iteration,3,153,139.685770,0.898074
[MO833] Paramount Iteration,1,153,139.686093,0.898094
[MO833] Paramount Iteration,0,154,140.576258,0.896910
[MO833] Paramount Iteration,2,154,140.576541,0.897139
[MO833] Paramount Iteration,3,154,140.582813,0.897043
[MO833] Paramount Iteration,1,154,140.583181,0.897088
[MO833] Paramount Iteration,0,155,141.473487,0.897229
[MO833] Paramount Iteration,2,155,141.473827,0.897286
[MO833] Paramount Iteration,3,155,141.480007,0.897194
[MO833] Paramount Iteration,1,155,141.480386,0.897205
[MO833] Paramount Iteration,0,156,142.370640,0.897153
[MO833] Paramount Iteration,2,156,142.370954,0.897127
[MO833] Paramount Iteration,3,156,142.377145,0.897138
[MO833] Paramount Iteration,1,156,142.377512,0.897126
[MO833] Paramount Iteration,0,157,143.267831,0.897191
[MO833] Paramount Iteration,2,157,143.268043,0.897089
[MO833] Paramount Iteration,3,157,143.274304,0.897159
[MO833] Paramount Iteration,1,157,143.274705,0.897193
[MO833] Paramount Iteration,2,158,144.160232,0.892189
[MO833] Paramount Iteration,0,158,144.161084,0.893253
[MO833] Paramount Iteration,3,158,144.166588,0.892284
[MO833] Paramount Iteration,1,158,144.166892,0.892187
[MO833] Paramount Iteration,0,159,145.056931,0.895847
 Time step  160
[MO833] Paramount Iteration,2,159,145.057194,0.896962
[MO833] Paramount Iteration,3,159,145.063462,0.896874
[MO833] Paramount Iteration,1,159,145.063798,0.896906
[MO833] Paramount Iteration,0,160,145.954360,0.897429
[MO833] Paramount Iteration,2,160,145.954731,0.897537
[MO833] Paramount Iteration,3,160,145.960851,0.897389
[MO833] Paramount Iteration,1,160,145.961329,0.897531
[MO833] Paramount Iteration,0,161,146.851935,0.897575
[MO833] Paramount Iteration,2,161,146.851856,0.897125
[MO833] Paramount Iteration,3,161,146.858449,0.897598
[MO833] Paramount Iteration,1,161,146.858591,0.897262
[MO833] Paramount Iteration,0,162,147.748454,0.896519
[MO833] Paramount Iteration,2,162,147.749039,0.897183
[MO833] Paramount Iteration,3,162,147.755087,0.896638
[MO833] Paramount Iteration,1,162,147.755512,0.896921
[MO833] Paramount Iteration,0,163,148.646364,0.897910
[MO833] Paramount Iteration,2,163,148.646598,0.897559
[MO833] Paramount Iteration,3,163,148.652889,0.897802
[MO833] Paramount Iteration,1,163,148.653206,0.897694
[MO833] Paramount Iteration,0,164,149.543312,0.896948
[MO833] Paramount Iteration,2,164,149.543518,0.896920
[MO833] Paramount Iteration,3,164,149.549797,0.896908
[MO833] Paramount Iteration,1,164,149.550128,0.896922
[MO833] Paramount Iteration,0,165,150.440546,0.897234
[MO833] Paramount Iteration,2,165,150.440608,0.897090
[MO833] Paramount Iteration,3,165,150.446967,0.897170
[MO833] Paramount Iteration,1,165,150.447200,0.897072
[MO833] Paramount Iteration,0,166,151.337453,0.896907
[MO833] Paramount Iteration,2,166,151.337797,0.897189
[MO833] Paramount Iteration,3,166,151.344063,0.897096
[MO833] Paramount Iteration,1,166,151.344368,0.897168
[MO833] Paramount Iteration,0,167,152.234137,0.896684
[MO833] Paramount Iteration,2,167,152.234727,0.896930
[MO833] Paramount Iteration,3,167,152.240784,0.896721
[MO833] Paramount Iteration,1,167,152.241219,0.896851
[MO833] Paramount Iteration,0,168,153.131302,0.897165
[MO833] Paramount Iteration,2,168,153.131971,0.897244
[MO833] Paramount Iteration,3,168,153.137894,0.897110
[MO833] Paramount Iteration,1,168,153.138439,0.897220
[MO833] Paramount Iteration,0,169,154.028566,0.897264
[MO833] Paramount Iteration,2,169,154.029063,0.897092
[MO833] Paramount Iteration,3,169,154.035020,0.897126
[MO833] Paramount Iteration,1,169,154.035624,0.897185
[MO833] Paramount Iteration,2,170,154.944218,0.915155
[MO833] Paramount Iteration,0,170,154.945019,0.916453
[MO833] Paramount Iteration,1,170,154.957732,0.922108
[MO833] Paramount Iteration,3,170,154.958357,0.923337
[MO833] Paramount Iteration,0,171,155.890493,0.945474
[MO833] Paramount Iteration,2,171,155.891589,0.947371
[MO833] Paramount Iteration,3,171,155.897237,0.938880
[MO833] Paramount Iteration,1,171,155.898094,0.940362
[MO833] Paramount Iteration,0,172,156.792776,0.902283
[MO833] Paramount Iteration,2,172,156.793465,0.901876
[MO833] Paramount Iteration,3,172,156.799489,0.902252
[MO833] Paramount Iteration,1,172,156.799985,0.901891
[MO833] Paramount Iteration,3,173,157.694858,0.895369
[MO833] Paramount Iteration,1,173,157.695760,0.895775
[MO833] Paramount Iteration,2,173,157.701657,0.908192
[MO833] Paramount Iteration,0,173,157.701848,0.909072
[MO833] Paramount Iteration,0,174,158.591017,0.889169
[MO833] Paramount Iteration,2,174,158.591318,0.889661
[MO833] Paramount Iteration,3,174,158.597676,0.902818
[MO833] Paramount Iteration,1,174,158.597886,0.902126
[MO833] Paramount Iteration,0,175,159.488062,0.897045
[MO833] Paramount Iteration,2,175,159.488273,0.896955
[MO833] Paramount Iteration,3,175,159.494530,0.896854
[MO833] Paramount Iteration,1,175,159.494866,0.896980
[MO833] Paramount Iteration,0,176,160.385979,0.897917
[MO833] Paramount Iteration,2,176,160.386174,0.897901
[MO833] Paramount Iteration,3,176,160.392563,0.898033
[MO833] Paramount Iteration,1,176,160.392753,0.897887
[MO833] Paramount Iteration,0,177,161.283200,0.897221
[MO833] Paramount Iteration,2,177,161.283688,0.897514
[MO833] Paramount Iteration,3,177,161.289731,0.897168
[MO833] Paramount Iteration,1,177,161.290281,0.897528
[MO833] Paramount Iteration,0,178,162.180607,0.897407
[MO833] Paramount Iteration,2,178,162.181103,0.897415
[MO833] Paramount Iteration,3,178,162.187107,0.897376
[MO833] Paramount Iteration,1,178,162.187538,0.897257
[MO833] Paramount Iteration,2,179,163.076708,0.895605
[MO833] Paramount Iteration,0,179,163.083003,0.902396
 Time step  180
[MO833] Paramount Iteration,3,179,163.083966,0.896859
[MO833] Paramount Iteration,1,179,163.084428,0.896890
[MO833] Paramount Iteration,0,180,163.975000,0.891997
[MO833] Paramount Iteration,2,180,163.975177,0.898469
[MO833] Paramount Iteration,3,180,163.981470,0.897504
[MO833] Paramount Iteration,1,180,163.981756,0.897328
[MO833] Paramount Iteration,0,181,164.872179,0.897179
[MO833] Paramount Iteration,2,181,164.872645,0.897468
[MO833] Paramount Iteration,3,181,164.878719,0.897249
[MO833] Paramount Iteration,1,181,164.879155,0.897399
[MO833] Paramount Iteration,0,182,165.769715,0.897536
[MO833] Paramount Iteration,2,182,165.769882,0.897237
[MO833] Paramount Iteration,3,182,165.776231,0.897512
[MO833] Paramount Iteration,1,182,165.776481,0.897326
[MO833] Paramount Iteration,2,183,166.667300,0.897418
[MO833] Paramount Iteration,0,183,166.667148,0.897433
[MO833] Paramount Iteration,3,183,166.673658,0.897427
[MO833] Paramount Iteration,1,183,166.673854,0.897373
[MO833] Paramount Iteration,0,184,167.563981,0.896833
[MO833] Paramount Iteration,2,184,167.564493,0.897193
[MO833] Paramount Iteration,3,184,167.570583,0.896925
[MO833] Paramount Iteration,1,184,167.570991,0.897137
[MO833] Paramount Iteration,0,185,168.461141,0.897160
[MO833] Paramount Iteration,2,185,168.461670,0.897177
[MO833] Paramount Iteration,3,185,168.467687,0.897104
[MO833] Paramount Iteration,1,185,168.468105,0.897114
[MO833] Paramount Iteration,0,186,169.357546,0.896405
[MO833] Paramount Iteration,2,186,169.358512,0.896842
[MO833] Paramount Iteration,3,186,169.364255,0.896568
[MO833] Paramount Iteration,1,186,169.364951,0.896846
[MO833] Paramount Iteration,0,187,170.255465,0.897919
[MO833] Paramount Iteration,2,187,170.255897,0.897385
[MO833] Paramount Iteration,3,187,170.262069,0.897814
[MO833] Paramount Iteration,1,187,170.262380,0.897429
[MO833] Paramount Iteration,0,188,171.152618,0.897153
[MO833] Paramount Iteration,2,188,171.153017,0.897120
[MO833] Paramount Iteration,3,188,171.159202,0.897133
[MO833] Paramount Iteration,1,188,171.159537,0.897157
[MO833] Paramount Iteration,0,189,172.049517,0.896899
[MO833] Paramount Iteration,2,189,172.050180,0.897163
[MO833] Paramount Iteration,3,189,172.056130,0.896928
[MO833] Paramount Iteration,1,189,172.056669,0.897132
[MO833] Paramount Iteration,0,190,172.947526,0.898009
[MO833] Paramount Iteration,2,190,172.947931,0.897751
[MO833] Paramount Iteration,3,190,172.954112,0.897982
[MO833] Paramount Iteration,1,190,172.954513,0.897844
[MO833] Paramount Iteration,0,191,173.837093,0.889567
[MO833] Paramount Iteration,2,191,173.837262,0.889331
[MO833] Paramount Iteration,3,191,173.843631,0.889519
[MO833] Paramount Iteration,1,191,173.843882,0.889369
[MO833] Paramount Iteration,0,192,174.733909,0.896816
[MO833] Paramount Iteration,2,192,174.734530,0.897268
[MO833] Paramount Iteration,3,192,174.740540,0.896909
[MO833] Paramount Iteration,1,192,174.740962,0.897080
[MO833] Paramount Iteration,0,193,175.631293,0.897384
[MO833] Paramount Iteration,2,193,175.631712,0.897182
[MO833] Paramount Iteration,3,193,175.637866,0.897326
[MO833] Paramount Iteration,1,193,175.638339,0.897377
[MO833] Paramount Iteration,0,194,176.528888,0.897595
[MO833] Paramount Iteration,2,194,176.529449,0.897737
[MO833] Paramount Iteration,3,194,176.535483,0.897617
[MO833] Paramount Iteration,1,194,176.536033,0.897694
[MO833] Paramount Iteration,0,195,177.426206,0.897318
[MO833] Paramount Iteration,2,195,177.426670,0.897221
[MO833] Paramount Iteration,3,195,177.432803,0.897320
[MO833] Paramount Iteration,1,195,177.433266,0.897233
[MO833] Paramount Iteration,0,196,178.323611,0.897405
[MO833] Paramount Iteration,2,196,178.323911,0.897241
[MO833] Paramount Iteration,3,196,178.330183,0.897380
[MO833] Paramount Iteration,1,196,178.330480,0.897214
[MO833] Paramount Iteration,0,197,179.220709,0.897098
[MO833] Paramount Iteration,2,197,179.221382,0.897471
[MO833] Paramount Iteration,3,197,179.227351,0.897168
[MO833] Paramount Iteration,1,197,179.227950,0.897470
[MO833] Paramount Iteration,0,198,180.118456,0.897747
[MO833] Paramount Iteration,2,198,180.118596,0.897214
[MO833] Paramount Iteration,3,198,180.124944,0.897593
[MO833] Paramount Iteration,1,198,180.125275,0.897325
[MO833] Paramount Iteration,0,199,181.015730,0.897274
 Time step  200
[MO833] Paramount Iteration,2,199,181.016029,0.897433
[MO833] Paramount Iteration,3,199,181.022252,0.897308
[MO833] Paramount Iteration,1,199,181.022604,0.897329
[MO833] Paramount Iteration,0,200,181.913537,0.897807
[MO833] Paramount Iteration,2,200,181.913931,0.897902
[MO833] Paramount Iteration,3,200,181.920073,0.897821
[MO833] Paramount Iteration,1,200,181.920404,0.897800
[MO833] Paramount Iteration,0,201,182.810421,0.896884
[MO833] Paramount Iteration,2,201,182.810905,0.896974
[MO833] Paramount Iteration,3,201,182.817042,0.896969
[MO833] Paramount Iteration,1,201,182.817408,0.897004
[MO833] Paramount Iteration,0,202,183.707841,0.897420
[MO833] Paramount Iteration,2,202,183.708304,0.897399
[MO833] Paramount Iteration,3,202,183.714479,0.897437
[MO833] Paramount Iteration,1,202,183.714902,0.897494
[MO833] Paramount Iteration,0,203,184.605286,0.897445
[MO833] Paramount Iteration,2,203,184.605759,0.897455
[MO833] Paramount Iteration,3,203,184.611811,0.897332
[MO833] Paramount Iteration,1,203,184.612407,0.897505
[MO833] Paramount Iteration,0,204,185.509887,0.904601
[MO833] Paramount Iteration,3,204,185.517946,0.906135
[MO833] Paramount Iteration,2,204,185.519341,0.913582
[MO833] Paramount Iteration,1,204,185.538874,0.926467
[MO833] Paramount Iteration,0,205,186.429767,0.919880
[MO833] Paramount Iteration,2,205,186.430085,0.910744
[MO833] Paramount Iteration,3,205,186.436371,0.918425
[MO833] Paramount Iteration,1,205,186.436590,0.897716
[MO833] Paramount Iteration,0,206,187.326825,0.897058
[MO833] Paramount Iteration,2,206,187.327059,0.896974
[MO833] Paramount Iteration,3,206,187.333414,0.897043
[MO833] Paramount Iteration,1,206,187.333734,0.897144
[MO833] Paramount Iteration,0,207,188.224094,0.897269
[MO833] Paramount Iteration,2,207,188.224709,0.897650
[MO833] Paramount Iteration,3,207,188.230708,0.897294
[MO833] Paramount Iteration,1,207,188.231291,0.897557
[MO833] Paramount Iteration,0,208,189.121277,0.897183
[MO833] Paramount Iteration,2,208,189.121669,0.896960
[MO833] Paramount Iteration,3,208,189.127858,0.897150
[MO833] Paramount Iteration,1,208,189.128161,0.896870
[MO833] Paramount Iteration,2,209,190.016249,0.894580
[MO833] Paramount Iteration,3,209,190.023090,0.895232
[MO833] Paramount Iteration,1,209,190.023503,0.895342
[MO833] Paramount Iteration,0,209,190.028734,0.907457
[MO833] Paramount Iteration,2,210,190.917711,0.901462
[MO833] Paramount Iteration,0,210,190.917633,0.888899
[MO833] Paramount Iteration,3,210,190.924073,0.900983
[MO833] Paramount Iteration,1,210,190.924305,0.900802
[MO833] Paramount Iteration,0,211,191.814528,0.896895
[MO833] Paramount Iteration,2,211,191.814933,0.897222
[MO833] Paramount Iteration,3,211,191.821043,0.896970
[MO833] Paramount Iteration,1,211,191.821520,0.897215
[MO833] Paramount Iteration,0,212,192.711996,0.897468
[MO833] Paramount Iteration,2,212,192.712163,0.897230
[MO833] Paramount Iteration,3,212,192.718503,0.897460
[MO833] Paramount Iteration,1,212,192.718720,0.897200
[MO833] Paramount Iteration,0,213,193.607481,0.895485
[MO833] Paramount Iteration,2,213,193.607811,0.895648
[MO833] Paramount Iteration,3,213,193.613974,0.895471
[MO833] Paramount Iteration,1,213,193.614332,0.895612
[MO833] Paramount Iteration,0,214,194.504553,0.897072
[MO833] Paramount Iteration,2,214,194.505198,0.897387
[MO833] Paramount Iteration,3,214,194.511188,0.897214
[MO833] Paramount Iteration,1,214,194.511640,0.897308
[MO833] Paramount Iteration,2,215,195.402147,0.896949
[MO833] Paramount Iteration,0,215,195.402143,0.897590
[MO833] Paramount Iteration,3,215,195.408630,0.897442
[MO833] Paramount Iteration,1,215,195.408888,0.897248
[MO833] Paramount Iteration,2,216,196.299434,0.897287
[MO833] Paramount Iteration,0,216,196.299826,0.897683
[MO833] Paramount Iteration,3,216,196.305795,0.897165
[MO833] Paramount Iteration,1,216,196.306101,0.897213
[MO833] Paramount Iteration,0,217,197.196457,0.896631
[MO833] Paramount Iteration,2,217,197.197129,0.897695
[MO833] Paramount Iteration,3,217,197.203122,0.897327
[MO833] Paramount Iteration,1,217,197.203545,0.897444
[MO833] Paramount Iteration,0,218,198.094576,0.898119
[MO833] Paramount Iteration,2,218,198.094800,0.897671
[MO833] Paramount Iteration,3,218,198.101029,0.897907
[MO833] Paramount Iteration,1,218,198.101315,0.897770
[MO833] Paramount Iteration,0,219,198.992016,0.897440
 Time step  220
[MO833] Paramount Iteration,2,219,198.992366,0.897566
[MO833] Paramount Iteration,3,219,198.998625,0.897596
[MO833] Paramount Iteration,1,219,198.998954,0.897639
[MO833] Paramount Iteration,0,220,199.889142,0.897126
[MO833] Paramount Iteration,2,220,199.889369,0.897003
[MO833] Paramount Iteration,3,220,199.895569,0.896944
[MO833] Paramount Iteration,1,220,199.895875,0.896921
[MO833] Paramount Iteration,2,221,200.786420,0.897051
[MO833] Paramount Iteration,0,221,200.786349,0.897207
[MO833] Paramount Iteration,3,221,200.792872,0.897303
[MO833] Paramount Iteration,1,221,200.793042,0.897167
[MO833] Paramount Iteration,0,222,201.683358,0.897009
[MO833] Paramount Iteration,2,222,201.683851,0.897431
[MO833] Paramount Iteration,3,222,201.689903,0.897031
[MO833] Paramount Iteration,1,222,201.690369,0.897327
[MO833] Paramount Iteration,2,223,202.577154,0.893303
[MO833] Paramount Iteration,0,223,202.577246,0.893888
[MO833] Paramount Iteration,3,223,202.583841,0.893938
[MO833] Paramount Iteration,1,223,202.583904,0.893535
[MO833] Paramount Iteration,0,224,203.474243,0.896997
[MO833] Paramount Iteration,2,224,203.474597,0.897443
[MO833] Paramount Iteration,3,224,203.480779,0.896938
[MO833] Paramount Iteration,1,224,203.481132,0.897228
[MO833] Paramount Iteration,0,225,204.371474,0.897231
[MO833] Paramount Iteration,2,225,204.371710,0.897113
[MO833] Paramount Iteration,3,225,204.377961,0.897182
[MO833] Paramount Iteration,1,225,204.378272,0.897140
[MO833] Paramount Iteration,0,226,205.268484,0.897010
[MO833] Paramount Iteration,2,226,205.268977,0.897267
[MO833] Paramount Iteration,3,226,205.275052,0.897091
[MO833] Paramount Iteration,1,226,205.275494,0.897222
[MO833] Paramount Iteration,0,227,206.167075,0.898591
[MO833] Paramount Iteration,2,227,206.167385,0.898408
[MO833] Paramount Iteration,3,227,206.173598,0.898546
[MO833] Paramount Iteration,1,227,206.173944,0.898450
[MO833] Paramount Iteration,0,228,207.064271,0.897196
[MO833] Paramount Iteration,2,228,207.064638,0.897253
[MO833] Paramount Iteration,3,228,207.070799,0.897201
[MO833] Paramount Iteration,1,228,207.071124,0.897180
[MO833] Paramount Iteration,0,229,207.961687,0.897416
[MO833] Paramount Iteration,2,229,207.962173,0.897535
[MO833] Paramount Iteration,3,229,207.968194,0.897395
[MO833] Paramount Iteration,1,229,207.968713,0.897589
[MO833] Paramount Iteration,2,230,208.850246,0.888073
[MO833] Paramount Iteration,3,230,208.858391,0.890197
[MO833] Paramount Iteration,1,230,208.858632,0.889919
[MO833] Paramount Iteration,0,230,208.862626,0.900939
[MO833] Paramount Iteration,0,231,209.751210,0.888584
[MO833] Paramount Iteration,2,231,209.751459,0.901213
[MO833] Paramount Iteration,3,231,209.757712,0.899321
[MO833] Paramount Iteration,1,231,209.758056,0.899424
[MO833] Paramount Iteration,0,232,210.648073,0.896863
[MO833] Paramount Iteration,2,232,210.648524,0.897065
[MO833] Paramount Iteration,3,232,210.654711,0.896999
[MO833] Paramount Iteration,1,232,210.655143,0.897087
[MO833] Paramount Iteration,0,233,211.545832,0.897759
[MO833] Paramount Iteration,2,233,211.546168,0.897644
[MO833] Paramount Iteration,3,233,211.552388,0.897677
[MO833] Paramount Iteration,1,233,211.552772,0.897629
[MO833] Paramount Iteration,0,234,212.443703,0.897871
[MO833] Paramount Iteration,2,234,212.443731,0.897563
[MO833] Paramount Iteration,3,234,212.450211,0.897823
[MO833] Paramount Iteration,1,234,212.450381,0.897609
[MO833] Paramount Iteration,0,235,213.340545,0.896842
[MO833] Paramount Iteration,2,235,213.341155,0.897424
[MO833] Paramount Iteration,3,235,213.347235,0.897024
[MO833] Paramount Iteration,1,235,213.347726,0.897345
[MO833] Paramount Iteration,0,236,214.238409,0.897864
[MO833] Paramount Iteration,2,236,214.238611,0.897456
[MO833] Paramount Iteration,3,236,214.244918,0.897683
[MO833] Paramount Iteration,1,236,214.245297,0.897571
[MO833] Paramount Iteration,2,237,215.157524,0.918913
[MO833] Paramount Iteration,0,237,215.158073,0.919664
[MO833] Paramount Iteration,3,237,215.170901,0.925983
[MO833] Paramount Iteration,1,237,215.190571,0.945274
[MO833] Paramount Iteration,0,238,216.109778,0.951705
[MO833] Paramount Iteration,2,238,216.110578,0.953054
[MO833] Paramount Iteration,3,238,216.116475,0.945574
[MO833] Paramount Iteration,1,238,216.117131,0.926560
[MO833] Paramount Iteration,0,239,217.007876,0.898098
 Time step  240
[MO833] Paramount Iteration,2,239,217.008139,0.897561
[MO833] Paramount Iteration,3,239,217.014435,0.897960
[MO833] Paramount Iteration,1,239,217.014685,0.897554
[MO833] Paramount Iteration,0,240,217.905461,0.897585
[MO833] Paramount Iteration,2,240,217.905786,0.897647
[MO833] Paramount Iteration,3,240,217.912027,0.897592
[MO833] Paramount Iteration,1,240,217.912370,0.897685
[MO833] Paramount Iteration,0,241,218.803278,0.897817
[MO833] Paramount Iteration,2,241,218.803470,0.897684
[MO833] Paramount Iteration,3,241,218.809767,0.897740
[MO833] Paramount Iteration,1,241,218.810020,0.897650
[MO833] Paramount Iteration,0,242,219.700227,0.896949
[MO833] Paramount Iteration,2,242,219.700953,0.897483
[MO833] Paramount Iteration,3,242,219.706907,0.897140
[MO833] Paramount Iteration,1,242,219.707433,0.897413
[MO833] Paramount Iteration,0,243,220.597947,0.897720
[MO833] Paramount Iteration,2,243,220.598425,0.897472
[MO833] Paramount Iteration,3,243,220.604505,0.897598
[MO833] Paramount Iteration,1,243,220.604867,0.897434
[MO833] Paramount Iteration,0,244,221.495188,0.897241
[MO833] Paramount Iteration,2,244,221.495610,0.897185
[MO833] Paramount Iteration,3,244,221.501828,0.897323
[MO833] Paramount Iteration,1,244,221.502208,0.897341
[MO833] Paramount Iteration,0,245,222.392543,0.897355
[MO833] Paramount Iteration,2,245,222.393358,0.897748
[MO833] Paramount Iteration,3,245,222.399127,0.897299
[MO833] Paramount Iteration,1,245,222.399769,0.897561
[MO833] Paramount Iteration,0,246,223.289914,0.897371
[MO833] Paramount Iteration,2,246,223.290367,0.897009
[MO833] Paramount Iteration,3,246,223.296460,0.897333
[MO833] Paramount Iteration,1,246,223.296876,0.897107
[MO833] Paramount Iteration,0,247,224.187444,0.897530
[MO833] Paramount Iteration,2,247,224.188090,0.897723
[MO833] Paramount Iteration,3,247,224.194069,0.897609
[MO833] Paramount Iteration,1,247,224.194559,0.897683
[MO833] Paramount Iteration,0,248,225.084815,0.897371
[MO833] Paramount Iteration,2,248,225.085459,0.897369
[MO833] Paramount Iteration,3,248,225.091439,0.897370
[MO833] Paramount Iteration,1,248,225.091895,0.897336
[MO833] Paramount Iteration,0,249,225.982556,0.897741
[MO833] Paramount Iteration,2,249,225.982937,0.897478
[MO833] Paramount Iteration,3,249,225.989223,0.897784
[MO833] Paramount Iteration,1,249,225.989582,0.897687
[MO833] Paramount Iteration,0,250,226.880301,0.897745
[MO833] Paramount Iteration,2,250,226.881132,0.898195
[MO833] Paramount Iteration,3,250,226.887042,0.897819
[MO833] Paramount Iteration,1,250,226.887687,0.898105
[MO833] Paramount Iteration,0,251,227.774529,0.894228
[MO833] Paramount Iteration,3,251,227.781457,0.894415
[MO833] Paramount Iteration,1,251,227.784516,0.896829
[MO833] Paramount Iteration,2,251,227.791863,0.910731
[MO833] Paramount Iteration,2,252,228.680313,0.888450
[MO833] Paramount Iteration,0,252,228.686534,0.912005
[MO833] Paramount Iteration,3,252,228.687706,0.906249
[MO833] Paramount Iteration,1,252,228.688048,0.903532
[MO833] Paramount Iteration,2,253,229.577921,0.897608
[MO833] Paramount Iteration,0,253,229.583323,0.896789
[MO833] Paramount Iteration,3,253,229.585287,0.897581
[MO833] Paramount Iteration,1,253,229.585488,0.897440
[MO833] Paramount Iteration,0,254,230.475848,0.892525
[MO833] Paramount Iteration,2,254,230.476035,0.898114
[MO833] Paramount Iteration,3,254,230.482418,0.897131
[MO833] Paramount Iteration,1,254,230.482609,0.897121
[MO833] Paramount Iteration,0,255,231.372794,0.896946
[MO833] Paramount Iteration,2,255,231.373186,0.897151
[MO833] Paramount Iteration,3,255,231.379411,0.896993
[MO833] Paramount Iteration,1,255,231.379703,0.897094
[MO833] Paramount Iteration,0,256,232.269858,0.897064
[MO833] Paramount Iteration,2,256,232.270343,0.897157
[MO833] Paramount Iteration,3,256,232.276464,0.897053
[MO833] Paramount Iteration,1,256,232.276967,0.897264
[MO833] Paramount Iteration,0,257,233.167109,0.897251
[MO833] Paramount Iteration,2,257,233.167603,0.897260
[MO833] Paramount Iteration,3,257,233.173720,0.897256
[MO833] Paramount Iteration,1,257,233.174122,0.897155
[MO833] Paramount Iteration,0,258,234.064474,0.897365
[MO833] Paramount Iteration,2,258,234.065056,0.897453
[MO833] Paramount Iteration,3,258,234.071103,0.897383
[MO833] Paramount Iteration,1,258,234.071504,0.897382
[MO833] Paramount Iteration,0,259,234.961785,0.897311
 Time step  260
[MO833] Paramount Iteration,2,259,234.961954,0.896898
[MO833] Paramount Iteration,3,259,234.968263,0.897160
[MO833] Paramount Iteration,1,259,234.968526,0.897022
[MO833] Paramount Iteration,0,260,235.858559,0.896774
[MO833] Paramount Iteration,2,260,235.858950,0.896996
[MO833] Paramount Iteration,3,260,235.865144,0.896881
[MO833] Paramount Iteration,1,260,235.865470,0.896944
[MO833] Paramount Iteration,0,261,236.755696,0.897137
[MO833] Paramount Iteration,2,261,236.756070,0.897120
[MO833] Paramount Iteration,3,261,236.762278,0.897134
[MO833] Paramount Iteration,1,261,236.762610,0.897140
[MO833] Paramount Iteration,0,262,237.653189,0.897493
[MO833] Paramount Iteration,2,262,237.653352,0.897282
[MO833] Paramount Iteration,3,262,237.659578,0.897300
[MO833] Paramount Iteration,1,262,237.659826,0.897216
[MO833] Paramount Iteration,0,263,238.550139,0.896950
[MO833] Paramount Iteration,2,263,238.550353,0.897001
[MO833] Paramount Iteration,3,263,238.556626,0.897048
[MO833] Paramount Iteration,1,263,238.557005,0.897179
[MO833] Paramount Iteration,0,264,239.448419,0.898280
[MO833] Paramount Iteration,2,264,239.448702,0.898349
[MO833] Paramount Iteration,3,264,239.454957,0.898331
[MO833] Paramount Iteration,1,264,239.455317,0.898312
[MO833] Paramount Iteration,0,265,240.345433,0.897014
[MO833] Paramount Iteration,2,265,240.345964,0.897262
[MO833] Paramount Iteration,3,265,240.351956,0.896999
[MO833] Paramount Iteration,1,265,240.352439,0.897122
[MO833] Paramount Iteration,0,266,241.242528,0.897095
[MO833] Paramount Iteration,2,266,241.243158,0.897194
[MO833] Paramount Iteration,3,266,241.249142,0.897186
[MO833] Paramount Iteration,1,266,241.249690,0.897251
[MO833] Paramount Iteration,0,267,242.140413,0.897885
[MO833] Paramount Iteration,2,267,242.140778,0.897620
[MO833] Paramount Iteration,3,267,242.147013,0.897871
[MO833] Paramount Iteration,1,267,242.147423,0.897733
[MO833] Paramount Iteration,2,268,243.037995,0.897217
[MO833] Paramount Iteration,0,268,243.037884,0.897471
[MO833] Paramount Iteration,3,268,243.044335,0.897322
[MO833] Paramount Iteration,1,268,243.044558,0.897135
[MO833] Paramount Iteration,0,269,243.935441,0.897557
[MO833] Paramount Iteration,2,269,243.935702,0.897707
[MO833] Paramount Iteration,3,269,243.941986,0.897651
[MO833] Paramount Iteration,1,269,243.942255,0.897697
[MO833] Paramount Iteration,2,270,244.826613,0.890911
[MO833] Paramount Iteration,1,270,244.834844,0.892589
[MO833] Paramount Iteration,0,270,244.838148,0.902707
[MO833] Paramount Iteration,3,270,244.858639,0.916653
[MO833] Paramount Iteration,0,271,245.747815,0.909667
[MO833] Paramount Iteration,3,271,245.755910,0.897271
[MO833] Paramount Iteration,2,271,245.757499,0.930886
[MO833] Paramount Iteration,1,271,245.775969,0.941125
[MO833] Paramount Iteration,0,272,246.667413,0.919598
[MO833] Paramount Iteration,2,272,246.668006,0.910507
[MO833] Paramount Iteration,3,272,246.673963,0.918053
[MO833] Paramount Iteration,1,272,246.674621,0.898652
[MO833] Paramount Iteration,0,273,247.564854,0.897441
[MO833] Paramount Iteration,2,273,247.565394,0.897388
[MO833] Paramount Iteration,3,273,247.571430,0.897467
[MO833] Paramount Iteration,1,273,247.571924,0.897303
[MO833] Paramount Iteration,0,274,248.462342,0.897488
[MO833] Paramount Iteration,2,274,248.462762,0.897368
[MO833] Paramount Iteration,3,274,248.468852,0.897422
[MO833] Paramount Iteration,1,274,248.469261,0.897337
[MO833] Paramount Iteration,0,275,249.359665,0.897323
[MO833] Paramount Iteration,2,275,249.360040,0.897278
[MO833] Paramount Iteration,3,275,249.366199,0.897347
[MO833] Paramount Iteration,1,275,249.366552,0.897291
[MO833] Paramount Iteration,0,276,250.256629,0.896964
[MO833] Paramount Iteration,2,276,250.257246,0.897206
[MO833] Paramount Iteration,3,276,250.263308,0.897109
[MO833] Paramount Iteration,1,276,250.263741,0.897189
[MO833] Paramount Iteration,2,277,251.136620,0.879374
[MO833] Paramount Iteration,1,277,251.143199,0.879458
[MO833] Paramount Iteration,3,277,251.162055,0.898747
[MO833] Paramount Iteration,0,277,251.166132,0.909503
[MO833] Paramount Iteration,2,278,252.055290,0.918670
[MO833] Paramount Iteration,0,278,252.055176,0.889044
[MO833] Paramount Iteration,3,278,252.061619,0.899564
[MO833] Paramount Iteration,1,278,252.061922,0.918723
[MO833] Paramount Iteration,0,279,252.952209,0.897033
 Time step  280
[MO833] Paramount Iteration,2,279,252.952777,0.897487
[MO833] Paramount Iteration,3,279,252.958731,0.897112
[MO833] Paramount Iteration,1,279,252.959309,0.897387
[MO833] Paramount Iteration,0,280,253.850064,0.897855
[MO833] Paramount Iteration,2,280,253.850353,0.897576
[MO833] Paramount Iteration,3,280,253.856522,0.897791
[MO833] Paramount Iteration,1,280,253.856827,0.897518
[MO833] Paramount Iteration,2,281,254.747432,0.897079
[MO833] Paramount Iteration,0,281,254.747302,0.897238
[MO833] Paramount Iteration,3,281,254.753815,0.897293
[MO833] Paramount Iteration,1,281,254.754110,0.897283
[MO833] Paramount Iteration,0,282,255.644417,0.897115
[MO833] Paramount Iteration,2,282,255.644707,0.897275
[MO833] Paramount Iteration,3,282,255.650957,0.897142
[MO833] Paramount Iteration,1,282,255.651340,0.897230
[MO833] Paramount Iteration,0,283,256.541597,0.897180
[MO833] Paramount Iteration,2,283,256.542010,0.897303
[MO833] Paramount Iteration,3,283,256.548161,0.897204
[MO833] Paramount Iteration,1,283,256.548523,0.897183
[MO833] Paramount Iteration,2,284,257.439059,0.897049
[MO833] Paramount Iteration,0,284,257.439025,0.897428
[MO833] Paramount Iteration,3,284,257.445450,0.897289
[MO833] Paramount Iteration,1,284,257.445721,0.897198
[MO833] Paramount Iteration,0,285,258.335608,0.896583
[MO833] Paramount Iteration,2,285,258.336158,0.897099
[MO833] Paramount Iteration,3,285,258.342178,0.896728
[MO833] Paramount Iteration,1,285,258.342706,0.896985
[MO833] Paramount Iteration,0,286,259.232949,0.897341
[MO833] Paramount Iteration,2,286,259.233329,0.897171
[MO833] Paramount Iteration,3,286,259.239385,0.897207
[MO833] Paramount Iteration,1,286,259.239805,0.897099
[MO833] Paramount Iteration,0,287,260.129165,0.896216
[MO833] Paramount Iteration,2,287,260.129671,0.896342
[MO833] Paramount Iteration,3,287,260.135765,0.896380
[MO833] Paramount Iteration,1,287,260.136267,0.896462
[MO833] Paramount Iteration,0,288,261.026369,0.897204
[MO833] Paramount Iteration,2,288,261.026615,0.896944
[MO833] Paramount Iteration,3,288,261.032967,0.897202
[MO833] Paramount Iteration,1,288,261.033199,0.896932
[MO833] Paramount Iteration,0,289,261.923385,0.897016
[MO833] Paramount Iteration,2,289,261.923589,0.896974
[MO833] Paramount Iteration,3,289,261.929985,0.897018
[MO833] Paramount Iteration,1,289,261.930224,0.897025
[MO833] Paramount Iteration,2,290,262.819965,0.896376
[MO833] Paramount Iteration,0,290,262.824724,0.901339
[MO833] Paramount Iteration,3,290,262.827140,0.897155
[MO833] Paramount Iteration,1,290,262.827453,0.897229
[MO833] Paramount Iteration,0,291,263.717790,0.893066
[MO833] Paramount Iteration,2,291,263.718227,0.898262
[MO833] Paramount Iteration,3,291,263.724479,0.897339
[MO833] Paramount Iteration,1,291,263.724823,0.897370
[MO833] Paramount Iteration,0,292,264.615334,0.897544
[MO833] Paramount Iteration,2,292,264.615433,0.897206
[MO833] Paramount Iteration,3,292,264.621719,0.897240
[MO833] Paramount Iteration,1,292,264.622047,0.897224
[MO833] Paramount Iteration,2,293,265.513031,0.897598
[MO833] Paramount Iteration,0,293,265.512897,0.897563
[MO833] Paramount Iteration,3,293,265.519405,0.897686
[MO833] Paramount Iteration,1,293,265.519651,0.897604
[MO833] Paramount Iteration,0,294,266.409729,0.896832
[MO833] Paramount Iteration,2,294,266.410085,0.897054
[MO833] Paramount Iteration,3,294,266.416158,0.896753
[MO833] Paramount Iteration,1,294,266.416593,0.896942
[MO833] Paramount Iteration,2,295,267.307099,0.897014
[MO833] Paramount Iteration,0,295,267.306962,0.897233
[MO833] Paramount Iteration,3,295,267.313513,0.897355
[MO833] Paramount Iteration,1,295,267.313773,0.897180
[MO833] Paramount Iteration,0,296,268.204463,0.897501
[MO833] Paramount Iteration,2,296,268.204484,0.897385
[MO833] Paramount Iteration,3,296,268.210922,0.897409
[MO833] Paramount Iteration,1,296,268.211059,0.897286
[MO833] Paramount Iteration,0,297,269.100268,0.895805
[MO833] Paramount Iteration,2,297,269.100531,0.896047
[MO833] Paramount Iteration,3,297,269.106841,0.895919
[MO833] Paramount Iteration,1,297,269.107195,0.896136
[MO833] Paramount Iteration,0,298,269.997242,0.896974
[MO833] Paramount Iteration,2,298,269.997932,0.897401
[MO833] Paramount Iteration,3,298,270.003870,0.897029
[MO833] Paramount Iteration,1,298,270.004429,0.897234
[MO833] Paramount Iteration,0,299,270.894953,0.897711
 Time step  300
[MO833] Paramount Iteration,2,299,270.895205,0.897273
[MO833] Paramount Iteration,3,299,270.901454,0.897584
[MO833] Paramount Iteration,1,299,270.901746,0.897317
[MO833] Paramount Iteration,2,300,271.792289,0.897084
[MO833] Paramount Iteration,0,300,271.792239,0.897286
[MO833] Paramount Iteration,3,300,271.798665,0.897211
[MO833] Paramount Iteration,1,300,271.798922,0.897176
[MO833] Paramount Iteration,0,301,272.690091,0.897852
[MO833] Paramount Iteration,2,301,272.690353,0.898064
[MO833] Paramount Iteration,3,301,272.696561,0.897896
[MO833] Paramount Iteration,1,301,272.696886,0.897964
[MO833] Paramount Iteration,0,302,273.587084,0.896993
[MO833] Paramount Iteration,2,302,273.587491,0.897138
[MO833] Paramount Iteration,3,302,273.593630,0.897069
[MO833] Paramount Iteration,1,302,273.594088,0.897202
[MO833] Paramount Iteration,3,303,274.488363,0.894733
[MO833] Paramount Iteration,1,303,274.488752,0.894664
[MO833] Paramount Iteration,2,303,274.494843,0.907352
[MO833] Paramount Iteration,0,303,274.496393,0.909309
[MO833] Paramount Iteration,0,304,275.405702,0.909309
[MO833] Paramount Iteration,3,304,275.413693,0.925330
[MO833] Paramount Iteration,2,304,275.446029,0.951186
[MO833] Paramount Iteration,1,304,275.459543,0.970791
[MO833] Paramount Iteration,0,305,276.360856,0.955154
[MO833] Paramount Iteration,2,305,276.361394,0.915365
[MO833] Paramount Iteration,3,305,276.367377,0.953684
[MO833] Paramount Iteration,1,305,276.367785,0.908242
[MO833] Paramount Iteration,0,306,277.258293,0.897437
[MO833] Paramount Iteration,2,306,277.259119,0.897725
[MO833] Paramount Iteration,3,306,277.264909,0.897532
[MO833] Paramount Iteration,1,306,277.265585,0.897800
[MO833] Paramount Iteration,0,307,278.152647,0.894354
[MO833] Paramount Iteration,2,307,278.152720,0.893601
[MO833] Paramount Iteration,3,307,278.159225,0.894316
[MO833] Paramount Iteration,1,307,278.159328,0.893743
[MO833] Paramount Iteration,0,308,279.049628,0.896981
[MO833] Paramount Iteration,2,308,279.050068,0.897348
[MO833] Paramount Iteration,3,308,279.056165,0.896940
[MO833] Paramount Iteration,1,308,279.056587,0.897259
[MO833] Paramount Iteration,0,309,279.946974,0.897346
[MO833] Paramount Iteration,2,309,279.947299,0.897231
[MO833] Paramount Iteration,3,309,279.953485,0.897320
[MO833] Paramount Iteration,1,309,279.953797,0.897210
[MO833] Paramount Iteration,0,310,280.844080,0.897106
[MO833] Paramount Iteration,2,310,280.844533,0.897234
[MO833] Paramount Iteration,3,310,280.850638,0.897153
[MO833] Paramount Iteration,1,310,280.851069,0.897272
[MO833] Paramount Iteration,0,311,281.741941,0.897861
[MO833] Paramount Iteration,2,311,281.742444,0.897911
[MO833] Paramount Iteration,3,311,281.748551,0.897913
[MO833] Paramount Iteration,1,311,281.748993,0.897924
[MO833] Paramount Iteration,0,312,282.639444,0.897503
[MO833] Paramount Iteration,2,312,282.640262,0.897818
[MO833] Paramount Iteration,3,312,282.646065,0.897514
[MO833] Paramount Iteration,1,312,282.646669,0.897676
[MO833] Paramount Iteration,0,313,283.537291,0.897847
[MO833] Paramount Iteration,2,313,283.537278,0.897016
[MO833] Paramount Iteration,3,313,283.543769,0.897704
[MO833] Paramount Iteration,1,313,283.543891,0.897222
[MO833] Paramount Iteration,0,314,284.434672,0.897381
[MO833] Paramount Iteration,2,314,284.435070,0.897792
[MO833] Paramount Iteration,3,314,284.441145,0.897376
[MO833] Paramount Iteration,1,314,284.441456,0.897565
[MO833] Paramount Iteration,0,315,285.331594,0.896922
[MO833] Paramount Iteration,2,315,285.332397,0.897327
[MO833] Paramount Iteration,3,315,285.338208,0.897063
[MO833] Paramount Iteration,1,315,285.338792,0.897336
[MO833] Paramount Iteration,0,316,286.228778,0.897184
[MO833] Paramount Iteration,2,316,286.229364,0.896967
[MO833] Paramount Iteration,3,316,286.235347,0.897139
[MO833] Paramount Iteration,1,316,286.235908,0.897116
[MO833] Paramount Iteration,0,317,287.126234,0.897456
[MO833] Paramount Iteration,2,317,287.126856,0.897492
[MO833] Paramount Iteration,3,317,287.132879,0.897532
[MO833] Paramount Iteration,1,317,287.133471,0.897563
[MO833] Paramount Iteration,0,318,288.024021,0.897787
[MO833] Paramount Iteration,2,318,288.024787,0.897931
[MO833] Paramount Iteration,3,318,288.030694,0.897815
[MO833] Paramount Iteration,1,318,288.031242,0.897771
[MO833] Paramount Iteration,0,319,288.921479,0.897458
 Time step  320
[MO833] Paramount Iteration,2,319,288.921979,0.897192
[MO833] Paramount Iteration,3,319,288.928166,0.897472
[MO833] Paramount Iteration,1,319,288.928494,0.897252
[MO833] Paramount Iteration,0,320,289.818615,0.897136
[MO833] Paramount Iteration,2,320,289.818968,0.896989
[MO833] Paramount Iteration,3,320,289.825095,0.896929
[MO833] Paramount Iteration,1,320,289.825461,0.896967
[MO833] Paramount Iteration,0,321,290.716490,0.897875
[MO833] Paramount Iteration,2,321,290.717110,0.898142
[MO833] Paramount Iteration,3,321,290.723178,0.898083
[MO833] Paramount Iteration,1,321,290.723617,0.898156
[MO833] Paramount Iteration,0,322,291.614196,0.897706
[MO833] Paramount Iteration,2,322,291.614664,0.897554
[MO833] Paramount Iteration,3,322,291.620762,0.897584
[MO833] Paramount Iteration,1,322,291.621170,0.897553
[MO833] Paramount Iteration,0,323,292.511414,0.897218
[MO833] Paramount Iteration,2,323,292.511812,0.897148
[MO833] Paramount Iteration,3,323,292.517938,0.897176
[MO833] Paramount Iteration,1,323,292.518280,0.897110
[MO833] Paramount Iteration,0,324,293.408966,0.897552
[MO833] Paramount Iteration,2,324,293.409318,0.897506
[MO833] Paramount Iteration,3,324,293.415406,0.897468
[MO833] Paramount Iteration,1,324,293.415859,0.897579
[MO833] Paramount Iteration,0,325,294.306196,0.897230
[MO833] Paramount Iteration,2,325,294.306687,0.897369
[MO833] Paramount Iteration,3,325,294.312750,0.897344
[MO833] Paramount Iteration,1,325,294.313156,0.897297
[MO833] Paramount Iteration,0,326,295.203427,0.897231
[MO833] Paramount Iteration,2,326,295.203827,0.897140
[MO833] Paramount Iteration,3,326,295.209996,0.897246
[MO833] Paramount Iteration,1,326,295.210283,0.897127
[MO833] Paramount Iteration,2,327,296.100499,0.896672
[MO833] Paramount Iteration,0,327,296.101604,0.898177
[MO833] Paramount Iteration,3,327,296.106945,0.896949
[MO833] Paramount Iteration,1,327,296.107276,0.896993
[MO833] Paramount Iteration,0,328,296.997639,0.896035
[MO833] Paramount Iteration,2,328,296.998118,0.897619
[MO833] Paramount Iteration,3,328,297.004206,0.897261
[MO833] Paramount Iteration,1,328,297.004604,0.897328
[MO833] Paramount Iteration,0,329,297.894895,0.897256
[MO833] Paramount Iteration,2,329,297.895513,0.897395
[MO833] Paramount Iteration,3,329,297.901544,0.897338
[MO833] Paramount Iteration,1,329,297.901984,0.897380
[MO833] Paramount Iteration,0,330,298.792407,0.897512
[MO833] Paramount Iteration,2,330,298.793125,0.897612
[MO833] Paramount Iteration,3,330,298.799057,0.897513
[MO833] Paramount Iteration,1,330,298.799615,0.897631
[MO833] Paramount Iteration,0,331,299.689810,0.897403
[MO833] Paramount Iteration,2,331,299.690225,0.897100
[MO833] Paramount Iteration,3,331,299.696320,0.897263
[MO833] Paramount Iteration,1,331,299.696742,0.897127
[MO833] Paramount Iteration,0,332,300.587281,0.897471
[MO833] Paramount Iteration,2,332,300.587587,0.897362
[MO833] Paramount Iteration,3,332,300.593896,0.897576
[MO833] Paramount Iteration,1,332,300.594194,0.897452
[MO833] Paramount Iteration,0,333,301.484419,0.897138
[MO833] Paramount Iteration,2,333,301.485091,0.897504
[MO833] Paramount Iteration,3,333,301.491081,0.897185
[MO833] Paramount Iteration,1,333,301.491462,0.897268
[MO833] Paramount Iteration,2,334,302.371744,0.886653
[MO833] Paramount Iteration,0,334,302.371867,0.887448
[MO833] Paramount Iteration,1,334,302.378346,0.886884
[MO833] Paramount Iteration,3,334,302.378260,0.887179
[MO833] Paramount Iteration,0,335,303.268101,0.896234
[MO833] Paramount Iteration,2,335,303.268541,0.896797
[MO833] Paramount Iteration,3,335,303.274649,0.896389
[MO833] Paramount Iteration,1,335,303.275123,0.896777
[MO833] Paramount Iteration,0,336,304.165222,0.897121
[MO833] Paramount Iteration,2,336,304.165841,0.897300
[MO833] Paramount Iteration,3,336,304.171890,0.897241
[MO833] Paramount Iteration,1,336,304.172462,0.897339
[MO833] Paramount Iteration,2,337,305.057430,0.891589
[MO833] Paramount Iteration,1,337,305.065577,0.893115
[MO833] Paramount Iteration,0,337,305.068423,0.903201
[MO833] Paramount Iteration,3,337,305.089059,0.917169
[MO833] Paramount Iteration,0,338,305.979170,0.910747
[MO833] Paramount Iteration,3,338,305.987418,0.898359
[MO833] Paramount Iteration,2,338,305.988867,0.931437
[MO833] Paramount Iteration,1,338,306.006497,0.940920
[MO833] Paramount Iteration,2,339,306.897931,0.909064
[MO833] Paramount Iteration,0,339,306.897823,0.918653
 Time step  340
[MO833] Paramount Iteration,3,339,306.904428,0.917010
[MO833] Paramount Iteration,1,339,306.904565,0.898068
[MO833] Paramount Iteration,0,340,307.794940,0.897117
[MO833] Paramount Iteration,2,340,307.795295,0.897364
[MO833] Paramount Iteration,3,340,307.801472,0.897044
[MO833] Paramount Iteration,1,340,307.801819,0.897254
[MO833] Paramount Iteration,0,341,308.692109,0.897169
[MO833] Paramount Iteration,2,341,308.692374,0.897079
[MO833] Paramount Iteration,3,341,308.698608,0.897136
[MO833] Paramount Iteration,1,341,308.698997,0.897178
[MO833] Paramount Iteration,0,342,309.589414,0.897305
[MO833] Paramount Iteration,2,342,309.590020,0.897646
[MO833] Paramount Iteration,3,342,309.595960,0.897352
[MO833] Paramount Iteration,1,342,309.596521,0.897524
[MO833] Paramount Iteration,0,343,310.487220,0.897806
[MO833] Paramount Iteration,2,343,310.487394,0.897374
[MO833] Paramount Iteration,3,343,310.493830,0.897870
[MO833] Paramount Iteration,1,343,310.494089,0.897568
[MO833] Paramount Iteration,0,344,311.384816,0.897596
[MO833] Paramount Iteration,2,344,311.385118,0.897724
[MO833] Paramount Iteration,3,344,311.391310,0.897480
[MO833] Paramount Iteration,1,344,311.391712,0.897623
[MO833] Paramount Iteration,0,345,312.282033,0.897217
[MO833] Paramount Iteration,2,345,312.282673,0.897555
[MO833] Paramount Iteration,3,345,312.288629,0.897319
[MO833] Paramount Iteration,1,345,312.289154,0.897442
[MO833] Paramount Iteration,0,346,313.179594,0.897561
[MO833] Paramount Iteration,2,346,313.179870,0.897197
[MO833] Paramount Iteration,3,346,313.186103,0.897474
[MO833] Paramount Iteration,1,346,313.186427,0.897273
[MO833] Paramount Iteration,0,347,314.077227,0.897633
[MO833] Paramount Iteration,2,347,314.077428,0.897558
[MO833] Paramount Iteration,3,347,314.083672,0.897569
[MO833] Paramount Iteration,1,347,314.083979,0.897552
[MO833] Paramount Iteration,0,348,314.974406,0.897179
[MO833] Paramount Iteration,2,348,314.974669,0.897241
[MO833] Paramount Iteration,3,348,314.980922,0.897250
[MO833] Paramount Iteration,1,348,314.981247,0.897268
[MO833] Paramount Iteration,0,349,315.871887,0.897481
[MO833] Paramount Iteration,2,349,315.872052,0.897383
[MO833] Paramount Iteration,3,349,315.878409,0.897487
[MO833] Paramount Iteration,1,349,315.878614,0.897367
[MO833] Paramount Iteration,0,350,316.768954,0.897067
[MO833] Paramount Iteration,2,350,316.769522,0.897470
[MO833] Paramount Iteration,3,350,316.775524,0.897115
[MO833] Paramount Iteration,1,350,316.775992,0.897378
[MO833] Paramount Iteration,0,351,317.666808,0.897854
[MO833] Paramount Iteration,2,351,317.666894,0.897372
[MO833] Paramount Iteration,3,351,317.673336,0.897812
[MO833] Paramount Iteration,1,351,317.673529,0.897537
[MO833] Paramount Iteration,0,352,318.564209,0.897401
[MO833] Paramount Iteration,2,352,318.564279,0.897385
[MO833] Paramount Iteration,3,352,318.570725,0.897389
[MO833] Paramount Iteration,1,352,318.571031,0.897502
[MO833] Paramount Iteration,2,353,319.461857,0.897578
[MO833] Paramount Iteration,0,353,319.461739,0.897530
[MO833] Paramount Iteration,3,353,319.468195,0.897470
[MO833] Paramount Iteration,1,353,319.468463,0.897432
[MO833] Paramount Iteration,0,354,320.358887,0.897148
[MO833] Paramount Iteration,2,354,320.359630,0.897773
[MO833] Paramount Iteration,3,354,320.365537,0.897342
[MO833] Paramount Iteration,1,354,320.366212,0.897749
[MO833] Paramount Iteration,0,355,321.256362,0.897475
[MO833] Paramount Iteration,2,355,321.256868,0.897238
[MO833] Paramount Iteration,3,355,321.262924,0.897387
[MO833] Paramount Iteration,1,355,321.263489,0.897277
[MO833] Paramount Iteration,0,356,322.154211,0.897849
[MO833] Paramount Iteration,2,356,322.154508,0.897640
[MO833] Paramount Iteration,3,356,322.160720,0.897796
[MO833] Paramount Iteration,1,356,322.161105,0.897616
[MO833] Paramount Iteration,0,357,323.051582,0.897371
[MO833] Paramount Iteration,2,357,323.051995,0.897487
[MO833] Paramount Iteration,3,357,323.058189,0.897469
[MO833] Paramount Iteration,1,357,323.058589,0.897484
[MO833] Paramount Iteration,0,358,323.949131,0.897549
[MO833] Paramount Iteration,2,358,323.949656,0.897661
[MO833] Paramount Iteration,3,358,323.955745,0.897556
[MO833] Paramount Iteration,1,358,323.956231,0.897642
[MO833] Paramount Iteration,0,359,324.846578,0.897447
 Time step  360
[MO833] Paramount Iteration,2,359,324.846951,0.897295
[MO833] Paramount Iteration,3,359,324.853092,0.897347
[MO833] Paramount Iteration,1,359,324.853546,0.897315
[MO833] Paramount Iteration,0,360,325.743940,0.897362
[MO833] Paramount Iteration,2,360,325.744269,0.897318
[MO833] Paramount Iteration,3,360,325.750455,0.897363
[MO833] Paramount Iteration,1,360,325.750816,0.897270
[MO833] Paramount Iteration,0,361,326.641371,0.897431
[MO833] Paramount Iteration,2,361,326.641749,0.897480
[MO833] Paramount Iteration,3,361,326.647952,0.897497
[MO833] Paramount Iteration,1,361,326.648371,0.897555
[MO833] Paramount Iteration,0,362,327.538598,0.897227
[MO833] Paramount Iteration,2,362,327.539126,0.897377
[MO833] Paramount Iteration,3,362,327.545187,0.897235
[MO833] Paramount Iteration,1,362,327.545676,0.897305
[MO833] Paramount Iteration,0,363,328.436258,0.897660
[MO833] Paramount Iteration,2,363,328.436624,0.897498
[MO833] Paramount Iteration,3,363,328.442884,0.897697
[MO833] Paramount Iteration,1,363,328.443249,0.897573
[MO833] Paramount Iteration,2,364,329.332885,0.896261
[MO833] Paramount Iteration,0,364,329.338477,0.902219
[MO833] Paramount Iteration,3,364,329.339891,0.897007
[MO833] Paramount Iteration,1,364,329.340561,0.897312
[MO833] Paramount Iteration,2,365,330.228955,0.896070
[MO833] Paramount Iteration,3,365,330.235710,0.895819
[MO833] Paramount Iteration,1,365,330.236343,0.895782
[MO833] Paramount Iteration,0,365,330.241510,0.903033
[MO833] Paramount Iteration,0,366,331.130163,0.888653
[MO833] Paramount Iteration,2,366,331.130713,0.901758
[MO833] Paramount Iteration,3,366,331.136700,0.900990
[MO833] Paramount Iteration,1,366,331.137223,0.900880
[MO833] Paramount Iteration,0,367,332.027805,0.897642
[MO833] Paramount Iteration,2,367,332.027962,0.897249
[MO833] Paramount Iteration,3,367,332.034294,0.897594
[MO833] Paramount Iteration,1,367,332.034558,0.897335
[MO833] Paramount Iteration,0,368,332.924881,0.897076
[MO833] Paramount Iteration,2,368,332.925452,0.897490
[MO833] Paramount Iteration,3,368,332.931473,0.897179
[MO833] Paramount Iteration,1,368,332.931929,0.897371
[MO833] Paramount Iteration,0,369,333.821920,0.897039
[MO833] Paramount Iteration,2,369,333.822579,0.897127
[MO833] Paramount Iteration,3,369,333.828528,0.897055
[MO833] Paramount Iteration,1,369,333.829099,0.897170
[MO833] Paramount Iteration,0,370,334.719730,0.897810
[MO833] Paramount Iteration,2,370,334.719862,0.897283
[MO833] Paramount Iteration,3,370,334.726241,0.897713
[MO833] Paramount Iteration,1,370,334.726496,0.897397
[MO833] Paramount Iteration,0,371,335.630756,0.911026
[MO833] Paramount Iteration,3,371,335.640243,0.914002
[MO833] Paramount Iteration,2,371,335.682218,0.962356
[MO833] Paramount Iteration,1,371,335.689297,0.962801
[MO833] Paramount Iteration,0,372,336.587453,0.956697
[MO833] Paramount Iteration,2,372,336.587752,0.905534
[MO833] Paramount Iteration,3,372,336.593988,0.953745
[MO833] Paramount Iteration,1,372,336.594275,0.904978
[MO833] Paramount Iteration,0,373,337.484704,0.897251
[MO833] Paramount Iteration,2,373,337.485127,0.897375
[MO833] Paramount Iteration,3,373,337.491244,0.897256
[MO833] Paramount Iteration,1,373,337.491673,0.897398
[MO833] Paramount Iteration,0,374,338.381809,0.897105
[MO833] Paramount Iteration,2,374,338.382823,0.897696
[MO833] Paramount Iteration,3,374,338.388506,0.897262
[MO833] Paramount Iteration,1,374,338.389293,0.897620
[MO833] Paramount Iteration,0,375,339.279964,0.898155
[MO833] Paramount Iteration,2,375,339.280563,0.897740
[MO833] Paramount Iteration,3,375,339.286638,0.898132
[MO833] Paramount Iteration,1,375,339.287108,0.897815
[MO833] Paramount Iteration,0,376,340.177424,0.897460
[MO833] Paramount Iteration,2,376,340.177948,0.897385
[MO833] Paramount Iteration,3,376,340.183960,0.897322
[MO833] Paramount Iteration,1,376,340.184376,0.897268
[MO833] Paramount Iteration,0,377,341.074676,0.897252
[MO833] Paramount Iteration,2,377,341.075006,0.897058
[MO833] Paramount Iteration,3,377,341.081268,0.897308
[MO833] Paramount Iteration,1,377,341.081575,0.897199
[MO833] Paramount Iteration,0,378,341.971652,0.896976
[MO833] Paramount Iteration,2,378,341.972254,0.897248
[MO833] Paramount Iteration,3,378,341.978368,0.897100
[MO833] Paramount Iteration,1,378,341.978793,0.897218
[MO833] Paramount Iteration,0,379,342.869195,0.897543
 Time step  380
[MO833] Paramount Iteration,2,379,342.869399,0.897145
[MO833] Paramount Iteration,3,379,342.875754,0.897386
[MO833] Paramount Iteration,1,379,342.875986,0.897193
[MO833] Paramount Iteration,0,380,343.766260,0.897065
[MO833] Paramount Iteration,2,380,343.766683,0.897284
[MO833] Paramount Iteration,3,380,343.772878,0.897124
[MO833] Paramount Iteration,1,380,343.773257,0.897271
[MO833] Paramount Iteration,0,381,344.660492,0.894232
[MO833] Paramount Iteration,2,381,344.661014,0.894331
[MO833] Paramount Iteration,3,381,344.667064,0.894186
[MO833] Paramount Iteration,1,381,344.667505,0.894248
[MO833] Paramount Iteration,2,382,345.557951,0.896937
[MO833] Paramount Iteration,0,382,345.557830,0.897338
[MO833] Paramount Iteration,3,382,345.564294,0.897230
[MO833] Paramount Iteration,1,382,345.564581,0.897076
[MO833] Paramount Iteration,0,383,346.455158,0.897328
[MO833] Paramount Iteration,2,383,346.455825,0.897874
[MO833] Paramount Iteration,3,383,346.461857,0.897563
[MO833] Paramount Iteration,1,383,346.462342,0.897761
[MO833] Paramount Iteration,0,384,347.352645,0.897487
[MO833] Paramount Iteration,2,384,347.353006,0.897181
[MO833] Paramount Iteration,3,384,347.359223,0.897366
[MO833] Paramount Iteration,1,384,347.359513,0.897171
[MO833] Paramount Iteration,0,385,348.250933,0.898288
[MO833] Paramount Iteration,2,385,348.251132,0.898126
[MO833] Paramount Iteration,3,385,348.257512,0.898289
[MO833] Paramount Iteration,1,385,348.257841,0.898328
[MO833] Paramount Iteration,0,386,349.148280,0.897347
[MO833] Paramount Iteration,2,386,349.148713,0.897581
[MO833] Paramount Iteration,3,386,349.154874,0.897362
[MO833] Paramount Iteration,1,386,349.155274,0.897433
[MO833] Paramount Iteration,0,387,350.045723,0.897443
[MO833] Paramount Iteration,2,387,350.046322,0.897609
[MO833] Paramount Iteration,3,387,350.052371,0.897497
[MO833] Paramount Iteration,1,387,350.052769,0.897495
[MO833] Paramount Iteration,0,388,350.943177,0.897454
[MO833] Paramount Iteration,2,388,350.943308,0.896986
[MO833] Paramount Iteration,3,388,350.949743,0.897372
[MO833] Paramount Iteration,1,388,350.949945,0.897176
[MO833] Paramount Iteration,0,389,351.840567,0.897390
[MO833] Paramount Iteration,2,389,351.841134,0.897826
[MO833] Paramount Iteration,3,389,351.847213,0.897470
[MO833] Paramount Iteration,1,389,351.847655,0.897710
[MO833] Paramount Iteration,0,390,352.738293,0.897726
[MO833] Paramount Iteration,2,390,352.738664,0.897530
[MO833] Paramount Iteration,3,390,352.744786,0.897573
[MO833] Paramount Iteration,1,390,352.745203,0.897548
[MO833] Paramount Iteration,0,391,353.635574,0.897281
[MO833] Paramount Iteration,2,391,353.635794,0.897130
[MO833] Paramount Iteration,3,391,353.642028,0.897242
[MO833] Paramount Iteration,1,391,353.642357,0.897154
[MO833] Paramount Iteration,0,392,354.532634,0.897060
[MO833] Paramount Iteration,2,392,354.532766,0.896972
[MO833] Paramount Iteration,3,392,354.539182,0.897154
[MO833] Paramount Iteration,1,392,354.539434,0.897077
[MO833] Paramount Iteration,0,393,355.429736,0.897102
[MO833] Paramount Iteration,2,393,355.430227,0.897461
[MO833] Paramount Iteration,3,393,355.436337,0.897155
[MO833] Paramount Iteration,1,393,355.436682,0.897248
[MO833] Paramount Iteration,0,394,356.327197,0.897461
[MO833] Paramount Iteration,2,394,356.327466,0.897239
[MO833] Paramount Iteration,3,394,356.333670,0.897333
[MO833] Paramount Iteration,1,394,356.333984,0.897302
[MO833] Paramount Iteration,0,395,357.224885,0.897688
[MO833] Paramount Iteration,2,395,357.225258,0.897792
[MO833] Paramount Iteration,3,395,357.231321,0.897651
[MO833] Paramount Iteration,1,395,357.231792,0.897808
[MO833] Paramount Iteration,0,396,358.122299,0.897414
[MO833] Paramount Iteration,2,396,358.122706,0.897448
[MO833] Paramount Iteration,3,396,358.128847,0.897526
[MO833] Paramount Iteration,1,396,358.129286,0.897494
[MO833] Paramount Iteration,0,397,359.019777,0.897478
[MO833] Paramount Iteration,2,397,359.020011,0.897305
[MO833] Paramount Iteration,3,397,359.026301,0.897454
[MO833] Paramount Iteration,1,397,359.026591,0.897305
[MO833] Paramount Iteration,2,398,359.910781,0.890770
[MO833] Paramount Iteration,1,398,359.918006,0.891415
[MO833] Paramount Iteration,3,398,359.925942,0.899641
[MO833] Paramount Iteration,0,398,359.929240,0.909463
[MO833] Paramount Iteration,0,399,360.818293,0.889053
 Time step  400
[MO833] Paramount Iteration,2,399,360.818970,0.908189
[MO833] Paramount Iteration,3,399,360.824929,0.898987
[MO833] Paramount Iteration,1,399,360.825513,0.907507
[MO833] PI avg,2,0.897283,400
[MO833] Beta,2,0.000851
[MO833] PI avg,3,0.897298,400
[MO833] Beta,3,0.000834
 Verification being performed for class C
 accuracy setting for epsilon =  0.1000000000000E-07
 Comparison of RMS-norms of residual
           1 0.5881691581829E+03 0.5881691581829E+03 0.6726469583912E-13
           2 0.2454417603569E+03 0.2454417603569E+03 0.4608767610227E-13
           3 0.3293829191851E+03 0.3293829191851E+03 0.3537797556502E-13
           4 0.3081924971891E+03 0.3081924971891E+03 0.1392531668724E-12
           5 0.4597223799176E+03 0.4597223799176E+03 0.2720240017817E-13
 Comparison of RMS-norms of solution error
           1 0.2598120500183E+00 0.2598120500183E+00 0.1666539252407E-13
           2 0.2590888922315E-01 0.2590888922315E-01 0.1665834444332E-12
[MO833] PI avg,1,0.897300,400
[MO833] Beta,1,0.000833
           3 0.5132886416320E-01 0.5132886416320E-01 0.4014995311231E-13
           4 0.4806073419454E-01 0.4806073419454E-01 0.2454419357993E-14
           5 0.5483377491301E+00 0.5483377491301E+00 0.7066225810805E-13
 Verification Successful


 SP Benchmark Completed.
 Class           =                        C
 Size            =            162x 162x 162
 Iterations      =                      400
 Time in seconds =                   359.82
 Total processes =                        8
 Active procs    =                        4
 Mop/s total     =                  4030.11
 Mop/s/process   =                   503.76
 Operation type  =           floating point
 Verification    =               SUCCESSFUL
 Version         =                      3.4
 Compile date    =              16 Jun 2020

 Compile options:
    MPIFC        = mpif90
    FLINK        = $(MPIFC)
    FMPI_LIB     = (none)
    FMPI_INC     = (none)
    FFLAGS       = -O3
    FLINKFLAGS   = $(FFLAGS) -O ../kernel_stats/kernel_stats.o...
    RAND         = (none)


 Please send feedbacks and/or the results of this run to:

 NPB Development Team 
 Internet: npb@nas.nasa.gov


[MO833] PI avg,0,0.897282,400
[MO833] Beta,0,0.000853
[MO833] Total time,362.021540
