--------------------------------------------------------------------------
[[48089,1],0]: A high-performance Open MPI point-to-point messaging module
was unable to find any relevant network interfaces:

Module: OpenFabrics (openib)
  Host: node06

Another transport will be used instead, although this may result in
lower performance.

NOTE: You can disable this warning by setting the MCA parameter
btl_base_warn_component_unused to 0.
--------------------------------------------------------------------------


 NAS Parallel Benchmarks 3.4 -- FT Benchmark

 No input file inputft.data. Using compiled defaults
 Size                :  512x 512x 512  (class C)
 Iterations          :             20
 Number of processes :              4
 Processor array     :         1x   4
 Layout type         :             1D

 Initialization time =      5.2312

[MO833] Paramount Iteration,2,1,13.758932,3.713552
[MO833] Paramount Iteration,1,1,13.877810,3.787516
 T =    1     Checksum =    5.195078707457D+02    5.149019699238D+02
[MO833] Paramount Iteration,0,1,13.883135,3.831668
[MO833] Paramount Iteration,3,1,13.876567,3.786283
[MO833] Paramount Iteration,2,2,17.648741,3.889809
[MO833] Paramount Iteration,3,2,17.737218,3.860651
[MO833] Paramount Iteration,1,2,17.784063,3.906253
 T =    2     Checksum =    5.155422171134D+02    5.127578201997D+02
[MO833] Paramount Iteration,0,2,17.786031,3.902896
[MO833] Paramount Iteration,2,3,21.434786,3.786045
[MO833] Paramount Iteration,3,3,21.640353,3.903135
 T =    3     Checksum =    5.144678022222D+02    5.122251847514D+02
[MO833] Paramount Iteration,0,3,21.871465,4.085434
[MO833] Paramount Iteration,1,3,21.869525,4.085462
[MO833] Paramount Iteration,2,4,25.503322,4.068536
[MO833] Paramount Iteration,3,4,25.572570,3.932217
[MO833] Paramount Iteration,1,4,25.578443,3.708918
 T =    4     Checksum =    5.140150594328D+02    5.121090289018D+02
[MO833] Paramount Iteration,0,4,25.580396,3.708931
[MO833] Paramount Iteration,2,5,29.284498,3.781176
[MO833] Paramount Iteration,1,5,29.449396,3.870953
 T =    5     Checksum =    5.137550426810D+02    5.121143685824D+02
[MO833] Paramount Iteration,0,5,29.454985,3.874589
[MO833] Paramount Iteration,3,5,29.448463,3.875893
[MO833] Paramount Iteration,2,6,33.101888,3.817390
[MO833] Paramount Iteration,1,6,33.206863,3.757467
 T =    6     Checksum =    5.135811056728D+02    5.121496764568D+02
[MO833] Paramount Iteration,0,6,33.211925,3.756940
[MO833] Paramount Iteration,3,6,33.205389,3.756926
[MO833] Paramount Iteration,2,7,36.917447,3.815559
[MO833] Paramount Iteration,1,7,37.066395,3.859532
[MO833] Paramount Iteration,3,7,37.065979,3.860590
 T =    7     Checksum =    5.134569343165D+02    5.121870921893D+02
[MO833] Paramount Iteration,0,7,37.072521,3.860596
[MO833] Paramount Iteration,2,8,40.721407,3.803960
[MO833] Paramount Iteration,1,8,40.870844,3.804449
 T =    8     Checksum =    5.133651975661D+02    5.122193250322D+02
[MO833] Paramount Iteration,0,8,40.879790,3.807269
[MO833] Paramount Iteration,3,8,40.873248,3.807269
[MO833] Paramount Iteration,2,9,44.621945,3.900538
[MO833] Paramount Iteration,3,9,44.665784,3.792536
[MO833] Paramount Iteration,1,9,44.678766,3.807922
 T =    9     Checksum =    5.132955192805D+02    5.122454735794D+02
[MO833] Paramount Iteration,0,9,44.680728,3.800938
[MO833] Paramount Iteration,2,10,48.359153,3.737208
[MO833] Paramount Iteration,1,10,48.531116,3.852350
 T =   10     Checksum =    5.132410471738D+02    5.122663649603D+02
[MO833] Paramount Iteration,0,10,48.590657,3.909929
[MO833] Paramount Iteration,3,10,48.584131,3.918347
[MO833] Paramount Iteration,2,11,52.178121,3.818968
[MO833] Paramount Iteration,1,11,52.342560,3.811444
 T =   11     Checksum =    5.131971141679D+02    5.122830879827D+02
[MO833] Paramount Iteration,0,11,52.350393,3.759736
[MO833] Paramount Iteration,3,11,52.343881,3.759750
[MO833] Paramount Iteration,2,12,56.030098,3.851977
[MO833] Paramount Iteration,1,12,56.177704,3.835144
[MO833] Paramount Iteration,3,12,56.176548,3.832667
 T =   12     Checksum =    5.131605205716D+02    5.122965869718D+02
[MO833] Paramount Iteration,0,12,56.183085,3.832692
[MO833] Paramount Iteration,2,13,59.880824,3.850726
[MO833] Paramount Iteration,1,13,59.960313,3.782609
 T =   13     Checksum =    5.131290734194D+02    5.123075927445D+02
[MO833] Paramount Iteration,0,13,59.964138,3.781053
[MO833] Paramount Iteration,3,13,59.957617,3.781069
[MO833] Paramount Iteration,2,14,63.712922,3.832098
[MO833] Paramount Iteration,3,14,63.786795,3.829178
[MO833] Paramount Iteration,1,14,63.808349,3.848036
 T =   14     Checksum =    5.131012720314D+02    5.123166486553D+02
[MO833] Paramount Iteration,0,14,63.810295,3.846157
[MO833] Paramount Iteration,2,15,67.462233,3.749311
[MO833] Paramount Iteration,1,15,67.571380,3.763031
 T =   15     Checksum =    5.130760908195D+02    5.123241541685D+02
[MO833] Paramount Iteration,0,15,67.581845,3.771550
[MO833] Paramount Iteration,3,15,67.575316,3.788521
[MO833] Paramount Iteration,2,16,71.262073,3.799840
[MO833] Paramount Iteration,3,16,71.377259,3.801943
[MO833] Paramount Iteration,1,16,71.382951,3.811571
 T =   16     Checksum =    5.130528295923D+02    5.123304037599D+02
[MO833] Paramount Iteration,0,16,71.384935,3.803090
[MO833] Paramount Iteration,2,17,75.143327,3.881254
[MO833] Paramount Iteration,1,17,75.216759,3.833808
[MO833] Paramount Iteration,3,17,75.287207,3.909948
 T =   17     Checksum =    5.130310107773D+02    5.123356167976D+02
[MO833] Paramount Iteration,0,17,75.293756,3.908821
[MO833] Paramount Iteration,3,18,79.011061,3.723854
[MO833] Paramount Iteration,1,18,79.075576,3.858817
[MO833] Paramount Iteration,2,18,79.218418,4.075091
 T =   18     Checksum =    5.130103090133D+02    5.123399592211D+02
[MO833] Paramount Iteration,0,18,79.222488,3.928732
[MO833] Paramount Iteration,2,19,82.641723,3.423305
[MO833] Paramount Iteration,1,19,82.766379,3.690803
[MO833] Paramount Iteration,3,19,82.836036,3.824975
 T =   19     Checksum =    5.129905029333D+02    5.123435588985D+02
[MO833] Paramount Iteration,0,19,82.842564,3.620076
 T =   20     Checksum =    5.129714421109D+02    5.123465164008D+02
 Result verification successful
[MO833] PI avg,0,3.639555,20
[MO833] Beta,0,0.000001
[MO833] Total time,86.650977


 FT Benchmark Completed.
 Class           =                        C
 Size            =            512x 512x 512
 Iterations      =                       20
 Time in seconds =                    81.24
 Total processes =                        4
 Active procs    =                        4
 Mop/s total     =                  4879.35
 Mop/s/process   =                  1219.84
 Operation type  =           floating point
 Verification    =               SUCCESSFUL
 Version         =                      3.4
 Compile date    =              16 Jun 2020

 Compile options:
    MPIFC        = mpif90
    FLINK        = $(MPIFC)
    FMPI_LIB     = (none)
    FMPI_INC     = (none)
    FFLAGS       = -O3
    FLINKFLAGS   = $(FFLAGS) -O ../kernel_stats/kernel_stats.o...
    RAND         = randi8


 Please send feedbacks and/or the results of this run to:

 NPB Development Team 
 Internet: npb@nas.nasa.gov


