--------------------------------------------------------------------------
[[46391,1],1]: A high-performance Open MPI point-to-point messaging module
was unable to find any relevant network interfaces:

Module: OpenFabrics (openib)
  Host: node06

Another transport will be used instead, although this may result in
lower performance.

NOTE: You can disable this warning by setting the MCA parameter
btl_base_warn_component_unused to 0.
--------------------------------------------------------------------------


 NAS Parallel Benchmarks 3.4 -- FT Benchmark

 No input file inputft.data. Using compiled defaults
 Size                :  512x 512x 512  (class C)
 Iterations          :             20
 Number of processes :              2
 Processor array     :         1x   2
 Layout type         :             1D

 Initialization time =      9.1228

[MO833] Paramount Iteration,1,1,24.089585,6.725450
 T =    1     Checksum =    5.195078707457D+02    5.149019699238D+02
[MO833] Paramount Iteration,0,1,24.093375,6.728047
[MO833] Paramount Iteration,1,2,30.963683,6.874098
 T =    2     Checksum =    5.155422171134D+02    5.127578201997D+02
[MO833] Paramount Iteration,0,2,30.966063,6.872688
[MO833] Paramount Iteration,1,3,37.420747,6.457064
 T =    3     Checksum =    5.144678022222D+02    5.122251847514D+02
[MO833] Paramount Iteration,0,3,37.424604,6.458541
[MO833] Paramount Iteration,1,4,44.178193,6.757446
 T =    4     Checksum =    5.140150594328D+02    5.121090289018D+02
[MO833] Paramount Iteration,0,4,44.182635,6.758031
[MO833] Paramount Iteration,1,5,50.652981,6.474788
 T =    5     Checksum =    5.137550426810D+02    5.121143685824D+02
[MO833] Paramount Iteration,0,5,50.657149,6.474514
[MO833] Paramount Iteration,1,6,57.058583,6.405602
 T =    6     Checksum =    5.135811056728D+02    5.121496764568D+02
[MO833] Paramount Iteration,0,6,57.062047,6.404898
[MO833] Paramount Iteration,1,7,63.732868,6.674285
 T =    7     Checksum =    5.134569343165D+02    5.121870921893D+02
[MO833] Paramount Iteration,0,7,63.735253,6.673206
[MO833] Paramount Iteration,1,8,70.211951,6.479083
 T =    8     Checksum =    5.133651975661D+02    5.122193250322D+02
[MO833] Paramount Iteration,0,8,70.221971,6.486718
[MO833] Paramount Iteration,1,9,76.545925,6.333974
 T =    9     Checksum =    5.132955192805D+02    5.122454735794D+02
[MO833] Paramount Iteration,0,9,76.549379,6.327408
[MO833] Paramount Iteration,1,10,83.171467,6.625542
 T =   10     Checksum =    5.132410471738D+02    5.122663649603D+02
[MO833] Paramount Iteration,0,10,83.176082,6.626703
[MO833] Paramount Iteration,1,11,89.525180,6.353713
 T =   11     Checksum =    5.131971141679D+02    5.122830879827D+02
[MO833] Paramount Iteration,0,11,89.528290,6.352208
[MO833] Paramount Iteration,1,12,95.936331,6.411151
 T =   12     Checksum =    5.131605205716D+02    5.122965869718D+02
[MO833] Paramount Iteration,0,12,95.940567,6.412277
[MO833] Paramount Iteration,1,13,102.386646,6.450315
 T =   13     Checksum =    5.131290734194D+02    5.123075927445D+02
[MO833] Paramount Iteration,0,13,102.390824,6.450257
[MO833] Paramount Iteration,1,14,108.961790,6.575144
 T =   14     Checksum =    5.131012720314D+02    5.123166486553D+02
[MO833] Paramount Iteration,0,14,108.966784,6.575960
[MO833] Paramount Iteration,1,15,115.300769,6.338979
 T =   15     Checksum =    5.130760908195D+02    5.123241541685D+02
[MO833] Paramount Iteration,0,15,115.375170,6.408386
[MO833] Paramount Iteration,1,16,121.748162,6.447393
 T =   16     Checksum =    5.130528295923D+02    5.123304037599D+02
[MO833] Paramount Iteration,0,16,121.751970,6.376800
[MO833] Paramount Iteration,1,17,128.106419,6.358257
 T =   17     Checksum =    5.130310107773D+02    5.123356167976D+02
[MO833] Paramount Iteration,0,17,128.110288,6.358318
[MO833] Paramount Iteration,1,18,134.481417,6.374998
 T =   18     Checksum =    5.130103090133D+02    5.123399592211D+02
[MO833] Paramount Iteration,0,18,134.486005,6.375717
[MO833] Paramount Iteration,1,19,140.971390,6.489973
 T =   19     Checksum =    5.129905029333D+02    5.123435588985D+02
[MO833] Paramount Iteration,0,19,140.987178,6.501173
 T =   20     Checksum =    5.129714421109D+02    5.123465164008D+02
 Result verification successful
[MO833] PI avg,0,6.181093,20
[MO833] Beta,0,0.000000
[MO833] Total time,147.387355


 FT Benchmark Completed.
 Class           =                        C
 Size            =            512x 512x 512
 Iterations      =                       20
 Time in seconds =                   138.13
 Total processes =                        2
 Active procs    =                        2
 Mop/s total     =                  2869.63
 Mop/s/process   =                  1434.82
 Operation type  =           floating point
 Verification    =               SUCCESSFUL
 Version         =                      3.4
 Compile date    =              16 Jun 2020

 Compile options:
    MPIFC        = mpif90
    FLINK        = $(MPIFC)
    FMPI_LIB     = (none)
    FMPI_INC     = (none)
    FFLAGS       = -O3
    FLINKFLAGS   = $(FFLAGS) -O ../kernel_stats/kernel_stats.o...
    RAND         = randi8


 Please send feedbacks and/or the results of this run to:

 NPB Development Team 
 Internet: npb@nas.nasa.gov


