--------------------------------------------------------------------------
[[58358,1],0]: A high-performance Open MPI point-to-point messaging module
was unable to find any relevant network interfaces:

Module: OpenFabrics (openib)
  Host: node06

Another transport will be used instead, although this may result in
lower performance.

NOTE: You can disable this warning by setting the MCA parameter
btl_base_warn_component_unused to 0.
--------------------------------------------------------------------------


 NAS Parallel Benchmarks 3.4 -- CG Benchmark

 Size:     150000  (class C)
 Iterations:    75
 Number of processes:     1
 Number of nonzeroes per row:       15
 Eigenvalue shift:   110.000
Init time,6.093287

   iteration           ||r||                 zeta
        1       0.48234431173952E-12   109.9994423237398
Iteration,1,9.450710,3.357382
        2       0.10813301768061E-14    27.3920437146500
Iteration,2,12.730077,3.279353
        3       0.11351384459845E-14    28.0339761840280
Iteration,3,15.930872,3.200781
        4       0.11648391234434E-14    28.4191507551295
Iteration,4,19.185050,3.254165
        5       0.11886771894963E-14    28.6471670038885
Iteration,5,22.490138,3.305075
        6       0.11937874759659E-14    28.7812969418392
Iteration,6,25.675081,3.184928
        7       0.12008615920883E-14    28.8600458537346
Iteration,7,28.910578,3.235486
        8       0.12048530020154E-14    28.9063145572706
Iteration,8,32.095355,3.184762
        9       0.12062626841265E-14    28.9335649214626
Iteration,9,35.266210,3.170845
       10       0.12082951489145E-14    28.9496695448994
Iteration,10,38.496478,3.230255
       11       0.12100045071758E-14    28.9592263353758
Iteration,11,41.687585,3.191094
       12       0.12105538135476E-14    28.9649233484885
Iteration,12,44.857954,3.170359
       13       0.12090697132234E-14    28.9683359248931
Iteration,13,48.077736,3.219769
       14       0.12094759658880E-14    28.9703903960010
Iteration,14,51.235817,3.158069
       15       0.12098629452510E-14    28.9716336228364
Iteration,15,54.420583,3.184756
       16       0.12105410367377E-14    28.9723898600845
Iteration,16,57.589309,3.168716
       17       0.12083418434676E-14    28.9728522692226
Iteration,17,60.741205,3.151884
       18       0.12150514608219E-14    28.9731364797774
Iteration,18,63.976565,3.235350
       19       0.12058055475732E-14    28.9733120569269
Iteration,19,67.135311,3.158734
       20       0.12111799404999E-14    28.9734210663746
Iteration,20,70.286712,3.151392
       21       0.12088605674603E-14    28.9734890760527
Iteration,21,73.463963,3.177241
       22       0.12125228055955E-14    28.9735317064875
Iteration,22,76.637822,3.173849
       23       0.12118183440261E-14    28.9735585497263
Iteration,23,79.789982,3.152148
       24       0.12123372970376E-14    28.9735755256659
Iteration,24,83.008743,3.218751
       25       0.12157366104819E-14    28.9735863059394
Iteration,25,86.169022,3.160267
       26       0.12073280892320E-14    28.9735931787385
Iteration,26,89.320374,3.151342
       27       0.12128045423460E-14    28.9735975767405
Iteration,27,92.497966,3.177582
       28       0.12128795080443E-14    28.9736004009971
Iteration,28,95.649746,3.151770
       29       0.12079164427643E-14    28.9736022206776
Iteration,29,98.817424,3.167668
       30       0.12130178537380E-14    28.9736033967622
Iteration,30,101.969104,3.151668
       31       0.12036462567625E-14    28.9736041591166
Iteration,31,105.187839,3.218725
       32       0.12044366750466E-14    28.9736046546421
Iteration,32,108.339238,3.151387
       33       0.12091217036463E-14    28.9736049775613
Iteration,33,111.490490,3.151242
       34       0.12085085775008E-14    28.9736051885084
Iteration,34,114.648358,3.157859
       35       0.12090796426934E-14    28.9736053266234
Iteration,35,117.799608,3.151240
       36       0.12042067084041E-14    28.9736054172447
Iteration,36,120.977234,3.177616
       37       0.12073535972318E-14    28.9736054768233
Iteration,37,124.128642,3.151398
       38       0.12094898947086E-14    28.9736055160626
Iteration,38,127.296886,3.168234
       39       0.12053079614109E-14    28.9736055419578
Iteration,39,130.474721,3.177822
       40       0.12104427271092E-14    28.9736055590683
Iteration,40,133.643308,3.168576
       41       0.12070784516351E-14    28.9736055703955
Iteration,41,136.861491,3.218172
       42       0.12107062181558E-14    28.9736055779078
Iteration,42,140.011997,3.150494
       43       0.12037074499666E-14    28.9736055828921
Iteration,43,143.160988,3.148981
       44       0.12082164996494E-14    28.9736055862095
Iteration,44,146.318509,3.157511
       45       0.12018175839238E-14    28.9736055884115
Iteration,45,149.467992,3.149473
       46       0.12084480429540E-14    28.9736055898835
Iteration,46,152.617676,3.149674
       47       0.12034719199629E-14    28.9736055908642
Iteration,47,155.794132,3.176446
       48       0.12010895380859E-14    28.9736055915203
Iteration,48,158.944388,3.150246
       49       0.12074619055286E-14    28.9736055919557
Iteration,49,162.123408,3.179010
       50       0.12063268698261E-14    28.9736055922496
Iteration,50,165.289932,3.166514
       51       0.12072764694589E-14    28.9736055924445
Iteration,51,168.817218,3.527273
       52       0.12055938281969E-14    28.9736055925755
Iteration,52,172.491010,3.673781
       53       0.12045153695310E-14    28.9736055926636
Iteration,53,175.641141,3.150121
       54       0.12102319103294E-14    28.9736055927237
Iteration,54,178.859831,3.218680
       55       0.12056144710026E-14    28.9736055927632
Iteration,55,182.009433,3.149589
       56       0.12058642663639E-14    28.9736055927895
Iteration,56,185.158652,3.149209
       57       0.12036388918711E-14    28.9736055928068
Iteration,57,188.309246,3.150583
       58       0.12025303295927E-14    28.9736055928179
Iteration,58,191.465680,3.156423
       59       0.12035322732149E-14    28.9736055928297
Iteration,59,194.614322,3.148631
       60       0.12024957335314E-14    28.9736055928340
Iteration,60,197.763892,3.149560
       61       0.12075171648896E-14    28.9736055928370
Iteration,61,200.918812,3.154909
       62       0.12105355072094E-14    28.9736055928412
Iteration,62,204.102283,3.183461
       63       0.11996918375061E-14    28.9736055928397
Iteration,63,207.251896,3.149603
       64       0.12023750015119E-14    28.9736055928433
Iteration,64,210.401575,3.149668
       65       0.12036586856011E-14    28.9736055928427
Iteration,65,213.567052,3.165467
       66       0.12107773799785E-14    28.9736055928443
Iteration,66,216.716166,3.149101
       67       0.12043927909652E-14    28.9736055928434
Iteration,67,219.866051,3.149875
       68       0.12055636258518E-14    28.9736055928459
Iteration,68,223.015613,3.149552
       69       0.12054998562919E-14    28.9736055928467
Iteration,69,226.233025,3.217402
       70       0.12090369981388E-14    28.9736055928445
Iteration,70,229.382121,3.149084
       71       0.12060279708305E-14    28.9736055928458
Iteration,71,232.531476,3.149345
       72       0.12052402871101E-14    28.9736055928434
Iteration,72,235.681049,3.149563
       73       0.12056749820729E-14    28.9736055928469
Iteration,73,238.837626,3.156567
       74       0.11998943412229E-14    28.9736055928454
Iteration,74,241.986519,3.148882
       75       0.12053174104701E-14    28.9736055928454
Iteration,75,245.135754,3.149224
 Benchmark completed 
 VERIFICATION SUCCESSFUL 
 Zeta is     0.2897360559285E+02
 Error is    0.1287499186384E-13


 CG Benchmark Completed.
 Class           =                        C
 Size            =                   150000
 Iterations      =                       75
 Time in seconds =                   239.04
 Total processes =                        1
 Active procs    =                        1
 Mop/s total     =                   599.67
 Mop/s/process   =                   599.67
 Operation type  =           floating point
 Verification    =               SUCCESSFUL
 Version         =                      3.4
 Compile date    =              05 Jun 2020

 Compile options:
    MPIFC        = mpif90
    FLINK        = $(MPIFC)
    FMPI_LIB     = (none)
    FMPI_INC     = (none)
    FFLAGS       = -O3
    FLINKFLAGS   = $(FFLAGS) -O ../kernel_stats/kernel_stats.o
    RAND         = randi8


 Please send feedbacks and/or the results of this run to:

 NPB Development Team 
 Internet: npb@nas.nasa.gov


