	Command being timed: "mpirun -n 1 ../../bin/ft.C.x"
	User time (seconds): 260.68
	System time (seconds): 9.11
	Percent of CPU this job got: 99%
	Elapsed (wall clock) time (h:mm:ss or m:ss): 4:29.91
	Average shared text size (kbytes): 0
	Average unshared data size (kbytes): 0
	Average stack size (kbytes): 0
	Average total size (kbytes): 0
	Maximum resident set size (kbytes): 7354100
	Average resident set size (kbytes): 0
	Major (requiring I/O) page faults: 4
	Minor (reclaiming a frame) page faults: 13375204
	Voluntary context switches: 1050
	Involuntary context switches: 368
	Swaps: 0
	File system inputs: 0
	File system outputs: 16488
	Socket messages sent: 0
	Socket messages received: 0
	Signals delivered: 0
	Page size (bytes): 4096
	Exit status: 0
