--------------------------------------------------------------------------
[[58114,1],0]: A high-performance Open MPI point-to-point messaging module
was unable to find any relevant network interfaces:

Module: OpenFabrics (openib)
  Host: node06

Another transport will be used instead, although this may result in
lower performance.

NOTE: You can disable this warning by setting the MCA parameter
btl_base_warn_component_unused to 0.
--------------------------------------------------------------------------


 NAS Parallel Benchmarks 3.4 -- MG Benchmark

 No input file. Using compiled defaults 
 Size:  512x 512x 512  (class C)
 Iterations:   20
 Total number of processes:      1


 Initialization time:           8.076 seconds

Init time,9.261511
  iter    1
Iteration,1,12.050922,2.789378
Iteration,2,14.576515,2.525556
Iteration,3,17.243631,2.667075
Iteration,4,19.722684,2.479020
  iter    5
Iteration,5,22.308428,2.585704
Iteration,6,24.708391,2.399932
Iteration,7,27.070847,2.362414
Iteration,8,29.574125,2.503250
Iteration,9,31.899680,2.325524
  iter   10
Iteration,10,34.286968,2.387254
Iteration,11,36.602539,2.315533
Iteration,12,38.999720,2.397154
Iteration,13,41.434403,2.434654
Iteration,14,43.694821,2.260391
  iter   15
Iteration,15,46.042235,2.347373
Iteration,16,48.256238,2.213971
Iteration,17,50.628842,2.372574
Iteration,18,52.921825,2.292952
Iteration,19,55.261544,2.339687
  iter   20
Iteration,20,57.548784,2.287209

 Benchmark completed 
 VERIFICATION SUCCESSFUL 
 L2 Norm is  0.5706732285705E-06
 Error is    0.6101090353211E-11


 MG Benchmark Completed.
 Class           =                        C
 Size            =            512x 512x 512
 Iterations      =                       20
 Time in seconds =                    49.49
 Total processes =                        1
 Active procs    =                        1
 Mop/s total     =                  3145.75
 Mop/s/process   =                  3145.75
 Operation type  =           floating point
 Verification    =               SUCCESSFUL
 Version         =                      3.4
 Compile date    =              05 Jun 2020

 Compile options:
    MPIFC        = mpif90
    FLINK        = $(MPIFC)
    FMPI_LIB     = (none)
    FMPI_INC     = (none)
    FFLAGS       = -O3
    FLINKFLAGS   = $(FFLAGS) -O ../kernel_stats/kernel_stats.o
    RAND         = randi8


 Please send feedbacks and/or the results of this run to:

 NPB Development Team 
 Internet: npb@nas.nasa.gov


