--------------------------------------------------------------------------
[[48365,1],0]: A high-performance Open MPI point-to-point messaging module
was unable to find any relevant network interfaces:

Module: OpenFabrics (openib)
  Host: node06

Another transport will be used instead, although this may result in
lower performance.

NOTE: You can disable this warning by setting the MCA parameter
btl_base_warn_component_unused to 0.
--------------------------------------------------------------------------


 NAS Parallel Benchmarks 3.4 -- BT Benchmark

 No input file inputbt.data. Using compiled defaults
 Size:  162x 162x 162  (class C)
 Iterations:  200    dt:   0.0001000
 Total number of processes:     1

 Time step    1
[MO833] Paramount Iteration,0,1,15.995557,6.195973
[MO833] Paramount Iteration,0,2,22.105460,6.109903
[MO833] Paramount Iteration,0,3,28.211997,6.106537
[MO833] Paramount Iteration,0,4,34.263511,6.051514
[MO833] Paramount Iteration,0,5,40.273963,6.010452
[MO833] Paramount Iteration,0,6,46.255982,5.982019
[MO833] Paramount Iteration,0,7,52.193220,5.937238
[MO833] Paramount Iteration,0,8,57.987196,5.793976
[MO833] Paramount Iteration,0,9,63.864382,5.877186
[MO833] Paramount Iteration,0,10,69.757768,5.893386
[MO833] Paramount Iteration,0,11,76.760617,7.002849
[MO833] Paramount Iteration,0,12,82.696660,5.936043
[MO833] Paramount Iteration,0,13,88.546832,5.850172
[MO833] Paramount Iteration,0,14,94.333354,5.786522
[MO833] Paramount Iteration,0,15,100.174233,5.840879
[MO833] Paramount Iteration,0,16,106.013806,5.839573
[MO833] Paramount Iteration,0,17,111.777572,5.763766
[MO833] Paramount Iteration,0,18,118.251884,6.474312
[MO833] Paramount Iteration,0,19,124.016192,5.764308
 Time step   20
[MO833] Paramount Iteration,0,20,129.760452,5.744260
[MO833] Paramount Iteration,0,21,135.534132,5.773680
[MO833] Paramount Iteration,0,22,141.328795,5.794663
[MO833] Paramount Iteration,0,23,147.142590,5.813795
[MO833] Paramount Iteration,0,24,152.925215,5.782625
[MO833] Paramount Iteration,0,25,158.743032,5.817817
[MO833] Paramount Iteration,0,26,164.523305,5.780273
[MO833] Paramount Iteration,0,27,170.231852,5.708547
[MO833] Paramount Iteration,0,28,175.973964,5.742112
[MO833] Paramount Iteration,0,29,181.782365,5.808401
[MO833] Paramount Iteration,0,30,187.582989,5.800624
[MO833] Paramount Iteration,0,31,193.490809,5.907820
[MO833] Paramount Iteration,0,32,199.258655,5.767846
[MO833] Paramount Iteration,0,33,205.056400,5.797745
[MO833] Paramount Iteration,0,34,210.815381,5.758981
[MO833] Paramount Iteration,0,35,216.942587,6.127206
[MO833] Paramount Iteration,0,36,222.886692,5.944105
[MO833] Paramount Iteration,0,37,228.733348,5.846656
[MO833] Paramount Iteration,0,38,234.596641,5.863293
[MO833] Paramount Iteration,0,39,240.306366,5.709725
 Time step   40
[MO833] Paramount Iteration,0,40,246.088876,5.782510
[MO833] Paramount Iteration,0,41,251.850758,5.761882
[MO833] Paramount Iteration,0,42,257.555012,5.704254
[MO833] Paramount Iteration,0,43,263.382200,5.827188
[MO833] Paramount Iteration,0,44,269.145945,5.763745
[MO833] Paramount Iteration,0,45,274.895669,5.749724
[MO833] Paramount Iteration,0,46,280.600135,5.704466
[MO833] Paramount Iteration,0,47,286.354576,5.754441
[MO833] Paramount Iteration,0,48,292.091178,5.736602
[MO833] Paramount Iteration,0,49,297.902414,5.811236
[MO833] Paramount Iteration,0,50,303.663077,5.760663
[MO833] Paramount Iteration,0,51,309.366977,5.703900
[MO833] Paramount Iteration,0,52,315.169959,5.802982
[MO833] Paramount Iteration,0,53,321.329546,6.159587
[MO833] Paramount Iteration,0,54,327.356522,6.026976
[MO833] Paramount Iteration,0,55,333.175675,5.819153
[MO833] Paramount Iteration,0,56,338.879617,5.703942
[MO833] Paramount Iteration,0,57,344.640910,5.761293
[MO833] Paramount Iteration,0,58,350.385342,5.744432
[MO833] Paramount Iteration,0,59,356.152548,5.767206
 Time step   60
[MO833] Paramount Iteration,0,60,361.928665,5.776117
[MO833] Paramount Iteration,0,61,367.843128,5.914463
[MO833] Paramount Iteration,0,62,374.046827,6.203699
[MO833] Paramount Iteration,0,63,379.971576,5.924749
[MO833] Paramount Iteration,0,64,385.802473,5.830897
[MO833] Paramount Iteration,0,65,391.561850,5.759377
[MO833] Paramount Iteration,0,66,397.400719,5.838869
[MO833] Paramount Iteration,0,67,403.169221,5.768502
[MO833] Paramount Iteration,0,68,408.935126,5.765905
[MO833] Paramount Iteration,0,69,414.797838,5.862712
[MO833] Paramount Iteration,0,70,420.639805,5.841967
[MO833] Paramount Iteration,0,71,426.414487,5.774682
[MO833] Paramount Iteration,0,72,432.200274,5.785787
[MO833] Paramount Iteration,0,73,437.995740,5.795466
[MO833] Paramount Iteration,0,74,443.807608,5.811868
[MO833] Paramount Iteration,0,75,449.713969,5.906361
[MO833] Paramount Iteration,0,76,455.463280,5.749311
[MO833] Paramount Iteration,0,77,461.190556,5.727276
[MO833] Paramount Iteration,0,78,466.990615,5.800059
[MO833] Paramount Iteration,0,79,472.791200,5.800585
 Time step   80
[MO833] Paramount Iteration,0,80,478.503506,5.712306
[MO833] Paramount Iteration,0,81,484.276183,5.772677
[MO833] Paramount Iteration,0,82,490.622922,6.346739
[MO833] Paramount Iteration,0,83,496.334869,5.711947
[MO833] Paramount Iteration,0,84,502.114955,5.780086
[MO833] Paramount Iteration,0,85,507.866350,5.751395
[MO833] Paramount Iteration,0,86,513.609210,5.742860
[MO833] Paramount Iteration,0,87,519.351869,5.742659
[MO833] Paramount Iteration,0,88,525.182652,5.830783
[MO833] Paramount Iteration,0,89,531.006459,5.823807
[MO833] Paramount Iteration,0,90,536.876464,5.870005
[MO833] Paramount Iteration,0,91,542.686119,5.809655
[MO833] Paramount Iteration,0,92,548.486121,5.800002
[MO833] Paramount Iteration,0,93,554.290617,5.804496
[MO833] Paramount Iteration,0,94,560.088448,5.797831
[MO833] Paramount Iteration,0,95,565.870846,5.782398
[MO833] Paramount Iteration,0,96,571.756849,5.886003
[MO833] Paramount Iteration,0,97,577.499872,5.743023
[MO833] Paramount Iteration,0,98,583.251486,5.751614
[MO833] Paramount Iteration,0,99,589.543050,6.291564
 Time step  100
[MO833] Paramount Iteration,0,100,595.339337,5.796287
[MO833] Paramount Iteration,0,101,601.173142,5.833805
[MO833] Paramount Iteration,0,102,606.971486,5.798344
[MO833] Paramount Iteration,0,103,612.808454,5.836968
[MO833] Paramount Iteration,0,104,618.540685,5.732231
[MO833] Paramount Iteration,0,105,624.302149,5.761464
[MO833] Paramount Iteration,0,106,630.207833,5.905684
[MO833] Paramount Iteration,0,107,636.605103,6.397270
[MO833] Paramount Iteration,0,108,642.841466,6.236363
[MO833] Paramount Iteration,0,109,648.513681,5.672215
[MO833] Paramount Iteration,0,110,654.279819,5.766138
[MO833] Paramount Iteration,0,111,659.916558,5.636739
[MO833] Paramount Iteration,0,112,665.710034,5.793476
[MO833] Paramount Iteration,0,113,671.510100,5.800066
[MO833] Paramount Iteration,0,114,677.149237,5.639137
[MO833] Paramount Iteration,0,115,682.862521,5.713284
[MO833] Paramount Iteration,0,116,688.551462,5.688941
[MO833] Paramount Iteration,0,117,694.235781,5.684319
[MO833] Paramount Iteration,0,118,699.905084,5.669303
[MO833] Paramount Iteration,0,119,705.589911,5.684827
 Time step  120
[MO833] Paramount Iteration,0,120,712.531208,6.941297
[MO833] Paramount Iteration,0,121,718.347952,5.816744
[MO833] Paramount Iteration,0,122,724.055733,5.707781
[MO833] Paramount Iteration,0,123,729.695306,5.639573
[MO833] Paramount Iteration,0,124,735.396070,5.700764
[MO833] Paramount Iteration,0,125,741.548668,6.152598
[MO833] Paramount Iteration,0,126,747.340422,5.791754
[MO833] Paramount Iteration,0,127,753.007505,5.667083
[MO833] Paramount Iteration,0,128,758.687092,5.679587
[MO833] Paramount Iteration,0,129,764.327464,5.640372
[MO833] Paramount Iteration,0,130,771.195377,6.867913
[MO833] Paramount Iteration,0,131,776.891421,5.696044
[MO833] Paramount Iteration,0,132,782.607503,5.716082
[MO833] Paramount Iteration,0,133,788.246770,5.639267
[MO833] Paramount Iteration,0,134,793.942592,5.695822
[MO833] Paramount Iteration,0,135,799.705398,5.762806
[MO833] Paramount Iteration,0,136,805.344623,5.639225
[MO833] Paramount Iteration,0,137,811.012183,5.667560
[MO833] Paramount Iteration,0,138,816.679672,5.667489
[MO833] Paramount Iteration,0,139,822.319785,5.640113
 Time step  140
[MO833] Paramount Iteration,0,140,828.650710,6.330925
[MO833] Paramount Iteration,0,141,834.942269,6.291559
[MO833] Paramount Iteration,0,142,840.780742,5.838473
[MO833] Paramount Iteration,0,143,846.873114,6.092372
[MO833] Paramount Iteration,0,144,852.614034,5.740920
[MO833] Paramount Iteration,0,145,858.250774,5.636740
[MO833] Paramount Iteration,0,146,863.976324,5.725550
[MO833] Paramount Iteration,0,147,869.670891,5.694567
[MO833] Paramount Iteration,0,148,875.338248,5.667357
[MO833] Paramount Iteration,0,149,880.974459,5.636211
[MO833] Paramount Iteration,0,150,886.722103,5.747644
[MO833] Paramount Iteration,0,151,893.640557,6.918454
[MO833] Paramount Iteration,0,152,899.906006,6.265449
[MO833] Paramount Iteration,0,153,905.656087,5.750081
[MO833] Paramount Iteration,0,154,911.376348,5.720261
[MO833] Paramount Iteration,0,155,917.013007,5.636659
[MO833] Paramount Iteration,0,156,922.710344,5.697337
[MO833] Paramount Iteration,0,157,928.392282,5.681938
[MO833] Paramount Iteration,0,158,934.059820,5.667538
[MO833] Paramount Iteration,0,159,939.696267,5.636447
 Time step  160
[MO833] Paramount Iteration,0,160,945.363198,5.666931
[MO833] Paramount Iteration,0,161,951.037076,5.673878
[MO833] Paramount Iteration,0,162,956.737175,5.700099
[MO833] Paramount Iteration,0,163,962.445155,5.707980
[MO833] Paramount Iteration,0,164,968.082245,5.637090
[MO833] Paramount Iteration,0,165,973.794121,5.711876
[MO833] Paramount Iteration,0,166,979.496941,5.702820
[MO833] Paramount Iteration,0,167,985.698920,6.201979
[MO833] Paramount Iteration,0,168,991.476878,5.777958
[MO833] Paramount Iteration,0,169,997.164800,5.687922
[MO833] Paramount Iteration,0,170,1002.925146,5.760346
[MO833] Paramount Iteration,0,171,1008.579691,5.654545
[MO833] Paramount Iteration,0,172,1014.331078,5.751387
[MO833] Paramount Iteration,0,173,1019.995809,5.664731
[MO833] Paramount Iteration,0,174,1025.740232,5.744423
[MO833] Paramount Iteration,0,175,1031.505581,5.765349
[MO833] Paramount Iteration,0,176,1037.156497,5.650916
[MO833] Paramount Iteration,0,177,1042.996248,5.839751
[MO833] Paramount Iteration,0,178,1049.806449,6.810201
[MO833] Paramount Iteration,0,179,1055.532480,5.726031
 Time step  180
[MO833] Paramount Iteration,0,180,1061.182809,5.650329
[MO833] Paramount Iteration,0,181,1066.882833,5.700024
[MO833] Paramount Iteration,0,182,1072.609489,5.726656
[MO833] Paramount Iteration,0,183,1078.456638,5.847149
[MO833] Paramount Iteration,0,184,1084.163092,5.706454
[MO833] Paramount Iteration,0,185,1089.813499,5.650407
[MO833] Paramount Iteration,0,186,1095.571235,5.757736
[MO833] Paramount Iteration,0,187,1101.371388,5.800153
[MO833] Paramount Iteration,0,188,1107.046502,5.675114
[MO833] Paramount Iteration,0,189,1112.799294,5.752792
[MO833] Paramount Iteration,0,190,1119.673261,6.873967
[MO833] Paramount Iteration,0,191,1125.349720,5.676459
[MO833] Paramount Iteration,0,192,1131.148597,5.798877
[MO833] Paramount Iteration,0,193,1136.950148,5.801551
[MO833] Paramount Iteration,0,194,1143.938323,6.988175
[MO833] Paramount Iteration,0,195,1149.597702,5.659379
[MO833] Paramount Iteration,0,196,1155.310030,5.712328
[MO833] Paramount Iteration,0,197,1161.046505,5.736475
[MO833] Paramount Iteration,0,198,1166.699070,5.652565
[MO833] Paramount Iteration,0,199,1172.407423,5.708353
 Time step  200
 Verification being performed for class C
 accuracy setting for epsilon =  0.1000000000000E-07
 Comparison of RMS-norms of residual
           1 0.6239811655176E+04 0.6239811655176E+04 0.5247243197904E-14
           2 0.5079323919042E+03 0.5079323919042E+03 0.1141496155043E-13
           3 0.1542353009301E+04 0.1542353009301E+04 0.5690411870162E-13
           4 0.1330238792929E+04 0.1330238792929E+04 0.5982443665614E-14
           5 0.1160408742844E+05 0.1160408742844E+05 0.1097279377060E-14
 Comparison of RMS-norms of solution error
           1 0.1646200836909E+03 0.1646200836909E+03 0.1191287178775E-13
           2 0.1149710790382E+02 0.1149710790382E+02 0.2549327021655E-13
           3 0.4120744620746E+02 0.4120744620746E+02 0.8104241260813E-14
           4 0.3708765105969E+02 0.3708765105969E+02 0.1915847230703E-13
           5 0.3621105305184E+03 0.3621105305184E+03 0.3045374914452E-13
 Verification Successful


 BT Benchmark Completed.
 Class           =                        C
 Size            =            162x 162x 162
 Iterations      =                      200
 Time in seconds =                  1168.29
 Total processes =                        1
 Active procs    =                        1
 Mop/s total     =                  2453.40
 Mop/s/process   =                  2453.40
 Operation type  =           floating point
 Verification    =               SUCCESSFUL
 Version         =                      3.4
 Compile date    =              16 Jun 2020

 Compile options:
    MPIFC        = mpif90
    FLINK        = $(MPIFC)
    FMPI_LIB     = (none)
    FMPI_INC     = (none)
    FFLAGS       = -O3
    FLINKFLAGS   = $(FFLAGS) -O ../kernel_stats/kernel_stats.o...
    RAND         = (none)


 Please send feedbacks and/or the results of this run to:

 NPB Development Team 
 Internet: npb@nas.nasa.gov


[MO833] PI avg,0,5.813039,200
[MO833] Beta,0,0.000580
[MO833] Total time,1178.761912
