--------------------------------------------------------------------------
[[62599,1],0]: A high-performance Open MPI point-to-point messaging module
was unable to find any relevant network interfaces:

Module: OpenFabrics (openib)
  Host: node06

Another transport will be used instead, although this may result in
lower performance.

NOTE: You can disable this warning by setting the MCA parameter
btl_base_warn_component_unused to 0.
--------------------------------------------------------------------------


 NAS Parallel Benchmarks 3.4 -- FT Benchmark

 No input file inputft.data. Using compiled defaults
 Size                :  512x 256x 256  (class B)
 Iterations          :             20
 Number of processes :              2
 Processor array     :         1x   2
 Layout type         :             1D

 Initialization time =      2.0675

[MO833] Paramount Iteration,1,1,5.493732,1.465131
 T =    1     Checksum =    5.177643571579D+02    5.077803458597D+02
[MO833] Paramount Iteration,0,1,5.501752,1.470712
[MO833] Paramount Iteration,1,2,6.922324,1.428592
 T =    2     Checksum =    5.154521291263D+02    5.088249431599D+02
[MO833] Paramount Iteration,0,2,6.926833,1.425081
[MO833] Paramount Iteration,1,3,8.387591,1.465267
 T =    3     Checksum =    5.146409228650D+02    5.096208912659D+02
[MO833] Paramount Iteration,0,3,8.391895,1.465062
[MO833] Paramount Iteration,1,4,9.834414,1.446823
 T =    4     Checksum =    5.142378756213D+02    5.101023387619D+02
[MO833] Paramount Iteration,0,4,9.838808,1.446913
[MO833] Paramount Iteration,1,5,11.245882,1.411468
 T =    5     Checksum =    5.139626667737D+02    5.103976610618D+02
[MO833] Paramount Iteration,0,5,11.250191,1.411383
[MO833] Paramount Iteration,1,6,12.684899,1.439017
 T =    6     Checksum =    5.137423460082D+02    5.105948019802D+02
[MO833] Paramount Iteration,0,6,12.689009,1.438818
[MO833] Paramount Iteration,1,7,14.147502,1.462603
 T =    7     Checksum =    5.135547056878D+02    5.107404165783D+02
[MO833] Paramount Iteration,0,7,14.149932,1.460923
[MO833] Paramount Iteration,1,8,15.582863,1.435361
 T =    8     Checksum =    5.133910925467D+02    5.108576573661D+02
[MO833] Paramount Iteration,0,8,15.587067,1.437135
[MO833] Paramount Iteration,1,9,17.013272,1.430409
 T =    9     Checksum =    5.132470705390D+02    5.109577278523D+02
[MO833] Paramount Iteration,0,9,17.018063,1.430996
[MO833] Paramount Iteration,1,10,18.488649,1.475377
 T =   10     Checksum =    5.131197729984D+02    5.110460304483D+02
[MO833] Paramount Iteration,0,10,18.492929,1.474866
[MO833] Paramount Iteration,1,11,19.912234,1.423585
 T =   11     Checksum =    5.130070319283D+02    5.111252433800D+02
[MO833] Paramount Iteration,0,11,19.916640,1.423711
[MO833] Paramount Iteration,1,12,21.300678,1.388444
 T =   12     Checksum =    5.129070537032D+02    5.111968077719D+02
[MO833] Paramount Iteration,0,12,21.304965,1.388325
[MO833] Paramount Iteration,1,13,22.703379,1.402701
 T =   13     Checksum =    5.128182883503D+02    5.112616233064D+02
[MO833] Paramount Iteration,0,13,22.708168,1.403203
[MO833] Paramount Iteration,1,14,24.122969,1.419590
 T =   14     Checksum =    5.127393733383D+02    5.113203605551D+02
[MO833] Paramount Iteration,0,14,24.127198,1.419030
[MO833] Paramount Iteration,1,15,25.511516,1.388547
 T =   15     Checksum =    5.126691062021D+02    5.113735928093D+02
[MO833] Paramount Iteration,0,15,25.520401,1.393203
[MO833] Paramount Iteration,1,16,26.922162,1.410646
 T =   16     Checksum =    5.126064276005D+02    5.114218460548D+02
[MO833] Paramount Iteration,0,16,26.926655,1.406254
[MO833] Paramount Iteration,1,17,28.317885,1.395723
 T =   17     Checksum =    5.125504076570D+02    5.114656139760D+02
[MO833] Paramount Iteration,0,17,28.321993,1.395338
[MO833] Paramount Iteration,1,18,29.716715,1.398830
 T =   18     Checksum =    5.125002331721D+02    5.115053595966D+02
[MO833] Paramount Iteration,0,18,29.721165,1.399172
[MO833] Paramount Iteration,1,19,31.137301,1.420586
 T =   19     Checksum =    5.124551951846D+02    5.115415130407D+02
[MO833] Paramount Iteration,0,19,31.141416,1.420251
 T =   20     Checksum =    5.124146770029D+02    5.115744692211D+02
 Result verification successful
[MO833] PI avg,0,1.355519,20
[MO833] Beta,0,0.000001
[MO833] Total time,32.537222


 FT Benchmark Completed.
 Class           =                        B
 Size            =            512x 256x 256
 Iterations      =                       20
 Time in seconds =                    30.34
 Total processes =                        2
 Active procs    =                        2
 Mop/s total     =                  3034.05
 Mop/s/process   =                  1517.02
 Operation type  =           floating point
 Verification    =               SUCCESSFUL
 Version         =                      3.4
 Compile date    =              16 Jun 2020

 Compile options:
    MPIFC        = mpif90
    FLINK        = $(MPIFC)
    FMPI_LIB     = (none)
    FMPI_INC     = (none)
    FFLAGS       = -O3
    FLINKFLAGS   = $(FFLAGS) -O ../kernel_stats/kernel_stats.o...
    RAND         = randi8


 Please send feedbacks and/or the results of this run to:

 NPB Development Team 
 Internet: npb@nas.nasa.gov


