--------------------------------------------------------------------------
[[52628,1],0]: A high-performance Open MPI point-to-point messaging module
was unable to find any relevant network interfaces:

Module: OpenFabrics (openib)
  Host: node06

Another transport will be used instead, although this may result in
lower performance.

NOTE: You can disable this warning by setting the MCA parameter
btl_base_warn_component_unused to 0.
--------------------------------------------------------------------------


 NAS Parallel Benchmarks 3.4 -- SP Benchmark

 No input file inputsp.data. Using compiled defaults
 Size:  102x 102x 102  (class B)
 Iterations:  400    dt:   0.0010000
 WARNING: Number of active processes:     4
 Total number of processes:     8

 Time step    1
[MO833] Paramount Iteration,2,1,0.594839,0.193838
[MO833] Paramount Iteration,0,1,0.594868,0.193867
[MO833] Paramount Iteration,1,1,0.596397,0.195383
[MO833] Paramount Iteration,3,1,0.596429,0.195417
[MO833] Paramount Iteration,0,2,0.789953,0.195085
[MO833] Paramount Iteration,2,2,0.789829,0.194990
[MO833] Paramount Iteration,3,2,0.791500,0.195071
[MO833] Paramount Iteration,1,2,0.791400,0.195003
[MO833] Paramount Iteration,2,3,0.995221,0.205392
[MO833] Paramount Iteration,0,3,0.995414,0.205461
[MO833] Paramount Iteration,1,3,0.997070,0.205670
[MO833] Paramount Iteration,3,3,0.997249,0.205749
[MO833] Paramount Iteration,0,4,1.198405,0.202991
[MO833] Paramount Iteration,2,4,1.198413,0.203192
[MO833] Paramount Iteration,3,4,1.200022,0.202773
[MO833] Paramount Iteration,1,4,1.200000,0.202930
[MO833] Paramount Iteration,2,5,1.393665,0.195252
[MO833] Paramount Iteration,0,5,1.393730,0.195325
[MO833] Paramount Iteration,1,5,1.395241,0.195241
[MO833] Paramount Iteration,3,5,1.395348,0.195326
[MO833] Paramount Iteration,0,6,1.588754,0.195024
[MO833] Paramount Iteration,2,6,1.588707,0.195042
[MO833] Paramount Iteration,3,6,1.590363,0.195015
[MO833] Paramount Iteration,1,6,1.590295,0.195054
[MO833] Paramount Iteration,2,7,1.783864,0.195157
[MO833] Paramount Iteration,0,7,1.784085,0.195331
[MO833] Paramount Iteration,1,7,1.785480,0.195185
[MO833] Paramount Iteration,3,7,1.785723,0.195360
[MO833] Paramount Iteration,0,8,1.979153,0.195068
[MO833] Paramount Iteration,2,8,1.979165,0.195301
[MO833] Paramount Iteration,3,8,1.980722,0.194999
[MO833] Paramount Iteration,1,8,1.980670,0.195190
[MO833] Paramount Iteration,2,9,2.174144,0.194979
[MO833] Paramount Iteration,0,9,2.174422,0.195269
[MO833] Paramount Iteration,1,9,2.175796,0.195126
[MO833] Paramount Iteration,3,9,2.175958,0.195236
[MO833] Paramount Iteration,0,10,2.369377,0.194955
[MO833] Paramount Iteration,2,10,2.369371,0.195227
[MO833] Paramount Iteration,3,10,2.371022,0.195064
[MO833] Paramount Iteration,1,10,2.370996,0.195200
[MO833] Paramount Iteration,2,11,2.564593,0.195222
[MO833] Paramount Iteration,0,11,2.564685,0.195308
[MO833] Paramount Iteration,1,11,2.566192,0.195196
[MO833] Paramount Iteration,3,11,2.566327,0.195305
[MO833] Paramount Iteration,2,12,2.759687,0.195094
[MO833] Paramount Iteration,0,12,2.759880,0.195195
[MO833] Paramount Iteration,1,12,2.761304,0.195112
[MO833] Paramount Iteration,3,12,2.761439,0.195112
[MO833] Paramount Iteration,2,13,2.954996,0.195309
[MO833] Paramount Iteration,0,13,2.955017,0.195137
[MO833] Paramount Iteration,3,13,2.956599,0.195160
[MO833] Paramount Iteration,1,13,2.956570,0.195266
[MO833] Paramount Iteration,0,14,3.150219,0.195202
[MO833] Paramount Iteration,2,14,3.150184,0.195188
[MO833] Paramount Iteration,1,14,3.151757,0.195187
[MO833] Paramount Iteration,3,14,3.151786,0.195187
[MO833] Paramount Iteration,1,15,3.347862,0.196105
[MO833] Paramount Iteration,3,15,3.348005,0.196219
[MO833] Paramount Iteration,2,15,3.348203,0.198019
[MO833] Paramount Iteration,0,15,3.348254,0.198035
[MO833] Paramount Iteration,2,16,3.541909,0.193706
[MO833] Paramount Iteration,0,16,3.541938,0.193684
[MO833] Paramount Iteration,3,16,3.543524,0.195519
[MO833] Paramount Iteration,1,16,3.543445,0.195583
[MO833] Paramount Iteration,0,17,3.737281,0.195343
[MO833] Paramount Iteration,2,17,3.737315,0.195406
[MO833] Paramount Iteration,1,17,3.738895,0.195450
[MO833] Paramount Iteration,3,17,3.738934,0.195410
[MO833] Paramount Iteration,2,18,3.932643,0.195328
[MO833] Paramount Iteration,0,18,3.932652,0.195371
[MO833] Paramount Iteration,3,18,3.934257,0.195323
[MO833] Paramount Iteration,1,18,3.934217,0.195322
[MO833] Paramount Iteration,0,19,4.144493,0.211841
[MO833] Paramount Iteration,2,19,4.144402,0.211759
 Time step   20
[MO833] Paramount Iteration,1,19,4.147464,0.213247
[MO833] Paramount Iteration,3,19,4.147549,0.213292
[MO833] Paramount Iteration,0,20,4.344010,0.199517
[MO833] Paramount Iteration,2,20,4.344017,0.199615
[MO833] Paramount Iteration,3,20,4.345675,0.198126
[MO833] Paramount Iteration,1,20,4.345595,0.198131
[MO833] Paramount Iteration,2,21,4.539069,0.195052
[MO833] Paramount Iteration,0,21,4.539065,0.195055
[MO833] Paramount Iteration,1,21,4.540618,0.195023
[MO833] Paramount Iteration,3,21,4.540652,0.194977
[MO833] Paramount Iteration,0,22,4.734062,0.194997
[MO833] Paramount Iteration,2,22,4.734031,0.194962
[MO833] Paramount Iteration,3,22,4.735646,0.194994
[MO833] Paramount Iteration,1,22,4.735614,0.194996
[MO833] Paramount Iteration,2,23,4.934153,0.200122
[MO833] Paramount Iteration,0,23,4.934231,0.200169
[MO833] Paramount Iteration,1,23,4.935751,0.200137
[MO833] Paramount Iteration,3,23,4.935836,0.200190
[MO833] Paramount Iteration,0,24,5.129346,0.195115
[MO833] Paramount Iteration,2,24,5.129203,0.195050
[MO833] Paramount Iteration,1,24,5.130818,0.195067
[MO833] Paramount Iteration,3,24,5.130971,0.195135
[MO833] Paramount Iteration,2,25,5.324418,0.195215
[MO833] Paramount Iteration,0,25,5.324440,0.195094
[MO833] Paramount Iteration,1,25,5.326024,0.195206
[MO833] Paramount Iteration,3,25,5.326045,0.195074
[MO833] Paramount Iteration,0,26,5.519927,0.195487
[MO833] Paramount Iteration,2,26,5.519902,0.195484
[MO833] Paramount Iteration,3,26,5.521566,0.195521
[MO833] Paramount Iteration,1,26,5.521467,0.195443
[MO833] Paramount Iteration,2,27,5.715385,0.195483
[MO833] Paramount Iteration,0,27,5.715370,0.195443
[MO833] Paramount Iteration,1,27,5.716953,0.195486
[MO833] Paramount Iteration,3,27,5.716966,0.195400
[MO833] Paramount Iteration,0,28,5.910675,0.195305
[MO833] Paramount Iteration,2,28,5.910665,0.195280
[MO833] Paramount Iteration,3,28,5.912271,0.195305
[MO833] Paramount Iteration,1,28,5.912235,0.195282
[MO833] Paramount Iteration,2,29,6.105983,0.195318
[MO833] Paramount Iteration,0,29,6.106017,0.195342
[MO833] Paramount Iteration,1,29,6.107500,0.195265
[MO833] Paramount Iteration,3,29,6.107598,0.195327
[MO833] Paramount Iteration,0,30,6.301097,0.195080
[MO833] Paramount Iteration,2,30,6.301154,0.195171
[MO833] Paramount Iteration,3,30,6.302750,0.195152
[MO833] Paramount Iteration,1,30,6.302738,0.195238
[MO833] Paramount Iteration,2,31,6.496117,0.194963
[MO833] Paramount Iteration,0,31,6.496298,0.195201
[MO833] Paramount Iteration,1,31,6.497728,0.194990
[MO833] Paramount Iteration,3,31,6.497887,0.195137
[MO833] Paramount Iteration,1,32,6.692475,0.194747
[MO833] Paramount Iteration,3,32,6.692598,0.194711
[MO833] Paramount Iteration,0,32,6.695152,0.198854
[MO833] Paramount Iteration,2,32,6.695087,0.198970
[MO833] Paramount Iteration,0,33,6.888919,0.193767
[MO833] Paramount Iteration,2,33,6.888916,0.193829
[MO833] Paramount Iteration,3,33,6.890513,0.197915
[MO833] Paramount Iteration,1,33,6.890494,0.198019
[MO833] Paramount Iteration,2,34,7.083948,0.195032
[MO833] Paramount Iteration,0,34,7.084147,0.195228
[MO833] Paramount Iteration,1,34,7.085583,0.195089
[MO833] Paramount Iteration,3,34,7.085720,0.195207
[MO833] Paramount Iteration,0,35,7.279511,0.195364
[MO833] Paramount Iteration,2,35,7.279497,0.195549
[MO833] Paramount Iteration,3,35,7.281125,0.195405
[MO833] Paramount Iteration,1,35,7.281055,0.195472
[MO833] Paramount Iteration,2,36,7.474477,0.194980
[MO833] Paramount Iteration,0,36,7.474496,0.194985
[MO833] Paramount Iteration,1,36,7.476064,0.195009
[MO833] Paramount Iteration,3,36,7.476082,0.194957
[MO833] Paramount Iteration,0,37,7.669448,0.194952
[MO833] Paramount Iteration,2,37,7.669397,0.194920
[MO833] Paramount Iteration,3,37,7.671074,0.194992
[MO833] Paramount Iteration,1,37,7.670991,0.194927
[MO833] Paramount Iteration,2,38,7.864567,0.195170
[MO833] Paramount Iteration,0,38,7.864659,0.195211
[MO833] Paramount Iteration,1,38,7.866134,0.195143
[MO833] Paramount Iteration,3,38,7.866256,0.195182
[MO833] Paramount Iteration,0,39,8.073481,0.208822
 Time step   40
[MO833] Paramount Iteration,2,39,8.074003,0.209436
[MO833] Paramount Iteration,3,39,8.078908,0.212652
[MO833] Paramount Iteration,1,39,8.079248,0.213114
[MO833] Paramount Iteration,2,40,8.275403,0.201400
[MO833] Paramount Iteration,0,40,8.275523,0.202042
[MO833] Paramount Iteration,1,40,8.276963,0.197715
[MO833] Paramount Iteration,3,40,8.277082,0.198174
[MO833] Paramount Iteration,0,41,8.470488,0.194965
[MO833] Paramount Iteration,2,41,8.470486,0.195083
[MO833] Paramount Iteration,3,41,8.472095,0.195013
[MO833] Paramount Iteration,1,41,8.472038,0.195075
[MO833] Paramount Iteration,2,42,8.665415,0.194929
[MO833] Paramount Iteration,0,42,8.665577,0.195089
[MO833] Paramount Iteration,1,42,8.667038,0.195000
[MO833] Paramount Iteration,3,42,8.667187,0.195092
[MO833] Paramount Iteration,0,43,8.860698,0.195121
[MO833] Paramount Iteration,2,43,8.860599,0.195184
[MO833] Paramount Iteration,1,43,8.862190,0.195152
[MO833] Paramount Iteration,3,43,8.862296,0.195109
[MO833] Paramount Iteration,1,44,9.059180,0.196990
[MO833] Paramount Iteration,3,44,9.059216,0.196920
[MO833] Paramount Iteration,0,44,9.059440,0.198742
[MO833] Paramount Iteration,2,44,9.059521,0.198922
[MO833] Paramount Iteration,0,45,9.253422,0.193982
[MO833] Paramount Iteration,2,45,9.253298,0.193777
[MO833] Paramount Iteration,1,45,9.254912,0.195732
[MO833] Paramount Iteration,3,45,9.255048,0.195832
[MO833] Paramount Iteration,2,46,9.448481,0.195183
[MO833] Paramount Iteration,0,46,9.448622,0.195200
[MO833] Paramount Iteration,1,46,9.450060,0.195148
[MO833] Paramount Iteration,3,46,9.450241,0.195193
[MO833] Paramount Iteration,2,47,9.643807,0.195326
[MO833] Paramount Iteration,0,47,9.643946,0.195324
[MO833] Paramount Iteration,1,47,9.645335,0.195275
[MO833] Paramount Iteration,3,47,9.645544,0.195303
[MO833] Paramount Iteration,0,48,9.839013,0.195067
[MO833] Paramount Iteration,2,48,9.839071,0.195264
[MO833] Paramount Iteration,3,48,9.840627,0.195083
[MO833] Paramount Iteration,1,48,9.840616,0.195281
[MO833] Paramount Iteration,2,49,10.034426,0.195355
[MO833] Paramount Iteration,0,49,10.034426,0.195413
[MO833] Paramount Iteration,1,49,10.035976,0.195360
[MO833] Paramount Iteration,3,49,10.036009,0.195382
[MO833] Paramount Iteration,0,50,10.229383,0.194957
[MO833] Paramount Iteration,2,50,10.229385,0.194959
[MO833] Paramount Iteration,1,50,10.230930,0.194954
[MO833] Paramount Iteration,3,50,10.231030,0.195021
[MO833] Paramount Iteration,2,51,10.424533,0.195148
[MO833] Paramount Iteration,0,51,10.424545,0.195162
[MO833] Paramount Iteration,1,51,10.426064,0.195134
[MO833] Paramount Iteration,3,51,10.426157,0.195127
[MO833] Paramount Iteration,0,52,10.619783,0.195238
[MO833] Paramount Iteration,2,52,10.619763,0.195230
[MO833] Paramount Iteration,3,52,10.621400,0.195243
[MO833] Paramount Iteration,1,52,10.621360,0.195296
[MO833] Paramount Iteration,2,53,10.814839,0.195076
[MO833] Paramount Iteration,0,53,10.814865,0.195082
[MO833] Paramount Iteration,1,53,10.816385,0.195025
[MO833] Paramount Iteration,3,53,10.816452,0.195052
[MO833] Paramount Iteration,0,54,11.009786,0.194921
[MO833] Paramount Iteration,2,54,11.009858,0.195019
[MO833] Paramount Iteration,3,54,11.011418,0.194966
[MO833] Paramount Iteration,1,54,11.011374,0.194989
[MO833] Paramount Iteration,2,55,11.204879,0.195021
[MO833] Paramount Iteration,0,55,11.204903,0.195117
[MO833] Paramount Iteration,1,55,11.206422,0.195048
[MO833] Paramount Iteration,3,55,11.206556,0.195138
[MO833] Paramount Iteration,0,56,11.399960,0.195057
[MO833] Paramount Iteration,2,56,11.399933,0.195054
[MO833] Paramount Iteration,3,56,11.401571,0.195015
[MO833] Paramount Iteration,1,56,11.401487,0.195065
[MO833] Paramount Iteration,0,57,11.594904,0.194944
[MO833] Paramount Iteration,3,57,11.596401,0.194830
[MO833] Paramount Iteration,1,57,11.596338,0.194851
[MO833] Paramount Iteration,2,57,11.598763,0.198830
[MO833] Paramount Iteration,0,58,11.795356,0.200452
[MO833] Paramount Iteration,2,58,11.795375,0.196612
[MO833] Paramount Iteration,1,58,11.796914,0.200576
[MO833] Paramount Iteration,3,58,11.796969,0.200568
[MO833] Paramount Iteration,2,59,11.990400,0.195025
[MO833] Paramount Iteration,0,59,11.990430,0.195074
 Time step   60
[MO833] Paramount Iteration,3,59,11.992024,0.195055
[MO833] Paramount Iteration,1,59,11.991963,0.195049
[MO833] Paramount Iteration,0,60,12.185990,0.195560
[MO833] Paramount Iteration,2,60,12.185954,0.195554
[MO833] Paramount Iteration,1,60,12.187509,0.195546
[MO833] Paramount Iteration,3,60,12.187576,0.195552
[MO833] Paramount Iteration,2,61,12.380986,0.195032
[MO833] Paramount Iteration,0,61,12.381082,0.195092
[MO833] Paramount Iteration,1,61,12.382569,0.195060
[MO833] Paramount Iteration,3,61,12.382684,0.195108
[MO833] Paramount Iteration,2,62,12.576032,0.195046
[MO833] Paramount Iteration,0,62,12.576146,0.195064
[MO833] Paramount Iteration,1,62,12.577631,0.195062
[MO833] Paramount Iteration,3,62,12.577782,0.195098
[MO833] Paramount Iteration,0,63,12.771271,0.195125
[MO833] Paramount Iteration,2,63,12.771175,0.195143
[MO833] Paramount Iteration,1,63,12.772713,0.195082
[MO833] Paramount Iteration,3,63,12.772838,0.195056
[MO833] Paramount Iteration,2,64,12.966392,0.195217
[MO833] Paramount Iteration,0,64,12.966344,0.195073
[MO833] Paramount Iteration,1,64,12.967939,0.195226
[MO833] Paramount Iteration,3,64,12.967969,0.195131
[MO833] Paramount Iteration,0,65,13.161399,0.195055
[MO833] Paramount Iteration,2,65,13.161419,0.195027
[MO833] Paramount Iteration,3,65,13.163051,0.195082
[MO833] Paramount Iteration,1,65,13.162971,0.195032
[MO833] Paramount Iteration,2,66,13.356620,0.195201
[MO833] Paramount Iteration,0,66,13.356765,0.195366
[MO833] Paramount Iteration,1,66,13.358223,0.195252
[MO833] Paramount Iteration,3,66,13.358323,0.195272
[MO833] Paramount Iteration,0,67,13.551825,0.195060
[MO833] Paramount Iteration,2,67,13.551813,0.195193
[MO833] Paramount Iteration,3,67,13.553406,0.195083
[MO833] Paramount Iteration,1,67,13.553396,0.195173
[MO833] Paramount Iteration,2,68,13.746744,0.194931
[MO833] Paramount Iteration,0,68,13.746924,0.195099
[MO833] Paramount Iteration,1,68,13.748351,0.194955
[MO833] Paramount Iteration,3,68,13.748448,0.195042
[MO833] Paramount Iteration,0,69,13.941902,0.194978
[MO833] Paramount Iteration,2,69,13.941892,0.195148
[MO833] Paramount Iteration,1,69,13.943394,0.195043
[MO833] Paramount Iteration,3,69,13.943519,0.195071
[MO833] Paramount Iteration,2,70,14.136906,0.195014
[MO833] Paramount Iteration,0,70,14.136974,0.195072
[MO833] Paramount Iteration,1,70,14.138508,0.195114
[MO833] Paramount Iteration,3,70,14.138588,0.195069
[MO833] Paramount Iteration,0,71,14.332100,0.195126
[MO833] Paramount Iteration,2,71,14.331967,0.195061
[MO833] Paramount Iteration,3,71,14.333717,0.195129
[MO833] Paramount Iteration,1,71,14.333646,0.195138
[MO833] Paramount Iteration,2,72,14.528229,0.196262
[MO833] Paramount Iteration,0,72,14.528209,0.196109
[MO833] Paramount Iteration,1,72,14.529794,0.196148
[MO833] Paramount Iteration,3,72,14.529832,0.196115
[MO833] Paramount Iteration,0,73,14.723587,0.195378
[MO833] Paramount Iteration,2,73,14.723530,0.195301
[MO833] Paramount Iteration,3,73,14.725151,0.195319
[MO833] Paramount Iteration,1,73,14.725051,0.195257
[MO833] Paramount Iteration,1,74,14.919278,0.194227
[MO833] Paramount Iteration,3,74,14.919565,0.194414
[MO833] Paramount Iteration,2,74,14.921817,0.198287
[MO833] Paramount Iteration,0,74,14.921955,0.198368
[MO833] Paramount Iteration,2,75,15.115368,0.193551
[MO833] Paramount Iteration,0,75,15.115355,0.193400
[MO833] Paramount Iteration,3,75,15.116972,0.197407
[MO833] Paramount Iteration,1,75,15.116888,0.197610
[MO833] Paramount Iteration,0,76,15.310359,0.195004
[MO833] Paramount Iteration,2,76,15.310296,0.194928
[MO833] Paramount Iteration,1,76,15.311829,0.194941
[MO833] Paramount Iteration,3,76,15.311957,0.194985
[MO833] Paramount Iteration,2,77,15.505264,0.194968
[MO833] Paramount Iteration,0,77,15.505287,0.194928
[MO833] Paramount Iteration,3,77,15.506909,0.194952
[MO833] Paramount Iteration,1,77,15.506838,0.195009
[MO833] Paramount Iteration,0,78,15.700545,0.195258
[MO833] Paramount Iteration,2,78,15.700500,0.195236
[MO833] Paramount Iteration,1,78,15.702089,0.195251
[MO833] Paramount Iteration,3,78,15.702162,0.195253
[MO833] Paramount Iteration,2,79,15.895895,0.195395
[MO833] Paramount Iteration,0,79,15.895895,0.195350
 Time step   80
[MO833] Paramount Iteration,3,79,15.897486,0.195324
[MO833] Paramount Iteration,1,79,15.897424,0.195335
[MO833] Paramount Iteration,0,80,16.103520,0.207625
[MO833] Paramount Iteration,2,80,16.103548,0.207653
[MO833] Paramount Iteration,3,80,16.111758,0.214272
[MO833] Paramount Iteration,1,80,16.111858,0.214434
[MO833] Paramount Iteration,2,81,16.308327,0.204779
[MO833] Paramount Iteration,0,81,16.308298,0.204778
[MO833] Paramount Iteration,3,81,16.309924,0.198166
[MO833] Paramount Iteration,1,81,16.309882,0.198024
[MO833] Paramount Iteration,0,82,16.503839,0.195541
[MO833] Paramount Iteration,2,82,16.503832,0.195505
[MO833] Paramount Iteration,1,82,16.505356,0.195474
[MO833] Paramount Iteration,3,82,16.505450,0.195526
[MO833] Paramount Iteration,2,83,16.698720,0.194888
[MO833] Paramount Iteration,0,83,16.698840,0.195001
[MO833] Paramount Iteration,3,83,16.700418,0.194968
[MO833] Paramount Iteration,1,83,16.700320,0.194964
[MO833] Paramount Iteration,2,84,16.893805,0.195085
[MO833] Paramount Iteration,0,84,16.893986,0.195146
[MO833] Paramount Iteration,1,84,16.895445,0.195125
[MO833] Paramount Iteration,3,84,16.895588,0.195170
[MO833] Paramount Iteration,2,85,17.089032,0.195227
[MO833] Paramount Iteration,0,85,17.089064,0.195078
[MO833] Paramount Iteration,3,85,17.090669,0.195081
[MO833] Paramount Iteration,1,85,17.090638,0.195193
[MO833] Paramount Iteration,0,86,17.284277,0.195213
[MO833] Paramount Iteration,2,86,17.284226,0.195194
[MO833] Paramount Iteration,1,86,17.285851,0.195213
[MO833] Paramount Iteration,3,86,17.285897,0.195228
[MO833] Paramount Iteration,2,87,17.479502,0.195276
[MO833] Paramount Iteration,0,87,17.479538,0.195261
[MO833] Paramount Iteration,3,87,17.481132,0.195235
[MO833] Paramount Iteration,1,87,17.481074,0.195223
[MO833] Paramount Iteration,0,88,17.674503,0.194965
[MO833] Paramount Iteration,2,88,17.674523,0.195021
[MO833] Paramount Iteration,1,88,17.676050,0.194976
[MO833] Paramount Iteration,3,88,17.676091,0.194959
[MO833] Paramount Iteration,2,89,17.869478,0.194955
[MO833] Paramount Iteration,0,89,17.869513,0.195010
[MO833] Paramount Iteration,3,89,17.871119,0.195028
[MO833] Paramount Iteration,1,89,17.871028,0.194978
[MO833] Paramount Iteration,0,90,18.065018,0.195505
[MO833] Paramount Iteration,2,90,18.064896,0.195418
[MO833] Paramount Iteration,1,90,18.066488,0.195460
[MO833] Paramount Iteration,3,90,18.066591,0.195472
[MO833] Paramount Iteration,2,91,18.260083,0.195187
[MO833] Paramount Iteration,0,91,18.260133,0.195115
[MO833] Paramount Iteration,3,91,18.261723,0.195132
[MO833] Paramount Iteration,1,91,18.261708,0.195220
[MO833] Paramount Iteration,0,92,18.455347,0.195214
[MO833] Paramount Iteration,2,92,18.455230,0.195147
[MO833] Paramount Iteration,1,92,18.456769,0.195061
[MO833] Paramount Iteration,3,92,18.456944,0.195221
[MO833] Paramount Iteration,2,93,18.650237,0.195007
[MO833] Paramount Iteration,0,93,18.650467,0.195120
[MO833] Paramount Iteration,1,93,18.651847,0.195078
[MO833] Paramount Iteration,3,93,18.652032,0.195088
[MO833] Paramount Iteration,1,94,18.850187,0.198340
[MO833] Paramount Iteration,3,94,18.850348,0.198316
[MO833] Paramount Iteration,0,94,18.852462,0.201995
[MO833] Paramount Iteration,2,94,18.852426,0.202189
[MO833] Paramount Iteration,2,95,19.045965,0.193539
[MO833] Paramount Iteration,0,95,19.046145,0.193683
[MO833] Paramount Iteration,1,95,19.047541,0.197354
[MO833] Paramount Iteration,3,95,19.047700,0.197352
[MO833] Paramount Iteration,0,96,19.241239,0.195094
[MO833] Paramount Iteration,2,96,19.241108,0.195143
[MO833] Paramount Iteration,1,96,19.242736,0.195195
[MO833] Paramount Iteration,3,96,19.242866,0.195166
[MO833] Paramount Iteration,2,97,19.436186,0.195078
[MO833] Paramount Iteration,0,97,19.436350,0.195111
[MO833] Paramount Iteration,1,97,19.437814,0.195078
[MO833] Paramount Iteration,3,97,19.437956,0.195090
[MO833] Paramount Iteration,0,98,19.631451,0.195101
[MO833] Paramount Iteration,2,98,19.631316,0.195130
[MO833] Paramount Iteration,3,98,19.632995,0.195039
[MO833] Paramount Iteration,1,98,19.632897,0.195083
[MO833] Paramount Iteration,2,99,19.826205,0.194889
[MO833] Paramount Iteration,0,99,19.826358,0.194907
 Time step  100
[MO833] Paramount Iteration,1,99,19.827787,0.194890
[MO833] Paramount Iteration,3,99,19.827944,0.194949
[MO833] Paramount Iteration,0,100,20.021450,0.195092
[MO833] Paramount Iteration,2,100,20.021382,0.195177
[MO833] Paramount Iteration,3,100,20.023064,0.195120
[MO833] Paramount Iteration,1,100,20.023001,0.195214
[MO833] Paramount Iteration,2,101,20.216481,0.195099
[MO833] Paramount Iteration,0,101,20.216637,0.195187
[MO833] Paramount Iteration,1,101,20.218128,0.195127
[MO833] Paramount Iteration,3,101,20.218250,0.195186
[MO833] Paramount Iteration,0,102,20.411847,0.195210
[MO833] Paramount Iteration,2,102,20.411886,0.195405
[MO833] Paramount Iteration,3,102,20.413469,0.195219
[MO833] Paramount Iteration,1,102,20.413411,0.195283
[MO833] Paramount Iteration,2,103,20.607024,0.195138
[MO833] Paramount Iteration,0,103,20.607085,0.195238
[MO833] Paramount Iteration,1,103,20.608605,0.195194
[MO833] Paramount Iteration,3,103,20.608673,0.195204
[MO833] Paramount Iteration,0,104,20.802293,0.195208
[MO833] Paramount Iteration,2,104,20.802293,0.195269
[MO833] Paramount Iteration,3,104,20.803881,0.195208
[MO833] Paramount Iteration,1,104,20.803830,0.195225
[MO833] Paramount Iteration,2,105,20.997208,0.194915
[MO833] Paramount Iteration,0,105,20.997318,0.195025
[MO833] Paramount Iteration,1,105,20.998777,0.194947
[MO833] Paramount Iteration,3,105,20.998920,0.195039
[MO833] Paramount Iteration,0,106,21.192389,0.195071
[MO833] Paramount Iteration,2,106,21.192394,0.195186
[MO833] Paramount Iteration,3,106,21.194036,0.195116
[MO833] Paramount Iteration,1,106,21.193949,0.195172
[MO833] Paramount Iteration,2,107,21.387558,0.195164
[MO833] Paramount Iteration,0,107,21.387551,0.195162
[MO833] Paramount Iteration,1,107,21.389126,0.195177
[MO833] Paramount Iteration,3,107,21.389169,0.195133
[MO833] Paramount Iteration,2,108,21.582499,0.194941
[MO833] Paramount Iteration,0,108,21.582654,0.195103
[MO833] Paramount Iteration,1,108,21.584080,0.194954
[MO833] Paramount Iteration,3,108,21.584225,0.195056
[MO833] Paramount Iteration,2,109,21.777507,0.195008
[MO833] Paramount Iteration,0,109,21.777776,0.195122
[MO833] Paramount Iteration,1,109,21.779140,0.195060
[MO833] Paramount Iteration,3,109,21.779324,0.195099
[MO833] Paramount Iteration,2,110,21.972905,0.195398
[MO833] Paramount Iteration,0,110,21.972870,0.195094
[MO833] Paramount Iteration,1,110,21.974491,0.195351
[MO833] Paramount Iteration,3,110,21.974482,0.195158
[MO833] Paramount Iteration,0,111,22.168151,0.195281
[MO833] Paramount Iteration,2,111,22.168133,0.195228
[MO833] Paramount Iteration,3,111,22.169771,0.195289
[MO833] Paramount Iteration,1,111,22.169748,0.195257
[MO833] Paramount Iteration,2,112,22.363173,0.195040
[MO833] Paramount Iteration,0,112,22.363284,0.195133
[MO833] Paramount Iteration,1,112,22.364735,0.194987
[MO833] Paramount Iteration,3,112,22.364847,0.195076
[MO833] Paramount Iteration,0,113,22.558234,0.194950
[MO833] Paramount Iteration,2,113,22.558151,0.194978
[MO833] Paramount Iteration,1,113,22.559705,0.194970
[MO833] Paramount Iteration,3,113,22.559835,0.194988
[MO833] Paramount Iteration,2,114,22.753109,0.194958
[MO833] Paramount Iteration,0,114,22.753232,0.194998
[MO833] Paramount Iteration,1,114,22.754691,0.194986
[MO833] Paramount Iteration,3,114,22.754828,0.194993
[MO833] Paramount Iteration,0,115,22.948372,0.195140
[MO833] Paramount Iteration,2,115,22.948421,0.195312
[MO833] Paramount Iteration,3,115,22.950004,0.195176
[MO833] Paramount Iteration,1,115,22.949994,0.195303
[MO833] Paramount Iteration,0,116,23.143279,0.194907
[MO833] Paramount Iteration,2,116,23.143586,0.195165
[MO833] Paramount Iteration,3,116,23.144961,0.194957
[MO833] Paramount Iteration,1,116,23.144913,0.194919
[MO833] Paramount Iteration,0,117,23.336383,0.193104
[MO833] Paramount Iteration,2,117,23.336443,0.192857
[MO833] Paramount Iteration,1,117,23.337832,0.192919
[MO833] Paramount Iteration,3,117,23.338042,0.193081
[MO833] Paramount Iteration,3,118,23.541334,0.203292
[MO833] Paramount Iteration,1,118,23.543049,0.205217
[MO833] Paramount Iteration,0,118,23.543683,0.207300
[MO833] Paramount Iteration,2,118,23.545845,0.209402
[MO833] Paramount Iteration,0,119,23.739345,0.195662
 Time step  120
[MO833] Paramount Iteration,2,119,23.739560,0.193715
[MO833] Paramount Iteration,1,119,23.740873,0.197824
[MO833] Paramount Iteration,3,119,23.740962,0.199628
[MO833] Paramount Iteration,0,120,23.932295,0.192950
[MO833] Paramount Iteration,2,120,23.932449,0.192889
[MO833] Paramount Iteration,1,120,23.933870,0.192997
[MO833] Paramount Iteration,3,120,23.933996,0.193034
[MO833] Paramount Iteration,0,121,24.125359,0.193064
[MO833] Paramount Iteration,2,121,24.125334,0.192885
[MO833] Paramount Iteration,1,121,24.126883,0.193013
[MO833] Paramount Iteration,3,121,24.126987,0.192991
[MO833] Paramount Iteration,2,122,24.320327,0.194993
[MO833] Paramount Iteration,0,122,24.320400,0.195041
[MO833] Paramount Iteration,1,122,24.321916,0.195033
[MO833] Paramount Iteration,3,122,24.322016,0.195029
[MO833] Paramount Iteration,0,123,24.515414,0.195014
[MO833] Paramount Iteration,2,123,24.515435,0.195108
[MO833] Paramount Iteration,1,123,24.516988,0.195072
[MO833] Paramount Iteration,3,123,24.517027,0.195011
[MO833] Paramount Iteration,2,124,24.710377,0.194942
[MO833] Paramount Iteration,0,124,24.710461,0.195047
[MO833] Paramount Iteration,1,124,24.711924,0.194936
[MO833] Paramount Iteration,3,124,24.712055,0.195028
[MO833] Paramount Iteration,0,125,24.905375,0.194914
[MO833] Paramount Iteration,2,125,24.905330,0.194953
[MO833] Paramount Iteration,1,125,24.906905,0.194981
[MO833] Paramount Iteration,3,125,24.907009,0.194954
[MO833] Paramount Iteration,2,126,25.100407,0.195077
[MO833] Paramount Iteration,0,126,25.100628,0.195253
[MO833] Paramount Iteration,1,126,25.102024,0.195119
[MO833] Paramount Iteration,3,126,25.102225,0.195216
[MO833] Paramount Iteration,0,127,25.295603,0.194975
[MO833] Paramount Iteration,2,127,25.295575,0.195168
[MO833] Paramount Iteration,1,127,25.297112,0.195088
[MO833] Paramount Iteration,3,127,25.297204,0.194979
[MO833] Paramount Iteration,2,128,25.490651,0.195076
[MO833] Paramount Iteration,0,128,25.490689,0.195086
[MO833] Paramount Iteration,3,128,25.492271,0.195067
[MO833] Paramount Iteration,1,128,25.492184,0.195072
[MO833] Paramount Iteration,0,129,25.685617,0.194928
[MO833] Paramount Iteration,2,129,25.685641,0.194990
[MO833] Paramount Iteration,1,129,25.687203,0.195019
[MO833] Paramount Iteration,3,129,25.687231,0.194960
[MO833] Paramount Iteration,2,130,25.880885,0.195244
[MO833] Paramount Iteration,0,130,25.880910,0.195293
[MO833] Paramount Iteration,3,130,25.882534,0.195303
[MO833] Paramount Iteration,1,130,25.882499,0.195296
[MO833] Paramount Iteration,0,131,26.075991,0.195081
[MO833] Paramount Iteration,2,131,26.075972,0.195087
[MO833] Paramount Iteration,1,131,26.077517,0.195018
[MO833] Paramount Iteration,3,131,26.077589,0.195055
[MO833] Paramount Iteration,2,132,26.271028,0.195056
[MO833] Paramount Iteration,0,132,26.271074,0.195083
[MO833] Paramount Iteration,3,132,26.272669,0.195080
[MO833] Paramount Iteration,1,132,26.272602,0.195085
[MO833] Paramount Iteration,0,133,26.466117,0.195043
[MO833] Paramount Iteration,2,133,26.466043,0.195015
[MO833] Paramount Iteration,1,133,26.467588,0.194986
[MO833] Paramount Iteration,3,133,26.467710,0.195041
[MO833] Paramount Iteration,2,134,26.661148,0.195105
[MO833] Paramount Iteration,0,134,26.661138,0.195021
[MO833] Paramount Iteration,3,134,26.662779,0.195069
[MO833] Paramount Iteration,1,134,26.662699,0.195111
[MO833] Paramount Iteration,2,135,26.856010,0.194862
[MO833] Paramount Iteration,0,135,26.856204,0.195066
[MO833] Paramount Iteration,1,135,26.857666,0.194967
[MO833] Paramount Iteration,3,135,26.857833,0.195054
[MO833] Paramount Iteration,2,136,27.051370,0.195360
[MO833] Paramount Iteration,0,136,27.051376,0.195172
[MO833] Paramount Iteration,3,136,27.052975,0.195142
[MO833] Paramount Iteration,1,136,27.052908,0.195242
[MO833] Paramount Iteration,2,137,27.246375,0.195005
[MO833] Paramount Iteration,0,137,27.246569,0.195193
[MO833] Paramount Iteration,1,137,27.247980,0.195072
[MO833] Paramount Iteration,3,137,27.248142,0.195167
[MO833] Paramount Iteration,2,138,27.441506,0.195131
[MO833] Paramount Iteration,0,138,27.441489,0.194920
[MO833] Paramount Iteration,3,138,27.443130,0.194988
[MO833] Paramount Iteration,1,138,27.443075,0.195095
[MO833] Paramount Iteration,2,139,27.636441,0.194935
[MO833] Paramount Iteration,0,139,27.636712,0.195223
 Time step  140
[MO833] Paramount Iteration,1,139,27.638083,0.195008
[MO833] Paramount Iteration,3,139,27.638266,0.195136
[MO833] Paramount Iteration,2,140,27.831572,0.195131
[MO833] Paramount Iteration,0,140,27.831635,0.194923
[MO833] Paramount Iteration,3,140,27.833222,0.194956
[MO833] Paramount Iteration,1,140,27.833135,0.195052
[MO833] Paramount Iteration,0,141,28.026631,0.194996
[MO833] Paramount Iteration,2,141,28.026649,0.195077
[MO833] Paramount Iteration,1,141,28.028241,0.195106
[MO833] Paramount Iteration,3,141,28.028267,0.195045
[MO833] Paramount Iteration,2,142,28.221592,0.194943
[MO833] Paramount Iteration,0,142,28.221654,0.195023
[MO833] Paramount Iteration,3,142,28.223237,0.194970
[MO833] Paramount Iteration,1,142,28.223143,0.194902
[MO833] Paramount Iteration,0,143,28.416801,0.195147
[MO833] Paramount Iteration,2,143,28.416729,0.195137
[MO833] Paramount Iteration,1,143,28.418318,0.195175
[MO833] Paramount Iteration,3,143,28.418413,0.195176
[MO833] Paramount Iteration,2,144,28.611985,0.195256
[MO833] Paramount Iteration,0,144,28.612031,0.195230
[MO833] Paramount Iteration,1,144,28.613501,0.195183
[MO833] Paramount Iteration,3,144,28.613629,0.195216
[MO833] Paramount Iteration,0,145,28.807628,0.195597
[MO833] Paramount Iteration,2,145,28.807563,0.195578
[MO833] Paramount Iteration,1,145,28.809147,0.195646
[MO833] Paramount Iteration,3,145,28.809196,0.195567
[MO833] Paramount Iteration,2,146,29.002431,0.194868
[MO833] Paramount Iteration,0,146,29.002611,0.194983
[MO833] Paramount Iteration,1,146,29.004031,0.194884
[MO833] Paramount Iteration,3,146,29.004187,0.194991
[MO833] Paramount Iteration,0,147,29.203430,0.200819
[MO833] Paramount Iteration,2,147,29.203353,0.200922
[MO833] Paramount Iteration,1,147,29.204942,0.200911
[MO833] Paramount Iteration,3,147,29.205039,0.200852
[MO833] Paramount Iteration,2,148,29.398171,0.194818
[MO833] Paramount Iteration,0,148,29.398296,0.194866
[MO833] Paramount Iteration,1,148,29.399739,0.194797
[MO833] Paramount Iteration,3,148,29.399919,0.194880
[MO833] Paramount Iteration,0,149,29.593173,0.194877
[MO833] Paramount Iteration,2,149,29.593188,0.195017
[MO833] Paramount Iteration,1,149,29.594758,0.195019
[MO833] Paramount Iteration,3,149,29.594796,0.194877
[MO833] Paramount Iteration,2,150,29.788194,0.195006
[MO833] Paramount Iteration,0,150,29.788203,0.195030
[MO833] Paramount Iteration,3,150,29.789812,0.195016
[MO833] Paramount Iteration,1,150,29.789804,0.195046
[MO833] Paramount Iteration,0,151,29.983248,0.195045
[MO833] Paramount Iteration,2,151,29.983182,0.194988
[MO833] Paramount Iteration,1,151,29.984748,0.194944
[MO833] Paramount Iteration,3,151,29.984816,0.195004
[MO833] Paramount Iteration,2,152,30.178044,0.194862
[MO833] Paramount Iteration,0,152,30.178232,0.194984
[MO833] Paramount Iteration,1,152,30.179657,0.194909
[MO833] Paramount Iteration,3,152,30.179797,0.194981
[MO833] Paramount Iteration,0,153,30.373421,0.195189
[MO833] Paramount Iteration,2,153,30.373270,0.195226
[MO833] Paramount Iteration,1,153,30.374912,0.195255
[MO833] Paramount Iteration,3,153,30.375037,0.195240
[MO833] Paramount Iteration,2,154,30.568646,0.195376
[MO833] Paramount Iteration,0,154,30.568688,0.195267
[MO833] Paramount Iteration,3,154,30.570284,0.195247
[MO833] Paramount Iteration,1,154,30.570252,0.195340
[MO833] Paramount Iteration,0,155,30.763693,0.195005
[MO833] Paramount Iteration,2,155,30.763716,0.195070
[MO833] Paramount Iteration,1,155,30.765259,0.195007
[MO833] Paramount Iteration,3,155,30.765310,0.195026
[MO833] Paramount Iteration,2,156,30.958706,0.194990
[MO833] Paramount Iteration,0,156,30.958838,0.195145
[MO833] Paramount Iteration,3,156,30.960401,0.195091
[MO833] Paramount Iteration,1,156,30.960314,0.195055
[MO833] Paramount Iteration,0,157,31.154129,0.195291
[MO833] Paramount Iteration,2,157,31.154154,0.195448
[MO833] Paramount Iteration,1,157,31.155672,0.195358
[MO833] Paramount Iteration,3,157,31.155730,0.195329
[MO833] Paramount Iteration,2,158,31.349122,0.194968
[MO833] Paramount Iteration,0,158,31.349130,0.195001
[MO833] Paramount Iteration,1,158,31.350669,0.194997
[MO833] Paramount Iteration,3,158,31.350785,0.195055
[MO833] Paramount Iteration,2,159,31.544094,0.194972
[MO833] Paramount Iteration,0,159,31.544301,0.195171
 Time step  160
[MO833] Paramount Iteration,1,159,31.545716,0.195047
[MO833] Paramount Iteration,3,159,31.545922,0.195137
[MO833] Paramount Iteration,2,160,31.739280,0.195186
[MO833] Paramount Iteration,0,160,31.739435,0.195134
[MO833] Paramount Iteration,1,160,31.740847,0.195131
[MO833] Paramount Iteration,3,160,31.741044,0.195122
[MO833] Paramount Iteration,2,161,31.934357,0.195077
[MO833] Paramount Iteration,0,161,31.934357,0.194922
[MO833] Paramount Iteration,3,161,31.935963,0.194919
[MO833] Paramount Iteration,1,161,31.935894,0.195047
[MO833] Paramount Iteration,0,162,32.150197,0.215840
[MO833] Paramount Iteration,2,162,32.150228,0.215871
[MO833] Paramount Iteration,1,162,32.155090,0.219196
[MO833] Paramount Iteration,3,162,32.155094,0.219131
[MO833] Paramount Iteration,2,163,32.351299,0.201071
[MO833] Paramount Iteration,0,163,32.351259,0.201062
[MO833] Paramount Iteration,3,163,32.352863,0.197769
[MO833] Paramount Iteration,1,163,32.352842,0.197752
[MO833] Paramount Iteration,0,164,32.546732,0.195473
[MO833] Paramount Iteration,2,164,32.546732,0.195433
[MO833] Paramount Iteration,1,164,32.548288,0.195446
[MO833] Paramount Iteration,3,164,32.548335,0.195472
[MO833] Paramount Iteration,2,165,32.741608,0.194876
[MO833] Paramount Iteration,0,165,32.741660,0.194928
[MO833] Paramount Iteration,3,165,32.743233,0.194898
[MO833] Paramount Iteration,1,165,32.743195,0.194907
[MO833] Paramount Iteration,0,166,32.937088,0.195428
[MO833] Paramount Iteration,2,166,32.937050,0.195442
[MO833] Paramount Iteration,1,166,32.938670,0.195475
[MO833] Paramount Iteration,3,166,32.938715,0.195482
[MO833] Paramount Iteration,2,167,33.132139,0.195089
[MO833] Paramount Iteration,0,167,33.132183,0.195095
[MO833] Paramount Iteration,3,167,33.133786,0.195071
[MO833] Paramount Iteration,1,167,33.133748,0.195078
[MO833] Paramount Iteration,2,168,33.327483,0.195344
[MO833] Paramount Iteration,0,168,33.327651,0.195468
[MO833] Paramount Iteration,1,168,33.329058,0.195310
[MO833] Paramount Iteration,3,168,33.329197,0.195411
[MO833] Paramount Iteration,2,169,33.522625,0.195142
[MO833] Paramount Iteration,0,169,33.522644,0.194993
[MO833] Paramount Iteration,3,169,33.524237,0.195040
[MO833] Paramount Iteration,1,169,33.524185,0.195127
[MO833] Paramount Iteration,0,170,33.718213,0.195569
[MO833] Paramount Iteration,2,170,33.718512,0.195887
[MO833] Paramount Iteration,1,170,33.719894,0.195709
[MO833] Paramount Iteration,3,170,33.719891,0.195654
[MO833] Paramount Iteration,2,171,33.913360,0.194848
[MO833] Paramount Iteration,0,171,33.913512,0.195299
[MO833] Paramount Iteration,1,171,33.915039,0.195145
[MO833] Paramount Iteration,3,171,33.915128,0.195237
[MO833] Paramount Iteration,0,172,34.109034,0.195522
[MO833] Paramount Iteration,2,172,34.109033,0.195673
[MO833] Paramount Iteration,1,172,34.110576,0.195537
[MO833] Paramount Iteration,3,172,34.110680,0.195552
[MO833] Paramount Iteration,2,173,34.304180,0.195147
[MO833] Paramount Iteration,0,173,34.304250,0.195216
[MO833] Paramount Iteration,1,173,34.305786,0.195210
[MO833] Paramount Iteration,3,173,34.305919,0.195239
[MO833] Paramount Iteration,2,174,34.499389,0.195209
[MO833] Paramount Iteration,0,174,34.499547,0.195297
[MO833] Paramount Iteration,1,174,34.500952,0.195166
[MO833] Paramount Iteration,3,174,34.501159,0.195240
[MO833] Paramount Iteration,2,175,34.694334,0.194945
[MO833] Paramount Iteration,0,175,34.694498,0.194951
[MO833] Paramount Iteration,1,175,34.695952,0.195000
[MO833] Paramount Iteration,3,175,34.696123,0.194964
[MO833] Paramount Iteration,2,176,34.889677,0.195343
[MO833] Paramount Iteration,0,176,34.889883,0.195385
[MO833] Paramount Iteration,1,176,34.891287,0.195335
[MO833] Paramount Iteration,3,176,34.891448,0.195325
[MO833] Paramount Iteration,0,177,35.084794,0.194911
[MO833] Paramount Iteration,2,177,35.084744,0.195067
[MO833] Paramount Iteration,1,177,35.086327,0.195040
[MO833] Paramount Iteration,3,177,35.086402,0.194954
[MO833] Paramount Iteration,2,178,35.279948,0.195204
[MO833] Paramount Iteration,0,178,35.280043,0.195249
[MO833] Paramount Iteration,1,178,35.281498,0.195171
[MO833] Paramount Iteration,3,178,35.281641,0.195239
[MO833] Paramount Iteration,2,179,35.475023,0.195075
[MO833] Paramount Iteration,0,179,35.475198,0.195155
 Time step  180
[MO833] Paramount Iteration,1,179,35.476629,0.195131
[MO833] Paramount Iteration,3,179,35.476772,0.195131
[MO833] Paramount Iteration,0,180,35.670115,0.194917
[MO833] Paramount Iteration,2,180,35.670079,0.195056
[MO833] Paramount Iteration,3,180,35.671721,0.194949
[MO833] Paramount Iteration,1,180,35.671624,0.194995
[MO833] Paramount Iteration,3,181,35.866373,0.194652
[MO833] Paramount Iteration,1,181,35.866257,0.194633
[MO833] Paramount Iteration,2,181,35.868456,0.198377
[MO833] Paramount Iteration,0,181,35.868467,0.198352
[MO833] Paramount Iteration,2,182,36.061820,0.193364
[MO833] Paramount Iteration,0,182,36.061899,0.193432
[MO833] Paramount Iteration,1,182,36.063442,0.197185
[MO833] Paramount Iteration,3,182,36.063524,0.197151
[MO833] Paramount Iteration,2,183,36.256854,0.195034
[MO833] Paramount Iteration,0,183,36.257028,0.195129
[MO833] Paramount Iteration,1,183,36.258473,0.195031
[MO833] Paramount Iteration,3,183,36.258584,0.195060
[MO833] Paramount Iteration,2,184,36.452699,0.195845
[MO833] Paramount Iteration,0,184,36.452683,0.195655
[MO833] Paramount Iteration,3,184,36.454329,0.195745
[MO833] Paramount Iteration,1,184,36.454305,0.195832
[MO833] Paramount Iteration,0,185,36.647814,0.195131
[MO833] Paramount Iteration,2,185,36.647683,0.194984
[MO833] Paramount Iteration,1,185,36.649261,0.194956
[MO833] Paramount Iteration,3,185,36.649390,0.195061
[MO833] Paramount Iteration,2,186,36.842879,0.195196
[MO833] Paramount Iteration,0,186,36.842923,0.195109
[MO833] Paramount Iteration,3,186,36.844531,0.195141
[MO833] Paramount Iteration,1,186,36.844467,0.195206
[MO833] Paramount Iteration,2,187,37.037806,0.194927
[MO833] Paramount Iteration,0,187,37.037998,0.195075
[MO833] Paramount Iteration,1,187,37.039405,0.194938
[MO833] Paramount Iteration,3,187,37.039540,0.195009
[MO833] Paramount Iteration,2,188,37.233239,0.195433
[MO833] Paramount Iteration,0,188,37.233337,0.195339
[MO833] Paramount Iteration,1,188,37.234857,0.195452
[MO833] Paramount Iteration,3,188,37.234958,0.195418
[MO833] Paramount Iteration,0,189,37.428767,0.195430
[MO833] Paramount Iteration,2,189,37.428593,0.195354
[MO833] Paramount Iteration,1,189,37.430201,0.195344
[MO833] Paramount Iteration,3,189,37.430338,0.195380
[MO833] Paramount Iteration,2,190,37.623808,0.195215
[MO833] Paramount Iteration,0,190,37.623807,0.195040
[MO833] Paramount Iteration,1,190,37.625332,0.195131
[MO833] Paramount Iteration,3,190,37.625434,0.195096
[MO833] Paramount Iteration,0,191,37.818883,0.195076
[MO833] Paramount Iteration,2,191,37.818766,0.194958
[MO833] Paramount Iteration,1,191,37.820381,0.195049
[MO833] Paramount Iteration,3,191,37.820471,0.195037
[MO833] Paramount Iteration,2,192,38.013661,0.194895
[MO833] Paramount Iteration,0,192,38.014002,0.195119
[MO833] Paramount Iteration,1,192,38.015341,0.194960
[MO833] Paramount Iteration,3,192,38.015556,0.195085
[MO833] Paramount Iteration,2,193,38.208716,0.195055
[MO833] Paramount Iteration,0,193,38.208993,0.194991
[MO833] Paramount Iteration,1,193,38.210363,0.195022
[MO833] Paramount Iteration,3,193,38.210562,0.195006
[MO833] Paramount Iteration,0,194,38.403838,0.194845
[MO833] Paramount Iteration,2,194,38.403811,0.195095
[MO833] Paramount Iteration,3,194,38.405433,0.194871
[MO833] Paramount Iteration,1,194,38.405361,0.194998
[MO833] Paramount Iteration,2,195,38.598656,0.194845
[MO833] Paramount Iteration,0,195,38.598731,0.194893
[MO833] Paramount Iteration,1,195,38.600258,0.194897
[MO833] Paramount Iteration,3,195,38.600343,0.194910
[MO833] Paramount Iteration,0,196,38.793786,0.195055
[MO833] Paramount Iteration,2,196,38.793721,0.195065
[MO833] Paramount Iteration,1,196,38.795271,0.195013
[MO833] Paramount Iteration,3,196,38.795367,0.195024
[MO833] Paramount Iteration,0,197,38.988748,0.194962
[MO833] Paramount Iteration,2,197,38.988738,0.195017
[MO833] Paramount Iteration,1,197,38.990312,0.195041
[MO833] Paramount Iteration,3,197,38.990380,0.195013
[MO833] Paramount Iteration,2,198,39.183862,0.195124
[MO833] Paramount Iteration,0,198,39.183865,0.195117
[MO833] Paramount Iteration,3,198,39.185485,0.195105
[MO833] Paramount Iteration,1,198,39.185398,0.195086
[MO833] Paramount Iteration,0,199,39.378867,0.195002
 Time step  200
[MO833] Paramount Iteration,2,199,39.378858,0.194996
[MO833] Paramount Iteration,1,199,39.380390,0.194992
[MO833] Paramount Iteration,3,199,39.380469,0.194984
[MO833] Paramount Iteration,2,200,39.575151,0.196293
[MO833] Paramount Iteration,0,200,39.575114,0.196247
[MO833] Paramount Iteration,3,200,39.576696,0.196227
[MO833] Paramount Iteration,1,200,39.576651,0.196261
[MO833] Paramount Iteration,0,201,39.770225,0.195111
[MO833] Paramount Iteration,2,201,39.770118,0.194967
[MO833] Paramount Iteration,1,201,39.771695,0.195044
[MO833] Paramount Iteration,3,201,39.771803,0.195107
[MO833] Paramount Iteration,2,202,39.965053,0.194935
[MO833] Paramount Iteration,0,202,39.965266,0.195041
[MO833] Paramount Iteration,1,202,39.966696,0.195001
[MO833] Paramount Iteration,3,202,39.966862,0.195059
[MO833] Paramount Iteration,0,203,40.160506,0.195240
[MO833] Paramount Iteration,2,203,40.160453,0.195400
[MO833] Paramount Iteration,1,203,40.162022,0.195326
[MO833] Paramount Iteration,3,203,40.162101,0.195239
[MO833] Paramount Iteration,2,204,40.355829,0.195376
[MO833] Paramount Iteration,0,204,40.355839,0.195333
[MO833] Paramount Iteration,3,204,40.357412,0.195311
[MO833] Paramount Iteration,1,204,40.357367,0.195345
[MO833] Paramount Iteration,0,205,40.550984,0.195145
[MO833] Paramount Iteration,2,205,40.550907,0.195078
[MO833] Paramount Iteration,1,205,40.552418,0.195051
[MO833] Paramount Iteration,3,205,40.552534,0.195122
[MO833] Paramount Iteration,2,206,40.746153,0.195246
[MO833] Paramount Iteration,0,206,40.746301,0.195317
[MO833] Paramount Iteration,1,206,40.747725,0.195307
[MO833] Paramount Iteration,3,206,40.747864,0.195330
[MO833] Paramount Iteration,0,207,40.941155,0.194854
[MO833] Paramount Iteration,2,207,40.941089,0.194936
[MO833] Paramount Iteration,1,207,40.942672,0.194947
[MO833] Paramount Iteration,3,207,40.942766,0.194902
[MO833] Paramount Iteration,2,208,41.136243,0.195154
[MO833] Paramount Iteration,0,208,41.136300,0.195145
[MO833] Paramount Iteration,3,208,41.137906,0.195140
[MO833] Paramount Iteration,1,208,41.137835,0.195163
[MO833] Paramount Iteration,0,209,41.331541,0.195241
[MO833] Paramount Iteration,2,209,41.331402,0.195159
[MO833] Paramount Iteration,1,209,41.332970,0.195135
[MO833] Paramount Iteration,3,209,41.333110,0.195204
[MO833] Paramount Iteration,2,210,41.526378,0.194976
[MO833] Paramount Iteration,0,210,41.526385,0.194844
[MO833] Paramount Iteration,3,210,41.527989,0.194879
[MO833] Paramount Iteration,1,210,41.527909,0.194939
[MO833] Paramount Iteration,0,211,41.721296,0.194911
[MO833] Paramount Iteration,2,211,41.721300,0.194922
[MO833] Paramount Iteration,1,211,41.722921,0.195012
[MO833] Paramount Iteration,3,211,41.722969,0.194980
[MO833] Paramount Iteration,2,212,41.916267,0.194967
[MO833] Paramount Iteration,0,212,41.916391,0.195095
[MO833] Paramount Iteration,1,212,41.917882,0.194961
[MO833] Paramount Iteration,3,212,41.917970,0.195001
[MO833] Paramount Iteration,2,213,42.111215,0.194948
[MO833] Paramount Iteration,0,213,42.111452,0.195061
[MO833] Paramount Iteration,1,213,42.112882,0.195000
[MO833] Paramount Iteration,3,213,42.113009,0.195039
[MO833] Paramount Iteration,0,214,42.307055,0.195603
[MO833] Paramount Iteration,2,214,42.307066,0.195851
[MO833] Paramount Iteration,3,214,42.308648,0.195639
[MO833] Paramount Iteration,1,214,42.308635,0.195753
[MO833] Paramount Iteration,2,215,42.501955,0.194889
[MO833] Paramount Iteration,0,215,42.501946,0.194891
[MO833] Paramount Iteration,1,215,42.503485,0.194850
[MO833] Paramount Iteration,3,215,42.503556,0.194908
[MO833] Paramount Iteration,2,216,42.696769,0.194814
[MO833] Paramount Iteration,0,216,42.696970,0.195024
[MO833] Paramount Iteration,1,216,42.698391,0.194906
[MO833] Paramount Iteration,3,216,42.698537,0.194981
[MO833] Paramount Iteration,2,217,42.891747,0.194978
[MO833] Paramount Iteration,0,217,42.891872,0.194902
[MO833] Paramount Iteration,3,217,42.893441,0.194904
[MO833] Paramount Iteration,1,217,42.893339,0.194948
[MO833] Paramount Iteration,2,218,43.086847,0.195100
[MO833] Paramount Iteration,0,218,43.087027,0.195155
[MO833] Paramount Iteration,1,218,43.088430,0.195091
[MO833] Paramount Iteration,3,218,43.088549,0.195108
[MO833] Paramount Iteration,2,219,43.282051,0.195204
[MO833] Paramount Iteration,0,219,43.282094,0.195067
 Time step  220
[MO833] Paramount Iteration,3,219,43.283674,0.195125
[MO833] Paramount Iteration,1,219,43.283607,0.195177
[MO833] Paramount Iteration,0,220,43.476983,0.194889
[MO833] Paramount Iteration,2,220,43.476922,0.194871
[MO833] Paramount Iteration,1,220,43.478548,0.194941
[MO833] Paramount Iteration,3,220,43.478575,0.194901
[MO833] Paramount Iteration,2,221,43.672115,0.195193
[MO833] Paramount Iteration,0,221,43.672318,0.195335
[MO833] Paramount Iteration,1,221,43.673747,0.195199
[MO833] Paramount Iteration,3,221,43.673904,0.195329
[MO833] Paramount Iteration,1,222,43.868497,0.194750
[MO833] Paramount Iteration,3,222,43.868612,0.194708
[MO833] Paramount Iteration,0,222,43.871181,0.198863
[MO833] Paramount Iteration,2,222,43.871133,0.199018
[MO833] Paramount Iteration,0,223,44.065220,0.194039
[MO833] Paramount Iteration,2,223,44.065153,0.194020
[MO833] Paramount Iteration,1,223,44.066741,0.198244
[MO833] Paramount Iteration,3,223,44.066813,0.198201
[MO833] Paramount Iteration,2,224,44.260107,0.194954
[MO833] Paramount Iteration,0,224,44.260149,0.194929
[MO833] Paramount Iteration,3,224,44.261739,0.194926
[MO833] Paramount Iteration,1,224,44.261666,0.194925
[MO833] Paramount Iteration,0,225,44.455169,0.195020
[MO833] Paramount Iteration,2,225,44.455104,0.194997
[MO833] Paramount Iteration,1,225,44.456628,0.194962
[MO833] Paramount Iteration,3,225,44.456746,0.195007
[MO833] Paramount Iteration,2,226,44.649999,0.194895
[MO833] Paramount Iteration,0,226,44.649973,0.194804
[MO833] Paramount Iteration,3,226,44.651572,0.194826
[MO833] Paramount Iteration,1,226,44.651550,0.194922
[MO833] Paramount Iteration,0,227,44.844864,0.194891
[MO833] Paramount Iteration,2,227,44.844785,0.194786
[MO833] Paramount Iteration,1,227,44.846336,0.194786
[MO833] Paramount Iteration,3,227,44.846488,0.194916
[MO833] Paramount Iteration,2,228,45.039784,0.194999
[MO833] Paramount Iteration,0,228,45.039849,0.194985
[MO833] Paramount Iteration,3,228,45.041445,0.194957
[MO833] Paramount Iteration,1,228,45.041346,0.195010
[MO833] Paramount Iteration,0,229,45.234862,0.195013
[MO833] Paramount Iteration,2,229,45.234910,0.195126
[MO833] Paramount Iteration,1,229,45.236446,0.195100
[MO833] Paramount Iteration,3,229,45.236490,0.195045
[MO833] Paramount Iteration,2,230,45.430223,0.195313
[MO833] Paramount Iteration,0,230,45.430310,0.195448
[MO833] Paramount Iteration,3,230,45.431945,0.195455
[MO833] Paramount Iteration,1,230,45.431848,0.195402
[MO833] Paramount Iteration,0,231,45.625303,0.194993
[MO833] Paramount Iteration,2,231,45.625346,0.195123
[MO833] Paramount Iteration,1,231,45.626926,0.195078
[MO833] Paramount Iteration,3,231,45.626951,0.195006
[MO833] Paramount Iteration,2,232,45.820490,0.195144
[MO833] Paramount Iteration,0,232,45.820541,0.195238
[MO833] Paramount Iteration,3,232,45.822186,0.195235
[MO833] Paramount Iteration,1,232,45.822109,0.195183
[MO833] Paramount Iteration,0,233,46.015874,0.195333
[MO833] Paramount Iteration,2,233,46.015873,0.195383
[MO833] Paramount Iteration,1,233,46.017442,0.195333
[MO833] Paramount Iteration,3,233,46.017462,0.195276
[MO833] Paramount Iteration,2,234,46.211309,0.195436
[MO833] Paramount Iteration,0,234,46.211294,0.195420
[MO833] Paramount Iteration,3,234,46.212908,0.195446
[MO833] Paramount Iteration,1,234,46.212897,0.195455
[MO833] Paramount Iteration,0,235,46.406142,0.194848
[MO833] Paramount Iteration,2,235,46.406096,0.194787
[MO833] Paramount Iteration,1,235,46.407630,0.194733
[MO833] Paramount Iteration,3,235,46.407775,0.194867
[MO833] Paramount Iteration,2,236,46.601150,0.195054
[MO833] Paramount Iteration,0,236,46.601174,0.195032
[MO833] Paramount Iteration,3,236,46.602779,0.195004
[MO833] Paramount Iteration,1,236,46.602734,0.195104
[MO833] Paramount Iteration,0,237,46.796112,0.194938
[MO833] Paramount Iteration,2,237,46.796079,0.194929
[MO833] Paramount Iteration,1,237,46.797654,0.194920
[MO833] Paramount Iteration,3,237,46.797730,0.194951
[MO833] Paramount Iteration,2,238,46.991202,0.195123
[MO833] Paramount Iteration,0,238,46.991174,0.195062
[MO833] Paramount Iteration,3,238,46.992803,0.195073
[MO833] Paramount Iteration,1,238,46.992763,0.195109
[MO833] Paramount Iteration,0,239,47.186111,0.194937
 Time step  240
[MO833] Paramount Iteration,2,239,47.186078,0.194876
[MO833] Paramount Iteration,1,239,47.187624,0.194861
[MO833] Paramount Iteration,3,239,47.187710,0.194907
[MO833] Paramount Iteration,2,240,47.381252,0.195174
[MO833] Paramount Iteration,0,240,47.381220,0.195109
[MO833] Paramount Iteration,3,240,47.382882,0.195172
[MO833] Paramount Iteration,1,240,47.382842,0.195218
[MO833] Paramount Iteration,0,241,47.576286,0.195066
[MO833] Paramount Iteration,2,241,47.576239,0.194987
[MO833] Paramount Iteration,1,241,47.577823,0.194981
[MO833] Paramount Iteration,3,241,47.577915,0.195033
[MO833] Paramount Iteration,2,242,47.771574,0.195335
[MO833] Paramount Iteration,0,242,47.771719,0.195433
[MO833] Paramount Iteration,3,242,47.773238,0.195323
[MO833] Paramount Iteration,1,242,47.773144,0.195321
[MO833] Paramount Iteration,0,243,47.966512,0.194793
[MO833] Paramount Iteration,2,243,47.966416,0.194842
[MO833] Paramount Iteration,1,243,47.967995,0.194851
[MO833] Paramount Iteration,3,243,47.968100,0.194862
[MO833] Paramount Iteration,2,244,48.161389,0.194973
[MO833] Paramount Iteration,0,244,48.161389,0.194877
[MO833] Paramount Iteration,3,244,48.163034,0.194934
[MO833] Paramount Iteration,1,244,48.162968,0.194973
[MO833] Paramount Iteration,0,245,48.356669,0.195280
[MO833] Paramount Iteration,2,245,48.356533,0.195144
[MO833] Paramount Iteration,1,245,48.358180,0.195212
[MO833] Paramount Iteration,3,245,48.358244,0.195210
[MO833] Paramount Iteration,2,246,48.551630,0.195097
[MO833] Paramount Iteration,0,246,48.551758,0.195089
[MO833] Paramount Iteration,1,246,48.553195,0.195015
[MO833] Paramount Iteration,3,246,48.553323,0.195079
[MO833] Paramount Iteration,0,247,48.746604,0.194846
[MO833] Paramount Iteration,2,247,48.746574,0.194944
[MO833] Paramount Iteration,1,247,48.748140,0.194945
[MO833] Paramount Iteration,3,247,48.748192,0.194869
[MO833] Paramount Iteration,2,248,48.941513,0.194939
[MO833] Paramount Iteration,0,248,48.941581,0.194977
[MO833] Paramount Iteration,1,248,48.943097,0.194957
[MO833] Paramount Iteration,3,248,48.943197,0.195005
[MO833] Paramount Iteration,0,249,49.136820,0.195239
[MO833] Paramount Iteration,2,249,49.136726,0.195213
[MO833] Paramount Iteration,1,249,49.138338,0.195241
[MO833] Paramount Iteration,3,249,49.138445,0.195248
[MO833] Paramount Iteration,2,250,49.331983,0.195257
[MO833] Paramount Iteration,0,250,49.331976,0.195156
[MO833] Paramount Iteration,3,250,49.333611,0.195166
[MO833] Paramount Iteration,1,250,49.333577,0.195239
[MO833] Paramount Iteration,0,251,49.527364,0.195388
[MO833] Paramount Iteration,2,251,49.527395,0.195412
[MO833] Paramount Iteration,1,251,49.528960,0.195383
[MO833] Paramount Iteration,3,251,49.529007,0.195396
[MO833] Paramount Iteration,2,252,49.722234,0.194839
[MO833] Paramount Iteration,0,252,49.722220,0.194856
[MO833] Paramount Iteration,3,252,49.723839,0.194832
[MO833] Paramount Iteration,1,252,49.723821,0.194861
[MO833] Paramount Iteration,0,253,49.917285,0.195065
[MO833] Paramount Iteration,2,253,49.917226,0.194992
[MO833] Paramount Iteration,1,253,49.918878,0.195057
[MO833] Paramount Iteration,3,253,49.918930,0.195091
[MO833] Paramount Iteration,2,254,50.112440,0.195214
[MO833] Paramount Iteration,0,254,50.112517,0.195232
[MO833] Paramount Iteration,3,254,50.114109,0.195179
[MO833] Paramount Iteration,1,254,50.114064,0.195186
[MO833] Paramount Iteration,0,255,50.307713,0.195196
[MO833] Paramount Iteration,2,255,50.307618,0.195178
[MO833] Paramount Iteration,1,255,50.309190,0.195126
[MO833] Paramount Iteration,3,255,50.309298,0.195189
[MO833] Paramount Iteration,2,256,50.502678,0.195060
[MO833] Paramount Iteration,0,256,50.502698,0.194985
[MO833] Paramount Iteration,3,256,50.504302,0.195004
[MO833] Paramount Iteration,1,256,50.504242,0.195052
[MO833] Paramount Iteration,0,257,50.697683,0.194985
[MO833] Paramount Iteration,2,257,50.697692,0.195014
[MO833] Paramount Iteration,1,257,50.699203,0.194961
[MO833] Paramount Iteration,3,257,50.699271,0.194969
[MO833] Paramount Iteration,2,258,50.892636,0.194944
[MO833] Paramount Iteration,0,258,50.892724,0.195041
[MO833] Paramount Iteration,1,258,50.894259,0.195056
[MO833] Paramount Iteration,3,258,50.894327,0.195056
[MO833] Paramount Iteration,0,259,51.088211,0.195487
 Time step  260
[MO833] Paramount Iteration,2,259,51.088150,0.195514
[MO833] Paramount Iteration,1,259,51.089704,0.195445
[MO833] Paramount Iteration,3,259,51.089814,0.195487
[MO833] Paramount Iteration,2,260,51.283099,0.194949
[MO833] Paramount Iteration,0,260,51.283146,0.194935
[MO833] Paramount Iteration,3,260,51.284733,0.194919
[MO833] Paramount Iteration,1,260,51.284695,0.194991
[MO833] Paramount Iteration,0,261,51.478098,0.194952
[MO833] Paramount Iteration,2,261,51.477989,0.194890
[MO833] Paramount Iteration,1,261,51.479563,0.194868
[MO833] Paramount Iteration,3,261,51.479706,0.194973
[MO833] Paramount Iteration,2,262,51.672789,0.194800
[MO833] Paramount Iteration,0,262,51.672997,0.194899
[MO833] Paramount Iteration,1,262,51.674422,0.194859
[MO833] Paramount Iteration,3,262,51.674571,0.194865
[MO833] Paramount Iteration,0,263,51.868236,0.195239
[MO833] Paramount Iteration,2,263,51.868236,0.195447
[MO833] Paramount Iteration,1,263,51.869842,0.195420
[MO833] Paramount Iteration,3,263,51.869854,0.195283
[MO833] Paramount Iteration,2,264,52.063565,0.195329
[MO833] Paramount Iteration,0,264,52.063606,0.195370
[MO833] Paramount Iteration,3,264,52.065212,0.195358
[MO833] Paramount Iteration,1,264,52.065124,0.195282
[MO833] Paramount Iteration,0,265,52.258761,0.195155
[MO833] Paramount Iteration,2,265,52.258680,0.195115
[MO833] Paramount Iteration,1,265,52.260251,0.195127
[MO833] Paramount Iteration,3,265,52.260328,0.195116
[MO833] Paramount Iteration,2,266,52.453482,0.194802
[MO833] Paramount Iteration,0,266,52.453567,0.194806
[MO833] Paramount Iteration,1,266,52.455069,0.194818
[MO833] Paramount Iteration,3,266,52.455177,0.194849
[MO833] Paramount Iteration,0,267,52.648573,0.195006
[MO833] Paramount Iteration,2,267,52.648456,0.194974
[MO833] Paramount Iteration,1,267,52.650065,0.194996
[MO833] Paramount Iteration,3,267,52.650184,0.195007
[MO833] Paramount Iteration,2,268,52.843574,0.195118
[MO833] Paramount Iteration,0,268,52.843535,0.194962
[MO833] Paramount Iteration,3,268,52.845138,0.194954
[MO833] Paramount Iteration,1,268,52.845114,0.195049
[MO833] Paramount Iteration,0,269,53.038482,0.194947
[MO833] Paramount Iteration,2,269,53.038378,0.194804
[MO833] Paramount Iteration,1,269,53.039979,0.194865
[MO833] Paramount Iteration,3,269,53.040087,0.194949
[MO833] Paramount Iteration,2,270,53.233180,0.194802
[MO833] Paramount Iteration,0,270,53.233370,0.194888
[MO833] Paramount Iteration,1,270,53.234815,0.194836
[MO833] Paramount Iteration,3,270,53.234964,0.194877
[MO833] Paramount Iteration,0,271,53.428149,0.194779
[MO833] Paramount Iteration,2,271,53.428169,0.194989
[MO833] Paramount Iteration,1,271,53.429765,0.194950
[MO833] Paramount Iteration,3,271,53.429779,0.194815
[MO833] Paramount Iteration,1,272,53.623716,0.193951
[MO833] Paramount Iteration,3,272,53.623840,0.194061
[MO833] Paramount Iteration,2,272,53.625929,0.197760
[MO833] Paramount Iteration,0,272,53.625911,0.197762
[MO833] Paramount Iteration,2,273,53.819610,0.193681
[MO833] Paramount Iteration,0,273,53.819616,0.193705
[MO833] Paramount Iteration,3,273,53.821202,0.197362
[MO833] Paramount Iteration,1,273,53.821142,0.197426
[MO833] Paramount Iteration,0,274,54.014322,0.194706
[MO833] Paramount Iteration,2,274,54.014288,0.194678
[MO833] Paramount Iteration,1,274,54.015901,0.194759
[MO833] Paramount Iteration,3,274,54.015961,0.194759
[MO833] Paramount Iteration,2,275,54.209081,0.194793
[MO833] Paramount Iteration,0,275,54.209207,0.194885
[MO833] Paramount Iteration,1,275,54.210661,0.194760
[MO833] Paramount Iteration,3,275,54.210831,0.194870
[MO833] Paramount Iteration,0,276,54.404190,0.194983
[MO833] Paramount Iteration,2,276,54.404069,0.194988
[MO833] Paramount Iteration,1,276,54.405665,0.195004
[MO833] Paramount Iteration,3,276,54.405789,0.194958
[MO833] Paramount Iteration,2,277,54.599249,0.195180
[MO833] Paramount Iteration,0,277,54.599308,0.195118
[MO833] Paramount Iteration,3,277,54.600891,0.195102
[MO833] Paramount Iteration,1,277,54.600829,0.195164
[MO833] Paramount Iteration,0,278,54.794262,0.194954
[MO833] Paramount Iteration,2,278,54.794174,0.194925
[MO833] Paramount Iteration,1,278,54.795766,0.194937
[MO833] Paramount Iteration,3,278,54.795820,0.194929
[MO833] Paramount Iteration,2,279,54.989005,0.194831
[MO833] Paramount Iteration,0,279,54.989149,0.194887
 Time step  280
[MO833] Paramount Iteration,1,279,54.990605,0.194839
[MO833] Paramount Iteration,3,279,54.990759,0.194939
[MO833] Paramount Iteration,0,280,55.184642,0.195493
[MO833] Paramount Iteration,2,280,55.184495,0.195490
[MO833] Paramount Iteration,1,280,55.186110,0.195505
[MO833] Paramount Iteration,3,280,55.186207,0.195448
[MO833] Paramount Iteration,2,281,55.379815,0.195320
[MO833] Paramount Iteration,0,281,55.379923,0.195281
[MO833] Paramount Iteration,1,281,55.381359,0.195249
[MO833] Paramount Iteration,3,281,55.381499,0.195292
[MO833] Paramount Iteration,0,282,55.574748,0.194825
[MO833] Paramount Iteration,2,282,55.574770,0.194955
[MO833] Paramount Iteration,1,282,55.576332,0.194973
[MO833] Paramount Iteration,3,282,55.576342,0.194843
[MO833] Paramount Iteration,2,283,55.770019,0.195249
[MO833] Paramount Iteration,0,283,55.770230,0.195482
[MO833] Paramount Iteration,1,283,55.771646,0.195314
[MO833] Paramount Iteration,3,283,55.771749,0.195407
[MO833] Paramount Iteration,0,284,55.964930,0.194700
[MO833] Paramount Iteration,2,284,55.964857,0.194838
[MO833] Paramount Iteration,1,284,55.966459,0.194813
[MO833] Paramount Iteration,3,284,55.966549,0.194800
[MO833] Paramount Iteration,2,285,56.159822,0.194965
[MO833] Paramount Iteration,0,285,56.159986,0.195056
[MO833] Paramount Iteration,3,285,56.161513,0.194964
[MO833] Paramount Iteration,1,285,56.161436,0.194977
[MO833] Paramount Iteration,0,286,56.355887,0.195901
[MO833] Paramount Iteration,2,286,56.355899,0.196077
[MO833] Paramount Iteration,1,286,56.357422,0.195986
[MO833] Paramount Iteration,3,286,56.357485,0.195972
[MO833] Paramount Iteration,2,287,56.550588,0.194689
[MO833] Paramount Iteration,0,287,56.550747,0.194860
[MO833] Paramount Iteration,1,287,56.552190,0.194768
[MO833] Paramount Iteration,3,287,56.552305,0.194820
[MO833] Paramount Iteration,0,288,56.746585,0.195838
[MO833] Paramount Iteration,2,288,56.746571,0.195983
[MO833] Paramount Iteration,1,288,56.748149,0.195959
[MO833] Paramount Iteration,3,288,56.748184,0.195879
[MO833] Paramount Iteration,2,289,56.941294,0.194723
[MO833] Paramount Iteration,0,289,56.941327,0.194742
[MO833] Paramount Iteration,3,289,56.942947,0.194763
[MO833] Paramount Iteration,1,289,56.942874,0.194725
[MO833] Paramount Iteration,0,290,57.136567,0.195240
[MO833] Paramount Iteration,2,290,57.136516,0.195222
[MO833] Paramount Iteration,1,290,57.138074,0.195200
[MO833] Paramount Iteration,3,290,57.138180,0.195233
[MO833] Paramount Iteration,2,291,57.331642,0.195126
[MO833] Paramount Iteration,0,291,57.331706,0.195139
[MO833] Paramount Iteration,3,291,57.333277,0.195097
[MO833] Paramount Iteration,1,291,57.333229,0.195155
[MO833] Paramount Iteration,0,292,57.526509,0.194803
[MO833] Paramount Iteration,2,292,57.526501,0.194859
[MO833] Paramount Iteration,1,292,57.528073,0.194844
[MO833] Paramount Iteration,3,292,57.528111,0.194834
[MO833] Paramount Iteration,2,293,57.721440,0.194939
[MO833] Paramount Iteration,0,293,57.721379,0.194870
[MO833] Paramount Iteration,3,293,57.723057,0.194946
[MO833] Paramount Iteration,1,293,57.723018,0.194945
[MO833] Paramount Iteration,0,294,57.916341,0.194962
[MO833] Paramount Iteration,2,294,57.916256,0.194816
[MO833] Paramount Iteration,1,294,57.917883,0.194865
[MO833] Paramount Iteration,3,294,57.917950,0.194893
[MO833] Paramount Iteration,2,295,58.111280,0.195024
[MO833] Paramount Iteration,0,295,58.111330,0.194989
[MO833] Paramount Iteration,3,295,58.112906,0.194956
[MO833] Paramount Iteration,1,295,58.112831,0.194948
[MO833] Paramount Iteration,0,296,58.306469,0.195139
[MO833] Paramount Iteration,2,296,58.306421,0.195141
[MO833] Paramount Iteration,1,296,58.307971,0.195140
[MO833] Paramount Iteration,3,296,58.308048,0.195142
[MO833] Paramount Iteration,2,297,58.501223,0.194802
[MO833] Paramount Iteration,0,297,58.501363,0.194894
[MO833] Paramount Iteration,1,297,58.502832,0.194861
[MO833] Paramount Iteration,3,297,58.502978,0.194930
[MO833] Paramount Iteration,0,298,58.696429,0.195066
[MO833] Paramount Iteration,2,298,58.696429,0.195206
[MO833] Paramount Iteration,1,298,58.697999,0.195167
[MO833] Paramount Iteration,3,298,58.698014,0.195036
[MO833] Paramount Iteration,2,299,58.891459,0.195030
[MO833] Paramount Iteration,0,299,58.891476,0.195047
 Time step  300
[MO833] Paramount Iteration,3,299,58.893059,0.195045
[MO833] Paramount Iteration,1,299,58.892986,0.194987
[MO833] Paramount Iteration,0,300,59.086312,0.194836
[MO833] Paramount Iteration,2,300,59.086341,0.194882
[MO833] Paramount Iteration,1,300,59.087913,0.194927
[MO833] Paramount Iteration,3,300,59.087929,0.194870
[MO833] Paramount Iteration,2,301,59.281301,0.194960
[MO833] Paramount Iteration,0,301,59.281340,0.195028
[MO833] Paramount Iteration,3,301,59.282968,0.195039
[MO833] Paramount Iteration,1,301,59.282885,0.194972
[MO833] Paramount Iteration,0,302,59.476274,0.194934
[MO833] Paramount Iteration,2,302,59.476306,0.195005
[MO833] Paramount Iteration,1,302,59.477889,0.195004
[MO833] Paramount Iteration,3,302,59.477897,0.194929
[MO833] Paramount Iteration,2,303,59.671224,0.194918
[MO833] Paramount Iteration,0,303,59.671252,0.194978
[MO833] Paramount Iteration,3,303,59.672847,0.194950
[MO833] Paramount Iteration,1,303,59.672785,0.194896
[MO833] Paramount Iteration,0,304,59.866081,0.194829
[MO833] Paramount Iteration,2,304,59.866105,0.194881
[MO833] Paramount Iteration,1,304,59.867672,0.194887
[MO833] Paramount Iteration,3,304,59.867722,0.194875
[MO833] Paramount Iteration,2,305,60.061115,0.195010
[MO833] Paramount Iteration,0,305,60.061109,0.195028
[MO833] Paramount Iteration,3,305,60.062690,0.194968
[MO833] Paramount Iteration,1,305,60.062659,0.194987
[MO833] Paramount Iteration,0,306,60.255982,0.194873
[MO833] Paramount Iteration,2,306,60.255988,0.194873
[MO833] Paramount Iteration,1,306,60.257568,0.194909
[MO833] Paramount Iteration,3,306,60.257590,0.194900
[MO833] Paramount Iteration,2,307,60.450777,0.194789
[MO833] Paramount Iteration,0,307,60.450864,0.194882
[MO833] Paramount Iteration,1,307,60.452345,0.194777
[MO833] Paramount Iteration,3,307,60.452451,0.194861
[MO833] Paramount Iteration,0,308,60.645659,0.194795
[MO833] Paramount Iteration,2,308,60.645659,0.194882
[MO833] Paramount Iteration,1,308,60.647235,0.194890
[MO833] Paramount Iteration,3,308,60.647285,0.194834
[MO833] Paramount Iteration,2,309,60.840784,0.195125
[MO833] Paramount Iteration,0,309,60.840786,0.195127
[MO833] Paramount Iteration,3,309,60.842406,0.195121
[MO833] Paramount Iteration,1,309,60.842333,0.195098
[MO833] Paramount Iteration,0,310,61.035914,0.195128
[MO833] Paramount Iteration,2,310,61.035784,0.195000
[MO833] Paramount Iteration,1,310,61.037383,0.195050
[MO833] Paramount Iteration,3,310,61.037462,0.195056
[MO833] Paramount Iteration,2,311,61.231106,0.195322
[MO833] Paramount Iteration,0,311,61.231036,0.195122
[MO833] Paramount Iteration,3,311,61.232650,0.195188
[MO833] Paramount Iteration,1,311,61.232626,0.195243
[MO833] Paramount Iteration,0,312,61.426178,0.195142
[MO833] Paramount Iteration,2,312,61.426215,0.195109
[MO833] Paramount Iteration,1,312,61.427764,0.195138
[MO833] Paramount Iteration,3,312,61.427782,0.195132
[MO833] Paramount Iteration,2,313,61.621222,0.195007
[MO833] Paramount Iteration,0,313,61.621250,0.195072
[MO833] Paramount Iteration,3,313,61.622870,0.195088
[MO833] Paramount Iteration,1,313,61.622819,0.195055
[MO833] Paramount Iteration,0,314,61.816197,0.194947
[MO833] Paramount Iteration,2,314,61.816197,0.194975
[MO833] Paramount Iteration,1,314,61.817810,0.194991
[MO833] Paramount Iteration,3,314,61.817851,0.194981
[MO833] Paramount Iteration,2,315,62.011260,0.195063
[MO833] Paramount Iteration,0,315,62.011247,0.195050
[MO833] Paramount Iteration,3,315,62.012835,0.194984
[MO833] Paramount Iteration,1,315,62.012791,0.194981
[MO833] Paramount Iteration,2,316,62.206068,0.194808
[MO833] Paramount Iteration,0,316,62.206183,0.194936
[MO833] Paramount Iteration,1,316,62.207643,0.194852
[MO833] Paramount Iteration,3,316,62.207752,0.194917
[MO833] Paramount Iteration,2,317,62.401034,0.194966
[MO833] Paramount Iteration,0,317,62.401062,0.194879
[MO833] Paramount Iteration,3,317,62.402704,0.194952
[MO833] Paramount Iteration,1,317,62.402632,0.194989
[MO833] Paramount Iteration,0,318,62.596173,0.195111
[MO833] Paramount Iteration,2,318,62.596118,0.195084
[MO833] Paramount Iteration,1,318,62.597696,0.195064
[MO833] Paramount Iteration,3,318,62.597770,0.195066
[MO833] Paramount Iteration,2,319,62.791656,0.195538
[MO833] Paramount Iteration,0,319,62.791649,0.195476
 Time step  320
[MO833] Paramount Iteration,3,319,62.793227,0.195457
[MO833] Paramount Iteration,1,319,62.793198,0.195502
[MO833] Paramount Iteration,0,320,62.986652,0.195003
[MO833] Paramount Iteration,2,320,62.986582,0.194926
[MO833] Paramount Iteration,1,320,62.988129,0.194931
[MO833] Paramount Iteration,3,320,62.988236,0.195009
[MO833] Paramount Iteration,2,321,63.181505,0.194923
[MO833] Paramount Iteration,0,321,63.181563,0.194911
[MO833] Paramount Iteration,3,321,63.183148,0.194912
[MO833] Paramount Iteration,1,321,63.183077,0.194948
[MO833] Paramount Iteration,0,322,63.377065,0.195502
[MO833] Paramount Iteration,2,322,63.377027,0.195522
[MO833] Paramount Iteration,1,322,63.378604,0.195527
[MO833] Paramount Iteration,3,322,63.378658,0.195510
[MO833] Paramount Iteration,2,323,63.572034,0.195007
[MO833] Paramount Iteration,0,323,63.572015,0.194950
[MO833] Paramount Iteration,3,323,63.573627,0.194969
[MO833] Paramount Iteration,1,323,63.573621,0.195017
[MO833] Paramount Iteration,0,324,63.767209,0.195194
[MO833] Paramount Iteration,2,324,63.767170,0.195136
[MO833] Paramount Iteration,1,324,63.768712,0.195091
[MO833] Paramount Iteration,3,324,63.768782,0.195155
[MO833] Paramount Iteration,2,325,63.962029,0.194859
[MO833] Paramount Iteration,0,325,63.962166,0.194957
[MO833] Paramount Iteration,3,325,63.963720,0.194938
[MO833] Paramount Iteration,1,325,63.963627,0.194915
[MO833] Paramount Iteration,0,326,64.173738,0.211572
[MO833] Paramount Iteration,2,326,64.173712,0.211683
[MO833] Paramount Iteration,1,326,64.176770,0.213143
[MO833] Paramount Iteration,3,326,64.176793,0.213073
[MO833] Paramount Iteration,2,327,64.373213,0.199501
[MO833] Paramount Iteration,0,327,64.373238,0.199500
[MO833] Paramount Iteration,1,327,64.374751,0.197981
[MO833] Paramount Iteration,3,327,64.374918,0.198125
[MO833] Paramount Iteration,0,328,64.568545,0.195307
[MO833] Paramount Iteration,2,328,64.568497,0.195284
[MO833] Paramount Iteration,1,328,64.570119,0.195368
[MO833] Paramount Iteration,3,328,64.570149,0.195231
[MO833] Paramount Iteration,2,329,64.763469,0.194972
[MO833] Paramount Iteration,0,329,64.763509,0.194964
[MO833] Paramount Iteration,1,329,64.765068,0.194949
[MO833] Paramount Iteration,3,329,64.765163,0.195014
[MO833] Paramount Iteration,2,330,64.958259,0.194790
[MO833] Paramount Iteration,0,330,64.958413,0.194904
[MO833] Paramount Iteration,1,330,64.959847,0.194779
[MO833] Paramount Iteration,3,330,64.960025,0.194862
[MO833] Paramount Iteration,1,331,65.154491,0.194644
[MO833] Paramount Iteration,3,331,65.154599,0.194574
[MO833] Paramount Iteration,0,331,65.160042,0.201629
[MO833] Paramount Iteration,2,331,65.160017,0.201758
[MO833] Paramount Iteration,0,332,65.352830,0.192788
[MO833] Paramount Iteration,2,332,65.352759,0.192742
[MO833] Paramount Iteration,3,332,65.354434,0.199835
[MO833] Paramount Iteration,1,332,65.354333,0.199842
[MO833] Paramount Iteration,2,333,65.547722,0.194963
[MO833] Paramount Iteration,0,333,65.547886,0.195056
[MO833] Paramount Iteration,1,333,65.549340,0.195007
[MO833] Paramount Iteration,3,333,65.549454,0.195020
[MO833] Paramount Iteration,0,334,65.742853,0.194967
[MO833] Paramount Iteration,2,334,65.742810,0.195088
[MO833] Paramount Iteration,1,334,65.744330,0.194990
[MO833] Paramount Iteration,3,334,65.744436,0.194982
[MO833] Paramount Iteration,0,335,65.937915,0.195062
[MO833] Paramount Iteration,2,335,65.937857,0.195047
[MO833] Paramount Iteration,1,335,65.939415,0.195085
[MO833] Paramount Iteration,3,335,65.939505,0.195069
[MO833] Paramount Iteration,2,336,66.132802,0.194945
[MO833] Paramount Iteration,0,336,66.132973,0.195058
[MO833] Paramount Iteration,1,336,66.134356,0.194941
[MO833] Paramount Iteration,3,336,66.134542,0.195037
[MO833] Paramount Iteration,0,337,66.327978,0.195005
[MO833] Paramount Iteration,2,337,66.327908,0.195106
[MO833] Paramount Iteration,1,337,66.329538,0.195182
[MO833] Paramount Iteration,3,337,66.329586,0.195044
[MO833] Paramount Iteration,2,338,66.522781,0.194873
[MO833] Paramount Iteration,0,338,66.522822,0.194844
[MO833] Paramount Iteration,3,338,66.524410,0.194824
[MO833] Paramount Iteration,1,338,66.524333,0.194795
[MO833] Paramount Iteration,0,339,66.717736,0.194914
 Time step  340
[MO833] Paramount Iteration,2,339,66.717777,0.194996
[MO833] Paramount Iteration,1,339,66.719321,0.194988
[MO833] Paramount Iteration,3,339,66.719383,0.194973
[MO833] Paramount Iteration,2,340,66.912697,0.194920
[MO833] Paramount Iteration,0,340,66.912760,0.195024
[MO833] Paramount Iteration,1,340,66.914282,0.194961
[MO833] Paramount Iteration,3,340,66.914379,0.194996
[MO833] Paramount Iteration,0,341,67.107812,0.195052
[MO833] Paramount Iteration,2,341,67.107805,0.195108
[MO833] Paramount Iteration,1,341,67.109367,0.195085
[MO833] Paramount Iteration,3,341,67.109422,0.195043
[MO833] Paramount Iteration,2,342,67.303055,0.195250
[MO833] Paramount Iteration,0,342,67.303027,0.195215
[MO833] Paramount Iteration,3,342,67.304656,0.195234
[MO833] Paramount Iteration,1,342,67.304604,0.195237
[MO833] Paramount Iteration,2,343,67.497954,0.194899
[MO833] Paramount Iteration,0,343,67.498100,0.195073
[MO833] Paramount Iteration,1,343,67.499523,0.194919
[MO833] Paramount Iteration,3,343,67.499696,0.195040
[MO833] Paramount Iteration,2,344,67.692840,0.194886
[MO833] Paramount Iteration,0,344,67.692994,0.194894
[MO833] Paramount Iteration,1,344,67.694408,0.194885
[MO833] Paramount Iteration,3,344,67.694604,0.194908
[MO833] Paramount Iteration,0,345,67.887849,0.194855
[MO833] Paramount Iteration,2,345,67.887824,0.194984
[MO833] Paramount Iteration,1,345,67.889375,0.194967
[MO833] Paramount Iteration,3,345,67.889455,0.194851
[MO833] Paramount Iteration,2,346,68.083413,0.195589
[MO833] Paramount Iteration,0,346,68.083395,0.195546
[MO833] Paramount Iteration,3,346,68.085006,0.195551
[MO833] Paramount Iteration,1,346,68.084976,0.195601
[MO833] Paramount Iteration,0,347,68.278307,0.194912
[MO833] Paramount Iteration,2,347,68.278360,0.194947
[MO833] Paramount Iteration,1,347,68.279897,0.194921
[MO833] Paramount Iteration,3,347,68.279935,0.194929
[MO833] Paramount Iteration,2,348,68.473294,0.194934
[MO833] Paramount Iteration,0,348,68.473326,0.195019
[MO833] Paramount Iteration,3,348,68.474956,0.195021
[MO833] Paramount Iteration,1,348,68.474870,0.194973
[MO833] Paramount Iteration,0,349,68.668316,0.194990
[MO833] Paramount Iteration,2,349,68.668331,0.195037
[MO833] Paramount Iteration,1,349,68.669926,0.195056
[MO833] Paramount Iteration,3,349,68.669968,0.195012
[MO833] Paramount Iteration,2,350,68.863360,0.195029
[MO833] Paramount Iteration,0,350,68.863402,0.195086
[MO833] Paramount Iteration,3,350,68.864978,0.195010
[MO833] Paramount Iteration,1,350,68.864950,0.195024
[MO833] Paramount Iteration,0,351,69.058442,0.195040
[MO833] Paramount Iteration,2,351,69.058401,0.195041
[MO833] Paramount Iteration,1,351,69.059920,0.194970
[MO833] Paramount Iteration,3,351,69.060045,0.195067
[MO833] Paramount Iteration,2,352,69.253228,0.194827
[MO833] Paramount Iteration,0,352,69.253293,0.194851
[MO833] Paramount Iteration,1,352,69.254829,0.194909
[MO833] Paramount Iteration,3,352,69.254924,0.194879
[MO833] Paramount Iteration,0,353,69.448368,0.195075
[MO833] Paramount Iteration,2,353,69.448337,0.195109
[MO833] Paramount Iteration,1,353,69.449965,0.195136
[MO833] Paramount Iteration,3,353,69.449992,0.195068
[MO833] Paramount Iteration,2,354,69.643302,0.194965
[MO833] Paramount Iteration,0,354,69.643309,0.194941
[MO833] Paramount Iteration,3,354,69.644904,0.194912
[MO833] Paramount Iteration,1,354,69.644838,0.194873
[MO833] Paramount Iteration,2,355,69.838167,0.194865
[MO833] Paramount Iteration,0,355,69.838396,0.195087
[MO833] Paramount Iteration,1,355,69.839774,0.194936
[MO833] Paramount Iteration,3,355,69.839960,0.195056
[MO833] Paramount Iteration,2,356,70.033201,0.195034
[MO833] Paramount Iteration,0,356,70.033183,0.194787
[MO833] Paramount Iteration,3,356,70.034829,0.194869
[MO833] Paramount Iteration,1,356,70.034752,0.194978
[MO833] Paramount Iteration,0,357,70.228262,0.195079
[MO833] Paramount Iteration,2,357,70.228262,0.195061
[MO833] Paramount Iteration,1,357,70.229860,0.195108
[MO833] Paramount Iteration,3,357,70.229904,0.195075
[MO833] Paramount Iteration,2,358,70.423490,0.195228
[MO833] Paramount Iteration,0,358,70.423537,0.195275
[MO833] Paramount Iteration,3,358,70.425122,0.195218
[MO833] Paramount Iteration,1,358,70.425040,0.195180
[MO833] Paramount Iteration,0,359,70.618472,0.194935
 Time step  360
[MO833] Paramount Iteration,2,359,70.618472,0.194982
[MO833] Paramount Iteration,1,359,70.620062,0.195022
[MO833] Paramount Iteration,3,359,70.620056,0.194934
[MO833] Paramount Iteration,2,360,70.813288,0.194816
[MO833] Paramount Iteration,0,360,70.813311,0.194839
[MO833] Paramount Iteration,3,360,70.814934,0.194878
[MO833] Paramount Iteration,1,360,70.814866,0.194804
[MO833] Paramount Iteration,2,361,71.008216,0.194928
[MO833] Paramount Iteration,0,361,71.008414,0.195103
[MO833] Paramount Iteration,1,361,71.009863,0.194997
[MO833] Paramount Iteration,3,361,71.010082,0.195148
[MO833] Paramount Iteration,2,362,71.203525,0.195309
[MO833] Paramount Iteration,0,362,71.203519,0.195105
[MO833] Paramount Iteration,3,362,71.205098,0.195016
[MO833] Paramount Iteration,1,362,71.205106,0.195243
[MO833] Paramount Iteration,0,363,71.398303,0.194784
[MO833] Paramount Iteration,2,363,71.398262,0.194737
[MO833] Paramount Iteration,1,363,71.399818,0.194712
[MO833] Paramount Iteration,3,363,71.399885,0.194787
[MO833] Paramount Iteration,2,364,71.592960,0.194698
[MO833] Paramount Iteration,0,364,71.593014,0.194711
[MO833] Paramount Iteration,1,364,71.594538,0.194720
[MO833] Paramount Iteration,3,364,71.594631,0.194746
[MO833] Paramount Iteration,0,365,71.788100,0.195086
[MO833] Paramount Iteration,2,365,71.787995,0.195035
[MO833] Paramount Iteration,1,365,71.789582,0.195044
[MO833] Paramount Iteration,3,365,71.789676,0.195045
[MO833] Paramount Iteration,2,366,71.982772,0.194777
[MO833] Paramount Iteration,0,366,71.982989,0.194889
[MO833] Paramount Iteration,1,366,71.984376,0.194794
[MO833] Paramount Iteration,3,366,71.984514,0.194838
[MO833] Paramount Iteration,2,367,72.177611,0.194839
[MO833] Paramount Iteration,0,367,72.177763,0.194774
[MO833] Paramount Iteration,1,367,72.179211,0.194835
[MO833] Paramount Iteration,3,367,72.179380,0.194866
[MO833] Paramount Iteration,0,368,72.372726,0.194963
[MO833] Paramount Iteration,2,368,72.372612,0.195001
[MO833] Paramount Iteration,1,368,72.374213,0.195002
[MO833] Paramount Iteration,3,368,72.374309,0.194929
[MO833] Paramount Iteration,0,369,72.567438,0.194712
[MO833] Paramount Iteration,2,369,72.567316,0.194704
[MO833] Paramount Iteration,1,369,72.568906,0.194693
[MO833] Paramount Iteration,3,369,72.569025,0.194716
[MO833] Paramount Iteration,2,370,72.762087,0.194771
[MO833] Paramount Iteration,0,370,72.762169,0.194731
[MO833] Paramount Iteration,3,370,72.763747,0.194722
[MO833] Paramount Iteration,1,370,72.763657,0.194751
[MO833] Paramount Iteration,0,371,72.956872,0.194703
[MO833] Paramount Iteration,2,371,72.956737,0.194650
[MO833] Paramount Iteration,1,371,72.958386,0.194729
[MO833] Paramount Iteration,3,371,72.958513,0.194766
[MO833] Paramount Iteration,2,372,73.151771,0.195034
[MO833] Paramount Iteration,0,372,73.151771,0.194899
[MO833] Paramount Iteration,3,372,73.153342,0.194829
[MO833] Paramount Iteration,1,372,73.153322,0.194936
[MO833] Paramount Iteration,2,373,73.346487,0.194716
[MO833] Paramount Iteration,0,373,73.346642,0.194871
[MO833] Paramount Iteration,1,373,73.348045,0.194723
[MO833] Paramount Iteration,3,373,73.348211,0.194869
[MO833] Paramount Iteration,2,374,73.541197,0.194710
[MO833] Paramount Iteration,0,374,73.541314,0.194672
[MO833] Paramount Iteration,1,374,73.542786,0.194741
[MO833] Paramount Iteration,3,374,73.542921,0.194710
[MO833] Paramount Iteration,0,375,73.736488,0.195174
[MO833] Paramount Iteration,2,375,73.736510,0.195313
[MO833] Paramount Iteration,1,375,73.738103,0.195317
[MO833] Paramount Iteration,3,375,73.738127,0.195206
[MO833] Paramount Iteration,2,376,73.931271,0.194761
[MO833] Paramount Iteration,0,376,73.931279,0.194791
[MO833] Paramount Iteration,3,376,73.932855,0.194728
[MO833] Paramount Iteration,1,376,73.932803,0.194700
[MO833] Paramount Iteration,0,377,74.126011,0.194732
[MO833] Paramount Iteration,2,377,74.125979,0.194708
[MO833] Paramount Iteration,1,377,74.127549,0.194746
[MO833] Paramount Iteration,3,377,74.127611,0.194756
[MO833] Paramount Iteration,2,378,74.320731,0.194752
[MO833] Paramount Iteration,0,378,74.320759,0.194748
[MO833] Paramount Iteration,3,378,74.322365,0.194754
[MO833] Paramount Iteration,1,378,74.322340,0.194791
[MO833] Paramount Iteration,0,379,74.515728,0.194969
 Time step  380
[MO833] Paramount Iteration,2,379,74.515685,0.194954
[MO833] Paramount Iteration,1,379,74.517257,0.194917
[MO833] Paramount Iteration,3,379,74.517327,0.194962
[MO833] Paramount Iteration,2,380,74.710259,0.194574
[MO833] Paramount Iteration,0,380,74.710285,0.194557
[MO833] Paramount Iteration,3,380,74.711836,0.194509
[MO833] Paramount Iteration,1,380,74.711766,0.194509
[MO833] Paramount Iteration,0,381,74.905038,0.194753
[MO833] Paramount Iteration,2,381,74.905067,0.194808
[MO833] Paramount Iteration,1,381,74.906639,0.194873
[MO833] Paramount Iteration,3,381,74.906676,0.194840
[MO833] Paramount Iteration,2,382,75.099819,0.194752
[MO833] Paramount Iteration,0,382,75.100002,0.194964
[MO833] Paramount Iteration,1,382,75.101378,0.194739
[MO833] Paramount Iteration,3,382,75.101588,0.194912
[MO833] Paramount Iteration,0,383,75.294585,0.194583
[MO833] Paramount Iteration,2,383,75.294653,0.194834
[MO833] Paramount Iteration,1,383,75.296160,0.194782
[MO833] Paramount Iteration,3,383,75.296205,0.194617
[MO833] Paramount Iteration,2,384,75.489385,0.194732
[MO833] Paramount Iteration,0,384,75.489418,0.194833
[MO833] Paramount Iteration,3,384,75.491046,0.194841
[MO833] Paramount Iteration,1,384,75.490976,0.194816
[MO833] Paramount Iteration,0,385,75.684317,0.194899
[MO833] Paramount Iteration,2,385,75.684214,0.194829
[MO833] Paramount Iteration,1,385,75.685762,0.194786
[MO833] Paramount Iteration,3,385,75.685928,0.194882
[MO833] Paramount Iteration,2,386,75.879101,0.194887
[MO833] Paramount Iteration,0,386,75.879070,0.194753
[MO833] Paramount Iteration,3,386,75.880674,0.194746
[MO833] Paramount Iteration,1,386,75.880644,0.194882
[MO833] Paramount Iteration,0,387,76.073916,0.194846
[MO833] Paramount Iteration,2,387,76.073776,0.194675
[MO833] Paramount Iteration,1,387,76.075339,0.194695
[MO833] Paramount Iteration,3,387,76.075460,0.194786
[MO833] Paramount Iteration,2,388,76.268629,0.194853
[MO833] Paramount Iteration,0,388,76.268693,0.194777
[MO833] Paramount Iteration,3,388,76.270318,0.194858
[MO833] Paramount Iteration,1,388,76.270269,0.194930
[MO833] Paramount Iteration,0,389,76.463684,0.194991
[MO833] Paramount Iteration,2,389,76.463657,0.195028
[MO833] Paramount Iteration,1,389,76.465192,0.194923
[MO833] Paramount Iteration,3,389,76.465262,0.194944
[MO833] Paramount Iteration,2,390,76.658323,0.194666
[MO833] Paramount Iteration,0,390,76.658362,0.194678
[MO833] Paramount Iteration,3,390,76.659970,0.194708
[MO833] Paramount Iteration,1,390,76.659921,0.194729
[MO833] Paramount Iteration,0,391,76.853233,0.194871
[MO833] Paramount Iteration,2,391,76.853234,0.194911
[MO833] Paramount Iteration,1,391,76.854816,0.194895
[MO833] Paramount Iteration,3,391,76.854867,0.194897
[MO833] Paramount Iteration,2,392,77.048269,0.195035
[MO833] Paramount Iteration,0,392,77.048282,0.195049
[MO833] Paramount Iteration,1,392,77.049850,0.195034
[MO833] Paramount Iteration,3,392,77.049955,0.195088
[MO833] Paramount Iteration,0,393,77.243281,0.194999
[MO833] Paramount Iteration,2,393,77.243235,0.194966
[MO833] Paramount Iteration,1,393,77.244795,0.194945
[MO833] Paramount Iteration,3,393,77.244869,0.194914
[MO833] Paramount Iteration,2,394,77.438241,0.195006
[MO833] Paramount Iteration,0,394,77.438334,0.195053
[MO833] Paramount Iteration,3,394,77.439932,0.195063
[MO833] Paramount Iteration,1,394,77.439843,0.195048
[MO833] Paramount Iteration,0,395,77.633220,0.194886
[MO833] Paramount Iteration,2,395,77.633123,0.194882
[MO833] Paramount Iteration,1,395,77.634735,0.194892
[MO833] Paramount Iteration,3,395,77.634822,0.194890
[MO833] Paramount Iteration,2,396,77.828074,0.194951
[MO833] Paramount Iteration,0,396,77.828219,0.194999
[MO833] Paramount Iteration,1,396,77.829695,0.194960
[MO833] Paramount Iteration,3,396,77.829827,0.195005
[MO833] Paramount Iteration,0,397,78.023243,0.195024
[MO833] Paramount Iteration,2,397,78.023274,0.195200
[MO833] Paramount Iteration,1,397,78.024810,0.195115
[MO833] Paramount Iteration,3,397,78.024836,0.195009
[MO833] Paramount Iteration,2,398,78.218174,0.194900
[MO833] Paramount Iteration,0,398,78.218238,0.194995
[MO833] Paramount Iteration,3,398,78.219832,0.194996
[MO833] Paramount Iteration,1,398,78.219762,0.194952
[MO833] Paramount Iteration,0,399,78.413309,0.195071
 Time step  400
[MO833] Paramount Iteration,2,399,78.413308,0.195134
[MO833] Paramount Iteration,1,399,78.414880,0.195118
[MO833] Paramount Iteration,3,399,78.414943,0.195111
[MO833] PI avg,2,0.195031,400
[MO833] Beta,2,0.001134
[MO833] PI avg,1,0.195035,400
[MO833] Beta,1,0.001115
 Verification being performed for class B
 accuracy setting for epsilon =  0.1000000000000E-07
 Comparison of RMS-norms of residual
           1 0.6903293579998E+02 0.6903293579998E+02 0.5661044255750E-13
           2 0.3095134488084E+02 0.3095134488084E+02 0.8861311101644E-13
           3 0.4103336647017E+02 0.4103336647017E+02 0.1163649876931E-12
           4 0.3864769009604E+02 0.3864769009604E+02 0.3051931275661E-13
           5 0.5643482272596E+02 0.5643482272596E+02 0.5590182788549E-13
 Comparison of RMS-norms of solution error
           1 0.9810006190188E-02 0.9810006190188E-02 0.4792148474482E-13
           2 0.1022827905670E-02 0.1022827905670E-02 0.3962296783540E-12
           3 0.1720597911692E-02 0.1720597911692E-02 0.1548862126276E-12
[MO833] PI avg,3,0.195035,400
[MO833] Beta,3,0.001120
           4 0.1694479428231E-02 0.1694479428231E-02 0.1122286041870E-12
           5 0.1847456263981E-01 0.1847456263981E-01 0.7624513174985E-13
 Verification Successful


 SP Benchmark Completed.
 Class           =                        B
 Size            =            102x 102x 102
 Iterations      =                      400
 Time in seconds =                    78.21
 Total processes =                        8
 Active procs    =                        4
 Mop/s total     =                  4539.00
 Mop/s/process   =                   567.37
 Operation type  =           floating point
 Verification    =               SUCCESSFUL
 Version         =                      3.4
 Compile date    =              16 Jun 2020

 Compile options:
    MPIFC        = mpif90
    FLINK        = $(MPIFC)
    FMPI_LIB     = (none)
    FMPI_INC     = (none)
    FFLAGS       = -O3
    FLINKFLAGS   = $(FFLAGS) -O ../kernel_stats/kernel_stats.o...
    RAND         = (none)


 Please send feedbacks and/or the results of this run to:

 NPB Development Team 
 Internet: npb@nas.nasa.gov


[MO833] PI avg,0,0.195031,400
[MO833] Beta,0,0.001147
[MO833] Total time,78.702051
