--------------------------------------------------------------------------
[[63111,1],1]: A high-performance Open MPI point-to-point messaging module
was unable to find any relevant network interfaces:

Module: OpenFabrics (openib)
  Host: node06

Another transport will be used instead, although this may result in
lower performance.

NOTE: You can disable this warning by setting the MCA parameter
btl_base_warn_component_unused to 0.
--------------------------------------------------------------------------


 NAS Parallel Benchmarks 3.4 -- BT Benchmark

[MO866] Total time,1,0.128554
 No input file inputbt.data. Using compiled defaults
 Size:   64x  64x  64  (class A)
 Iterations:  200    dt:   0.0008000
 WARNING: Number of active processes:     1
 Total number of processes:     2

[MO866] Init time,0,0.715552
 Time step    1
[MO866] Iteration,0,1,1.056949,0.341368
[MO866] Iteration,0,2,1.419255,0.362274
[MO866] Iteration,0,3,1.765494,0.346203
[MO866] Iteration,0,4,2.107186,0.341660
[MO866] Iteration,0,5,2.448714,0.341500
[MO866] Iteration,0,6,2.791055,0.342307
[MO866] Iteration,0,7,3.132161,0.341075
[MO866] Iteration,0,8,3.493221,0.361030
[MO866] Iteration,0,9,3.840286,0.347026
[MO866] Iteration,0,10,4.181370,0.341053
[MO866] Iteration,0,11,4.522210,0.340808
[MO866] Iteration,0,12,4.864702,0.342460
[MO866] Iteration,0,13,5.225458,0.360725
[MO866] Iteration,0,14,5.571939,0.346439
[MO866] Iteration,0,15,5.912978,0.341008
[MO866] Iteration,0,16,6.253983,0.340972
[MO866] Iteration,0,17,6.594983,0.340967
[MO866] Iteration,0,18,6.956516,0.361505
[MO866] Iteration,0,19,7.303288,0.346733
 Time step   20
[MO866] Iteration,0,20,7.644363,0.341048
[MO866] Iteration,0,21,7.985689,0.341296
[MO866] Iteration,0,22,8.328144,0.342423
[MO866] Iteration,0,23,8.669052,0.340878
[MO866] Iteration,0,24,9.010095,0.341010
[MO866] Iteration,0,25,9.370794,0.360667
[MO866] Iteration,0,26,9.717694,0.346859
[MO866] Iteration,0,27,10.058685,0.340958
[MO866] Iteration,0,28,10.399790,0.341077
[MO866] Iteration,0,29,10.741362,0.341543
[MO866] Iteration,0,30,11.082251,0.340856
[MO866] Iteration,0,31,11.423135,0.340851
[MO866] Iteration,0,32,11.764056,0.340880
[MO866] Iteration,0,33,12.105093,0.341007
[MO866] Iteration,0,34,12.466130,0.361004
[MO866] Iteration,0,35,12.812452,0.346279
[MO866] Iteration,0,36,13.153297,0.340814
[MO866] Iteration,0,37,13.494291,0.340962
[MO866] Iteration,0,38,13.836465,0.342143
[MO866] Iteration,0,39,14.177371,0.340874
 Time step   40
[MO866] Iteration,0,40,14.518505,0.341102
[MO866] Iteration,0,41,14.859515,0.340979
[MO866] Iteration,0,42,15.200325,0.340781
[MO866] Iteration,0,43,15.541416,0.341061
[MO866] Iteration,0,44,15.902429,0.360980
[MO866] Iteration,0,45,16.248672,0.346200
[MO866] Iteration,0,46,16.589669,0.340965
[MO866] Iteration,0,47,16.931492,0.341790
[MO866] Iteration,0,48,17.272298,0.340776
[MO866] Iteration,0,49,17.613217,0.340889
[MO866] Iteration,0,50,17.954062,0.340812
[MO866] Iteration,0,51,18.295332,0.341238
[MO866] Iteration,0,52,18.636395,0.341035
[MO866] Iteration,0,53,18.977292,0.340866
[MO866] Iteration,0,54,19.318039,0.340716
[MO866] Iteration,0,55,19.658922,0.340849
[MO866] Iteration,0,56,20.019877,0.360927
[MO866] Iteration,0,57,20.366873,0.346957
[MO866] Iteration,0,58,20.708091,0.341191
[MO866] Iteration,0,59,21.048922,0.340799
 Time step   60
[MO866] Iteration,0,60,21.389828,0.340875
[MO866] Iteration,0,61,21.730596,0.340735
[MO866] Iteration,0,62,22.071767,0.341138
[MO866] Iteration,0,63,22.412897,0.341103
[MO866] Iteration,0,64,22.753761,0.340832
[MO866] Iteration,0,65,23.101310,0.347517
[MO866] Iteration,0,66,23.442169,0.340826
[MO866] Iteration,0,67,23.783248,0.341046
[MO866] Iteration,0,68,24.124355,0.341079
[MO866] Iteration,0,69,24.465379,0.340994
[MO866] Iteration,0,70,24.806325,0.340915
[MO866] Iteration,0,71,25.147364,0.341006
[MO866] Iteration,0,72,25.507598,0.360205
[MO866] Iteration,0,73,25.855777,0.348139
[MO866] Iteration,0,74,26.197008,0.341202
[MO866] Iteration,0,75,26.538241,0.341201
[MO866] Iteration,0,76,26.879129,0.340857
[MO866] Iteration,0,77,27.220050,0.340892
[MO866] Iteration,0,78,27.560900,0.340819
[MO866] Iteration,0,79,27.901832,0.340901
 Time step   80
[MO866] Iteration,0,80,28.243129,0.341265
[MO866] Iteration,0,81,28.584286,0.341115
[MO866] Iteration,0,82,28.926139,0.341823
[MO866] Iteration,0,83,29.267002,0.340830
[MO866] Iteration,0,84,29.607885,0.340855
[MO866] Iteration,0,85,29.948669,0.340754
[MO866] Iteration,0,86,30.289687,0.340987
[MO866] Iteration,0,87,30.630527,0.340808
[MO866] Iteration,0,88,30.971618,0.341058
[MO866] Iteration,0,89,31.312426,0.340779
[MO866] Iteration,0,90,31.653295,0.340838
[MO866] Iteration,0,91,31.995233,0.341906
[MO866] Iteration,0,92,32.358628,0.363367
[MO866] Iteration,0,93,32.704545,0.345849
[MO866] Iteration,0,94,33.045403,0.340826
[MO866] Iteration,0,95,33.386364,0.340928
[MO866] Iteration,0,96,33.727361,0.340965
[MO866] Iteration,0,97,34.068377,0.340987
[MO866] Iteration,0,98,34.409397,0.340990
[MO866] Iteration,0,99,34.750408,0.340980
 Time step  100
[MO866] Iteration,0,100,35.091885,0.341445
[MO866] Iteration,0,101,35.432877,0.340962
[MO866] Iteration,0,102,35.774029,0.341121
[MO866] Iteration,0,103,36.115103,0.341040
[MO866] Iteration,0,104,36.456210,0.341078
[MO866] Iteration,0,105,36.797172,0.340931
[MO866] Iteration,0,106,37.138095,0.340891
[MO866] Iteration,0,107,37.479137,0.341009
[MO866] Iteration,0,108,37.820324,0.341146
[MO866] Iteration,0,109,38.161849,0.341496
[MO866] Iteration,0,110,38.503382,0.341502
[MO866] Iteration,0,111,38.844349,0.340939
[MO866] Iteration,0,112,39.185150,0.340771
[MO866] Iteration,0,113,39.526135,0.340953
[MO866] Iteration,0,114,39.867301,0.341132
[MO866] Iteration,0,115,40.228803,0.361473
[MO866] Iteration,0,116,40.574816,0.345974
[MO866] Iteration,0,117,40.916727,0.341881
[MO866] Iteration,0,118,41.257537,0.340778
[MO866] Iteration,0,119,41.598531,0.340961
 Time step  120
[MO866] Iteration,0,120,41.939521,0.340956
[MO866] Iteration,0,121,42.280532,0.340981
[MO866] Iteration,0,122,42.621463,0.340899
[MO866] Iteration,0,123,42.962174,0.340677
[MO866] Iteration,0,124,43.303191,0.340984
[MO866] Iteration,0,125,43.645443,0.342224
[MO866] Iteration,0,126,43.992240,0.346765
[MO866] Iteration,0,127,44.333106,0.340835
[MO866] Iteration,0,128,44.674063,0.340925
[MO866] Iteration,0,129,45.015117,0.341022
[MO866] Iteration,0,130,45.356158,0.341012
[MO866] Iteration,0,131,45.697225,0.341037
[MO866] Iteration,0,132,46.038145,0.340888
[MO866] Iteration,0,133,46.379306,0.341127
[MO866] Iteration,0,134,46.720423,0.341087
[MO866] Iteration,0,135,47.062245,0.341792
[MO866] Iteration,0,136,47.403344,0.341066
[MO866] Iteration,0,137,47.744305,0.340931
[MO866] Iteration,0,138,48.085407,0.341073
[MO866] Iteration,0,139,48.426425,0.340985
 Time step  140
[MO866] Iteration,0,140,48.767611,0.341154
[MO866] Iteration,0,141,49.108592,0.340951
[MO866] Iteration,0,142,49.468847,0.360223
[MO866] Iteration,0,143,49.816068,0.347182
[MO866] Iteration,0,144,50.157327,0.341230
[MO866] Iteration,0,145,50.498345,0.340986
[MO866] Iteration,0,146,50.839422,0.341043
[MO866] Iteration,0,147,51.180431,0.340980
[MO866] Iteration,0,148,51.521257,0.340795
[MO866] Iteration,0,149,51.862261,0.340971
[MO866] Iteration,0,150,52.203319,0.341025
[MO866] Iteration,0,151,52.544228,0.340881
[MO866] Iteration,0,152,52.885134,0.340876
[MO866] Iteration,0,153,53.232085,0.346920
[MO866] Iteration,0,154,53.585361,0.353247
[MO866] Iteration,0,155,53.969535,0.384139
[MO866] Iteration,0,156,54.310443,0.340876
[MO866] Iteration,0,157,54.651578,0.341102
[MO866] Iteration,0,158,54.992403,0.340794
[MO866] Iteration,0,159,55.333097,0.340663
 Time step  160
[MO866] Iteration,0,160,55.674239,0.341111
[MO866] Iteration,0,161,56.016185,0.341913
[MO866] Iteration,0,162,56.357025,0.340810
[MO866] Iteration,0,163,56.697846,0.340791
[MO866] Iteration,0,164,57.038847,0.340970
[MO866] Iteration,0,165,57.379725,0.340847
[MO866] Iteration,0,166,57.720640,0.340886
[MO866] Iteration,0,167,58.061565,0.340893
[MO866] Iteration,0,168,58.402420,0.340823
[MO866] Iteration,0,169,58.743418,0.340964
[MO866] Iteration,0,170,59.085254,0.341808
[MO866] Iteration,0,171,59.426027,0.340742
[MO866] Iteration,0,172,59.767147,0.341087
[MO866] Iteration,0,173,60.108172,0.340983
[MO866] Iteration,0,174,60.449122,0.340920
[MO866] Iteration,0,175,60.790092,0.340937
[MO866] Iteration,0,176,61.156310,0.366185
[MO866] Iteration,0,177,61.512982,0.356631
[MO866] Iteration,0,178,61.859661,0.346643
[MO866] Iteration,0,179,62.206151,0.346460
 Time step  180
[MO866] Iteration,0,180,62.546967,0.340788
[MO866] Iteration,0,181,62.893068,0.346072
[MO866] Iteration,0,182,63.233459,0.340358
[MO866] Iteration,0,183,63.574143,0.340652
[MO866] Iteration,0,184,63.916199,0.342022
[MO866] Iteration,0,185,64.257453,0.341223
[MO866] Iteration,0,186,64.598095,0.340610
[MO866] Iteration,0,187,64.938614,0.340485
[MO866] Iteration,0,188,65.279547,0.340876
[MO866] Iteration,0,189,65.620299,0.340724
[MO866] Iteration,0,190,65.960926,0.340596
[MO866] Iteration,0,191,66.301342,0.340382
[MO866] Iteration,0,192,66.642247,0.340872
[MO866] Iteration,0,193,66.982609,0.340330
[MO866] Iteration,0,194,67.323159,0.340495
[MO866] Iteration,0,195,67.663747,0.340547
[MO866] Iteration,0,196,68.004651,0.340875
[MO866] Iteration,0,197,68.352252,0.347573
[MO866] Iteration,0,198,68.699748,0.347465
[MO866] Iteration,0,199,69.040278,0.340500
 Time step  200
[MO866] Iteration,0,200,69.380858,0.340550
 Verification being performed for class A
 accuracy setting for epsilon =  0.1000000000000E-07
 Comparison of RMS-norms of residual
           1 0.1080634671464E+03 0.1080634671464E+03 0.5523197744803E-14
           2 0.1131973090122E+02 0.1131973090122E+02 0.2040034265277E-14
           3 0.2597435451158E+02 0.2597435451158E+02 0.2188443945179E-14
           4 0.2366562254468E+02 0.2366562254468E+02 0.5104123707338E-14
           5 0.2527896321175E+03 0.2527896321175E+03 0.1169295495232E-13
 Comparison of RMS-norms of solution error
           1 0.4234841604053E+01 0.4234841604053E+01 0.2097312019534E-15
           2 0.4439028249700E+00 0.4439028249700E+00 0.0000000000000E+00
           3 0.9669248013635E+00 0.9669248013635E+00 0.3444599899784E-15
           4 0.8830206303977E+00 0.8830206303977E+00 0.1257301343147E-15
           5 0.9737990177083E+01 0.9737990177083E+01 0.3648302795747E-15
 Verification Successful


 BT Benchmark Completed.
 Class           =                        A
 Size            =             64x  64x  64
 Iterations      =                      200
 Time in seconds =                    68.67
 Total processes =                        2
 Active procs    =                        1
 Mop/s total     =                  2450.79
 Mop/s/process   =                  1225.40
 Operation type  =           floating point
 Verification    =               SUCCESSFUL
 Version         =                      3.4
 Compile date    =              15 Jun 2020

 Compile options:
    MPIFC        = mpif90
    FLINK        = $(MPIFC)
    FMPI_LIB     = (none)
    FMPI_INC     = (none)
    FFLAGS       = -O3
    FLINKFLAGS   = $(FFLAGS) -O ../kernel_stats/kernel_stats.o...
    RAND         = (none)


 Please send feedbacks and/or the results of this run to:

 NPB Development Team 
 Internet: npb@nas.nasa.gov


[MO866] PI avg,0,0.343294,200
[MO866] Beta,0,0.000624
[MO866] Total time,0,69.423735
