--------------------------------------------------------------------------
[[63098,1],0]: A high-performance Open MPI point-to-point messaging module
was unable to find any relevant network interfaces:

Module: OpenFabrics (openib)
  Host: node06

Another transport will be used instead, although this may result in
lower performance.

NOTE: You can disable this warning by setting the MCA parameter
btl_base_warn_component_unused to 0.
--------------------------------------------------------------------------


 NAS Parallel Benchmarks 3.4 -- BT Benchmark

 No input file inputbt.data. Using compiled defaults
 Size:   64x  64x  64  (class A)
 Iterations:  200    dt:   0.0008000
 Total number of processes:     4

[MO866] Init time,1,0.304778
[MO866] Init time,2,0.302542
[MO866] Init time,3,0.300936
[MO866] Init time,0,0.307254
 Time step    1
[MO866] Iteration,2,1,0.412389,0.109815
[MO866] Iteration,1,1,0.415172,0.110345
[MO866] Iteration,0,1,0.418400,0.111115
[MO866] Iteration,3,1,0.412506,0.111521
[MO866] Iteration,2,2,0.521293,0.108864
[MO866] Iteration,1,2,0.523980,0.108773
[MO866] Iteration,0,2,0.527319,0.108902
[MO866] Iteration,3,2,0.521369,0.108844
[MO866] Iteration,2,3,0.622915,0.101587
[MO866] Iteration,1,3,0.625575,0.101561
[MO866] Iteration,0,3,0.628965,0.101632
[MO866] Iteration,3,3,0.623009,0.101610
[MO866] Iteration,2,4,0.724247,0.101293
[MO866] Iteration,1,4,0.726932,0.101321
[MO866] Iteration,0,4,0.730350,0.101372
[MO866] Iteration,3,4,0.724418,0.101379
[MO866] Iteration,2,5,0.825878,0.101592
[MO866] Iteration,1,5,0.828546,0.101579
[MO866] Iteration,0,5,0.831938,0.101573
[MO866] Iteration,3,5,0.826021,0.101586
[MO866] Iteration,2,6,0.927466,0.101550
[MO866] Iteration,1,6,0.930174,0.101594
[MO866] Iteration,0,6,0.933573,0.101618
[MO866] Iteration,3,6,0.927641,0.101602
[MO866] Iteration,2,7,1.029090,0.101583
[MO866] Iteration,1,7,1.031804,0.101586
[MO866] Iteration,0,7,1.035200,0.101611
[MO866] Iteration,3,7,1.029258,0.101600
[MO866] Iteration,1,8,1.140099,0.108263
[MO866] Iteration,2,8,1.138548,0.109421
[MO866] Iteration,3,8,1.137395,0.108110
[MO866] Iteration,0,8,1.143993,0.108775
[MO866] Iteration,2,9,1.240824,0.102236
[MO866] Iteration,1,9,1.243526,0.103372
[MO866] Iteration,0,9,1.246929,0.102912
[MO866] Iteration,3,9,1.240977,0.103546
[MO866] Iteration,2,10,1.342480,0.101614
[MO866] Iteration,1,10,1.345172,0.101605
[MO866] Iteration,0,10,1.348540,0.101594
[MO866] Iteration,3,10,1.342623,0.101626
[MO866] Iteration,2,11,1.443992,0.101469
[MO866] Iteration,1,11,1.446700,0.101484
[MO866] Iteration,0,11,1.450203,0.101645
[MO866] Iteration,3,11,1.444272,0.101630
[MO866] Iteration,2,12,1.546002,0.101968
[MO866] Iteration,1,12,1.548719,0.101973
[MO866] Iteration,0,12,1.552056,0.101837
[MO866] Iteration,3,12,1.546150,0.101860
[MO866] Iteration,2,13,1.647606,0.101567
[MO866] Iteration,1,13,1.650305,0.101555
[MO866] Iteration,0,13,1.653707,0.101634
[MO866] Iteration,3,13,1.647781,0.101613
[MO866] Iteration,2,14,1.749199,0.101551
[MO866] Iteration,1,14,1.751891,0.101542
[MO866] Iteration,0,14,1.755278,0.101555
[MO866] Iteration,3,14,1.749364,0.101565
[MO866] Iteration,2,15,1.850847,0.101610
[MO866] Iteration,1,15,1.853545,0.101613
[MO866] Iteration,0,15,1.856938,0.101644
[MO866] Iteration,3,15,1.851017,0.101635
[MO866] Iteration,2,16,1.952429,0.101541
[MO866] Iteration,1,16,1.955164,0.101574
[MO866] Iteration,0,16,1.958555,0.101600
[MO866] Iteration,3,16,1.952644,0.101609
[MO866] Iteration,2,17,2.054100,0.101630
[MO866] Iteration,1,17,2.056790,0.101593
[MO866] Iteration,0,17,2.060196,0.101625
[MO866] Iteration,3,17,2.054275,0.101614
[MO866] Iteration,2,18,2.155690,0.101551
[MO866] Iteration,1,18,2.158391,0.101556
[MO866] Iteration,0,18,2.161833,0.101620
[MO866] Iteration,3,18,2.155909,0.101616
[MO866] Iteration,2,19,2.257424,0.101695
[MO866] Iteration,1,19,2.260107,0.101671
[MO866] Iteration,0,19,2.263474,0.101625
 Time step   20
[MO866] Iteration,3,19,2.257552,0.101626
[MO866] Iteration,2,20,2.359068,0.101606
[MO866] Iteration,1,20,2.361765,0.101628
[MO866] Iteration,0,20,2.365158,0.101665
[MO866] Iteration,3,20,2.359190,0.101621
[MO866] Iteration,2,21,2.460579,0.101473
[MO866] Iteration,1,21,2.463312,0.101516
[MO866] Iteration,0,21,2.466727,0.101545
[MO866] Iteration,3,21,2.460817,0.101610
[MO866] Iteration,2,22,2.562250,0.101631
[MO866] Iteration,1,22,2.564942,0.101598
[MO866] Iteration,0,22,2.568312,0.101568
[MO866] Iteration,3,22,2.562395,0.101561
[MO866] Iteration,2,23,2.663827,0.101537
[MO866] Iteration,1,23,2.666527,0.101541
[MO866] Iteration,0,23,2.669978,0.101648
[MO866] Iteration,3,23,2.664059,0.101646
[MO866] Iteration,2,24,2.765472,0.101605
[MO866] Iteration,1,24,2.768162,0.101591
[MO866] Iteration,0,24,2.771549,0.101556
[MO866] Iteration,3,24,2.765636,0.101560
[MO866] Iteration,2,25,2.867025,0.101515
[MO866] Iteration,1,25,2.869732,0.101529
[MO866] Iteration,0,25,2.873161,0.101596
[MO866] Iteration,3,25,2.867258,0.101604
[MO866] Iteration,2,26,2.968671,0.101606
[MO866] Iteration,1,26,2.971389,0.101613
[MO866] Iteration,0,26,2.974787,0.101608
[MO866] Iteration,3,26,2.968871,0.101594
[MO866] Iteration,2,27,3.070281,0.101567
[MO866] Iteration,1,27,3.072970,0.101549
[MO866] Iteration,0,27,3.076359,0.101555
[MO866] Iteration,3,27,3.070440,0.101552
[MO866] Iteration,2,28,3.178494,0.108175
[MO866] Iteration,1,28,3.181155,0.108141
[MO866] Iteration,0,28,3.184554,0.108179
[MO866] Iteration,3,28,3.178649,0.108190
[MO866] Iteration,2,29,3.281491,0.102950
[MO866] Iteration,1,29,3.284179,0.102976
[MO866] Iteration,0,29,3.287566,0.102983
[MO866] Iteration,3,29,3.281647,0.102969
[MO866] Iteration,2,30,3.383025,0.101495
[MO866] Iteration,1,30,3.385729,0.101494
[MO866] Iteration,0,30,3.389130,0.101548
[MO866] Iteration,3,30,3.383236,0.101571
[MO866] Iteration,2,31,3.484708,0.101644
[MO866] Iteration,1,31,3.487429,0.101655
[MO866] Iteration,0,31,3.490802,0.101655
[MO866] Iteration,3,31,3.484887,0.101634
[MO866] Iteration,2,32,3.586314,0.101542
[MO866] Iteration,1,32,3.589000,0.101537
[MO866] Iteration,0,32,3.592394,0.101575
[MO866] Iteration,3,32,3.586482,0.101577
[MO866] Iteration,2,33,3.688131,0.101778
[MO866] Iteration,1,33,3.690825,0.101789
[MO866] Iteration,0,33,3.694278,0.101867
[MO866] Iteration,3,33,3.688353,0.101853
[MO866] Iteration,2,34,3.789818,0.101646
[MO866] Iteration,1,34,3.792515,0.101656
[MO866] Iteration,0,34,3.795891,0.101597
[MO866] Iteration,3,34,3.789977,0.101606
[MO866] Iteration,2,35,3.891395,0.101538
[MO866] Iteration,1,35,3.894093,0.101536
[MO866] Iteration,0,35,3.897528,0.101621
[MO866] Iteration,3,35,3.891587,0.101592
[MO866] Iteration,2,36,3.993047,0.101612
[MO866] Iteration,1,36,3.995749,0.101621
[MO866] Iteration,0,36,3.999154,0.101610
[MO866] Iteration,3,36,3.993233,0.101629
[MO866] Iteration,2,37,4.094722,0.101637
[MO866] Iteration,1,37,4.097428,0.101646
[MO866] Iteration,0,37,4.100825,0.101654
[MO866] Iteration,3,37,4.094906,0.101656
[MO866] Iteration,2,38,4.196269,0.101504
[MO866] Iteration,1,38,4.199000,0.101528
[MO866] Iteration,0,38,4.202409,0.101566
[MO866] Iteration,3,38,4.196490,0.101566
[MO866] Iteration,2,39,4.298112,0.101802
[MO866] Iteration,1,39,4.300798,0.101766
[MO866] Iteration,0,39,4.304168,0.101743
 Time step   40
[MO866] Iteration,3,39,4.298249,0.101742
[MO866] Iteration,2,40,4.399913,0.101763
[MO866] Iteration,1,40,4.402618,0.101786
[MO866] Iteration,0,40,4.406060,0.101875
[MO866] Iteration,3,40,4.400142,0.101875
[MO866] Iteration,2,41,4.501541,0.101588
[MO866] Iteration,1,41,4.504225,0.101565
[MO866] Iteration,0,41,4.507621,0.101546
[MO866] Iteration,3,41,4.501666,0.101506
[MO866] Iteration,2,42,4.603015,0.101440
[MO866] Iteration,1,42,4.605688,0.101430
[MO866] Iteration,0,42,4.609113,0.101476
[MO866] Iteration,3,42,4.603205,0.101508
[MO866] Iteration,2,43,4.704394,0.101339
[MO866] Iteration,1,43,4.707101,0.101378
[MO866] Iteration,0,43,4.710512,0.101382
[MO866] Iteration,3,43,4.704575,0.101353
[MO866] Iteration,2,44,4.805877,0.101443
[MO866] Iteration,1,44,4.808547,0.101406
[MO866] Iteration,0,44,4.811947,0.101420
[MO866] Iteration,3,44,4.805987,0.101394
[MO866] Iteration,2,45,4.907277,0.101364
[MO866] Iteration,1,45,4.909950,0.101367
[MO866] Iteration,0,45,4.913329,0.101368
[MO866] Iteration,3,45,4.907406,0.101388
[MO866] Iteration,2,46,5.008668,0.101354
[MO866] Iteration,1,46,5.011336,0.101350
[MO866] Iteration,0,46,5.014754,0.101410
[MO866] Iteration,3,46,5.008804,0.101381
[MO866] Iteration,2,47,5.110119,0.101413
[MO866] Iteration,1,47,5.112799,0.101431
[MO866] Iteration,0,47,5.116215,0.101446
[MO866] Iteration,3,47,5.110261,0.101427
[MO866] Iteration,2,48,5.211551,0.101393
[MO866] Iteration,1,48,5.214215,0.101381
[MO866] Iteration,0,48,5.217675,0.101443
[MO866] Iteration,3,48,5.211709,0.101417
[MO866] Iteration,2,49,5.312925,0.101335
[MO866] Iteration,1,49,5.315610,0.101359
[MO866] Iteration,0,49,5.319018,0.101329
[MO866] Iteration,3,49,5.313059,0.101321
[MO866] Iteration,2,50,5.414295,0.101328
[MO866] Iteration,1,50,5.416960,0.101318
[MO866] Iteration,0,50,5.420361,0.101327
[MO866] Iteration,3,50,5.414398,0.101308
[MO866] Iteration,2,51,5.515750,0.101418
[MO866] Iteration,1,51,5.518435,0.101440
[MO866] Iteration,3,51,5.515826,0.101397
[MO866] Iteration,0,51,5.523463,0.103088
[MO866] Iteration,2,52,5.622865,0.107079
[MO866] Iteration,1,52,5.625536,0.107066
[MO866] Iteration,0,52,5.628907,0.105415
[MO866] Iteration,3,52,5.622945,0.107102
[MO866] Iteration,2,53,5.723911,0.100991
[MO866] Iteration,1,53,5.726579,0.101007
[MO866] Iteration,0,53,5.730028,0.101106
[MO866] Iteration,3,53,5.724077,0.101102
[MO866] Iteration,2,54,5.825358,0.101407
[MO866] Iteration,1,54,5.828033,0.101418
[MO866] Iteration,0,54,5.831435,0.101393
[MO866] Iteration,3,54,5.825476,0.101370
[MO866] Iteration,2,55,5.926753,0.101356
[MO866] Iteration,1,55,5.929415,0.101349
[MO866] Iteration,0,55,5.932812,0.101360
[MO866] Iteration,3,55,5.926851,0.101345
[MO866] Iteration,2,56,6.028176,0.101386
[MO866] Iteration,1,56,6.030860,0.101409
[MO866] Iteration,0,56,6.034292,0.101465
[MO866] Iteration,3,56,6.028352,0.101471
[MO866] Iteration,2,57,6.129570,0.101356
[MO866] Iteration,1,57,6.132246,0.101349
[MO866] Iteration,0,57,6.135652,0.101345
[MO866] Iteration,3,57,6.129697,0.101327
[MO866] Iteration,2,58,6.230966,0.101360
[MO866] Iteration,1,58,6.233636,0.101356
[MO866] Iteration,0,58,6.237040,0.101373
[MO866] Iteration,3,58,6.231103,0.101376
[MO866] Iteration,2,59,6.332485,0.101481
[MO866] Iteration,1,59,6.335203,0.101531
[MO866] Iteration,0,59,6.338582,0.101524
 Time step   60
[MO866] Iteration,3,59,6.332670,0.101549
[MO866] Iteration,2,60,6.434094,0.101569
[MO866] Iteration,1,60,6.436813,0.101578
[MO866] Iteration,0,60,6.440189,0.101590
[MO866] Iteration,3,60,6.434280,0.101592
[MO866] Iteration,2,61,6.535756,0.101625
[MO866] Iteration,1,61,6.538461,0.101617
[MO866] Iteration,0,61,6.541906,0.101700
[MO866] Iteration,3,61,6.535979,0.101682
[MO866] Iteration,2,62,6.637440,0.101645
[MO866] Iteration,1,62,6.640129,0.101624
[MO866] Iteration,0,62,6.643533,0.101611
[MO866] Iteration,3,62,6.637616,0.101620
[MO866] Iteration,2,63,6.739322,0.101845
[MO866] Iteration,1,63,6.742021,0.101849
[MO866] Iteration,0,63,6.745360,0.101810
[MO866] Iteration,3,63,6.739448,0.101815
[MO866] Iteration,2,64,6.840946,0.101586
[MO866] Iteration,1,64,6.843648,0.101584
[MO866] Iteration,0,64,6.847027,0.101650
[MO866] Iteration,3,64,6.841107,0.101630
[MO866] Iteration,2,65,6.942570,0.101584
[MO866] Iteration,1,65,6.945267,0.101587
[MO866] Iteration,0,65,6.948628,0.101584
[MO866] Iteration,3,65,6.942708,0.101583
[MO866] Iteration,2,66,7.044232,0.101620
[MO866] Iteration,1,66,7.046934,0.101623
[MO866] Iteration,0,66,7.050344,0.101699
[MO866] Iteration,3,66,7.044425,0.101699
[MO866] Iteration,2,67,7.151442,0.107170
[MO866] Iteration,0,67,7.157557,0.107197
[MO866] Iteration,1,67,7.155414,0.108426
[MO866] Iteration,3,67,7.152651,0.108208
[MO866] Iteration,2,68,7.255555,0.104080
[MO866] Iteration,1,68,7.258251,0.102795
[MO866] Iteration,0,68,7.261688,0.104114
[MO866] Iteration,3,68,7.255767,0.103090
[MO866] Iteration,2,69,7.357500,0.101905
[MO866] Iteration,1,69,7.360184,0.101887
[MO866] Iteration,0,69,7.363540,0.101835
[MO866] Iteration,3,69,7.357620,0.101835
[MO866] Iteration,2,70,7.459322,0.101783
[MO866] Iteration,1,70,7.462024,0.101806
[MO866] Iteration,0,70,7.465490,0.101934
[MO866] Iteration,3,70,7.459545,0.101907
[MO866] Iteration,2,71,7.561198,0.101838
[MO866] Iteration,1,71,7.563888,0.101818
[MO866] Iteration,0,71,7.567287,0.101782
[MO866] Iteration,3,71,7.561340,0.101765
[MO866] Iteration,2,72,7.662774,0.101538
[MO866] Iteration,1,72,7.665478,0.101548
[MO866] Iteration,0,72,7.668875,0.101571
[MO866] Iteration,3,72,7.662952,0.101594
[MO866] Iteration,2,73,7.764351,0.101538
[MO866] Iteration,1,73,7.767068,0.101545
[MO866] Iteration,0,73,7.770505,0.101613
[MO866] Iteration,3,73,7.764586,0.101614
[MO866] Iteration,2,74,7.866033,0.101640
[MO866] Iteration,1,74,7.868730,0.101628
[MO866] Iteration,0,74,7.872105,0.101582
[MO866] Iteration,3,74,7.866176,0.101573
[MO866] Iteration,2,75,7.967636,0.101565
[MO866] Iteration,1,75,7.970337,0.101563
[MO866] Iteration,0,75,7.973788,0.101666
[MO866] Iteration,3,75,7.967862,0.101668
[MO866] Iteration,2,76,8.069334,0.101660
[MO866] Iteration,1,76,8.072013,0.101631
[MO866] Iteration,0,76,8.075407,0.101602
[MO866] Iteration,3,76,8.069481,0.101601
[MO866] Iteration,2,77,8.170887,0.101514
[MO866] Iteration,1,77,8.173584,0.101538
[MO866] Iteration,0,77,8.176968,0.101544
[MO866] Iteration,3,77,8.171053,0.101554
[MO866] Iteration,2,78,8.272507,0.101579
[MO866] Iteration,1,78,8.275234,0.101605
[MO866] Iteration,0,78,8.278652,0.101667
[MO866] Iteration,3,78,8.272732,0.101661
[MO866] Iteration,2,79,8.374152,0.101604
[MO866] Iteration,1,79,8.376835,0.101570
[MO866] Iteration,0,79,8.380237,0.101568
 Time step   80
[MO866] Iteration,3,79,8.374322,0.101573
[MO866] Iteration,2,80,8.477784,0.103594
[MO866] Iteration,1,80,8.480462,0.103583
[MO866] Iteration,0,80,8.483798,0.103544
[MO866] Iteration,3,80,8.477885,0.103544
[MO866] Iteration,2,81,8.579845,0.102015
[MO866] Iteration,1,81,8.582553,0.102057
[MO866] Iteration,0,81,8.585984,0.102158
[MO866] Iteration,3,81,8.580072,0.102169
[MO866] Iteration,2,82,8.681467,0.101581
[MO866] Iteration,1,82,8.684170,0.101572
[MO866] Iteration,0,82,8.687530,0.101530
[MO866] Iteration,3,82,8.681616,0.101526
[MO866] Iteration,2,83,8.783022,0.101517
[MO866] Iteration,1,83,8.785725,0.101514
[MO866] Iteration,0,83,8.789138,0.101591
[MO866] Iteration,3,83,8.783250,0.101617
[MO866] Iteration,2,84,8.884674,0.101614
[MO866] Iteration,1,84,8.887395,0.101625
[MO866] Iteration,0,84,8.890784,0.101627
[MO866] Iteration,3,84,8.884875,0.101608
[MO866] Iteration,2,85,8.986410,0.101700
[MO866] Iteration,1,85,8.989110,0.101684
[MO866] Iteration,0,85,8.992445,0.101645
[MO866] Iteration,3,85,8.986525,0.101633
[MO866] Iteration,2,86,9.087962,0.101510
[MO866] Iteration,1,86,9.090659,0.101506
[MO866] Iteration,0,86,9.094074,0.101612
[MO866] Iteration,3,86,9.088173,0.101629
[MO866] Iteration,2,87,9.189547,0.101544
[MO866] Iteration,1,87,9.192238,0.101535
[MO866] Iteration,0,87,9.195645,0.101555
[MO866] Iteration,3,87,9.189729,0.101539
[MO866] Iteration,2,88,9.291145,0.101560
[MO866] Iteration,1,88,9.293837,0.101557
[MO866] Iteration,0,88,9.297232,0.101570
[MO866] Iteration,3,88,9.291321,0.101574
[MO866] Iteration,2,89,9.392714,0.101532
[MO866] Iteration,1,89,9.395443,0.101562
[MO866] Iteration,0,89,9.398836,0.101586
[MO866] Iteration,3,89,9.392921,0.101584
[MO866] Iteration,2,90,9.494566,0.101786
[MO866] Iteration,1,90,9.497263,0.101788
[MO866] Iteration,0,90,9.500642,0.101789
[MO866] Iteration,3,90,9.494726,0.101788
[MO866] Iteration,2,91,9.596127,0.101522
[MO866] Iteration,1,91,9.598832,0.101524
[MO866] Iteration,0,91,9.602296,0.101636
[MO866] Iteration,3,91,9.596375,0.101630
[MO866] Iteration,2,92,9.697788,0.101621
[MO866] Iteration,1,92,9.700471,0.101595
[MO866] Iteration,0,92,9.703899,0.101585
[MO866] Iteration,3,92,9.697980,0.101588
[MO866] Iteration,2,93,9.799456,0.101632
[MO866] Iteration,1,93,9.802158,0.101655
[MO866] Iteration,0,93,9.805581,0.101665
[MO866] Iteration,3,93,9.799654,0.101656
[MO866] Iteration,2,94,9.901129,0.101638
[MO866] Iteration,1,94,9.903831,0.101629
[MO866] Iteration,0,94,9.907182,0.101581
[MO866] Iteration,3,94,9.901208,0.101536
[MO866] Iteration,2,95,10.002600,0.101432
[MO866] Iteration,1,95,10.005298,0.101434
[MO866] Iteration,0,95,10.008725,0.101526
[MO866] Iteration,3,95,10.002790,0.101565
[MO866] Iteration,2,96,10.104231,0.101591
[MO866] Iteration,1,96,10.106929,0.101584
[MO866] Iteration,0,96,10.110376,0.101635
[MO866] Iteration,3,96,10.104417,0.101595
[MO866] Iteration,2,97,10.205858,0.101587
[MO866] Iteration,1,97,10.208545,0.101560
[MO866] Iteration,0,97,10.211914,0.101522
[MO866] Iteration,3,97,10.206002,0.101555
[MO866] Iteration,2,98,10.307440,0.101543
[MO866] Iteration,1,98,10.310142,0.101554
[MO866] Iteration,0,98,10.313570,0.101639
[MO866] Iteration,3,98,10.307644,0.101623
[MO866] Iteration,2,99,10.409030,0.101549
[MO866] Iteration,1,99,10.411728,0.101540
[MO866] Iteration,0,99,10.415100,0.101513
 Time step  100
[MO866] Iteration,3,99,10.409148,0.101487
[MO866] Iteration,2,100,10.510978,0.101907
[MO866] Iteration,1,100,10.513638,0.101877
[MO866] Iteration,0,100,10.517051,0.101935
[MO866] Iteration,3,100,10.511085,0.101909
[MO866] Iteration,2,101,10.612444,0.101429
[MO866] Iteration,1,101,10.615140,0.101466
[MO866] Iteration,0,101,10.618565,0.101498
[MO866] Iteration,3,101,10.612624,0.101508
[MO866] Iteration,2,102,10.713864,0.101379
[MO866] Iteration,1,102,10.716536,0.101362
[MO866] Iteration,0,102,10.719903,0.101323
[MO866] Iteration,3,102,10.713945,0.101303
[MO866] Iteration,2,103,10.815250,0.101349
[MO866] Iteration,1,103,10.817914,0.101343
[MO866] Iteration,0,103,10.821293,0.101374
[MO866] Iteration,3,103,10.815366,0.101390
[MO866] Iteration,2,104,10.916604,0.101314
[MO866] Iteration,1,104,10.919298,0.101347
[MO866] Iteration,0,104,10.922706,0.101398
[MO866] Iteration,3,104,10.916772,0.101389
[MO866] Iteration,2,105,11.018127,0.101483
[MO866] Iteration,1,105,11.020789,0.101458
[MO866] Iteration,0,105,11.024137,0.101415
[MO866] Iteration,3,105,11.018196,0.101406
[MO866] Iteration,2,106,11.119528,0.101360
[MO866] Iteration,1,106,11.122196,0.101372
[MO866] Iteration,0,106,11.125626,0.101471
[MO866] Iteration,3,106,11.119662,0.101448
[MO866] Iteration,2,107,11.221211,0.101644
[MO866] Iteration,1,107,11.223893,0.101660
[MO866] Iteration,0,107,11.227334,0.101693
[MO866] Iteration,3,107,11.221416,0.101725
[MO866] Iteration,2,108,11.322809,0.101559
[MO866] Iteration,1,108,11.325525,0.101590
[MO866] Iteration,0,108,11.328925,0.101573
[MO866] Iteration,3,108,11.323016,0.101581
[MO866] Iteration,2,109,11.424409,0.101560
[MO866] Iteration,1,109,11.427132,0.101575
[MO866] Iteration,0,109,11.430537,0.101594
[MO866] Iteration,3,109,11.424628,0.101593
[MO866] Iteration,2,110,11.526058,0.101607
[MO866] Iteration,1,110,11.528795,0.101629
[MO866] Iteration,0,110,11.532171,0.101617
[MO866] Iteration,3,110,11.526265,0.101620
[MO866] Iteration,2,111,11.627660,0.101562
[MO866] Iteration,1,111,11.630359,0.101529
[MO866] Iteration,0,111,11.633792,0.101602
[MO866] Iteration,3,111,11.627864,0.101581
[MO866] Iteration,2,112,11.729290,0.101590
[MO866] Iteration,1,112,11.732004,0.101599
[MO866] Iteration,0,112,11.735390,0.101581
[MO866] Iteration,3,112,11.729478,0.101597
[MO866] Iteration,2,113,11.830884,0.101556
[MO866] Iteration,1,113,11.833596,0.101561
[MO866] Iteration,0,113,11.836988,0.101580
[MO866] Iteration,3,113,11.831071,0.101574
[MO866] Iteration,2,114,11.932560,0.101636
[MO866] Iteration,1,114,11.935295,0.101653
[MO866] Iteration,0,114,11.938679,0.101674
[MO866] Iteration,3,114,11.932773,0.101683
[MO866] Iteration,2,115,12.034727,0.102117
[MO866] Iteration,1,115,12.037431,0.102106
[MO866] Iteration,0,115,12.040839,0.102131
[MO866] Iteration,3,115,12.034926,0.102136
[MO866] Iteration,2,116,12.136336,0.101570
[MO866] Iteration,1,116,12.139087,0.101611
[MO866] Iteration,0,116,12.142491,0.101635
[MO866] Iteration,3,116,12.136574,0.101629
[MO866] Iteration,2,117,12.237984,0.101607
[MO866] Iteration,1,117,12.240677,0.101547
[MO866] Iteration,0,117,12.244035,0.101529
[MO866] Iteration,3,117,12.238126,0.101535
[MO866] Iteration,2,118,12.339532,0.101507
[MO866] Iteration,1,118,12.342266,0.101545
[MO866] Iteration,0,118,12.345655,0.101601
[MO866] Iteration,3,118,12.339749,0.101604
[MO866] Iteration,2,119,12.441155,0.101581
[MO866] Iteration,1,119,12.443844,0.101547
[MO866] Iteration,0,119,12.447252,0.101580
 Time step  120
[MO866] Iteration,3,119,12.441323,0.101557
[MO866] Iteration,2,120,12.542881,0.101687
[MO866] Iteration,1,120,12.545596,0.101709
[MO866] Iteration,0,120,12.548971,0.101701
[MO866] Iteration,3,120,12.543076,0.101735
[MO866] Iteration,2,121,12.644788,0.101864
[MO866] Iteration,1,121,12.647482,0.101855
[MO866] Iteration,0,121,12.650930,0.101942
[MO866] Iteration,3,121,12.645006,0.101911
[MO866] Iteration,2,122,12.746462,0.101636
[MO866] Iteration,1,122,12.749175,0.101660
[MO866] Iteration,0,122,12.752621,0.101674
[MO866] Iteration,3,122,12.746707,0.101682
[MO866] Iteration,2,123,12.848196,0.101696
[MO866] Iteration,1,123,12.850888,0.101681
[MO866] Iteration,0,123,12.854434,0.101796
[MO866] Iteration,3,123,12.848503,0.101776
[MO866] Iteration,2,124,12.949907,0.101676
[MO866] Iteration,1,124,12.952627,0.101695
[MO866] Iteration,0,124,12.956078,0.101628
[MO866] Iteration,3,124,12.950165,0.101644
[MO866] Iteration,2,125,13.051624,0.101679
[MO866] Iteration,1,125,13.054336,0.101677
[MO866] Iteration,0,125,13.057829,0.101733
[MO866] Iteration,3,125,13.051903,0.101719
[MO866] Iteration,2,126,13.153250,0.101585
[MO866] Iteration,1,126,13.155984,0.101602
[MO866] Iteration,0,126,13.159436,0.101588
[MO866] Iteration,3,126,13.153523,0.101602
[MO866] Iteration,2,127,13.254957,0.101658
[MO866] Iteration,1,127,13.257653,0.101638
[MO866] Iteration,0,127,13.261113,0.101659
[MO866] Iteration,3,127,13.255228,0.101687
[MO866] Iteration,2,128,13.356595,0.101598
[MO866] Iteration,1,128,13.359326,0.101628
[MO866] Iteration,0,128,13.362809,0.101679
[MO866] Iteration,3,128,13.356895,0.101650
[MO866] Iteration,2,129,13.458282,0.101649
[MO866] Iteration,1,129,13.460985,0.101629
[MO866] Iteration,0,129,13.464443,0.101616
[MO866] Iteration,3,129,13.458528,0.101614
[MO866] Iteration,2,130,13.560191,0.101872
[MO866] Iteration,1,130,13.562911,0.101883
[MO866] Iteration,0,130,13.566389,0.101929
[MO866] Iteration,3,130,13.560502,0.101955
[MO866] Iteration,2,131,13.661907,0.101675
[MO866] Iteration,1,131,13.664609,0.101665
[MO866] Iteration,0,131,13.668070,0.101665
[MO866] Iteration,3,131,13.662159,0.101639
[MO866] Iteration,2,132,13.763524,0.101578
[MO866] Iteration,1,132,13.766241,0.101588
[MO866] Iteration,0,132,13.769735,0.101647
[MO866] Iteration,3,132,13.763815,0.101637
[MO866] Iteration,2,133,13.865255,0.101693
[MO866] Iteration,1,133,13.867976,0.101703
[MO866] Iteration,0,133,13.871423,0.101670
[MO866] Iteration,3,133,13.865508,0.101675
[MO866] Iteration,2,134,13.966934,0.101629
[MO866] Iteration,1,134,13.969660,0.101642
[MO866] Iteration,0,134,13.973090,0.101649
[MO866] Iteration,3,134,13.967212,0.101686
[MO866] Iteration,2,135,14.068550,0.101576
[MO866] Iteration,1,135,14.071290,0.101598
[MO866] Iteration,0,135,14.074761,0.101653
[MO866] Iteration,3,135,14.068849,0.101620
[MO866] Iteration,2,136,14.170185,0.101593
[MO866] Iteration,1,136,14.172902,0.101580
[MO866] Iteration,0,136,14.176361,0.101583
[MO866] Iteration,3,136,14.170448,0.101581
[MO866] Iteration,2,137,14.271847,0.101622
[MO866] Iteration,1,137,14.274553,0.101619
[MO866] Iteration,0,137,14.278113,0.101732
[MO866] Iteration,3,137,14.272186,0.101719
[MO866] Iteration,2,138,14.373565,0.101684
[MO866] Iteration,1,138,14.376289,0.101692
[MO866] Iteration,0,138,14.379738,0.101608
[MO866] Iteration,3,138,14.373844,0.101640
[MO866] Iteration,2,139,14.475255,0.101653
[MO866] Iteration,1,139,14.477953,0.101633
[MO866] Iteration,0,139,14.481451,0.101695
 Time step  140
[MO866] Iteration,3,139,14.475540,0.101678
[MO866] Iteration,2,140,14.577049,0.101757
[MO866] Iteration,1,140,14.579771,0.101772
[MO866] Iteration,0,140,14.583190,0.101699
[MO866] Iteration,3,140,14.577286,0.101728
[MO866] Iteration,2,141,14.678689,0.101602
[MO866] Iteration,1,141,14.681393,0.101593
[MO866] Iteration,0,141,14.684822,0.101614
[MO866] Iteration,3,141,14.678910,0.101606
[MO866] Iteration,2,142,14.780308,0.101576
[MO866] Iteration,1,142,14.783050,0.101613
[MO866] Iteration,0,142,14.786544,0.101703
[MO866] Iteration,3,142,14.780636,0.101707
[MO866] Iteration,2,143,14.882088,0.101744
[MO866] Iteration,1,143,14.884784,0.101692
[MO866] Iteration,0,143,14.888213,0.101651
[MO866] Iteration,3,143,14.882297,0.101644
[MO866] Iteration,2,144,14.983705,0.101576
[MO866] Iteration,1,144,14.986435,0.101607
[MO866] Iteration,0,144,14.989928,0.101698
[MO866] Iteration,3,144,14.984031,0.101715
[MO866] Iteration,2,145,15.085438,0.101704
[MO866] Iteration,1,145,15.088128,0.101648
[MO866] Iteration,0,145,15.091619,0.101674
[MO866] Iteration,3,145,15.085703,0.101654
[MO866] Iteration,2,146,15.193693,0.108215
[MO866] Iteration,1,146,15.196388,0.108216
[MO866] Iteration,0,146,15.199829,0.108194
[MO866] Iteration,3,146,15.193956,0.108234
[MO866] Iteration,2,147,15.296616,0.102888
[MO866] Iteration,1,147,15.299342,0.102908
[MO866] Iteration,0,147,15.302827,0.102979
[MO866] Iteration,3,147,15.296907,0.102923
[MO866] Iteration,2,148,15.398323,0.101668
[MO866] Iteration,1,148,15.401041,0.101665
[MO866] Iteration,0,148,15.404489,0.101645
[MO866] Iteration,3,148,15.398595,0.101670
[MO866] Iteration,2,149,15.499992,0.101627
[MO866] Iteration,1,149,15.502687,0.101615
[MO866] Iteration,0,149,15.506241,0.101733
[MO866] Iteration,3,149,15.500319,0.101705
[MO866] Iteration,2,150,15.601706,0.101678
[MO866] Iteration,1,150,15.604422,0.101690
[MO866] Iteration,0,150,15.607860,0.101603
[MO866] Iteration,3,150,15.601952,0.101616
[MO866] Iteration,2,151,15.703545,0.101801
[MO866] Iteration,1,151,15.706255,0.101802
[MO866] Iteration,0,151,15.709785,0.101908
[MO866] Iteration,3,151,15.703859,0.101888
[MO866] Iteration,2,152,15.805277,0.101698
[MO866] Iteration,1,152,15.807984,0.101685
[MO866] Iteration,0,152,15.811446,0.101644
[MO866] Iteration,3,152,15.805530,0.101653
[MO866] Iteration,2,153,15.906966,0.101648
[MO866] Iteration,1,153,15.909657,0.101642
[MO866] Iteration,0,153,15.913101,0.101637
[MO866] Iteration,3,153,15.907209,0.101660
[MO866] Iteration,2,154,16.008609,0.101603
[MO866] Iteration,1,154,16.011349,0.101647
[MO866] Iteration,0,154,16.014859,0.101741
[MO866] Iteration,3,154,16.008942,0.101715
[MO866] Iteration,2,155,16.114117,0.105476
[MO866] Iteration,1,155,16.116801,0.105422
[MO866] Iteration,0,155,16.120286,0.105410
[MO866] Iteration,3,155,16.114372,0.105412
[MO866] Iteration,2,156,16.216164,0.101993
[MO866] Iteration,1,156,16.218881,0.102045
[MO866] Iteration,0,156,16.222359,0.102044
[MO866] Iteration,3,156,16.216437,0.102046
[MO866] Iteration,2,157,16.317933,0.101730
[MO866] Iteration,1,157,16.320629,0.101716
[MO866] Iteration,0,157,16.324109,0.101733
[MO866] Iteration,3,157,16.318191,0.101736
[MO866] Iteration,2,158,16.419624,0.101650
[MO866] Iteration,1,158,16.422332,0.101660
[MO866] Iteration,0,158,16.425819,0.101692
[MO866] Iteration,3,158,16.419897,0.101687
[MO866] Iteration,2,159,16.521343,0.101678
[MO866] Iteration,1,159,16.524027,0.101650
[MO866] Iteration,0,159,16.527504,0.101669
 Time step  160
[MO866] Iteration,3,159,16.521592,0.101677
[MO866] Iteration,2,160,16.623131,0.101749
[MO866] Iteration,1,160,16.625862,0.101793
[MO866] Iteration,0,160,16.629303,0.101782
[MO866] Iteration,3,160,16.623430,0.101819
[MO866] Iteration,2,161,16.724821,0.101653
[MO866] Iteration,1,161,16.727519,0.101626
[MO866] Iteration,0,161,16.730998,0.101677
[MO866] Iteration,3,161,16.725084,0.101636
[MO866] Iteration,2,162,16.826487,0.101626
[MO866] Iteration,1,162,16.829215,0.101655
[MO866] Iteration,0,162,16.832669,0.101654
[MO866] Iteration,3,162,16.826776,0.101673
[MO866] Iteration,2,163,16.928233,0.101704
[MO866] Iteration,1,163,16.930934,0.101687
[MO866] Iteration,0,163,16.934444,0.101757
[MO866] Iteration,3,163,16.928518,0.101723
[MO866] Iteration,2,164,17.029974,0.101698
[MO866] Iteration,1,164,17.032722,0.101731
[MO866] Iteration,0,164,17.036173,0.101713
[MO866] Iteration,3,164,17.030270,0.101734
[MO866] Iteration,2,165,17.131643,0.101633
[MO866] Iteration,1,165,17.134348,0.101583
[MO866] Iteration,0,165,17.137863,0.101672
[MO866] Iteration,3,165,17.131935,0.101647
[MO866] Iteration,2,166,17.233331,0.101648
[MO866] Iteration,1,166,17.236038,0.101646
[MO866] Iteration,0,166,17.239502,0.101623
[MO866] Iteration,3,166,17.233596,0.101644
[MO866] Iteration,2,167,17.334968,0.101599
[MO866] Iteration,1,167,17.337670,0.101601
[MO866] Iteration,0,167,17.341138,0.101618
[MO866] Iteration,3,167,17.335252,0.101638
[MO866] Iteration,2,168,17.436627,0.101620
[MO866] Iteration,1,168,17.439375,0.101661
[MO866] Iteration,0,168,17.442857,0.101702
[MO866] Iteration,3,168,17.436951,0.101681
[MO866] Iteration,2,169,17.538380,0.101714
[MO866] Iteration,1,169,17.541060,0.101643
[MO866] Iteration,0,169,17.544507,0.101632
[MO866] Iteration,3,169,17.538594,0.101625
[MO866] Iteration,2,170,17.640003,0.101583
[MO866] Iteration,1,170,17.642727,0.101631
[MO866] Iteration,0,170,17.646216,0.101692
[MO866] Iteration,3,170,17.640320,0.101707
[MO866] Iteration,2,171,17.741759,0.101715
[MO866] Iteration,1,171,17.744443,0.101684
[MO866] Iteration,0,171,17.747863,0.101630
[MO866] Iteration,3,171,17.741945,0.101607
[MO866] Iteration,2,172,17.843362,0.101563
[MO866] Iteration,1,172,17.846079,0.101601
[MO866] Iteration,0,172,17.849633,0.101753
[MO866] Iteration,3,172,17.843678,0.101714
[MO866] Iteration,2,173,17.945066,0.101672
[MO866] Iteration,1,173,17.947764,0.101653
[MO866] Iteration,0,173,17.951233,0.101583
[MO866] Iteration,3,173,17.945310,0.101603
[MO866] Iteration,2,174,18.046813,0.101707
[MO866] Iteration,1,174,18.049538,0.101732
[MO866] Iteration,0,174,18.052961,0.101710
[MO866] Iteration,3,174,18.047062,0.101733
[MO866] Iteration,2,175,18.148473,0.101623
[MO866] Iteration,1,175,18.151197,0.101614
[MO866] Iteration,0,175,18.154668,0.101688
[MO866] Iteration,3,175,18.148751,0.101670
[MO866] Iteration,2,176,18.250153,0.101639
[MO866] Iteration,1,176,18.252861,0.101631
[MO866] Iteration,0,176,18.256303,0.101618
[MO866] Iteration,3,176,18.250402,0.101634
[MO866] Iteration,2,177,18.351792,0.101600
[MO866] Iteration,1,177,18.354487,0.101594
[MO866] Iteration,0,177,18.358043,0.101723
[MO866] Iteration,3,177,18.352117,0.101696
[MO866] Iteration,2,178,18.453510,0.101683
[MO866] Iteration,1,178,18.456224,0.101691
[MO866] Iteration,0,178,18.459648,0.101588
[MO866] Iteration,3,178,18.453747,0.101613
[MO866] Iteration,2,179,18.555217,0.101667
[MO866] Iteration,1,179,18.557917,0.101661
[MO866] Iteration,0,179,18.561360,0.101694
 Time step  180
[MO866] Iteration,3,179,18.555447,0.101681
[MO866] Iteration,2,180,18.656904,0.101647
[MO866] Iteration,1,180,18.659613,0.101652
[MO866] Iteration,0,180,18.663093,0.101714
[MO866] Iteration,3,180,18.657191,0.101715
[MO866] Iteration,2,181,18.758584,0.101643
[MO866] Iteration,1,181,18.761280,0.101637
[MO866] Iteration,0,181,18.764768,0.101658
[MO866] Iteration,3,181,18.758854,0.101644
[MO866] Iteration,2,182,18.860272,0.101647
[MO866] Iteration,1,182,18.863019,0.101695
[MO866] Iteration,0,182,18.866505,0.101719
[MO866] Iteration,3,182,18.860589,0.101717
[MO866] Iteration,2,183,18.962003,0.101692
[MO866] Iteration,1,183,18.964683,0.101622
[MO866] Iteration,0,183,18.968189,0.101667
[MO866] Iteration,3,183,18.962274,0.101667
[MO866] Iteration,2,184,19.063699,0.101660
[MO866] Iteration,1,184,19.066409,0.101691
[MO866] Iteration,0,184,19.069916,0.101709
[MO866] Iteration,3,184,19.063986,0.101693
[MO866] Iteration,2,185,19.165697,0.101965
[MO866] Iteration,1,185,19.168396,0.101955
[MO866] Iteration,0,185,19.171840,0.101907
[MO866] Iteration,3,185,19.165919,0.101915
[MO866] Iteration,2,186,19.267556,0.101820
[MO866] Iteration,1,186,19.270277,0.101838
[MO866] Iteration,0,186,19.273764,0.101907
[MO866] Iteration,3,186,19.267896,0.101958
[MO866] Iteration,2,187,19.369305,0.101718
[MO866] Iteration,1,187,19.372007,0.101698
[MO866] Iteration,0,187,19.375468,0.101677
[MO866] Iteration,3,187,19.369544,0.101630
[MO866] Iteration,2,188,19.470934,0.101592
[MO866] Iteration,1,188,19.473659,0.101611
[MO866] Iteration,0,188,19.477099,0.101616
[MO866] Iteration,3,188,19.471228,0.101665
[MO866] Iteration,2,189,19.572834,0.101866
[MO866] Iteration,1,189,19.575543,0.101841
[MO866] Iteration,0,189,19.578994,0.101875
[MO866] Iteration,3,189,19.573086,0.101840
[MO866] Iteration,2,190,19.674471,0.101597
[MO866] Iteration,1,190,19.677156,0.101581
[MO866] Iteration,0,190,19.680633,0.101621
[MO866] Iteration,3,190,19.674721,0.101616
[MO866] Iteration,2,191,19.776124,0.101618
[MO866] Iteration,1,191,19.778828,0.101627
[MO866] Iteration,0,191,19.782329,0.101678
[MO866] Iteration,3,191,19.776398,0.101658
[MO866] Iteration,2,192,19.877880,0.101714
[MO866] Iteration,1,192,19.880584,0.101709
[MO866] Iteration,0,192,19.883982,0.101636
[MO866] Iteration,3,192,19.878094,0.101678
[MO866] Iteration,2,193,19.979481,0.101567
[MO866] Iteration,1,193,19.982184,0.101568
[MO866] Iteration,0,193,19.985714,0.101715
[MO866] Iteration,3,193,19.979790,0.101677
[MO866] Iteration,2,194,20.081479,0.101963
[MO866] Iteration,1,194,20.084187,0.101959
[MO866] Iteration,0,194,20.087630,0.101899
[MO866] Iteration,3,194,20.081719,0.101912
[MO866] Iteration,2,195,20.183175,0.101661
[MO866] Iteration,1,195,20.185876,0.101658
[MO866] Iteration,0,195,20.189367,0.101720
[MO866] Iteration,3,195,20.183449,0.101711
[MO866] Iteration,2,196,20.284877,0.101665
[MO866] Iteration,1,196,20.287570,0.101649
[MO866] Iteration,0,196,20.291059,0.101675
[MO866] Iteration,3,196,20.285149,0.101670
[MO866] Iteration,2,197,20.386501,0.101591
[MO866] Iteration,1,197,20.389194,0.101591
[MO866] Iteration,0,197,20.392655,0.101577
[MO866] Iteration,3,197,20.386741,0.101572
[MO866] Iteration,2,198,20.488101,0.101560
[MO866] Iteration,1,198,20.490801,0.101562
[MO866] Iteration,0,198,20.494348,0.101676
[MO866] Iteration,3,198,20.488451,0.101690
[MO866] Iteration,2,199,20.589927,0.101790
[MO866] Iteration,1,199,20.592619,0.101773
[MO866] Iteration,0,199,20.596085,0.101721
 Time step  200
[MO866] Iteration,3,199,20.590132,0.101663
[MO866] Iteration,2,200,20.691601,0.101634
[MO866] Iteration,1,200,20.694290,0.101637
[MO866] Iteration,0,200,20.697731,0.101627
[MO866] Iteration,3,200,20.691815,0.101652
[MO866] PI avg,1,0.101909,200
[MO866] Beta,1,0.000656
[MO866] Total time,1,20.707661
 Verification being performed for class A
 accuracy setting for epsilon =  0.1000000000000E-07
 Comparison of RMS-norms of residual
           1 0.1080634671464E+03 0.1080634671464E+03 0.7101254243319E-14
           2 0.1131973090122E+02 0.1131973090122E+02 0.9415542762816E-15
           3 0.2597435451158E+02 0.2597435451158E+02 0.6838887328685E-15
           4 0.2366562254468E+02 0.2366562254468E+02 0.6455215276928E-14
           5 0.2527896321175E+03 0.2527896321175E+03 0.1259241302557E-13
 Comparison of RMS-norms of solution error
           1 0.4234841604053E+01 0.4234841604053E+01 0.1048656009767E-14
           2 0.4439028249700E+00 0.4439028249700E+00 0.6752834174215E-14
           3 0.9669248013635E+00 0.9669248013635E+00 0.3100139909806E-14
[MO866] PI avg,2,0.101906,200
[MO866] Beta,2,0.000678
[MO866] Total time,2,20.705422
[MO866] PI avg,3,0.101934,200
[MO866] Beta,3,0.000589
[MO866] Total time,3,20.703827
           4 0.8830206303977E+00 0.8830206303977E+00 0.6286506715733E-15
           5 0.9737990177083E+01 0.9737990177083E+01 0.1824151397873E-14
 Verification Successful


 BT Benchmark Completed.
 Class           =                        A
 Size            =             64x  64x  64
 Iterations      =                      200
 Time in seconds =                    20.39
 Total processes =                        4
 Active procs    =                        4
 Mop/s total     =                  8252.92
 Mop/s/process   =                  2063.23
 Operation type  =           floating point
 Verification    =               SUCCESSFUL
 Version         =                      3.4
 Compile date    =              15 Jun 2020

 Compile options:
    MPIFC        = mpif90
    FLINK        = $(MPIFC)
    FMPI_LIB     = (none)
    FMPI_INC     = (none)
    FFLAGS       = -O3
    FLINKFLAGS   = $(FFLAGS) -O ../kernel_stats/kernel_stats.o...
    RAND         = (none)


 Please send feedbacks and/or the results of this run to:

 NPB Development Team 
 Internet: npb@nas.nasa.gov


[MO866] PI avg,0,0.101935,200
[MO866] Beta,0,0.000625
[MO866] Total time,0,20.710479
