--------------------------------------------------------------------------
[[62807,1],0]: A high-performance Open MPI point-to-point messaging module
was unable to find any relevant network interfaces:

Module: OpenFabrics (openib)
  Host: node06

Another transport will be used instead, although this may result in
lower performance.

NOTE: You can disable this warning by setting the MCA parameter
btl_base_warn_component_unused to 0.
--------------------------------------------------------------------------


 NAS Parallel Benchmarks 3.4 -- BT Benchmark

[MO866] Total time,1,0.126376
 No input file inputbt.data. Using compiled defaults
 Size:  162x 162x 162  (class C)
 Iterations:  200    dt:   0.0001000
 WARNING: Number of active processes:     1
 Total number of processes:     2

[MO866] Init time,0,10.069113
 Time step    1
[MO866] Iteration,0,1,16.426672,6.357517
[MO866] Iteration,0,2,22.736675,6.309958
[MO866] Iteration,0,3,29.023495,6.286778
[MO866] Iteration,0,4,35.210190,6.186651
[MO866] Iteration,0,5,41.350505,6.140272
[MO866] Iteration,0,6,47.618165,6.267616
[MO866] Iteration,0,7,53.650172,6.031976
[MO866] Iteration,0,8,59.798403,6.148186
[MO866] Iteration,0,9,65.792430,5.993993
[MO866] Iteration,0,10,71.946494,6.154022
[MO866] Iteration,0,11,77.978185,6.031657
[MO866] Iteration,0,12,84.008995,6.030771
[MO866] Iteration,0,13,90.084102,6.075068
[MO866] Iteration,0,14,96.095197,6.011064
[MO866] Iteration,0,15,102.046872,5.951645
[MO866] Iteration,0,16,108.113260,6.066344
[MO866] Iteration,0,17,114.065719,5.952428
[MO866] Iteration,0,18,120.115946,6.050194
[MO866] Iteration,0,19,126.050016,5.934035
 Time step   20
[MO866] Iteration,0,20,132.151892,6.101834
[MO866] Iteration,0,21,138.106547,5.954624
[MO866] Iteration,0,22,144.144510,6.037927
[MO866] Iteration,0,23,150.063606,5.919065
[MO866] Iteration,0,24,155.996522,5.932881
[MO866] Iteration,0,25,162.018162,6.021598
[MO866] Iteration,0,26,167.957699,5.939501
[MO866] Iteration,0,27,173.897433,5.939699
[MO866] Iteration,0,28,179.904785,6.007318
[MO866] Iteration,0,29,185.884483,5.979667
[MO866] Iteration,0,30,191.860896,5.976376
[MO866] Iteration,0,31,197.834022,5.973085
[MO866] Iteration,0,32,203.734828,5.900773
[MO866] Iteration,0,33,209.665826,5.930962
[MO866] Iteration,0,34,215.658296,5.992436
[MO866] Iteration,0,35,221.559775,5.901449
[MO866] Iteration,0,36,227.506029,5.946209
[MO866] Iteration,0,37,233.395635,5.889572
[MO866] Iteration,0,38,239.322827,5.927152
[MO866] Iteration,0,39,245.304355,5.981484
 Time step   40
[MO866] Iteration,0,40,251.300024,5.995639
[MO866] Iteration,0,41,257.265506,5.965449
[MO866] Iteration,0,42,263.150879,5.885343
[MO866] Iteration,0,43,269.097604,5.946690
[MO866] Iteration,0,44,275.027611,5.929976
[MO866] Iteration,0,45,280.946152,5.918507
[MO866] Iteration,0,46,286.861544,5.915354
[MO866] Iteration,0,47,292.789137,5.927554
[MO866] Iteration,0,48,298.743351,5.954183
[MO866] Iteration,0,49,304.713817,5.970433
[MO866] Iteration,0,50,310.599336,5.885487
[MO866] Iteration,0,51,316.551621,5.952252
[MO866] Iteration,0,52,322.525183,5.973528
[MO866] Iteration,0,53,328.413649,5.888436
[MO866] Iteration,0,54,334.416634,6.002953
[MO866] Iteration,0,55,340.334971,5.918307
[MO866] Iteration,0,56,346.257881,5.922870
[MO866] Iteration,0,57,352.207845,5.949932
[MO866] Iteration,0,58,358.155585,5.947700
[MO866] Iteration,0,59,364.109080,5.953460
 Time step   60
[MO866] Iteration,0,60,369.994473,5.885363
[MO866] Iteration,0,61,375.947898,5.953391
[MO866] Iteration,0,62,381.909988,5.962058
[MO866] Iteration,0,63,387.798306,5.888285
[MO866] Iteration,0,64,393.730471,5.932131
[MO866] Iteration,0,65,399.649045,5.918540
[MO866] Iteration,0,66,405.555300,5.906219
[MO866] Iteration,0,67,411.436847,5.881510
[MO866] Iteration,0,68,417.355686,5.918799
[MO866] Iteration,0,69,423.181725,5.826004
[MO866] Iteration,0,70,429.076701,5.894942
[MO866] Iteration,0,71,434.973696,5.896964
[MO866] Iteration,0,72,440.809219,5.835489
[MO866] Iteration,0,73,446.685437,5.876187
[MO866] Iteration,0,74,452.545822,5.860354
[MO866] Iteration,0,75,458.406049,5.860192
[MO866] Iteration,0,76,464.240462,5.834372
[MO866] Iteration,0,77,470.089518,5.849022
[MO866] Iteration,0,78,476.027103,5.937543
[MO866] Iteration,0,79,481.851593,5.824454
 Time step   80
[MO866] Iteration,0,80,487.749968,5.898339
[MO866] Iteration,0,81,493.661211,5.911209
[MO866] Iteration,0,82,499.483009,5.821765
[MO866] Iteration,0,83,505.426595,5.943549
[MO866] Iteration,0,84,511.308700,5.882069
[MO866] Iteration,0,85,517.162471,5.853739
[MO866] Iteration,0,86,522.983097,5.820590
[MO866] Iteration,0,87,528.843409,5.860270
[MO866] Iteration,0,88,534.698673,5.855221
[MO866] Iteration,0,89,540.588596,5.889887
[MO866] Iteration,0,90,546.469806,5.881178
[MO866] Iteration,0,91,552.304681,5.834842
[MO866] Iteration,0,92,558.192427,5.887715
[MO866] Iteration,0,93,564.095598,5.903139
[MO866] Iteration,0,94,569.961885,5.866251
[MO866] Iteration,0,95,575.829955,5.868040
[MO866] Iteration,0,96,581.651402,5.821411
[MO866] Iteration,0,97,587.504427,5.852984
[MO866] Iteration,0,98,593.364390,5.859924
[MO866] Iteration,0,99,599.253076,5.888654
 Time step  100
[MO866] Iteration,0,100,605.158518,5.905411
[MO866] Iteration,0,101,610.981647,5.823094
[MO866] Iteration,0,102,616.870473,5.888792
[MO866] Iteration,0,103,622.777153,5.906645
[MO866] Iteration,0,104,628.600104,5.822920
[MO866] Iteration,0,105,634.502371,5.902237
[MO866] Iteration,0,106,640.356430,5.854025
[MO866] Iteration,0,107,646.181721,5.825252
[MO866] Iteration,0,108,652.069573,5.887818
[MO866] Iteration,0,109,657.979655,5.910040
[MO866] Iteration,0,110,663.798998,5.819310
[MO866] Iteration,0,111,669.686023,5.886990
[MO866] Iteration,0,112,675.644192,5.958135
[MO866] Iteration,0,113,681.531090,5.886867
[MO866] Iteration,0,114,687.357442,5.826316
[MO866] Iteration,0,115,693.207567,5.850092
[MO866] Iteration,0,116,699.074458,5.866856
[MO866] Iteration,0,117,704.916177,5.841679
[MO866] Iteration,0,118,710.770084,5.853874
[MO866] Iteration,0,119,716.725593,5.955466
 Time step  120
[MO866] Iteration,0,120,722.624229,5.898602
[MO866] Iteration,0,121,728.516623,5.892362
[MO866] Iteration,0,122,734.448924,5.932271
[MO866] Iteration,0,123,740.311063,5.862108
[MO866] Iteration,0,124,746.246204,5.935105
[MO866] Iteration,0,125,752.130782,5.884541
[MO866] Iteration,0,126,757.990550,5.859731
[MO866] Iteration,0,127,763.817294,5.826714
[MO866] Iteration,0,128,769.695347,5.878014
[MO866] Iteration,0,129,775.620022,5.924630
[MO866] Iteration,0,130,781.450346,5.830289
[MO866] Iteration,0,131,787.344156,5.893776
[MO866] Iteration,0,132,793.264496,5.920308
[MO866] Iteration,0,133,799.091672,5.827144
[MO866] Iteration,0,134,804.985132,5.893424
[MO866] Iteration,0,135,810.860726,5.875561
[MO866] Iteration,0,136,816.719821,5.859064
[MO866] Iteration,0,137,822.547443,5.827589
[MO866] Iteration,0,138,828.420267,5.872780
[MO866] Iteration,0,139,834.344241,5.923933
 Time step  140
[MO866] Iteration,0,140,840.237003,5.892731
[MO866] Iteration,0,141,846.158034,5.920998
[MO866] Iteration,0,142,852.062266,5.904198
[MO866] Iteration,0,143,857.956750,5.894449
[MO866] Iteration,0,144,863.863283,5.906500
[MO866] Iteration,0,145,869.693461,5.830143
[MO866] Iteration,0,146,875.572537,5.879042
[MO866] Iteration,0,147,881.406963,5.834396
[MO866] Iteration,0,148,887.258667,5.851662
[MO866] Iteration,0,149,893.124526,5.865816
[MO866] Iteration,0,150,899.016947,5.892389
[MO866] Iteration,0,151,904.919294,5.902314
[MO866] Iteration,0,152,910.746241,5.826911
[MO866] Iteration,0,153,916.637470,5.891194
[MO866] Iteration,0,154,922.543456,5.905953
[MO866] Iteration,0,155,928.371513,5.828022
[MO866] Iteration,0,156,934.245596,5.874049
[MO866] Iteration,0,157,940.104304,5.858674
[MO866] Iteration,0,158,945.935015,5.830672
[MO866] Iteration,0,159,951.812644,5.877594
 Time step  160
[MO866] Iteration,0,160,957.734514,5.921830
[MO866] Iteration,0,161,963.560659,5.826111
[MO866] Iteration,0,162,969.454773,5.894083
[MO866] Iteration,0,163,975.347466,5.892658
[MO866] Iteration,0,164,981.173857,5.826355
[MO866] Iteration,0,165,987.061566,5.887674
[MO866] Iteration,0,166,992.925236,5.863637
[MO866] Iteration,0,167,998.784511,5.859241
[MO866] Iteration,0,168,1004.615876,5.831326
[MO866] Iteration,0,169,1010.469962,5.854053
[MO866] Iteration,0,170,1016.409581,5.939578
[MO866] Iteration,0,171,1022.237438,5.827824
[MO866] Iteration,0,172,1028.129853,5.892382
[MO866] Iteration,0,173,1034.032804,5.902916
[MO866] Iteration,0,174,1039.819203,5.786367
[MO866] Iteration,0,175,1045.685137,5.865898
[MO866] Iteration,0,176,1051.527003,5.841834
[MO866] Iteration,0,177,1057.346441,5.819406
[MO866] Iteration,0,178,1063.131297,5.784822
[MO866] Iteration,0,179,1068.959514,5.828177
 Time step  180
[MO866] Iteration,0,180,1074.770221,5.810665
[MO866] Iteration,0,181,1080.612203,5.841948
[MO866] Iteration,0,182,1086.447048,5.834814
[MO866] Iteration,0,183,1092.221434,5.774353
[MO866] Iteration,0,184,1098.065039,5.843574
[MO866] Iteration,0,185,1103.922110,5.857041
[MO866] Iteration,0,186,1109.699948,5.777805
[MO866] Iteration,0,187,1115.506315,5.806336
[MO866] Iteration,0,188,1121.315721,5.809373
[MO866] Iteration,0,189,1127.096668,5.780909
[MO866] Iteration,0,190,1132.936167,5.839470
[MO866] Iteration,0,191,1138.773893,5.837690
[MO866] Iteration,0,192,1144.612848,5.838922
[MO866] Iteration,0,193,1150.389964,5.777086
[MO866] Iteration,0,194,1156.233275,5.843278
[MO866] Iteration,0,195,1162.076906,5.843601
[MO866] Iteration,0,196,1167.855081,5.778145
[MO866] Iteration,0,197,1173.662282,5.807167
[MO866] Iteration,0,198,1179.470347,5.808031
[MO866] Iteration,0,199,1185.250815,5.780429
 Time step  200
[MO866] Iteration,0,200,1191.111225,5.860378
 Verification being performed for class C
 accuracy setting for epsilon =  0.1000000000000E-07
 Comparison of RMS-norms of residual
           1 0.6239811655176E+04 0.6239811655176E+04 0.5247243197904E-14
           2 0.5079323919042E+03 0.5079323919042E+03 0.1141496155043E-13
           3 0.1542353009301E+04 0.1542353009301E+04 0.5690411870162E-13
           4 0.1330238792929E+04 0.1330238792929E+04 0.5982443665614E-14
           5 0.1160408742844E+05 0.1160408742844E+05 0.1097279377060E-14
 Comparison of RMS-norms of solution error
           1 0.1646200836909E+03 0.1646200836909E+03 0.1191287178775E-13
           2 0.1149710790382E+02 0.1149710790382E+02 0.2549327021655E-13
           3 0.4120744620746E+02 0.4120744620746E+02 0.8104241260813E-14
           4 0.3708765105969E+02 0.3708765105969E+02 0.1915847230703E-13
           5 0.3621105305184E+03 0.3621105305184E+03 0.3045374914452E-13
 Verification Successful


 BT Benchmark Completed.
 Class           =                        C
 Size            =            162x 162x 162
 Iterations      =                      200
 Time in seconds =                  1181.04
 Total processes =                        2
 Active procs    =                        1
 Mop/s total     =                  2426.91
 Mop/s/process   =                  1213.45
 Operation type  =           floating point
 Verification    =               SUCCESSFUL
 Version         =                      3.4
 Compile date    =              15 Jun 2020

 Compile options:
    MPIFC        = mpif90
    FLINK        = $(MPIFC)
    FMPI_LIB     = (none)
    FMPI_INC     = (none)
    FFLAGS       = -O3
    FLINKFLAGS   = $(FFLAGS) -O ../kernel_stats/kernel_stats.o...
    RAND         = (none)


 Please send feedbacks and/or the results of this run to:

 NPB Development Team 
 Internet: npb@nas.nasa.gov


[MO866] PI avg,0,5.905175,200
[MO866] Beta,0,0.000610
[MO866] Total time,0,1191.831796
