--------------------------------------------------------------------------
[[35164,1],1]: A high-performance Open MPI point-to-point messaging module
was unable to find any relevant network interfaces:

Module: OpenFabrics (openib)
  Host: node06

Another transport will be used instead, although this may result in
lower performance.

NOTE: You can disable this warning by setting the MCA parameter
btl_base_warn_component_unused to 0.
--------------------------------------------------------------------------


 NAS Parallel Benchmarks 3.4 -- CG Benchmark

 Size:      14000  (class A)
 Iterations:    15
 Number of processes:     8
 Number of nonzeroes per row:       11
 Eigenvalue shift:    20.000
[MO866] Init time,1,0.212898
[MO866] Init time,2,0.207113
[MO866] Init time,3,0.206434
[MO866] Init time,4,0.198229
[MO866] Init time,5,0.197229
[MO866] Init time,6,0.195389
[MO866] Init time,7,0.163727
[MO866] Init time,0,0.215548
[MO866] Iteration,7,1,0.174114,0.010348
[MO866] Iteration,1,1,0.223285,0.010347
[MO866] Iteration,2,1,0.217501,0.010358
[MO866] Iteration,3,1,0.216821,0.010348
[MO866] Iteration,4,1,0.208617,0.010358
[MO866] Iteration,5,1,0.207616,0.010348
[MO866] Iteration,6,1,0.205776,0.010357

   iteration           ||r||                 zeta
        1       0.26677899255571E-12    19.9997581277040
[MO866] Iteration,0,1,0.225996,0.010418
[MO866] Iteration,6,2,0.216160,0.010368
[MO866] Iteration,7,2,0.184497,0.010367
[MO866] Iteration,1,2,0.233669,0.010368
[MO866] Iteration,2,2,0.227885,0.010369
[MO866] Iteration,3,2,0.227205,0.010368
[MO866] Iteration,4,2,0.219000,0.010368
[MO866] Iteration,5,2,0.217999,0.010367
        2       0.26402893870124E-14    17.1140495745506
[MO866] Iteration,0,2,0.236344,0.010342
[MO866] Iteration,5,3,0.228381,0.010366
[MO866] Iteration,6,3,0.226541,0.010365
[MO866] Iteration,7,3,0.194879,0.010367
[MO866] Iteration,1,3,0.244051,0.010367
[MO866] Iteration,2,3,0.238266,0.010366
[MO866] Iteration,3,3,0.237586,0.010367
[MO866] Iteration,4,3,0.229381,0.010365
        3       0.26364629967417E-14    17.1296668946143
[MO866] Iteration,0,3,0.246721,0.010373
[MO866] Iteration,4,4,0.239758,0.010362
[MO866] Iteration,5,4,0.238757,0.010362
[MO866] Iteration,6,4,0.236918,0.010362
[MO866] Iteration,7,4,0.205255,0.010361
[MO866] Iteration,1,4,0.254426,0.010362
[MO866] Iteration,2,4,0.248642,0.010362
[MO866] Iteration,3,4,0.247962,0.010362
        4       0.26233845216830E-14    17.1302113581193
[MO866] Iteration,0,4,0.257096,0.010371
[MO866] Iteration,3,5,0.258326,0.010350
[MO866] Iteration,4,5,0.250121,0.010350
[MO866] Iteration,5,5,0.249119,0.010348
[MO866] Iteration,6,5,0.247281,0.010350
[MO866] Iteration,7,5,0.215618,0.010349
[MO866] Iteration,1,5,0.264790,0.010350
[MO866] Iteration,2,5,0.259006,0.010350
        5       0.26766729195432E-14    17.1302338856353
[MO866] Iteration,0,5,0.267460,0.010360
[MO866] Iteration,2,6,0.269422,0.010404
[MO866] Iteration,3,6,0.268742,0.010404
[MO866] Iteration,4,6,0.260538,0.010403
[MO866] Iteration,5,6,0.259536,0.010403
[MO866] Iteration,6,6,0.257697,0.010403
[MO866] Iteration,7,6,0.226034,0.010402
[MO866] Iteration,1,6,0.275206,0.010404
        6       0.26341234467333E-14    17.1302349879482
[MO866] Iteration,0,6,0.277876,0.010412
[MO866] Iteration,1,7,0.285527,0.010308
[MO866] Iteration,2,7,0.279743,0.010308
[MO866] Iteration,3,7,0.279063,0.010308
[MO866] Iteration,4,7,0.270860,0.010309
[MO866] Iteration,5,7,0.269859,0.010308
[MO866] Iteration,6,7,0.268020,0.010309
[MO866] Iteration,7,7,0.236357,0.010308
        7       0.26018681594959E-14    17.1302350498916
[MO866] Iteration,0,7,0.288196,0.010316
[MO866] Iteration,7,8,0.246686,0.010316
[MO866] Iteration,1,8,0.295857,0.010316
[MO866] Iteration,2,8,0.290073,0.010316
[MO866] Iteration,3,8,0.289393,0.010315
[MO866] Iteration,4,8,0.281189,0.010316
[MO866] Iteration,5,8,0.280188,0.010316
[MO866] Iteration,6,8,0.278349,0.010316
        8       0.26076001869473E-14    17.1302350537510
[MO866] Iteration,0,8,0.298527,0.010327
[MO866] Iteration,6,9,0.288765,0.010401
[MO866] Iteration,7,9,0.257102,0.010401
[MO866] Iteration,1,9,0.306273,0.010402
[MO866] Iteration,2,9,0.300489,0.010401
[MO866] Iteration,3,9,0.299809,0.010402
[MO866] Iteration,4,9,0.291605,0.010401
[MO866] Iteration,5,9,0.290604,0.010402
        9       0.25882472324258E-14    17.1302350540101
[MO866] Iteration,0,9,0.308943,0.010412
[MO866] Iteration,5,10,0.300978,0.010360
[MO866] Iteration,6,10,0.299139,0.010361
[MO866] Iteration,7,10,0.267476,0.010360
[MO866] Iteration,1,10,0.316648,0.010361
[MO866] Iteration,2,10,0.310863,0.010361
[MO866] Iteration,3,10,0.310184,0.010361
[MO866] Iteration,4,10,0.301979,0.010361
       10       0.25710771747069E-14    17.1302350540284
[MO866] Iteration,0,10,0.319317,0.010371
[MO866] Iteration,4,11,0.312297,0.010303
[MO866] Iteration,5,11,0.311295,0.010304
[MO866] Iteration,6,11,0.309457,0.010303
[MO866] Iteration,7,11,0.277794,0.010305
[MO866] Iteration,1,11,0.326964,0.010303
[MO866] Iteration,2,11,0.321180,0.010302
[MO866] Iteration,3,11,0.320500,0.010304
       11       0.25556814995438E-14    17.1302350540298
[MO866] Iteration,0,11,0.329634,0.010313
[MO866] Iteration,3,12,0.330846,0.010332
[MO866] Iteration,4,12,0.322641,0.010331
[MO866] Iteration,5,12,0.321640,0.010331
[MO866] Iteration,6,12,0.319801,0.010331
[MO866] Iteration,7,12,0.288138,0.010331
[MO866] Iteration,1,12,0.337310,0.010332
[MO866] Iteration,2,12,0.331526,0.010331
       12       0.25867780925789E-14    17.1302350540299
[MO866] Iteration,0,12,0.339978,0.010340
[MO866] Iteration,2,13,0.341855,0.010316
[MO866] Iteration,3,13,0.341175,0.010316
[MO866] Iteration,4,13,0.332970,0.010315
[MO866] Iteration,5,13,0.331969,0.010315
[MO866] Iteration,6,13,0.330130,0.010315
[MO866] Iteration,7,13,0.298467,0.010314
[MO866] Iteration,1,13,0.347639,0.010316
       13       0.25299331252052E-14    17.1302350540299
[MO866] Iteration,0,13,0.350308,0.010326
[MO866] Iteration,1,14,0.357989,0.010337
[MO866] Iteration,2,14,0.352205,0.010337
[MO866] Iteration,3,14,0.351525,0.010336
[MO866] Iteration,4,14,0.343321,0.010337
[MO866] Iteration,5,14,0.342320,0.010336
[MO866] Iteration,6,14,0.340480,0.010336
[MO866] Iteration,7,14,0.308818,0.010336
       14       0.25376913365533E-14    17.1302350540299
[MO866] Iteration,0,14,0.360658,0.010346
[MO866] Iteration,7,15,0.319170,0.010338
[MO866] PI avg,7,0.010347,15
[MO866] Beta,7,0.000147
[MO866] Total time,7,0.319193
[MO866] Iteration,1,15,0.368342,0.010340
[MO866] PI avg,1,0.010348,15
[MO866] Beta,1,0.000141
[MO866] Total time,1,0.368364
[MO866] Iteration,2,15,0.362558,0.010340
[MO866] PI avg,2,0.010348,15
[MO866] Beta,2,0.000155
[MO866] Total time,2,0.362582
[MO866] Iteration,3,15,0.361878,0.010339
[MO866] PI avg,3,0.010347,15
[MO866] Beta,3,0.000141
[MO866] Total time,3,0.361900
[MO866] Iteration,4,15,0.353673,0.010339
[MO866] PI avg,4,0.010348,15
[MO866] Beta,4,0.000167
[MO866] Total time,4,0.353699
[MO866] Iteration,5,15,0.352672,0.010339
[MO866] PI avg,5,0.010347,15
[MO866] Beta,5,0.000147
[MO866] Total time,5,0.352695
[MO866] Iteration,6,15,0.350833,0.010339
[MO866] PI avg,6,0.010348,15
[MO866] Beta,6,0.000161
[MO866] Total time,6,0.350858
       15       0.24928830494495E-14    17.1302350540299
[MO866] Iteration,0,15,0.371011,0.010349
 Benchmark completed 
 VERIFICATION SUCCESSFUL 
 Zeta is     0.1713023505403E+02
 Error is    0.5247076633225E-13


 CG Benchmark Completed.
 Class           =                        A
 Size            =                    14000
 Iterations      =                       15
 Time in seconds =                     0.16
 Total processes =                        8
 Active procs    =                        8
 Mop/s total     =                  9625.54
 Mop/s/process   =                  1203.19
 Operation type  =           floating point
 Verification    =               SUCCESSFUL
 Version         =                      3.4
 Compile date    =              15 Jun 2020

 Compile options:
    MPIFC        = mpif90
    FLINK        = $(MPIFC)
    FMPI_LIB     = (none)
    FMPI_INC     = (none)
    FFLAGS       = -O3
    FLINKFLAGS   = $(FFLAGS) -O ../kernel_stats/kernel_stats.o...
    RAND         = randi8


 Please send feedbacks and/or the results of this run to:

 NPB Development Team 
 Internet: npb@nas.nasa.gov


[MO866] PI avg,0,0.010358,15
[MO866] Beta,0,0.001286
[MO866] Total time,0,0.371211
