--------------------------------------------------------------------------
[[35088,1],0]: A high-performance Open MPI point-to-point messaging module
was unable to find any relevant network interfaces:

Module: OpenFabrics (openib)
  Host: node06

Another transport will be used instead, although this may result in
lower performance.

NOTE: You can disable this warning by setting the MCA parameter
btl_base_warn_component_unused to 0.
--------------------------------------------------------------------------


 NAS Parallel Benchmarks 3.4 -- CG Benchmark

 Size:      75000  (class B)
 Iterations:    75
 Number of processes:     8
 Number of nonzeroes per row:       13
 Eigenvalue shift:    60.000
[MO866] Init time,1,0.546127
[MO866] Init time,2,0.540581
[MO866] Init time,3,0.538160
[MO866] Init time,4,0.535852
[MO866] Init time,5,0.534261
[MO866] Init time,6,0.530519
[MO866] Init time,7,0.503836
[MO866] Init time,0,0.547952
[MO866] Iteration,7,1,0.639303,0.135421
[MO866] Iteration,1,1,0.681593,0.135420
[MO866] Iteration,2,1,0.676050,0.135435
[MO866] Iteration,3,1,0.673626,0.135420
[MO866] Iteration,4,1,0.671322,0.135436
[MO866] Iteration,5,1,0.669729,0.135422
[MO866] Iteration,6,1,0.665989,0.135437

   iteration           ||r||                 zeta
        1       0.16899786290134E-12    59.9994751578754
[MO866] Iteration,0,1,0.683496,0.135511
[MO866] Iteration,6,2,0.800783,0.134768
[MO866] Iteration,7,2,0.774097,0.134764
[MO866] Iteration,1,2,0.816388,0.134765
[MO866] Iteration,2,2,0.810845,0.134768
[MO866] Iteration,3,2,0.808421,0.134764
[MO866] Iteration,4,2,0.806115,0.134767
[MO866] Iteration,5,2,0.804522,0.134765
        2       0.67323895111088E-15    21.7627846142538
[MO866] Iteration,0,2,0.818254,0.134749
[MO866] Iteration,5,3,0.939314,0.134764
[MO866] Iteration,6,3,0.935574,0.134767
[MO866] Iteration,7,3,0.908888,0.134764
[MO866] Iteration,1,3,0.951179,0.134763
[MO866] Iteration,2,3,0.945636,0.134767
[MO866] Iteration,3,3,0.943213,0.134764
[MO866] Iteration,4,3,0.940907,0.134767
        3       0.71924971917167E-15    22.2876617043225
[MO866] Iteration,0,3,0.953041,0.134781
[MO866] Iteration,4,4,1.082245,0.141318
[MO866] Iteration,5,4,1.080651,0.141311
[MO866] Iteration,6,4,1.076912,0.141318
[MO866] Iteration,7,4,1.050227,0.141312
[MO866] Iteration,1,4,1.092517,0.141310
[MO866] Iteration,2,4,1.086974,0.141318
[MO866] Iteration,3,4,1.084550,0.141311
        4       0.73934489588243E-15    22.5230738188352
[MO866] Iteration,0,4,1.094381,0.141334
[MO866] Iteration,3,5,1.230270,0.145693
[MO866] Iteration,4,5,1.227963,0.145694
[MO866] Iteration,5,5,1.226370,0.145692
[MO866] Iteration,6,5,1.222630,0.145694
[MO866] Iteration,7,5,1.195945,0.145692
[MO866] Iteration,1,5,1.238237,0.145692
[MO866] Iteration,2,5,1.232694,0.145696
        5       0.74862489330930E-15    22.6275390653891
[MO866] Iteration,0,5,1.240117,0.145730
[MO866] Iteration,2,6,1.367624,0.134895
[MO866] Iteration,3,6,1.365201,0.134890
[MO866] Iteration,4,6,1.362896,0.134896
[MO866] Iteration,5,6,1.361302,0.134890
[MO866] Iteration,6,6,1.357563,0.134896
[MO866] Iteration,7,6,1.330877,0.134890
[MO866] Iteration,1,6,1.373168,0.134890
        6       0.74772351635433E-15    22.6740259189539
[MO866] Iteration,0,6,1.375033,0.134906
[MO866] Iteration,1,7,1.507950,0.134755
[MO866] Iteration,2,7,1.502407,0.134757
[MO866] Iteration,3,7,1.499983,0.134755
[MO866] Iteration,4,7,1.497678,0.134757
[MO866] Iteration,5,7,1.496084,0.134754
[MO866] Iteration,6,7,1.492345,0.134757
[MO866] Iteration,7,7,1.465659,0.134755
        7       0.76049416152864E-15    22.6949056826252
[MO866] Iteration,0,7,1.509812,0.134773
[MO866] Iteration,7,8,1.600410,0.134723
[MO866] Iteration,1,8,1.642700,0.134722
[MO866] Iteration,2,8,1.637157,0.134728
[MO866] Iteration,3,8,1.634733,0.134723
[MO866] Iteration,4,8,1.632428,0.134728
[MO866] Iteration,5,8,1.630835,0.134724
[MO866] Iteration,6,8,1.627096,0.134729
        8       0.75784299618338E-15    22.7044023166872
[MO866] Iteration,0,8,1.644561,0.134743
[MO866] Iteration,6,9,1.761897,0.134781
[MO866] Iteration,7,9,1.735211,0.134777
[MO866] Iteration,1,9,1.777503,0.134778
[MO866] Iteration,2,9,1.771960,0.134782
[MO866] Iteration,3,9,1.769536,0.134778
[MO866] Iteration,4,9,1.767230,0.134781
[MO866] Iteration,5,9,1.765637,0.134778
        9       0.75937528094260E-15    22.7087834345617
[MO866] Iteration,0,9,1.779366,0.134799
[MO866] Iteration,5,10,1.900484,0.134820
[MO866] Iteration,6,10,1.896744,0.134823
[MO866] Iteration,7,10,1.870058,0.134819
[MO866] Iteration,1,10,1.912350,0.134819
[MO866] Iteration,2,10,1.906806,0.134823
[MO866] Iteration,3,10,1.904383,0.134820
[MO866] Iteration,4,10,1.902077,0.134823
       10       0.76068125299394E-15    22.7108351397172
[MO866] Iteration,0,10,1.914214,0.134842
[MO866] Iteration,4,11,2.037102,0.135005
[MO866] Iteration,5,11,2.035508,0.135001
[MO866] Iteration,6,11,2.031769,0.135005
[MO866] Iteration,7,11,2.005082,0.135000
[MO866] Iteration,1,11,2.047374,0.135001
[MO866] Iteration,2,11,2.041831,0.135005
[MO866] Iteration,3,11,2.039407,0.135000
       11       0.75486596383332E-15    22.7118107121337
[MO866] Iteration,0,11,2.049237,0.135014
[MO866] Iteration,3,12,2.174241,0.134808
[MO866] Iteration,4,12,2.171932,0.134807
[MO866] Iteration,5,12,2.170338,0.134804
[MO866] Iteration,6,12,2.166599,0.134808
[MO866] Iteration,7,12,2.139913,0.134804
[MO866] Iteration,1,12,2.182208,0.134808
[MO866] Iteration,2,12,2.176664,0.134810
       12       0.76095333916013E-15    22.7122816240972
[MO866] Iteration,0,12,2.184070,0.134827
[MO866] Iteration,2,13,2.311437,0.134750
[MO866] Iteration,3,13,2.309013,0.134749
[MO866] Iteration,4,13,2.306708,0.134750
[MO866] Iteration,5,13,2.305114,0.134748
[MO866] Iteration,6,13,2.301375,0.134750
[MO866] Iteration,7,13,2.274689,0.134749
[MO866] Iteration,1,13,2.316980,0.134748
       13       0.75431147896128E-15    22.7125122663245
[MO866] Iteration,0,13,2.318845,0.134769
[MO866] Iteration,1,14,2.451701,0.134694
[MO866] Iteration,2,14,2.446157,0.134694
[MO866] Iteration,3,14,2.443734,0.134694
[MO866] Iteration,4,14,2.441428,0.134694
[MO866] Iteration,5,14,2.439834,0.134693
[MO866] Iteration,6,14,2.436095,0.134694
[MO866] Iteration,7,14,2.409409,0.134693
       14       0.75463617866783E-15    22.7126268007598
[MO866] Iteration,0,14,2.453562,0.134711
[MO866] Iteration,7,15,2.544201,0.134766
[MO866] Iteration,1,15,2.586492,0.134766
[MO866] Iteration,2,15,2.580949,0.134770
[MO866] Iteration,3,15,2.578526,0.134767
[MO866] Iteration,4,15,2.576220,0.134770
[MO866] Iteration,5,15,2.574627,0.134767
[MO866] Iteration,6,15,2.570887,0.134770
       15       0.75342160942637E-15    22.7126844161816
[MO866] Iteration,0,15,2.588355,0.134787
[MO866] Iteration,6,16,2.705630,0.134720
[MO866] Iteration,7,16,2.678944,0.134718
[MO866] Iteration,1,16,2.721235,0.134718
[MO866] Iteration,2,16,2.715692,0.134720
[MO866] Iteration,3,16,2.713268,0.134718
[MO866] Iteration,4,16,2.710963,0.134720
[MO866] Iteration,5,16,2.709369,0.134718
       16       0.75337143927077E-15    22.7127137461758
[MO866] Iteration,0,16,2.723099,0.134738
[MO866] Iteration,5,17,2.844207,0.134811
[MO866] Iteration,6,17,2.840468,0.134814
[MO866] Iteration,7,17,2.813782,0.134811
[MO866] Iteration,1,17,2.856071,0.134808
[MO866] Iteration,2,17,2.850528,0.134812
[MO866] Iteration,3,17,2.848104,0.134809
[MO866] Iteration,4,17,2.845800,0.134813
       17       0.75507548533690E-15    22.7127288401996
[MO866] Iteration,0,17,2.857935,0.134831
[MO866] Iteration,4,18,2.980631,0.134808
[MO866] Iteration,5,18,2.979037,0.134805
[MO866] Iteration,6,18,2.975297,0.134807
[MO866] Iteration,7,18,2.948611,0.134805
[MO866] Iteration,1,18,2.990900,0.134803
[MO866] Iteration,2,18,2.985357,0.134805
[MO866] Iteration,3,18,2.982934,0.134804
       18       0.75216769172897E-15    22.7127366848298
[MO866] Iteration,0,18,2.992761,0.134821
[MO866] Iteration,3,19,3.117737,0.134778
[MO866] Iteration,4,19,3.115433,0.134785
[MO866] Iteration,5,19,3.113839,0.134779
[MO866] Iteration,6,19,3.110101,0.134787
[MO866] Iteration,7,19,3.083415,0.134780
[MO866] Iteration,1,19,3.125704,0.134778
[MO866] Iteration,2,19,3.120161,0.134785
       19       0.75425392382578E-15    22.7127407981218
[MO866] Iteration,0,19,3.127569,0.134803
[MO866] Iteration,2,20,3.264951,0.144765
[MO866] Iteration,3,20,3.262527,0.144764
[MO866] Iteration,4,20,3.260222,0.144765
[MO866] Iteration,5,20,3.258628,0.144764
[MO866] Iteration,6,20,3.254889,0.144765
[MO866] Iteration,7,20,3.228202,0.144763
[MO866] Iteration,1,20,3.270494,0.144764
       20       0.75714986102268E-15    22.7127429721365
[MO866] Iteration,0,20,3.272372,0.144797
[MO866] Iteration,1,21,3.405461,0.134926
[MO866] Iteration,2,21,3.399918,0.134931
[MO866] Iteration,3,21,3.397494,0.134926
[MO866] Iteration,4,21,3.395189,0.134931
[MO866] Iteration,5,21,3.393595,0.134926
[MO866] Iteration,6,21,3.389856,0.134931
[MO866] Iteration,7,21,3.363170,0.134926
       21       0.75538513364146E-15    22.7127441294027
[MO866] Iteration,0,21,3.407324,0.134944
[MO866] Iteration,7,22,3.497952,0.134755
[MO866] Iteration,1,22,3.540244,0.134756
[MO866] Iteration,2,22,3.534700,0.134759
[MO866] Iteration,3,22,3.532277,0.134756
[MO866] Iteration,4,22,3.529971,0.134759
[MO866] Iteration,5,22,3.528378,0.134756
[MO866] Iteration,6,22,3.524638,0.134759
       22       0.75185899902567E-15    22.7127447493901
[MO866] Iteration,0,22,3.542108,0.134778
[MO866] Iteration,6,23,3.659440,0.134777
[MO866] Iteration,7,23,3.632754,0.134772
[MO866] Iteration,1,23,3.675045,0.134772
[MO866] Iteration,2,23,3.669502,0.134777
[MO866] Iteration,3,23,3.667079,0.134773
[MO866] Iteration,4,23,3.664773,0.134777
[MO866] Iteration,5,23,3.663180,0.134773
       23       0.74594409257283E-15    22.7127450834529
[MO866] Iteration,0,23,3.676905,0.134791
[MO866] Iteration,5,24,3.797950,0.134747
[MO866] Iteration,6,24,3.794210,0.134749
[MO866] Iteration,7,24,3.767524,0.134746
[MO866] Iteration,1,24,3.809814,0.134745
[MO866] Iteration,2,24,3.804270,0.134748
[MO866] Iteration,3,24,3.801847,0.134745
[MO866] Iteration,4,24,3.799543,0.134750
       24       0.74908801541204E-15    22.7127452643879
[MO866] Iteration,0,24,3.811677,0.134766
[MO866] Iteration,4,25,3.934366,0.134801
[MO866] Iteration,5,25,3.932772,0.134796
[MO866] Iteration,6,25,3.929033,0.134801
[MO866] Iteration,7,25,3.902347,0.134797
[MO866] Iteration,1,25,3.944638,0.134797
[MO866] Iteration,2,25,3.939095,0.134801
[MO866] Iteration,3,25,3.936671,0.134797
       25       0.75229419242410E-15    22.7127453628460
[MO866] Iteration,0,25,3.946501,0.134819
[MO866] Iteration,3,26,4.071504,0.134806
[MO866] Iteration,4,26,4.069198,0.134809
[MO866] Iteration,5,26,4.067605,0.134805
[MO866] Iteration,6,26,4.063865,0.134809
[MO866] Iteration,7,26,4.037179,0.134805
[MO866] Iteration,1,26,4.079471,0.134805
[MO866] Iteration,2,26,4.073927,0.134809
       26       0.75048487350479E-15    22.7127454166516
[MO866] Iteration,0,26,4.081332,0.134826
[MO866] Iteration,2,27,4.215557,0.141607
[MO866] Iteration,3,27,4.213133,0.141603
[MO866] Iteration,4,27,4.210828,0.141607
[MO866] Iteration,5,27,4.209235,0.141605
[MO866] Iteration,6,27,4.205495,0.141607
[MO866] Iteration,7,27,4.178809,0.141604
[MO866] Iteration,1,27,4.221100,0.141604
       27       0.74973401899950E-15    22.7127454461693
[MO866] Iteration,0,27,4.222963,0.141625
[MO866] Iteration,1,28,4.355911,0.134785
[MO866] Iteration,2,28,4.350368,0.134788
[MO866] Iteration,3,28,4.347944,0.134785
[MO866] Iteration,4,28,4.345638,0.134787
[MO866] Iteration,5,28,4.344044,0.134784
[MO866] Iteration,6,28,4.340305,0.134787
[MO866] Iteration,7,28,4.313619,0.134784
       28       0.75008857435610E-15    22.7127454624205
[MO866] Iteration,0,28,4.357773,0.134804
[MO866] Iteration,7,29,4.448318,0.134672
[MO866] Iteration,1,29,4.490609,0.134672
[MO866] Iteration,2,29,4.485066,0.134676
[MO866] Iteration,3,29,4.482642,0.134672
[MO866] Iteration,4,29,4.480337,0.134676
[MO866] Iteration,5,29,4.478743,0.134672
[MO866] Iteration,6,29,4.475004,0.134676
       29       0.75764008104062E-15    22.7127454713971
[MO866] Iteration,0,29,4.492470,0.134691
[MO866] Iteration,6,30,4.609857,0.134832
[MO866] Iteration,7,30,4.583171,0.134829
[MO866] Iteration,1,30,4.625462,0.134829
[MO866] Iteration,2,30,4.619919,0.134832
[MO866] Iteration,3,30,4.617495,0.134829
[MO866] Iteration,4,30,4.615190,0.134832
[MO866] Iteration,5,30,4.613596,0.134828
       30       0.74775199632522E-15    22.7127454763705
[MO866] Iteration,0,30,4.627327,0.134851
[MO866] Iteration,5,31,4.748358,0.134735
[MO866] Iteration,6,31,4.744619,0.134737
[MO866] Iteration,7,31,4.717932,0.134735
[MO866] Iteration,1,31,4.760224,0.134736
[MO866] Iteration,2,31,4.754680,0.134736
[MO866] Iteration,3,31,4.752257,0.134736
[MO866] Iteration,4,31,4.749952,0.134737
       31       0.74827706760547E-15    22.7127454791338
[MO866] Iteration,0,31,4.762085,0.134753
[MO866] Iteration,4,32,4.884685,0.134711
[MO866] Iteration,5,32,4.883091,0.134708
[MO866] Iteration,6,32,4.879351,0.134710
[MO866] Iteration,7,32,4.852665,0.134707
[MO866] Iteration,1,32,4.894957,0.134708
[MO866] Iteration,2,32,4.889415,0.134712
[MO866] Iteration,3,32,4.886991,0.134709
       32       0.74647390733742E-15    22.7127454806727
[MO866] Iteration,0,32,4.896818,0.134727
[MO866] Iteration,3,33,5.021798,0.134784
[MO866] Iteration,4,33,5.019493,0.134787
[MO866] Iteration,5,33,5.017899,0.134784
[MO866] Iteration,6,33,5.014160,0.134787
[MO866] Iteration,7,33,4.987474,0.134784
[MO866] Iteration,1,33,5.029766,0.134785
[MO866] Iteration,2,33,5.024222,0.134787
       33       0.75094345757974E-15    22.7127454815325
[MO866] Iteration,0,33,5.031629,0.134805
[MO866] Iteration,2,34,5.159044,0.134798
[MO866] Iteration,3,34,5.156620,0.134795
[MO866] Iteration,4,34,5.154316,0.134799
[MO866] Iteration,5,34,5.152722,0.134796
[MO866] Iteration,6,34,5.148983,0.134799
[MO866] Iteration,7,34,5.122296,0.134795
[MO866] Iteration,1,34,5.164587,0.134795
       34       0.75315990735811E-15    22.7127454820135
[MO866] Iteration,0,34,5.166451,0.134817
[MO866] Iteration,1,35,5.299334,0.134720
[MO866] Iteration,2,35,5.293791,0.134723
[MO866] Iteration,3,35,5.291367,0.134720
[MO866] Iteration,4,35,5.289062,0.134723
[MO866] Iteration,5,35,5.287469,0.134721
[MO866] Iteration,6,35,5.283729,0.134723
[MO866] Iteration,7,35,5.257043,0.134720
       35       0.74716852745872E-15    22.7127454822834
[MO866] Iteration,0,35,5.301195,0.134738
[MO866] Iteration,7,36,5.391826,0.134758
[MO866] Iteration,1,36,5.434119,0.134759
[MO866] Iteration,2,36,5.428575,0.134762
[MO866] Iteration,3,36,5.426152,0.134760
[MO866] Iteration,4,36,5.423846,0.134762
[MO866] Iteration,5,36,5.422251,0.134758
[MO866] Iteration,6,36,5.418513,0.134762
       36       0.74715820283356E-15    22.7127454824349
[MO866] Iteration,0,36,5.435980,0.134779
[MO866] Iteration,6,37,5.562480,0.143945
[MO866] Iteration,7,37,5.535793,0.143942
[MO866] Iteration,1,37,5.578085,0.143942
[MO866] Iteration,2,37,5.572543,0.143946
[MO866] Iteration,3,37,5.570118,0.143943
[MO866] Iteration,4,37,5.567813,0.143945
[MO866] Iteration,5,37,5.566219,0.143943
       37       0.74721074434992E-15    22.7127454825207
[MO866] Iteration,0,37,5.579964,0.143978
[MO866] Iteration,5,38,5.701140,0.134889
[MO866] Iteration,6,38,5.697401,0.134884
[MO866] Iteration,7,38,5.670715,0.134889
[MO866] Iteration,1,38,5.713006,0.134888
[MO866] Iteration,2,38,5.707462,0.134883
[MO866] Iteration,3,38,5.705039,0.134889
[MO866] Iteration,4,38,5.702733,0.134883
       38       0.74228647627468E-15    22.7127454825687
[MO866] Iteration,0,38,5.714869,0.134897
[MO866] Iteration,4,39,5.837506,0.134749
[MO866] Iteration,5,39,5.835912,0.134746
[MO866] Iteration,6,39,5.832173,0.134749
[MO866] Iteration,7,39,5.805487,0.134746
[MO866] Iteration,1,39,5.847779,0.134747
[MO866] Iteration,2,39,5.842236,0.134750
[MO866] Iteration,3,39,5.839812,0.134747
       39       0.74748314034727E-15    22.7127454825959
[MO866] Iteration,0,39,5.849637,0.134762
[MO866] Iteration,3,40,5.974566,0.134729
[MO866] Iteration,4,40,5.972261,0.134736
[MO866] Iteration,5,40,5.970667,0.134729
[MO866] Iteration,6,40,5.966928,0.134736
[MO866] Iteration,7,40,5.940242,0.134729
[MO866] Iteration,1,40,5.982533,0.134729
[MO866] Iteration,2,40,5.976990,0.134736
       40       0.75026124849125E-15    22.7127454826115
[MO866] Iteration,0,40,5.984394,0.134751
[MO866] Iteration,2,41,6.111805,0.134793
[MO866] Iteration,3,41,6.109381,0.134791
[MO866] Iteration,4,41,6.107077,0.134794
[MO866] Iteration,5,41,6.105483,0.134792
[MO866] Iteration,6,41,6.101745,0.134795
[MO866] Iteration,7,41,6.075059,0.134793
[MO866] Iteration,1,41,6.117348,0.134790
       41       0.74091821195146E-15    22.7127454826201
[MO866] Iteration,0,41,6.119212,0.134812
[MO866] Iteration,1,42,6.252106,0.134731
[MO866] Iteration,2,42,6.246563,0.134734
[MO866] Iteration,3,42,6.244139,0.134731
[MO866] Iteration,4,42,6.241834,0.134734
[MO866] Iteration,5,42,6.240240,0.134731
[MO866] Iteration,6,42,6.236501,0.134734
[MO866] Iteration,7,42,6.209815,0.134731
       42       0.74158825518005E-15    22.7127454826251
[MO866] Iteration,0,42,6.253968,0.134750
[MO866] Iteration,7,43,6.344529,0.134687
[MO866] Iteration,1,43,6.386814,0.134681
[MO866] Iteration,2,43,6.381272,0.134687
[MO866] Iteration,3,43,6.378848,0.134682
[MO866] Iteration,4,43,6.376543,0.134687
[MO866] Iteration,5,43,6.374949,0.134682
[MO866] Iteration,6,43,6.371216,0.134693
       43       0.74244506310271E-15    22.7127454826280
[MO866] Iteration,0,43,6.388678,0.134704
[MO866] Iteration,6,44,6.505945,0.134712
[MO866] Iteration,7,44,6.479259,0.134710
[MO866] Iteration,1,44,6.521549,0.134709
[MO866] Iteration,2,44,6.516006,0.134711
[MO866] Iteration,3,44,6.513582,0.134709
[MO866] Iteration,4,44,6.511277,0.134710
[MO866] Iteration,5,44,6.509684,0.134711
       44       0.74029335105098E-15    22.7127454826296
[MO866] Iteration,0,44,6.523413,0.134729
[MO866] Iteration,5,45,6.644434,0.134724
[MO866] Iteration,6,45,6.640695,0.134727
[MO866] Iteration,7,45,6.614009,0.134724
[MO866] Iteration,1,45,6.656300,0.134724
[MO866] Iteration,2,45,6.650757,0.134727
[MO866] Iteration,3,45,6.648333,0.134724
[MO866] Iteration,4,45,6.646028,0.134727
       45       0.74808005039469E-15    22.7127454826305
[MO866] Iteration,0,45,6.658162,0.134743
[MO866] Iteration,4,46,6.780816,0.134766
[MO866] Iteration,5,46,6.779222,0.134762
[MO866] Iteration,6,46,6.775483,0.134766
[MO866] Iteration,7,46,6.748797,0.134762
[MO866] Iteration,1,46,6.791088,0.134762
[MO866] Iteration,2,46,6.785545,0.134766
[MO866] Iteration,3,46,6.783121,0.134762
       46       0.73865770313311E-15    22.7127454826309
[MO866] Iteration,0,46,6.792950,0.134782
[MO866] Iteration,3,47,6.917933,0.134788
[MO866] Iteration,4,47,6.915628,0.134790
[MO866] Iteration,5,47,6.914035,0.134789
[MO866] Iteration,6,47,6.910295,0.134790
[MO866] Iteration,7,47,6.883609,0.134788
[MO866] Iteration,1,47,6.925899,0.134786
[MO866] Iteration,2,47,6.920357,0.134790
       47       0.74005089025364E-15    22.7127454826311
[MO866] Iteration,0,47,6.927763,0.134808
[MO866] Iteration,2,48,7.055142,0.134761
[MO866] Iteration,3,48,7.052719,0.134759
[MO866] Iteration,4,48,7.050414,0.134762
[MO866] Iteration,5,48,7.048821,0.134760
[MO866] Iteration,6,48,7.045081,0.134762
[MO866] Iteration,7,48,7.018395,0.134759
[MO866] Iteration,1,48,7.060686,0.134759
       48       0.74366467894487E-15    22.7127454826316
[MO866] Iteration,0,48,7.062549,0.134780
[MO866] Iteration,1,49,7.213630,0.152918
[MO866] Iteration,2,49,7.208083,0.152916
[MO866] Iteration,3,49,7.205659,0.152914
[MO866] Iteration,4,49,7.203352,0.152915
[MO866] Iteration,5,49,7.201759,0.152913
[MO866] Iteration,6,49,7.198019,0.152915
[MO866] Iteration,7,49,7.171333,0.152912
       49       0.73684792624481E-15    22.7127454826314
[MO866] Iteration,0,49,7.215488,0.152933
[MO866] Iteration,7,50,7.306295,0.134918
[MO866] Iteration,1,50,7.348587,0.134919
[MO866] Iteration,2,50,7.343044,0.134938
[MO866] Iteration,3,50,7.340620,0.134919
[MO866] Iteration,4,50,7.338314,0.134938
[MO866] Iteration,5,50,7.336721,0.134919
[MO866] Iteration,6,50,7.332981,0.134938
       50       0.74180399605152E-15    22.7127454826316
[MO866] Iteration,0,50,7.350452,0.134958
[MO866] Iteration,6,51,7.467779,0.134772
[MO866] Iteration,7,51,7.441093,0.134771
[MO866] Iteration,1,51,7.483383,0.134770
[MO866] Iteration,2,51,7.477840,0.134771
[MO866] Iteration,3,51,7.475416,0.134770
[MO866] Iteration,4,51,7.473112,0.134772
[MO866] Iteration,5,51,7.471518,0.134771
       51       0.73643135961396E-15    22.7127454826318
[MO866] Iteration,0,51,7.485246,0.134788
[MO866] Iteration,5,52,7.606367,0.134821
[MO866] Iteration,6,52,7.602628,0.134827
[MO866] Iteration,7,52,7.575942,0.134821
[MO866] Iteration,1,52,7.618232,0.134820
[MO866] Iteration,2,52,7.612689,0.134826
[MO866] Iteration,3,52,7.610265,0.134820
[MO866] Iteration,4,52,7.607961,0.134827
       52       0.74168255047671E-15    22.7127454826318
[MO866] Iteration,0,52,7.620093,0.134841
[MO866] Iteration,4,53,7.742679,0.134698
[MO866] Iteration,5,53,7.741086,0.134696
[MO866] Iteration,6,53,7.737346,0.134698
[MO866] Iteration,7,53,7.710660,0.134696
[MO866] Iteration,1,53,7.752949,0.134693
[MO866] Iteration,2,53,7.747407,0.134697
[MO866] Iteration,3,53,7.744983,0.134695
       53       0.74015149494073E-15    22.7127454826317
[MO866] Iteration,0,53,7.754813,0.134715
[MO866] Iteration,3,54,7.879787,0.134777
[MO866] Iteration,4,54,7.877481,0.134780
[MO866] Iteration,5,54,7.875888,0.134777
[MO866] Iteration,6,54,7.872148,0.134780
[MO866] Iteration,7,54,7.845463,0.134777
[MO866] Iteration,1,54,7.887754,0.134777
[MO866] Iteration,2,54,7.882210,0.134780
       54       0.73950401368839E-15    22.7127454826316
[MO866] Iteration,0,54,7.889613,0.134794
[MO866] Iteration,2,55,8.016973,0.134743
[MO866] Iteration,3,55,8.014549,0.134736
[MO866] Iteration,4,55,8.012246,0.134745
[MO866] Iteration,5,55,8.010653,0.134739
[MO866] Iteration,6,55,8.006913,0.134745
[MO866] Iteration,7,55,7.980227,0.134738
[MO866] Iteration,1,55,8.022516,0.134736
       55       0.73671560207932E-15    22.7127454826316
[MO866] Iteration,0,55,8.024378,0.134760
[MO866] Iteration,1,56,8.157353,0.134813
[MO866] Iteration,2,56,8.151809,0.134814
[MO866] Iteration,3,56,8.149386,0.134813
[MO866] Iteration,4,56,8.147079,0.134813
[MO866] Iteration,5,56,8.145486,0.134811
[MO866] Iteration,6,56,8.141745,0.134812
[MO866] Iteration,7,56,8.115059,0.134810
       56       0.73791651168613E-15    22.7127454826317
[MO866] Iteration,0,56,8.159215,0.134832
[MO866] Iteration,7,57,8.249824,0.134738
[MO866] Iteration,1,57,8.292115,0.134738
[MO866] Iteration,2,57,8.286571,0.134739
[MO866] Iteration,3,57,8.284148,0.134738
[MO866] Iteration,4,57,8.281842,0.134739
[MO866] Iteration,5,57,8.280249,0.134738
[MO866] Iteration,6,57,8.276510,0.134740
       57       0.73751098554429E-15    22.7127454826317
[MO866] Iteration,0,57,8.293978,0.134757
[MO866] Iteration,6,58,8.411291,0.134758
[MO866] Iteration,7,58,8.384605,0.134755
[MO866] Iteration,1,58,8.426895,0.134753
[MO866] Iteration,2,58,8.421352,0.134757
[MO866] Iteration,3,58,8.418929,0.134755
[MO866] Iteration,4,58,8.416624,0.134758
[MO866] Iteration,5,58,8.415031,0.134755
       58       0.74094701001785E-15    22.7127454826318
[MO866] Iteration,0,58,8.428757,0.134774
[MO866] Iteration,5,59,8.558655,0.143601
[MO866] Iteration,6,59,8.554916,0.143604
[MO866] Iteration,7,59,8.528230,0.143601
[MO866] Iteration,1,59,8.570525,0.143605
[MO866] Iteration,2,59,8.564980,0.143606
[MO866] Iteration,3,59,8.562557,0.143604
[MO866] Iteration,4,59,8.560249,0.143604
       59       0.73238001856585E-15    22.7127454826318
[MO866] Iteration,0,59,8.572403,0.143640
[MO866] Iteration,4,60,8.695134,0.134848
[MO866] Iteration,5,60,8.693541,0.134853
[MO866] Iteration,6,60,8.689801,0.134848
[MO866] Iteration,7,60,8.663115,0.134853
[MO866] Iteration,1,60,8.705406,0.134853
[MO866] Iteration,2,60,8.699863,0.134848
[MO866] Iteration,3,60,8.697439,0.134853
       60       0.73138048261265E-15    22.7127454826315
[MO866] Iteration,0,60,8.707269,0.134858
[MO866] Iteration,3,61,8.832206,0.134740
[MO866] Iteration,4,61,8.829903,0.134745
[MO866] Iteration,5,61,8.828310,0.134743
[MO866] Iteration,6,61,8.824570,0.134745
[MO866] Iteration,7,61,8.797884,0.134742
[MO866] Iteration,1,61,8.840173,0.134740
[MO866] Iteration,2,61,8.834631,0.134744
       61       0.73675842042534E-15    22.7127454826316
[MO866] Iteration,0,61,8.842037,0.134762
[MO866] Iteration,2,62,8.969393,0.134738
[MO866] Iteration,3,62,8.966970,0.134736
[MO866] Iteration,4,62,8.964666,0.134740
[MO866] Iteration,5,62,8.963072,0.134737
[MO866] Iteration,6,62,8.959333,0.134740
[MO866] Iteration,7,62,8.932647,0.134737
[MO866] Iteration,1,62,8.974937,0.134736
       62       0.73353371418579E-15    22.7127454826318
[MO866] Iteration,0,62,8.976799,0.134756
[MO866] Iteration,1,63,9.109701,0.134737
[MO866] Iteration,2,63,9.104158,0.134742
[MO866] Iteration,3,63,9.101734,0.134737
[MO866] Iteration,4,63,9.099429,0.134742
[MO866] Iteration,5,63,9.097836,0.134737
[MO866] Iteration,6,63,9.094096,0.134742
[MO866] Iteration,7,63,9.067410,0.134737
       63       0.73076326554693E-15    22.7127454826318
[MO866] Iteration,0,63,9.111565,0.134760
[MO866] Iteration,7,64,9.202278,0.134840
[MO866] Iteration,1,64,9.244568,0.134839
[MO866] Iteration,2,64,9.239025,0.134842
[MO866] Iteration,3,64,9.236601,0.134840
[MO866] Iteration,4,64,9.234296,0.134842
[MO866] Iteration,5,64,9.232703,0.134840
[MO866] Iteration,6,64,9.228964,0.134843
       64       0.73369164948086E-15    22.7127454826317
[MO866] Iteration,0,64,9.246432,0.134861
[MO866] Iteration,6,65,9.363762,0.134775
[MO866] Iteration,7,65,9.337076,0.134773
[MO866] Iteration,1,65,9.379369,0.134774
[MO866] Iteration,2,65,9.373826,0.134777
[MO866] Iteration,3,65,9.371403,0.134775
[MO866] Iteration,4,65,9.369095,0.134775
[MO866] Iteration,5,65,9.367502,0.134773
       65       0.73178848188124E-15    22.7127454826316
[MO866] Iteration,0,65,9.381230,0.134792
[MO866] Iteration,5,66,9.502336,0.134809
[MO866] Iteration,6,66,9.498596,0.134810
[MO866] Iteration,7,66,9.471910,0.134807
[MO866] Iteration,1,66,9.514202,0.134808
[MO866] Iteration,2,66,9.508658,0.134811
[MO866] Iteration,3,66,9.506235,0.134808
[MO866] Iteration,4,66,9.503930,0.134812
       66       0.73488791332511E-15    22.7127454826317
[MO866] Iteration,0,66,9.516065,0.134829
[MO866] Iteration,4,67,9.638641,0.134688
[MO866] Iteration,5,67,9.637048,0.134687
[MO866] Iteration,6,67,9.633310,0.134690
[MO866] Iteration,7,67,9.606624,0.134688
[MO866] Iteration,1,67,9.648913,0.134686
[MO866] Iteration,2,67,9.643370,0.134688
[MO866] Iteration,3,67,9.640946,0.134686
       67       0.73623509769362E-15    22.7127454826317
[MO866] Iteration,0,67,9.650776,0.134705
[MO866] Iteration,3,68,9.775740,0.134768
[MO866] Iteration,4,68,9.773436,0.134771
[MO866] Iteration,5,68,9.771842,0.134768
[MO866] Iteration,6,68,9.768103,0.134771
[MO866] Iteration,7,68,9.741416,0.134768
[MO866] Iteration,1,68,9.783707,0.134767
[MO866] Iteration,2,68,9.778163,0.134769
       68       0.73504098638635E-15    22.7127454826317
[MO866] Iteration,0,68,9.785568,0.134786
[MO866] Iteration,2,69,9.912963,0.134778
[MO866] Iteration,3,69,9.910540,0.134775
[MO866] Iteration,4,69,9.908234,0.134778
[MO866] Iteration,5,69,9.906641,0.134774
[MO866] Iteration,6,69,9.902901,0.134778
[MO866] Iteration,7,69,9.876215,0.134773
[MO866] Iteration,1,69,9.918507,0.134775
       69       0.73196026883251E-15    22.7127454826316
[MO866] Iteration,0,69,9.920367,0.134793
[MO866] Iteration,1,70,10.053224,0.134693
[MO866] Iteration,2,70,10.047681,0.134696
[MO866] Iteration,3,70,10.045257,0.134693
[MO866] Iteration,4,70,10.042953,0.134697
[MO866] Iteration,5,70,10.041359,0.134694
[MO866] Iteration,6,70,10.037619,0.134696
[MO866] Iteration,7,70,10.010933,0.134693
       70       0.72990700757830E-15    22.7127454826317
[MO866] Iteration,0,70,10.055089,0.134716
[MO866] Iteration,7,71,10.152579,0.141618
[MO866] Iteration,1,71,10.194869,0.141616
[MO866] Iteration,2,71,10.189326,0.141620
[MO866] Iteration,3,71,10.186902,0.141616
[MO866] Iteration,4,71,10.184599,0.141622
[MO866] Iteration,5,71,10.183005,0.141618
[MO866] Iteration,6,71,10.179265,0.141621
       71       0.73838399009584E-15    22.7127454826319
[MO866] Iteration,0,71,10.196731,0.141636
[MO866] Iteration,6,72,10.314068,0.134782
[MO866] Iteration,7,72,10.287382,0.134778
[MO866] Iteration,1,72,10.329673,0.134778
[MO866] Iteration,2,72,10.324130,0.134782
[MO866] Iteration,3,72,10.321706,0.134778
[MO866] Iteration,4,72,10.319401,0.134782
[MO866] Iteration,5,72,10.317807,0.134778
       72       0.72970728985521E-15    22.7127454826318
[MO866] Iteration,0,72,10.331537,0.134800
[MO866] Iteration,5,73,10.452645,0.134810
[MO866] Iteration,6,73,10.448906,0.134814
[MO866] Iteration,7,73,10.422220,0.134811
[MO866] Iteration,1,73,10.464511,0.134811
[MO866] Iteration,2,73,10.458967,0.134813
[MO866] Iteration,3,73,10.456544,0.134811
[MO866] Iteration,4,73,10.454238,0.134813
       73       0.72605149825031E-15    22.7127454826316
[MO866] Iteration,0,73,10.466374,0.134831
[MO866] Iteration,4,74,10.588992,0.134730
[MO866] Iteration,5,74,10.587398,0.134727
[MO866] Iteration,6,74,10.583658,0.134729
[MO866] Iteration,7,74,10.556972,0.134726
[MO866] Iteration,1,74,10.599266,0.134728
[MO866] Iteration,2,74,10.593723,0.134732
[MO866] Iteration,3,74,10.591299,0.134729
       74       0.73218873831514E-15    22.7127454826318
[MO866] Iteration,0,74,10.601127,0.134746
[MO866] Iteration,3,75,10.726154,0.134831
[MO866] PI avg,3,0.135813,75
[MO866] Beta,3,0.000007
[MO866] Total time,3,10.726227
[MO866] Iteration,4,75,10.723848,0.134833
[MO866] PI avg,4,0.135816,75
[MO866] Beta,4,0.000010
[MO866] Total time,4,10.723947
[MO866] Iteration,5,75,10.722254,0.134830
[MO866] PI avg,5,0.135813,75
[MO866] Beta,5,0.000008
[MO866] Total time,5,10.722331
[MO866] Iteration,6,75,10.718515,0.134833
[MO866] PI avg,6,0.135816,75
[MO866] Beta,6,0.000007
[MO866] Total time,6,10.718591
[MO866] Iteration,7,75,10.691829,0.134830
[MO866] PI avg,7,0.135813,75
[MO866] Beta,7,0.000007
[MO866] Total time,7,10.691903
[MO866] Iteration,1,75,10.734121,0.134831
[MO866] PI avg,1,0.135813,75
[MO866] Beta,1,0.000007
[MO866] Total time,1,10.734194
[MO866] Iteration,2,75,10.728577,0.134833
[MO866] PI avg,2,0.135816,75
[MO866] Beta,2,0.000007
[MO866] Total time,2,10.728653
       75       0.73125107634413E-15    22.7127454826317
[MO866] Iteration,0,75,10.735984,0.134851
 Benchmark completed 
 VERIFICATION SUCCESSFUL 
 Zeta is     0.2271274548263E+02
 Error is    0.3190955452874E-13


 CG Benchmark Completed.
 Class           =                        B
 Size            =                    75000
 Iterations      =                       75
 Time in seconds =                    10.19
 Total processes =                        8
 Active procs    =                        8
 Mop/s total     =                  5369.90
 Mop/s/process   =                   671.24
 Operation type  =           floating point
 Verification    =               SUCCESSFUL
 Version         =                      3.4
 Compile date    =              15 Jun 2020

 Compile options:
    MPIFC        = mpif90
    FLINK        = $(MPIFC)
    FMPI_LIB     = (none)
    FMPI_INC     = (none)
    FFLAGS       = -O3
    FLINKFLAGS   = $(FFLAGS) -O ../kernel_stats/kernel_stats.o...
    RAND         = randi8


 Please send feedbacks and/or the results of this run to:

 NPB Development Team 
 Internet: npb@nas.nasa.gov


[MO866] PI avg,0,0.135834,75
[MO866] Beta,0,0.000027
[MO866] Total time,0,10.736262
