--------------------------------------------------------------------------
[[35123,1],0]: A high-performance Open MPI point-to-point messaging module
was unable to find any relevant network interfaces:

Module: OpenFabrics (openib)
  Host: node06

Another transport will be used instead, although this may result in
lower performance.

NOTE: You can disable this warning by setting the MCA parameter
btl_base_warn_component_unused to 0.
--------------------------------------------------------------------------


 NAS Parallel Benchmarks 3.4 -- CG Benchmark

 Size:     150000  (class C)
 Iterations:    75
 Number of processes:     2
 Number of nonzeroes per row:       15
 Eigenvalue shift:   110.000
[MO866] Init time,1,3.304173
[MO866] Init time,0,3.310036
[MO866] Iteration,1,1,5.047430,1.743215

   iteration           ||r||                 zeta
        1       0.34918028513489E-12   109.9994423237398
[MO866] Iteration,0,1,5.053398,1.743320
[MO866] Iteration,1,2,6.789384,1.741922
        2       0.93261202935200E-15    27.3920437146530
[MO866] Iteration,0,2,6.795340,1.741932
[MO866] Iteration,1,3,8.523597,1.734181
        3       0.94002966917904E-15    28.0339761840276
[MO866] Iteration,0,3,8.529516,1.734165
[MO866] Iteration,1,4,10.253808,1.730192
        4       0.94986672029943E-15    28.4191507551296
[MO866] Iteration,0,4,10.259751,1.730225
[MO866] Iteration,1,5,11.957703,1.703871
        5       0.95373147965057E-15    28.6471670038882
[MO866] Iteration,0,5,11.963640,1.703877
[MO866] Iteration,1,6,13.679058,1.721322
        6       0.95933824815541E-15    28.7812969418424
[MO866] Iteration,0,6,13.684997,1.721348
[MO866] Iteration,1,7,15.384191,1.705102
        7       0.95552953080657E-15    28.8600458537354
[MO866] Iteration,0,7,15.390111,1.705102
[MO866] Iteration,1,8,17.093413,1.709201
        8       0.95935583896459E-15    28.9063145572688
[MO866] Iteration,0,8,17.099344,1.709225
[MO866] Iteration,1,9,18.790345,1.696901
        9       0.96295546883800E-15    28.9335649214633
[MO866] Iteration,0,9,18.796266,1.696910
[MO866] Iteration,1,10,20.490908,1.700538
       10       0.95984970808734E-15    28.9496695449005
[MO866] Iteration,0,10,20.496850,1.700573
[MO866] Iteration,1,11,22.212334,1.721391
       11       0.96286896507553E-15    28.9592263353758
[MO866] Iteration,0,11,22.218256,1.721395
[MO866] Iteration,1,12,23.900758,1.688399
       12       0.96132779695897E-15    28.9649233484888
[MO866] Iteration,0,12,23.906696,1.688430
[MO866] Iteration,1,13,25.620354,1.719562
       13       0.96029237140078E-15    28.9683359248936
[MO866] Iteration,0,13,25.626283,1.719578
[MO866] Iteration,1,14,27.299250,1.678866
       14       0.95995316106402E-15    28.9703903960005
[MO866] Iteration,0,14,27.305160,1.678866
[MO866] Iteration,1,15,28.991601,1.692338
       15       0.96086676866082E-15    28.9716336228368
[MO866] Iteration,0,15,28.997510,1.692341
[MO866] Iteration,1,16,30.679180,1.687566
       16       0.96262162662325E-15    28.9723898600848
[MO866] Iteration,0,16,30.685104,1.687585
[MO866] Iteration,1,17,32.397897,1.718696
       17       0.95995080306971E-15    28.9728522692217
[MO866] Iteration,0,17,32.403828,1.718715
[MO866] Iteration,1,18,34.092470,1.694542
       18       0.96193291189142E-15    28.9731364797786
[MO866] Iteration,0,18,34.098392,1.694553
[MO866] Iteration,1,19,35.771313,1.678817
       19       0.95899160435305E-15    28.9733120569290
[MO866] Iteration,0,19,35.777223,1.678821
[MO866] Iteration,1,20,37.458923,1.687597
       20       0.96457382743280E-15    28.9734210663758
[MO866] Iteration,0,20,37.464862,1.687630
[MO866] Iteration,1,21,39.180971,1.722028
       21       0.96345263086780E-15    28.9734890760540
[MO866] Iteration,0,21,39.186900,1.722027
[MO866] Iteration,1,22,40.858704,1.677703
       22       0.95991244026784E-15    28.9735317064871
[MO866] Iteration,0,22,40.864626,1.677714
[MO866] Iteration,1,23,42.552328,1.693599
       23       0.96179771645883E-15    28.9735585497255
[MO866] Iteration,0,23,42.558237,1.693602
[MO866] Iteration,1,24,44.230042,1.677700
       24       0.95922390194743E-15    28.9735755256645
[MO866] Iteration,0,24,44.235964,1.677718
[MO866] Iteration,1,25,45.918282,1.688214
       25       0.95815516189961E-15    28.9735863059383
[MO866] Iteration,0,25,45.924220,1.688247
[MO866] Iteration,1,26,47.638871,1.720557
       26       0.95650780373655E-15    28.9735931787384
[MO866] Iteration,0,26,47.644800,1.720570
[MO866] Iteration,1,27,49.316848,1.677947
       27       0.96122729736496E-15    28.9735975767374
[MO866] Iteration,0,27,49.322771,1.677959
[MO866] Iteration,1,28,51.009693,1.692819
       28       0.96445016745281E-15    28.9736004009986
[MO866] Iteration,0,28,51.015614,1.692834
[MO866] Iteration,1,29,52.687213,1.677495
       29       0.95990409698108E-15    28.9736022206758
[MO866] Iteration,0,29,52.693122,1.677496
[MO866] Iteration,1,30,54.375156,1.687930
       30       0.96122924599343E-15    28.9736033967627
[MO866] Iteration,0,30,54.381083,1.687952
[MO866] Iteration,1,31,56.053405,1.678227
       31       0.96146664491229E-15    28.9736041591164
[MO866] Iteration,0,31,56.059328,1.678237
[MO866] Iteration,1,32,57.743188,1.689757
       32       0.96021527445782E-15    28.9736046546412
[MO866] Iteration,0,32,57.749097,1.689760
[MO866] Iteration,1,33,59.461592,1.718391
       33       0.96021180308293E-15    28.9736049775610
[MO866] Iteration,0,33,59.467524,1.718418
[MO866] Iteration,1,34,61.140587,1.678965
       34       0.95729744671819E-15    28.9736051885093
[MO866] Iteration,0,34,61.146510,1.678975
[MO866] Iteration,1,35,62.833324,1.692712
       35       0.95819450134146E-15    28.9736053266252
[MO866] Iteration,0,35,62.839246,1.692728
[MO866] Iteration,1,36,64.510956,1.677606
       36       0.95868554202208E-15    28.9736054172461
[MO866] Iteration,0,36,64.516880,1.677625
[MO866] Iteration,1,37,66.198874,1.687892
       37       0.95768757616458E-15    28.9736054768224
[MO866] Iteration,0,37,66.204812,1.687920
[MO866] Iteration,1,38,67.876976,1.678071
       38       0.96008098193957E-15    28.9736055160636
[MO866] Iteration,0,38,67.882885,1.678062
[MO866] Iteration,1,39,69.555442,1.678452
       39       0.95588177574636E-15    28.9736055419569
[MO866] Iteration,0,39,69.561352,1.678458
[MO866] Iteration,1,40,71.274321,1.718867
       40       0.95596041801372E-15    28.9736055590703
[MO866] Iteration,0,40,71.280252,1.718891
[MO866] Iteration,1,41,72.953114,1.678763
       41       0.95746930735378E-15    28.9736055703979
[MO866] Iteration,0,41,72.959024,1.678761
[MO866] Iteration,1,42,74.630578,1.677451
       42       0.95997167085028E-15    28.9736055779079
[MO866] Iteration,0,42,74.636500,1.677467
[MO866] Iteration,1,43,76.325952,1.695348
       43       0.95723880205007E-15    28.9736055828930
[MO866] Iteration,0,43,76.331875,1.695365
[MO866] Iteration,1,44,78.004397,1.678419
       44       0.95924740452702E-15    28.9736055862076
[MO866] Iteration,0,44,78.010310,1.678425
[MO866] Iteration,1,45,79.681483,1.677073
       45       0.95371145597657E-15    28.9736055884132
[MO866] Iteration,0,45,79.687411,1.677091
[MO866] Iteration,1,46,81.371534,1.690036
       46       0.95318903643820E-15    28.9736055898831
[MO866] Iteration,0,46,81.377465,1.690044
[MO866] Iteration,1,47,83.051483,1.679926
       47       0.95790947016508E-15    28.9736055908644
[MO866] Iteration,0,47,83.057395,1.679920
[MO866] Iteration,1,48,84.732708,1.681212
       48       0.95959995836323E-15    28.9736055915181
[MO866] Iteration,0,48,84.738633,1.681228
[MO866] Iteration,1,49,86.451904,1.719170
       49       0.95753779499159E-15    28.9736055919562
[MO866] Iteration,0,49,86.457840,1.719197
[MO866] Iteration,1,50,88.130740,1.678806
       50       0.95764123496239E-15    28.9736055922487
[MO866] Iteration,0,50,88.136667,1.678815
[MO866] Iteration,1,51,89.809357,1.678591
       51       0.95483213890000E-15    28.9736055924456
[MO866] Iteration,0,51,89.815269,1.678592
[MO866] Iteration,1,52,91.500845,1.691475
       52       0.95068160191577E-15    28.9736055925766
[MO866] Iteration,0,52,91.506756,1.691478
[MO866] Iteration,1,53,93.179805,1.678947
       53       0.95462149821796E-15    28.9736055926645
[MO866] Iteration,0,53,93.185715,1.678949
[MO866] Iteration,1,54,94.857351,1.677533
       54       0.96256618266640E-15    28.9736055927226
[MO866] Iteration,0,54,94.863271,1.677548
[MO866] Iteration,1,55,96.535888,1.678512
       55       0.95659170926785E-15    28.9736055927623
[MO866] Iteration,0,55,96.541812,1.678532
[MO866] Iteration,1,56,98.224747,1.688833
       56       0.95432275329106E-15    28.9736055927895
[MO866] Iteration,0,56,98.230683,1.688862
[MO866] Iteration,1,57,99.904434,1.679655
       57       0.95491178355062E-15    28.9736055928084
[MO866] Iteration,0,57,99.910355,1.679662
[MO866] Iteration,1,58,101.582301,1.677843
       58       0.95456960678414E-15    28.9736055928196
[MO866] Iteration,0,58,101.588224,1.677860
[MO866] Iteration,1,59,103.260939,1.678612
       59       0.95676787433924E-15    28.9736055928280
[MO866] Iteration,0,59,103.266849,1.678616
[MO866] Iteration,1,60,104.982311,1.721358
       60       0.95323859143322E-15    28.9736055928346
[MO866] Iteration,0,60,104.988243,1.721385
[MO866] Iteration,1,61,106.660133,1.677792
       61       0.95435144665413E-15    28.9736055928382
[MO866] Iteration,0,61,106.666039,1.677785
[MO866] Iteration,1,62,108.339035,1.678889
       62       0.95872176340540E-15    28.9736055928405
[MO866] Iteration,0,62,108.344958,1.678910
[MO866] Iteration,1,63,110.016413,1.677352
       63       0.95212290767308E-15    28.9736055928420
[MO866] Iteration,0,63,110.022336,1.677359
[MO866] Iteration,1,64,111.708628,1.692189
       64       0.95286732683930E-15    28.9736055928438
[MO866] Iteration,0,64,111.714550,1.692204
[MO866] Iteration,1,65,113.386167,1.677514
       65       0.95664021979590E-15    28.9736055928435
[MO866] Iteration,0,65,113.392090,1.677531
[MO866] Iteration,1,66,115.064781,1.678589
       66       0.95330095754448E-15    28.9736055928445
[MO866] Iteration,0,66,115.070703,1.678603
[MO866] Iteration,1,67,116.742319,1.677512
       67       0.95423532836686E-15    28.9736055928447
[MO866] Iteration,0,67,116.748242,1.677530
[MO866] Iteration,1,68,118.432207,1.689863
       68       0.95544125819715E-15    28.9736055928450
[MO866] Iteration,0,68,118.438144,1.689893
[MO866] Iteration,1,69,120.114491,1.682251
       69       0.95225936673019E-15    28.9736055928440
[MO866] Iteration,0,69,120.120401,1.682248
[MO866] Iteration,1,70,121.796142,1.681633
       70       0.95281554497492E-15    28.9736055928450
[MO866] Iteration,0,70,121.802064,1.681655
[MO866] Iteration,1,71,123.474688,1.678521
       71       0.95355646251647E-15    28.9736055928452
[MO866] Iteration,0,71,123.480610,1.678537
[MO866] Iteration,1,72,125.152475,1.677761
       72       0.95194011825555E-15    28.9736055928470
[MO866] Iteration,0,72,125.158395,1.677776
[MO866] Iteration,1,73,126.874362,1.721861
       73       0.95618872476637E-15    28.9736055928450
[MO866] Iteration,0,73,126.880295,1.721891
[MO866] Iteration,1,74,128.551771,1.677378
       74       0.95688209213914E-15    28.9736055928442
[MO866] Iteration,0,74,128.557680,1.677374
[MO866] Iteration,1,75,130.231422,1.679638
[MO866] PI avg,1,1.692339,75
       75       0.95214517773215E-15    28.9736055928458
[MO866] Iteration,0,75,130.237328,1.679640
[MO866] Beta,1,0.000000
[MO866] Total time,1,130.231466
 Benchmark completed 
 VERIFICATION SUCCESSFUL 
 Zeta is     0.2897360559285E+02
 Error is    0.2709879239913E-13


 CG Benchmark Completed.
 Class           =                        C
 Size            =                   150000
 Iterations      =                       75
 Time in seconds =                   126.93
 Total processes =                        2
 Active procs    =                        2
 Mop/s total     =                  1129.37
 Mop/s/process   =                   564.68
 Operation type  =           floating point
 Verification    =               SUCCESSFUL
 Version         =                      3.4
 Compile date    =              15 Jun 2020

 Compile options:
    MPIFC        = mpif90
    FLINK        = $(MPIFC)
    FMPI_LIB     = (none)
    FMPI_INC     = (none)
    FFLAGS       = -O3
    FLINKFLAGS   = $(FFLAGS) -O ../kernel_stats/kernel_stats.o...
    RAND         = randi8


 Please send feedbacks and/or the results of this run to:

 NPB Development Team 
 Internet: npb@nas.nasa.gov


[MO866] PI avg,0,1.692354,75
[MO866] Beta,0,0.000002
[MO866] Total time,0,130.237552
