--------------------------------------------------------------------------
[[36206,1],0]: A high-performance Open MPI point-to-point messaging module
was unable to find any relevant network interfaces:

Module: OpenFabrics (openib)
  Host: node06

Another transport will be used instead, although this may result in
lower performance.

NOTE: You can disable this warning by setting the MCA parameter
btl_base_warn_component_unused to 0.
--------------------------------------------------------------------------


 NAS Parallel Benchmarks 3.4 -- FT Benchmark

 No input file inputft.data. Using compiled defaults
 Size                :  512x 256x 256  (class B)
 Iterations          :             20
 Number of processes :              2
 Processor array     :         1x   2
 Layout type         :             1D

 Initialization time =      2.0648

[MO866] Init time,0,4.027997
[MO866] Init time,1,4.023632
[MO866] Iteration,1,1,5.506619,1.482943
 T =    1     Checksum =    5.177643571579D+02    5.077803458597D+02
[MO866] Iteration,0,1,5.513185,1.485132
[MO866] Iteration,1,2,6.945237,1.438589
 T =    2     Checksum =    5.154521291263D+02    5.088249431599D+02
[MO866] Iteration,0,2,6.949755,1.436564
[MO866] Iteration,1,3,8.415981,1.470709
 T =    3     Checksum =    5.146409228650D+02    5.096208912659D+02
[MO866] Iteration,0,3,8.420490,1.470730
[MO866] Iteration,1,4,9.875498,1.459486
 T =    4     Checksum =    5.142378756213D+02    5.101023387619D+02
[MO866] Iteration,0,4,9.879991,1.459495
[MO866] Iteration,1,5,11.313554,1.438027
 T =    5     Checksum =    5.139626667737D+02    5.103976610618D+02
[MO866] Iteration,0,5,11.318062,1.438066
[MO866] Iteration,1,6,12.785233,1.471641
 T =    6     Checksum =    5.137423460082D+02    5.105948019802D+02
[MO866] Iteration,0,6,12.789725,1.471655
[MO866] Iteration,1,7,14.228039,1.442776
 T =    7     Checksum =    5.135547056878D+02    5.107404165783D+02
[MO866] Iteration,0,7,14.232532,1.442801
[MO866] Iteration,1,8,15.648944,1.420875
 T =    8     Checksum =    5.133910925467D+02    5.108576573661D+02
[MO866] Iteration,0,8,15.653458,1.420921
[MO866] Iteration,1,9,17.052158,1.403178
 T =    9     Checksum =    5.132470705390D+02    5.109577278523D+02
[MO866] Iteration,0,9,17.056669,1.403205
[MO866] Iteration,1,10,18.436490,1.384301
 T =   10     Checksum =    5.131197729984D+02    5.110460304483D+02
[MO866] Iteration,0,10,18.440986,1.384311
[MO866] Iteration,1,11,19.870863,1.434344
 T =   11     Checksum =    5.130070319283D+02    5.111252433800D+02
[MO866] Iteration,0,11,19.875368,1.434374
[MO866] Iteration,1,12,21.285303,1.414410
 T =   12     Checksum =    5.129070537032D+02    5.111968077719D+02
[MO866] Iteration,0,12,21.289796,1.414423
[MO866] Iteration,1,13,22.697198,1.411864
 T =   13     Checksum =    5.128182883503D+02    5.112616233064D+02
[MO866] Iteration,0,13,22.701698,1.411897
[MO866] Iteration,1,14,24.096869,1.399634
 T =   14     Checksum =    5.127393733383D+02    5.113203605551D+02
[MO866] Iteration,0,14,24.130442,1.428739
[MO866] Iteration,1,15,25.592538,1.495637
 T =   15     Checksum =    5.126691062021D+02    5.113735928093D+02
[MO866] Iteration,0,15,25.600912,1.470457
[MO866] Iteration,1,16,27.008424,1.415855
 T =   16     Checksum =    5.126064276005D+02    5.114218460548D+02
[MO866] Iteration,0,16,27.012922,1.411999
[MO866] Iteration,1,17,28.417226,1.408772
 T =   17     Checksum =    5.125504076570D+02    5.114656139760D+02
[MO866] Iteration,0,17,28.421718,1.408788
[MO866] Iteration,1,18,29.829392,1.412136
 T =   18     Checksum =    5.125002331721D+02    5.115053595966D+02
[MO866] Iteration,0,18,29.833895,1.412172
[MO866] Iteration,1,19,31.249756,1.420328
 T =   19     Checksum =    5.124551951846D+02    5.115415130407D+02
[MO866] Iteration,0,19,31.254252,1.420351
[MO866] Iteration,1,20,32.784459,1.534670
 T =   20     Checksum =    5.124146770029D+02    5.115744692211D+02
[MO866] Iteration,0,20,32.788961,1.534702
 Result verification successful
[MO866] PI avg,0,1.438039,20
[MO866] Beta,0,0.000001
[MO866] Total time,0,32.788998


 FT Benchmark Completed.
 Class           =                        B
 Size            =            512x 256x 256
 Iterations      =                       20
 Time in seconds =                    30.60
 Total processes =                        2
 Active procs    =                        2
 Mop/s total     =                  3008.70
 Mop/s/process   =                  1504.35
 Operation type  =           floating point
 Verification    =               SUCCESSFUL
 Version         =                      3.4
 Compile date    =              15 Jun 2020

 Compile options:
    MPIFC        = mpif90
    FLINK        = $(MPIFC)
    FMPI_LIB     = (none)
    FMPI_INC     = (none)
    FFLAGS       = -O3
    FLINKFLAGS   = $(FFLAGS) -O ../kernel_stats/kernel_stats.o...
    RAND         = randi8


 Please send feedbacks and/or the results of this run to:

 NPB Development Team 
 Internet: npb@nas.nasa.gov


