--------------------------------------------------------------------------
[[36111,1],0]: A high-performance Open MPI point-to-point messaging module
was unable to find any relevant network interfaces:

Module: OpenFabrics (openib)
  Host: node06

Another transport will be used instead, although this may result in
lower performance.

NOTE: You can disable this warning by setting the MCA parameter
btl_base_warn_component_unused to 0.
--------------------------------------------------------------------------


 NAS Parallel Benchmarks 3.4 -- FT Benchmark

 No input file inputft.data. Using compiled defaults
 Size                :  512x 256x 256  (class B)
 Iterations          :             20
 Number of processes :              8
 Processor array     :         1x   8
 Layout type         :             1D

 Initialization time =      0.6346

[MO866] Init time,6,1.376332
[MO866] Init time,0,1.390184
[MO866] Init time,2,1.387597
[MO866] Init time,4,1.383527
[MO866] Init time,1,1.395311
[MO866] Init time,7,1.382260
[MO866] Init time,5,1.386541
[MO866] Init time,3,1.391782
[MO866] Iteration,5,1,1.903437,0.516821
[MO866] Iteration,1,1,1.913450,0.517948
[MO866] Iteration,3,1,1.908668,0.516803
[MO866] Iteration,7,1,1.899665,0.517336
[MO866] Iteration,4,1,1.906602,0.523021
[MO866] Iteration,2,1,1.911002,0.523319
[MO866] Iteration,6,1,1.901651,0.525257
 T =    1     Checksum =    5.177643571579D+02    5.077803458597D+02
[MO866] Iteration,0,1,1.915552,0.525336
[MO866] Iteration,5,2,2.421825,0.518348
[MO866] Iteration,3,2,2.427139,0.518453
[MO866] Iteration,2,2,2.429426,0.518360
[MO866] Iteration,7,2,2.424477,0.524788
[MO866] Iteration,6,2,2.426468,0.524766
[MO866] Iteration,4,2,2.431389,0.524757
[MO866] Iteration,1,2,2.438575,0.525106
 T =    2     Checksum =    5.154521291263D+02    5.088249431599D+02
[MO866] Iteration,0,2,2.440675,0.525107
[MO866] Iteration,5,3,2.939579,0.517702
[MO866] Iteration,2,3,2.947259,0.517791
[MO866] Iteration,3,3,2.944973,0.517807
[MO866] Iteration,7,3,2.941903,0.517314
[MO866] Iteration,4,3,2.948795,0.517345
[MO866] Iteration,6,3,2.943871,0.517333
[MO866] Iteration,1,3,2.956148,0.517511
 T =    3     Checksum =    5.146409228650D+02    5.096208912659D+02
[MO866] Iteration,0,3,2.958123,0.517432
[MO866] Iteration,5,4,3.457833,0.518214
[MO866] Iteration,3,4,3.463150,0.518161
[MO866] Iteration,2,4,3.465443,0.518146
[MO866] Iteration,7,4,3.460026,0.518038
[MO866] Iteration,4,4,3.466923,0.518073
[MO866] Iteration,6,4,3.461994,0.518055
[MO866] Iteration,1,4,3.474280,0.518094
 T =    4     Checksum =    5.142378756213D+02    5.101023387619D+02
[MO866] Iteration,0,4,3.476224,0.518090
[MO866] Iteration,5,5,3.981023,0.523152
[MO866] Iteration,1,5,3.990917,0.516605
[MO866] Iteration,7,5,3.977053,0.516976
[MO866] Iteration,6,5,3.979003,0.516970
[MO866] Iteration,4,5,3.983917,0.516967
[MO866] Iteration,2,5,3.988507,0.523023
[MO866] Iteration,3,5,3.986216,0.523049
 T =    5     Checksum =    5.139626667737D+02    5.103976610618D+02
[MO866] Iteration,0,5,3.992970,0.516734
[MO866] Iteration,5,6,4.530468,0.549404
[MO866] Iteration,3,6,4.535809,0.549550
[MO866] Iteration,2,6,4.538097,0.549555
[MO866] Iteration,4,6,4.539362,0.555409
[MO866] Iteration,7,6,4.532471,0.555398
[MO866] Iteration,6,6,4.534441,0.555400
 T =    6     Checksum =    5.137423460082D+02    5.105948019802D+02
[MO866] Iteration,0,6,4.548473,0.555493
[MO866] Iteration,1,6,4.546503,0.555557
[MO866] Iteration,5,7,5.068174,0.537664
[MO866] Iteration,1,7,5.078023,0.531478
[MO866] Iteration,3,7,5.073262,0.537432
[MO866] Iteration,2,7,5.075551,0.537432
[MO866] Iteration,6,7,5.066953,0.532451
 T =    7     Checksum =    5.135547056878D+02    5.107404165783D+02
[MO866] Iteration,0,7,5.080784,0.532299
[MO866] Iteration,4,7,5.071871,0.532457
[MO866] Iteration,7,7,5.064993,0.532438
[MO866] Iteration,1,8,5.604362,0.526317
[MO866] Iteration,5,8,5.594907,0.526690
[MO866] Iteration,2,8,5.602629,0.527033
[MO866] Iteration,3,8,5.600340,0.527051
[MO866] Iteration,6,8,5.595098,0.528115
 T =    8     Checksum =    5.133910925467D+02    5.108576573661D+02
[MO866] Iteration,0,8,5.608916,0.528120
[MO866] Iteration,7,8,5.593143,0.528103
[MO866] Iteration,4,8,5.600015,0.528100
[MO866] Iteration,5,9,6.117191,0.522259
[MO866] Iteration,6,9,6.115256,0.520126
[MO866] Iteration,7,9,6.113306,0.520074
[MO866] Iteration,4,9,6.120171,0.520129
[MO866] Iteration,1,9,6.127515,0.523109
[MO866] Iteration,2,9,6.125018,0.522337
[MO866] Iteration,3,9,6.122730,0.522360
 T =    9     Checksum =    5.132470705390D+02    5.109577278523D+02
[MO866] Iteration,0,9,6.129472,0.520543
[MO866] Iteration,1,10,6.654760,0.527206
[MO866] Iteration,7,10,6.641057,0.527727
[MO866] Iteration,6,10,6.643011,0.527718
[MO866] Iteration,4,10,6.652128,0.531923
[MO866] Iteration,2,10,6.656633,0.531582
[MO866] Iteration,5,10,6.649377,0.532141
[MO866] Iteration,3,10,6.654338,0.531570
 T =   10     Checksum =    5.131197729984D+02    5.110460304483D+02
[MO866] Iteration,0,10,6.661079,0.531596
[MO866] Iteration,6,11,7.160827,0.517772
[MO866] Iteration,4,11,7.165778,0.513617
[MO866] Iteration,5,11,7.163036,0.513595
[MO866] Iteration,7,11,7.158875,0.517787
[MO866] Iteration,1,11,7.173221,0.518409
[MO866] Iteration,3,11,7.168430,0.514045
[MO866] Iteration,2,11,7.170720,0.514057
 T =   11     Checksum =    5.130070319283D+02    5.111252433800D+02
[MO866] Iteration,0,11,7.175178,0.514089
[MO866] Iteration,5,12,7.682176,0.519116
[MO866] Iteration,3,12,7.687530,0.519066
[MO866] Iteration,2,12,7.689816,0.519061
[MO866] Iteration,7,12,7.684691,0.525772
[MO866] Iteration,1,12,7.698644,0.525386
[MO866] Iteration,6,12,7.686658,0.525791
[MO866] Iteration,4,12,7.691582,0.525781
 T =   12     Checksum =    5.129070537032D+02    5.111968077719D+02
[MO866] Iteration,0,12,7.700602,0.525415
[MO866] Iteration,5,13,8.200732,0.518509
[MO866] Iteration,3,13,8.205919,0.518370
[MO866] Iteration,2,13,8.208207,0.518356
[MO866] Iteration,7,13,8.202814,0.518024
[MO866] Iteration,6,13,8.204799,0.518062
[MO866] Iteration,4,13,8.209722,0.518072
[MO866] Iteration,1,13,8.217287,0.518581
 T =   13     Checksum =    5.128182883503D+02    5.112616233064D+02
[MO866] Iteration,0,13,8.219298,0.518683
[MO866] Iteration,5,14,8.718053,0.517282
[MO866] Iteration,3,14,8.723697,0.517757
[MO866] Iteration,2,14,8.725983,0.517739
[MO866] Iteration,4,14,8.727554,0.517760
[MO866] Iteration,7,14,8.720664,0.517750
[MO866] Iteration,6,14,8.722629,0.517747
[MO866] Iteration,1,14,8.735270,0.517937
 T =   14     Checksum =    5.127393733383D+02    5.113203605551D+02
[MO866] Iteration,0,14,8.737268,0.517957
[MO866] Iteration,5,15,9.236349,0.518255
[MO866] Iteration,3,15,9.241527,0.517811
[MO866] Iteration,2,15,9.243813,0.517789
 T =   15     Checksum =    5.126691062021D+02    5.113735928093D+02
[MO866] Iteration,0,15,9.254433,0.517155
[MO866] Iteration,1,15,9.252448,0.517128
[MO866] Iteration,6,15,9.240615,0.517912
[MO866] Iteration,4,15,9.245539,0.517924
[MO866] Iteration,7,15,9.238650,0.517894
[MO866] Iteration,5,16,9.757571,0.521182
[MO866] Iteration,3,16,9.762525,0.520978
[MO866] Iteration,7,16,9.753862,0.515150
[MO866] Iteration,6,16,9.755829,0.515152
[MO866] Iteration,1,16,9.771655,0.519121
[MO866] Iteration,2,16,9.769414,0.525569
 T =   16     Checksum =    5.126064276005D+02    5.114218460548D+02
[MO866] Iteration,0,16,9.777744,0.523298
[MO866] Iteration,4,16,9.768831,0.523242
[MO866] Iteration,5,17,10.281438,0.523829
[MO866] Iteration,2,17,10.291325,0.521860
[MO866] Iteration,3,17,10.289040,0.526496
[MO866] Iteration,1,17,10.299464,0.527738
[MO866] Iteration,4,17,10.306997,0.538086
[MO866] Iteration,6,17,10.302076,0.546185
[MO866] Iteration,7,17,10.300117,0.546229
 T =   17     Checksum =    5.125504076570D+02    5.114656139760D+02
[MO866] Iteration,0,17,10.315867,0.538112
[MO866] Iteration,5,18,10.821261,0.539774
[MO866] Iteration,3,18,10.826596,0.537531
[MO866] Iteration,2,18,10.828881,0.537523
[MO866] Iteration,4,18,10.830462,0.523410
[MO866] Iteration,6,18,10.825537,0.523397
[MO866] Iteration,7,18,10.823575,0.523382
[MO866] Iteration,1,18,10.837723,0.538182
 T =   18     Checksum =    5.125002331721D+02    5.115053595966D+02
[MO866] Iteration,0,18,10.839711,0.523835
[MO866] Iteration,5,19,11.339051,0.517746
[MO866] Iteration,3,19,11.344301,0.517690
[MO866] Iteration,2,19,11.346593,0.517682
[MO866] Iteration,7,19,11.341622,0.517963
[MO866] Iteration,4,19,11.348586,0.518069
[MO866] Iteration,6,19,11.343633,0.518028
[MO866] Iteration,1,19,11.355747,0.517972
 T =   19     Checksum =    5.124551951846D+02    5.115415130407D+02
[MO866] Iteration,0,19,11.357723,0.517999
[MO866] Iteration,5,20,11.856978,0.517886
[MO866] Iteration,2,20,11.864618,0.517983
[MO866] Iteration,3,20,11.862333,0.518013
[MO866] Iteration,6,20,11.860153,0.516428
[MO866] Iteration,7,20,11.858204,0.516485
[MO866] Iteration,4,20,11.865068,0.516432
[MO866] Iteration,1,20,11.872549,0.516761
 T =   20     Checksum =    5.124146770029D+02    5.115744692211D+02
[MO866] Iteration,0,20,11.874432,0.516698
 Result verification successful
[MO866] PI avg,0,0.524200,20
[MO866] Beta,0,0.000003
[MO866] Total time,0,11.874461


 FT Benchmark Completed.
 Class           =                        B
 Size            =            512x 256x 256
 Iterations      =                       20
 Time in seconds =                    11.09
 Total processes =                        8
 Active procs    =                        8
 Mop/s total     =                  8300.93
 Mop/s/process   =                  1037.62
 Operation type  =           floating point
 Verification    =               SUCCESSFUL
 Version         =                      3.4
 Compile date    =              15 Jun 2020

 Compile options:
    MPIFC        = mpif90
    FLINK        = $(MPIFC)
    FMPI_LIB     = (none)
    FMPI_INC     = (none)
    FFLAGS       = -O3
    FLINKFLAGS   = $(FFLAGS) -O ../kernel_stats/kernel_stats.o...
    RAND         = randi8


 Please send feedbacks and/or the results of this run to:

 NPB Development Team 
 Internet: npb@nas.nasa.gov


