--------------------------------------------------------------------------
[[35942,1],0]: A high-performance Open MPI point-to-point messaging module
was unable to find any relevant network interfaces:

Module: OpenFabrics (openib)
  Host: node06

Another transport will be used instead, although this may result in
lower performance.

NOTE: You can disable this warning by setting the MCA parameter
btl_base_warn_component_unused to 0.
--------------------------------------------------------------------------


 NAS Parallel Benchmarks 3.4 -- FT Benchmark

 No input file inputft.data. Using compiled defaults
 Size                :  512x 512x 512  (class C)
 Iterations          :             20
 Number of processes :              8
 Processor array     :         1x   8
 Layout type         :             1D

 Initialization time =      2.8451

[MO866] Init time,4,5.562081
[MO866] Init time,7,5.557787
[MO866] Init time,6,5.565803
[MO866] Init time,5,5.571114
[MO866] Init time,3,5.574862
[MO866] Init time,1,5.588828
[MO866] Init time,2,5.589398
[MO866] Init time,0,5.601629
[MO866] Iteration,6,1,7.930454,2.364549
[MO866] Iteration,7,1,7.929013,2.371134
[MO866] Iteration,5,1,7.943327,2.372072
[MO866] Iteration,4,1,7.945114,2.382964
[MO866] Iteration,1,1,7.968936,2.379950
[MO866] Iteration,3,1,7.964279,2.389331
[MO866] Iteration,2,1,7.968213,2.378658
 T =    1     Checksum =    5.195078707457D+02    5.149019699238D+02
[MO866] Iteration,0,1,7.977145,2.375351
[MO866] Iteration,1,2,10.244285,2.275263
[MO866] Iteration,3,2,10.234610,2.270230
[MO866] Iteration,2,2,10.238428,2.270107
[MO866] Iteration,7,2,10.234635,2.305579
[MO866] Iteration,6,2,10.236037,2.305546
 T =    2     Checksum =    5.155422171134D+02    5.127578201997D+02
[MO866] Iteration,0,2,10.258415,2.281256
[MO866] Iteration,4,2,10.245182,2.300006
[MO866] Iteration,5,2,10.243464,2.300076
[MO866] Iteration,6,3,12.523668,2.287573
[MO866] Iteration,7,3,12.522264,2.287557
[MO866] Iteration,1,3,12.575765,2.331423
[MO866] Iteration,5,3,12.586808,2.343227
[MO866] Iteration,4,3,12.588535,2.343259
[MO866] Iteration,2,3,12.594433,2.355964
[MO866] Iteration,3,3,12.590612,2.355972
 T =    3     Checksum =    5.144678022222D+02    5.122251847514D+02
[MO866] Iteration,0,3,12.603284,2.344858
[MO866] Iteration,1,4,14.839903,2.264082
[MO866] Iteration,3,4,14.829770,2.239120
[MO866] Iteration,2,4,14.833595,2.239130
[MO866] Iteration,5,4,14.832170,2.245298
[MO866] Iteration,4,4,14.834923,2.246330
[MO866] Iteration,7,4,14.829675,2.307362
[MO866] Iteration,6,4,14.831087,2.307384
 T =    4     Checksum =    5.140150594328D+02    5.121090289018D+02
[MO866] Iteration,0,4,14.848126,2.244830
[MO866] Iteration,5,5,17.108678,2.276456
[MO866] Iteration,6,5,17.107963,2.276827
[MO866] Iteration,4,5,17.111795,2.276830
[MO866] Iteration,7,5,17.106559,2.276857
[MO866] Iteration,1,5,17.141251,2.301307
[MO866] Iteration,3,5,17.131206,2.301418
 T =    5     Checksum =    5.137550426810D+02    5.121143685824D+02
[MO866] Iteration,0,5,17.143917,2.295777
[MO866] Iteration,2,5,17.135041,2.301409
[MO866] Iteration,5,6,19.397641,2.288916
[MO866] Iteration,7,6,19.396433,2.289846
[MO866] Iteration,6,6,19.397827,2.289819
[MO866] Iteration,4,6,19.401657,2.289821
[MO866] Iteration,2,6,19.409924,2.274764
[MO866] Iteration,3,6,19.406098,2.274839
[MO866] Iteration,1,6,19.421480,2.280112
 T =    6     Checksum =    5.135811056728D+02    5.121496764568D+02
[MO866] Iteration,0,6,19.423557,2.279627
[MO866] Iteration,5,7,21.660864,2.263165
[MO866] Iteration,4,7,21.663952,2.262263
[MO866] Iteration,7,7,21.658705,2.262228
[MO866] Iteration,6,7,21.660113,2.262252
 T =    7     Checksum =    5.134569343165D+02    5.121870921893D+02
[MO866] Iteration,0,7,21.696387,2.272809
[MO866] Iteration,2,7,21.687493,2.277486
[MO866] Iteration,3,7,21.683635,2.277432
[MO866] Iteration,1,7,21.694191,2.272552
[MO866] Iteration,5,8,23.975342,2.314433
[MO866] Iteration,6,8,23.974182,2.314017
[MO866] Iteration,4,8,23.978013,2.314020
[MO866] Iteration,7,8,23.972784,2.314052
[MO866] Iteration,1,8,23.993331,2.299005
 T =    8     Checksum =    5.133651975661D+02    5.122193250322D+02
[MO866] Iteration,0,8,23.995339,2.298927
[MO866] Iteration,2,8,23.986505,2.298867
[MO866] Iteration,3,8,23.982689,2.299011
[MO866] Iteration,1,9,26.274167,2.280755
[MO866] Iteration,3,9,26.263775,2.281042
[MO866] Iteration,2,9,26.267602,2.281026
[MO866] Iteration,5,9,26.272339,2.296952
[MO866] Iteration,7,9,26.269519,2.296714
[MO866] Iteration,6,9,26.270932,2.296720
 T =    9     Checksum =    5.132955192805D+02    5.122454735794D+02
[MO866] Iteration,0,9,26.287962,2.292611
[MO866] Iteration,4,9,26.274763,2.296723
[MO866] Iteration,5,10,28.573854,2.301416
[MO866] Iteration,4,10,28.583590,2.308746
[MO866] Iteration,7,10,28.578342,2.308779
[MO866] Iteration,6,10,28.579753,2.308736
[MO866] Iteration,1,10,28.614805,2.340595
[MO866] Iteration,3,10,28.604646,2.340851
[MO866] Iteration,2,10,28.608497,2.340851
 T =   10     Checksum =    5.132410471738D+02    5.122663649603D+02
[MO866] Iteration,0,10,28.617376,2.329406
[MO866] Iteration,5,11,30.863109,2.289215
[MO866] Iteration,1,11,30.877784,2.262858
[MO866] Iteration,3,11,30.867279,2.262589
[MO866] Iteration,2,11,30.871090,2.262489
 T =   11     Checksum =    5.131971141679D+02    5.122830879827D+02
[MO866] Iteration,0,11,30.881204,2.263817
[MO866] Iteration,6,11,30.864188,2.284398
[MO866] Iteration,4,11,30.868024,2.284406
[MO866] Iteration,7,11,30.862789,2.284396
[MO866] Iteration,5,12,33.155790,2.292637
[MO866] Iteration,6,12,33.155553,2.291340
[MO866] Iteration,4,12,33.159383,2.291335
[MO866] Iteration,7,12,33.154157,2.291334
[MO866] Iteration,2,12,33.168322,2.297198
[MO866] Iteration,3,12,33.164497,2.297197
[MO866] Iteration,1,12,33.181062,2.303255
 T =   12     Checksum =    5.131605205716D+02    5.122965869718D+02
[MO866] Iteration,0,12,33.185277,2.304062
[MO866] Iteration,5,13,35.413368,2.257533
[MO866] Iteration,3,13,35.426936,2.262330
[MO866] Iteration,2,13,35.430762,2.262354
[MO866] Iteration,1,13,35.450769,2.269535
[MO866] Iteration,7,13,35.435589,2.281390
 T =   13     Checksum =    5.131290734194D+02    5.123075927445D+02
[MO866] Iteration,0,13,35.454104,2.268809
[MO866] Iteration,6,13,35.437046,2.281459
[MO866] Iteration,4,13,35.440905,2.281490
[MO866] Iteration,1,14,37.749284,2.298416
[MO866] Iteration,5,14,37.737367,2.323959
[MO866] Iteration,3,14,37.739812,2.312828
[MO866] Iteration,2,14,37.743628,2.312829
[MO866] Iteration,4,14,37.739495,2.298536
[MO866] Iteration,7,14,37.734258,2.298613
[MO866] Iteration,6,14,37.735667,2.298536
 T =   14     Checksum =    5.131012720314D+02    5.123166486553D+02
[MO866] Iteration,0,14,37.752703,2.298589
[MO866] Iteration,5,15,40.107318,2.369929
[MO866] Iteration,1,15,40.120525,2.371193
[MO866] Iteration,3,15,40.109939,2.370100
[MO866] Iteration,2,15,40.113753,2.370071
[MO866] Iteration,4,15,40.110605,2.371077
[MO866] Iteration,6,15,40.106770,2.371070
 T =   15     Checksum =    5.130760908195D+02    5.123241541685D+02
[MO866] Iteration,0,15,40.123801,2.371087
[MO866] Iteration,7,15,40.105363,2.371068
[MO866] Iteration,5,16,42.397236,2.289867
[MO866] Iteration,1,16,42.410307,2.289755
[MO866] Iteration,3,16,42.399888,2.289916
[MO866] Iteration,2,16,42.403698,2.289899
[MO866] Iteration,7,16,42.395301,2.289884
[MO866] Iteration,4,16,42.400535,2.289903
[MO866] Iteration,6,16,42.396704,2.289905
 T =   16     Checksum =    5.130528295923D+02    5.123304037599D+02
[MO866] Iteration,0,16,42.413740,2.289929
[MO866] Iteration,5,17,44.743233,2.345955
[MO866] Iteration,1,17,44.756563,2.346235
[MO866] Iteration,2,17,44.749701,2.345958
[MO866] Iteration,3,17,44.745886,2.345978
 T =   17     Checksum =    5.130310107773D+02    5.123356167976D+02
[MO866] Iteration,0,17,44.759506,2.345755
[MO866] Iteration,7,17,44.741075,2.345728
[MO866] Iteration,4,17,44.746305,2.345745
[MO866] Iteration,6,17,44.742475,2.345743
[MO866] Iteration,5,18,47.059329,2.316053
[MO866] Iteration,7,18,47.056985,2.315862
[MO866] Iteration,4,18,47.062235,2.315903
[MO866] Iteration,6,18,47.058399,2.315895
[MO866] Iteration,1,18,47.093394,2.336810
[MO866] Iteration,3,18,47.084221,2.338315
[MO866] Iteration,2,18,47.088072,2.338325
 T =   18     Checksum =    5.130103090133D+02    5.123399592211D+02
[MO866] Iteration,0,18,47.096949,2.337433
[MO866] Iteration,5,19,49.348689,2.289319
[MO866] Iteration,4,19,49.357135,2.294865
[MO866] Iteration,6,19,49.353300,2.294858
[MO866] Iteration,7,19,49.351905,2.294895
[MO866] Iteration,1,19,49.386186,2.292668
[MO866] Iteration,3,19,49.377361,2.293075
[MO866] Iteration,2,19,49.381184,2.293001
 T =   19     Checksum =    5.129905029333D+02    5.123435588985D+02
[MO866] Iteration,0,19,49.390052,2.293090
[MO866] Iteration,5,20,51.723917,2.375185
[MO866] Iteration,3,20,51.726315,2.348869
[MO866] Iteration,2,20,51.730125,2.348864
[MO866] Iteration,1,20,51.737250,2.350938
 T =   20     Checksum =    5.129714421109D+02    5.123465164008D+02
[MO866] Iteration,0,20,51.740076,2.350012
 Result verification successful
[MO866] PI avg,0,2.306902,20
[MO866] Beta,0,0.000001
[MO866] Iteration,4,20,51.726929,2.369762
[MO866] Iteration,7,20,51.721708,2.369753
[MO866] Iteration,6,20,51.723099,2.369760
[MO866] Total time,0,51.740105


 FT Benchmark Completed.
 Class           =                        C
 Size            =            512x 512x 512
 Iterations      =                       20
 Time in seconds =                    48.72
 Total processes =                        8
 Active procs    =                        8
 Mop/s total     =                  8135.70
 Mop/s/process   =                  1016.96
 Operation type  =           floating point
 Verification    =               SUCCESSFUL
 Version         =                      3.4
 Compile date    =              15 Jun 2020

 Compile options:
    MPIFC        = mpif90
    FLINK        = $(MPIFC)
    FMPI_LIB     = (none)
    FMPI_INC     = (none)
    FFLAGS       = -O3
    FLINKFLAGS   = $(FFLAGS) -O ../kernel_stats/kernel_stats.o...
    RAND         = randi8


 Please send feedbacks and/or the results of this run to:

 NPB Development Team 
 Internet: npb@nas.nasa.gov


