--------------------------------------------------------------------------
[[35906,1],1]: A high-performance Open MPI point-to-point messaging module
was unable to find any relevant network interfaces:

Module: OpenFabrics (openib)
  Host: node06

Another transport will be used instead, although this may result in
lower performance.

NOTE: You can disable this warning by setting the MCA parameter
btl_base_warn_component_unused to 0.
--------------------------------------------------------------------------


 NAS Parallel Benchmarks 3.4 -- FT Benchmark

 No input file inputft.data. Using compiled defaults
 Size                :  512x 512x 512  (class C)
 Iterations          :             20
 Number of processes :              4
 Processor array     :         1x   4
 Layout type         :             1D

 Initialization time =      5.2039

[MO866] Init time,0,10.098528
[MO866] Init time,2,10.124486
[MO866] Init time,1,10.169268
[MO866] Init time,3,10.184004
[MO866] Iteration,2,1,13.940379,3.815828
[MO866] Iteration,3,1,14.058758,3.874606
 T =    1     Checksum =    5.195078707457D+02    5.149019699238D+02
[MO866] Iteration,0,1,14.074229,3.975641
[MO866] Iteration,1,1,14.072478,3.903109
[MO866] Iteration,2,2,17.861297,3.920882
[MO866] Iteration,1,2,17.950977,3.878445
[MO866] Iteration,3,2,17.980795,3.921983
 T =    2     Checksum =    5.155422171134D+02    5.127578201997D+02
[MO866] Iteration,0,2,17.990936,3.916684
[MO866] Iteration,2,3,21.698725,3.837398
[MO866] Iteration,3,3,21.879791,3.898918
 T =    3     Checksum =    5.144678022222D+02    5.122251847514D+02
[MO866] Iteration,0,3,21.975405,3.984453
[MO866] Iteration,1,3,21.973685,4.022655
[MO866] Iteration,2,4,25.662842,3.964082
[MO866] Iteration,3,4,25.727602,3.847764
 T =    4     Checksum =    5.140150594328D+02    5.121090289018D+02
[MO866] Iteration,0,4,25.740842,3.765413
[MO866] Iteration,1,4,25.739128,3.765385
[MO866] Iteration,2,5,29.433512,3.770639
[MO866] Iteration,1,5,29.565732,3.826572
[MO866] Iteration,3,5,29.557395,3.829746
 T =    5     Checksum =    5.137550426810D+02    5.121143685824D+02
[MO866] Iteration,0,5,29.567521,3.826669
[MO866] Iteration,2,6,33.232823,3.799281
[MO866] Iteration,1,6,33.376440,3.810652
 T =    6     Checksum =    5.135811056728D+02    5.121496764568D+02
[MO866] Iteration,0,6,33.381172,3.813628
[MO866] Iteration,3,6,33.371017,3.813587
[MO866] Iteration,2,7,37.126482,3.893620
[MO866] Iteration,3,7,37.211730,3.840673
[MO866] Iteration,1,7,37.237884,3.861394
 T =    7     Checksum =    5.134569343165D+02    5.121870921893D+02
[MO866] Iteration,0,7,37.239618,3.858432
[MO866] Iteration,2,8,40.936253,3.809744
[MO866] Iteration,3,8,41.101093,3.889315
[MO866] Iteration,1,8,41.110731,3.872771
 T =    8     Checksum =    5.133651975661D+02    5.122193250322D+02
[MO866] Iteration,0,8,41.112458,3.872830
[MO866] Iteration,2,9,44.764980,3.828697
[MO866] Iteration,3,9,44.940778,3.839636
 T =    9     Checksum =    5.132955192805D+02    5.122454735794D+02
[MO866] Iteration,0,9,44.984011,3.871542
[MO866] Iteration,1,9,44.982298,3.871545
[MO866] Iteration,2,10,48.699494,3.934474
[MO866] Iteration,3,10,48.752227,3.811399
 T =   10     Checksum =    5.132410471738D+02    5.122663649603D+02
[MO866] Iteration,0,10,48.784895,3.800874
[MO866] Iteration,1,10,48.783180,3.800804
[MO866] Iteration,2,11,52.456821,3.757294
[MO866] Iteration,3,11,52.589596,3.837309
[MO866] Iteration,1,11,52.607207,3.823964
 T =   11     Checksum =    5.131971141679D+02    5.122830879827D+02
[MO866] Iteration,0,11,52.608925,3.824008
[MO866] Iteration,2,12,56.253621,3.796771
[MO866] Iteration,3,12,56.387370,3.797722
 T =   12     Checksum =    5.131605205716D+02    5.122965869718D+02
[MO866] Iteration,0,12,56.398488,3.789538
[MO866] Iteration,1,12,56.396771,3.789495
[MO866] Iteration,2,13,60.101890,3.848236
[MO866] Iteration,3,13,60.168943,3.781522
[MO866] Iteration,1,13,60.177684,3.780891
 T =   13     Checksum =    5.131290734194D+02    5.123075927445D+02
[MO866] Iteration,0,13,60.179397,3.780885
[MO866] Iteration,2,14,63.846601,3.744683
[MO866] Iteration,3,14,63.973097,3.804103
 T =   14     Checksum =    5.131012720314D+02    5.123166486553D+02
[MO866] Iteration,0,14,64.006137,3.826716
[MO866] Iteration,1,14,64.004389,3.826672
[MO866] Iteration,2,15,67.616481,3.769849
[MO866] Iteration,3,15,67.743352,3.770183
[MO866] Iteration,1,15,67.757931,3.753456
 T =   15     Checksum =    5.130760908195D+02    5.123241541685D+02
[MO866] Iteration,0,15,67.759679,3.753530
[MO866] Iteration,2,16,71.407525,3.791015
[MO866] Iteration,3,16,71.540414,3.797000
[MO866] Iteration,1,16,71.550115,3.792110
 T =   16     Checksum =    5.130528295923D+02    5.123304037599D+02
[MO866] Iteration,0,16,71.551852,3.792160
[MO866] Iteration,2,17,75.211943,3.804383
[MO866] Iteration,3,17,75.363855,3.823393
 T =   17     Checksum =    5.130310107773D+02    5.123356167976D+02
[MO866] Iteration,0,17,75.456721,3.904855
[MO866] Iteration,1,17,75.455022,3.904886
[MO866] Iteration,2,18,79.089878,3.877901
[MO866] Iteration,3,18,79.155869,3.791964
 T =   18     Checksum =    5.130103090133D+02    5.123399592211D+02
[MO866] Iteration,0,18,79.167031,3.710288
[MO866] Iteration,1,18,79.165298,3.710208
[MO866] Iteration,2,19,82.798565,3.708660
[MO866] Iteration,3,19,82.959933,3.804015
[MO866] Iteration,1,19,83.047540,3.882216
 T =   19     Checksum =    5.129905029333D+02    5.123435588985D+02
[MO866] Iteration,0,19,83.049251,3.882207
[MO866] Iteration,2,20,86.613374,3.814779
[MO866] Iteration,1,20,86.749586,3.701981
[MO866] Iteration,3,20,86.753248,3.793268
 T =   20     Checksum =    5.129714421109D+02    5.123465164008D+02
[MO866] Iteration,0,20,86.763328,3.714066
 Result verification successful
[MO866] PI avg,0,3.833221,20
[MO866] Beta,0,0.000001
[MO866] Total time,0,86.763373


 FT Benchmark Completed.
 Class           =                        C
 Size            =            512x 512x 512
 Iterations      =                       20
 Time in seconds =                    81.32
 Total processes =                        4
 Active procs    =                        4
 Mop/s total     =                  4874.31
 Mop/s/process   =                  1218.58
 Operation type  =           floating point
 Verification    =               SUCCESSFUL
 Version         =                      3.4
 Compile date    =              15 Jun 2020

 Compile options:
    MPIFC        = mpif90
    FLINK        = $(MPIFC)
    FMPI_LIB     = (none)
    FMPI_INC     = (none)
    FFLAGS       = -O3
    FLINKFLAGS   = $(FFLAGS) -O ../kernel_stats/kernel_stats.o...
    RAND         = randi8


 Please send feedbacks and/or the results of this run to:

 NPB Development Team 
 Internet: npb@nas.nasa.gov


