--------------------------------------------------------------------------
[[35982,1],1]: A high-performance Open MPI point-to-point messaging module
was unable to find any relevant network interfaces:

Module: OpenFabrics (openib)
  Host: node06

Another transport will be used instead, although this may result in
lower performance.

NOTE: You can disable this warning by setting the MCA parameter
btl_base_warn_component_unused to 0.
--------------------------------------------------------------------------


 NAS Parallel Benchmarks 3.4 -- FT Benchmark

 No input file inputft.data. Using compiled defaults
 Size                :  512x 512x 512  (class C)
 Iterations          :             20
 Number of processes :              2
 Processor array     :         1x   2
 Layout type         :             1D

 Initialization time =      9.2306

[MO866] Init time,1,17.593383
[MO866] Init time,0,17.595756
[MO866] Iteration,1,1,24.312649,6.719209
 T =    1     Checksum =    5.195078707457D+02    5.149019699238D+02
[MO866] Iteration,0,1,24.318842,6.723021
[MO866] Iteration,1,2,31.176820,6.864130
 T =    2     Checksum =    5.155422171134D+02    5.127578201997D+02
[MO866] Iteration,0,2,31.179262,6.860399
[MO866] Iteration,1,3,37.582304,6.405452
 T =    3     Checksum =    5.144678022222D+02    5.122251847514D+02
[MO866] Iteration,0,3,37.590314,6.411045
[MO866] Iteration,1,4,44.310410,6.728074
 T =    4     Checksum =    5.140150594328D+02    5.121090289018D+02
[MO866] Iteration,0,4,44.394320,6.803985
[MO866] Iteration,1,5,50.948066,6.637619
 T =    5     Checksum =    5.137550426810D+02    5.121143685824D+02
[MO866] Iteration,0,5,50.973968,6.579629
[MO866] Iteration,1,6,57.416416,6.468318
 T =    6     Checksum =    5.135811056728D+02    5.121496764568D+02
[MO866] Iteration,0,6,57.428949,6.454973
[MO866] Iteration,1,7,64.176487,6.760034
 T =    7     Checksum =    5.134569343165D+02    5.121870921893D+02
[MO866] Iteration,0,7,64.178919,6.749961
[MO866] Iteration,1,8,70.690615,6.514095
 T =    8     Checksum =    5.133651975661D+02    5.122193250322D+02
[MO866] Iteration,0,8,70.695604,6.516679
[MO866] Iteration,1,9,77.065405,6.374760
 T =    9     Checksum =    5.132955192805D+02    5.122454735794D+02
[MO866] Iteration,0,9,77.072289,6.376677
[MO866] Iteration,1,10,83.568986,6.503539
 T =   10     Checksum =    5.132410471738D+02    5.122663649603D+02
[MO866] Iteration,0,10,83.777538,6.705228
[MO866] Iteration,1,11,90.281235,6.712210
 T =   11     Checksum =    5.131971141679D+02    5.122830879827D+02
[MO866] Iteration,0,11,90.283667,6.506122
[MO866] Iteration,1,12,96.671825,6.390561
 T =   12     Checksum =    5.131605205716D+02    5.122965869718D+02
[MO866] Iteration,0,12,96.674655,6.390981
[MO866] Iteration,1,13,103.058241,6.386384
 T =   13     Checksum =    5.131290734194D+02    5.123075927445D+02
[MO866] Iteration,0,13,103.064193,6.389533
[MO866] Iteration,1,14,109.490604,6.432332
 T =   14     Checksum =    5.131012720314D+02    5.123166486553D+02
[MO866] Iteration,0,14,109.611462,6.547249
[MO866] Iteration,1,15,116.074344,6.583696
 T =   15     Checksum =    5.130760908195D+02    5.123241541685D+02
[MO866] Iteration,0,15,116.076778,6.465308
[MO866] Iteration,1,16,122.445478,6.371101
 T =   16     Checksum =    5.130528295923D+02    5.123304037599D+02
[MO866] Iteration,0,16,122.525241,6.448457
[MO866] Iteration,1,17,128.824145,6.378634
 T =   17     Checksum =    5.130310107773D+02    5.123356167976D+02
[MO866] Iteration,0,17,128.827159,6.301899
[MO866] Iteration,1,18,135.206790,6.382611
 T =   18     Checksum =    5.130103090133D+02    5.123399592211D+02
[MO866] Iteration,0,18,135.211017,6.383841
[MO866] Iteration,1,19,141.583275,6.376451
 T =   19     Checksum =    5.129905029333D+02    5.123435588985D+02
[MO866] Iteration,0,19,141.725151,6.514113
[MO866] Iteration,1,20,148.062309,6.478991
 T =   20     Checksum =    5.129714421109D+02    5.123465164008D+02
[MO866] Iteration,0,20,148.064742,6.339571
 Result verification successful
[MO866] PI avg,0,6.523434,20
[MO866] Beta,0,0.000000
[MO866] Total time,0,148.064774


 FT Benchmark Completed.
 Class           =                        C
 Size            =            512x 512x 512
 Iterations      =                       20
 Time in seconds =                   138.71
 Total processes =                        2
 Active procs    =                        2
 Mop/s total     =                  2857.74
 Mop/s/process   =                  1428.87
 Operation type  =           floating point
 Verification    =               SUCCESSFUL
 Version         =                      3.4
 Compile date    =              15 Jun 2020

 Compile options:
    MPIFC        = mpif90
    FLINK        = $(MPIFC)
    FMPI_LIB     = (none)
    FMPI_INC     = (none)
    FFLAGS       = -O3
    FLINKFLAGS   = $(FFLAGS) -O ../kernel_stats/kernel_stats.o...
    RAND         = randi8


 Please send feedbacks and/or the results of this run to:

 NPB Development Team 
 Internet: npb@nas.nasa.gov


