--------------------------------------------------------------------------
[[35626,1],0]: A high-performance Open MPI point-to-point messaging module
was unable to find any relevant network interfaces:

Module: OpenFabrics (openib)
  Host: node06

Another transport will be used instead, although this may result in
lower performance.

NOTE: You can disable this warning by setting the MCA parameter
btl_base_warn_component_unused to 0.
--------------------------------------------------------------------------


 NAS Parallel Benchmarks 3.4 -- LU Benchmark

 Size:   64x  64x  64  (class A)
 Iterations:  250
 Total number of processes:     4

[MO866] Init time,1,0.189871
[MO866] Init time,2,0.187327
[MO866] Init time,3,0.185066
[MO866] Init time,0,0.191625
[MO866] Iteration,2,1,0.235278,0.047912
[MO866] Iteration,0,1,0.239697,0.048033
[MO866] Iteration,3,1,0.235027,0.049909
[MO866] Iteration,1,1,0.239921,0.049998
 Time step    1
[MO866] Iteration,2,2,0.316026,0.046693
[MO866] Iteration,0,2,0.320467,0.046836
[MO866] Iteration,1,2,0.320697,0.048839
[MO866] Iteration,3,2,0.315809,0.048756
[MO866] Iteration,2,3,0.364707,0.048646
[MO866] Iteration,0,3,0.369120,0.048638
[MO866] Iteration,3,3,0.364477,0.048635
[MO866] Iteration,1,3,0.369412,0.048697
[MO866] Iteration,2,4,0.413479,0.048739
[MO866] Iteration,0,4,0.417903,0.048768
[MO866] Iteration,3,4,0.413202,0.048690
[MO866] Iteration,1,4,0.418123,0.048692
[MO866] Iteration,2,5,0.462118,0.048606
[MO866] Iteration,0,5,0.466560,0.048643
[MO866] Iteration,3,5,0.461915,0.048681
[MO866] Iteration,1,5,0.466814,0.048673
[MO866] Iteration,0,6,0.513095,0.046520
[MO866] Iteration,2,6,0.508697,0.046544
[MO866] Iteration,1,6,0.512266,0.045434
[MO866] Iteration,3,6,0.507387,0.045440
[MO866] Iteration,2,7,0.551636,0.042903
[MO866] Iteration,0,7,0.556072,0.042962
[MO866] Iteration,3,7,0.550285,0.042871
[MO866] Iteration,1,7,0.555227,0.042943
[MO866] Iteration,2,8,0.594672,0.042998
[MO866] Iteration,0,8,0.599104,0.043018
[MO866] Iteration,3,8,0.593287,0.042973
[MO866] Iteration,1,8,0.598254,0.043012
[MO866] Iteration,2,9,0.637700,0.042996
[MO866] Iteration,0,9,0.642135,0.043016
[MO866] Iteration,3,9,0.636294,0.042975
[MO866] Iteration,1,9,0.641218,0.042947
[MO866] Iteration,2,10,0.680621,0.042885
[MO866] Iteration,0,10,0.685028,0.042879
[MO866] Iteration,3,10,0.679289,0.042963
[MO866] Iteration,1,10,0.684223,0.042987
[MO866] Iteration,2,11,0.723787,0.043129
[MO866] Iteration,0,11,0.728233,0.043190
[MO866] Iteration,1,11,0.727429,0.043189
[MO866] Iteration,3,11,0.722547,0.043232
[MO866] Iteration,2,12,0.766766,0.042939
[MO866] Iteration,0,12,0.771181,0.042933
[MO866] Iteration,3,12,0.765429,0.042853
[MO866] Iteration,1,12,0.770345,0.042890
[MO866] Iteration,2,13,0.809739,0.042933
[MO866] Iteration,0,13,0.814184,0.042988
[MO866] Iteration,3,13,0.808384,0.042924
[MO866] Iteration,1,13,0.813305,0.042942
[MO866] Iteration,2,14,0.852675,0.042898
[MO866] Iteration,0,14,0.857075,0.042877
[MO866] Iteration,3,14,0.851276,0.042860
[MO866] Iteration,1,14,0.856196,0.042873
[MO866] Iteration,0,15,0.900064,0.042976
[MO866] Iteration,2,15,0.895642,0.042931
[MO866] Iteration,3,15,0.894294,0.042989
[MO866] Iteration,1,15,0.899191,0.042978
[MO866] Iteration,2,16,0.938556,0.042878
[MO866] Iteration,0,16,0.942977,0.042898
[MO866] Iteration,3,16,0.937248,0.042928
[MO866] Iteration,1,16,0.942163,0.042956
[MO866] Iteration,2,17,0.981567,0.042973
[MO866] Iteration,0,17,0.986004,0.043012
[MO866] Iteration,3,17,0.980198,0.042923
[MO866] Iteration,1,17,0.985117,0.042936
[MO866] Iteration,0,18,1.028954,0.042936
[MO866] Iteration,2,18,1.024575,0.042973
[MO866] Iteration,3,18,1.023168,0.042939
[MO866] Iteration,1,18,1.028071,0.042936
[MO866] Iteration,2,19,1.067419,0.042810
[MO866] Iteration,0,19,1.071861,0.042892
[MO866] Iteration,3,19,1.066047,0.042849
[MO866] Iteration,1,19,1.071014,0.042926
[MO866] Iteration,1,20,1.116233,0.045204
[MO866] Iteration,0,20,1.118963,0.047087
 Time step   20
[MO866] Iteration,3,20,1.114196,0.048118
[MO866] Iteration,2,20,1.116670,0.049213
[MO866] Iteration,2,21,1.159671,0.042970
[MO866] Iteration,0,21,1.164109,0.045098
[MO866] Iteration,3,21,1.158324,0.044094
[MO866] Iteration,1,21,1.163276,0.046979
[MO866] Iteration,2,22,1.202690,0.042982
[MO866] Iteration,0,22,1.207118,0.042993
[MO866] Iteration,3,22,1.201333,0.042983
[MO866] Iteration,1,22,1.206238,0.042946
[MO866] Iteration,2,23,1.245633,0.042905
[MO866] Iteration,0,23,1.250072,0.042938
[MO866] Iteration,3,23,1.244249,0.042884
[MO866] Iteration,1,23,1.249177,0.042920
[MO866] Iteration,2,24,1.288584,0.042916
[MO866] Iteration,0,24,1.292987,0.042900
[MO866] Iteration,3,24,1.287298,0.043018
[MO866] Iteration,1,24,1.292199,0.043003
[MO866] Iteration,2,25,1.331598,0.042976
[MO866] Iteration,0,25,1.336040,0.043037
[MO866] Iteration,3,25,1.330301,0.042976
[MO866] Iteration,1,25,1.335238,0.043021
[MO866] Iteration,2,26,1.374589,0.042952
[MO866] Iteration,0,26,1.379008,0.042953
[MO866] Iteration,3,26,1.373251,0.042925
[MO866] Iteration,1,26,1.378176,0.042922
[MO866] Iteration,2,27,1.417686,0.043057
[MO866] Iteration,0,27,1.422104,0.043080
[MO866] Iteration,3,27,1.416269,0.042986
[MO866] Iteration,1,27,1.421177,0.042983
[MO866] Iteration,2,28,1.460547,0.042825
[MO866] Iteration,0,28,1.464977,0.042857
[MO866] Iteration,3,28,1.459208,0.042908
[MO866] Iteration,1,28,1.464097,0.042902
[MO866] Iteration,0,29,1.507896,0.042906
[MO866] Iteration,2,29,1.503468,0.042883
[MO866] Iteration,3,29,1.502157,0.042920
[MO866] Iteration,1,29,1.507074,0.042960
[MO866] Iteration,0,30,1.550859,0.042947
[MO866] Iteration,2,30,1.546436,0.042929
[MO866] Iteration,3,30,1.545111,0.042907
[MO866] Iteration,1,30,1.550038,0.042949
[MO866] Iteration,2,31,1.589587,0.043113
[MO866] Iteration,0,31,1.594004,0.043129
[MO866] Iteration,1,31,1.593371,0.043314
[MO866] Iteration,3,31,1.588494,0.043355
[MO866] Iteration,2,32,1.633713,0.044092
[MO866] Iteration,0,32,1.638147,0.044128
[MO866] Iteration,1,32,1.637501,0.044112
[MO866] Iteration,3,32,1.632624,0.044099
[MO866] Iteration,2,33,1.677853,0.044104
[MO866] Iteration,0,33,1.682275,0.044112
[MO866] Iteration,3,33,1.676735,0.044082
[MO866] Iteration,1,33,1.681670,0.044152
[MO866] Iteration,2,34,1.721988,0.044098
[MO866] Iteration,0,34,1.726417,0.044126
[MO866] Iteration,3,34,1.720871,0.044105
[MO866] Iteration,1,34,1.725780,0.044094
[MO866] Iteration,2,35,1.766092,0.044067
[MO866] Iteration,0,35,1.770526,0.044093
[MO866] Iteration,3,35,1.764961,0.044061
[MO866] Iteration,1,35,1.769876,0.044080
[MO866] Iteration,2,36,1.810219,0.044089
[MO866] Iteration,0,36,1.814643,0.044100
[MO866] Iteration,3,36,1.809104,0.044113
[MO866] Iteration,1,36,1.814029,0.044137
[MO866] Iteration,0,37,1.858779,0.044120
[MO866] Iteration,2,37,1.854366,0.044111
[MO866] Iteration,3,37,1.853259,0.044126
[MO866] Iteration,1,37,1.858170,0.044124
[MO866] Iteration,0,38,1.902837,0.044041
[MO866] Iteration,2,38,1.898430,0.044025
[MO866] Iteration,3,38,1.897319,0.044034
[MO866] Iteration,1,38,1.902234,0.044047
[MO866] Iteration,2,39,1.942563,0.044097
[MO866] Iteration,0,39,1.946992,0.044137
[MO866] Iteration,3,39,1.941484,0.044139
[MO866] Iteration,1,39,1.946410,0.044160
[MO866] Iteration,2,40,1.986712,0.044113
[MO866] Iteration,0,40,1.991161,0.044154
 Time step   40
[MO866] Iteration,3,40,1.985644,0.044133
[MO866] Iteration,1,40,1.990552,0.044126
[MO866] Iteration,2,41,2.030949,0.044201
[MO866] Iteration,0,41,2.035385,0.044209
[MO866] Iteration,1,41,2.034771,0.044203
[MO866] Iteration,3,41,2.029906,0.044232
[MO866] Iteration,2,42,2.075114,0.044127
[MO866] Iteration,0,42,2.079558,0.044156
[MO866] Iteration,3,42,2.074037,0.044101
[MO866] Iteration,1,42,2.078945,0.044155
[MO866] Iteration,2,43,2.119313,0.044163
[MO866] Iteration,0,43,2.123734,0.044160
[MO866] Iteration,3,43,2.118200,0.044133
[MO866] Iteration,1,43,2.123124,0.044163
[MO866] Iteration,2,44,2.163463,0.044113
[MO866] Iteration,0,44,2.167886,0.044135
[MO866] Iteration,3,44,2.162383,0.044159
[MO866] Iteration,1,44,2.167301,0.044163
[MO866] Iteration,2,45,2.207618,0.044117
[MO866] Iteration,0,45,2.212063,0.044161
[MO866] Iteration,3,45,2.206513,0.044105
[MO866] Iteration,1,45,2.211431,0.044116
[MO866] Iteration,2,46,2.251724,0.044068
[MO866] Iteration,0,46,2.256153,0.044073
[MO866] Iteration,3,46,2.250621,0.044081
[MO866] Iteration,1,46,2.255553,0.044098
[MO866] Iteration,2,47,2.295866,0.044104
[MO866] Iteration,0,47,2.300304,0.044136
[MO866] Iteration,3,47,2.294796,0.044138
[MO866] Iteration,1,47,2.299706,0.044140
[MO866] Iteration,2,48,2.340013,0.044110
[MO866] Iteration,0,48,2.344442,0.044123
[MO866] Iteration,3,48,2.338934,0.044111
[MO866] Iteration,1,48,2.343823,0.044103
[MO866] Iteration,2,49,2.384122,0.044070
[MO866] Iteration,0,49,2.388551,0.044093
[MO866] Iteration,3,49,2.383034,0.044075
[MO866] Iteration,1,49,2.387911,0.044074
[MO866] Iteration,2,50,2.428169,0.044008
[MO866] Iteration,0,50,2.432601,0.044034
[MO866] Iteration,3,50,2.427091,0.044030
[MO866] Iteration,1,50,2.431988,0.044063
[MO866] Iteration,2,51,2.472270,0.044063
[MO866] Iteration,0,51,2.476719,0.044102
[MO866] Iteration,3,51,2.471213,0.044094
[MO866] Iteration,1,51,2.476068,0.044066
[MO866] Iteration,2,52,2.516350,0.044040
[MO866] Iteration,0,52,2.520776,0.044040
[MO866] Iteration,3,52,2.515280,0.044039
[MO866] Iteration,1,52,2.520182,0.044099
[MO866] Iteration,2,53,2.560593,0.044205
[MO866] Iteration,0,53,2.564993,0.044200
[MO866] Iteration,3,53,2.559415,0.044109
[MO866] Iteration,1,53,2.564344,0.044147
[MO866] Iteration,2,54,2.604649,0.044020
[MO866] Iteration,0,54,2.609064,0.044056
[MO866] Iteration,3,54,2.603505,0.044060
[MO866] Iteration,1,54,2.608447,0.044088
[MO866] Iteration,2,55,2.648753,0.044067
[MO866] Iteration,0,55,2.653172,0.044094
[MO866] Iteration,3,55,2.647638,0.044104
[MO866] Iteration,1,55,2.652537,0.044074
[MO866] Iteration,2,56,2.692871,0.044083
[MO866] Iteration,0,56,2.697287,0.044101
[MO866] Iteration,3,56,2.691608,0.043940
[MO866] Iteration,1,56,2.696529,0.043976
[MO866] Iteration,2,57,2.735990,0.043084
[MO866] Iteration,0,57,2.740405,0.043105
[MO866] Iteration,3,57,2.734633,0.042994
[MO866] Iteration,1,57,2.739584,0.043038
[MO866] Iteration,2,58,2.778891,0.042863
[MO866] Iteration,0,58,2.783299,0.042879
[MO866] Iteration,3,58,2.777541,0.042880
[MO866] Iteration,1,58,2.782467,0.042867
[MO866] Iteration,2,59,2.821846,0.042916
[MO866] Iteration,0,59,2.826262,0.042948
[MO866] Iteration,3,59,2.820484,0.042913
[MO866] Iteration,1,59,2.825438,0.042954
[MO866] Iteration,2,60,2.864847,0.042962
[MO866] Iteration,0,60,2.869251,0.042975
 Time step   60
[MO866] Iteration,3,60,2.863441,0.042926
[MO866] Iteration,1,60,2.868365,0.042909
[MO866] Iteration,2,61,2.907709,0.042828
[MO866] Iteration,0,61,2.912142,0.042877
[MO866] Iteration,3,61,2.906380,0.042908
[MO866] Iteration,1,61,2.911304,0.042921
[MO866] Iteration,2,62,2.951107,0.043358
[MO866] Iteration,0,62,2.955519,0.043363
[MO866] Iteration,3,62,2.949525,0.043117
[MO866] Iteration,1,62,2.954466,0.043145
[MO866] Iteration,2,63,2.994262,0.043120
[MO866] Iteration,0,63,2.998687,0.043154
[MO866] Iteration,3,63,2.992689,0.043132
[MO866] Iteration,1,63,2.997633,0.043148
[MO866] Iteration,2,64,3.037003,0.042707
[MO866] Iteration,0,64,3.041404,0.042704
[MO866] Iteration,1,64,3.040552,0.042900
[MO866] Iteration,3,64,3.035658,0.042937
[MO866] Iteration,2,65,3.079898,0.042860
[MO866] Iteration,0,65,3.084313,0.042894
[MO866] Iteration,3,65,3.078649,0.042960
[MO866] Iteration,1,65,3.083524,0.042953
[MO866] Iteration,0,66,3.131336,0.047007
[MO866] Iteration,1,66,3.130645,0.047104
[MO866] Iteration,3,66,3.125926,0.047249
[MO866] Iteration,2,66,3.128625,0.048686
[MO866] Iteration,2,67,3.171106,0.042450
[MO866] Iteration,0,67,3.175596,0.044198
[MO866] Iteration,3,67,3.169856,0.043891
[MO866] Iteration,1,67,3.174896,0.044198
[MO866] Iteration,2,68,3.214399,0.043254
[MO866] Iteration,0,68,3.218812,0.043199
[MO866] Iteration,3,68,3.213013,0.043125
[MO866] Iteration,1,68,3.217950,0.043036
[MO866] Iteration,2,69,3.257351,0.042913
[MO866] Iteration,0,69,3.261777,0.042949
[MO866] Iteration,3,69,3.255993,0.042949
[MO866] Iteration,1,69,3.260918,0.042950
[MO866] Iteration,2,70,3.300274,0.042888
[MO866] Iteration,0,70,3.304672,0.042881
[MO866] Iteration,3,70,3.298938,0.042914
[MO866] Iteration,1,70,3.303845,0.042909
[MO866] Iteration,2,71,3.343236,0.042923
[MO866] Iteration,0,71,3.347645,0.042957
[MO866] Iteration,1,71,3.346807,0.042946
[MO866] Iteration,3,71,3.341901,0.042935
[MO866] Iteration,2,72,3.386217,0.042940
[MO866] Iteration,0,72,3.390636,0.042975
[MO866] Iteration,3,72,3.384924,0.042992
[MO866] Iteration,1,72,3.389807,0.042982
[MO866] Iteration,2,73,3.429173,0.042915
[MO866] Iteration,0,73,3.433592,0.042940
[MO866] Iteration,3,73,3.427794,0.042839
[MO866] Iteration,1,73,3.432732,0.042906
[MO866] Iteration,2,74,3.472094,0.042887
[MO866] Iteration,0,74,3.476528,0.042923
[MO866] Iteration,3,74,3.470763,0.042938
[MO866] Iteration,1,74,3.475679,0.042928
[MO866] Iteration,2,75,3.515057,0.042923
[MO866] Iteration,0,75,3.519508,0.042964
[MO866] Iteration,3,75,3.513700,0.042909
[MO866] Iteration,1,75,3.518635,0.042940
[MO866] Iteration,2,76,3.557978,0.042881
[MO866] Iteration,0,76,3.562407,0.042885
[MO866] Iteration,3,76,3.556627,0.042897
[MO866] Iteration,1,76,3.561555,0.042901
[MO866] Iteration,2,77,3.600977,0.042960
[MO866] Iteration,0,77,3.605387,0.042966
[MO866] Iteration,3,77,3.599568,0.042911
[MO866] Iteration,1,77,3.604530,0.042958
[MO866] Iteration,2,78,3.643831,0.042820
[MO866] Iteration,0,78,3.648256,0.042855
[MO866] Iteration,3,78,3.642490,0.042892
[MO866] Iteration,1,78,3.647434,0.042887
[MO866] Iteration,2,79,3.686750,0.042881
[MO866] Iteration,0,79,3.691159,0.042887
[MO866] Iteration,3,79,3.685383,0.042865
[MO866] Iteration,1,79,3.690338,0.042879
[MO866] Iteration,2,80,3.729773,0.042983
[MO866] Iteration,0,80,3.734171,0.042998
 Time step   80
[MO866] Iteration,3,80,3.728402,0.042988
[MO866] Iteration,1,80,3.733362,0.043006
[MO866] Iteration,2,81,3.772706,0.042899
[MO866] Iteration,0,81,3.777111,0.042925
[MO866] Iteration,3,81,3.771321,0.042891
[MO866] Iteration,1,81,3.776264,0.042885
[MO866] Iteration,2,82,3.815634,0.042894
[MO866] Iteration,0,82,3.820044,0.042918
[MO866] Iteration,1,82,3.819201,0.042920
[MO866] Iteration,3,82,3.814309,0.042957
[MO866] Iteration,2,83,3.858564,0.042889
[MO866] Iteration,0,83,3.862972,0.042912
[MO866] Iteration,3,83,3.857200,0.042864
[MO866] Iteration,1,83,3.862127,0.042910
[MO866] Iteration,2,84,3.901492,0.042889
[MO866] Iteration,0,84,3.905894,0.042907
[MO866] Iteration,3,84,3.900126,0.042895
[MO866] Iteration,1,84,3.905057,0.042912
[MO866] Iteration,2,85,3.944407,0.042881
[MO866] Iteration,0,85,3.948852,0.042944
[MO866] Iteration,3,85,3.943089,0.042932
[MO866] Iteration,1,85,3.947985,0.042910
[MO866] Iteration,2,86,3.987335,0.042889
[MO866] Iteration,0,86,3.991747,0.042882
[MO866] Iteration,3,86,3.986009,0.042891
[MO866] Iteration,1,86,3.990903,0.042901
[MO866] Iteration,2,87,4.030261,0.042888
[MO866] Iteration,0,87,4.034678,0.042916
[MO866] Iteration,1,87,4.033850,0.042928
[MO866] Iteration,3,87,4.028972,0.042932
[MO866] Iteration,2,88,4.073206,0.042905
[MO866] Iteration,0,88,4.077632,0.042939
[MO866] Iteration,3,88,4.071845,0.042843
[MO866] Iteration,1,88,4.076772,0.042902
[MO866] Iteration,2,89,4.116138,0.042898
[MO866] Iteration,0,89,4.120567,0.042921
[MO866] Iteration,3,89,4.114775,0.042900
[MO866] Iteration,1,89,4.119727,0.042937
[MO866] Iteration,2,90,4.159099,0.042923
[MO866] Iteration,0,90,4.163523,0.042941
[MO866] Iteration,3,90,4.157737,0.042934
[MO866] Iteration,1,90,4.162676,0.042933
[MO866] Iteration,2,91,4.202066,0.042928
[MO866] Iteration,0,91,4.206485,0.042948
[MO866] Iteration,3,91,4.200710,0.042942
[MO866] Iteration,1,91,4.205623,0.042929
[MO866] Iteration,2,92,4.245001,0.042897
[MO866] Iteration,0,92,4.249420,0.042920
[MO866] Iteration,3,92,4.243647,0.042905
[MO866] Iteration,1,92,4.248563,0.042922
[MO866] Iteration,2,93,4.287929,0.042893
[MO866] Iteration,0,93,4.292347,0.042914
[MO866] Iteration,3,93,4.286601,0.042924
[MO866] Iteration,1,93,4.291513,0.042932
[MO866] Iteration,2,94,4.330869,0.042901
[MO866] Iteration,0,94,4.335286,0.042924
[MO866] Iteration,3,94,4.329523,0.042894
[MO866] Iteration,1,94,4.334448,0.042910
[MO866] Iteration,2,95,4.373844,0.042937
[MO866] Iteration,0,95,4.378265,0.042964
[MO866] Iteration,3,95,4.372471,0.042917
[MO866] Iteration,1,95,4.377410,0.042943
[MO866] Iteration,2,96,4.416805,0.042924
[MO866] Iteration,0,96,4.421208,0.042928
[MO866] Iteration,3,96,4.415429,0.042927
[MO866] Iteration,1,96,4.420356,0.042928
[MO866] Iteration,2,97,4.459717,0.042877
[MO866] Iteration,0,97,4.464123,0.042901
[MO866] Iteration,3,97,4.458356,0.042896
[MO866] Iteration,1,97,4.463281,0.042908
[MO866] Iteration,2,98,4.502659,0.042904
[MO866] Iteration,0,98,4.507085,0.042947
[MO866] Iteration,3,98,4.501297,0.042913
[MO866] Iteration,1,98,4.506249,0.042952
[MO866] Iteration,2,99,4.545641,0.042942
[MO866] Iteration,0,99,4.550054,0.042954
[MO866] Iteration,3,99,4.544282,0.042953
[MO866] Iteration,1,99,4.549204,0.042937
[MO866] Iteration,2,100,4.588551,0.042873
[MO866] Iteration,0,100,4.592949,0.042880
 Time step  100
[MO866] Iteration,3,100,4.587190,0.042879
[MO866] Iteration,1,100,4.592122,0.042900
[MO866] Iteration,2,101,4.631473,0.042880
[MO866] Iteration,0,101,4.635892,0.042929
[MO866] Iteration,3,101,4.630118,0.042899
[MO866] Iteration,1,101,4.635032,0.042893
[MO866] Iteration,2,102,4.674366,0.042854
[MO866] Iteration,0,102,4.678800,0.042892
[MO866] Iteration,3,102,4.673048,0.042899
[MO866] Iteration,1,102,4.677933,0.042886
[MO866] Iteration,2,103,4.717500,0.043095
[MO866] Iteration,0,103,4.721943,0.043128
[MO866] Iteration,3,103,4.716222,0.043140
[MO866] Iteration,1,103,4.721149,0.043197
[MO866] Iteration,2,104,4.760684,0.043147
[MO866] Iteration,0,104,4.765118,0.043160
[MO866] Iteration,3,104,4.759350,0.043095
[MO866] Iteration,1,104,4.764251,0.043083
[MO866] Iteration,2,105,4.803574,0.042853
[MO866] Iteration,0,105,4.807993,0.042861
[MO866] Iteration,3,105,4.802252,0.042873
[MO866] Iteration,1,105,4.807158,0.042890
[MO866] Iteration,2,106,4.846490,0.042877
[MO866] Iteration,0,106,4.850923,0.042915
[MO866] Iteration,3,106,4.845172,0.042892
[MO866] Iteration,1,106,4.850094,0.042920
[MO866] Iteration,2,107,4.889508,0.042979
[MO866] Iteration,0,107,4.893949,0.043012
[MO866] Iteration,1,107,4.893112,0.042999
[MO866] Iteration,3,107,4.888226,0.043022
[MO866] Iteration,2,108,4.932481,0.042935
[MO866] Iteration,0,108,4.936884,0.042921
[MO866] Iteration,3,108,4.931160,0.042904
[MO866] Iteration,1,108,4.936048,0.042917
[MO866] Iteration,2,109,4.975343,0.042825
[MO866] Iteration,0,109,4.979782,0.042884
[MO866] Iteration,3,109,4.973992,0.042803
[MO866] Iteration,1,109,4.978904,0.042839
[MO866] Iteration,2,110,5.018379,0.042997
[MO866] Iteration,0,110,5.022790,0.042994
[MO866] Iteration,3,110,5.017052,0.043029
[MO866] Iteration,1,110,5.021981,0.043058
[MO866] Iteration,2,111,5.061338,0.042919
[MO866] Iteration,0,111,5.065769,0.042964
[MO866] Iteration,3,111,5.060017,0.042934
[MO866] Iteration,1,111,5.064932,0.042933
[MO866] Iteration,2,112,5.104258,0.042883
[MO866] Iteration,0,112,5.108675,0.042892
[MO866] Iteration,1,112,5.107844,0.042894
[MO866] Iteration,3,112,5.102951,0.042902
[MO866] Iteration,2,113,5.147201,0.042903
[MO866] Iteration,0,113,5.151612,0.042923
[MO866] Iteration,3,113,5.145859,0.042879
[MO866] Iteration,1,113,5.150752,0.042892
[MO866] Iteration,2,114,5.190138,0.042896
[MO866] Iteration,0,114,5.194561,0.042934
[MO866] Iteration,3,114,5.188775,0.042884
[MO866] Iteration,1,114,5.193768,0.042997
[MO866] Iteration,2,115,5.233140,0.042963
[MO866] Iteration,0,115,5.237560,0.042985
[MO866] Iteration,3,115,5.231808,0.043001
[MO866] Iteration,1,115,5.236709,0.042924
[MO866] Iteration,2,116,5.276069,0.042893
[MO866] Iteration,0,116,5.280482,0.042908
[MO866] Iteration,3,116,5.274770,0.042932
[MO866] Iteration,1,116,5.279629,0.042901
[MO866] Iteration,2,117,5.319037,0.042928
[MO866] Iteration,0,117,5.323455,0.042957
[MO866] Iteration,1,117,5.322585,0.042938
[MO866] Iteration,3,117,5.317694,0.042895
[MO866] Iteration,0,118,5.366361,0.042889
[MO866] Iteration,2,118,5.361967,0.042890
[MO866] Iteration,3,118,5.360616,0.042890
[MO866] Iteration,1,118,5.365538,0.042935
[MO866] Iteration,2,119,5.404906,0.042903
[MO866] Iteration,0,119,5.409335,0.042959
[MO866] Iteration,3,119,5.403549,0.042905
[MO866] Iteration,1,119,5.408507,0.042951
[MO866] Iteration,2,120,5.447815,0.042874
[MO866] Iteration,0,120,5.452244,0.042895
 Time step  120
[MO866] Iteration,3,120,5.446480,0.042901
[MO866] Iteration,1,120,5.451425,0.042900
[MO866] Iteration,2,121,5.490731,0.042879
[MO866] Iteration,0,121,5.495144,0.042886
[MO866] Iteration,3,121,5.489381,0.042873
[MO866] Iteration,1,121,5.494322,0.042872
[MO866] Iteration,0,122,5.541642,0.046483
[MO866] Iteration,1,122,5.539816,0.045476
[MO866] Iteration,3,122,5.535155,0.045742
[MO866] Iteration,2,122,5.537581,0.046810
[MO866] Iteration,2,123,5.580807,0.043197
[MO866] Iteration,0,123,5.585316,0.043628
[MO866] Iteration,3,123,5.579379,0.044207
[MO866] Iteration,1,123,5.584443,0.044573
[MO866] Iteration,2,124,5.623815,0.042977
[MO866] Iteration,0,124,5.628250,0.042920
[MO866] Iteration,3,124,5.622478,0.043069
[MO866] Iteration,1,124,5.627450,0.042990
[MO866] Iteration,2,125,5.666781,0.042927
[MO866] Iteration,0,125,5.671197,0.042930
[MO866] Iteration,3,125,5.665482,0.042975
[MO866] Iteration,1,125,5.670423,0.042957
[MO866] Iteration,2,126,5.709841,0.043020
[MO866] Iteration,0,126,5.714268,0.043056
[MO866] Iteration,3,126,5.708473,0.042959
[MO866] Iteration,1,126,5.713422,0.042981
[MO866] Iteration,2,127,5.752796,0.042919
[MO866] Iteration,0,127,5.757204,0.042919
[MO866] Iteration,3,127,5.751469,0.042965
[MO866] Iteration,1,127,5.756384,0.042945
[MO866] Iteration,2,128,5.795873,0.043041
[MO866] Iteration,0,128,5.800291,0.043073
[MO866] Iteration,3,128,5.794586,0.043087
[MO866] Iteration,1,128,5.799496,0.043094
[MO866] Iteration,2,129,5.838795,0.042883
[MO866] Iteration,0,129,5.843222,0.042916
[MO866] Iteration,3,129,5.837463,0.042851
[MO866] Iteration,1,129,5.842405,0.042892
[MO866] Iteration,2,130,5.881799,0.042964
[MO866] Iteration,0,130,5.886243,0.043005
[MO866] Iteration,3,130,5.880435,0.042940
[MO866] Iteration,1,130,5.885358,0.042934
[MO866] Iteration,2,131,5.924777,0.042940
[MO866] Iteration,0,131,5.929167,0.042910
[MO866] Iteration,3,131,5.923389,0.042923
[MO866] Iteration,1,131,5.928308,0.042931
[MO866] Iteration,2,132,5.967633,0.042821
[MO866] Iteration,0,132,5.972061,0.042880
[MO866] Iteration,3,132,5.966295,0.042875
[MO866] Iteration,1,132,5.971204,0.042879
[MO866] Iteration,2,133,6.010516,0.042844
[MO866] Iteration,0,133,6.014972,0.042897
[MO866] Iteration,3,133,6.009249,0.042925
[MO866] Iteration,1,133,6.014189,0.042969
[MO866] Iteration,2,134,6.053549,0.042995
[MO866] Iteration,0,134,6.057989,0.043001
[MO866] Iteration,3,134,6.052235,0.042958
[MO866] Iteration,1,134,6.057181,0.042974
[MO866] Iteration,0,135,6.100937,0.042934
[MO866] Iteration,2,135,6.096547,0.042962
[MO866] Iteration,3,135,6.095212,0.042950
[MO866] Iteration,1,135,6.100086,0.042886
[MO866] Iteration,2,136,6.139396,0.042811
[MO866] Iteration,0,136,6.143856,0.042905
[MO866] Iteration,3,136,6.138062,0.042820
[MO866] Iteration,1,136,6.143021,0.042918
[MO866] Iteration,0,137,6.186824,0.042953
[MO866] Iteration,2,137,6.182403,0.042968
[MO866] Iteration,3,137,6.181067,0.042974
[MO866] Iteration,1,137,6.185978,0.042941
[MO866] Iteration,2,138,6.225334,0.042893
[MO866] Iteration,0,138,6.229766,0.042927
[MO866] Iteration,3,138,6.224054,0.042959
[MO866] Iteration,1,138,6.228948,0.042953
[MO866] Iteration,2,139,6.268276,0.042906
[MO866] Iteration,0,139,6.272719,0.042937
[MO866] Iteration,3,139,6.266926,0.042843
[MO866] Iteration,1,139,6.271880,0.042914
[MO866] Iteration,2,140,6.311201,0.042888
[MO866] Iteration,0,140,6.315618,0.042883
 Time step  140
[MO866] Iteration,3,140,6.309849,0.042895
[MO866] Iteration,1,140,6.314773,0.042877
[MO866] Iteration,2,141,6.354171,0.042929
[MO866] Iteration,0,141,6.358581,0.042948
[MO866] Iteration,3,141,6.352800,0.042918
[MO866] Iteration,1,141,6.357736,0.042944
[MO866] Iteration,2,142,6.397138,0.042932
[MO866] Iteration,0,142,6.401567,0.042970
[MO866] Iteration,3,142,6.395789,0.042957
[MO866] Iteration,1,142,6.400736,0.042982
[MO866] Iteration,0,143,6.444487,0.042905
[MO866] Iteration,2,143,6.440054,0.042883
[MO866] Iteration,3,143,6.438774,0.042958
[MO866] Iteration,1,143,6.443663,0.042910
[MO866] Iteration,0,144,6.487411,0.042907
[MO866] Iteration,2,144,6.482993,0.042899
[MO866] Iteration,3,144,6.481687,0.042888
[MO866] Iteration,1,144,6.486613,0.042934
[MO866] Iteration,2,145,6.526040,0.043008
[MO866] Iteration,0,145,6.530454,0.043028
[MO866] Iteration,3,145,6.524633,0.042917
[MO866] Iteration,1,145,6.529586,0.042955
[MO866] Iteration,0,146,6.573375,0.042907
[MO866] Iteration,2,146,6.568943,0.042867
[MO866] Iteration,3,146,6.567617,0.042953
[MO866] Iteration,1,146,6.572529,0.042925
[MO866] Iteration,2,147,6.611917,0.042927
[MO866] Iteration,0,147,6.616333,0.042943
[MO866] Iteration,3,147,6.610623,0.042976
[MO866] Iteration,1,147,6.615534,0.042987
[MO866] Iteration,0,148,6.659281,0.042932
[MO866] Iteration,2,148,6.654868,0.042912
[MO866] Iteration,3,148,6.653535,0.042878
[MO866] Iteration,1,148,6.658472,0.042922
[MO866] Iteration,2,149,6.697847,0.042942
[MO866] Iteration,0,149,6.702271,0.042975
[MO866] Iteration,3,149,6.696513,0.042950
[MO866] Iteration,1,149,6.701451,0.042961
[MO866] Iteration,2,150,6.740827,0.042945
[MO866] Iteration,0,150,6.745241,0.042955
[MO866] Iteration,3,150,6.739430,0.042889
[MO866] Iteration,1,150,6.744357,0.042888
[MO866] Iteration,0,151,6.788117,0.042863
[MO866] Iteration,2,151,6.783716,0.042854
[MO866] Iteration,3,151,6.782350,0.042889
[MO866] Iteration,1,151,6.787266,0.042892
[MO866] Iteration,0,152,6.831024,0.042891
[MO866] Iteration,2,152,6.826598,0.042845
[MO866] Iteration,3,152,6.825276,0.042898
[MO866] Iteration,1,152,6.830229,0.042947
[MO866] Iteration,2,153,6.869658,0.043022
[MO866] Iteration,0,153,6.874081,0.043041
[MO866] Iteration,3,153,6.868260,0.042956
[MO866] Iteration,1,153,6.873214,0.042967
[MO866] Iteration,2,154,6.912646,0.042952
[MO866] Iteration,0,154,6.917057,0.042962
[MO866] Iteration,3,154,6.911274,0.042982
[MO866] Iteration,1,154,6.916182,0.042950
[MO866] Iteration,2,155,6.955509,0.042826
[MO866] Iteration,0,155,6.959932,0.042860
[MO866] Iteration,1,155,6.959093,0.042894
[MO866] Iteration,3,155,6.954192,0.042889
[MO866] Iteration,2,156,6.998409,0.042860
[MO866] Iteration,0,156,7.002821,0.042874
[MO866] Iteration,3,156,6.997075,0.042855
[MO866] Iteration,1,156,7.001979,0.042870
[MO866] Iteration,2,157,7.041373,0.042926
[MO866] Iteration,0,157,7.045795,0.042959
[MO866] Iteration,3,157,7.039971,0.042868
[MO866] Iteration,1,157,7.044920,0.042923
[MO866] Iteration,2,158,7.084268,0.042860
[MO866] Iteration,0,158,7.088696,0.042886
[MO866] Iteration,3,158,7.082997,0.042994
[MO866] Iteration,1,158,7.087905,0.042967
[MO866] Iteration,0,159,7.134248,0.045537
[MO866] Iteration,2,159,7.129977,0.045668
[MO866] Iteration,1,159,7.133493,0.045571
[MO866] Iteration,3,159,7.131361,0.048335
[MO866] Iteration,2,160,7.175794,0.045798
[MO866] Iteration,0,160,7.180252,0.045973
 Time step  160
[MO866] Iteration,3,160,7.174532,0.043136
[MO866] Iteration,1,160,7.179547,0.046008
[MO866] Iteration,2,161,7.218885,0.043051
[MO866] Iteration,0,161,7.223306,0.043038
[MO866] Iteration,3,161,7.217568,0.043007
[MO866] Iteration,1,161,7.222471,0.042907
[MO866] Iteration,0,162,7.266271,0.042950
[MO866] Iteration,2,162,7.261849,0.042924
[MO866] Iteration,3,162,7.260528,0.042929
[MO866] Iteration,1,162,7.265454,0.042963
[MO866] Iteration,2,163,7.304859,0.042974
[MO866] Iteration,0,163,7.309280,0.042994
[MO866] Iteration,3,163,7.303440,0.042885
[MO866] Iteration,1,163,7.308371,0.042899
[MO866] Iteration,0,164,7.352154,0.042859
[MO866] Iteration,2,164,7.347752,0.042860
[MO866] Iteration,1,164,7.351321,0.042932
[MO866] Iteration,3,164,7.346426,0.042956
[MO866] Iteration,2,165,7.390686,0.042895
[MO866] Iteration,0,165,7.395093,0.042923
[MO866] Iteration,3,165,7.389317,0.042862
[MO866] Iteration,1,165,7.394252,0.042915
[MO866] Iteration,0,166,7.438095,0.042987
[MO866] Iteration,2,166,7.433680,0.042956
[MO866] Iteration,3,166,7.432331,0.042982
[MO866] Iteration,1,166,7.437252,0.042982
[MO866] Iteration,0,167,7.481023,0.042912
[MO866] Iteration,2,167,7.476608,0.042893
[MO866] Iteration,3,167,7.475271,0.042913
[MO866] Iteration,1,167,7.480212,0.042943
[MO866] Iteration,2,168,7.519523,0.042879
[MO866] Iteration,0,168,7.523953,0.042916
[MO866] Iteration,3,168,7.518137,0.042840
[MO866] Iteration,1,168,7.523118,0.042889
[MO866] Iteration,2,169,7.562444,0.042884
[MO866] Iteration,0,169,7.566880,0.042913
[MO866] Iteration,3,169,7.561119,0.042916
[MO866] Iteration,1,169,7.566043,0.042909
[MO866] Iteration,2,170,7.605508,0.043025
[MO866] Iteration,0,170,7.609928,0.043034
[MO866] Iteration,3,170,7.604185,0.043035
[MO866] Iteration,1,170,7.609079,0.043017
[MO866] Iteration,2,171,7.648403,0.042863
[MO866] Iteration,0,171,7.652850,0.042907
[MO866] Iteration,3,171,7.647128,0.042915
[MO866] Iteration,1,171,7.652034,0.042937
[MO866] Iteration,2,172,7.691368,0.042925
[MO866] Iteration,0,172,7.695795,0.042931
[MO866] Iteration,3,172,7.690004,0.042850
[MO866] Iteration,1,172,7.694908,0.042858
[MO866] Iteration,2,173,7.734262,0.042856
[MO866] Iteration,0,173,7.738695,0.042884
[MO866] Iteration,1,173,7.737825,0.042898
[MO866] Iteration,3,173,7.732921,0.042886
[MO866] Iteration,2,174,7.777216,0.042916
[MO866] Iteration,0,174,7.781626,0.042917
[MO866] Iteration,3,174,7.775864,0.042912
[MO866] Iteration,1,174,7.780775,0.042932
[MO866] Iteration,0,175,7.824767,0.043127
[MO866] Iteration,2,175,7.820331,0.043081
[MO866] Iteration,3,175,7.819094,0.043198
[MO866] Iteration,1,175,7.823990,0.043196
[MO866] Iteration,0,176,7.867739,0.042958
[MO866] Iteration,2,176,7.863317,0.042946
[MO866] Iteration,3,176,7.861997,0.042877
[MO866] Iteration,1,176,7.866939,0.042933
[MO866] Iteration,2,177,7.906319,0.042964
[MO866] Iteration,0,177,7.910740,0.042986
[MO866] Iteration,3,177,7.904979,0.042954
[MO866] Iteration,1,177,7.909904,0.042947
[MO866] Iteration,2,178,7.949294,0.042937
[MO866] Iteration,0,178,7.953714,0.042958
[MO866] Iteration,3,178,7.947934,0.042924
[MO866] Iteration,1,178,7.952860,0.042937
[MO866] Iteration,2,179,7.992178,0.042850
[MO866] Iteration,0,179,7.996589,0.042860
[MO866] Iteration,3,179,7.990826,0.042861
[MO866] Iteration,1,179,7.995748,0.042870
[MO866] Iteration,2,180,8.035050,0.042834
[MO866] Iteration,0,180,8.039488,0.042884
 Time step  180
[MO866] Iteration,3,180,8.033748,0.042893
[MO866] Iteration,1,180,8.038686,0.042923
[MO866] Iteration,0,181,8.082483,0.042980
[MO866] Iteration,2,181,8.078066,0.042978
[MO866] Iteration,3,181,8.076776,0.043000
[MO866] Iteration,1,181,8.081697,0.042993
[MO866] Iteration,2,182,8.121063,0.042958
[MO866] Iteration,0,182,8.125484,0.042985
[MO866] Iteration,3,182,8.119690,0.042886
[MO866] Iteration,1,182,8.124643,0.042927
[MO866] Iteration,2,183,8.164021,0.042926
[MO866] Iteration,0,183,8.168455,0.042955
[MO866] Iteration,3,183,8.162685,0.042964
[MO866] Iteration,1,183,8.167585,0.042924
[MO866] Iteration,0,184,8.211339,0.042868
[MO866] Iteration,2,184,8.206934,0.042873
[MO866] Iteration,3,184,8.205571,0.042858
[MO866] Iteration,1,184,8.210507,0.042905
[MO866] Iteration,2,185,8.249840,0.042867
[MO866] Iteration,0,185,8.254277,0.042922
[MO866] Iteration,3,185,8.248532,0.042929
[MO866] Iteration,1,185,8.253477,0.042952
[MO866] Iteration,2,186,8.292826,0.042948
[MO866] Iteration,0,186,8.297249,0.042957
[MO866] Iteration,3,186,8.291498,0.042938
[MO866] Iteration,1,186,8.296400,0.042906
[MO866] Iteration,2,187,8.335764,0.042902
[MO866] Iteration,0,187,8.340189,0.042926
[MO866] Iteration,1,187,8.339346,0.042928
[MO866] Iteration,3,187,8.334450,0.042925
[MO866] Iteration,2,188,8.378696,0.042893
[MO866] Iteration,0,188,8.383112,0.042908
[MO866] Iteration,3,188,8.377336,0.042856
[MO866] Iteration,1,188,8.382260,0.042897
[MO866] Iteration,0,189,8.429623,0.046496
[MO866] Iteration,1,189,8.427769,0.045492
[MO866] Iteration,3,189,8.423141,0.045774
[MO866] Iteration,2,189,8.425607,0.046873
[MO866] Iteration,2,190,8.467969,0.042334
[MO866] Iteration,0,190,8.472462,0.042795
[MO866] Iteration,3,190,8.466792,0.043634
[MO866] Iteration,1,190,8.471857,0.044048
[MO866] Iteration,2,191,8.511221,0.043214
[MO866] Iteration,0,191,8.515644,0.043166
[MO866] Iteration,3,191,8.509890,0.043071
[MO866] Iteration,1,191,8.514785,0.042913
[MO866] Iteration,2,192,8.554175,0.042914
[MO866] Iteration,0,192,8.558596,0.042938
[MO866] Iteration,1,192,8.557742,0.042938
[MO866] Iteration,3,192,8.552840,0.042919
[MO866] Iteration,2,193,8.597406,0.043193
[MO866] Iteration,0,193,8.601827,0.043216
[MO866] Iteration,3,193,8.596067,0.043196
[MO866] Iteration,1,193,8.601002,0.043241
[MO866] Iteration,2,194,8.640310,0.042870
[MO866] Iteration,0,194,8.644743,0.042901
[MO866] Iteration,3,194,8.639027,0.042932
[MO866] Iteration,1,194,8.643930,0.042910
[MO866] Iteration,2,195,8.683313,0.042962
[MO866] Iteration,0,195,8.687732,0.042963
[MO866] Iteration,3,195,8.682020,0.042967
[MO866] Iteration,1,195,8.686966,0.043020
[MO866] Iteration,2,196,8.726515,0.043161
[MO866] Iteration,0,196,8.730950,0.043202
[MO866] Iteration,3,196,8.725159,0.043110
[MO866] Iteration,1,196,8.730093,0.043090
[MO866] Iteration,2,197,8.769493,0.042939
[MO866] Iteration,0,197,8.773913,0.042947
[MO866] Iteration,3,197,8.768125,0.042934
[MO866] Iteration,1,197,8.773077,0.042965
[MO866] Iteration,2,198,8.812410,0.042881
[MO866] Iteration,0,198,8.816850,0.042923
[MO866] Iteration,3,198,8.811085,0.042929
[MO866] Iteration,1,198,8.815991,0.042896
[MO866] Iteration,0,199,8.859881,0.043018
[MO866] Iteration,2,199,8.855456,0.042982
[MO866] Iteration,3,199,8.854250,0.043136
[MO866] Iteration,1,199,8.859153,0.043145
[MO866] Iteration,2,200,8.898485,0.042989
[MO866] Iteration,0,200,8.902908,0.043010
 Time step  200
[MO866] Iteration,3,200,8.897163,0.042888
[MO866] Iteration,1,200,8.902082,0.042914
[MO866] Iteration,2,201,8.941490,0.042966
[MO866] Iteration,0,201,8.945919,0.042995
[MO866] Iteration,3,201,8.940135,0.042940
[MO866] Iteration,1,201,8.945084,0.042984
[MO866] Iteration,2,202,8.984438,0.042910
[MO866] Iteration,0,202,8.988883,0.042947
[MO866] Iteration,3,202,8.983130,0.042963
[MO866] Iteration,1,202,8.988041,0.042939
[MO866] Iteration,2,203,9.027408,0.042904
[MO866] Iteration,0,203,9.031823,0.042926
[MO866] Iteration,3,203,9.026062,0.042903
[MO866] Iteration,1,203,9.030955,0.042898
[MO866] Iteration,2,204,9.070354,0.042905
[MO866] Iteration,0,204,9.074761,0.042923
[MO866] Iteration,3,204,9.069011,0.042917
[MO866] Iteration,1,204,9.073942,0.042958
[MO866] Iteration,2,205,9.113370,0.042976
[MO866] Iteration,0,205,9.117796,0.043020
[MO866] Iteration,1,205,9.116916,0.042955
[MO866] Iteration,3,205,9.112027,0.042984
[MO866] Iteration,2,206,9.156221,0.042815
[MO866] Iteration,0,206,9.160640,0.042829
[MO866] Iteration,3,206,9.154873,0.042815
[MO866] Iteration,1,206,9.159798,0.042863
[MO866] Iteration,2,207,9.199132,0.042873
[MO866] Iteration,0,207,9.203540,0.042885
[MO866] Iteration,3,207,9.197788,0.042887
[MO866] Iteration,1,207,9.202723,0.042908
[MO866] Iteration,2,208,9.242158,0.042986
[MO866] Iteration,0,208,9.246567,0.043011
[MO866] Iteration,3,208,9.240813,0.042993
[MO866] Iteration,1,208,9.245725,0.042984
[MO866] Iteration,2,209,9.285113,0.042917
[MO866] Iteration,0,209,9.289535,0.042953
[MO866] Iteration,3,209,9.283773,0.042928
[MO866] Iteration,1,209,9.288647,0.042905
[MO866] Iteration,2,210,9.328027,0.042877
[MO866] Iteration,0,210,9.332446,0.042897
[MO866] Iteration,1,210,9.331581,0.042916
[MO866] Iteration,3,210,9.326687,0.042885
[MO866] Iteration,2,211,9.370932,0.042863
[MO866] Iteration,0,211,9.375353,0.042892
[MO866] Iteration,3,211,9.369575,0.042860
[MO866] Iteration,1,211,9.374507,0.042910
[MO866] Iteration,2,212,9.413954,0.042982
[MO866] Iteration,0,212,9.418367,0.042999
[MO866] Iteration,3,212,9.412586,0.042980
[MO866] Iteration,1,212,9.417505,0.042980
[MO866] Iteration,2,213,9.456851,0.042859
[MO866] Iteration,0,213,9.461284,0.042901
[MO866] Iteration,3,213,9.455523,0.042905
[MO866] Iteration,1,213,9.460448,0.042924
[MO866] Iteration,0,214,9.504211,0.042912
[MO866] Iteration,2,214,9.499785,0.042899
[MO866] Iteration,3,214,9.498472,0.042922
[MO866] Iteration,1,214,9.503395,0.042930
[MO866] Iteration,2,215,9.542744,0.042909
[MO866] Iteration,0,215,9.547166,0.042939
[MO866] Iteration,3,215,9.541450,0.042953
[MO866] Iteration,1,215,9.546339,0.042928
[MO866] Iteration,0,216,9.590963,0.043781
[MO866] Iteration,3,216,9.584709,0.043228
[MO866] Iteration,1,216,9.589650,0.043292
[MO866] Iteration,2,216,9.588678,0.045894
[MO866] Iteration,0,217,9.642546,0.051547
[MO866] Iteration,3,217,9.636251,0.051510
[MO866] Iteration,1,217,9.641223,0.051546
[MO866] Iteration,2,217,9.640252,0.051557
[MO866] Iteration,0,218,9.694031,0.051450
[MO866] Iteration,3,218,9.687828,0.051545
[MO866] Iteration,1,218,9.692715,0.051463
[MO866] Iteration,2,218,9.691725,0.051457
[MO866] Iteration,0,219,9.745539,0.051475
[MO866] Iteration,3,219,9.739338,0.051482
[MO866] Iteration,1,219,9.744232,0.051499
[MO866] Iteration,2,219,9.743214,0.051473
[MO866] Iteration,0,220,9.796986,0.051415
 Time step  220
[MO866] Iteration,3,220,9.790748,0.051382
[MO866] Iteration,1,220,9.795636,0.051386
[MO866] Iteration,2,220,9.794656,0.051425
[MO866] Iteration,0,221,9.848395,0.051377
[MO866] Iteration,1,221,9.847068,0.051416
[MO866] Iteration,3,221,9.842151,0.051368
[MO866] Iteration,2,221,9.846091,0.051419
[MO866] Iteration,0,222,9.899855,0.051425
[MO866] Iteration,3,222,9.893649,0.051455
[MO866] Iteration,1,222,9.898565,0.051479
[MO866] Iteration,2,222,9.897580,0.051473
[MO866] Iteration,0,223,9.951394,0.051504
[MO866] Iteration,3,223,9.945153,0.051476
[MO866] Iteration,1,223,9.950094,0.051511
[MO866] Iteration,2,223,9.949127,0.051530
[MO866] Iteration,0,224,10.002827,0.051398
[MO866] Iteration,3,224,9.996591,0.051400
[MO866] Iteration,1,224,10.001525,0.051413
[MO866] Iteration,2,224,10.000537,0.051394
[MO866] Iteration,0,225,10.054257,0.051393
[MO866] Iteration,3,225,10.047997,0.051368
[MO866] Iteration,1,225,10.052940,0.051396
[MO866] Iteration,2,225,10.051950,0.051395
[MO866] Iteration,0,226,10.105748,0.051457
[MO866] Iteration,3,226,10.099502,0.051474
[MO866] Iteration,1,226,10.104443,0.051474
[MO866] Iteration,2,226,10.103472,0.051506
[MO866] Iteration,0,227,10.157297,0.051515
[MO866] Iteration,3,227,10.151062,0.051522
[MO866] Iteration,1,227,10.156000,0.051539
[MO866] Iteration,2,227,10.154986,0.051498
[MO866] Iteration,0,228,10.208743,0.051413
[MO866] Iteration,3,228,10.202523,0.051424
[MO866] Iteration,1,228,10.207413,0.051396
[MO866] Iteration,2,228,10.206447,0.051444
[MO866] Iteration,0,229,10.260223,0.051419
[MO866] Iteration,3,229,10.253941,0.051389
[MO866] Iteration,1,229,10.258904,0.051473
[MO866] Iteration,2,229,10.257957,0.051494
[MO866] Iteration,0,230,10.311707,0.051450
[MO866] Iteration,3,230,10.305474,0.051501
[MO866] Iteration,1,230,10.310427,0.051494
[MO866] Iteration,2,230,10.309447,0.051474
[MO866] Iteration,0,231,10.363214,0.051471
[MO866] Iteration,3,231,10.356999,0.051487
[MO866] Iteration,1,231,10.361924,0.051478
[MO866] Iteration,2,231,10.360941,0.051478
[MO866] Iteration,0,232,10.414692,0.051440
[MO866] Iteration,3,232,10.408438,0.051411
[MO866] Iteration,1,232,10.413392,0.051449
[MO866] Iteration,2,232,10.412390,0.051432
[MO866] Iteration,0,233,10.466182,0.051455
[MO866] Iteration,3,233,10.459992,0.051525
[MO866] Iteration,1,233,10.464890,0.051479
[MO866] Iteration,2,233,10.463865,0.051458
[MO866] Iteration,0,234,10.517703,0.051488
[MO866] Iteration,3,234,10.511476,0.051456
[MO866] Iteration,1,234,10.516399,0.051491
[MO866] Iteration,2,234,10.515410,0.051528
[MO866] Iteration,0,235,10.569190,0.051453
[MO866] Iteration,3,235,10.562917,0.051404
[MO866] Iteration,1,235,10.567869,0.051452
[MO866] Iteration,2,235,10.566884,0.051456
[MO866] Iteration,0,236,10.620663,0.051440
[MO866] Iteration,3,236,10.614421,0.051478
[MO866] Iteration,1,236,10.619362,0.051477
[MO866] Iteration,2,236,10.618341,0.051441
[MO866] Iteration,0,237,10.672121,0.051423
[MO866] Iteration,3,237,10.665863,0.051412
[MO866] Iteration,1,237,10.670766,0.051387
[MO866] Iteration,2,237,10.669841,0.051482
[MO866] Iteration,0,238,10.723592,0.051436
[MO866] Iteration,3,238,10.717357,0.051465
[MO866] Iteration,1,238,10.722300,0.051515
[MO866] Iteration,2,238,10.721337,0.051479
[MO866] Iteration,0,239,10.775068,0.051440
[MO866] Iteration,3,239,10.768841,0.051454
[MO866] Iteration,1,239,10.773773,0.051454
[MO866] Iteration,2,239,10.772786,0.051432
[MO866] Iteration,0,240,10.826509,0.051406
 Time step  240
[MO866] Iteration,3,240,10.820234,0.051356
[MO866] Iteration,1,240,10.825179,0.051387
[MO866] Iteration,2,240,10.824217,0.051415
[MO866] Iteration,0,241,10.878072,0.051528
[MO866] Iteration,3,241,10.871817,0.051550
[MO866] Iteration,1,241,10.876829,0.051630
[MO866] Iteration,2,241,10.875739,0.051506
[MO866] Iteration,0,242,10.929593,0.051485
[MO866] Iteration,3,242,10.923327,0.051473
[MO866] Iteration,1,242,10.928261,0.051413
[MO866] Iteration,2,242,10.927283,0.051527
[MO866] Iteration,0,243,10.981048,0.051423
[MO866] Iteration,3,243,10.974804,0.051441
[MO866] Iteration,1,243,10.979750,0.051471
[MO866] Iteration,2,243,10.978711,0.051412
[MO866] Iteration,0,244,11.032541,0.051462
[MO866] Iteration,3,244,11.026297,0.051457
[MO866] Iteration,1,244,11.031213,0.051446
[MO866] Iteration,2,244,11.030231,0.051504
[MO866] Iteration,0,245,11.083979,0.051403
[MO866] Iteration,3,245,11.077758,0.051431
[MO866] Iteration,1,245,11.082679,0.051449
[MO866] Iteration,2,245,11.081701,0.051453
[MO866] Iteration,0,246,11.135434,0.051419
[MO866] Iteration,3,246,11.129221,0.051435
[MO866] Iteration,1,246,11.134135,0.051437
[MO866] Iteration,2,246,11.133156,0.051438
[MO866] Iteration,0,247,11.186863,0.051395
[MO866] Iteration,3,247,11.180674,0.051425
[MO866] Iteration,1,247,11.185575,0.051422
[MO866] Iteration,2,247,11.184596,0.051424
[MO866] Iteration,0,248,11.238348,0.051450
[MO866] Iteration,3,248,11.232064,0.051361
[MO866] Iteration,1,248,11.237003,0.051409
[MO866] Iteration,2,248,11.236034,0.051421
[MO866] Iteration,0,249,11.289854,0.051472
[MO866] Iteration,3,249,11.283609,0.051512
[MO866] Iteration,1,249,11.288588,0.051565
[MO866] Iteration,2,249,11.287534,0.051483
[MO866] Iteration,0,250,11.341359,0.051471
 Time step  250
[MO866] Iteration,3,250,11.335085,0.051438
[MO866] Iteration,1,250,11.340008,0.051403
[MO866] Iteration,2,250,11.339030,0.051479
[MO866] Iteration,1,251,11.393840,0.053815
[MO866] Iteration,3,251,11.389035,0.053923
[MO866] Iteration,0,251,11.395620,0.054230
[MO866] Iteration,2,251,11.391322,0.052275

 Verification being performed for class A
[MO866] PI avg,1,0.044491,251
[MO866] Beta,1,0.000289
[MO866] Total time,1,11.397066
[MO866] PI avg,3,0.044480,251
[MO866] Beta,3,0.000289
[MO866] Total time,3,11.392261
[MO866] PI avg,2,0.044467,251
[MO866] Beta,2,0.000288
[MO866] Total time,2,11.394541
 Accuracy setting for epsilon =  0.1000000000000E-07
 Comparison of RMS-norms of residual
           1   0.7790210760669E+03 0.7790210760669E+03 0.1415574443078E-13
           2   0.6340276525969E+02 0.6340276525969E+02 0.3922383455949E-14
           3   0.1949924972729E+03 0.1949924972729E+03 0.1224366899006E-13
           4   0.1784530116042E+03 0.1784530116042E+03 0.9556031307595E-15
           5   0.1838476034946E+04 0.1838476034946E+04 0.1150178267993E-13
 Comparison of RMS-norms of solution error
           1   0.2996408568547E+02 0.2996408568547E+02 0.1185657295234E-15
           2   0.2819457636500E+01 0.2819457636500E+01 0.1338824259978E-13
           3   0.7347341269878E+01 0.7347341269877E+01 0.6165100781478E-14
           4   0.6713922568778E+01 0.6713922568778E+01 0.5291561888607E-15
           5   0.7071531568839E+02 0.7071531568839E+02 0.1024889139531E-13
 Comparison of surface integral
               0.2603092560489E+02 0.2603092560489E+02 0.2729609951429E-15
 Verification Successful


 LU Benchmark Completed.
 Class           =                        A
 Size            =             64x  64x  64
 Iterations      =                      250
 Time in seconds =                    11.12
 Total processes =                        4
 Active procs    =                        4
 Mop/s total     =                 10726.18
 Mop/s/process   =                  2681.54
 Operation type  =           floating point
 Verification    =               SUCCESSFUL
 Version         =                      3.4
 Compile date    =              15 Jun 2020

 Compile options:
    MPIFC        = mpif90
    FLINK        = $(MPIFC)
    FMPI_LIB     = (none)
    FMPI_INC     = (none)
    FFLAGS       = -O3
    FLINKFLAGS   = $(FFLAGS) -O ../kernel_stats/kernel_stats.o...
    RAND         = (none)


 Please send feedbacks and/or the results of this run to:

 NPB Development Team 
 Internet: npb@nas.nasa.gov


[MO866] PI avg,0,0.044484,251
[MO866] Beta,0,0.000320
[MO866] Total time,0,11.399195
