--------------------------------------------------------------------------
[[35622,1],1]: A high-performance Open MPI point-to-point messaging module
was unable to find any relevant network interfaces:

Module: OpenFabrics (openib)
  Host: node06

Another transport will be used instead, although this may result in
lower performance.

NOTE: You can disable this warning by setting the MCA parameter
btl_base_warn_component_unused to 0.
--------------------------------------------------------------------------


 NAS Parallel Benchmarks 3.4 -- LU Benchmark

 Size:   64x  64x  64  (class A)
 Iterations:  250
 Total number of processes:     2

[MO866] Init time,1,0.238309
[MO866] Init time,0,0.240728
[MO866] Iteration,1,1,0.322624,0.084277
[MO866] Iteration,0,1,0.325329,0.084564
 Time step    1
[MO866] Iteration,1,2,0.460737,0.082674
[MO866] Iteration,0,2,0.463837,0.083355
[MO866] Iteration,1,3,0.544198,0.083427
[MO866] Iteration,0,3,0.547322,0.083470
[MO866] Iteration,1,4,0.627631,0.083398
[MO866] Iteration,0,4,0.630680,0.083344
[MO866] Iteration,1,5,0.711072,0.083406
[MO866] Iteration,0,5,0.714089,0.083394
[MO866] Iteration,1,6,0.794397,0.083289
[MO866] Iteration,0,6,0.797443,0.083339
[MO866] Iteration,1,7,0.877728,0.083296
[MO866] Iteration,0,7,0.880829,0.083372
[MO866] Iteration,1,8,0.961264,0.083503
[MO866] Iteration,0,8,0.964283,0.083440
[MO866] Iteration,1,9,1.044696,0.083404
[MO866] Iteration,0,9,1.047768,0.083471
[MO866] Iteration,1,10,1.135027,0.090299
[MO866] Iteration,0,10,1.138375,0.090592
[MO866] Iteration,1,11,1.218868,0.083786
[MO866] Iteration,0,11,1.221904,0.083499
[MO866] Iteration,1,12,1.302166,0.083261
[MO866] Iteration,0,12,1.305220,0.083301
[MO866] Iteration,1,13,1.385530,0.083329
[MO866] Iteration,0,13,1.388533,0.083299
[MO866] Iteration,1,14,1.468898,0.083335
[MO866] Iteration,0,14,1.472026,0.083478
[MO866] Iteration,1,15,1.552458,0.083529
[MO866] Iteration,0,15,1.555481,0.083441
[MO866] Iteration,1,16,1.635906,0.083416
[MO866] Iteration,0,16,1.639093,0.083598
[MO866] Iteration,1,17,1.719402,0.083460
[MO866] Iteration,0,17,1.722431,0.083324
[MO866] Iteration,1,18,1.802717,0.083279
[MO866] Iteration,0,18,1.805740,0.083295
[MO866] Iteration,1,19,1.886077,0.083325
[MO866] Iteration,0,19,1.889107,0.083352
[MO866] Iteration,1,20,1.969409,0.083298
[MO866] Iteration,0,20,1.972495,0.083374
 Time step   20
[MO866] Iteration,1,21,2.052859,0.083418
[MO866] Iteration,0,21,2.055944,0.083435
[MO866] Iteration,1,22,2.136429,0.083539
[MO866] Iteration,0,22,2.139444,0.083486
[MO866] Iteration,1,23,2.220026,0.083566
[MO866] Iteration,0,23,2.223101,0.083643
[MO866] Iteration,1,24,2.303490,0.083428
[MO866] Iteration,0,24,2.306418,0.083303
[MO866] Iteration,1,25,2.387088,0.083564
[MO866] Iteration,0,25,2.389768,0.083336
[MO866] Iteration,1,26,2.470119,0.082994
[MO866] Iteration,0,26,2.473133,0.083350
[MO866] Iteration,1,27,2.553437,0.083284
[MO866] Iteration,0,27,2.556527,0.083380
[MO866] Iteration,1,28,2.636815,0.083346
[MO866] Iteration,0,28,2.639932,0.083390
[MO866] Iteration,1,29,2.720287,0.083441
[MO866] Iteration,0,29,2.723408,0.083462
[MO866] Iteration,1,30,2.803947,0.083624
[MO866] Iteration,0,30,2.807040,0.083619
[MO866] Iteration,1,31,2.887426,0.083444
[MO866] Iteration,0,31,2.890357,0.083303
[MO866] Iteration,1,32,2.971713,0.084251
[MO866] Iteration,0,32,2.974645,0.084274
[MO866] Iteration,1,33,3.057515,0.085765
[MO866] Iteration,0,33,3.060607,0.085947
[MO866] Iteration,1,34,3.150351,0.092804
[MO866] Iteration,0,34,3.153763,0.093141
[MO866] Iteration,1,35,3.236759,0.086355
[MO866] Iteration,0,35,3.239827,0.086033
[MO866] Iteration,1,36,3.322582,0.085791
[MO866] Iteration,0,36,3.325635,0.085793
[MO866] Iteration,1,37,3.408539,0.085922
[MO866] Iteration,0,37,3.411533,0.085883
[MO866] Iteration,1,38,3.494319,0.085753
[MO866] Iteration,0,38,3.497353,0.085806
[MO866] Iteration,1,39,3.580337,0.085982
[MO866] Iteration,0,39,3.583383,0.086015
[MO866] Iteration,1,40,3.666031,0.085646
[MO866] Iteration,0,40,3.668970,0.085574
 Time step   40
[MO866] Iteration,1,41,3.749322,0.083256
[MO866] Iteration,0,41,3.752421,0.083436
[MO866] Iteration,1,42,3.832759,0.083405
[MO866] Iteration,0,42,3.835761,0.083326
[MO866] Iteration,1,43,3.916107,0.083318
[MO866] Iteration,0,43,3.919220,0.083445
[MO866] Iteration,1,44,3.999470,0.083327
[MO866] Iteration,0,44,4.002494,0.083260
[MO866] Iteration,1,45,4.083004,0.083499
[MO866] Iteration,0,45,4.085964,0.083456
[MO866] Iteration,1,46,4.166251,0.083211
[MO866] Iteration,0,46,4.169276,0.083296
[MO866] Iteration,1,47,4.249553,0.083268
[MO866] Iteration,0,47,4.252647,0.083356
[MO866] Iteration,1,48,4.333032,0.083448
[MO866] Iteration,0,48,4.336127,0.083465
[MO866] Iteration,1,49,4.417211,0.084148
[MO866] Iteration,0,49,4.419961,0.083820
[MO866] Iteration,1,50,4.500371,0.083127
[MO866] Iteration,0,50,4.503468,0.083493
[MO866] Iteration,1,51,4.583848,0.083447
[MO866] Iteration,0,51,4.587032,0.083550
[MO866] Iteration,1,52,4.667305,0.083421
[MO866] Iteration,0,52,4.670329,0.083284
[MO866] Iteration,1,53,4.750618,0.083278
[MO866] Iteration,0,53,4.753667,0.083323
[MO866] Iteration,1,54,4.834084,0.083432
[MO866] Iteration,0,54,4.837104,0.083422
[MO866] Iteration,1,55,4.917369,0.083251
[MO866] Iteration,0,55,4.920429,0.083311
[MO866] Iteration,1,56,5.000720,0.083319
[MO866] Iteration,0,56,5.003794,0.083351
[MO866] Iteration,1,57,5.084128,0.083377
[MO866] Iteration,0,57,5.087235,0.083427
[MO866] Iteration,1,58,5.167499,0.083335
[MO866] Iteration,0,58,5.170439,0.083190
[MO866] Iteration,1,59,5.250825,0.083290
[MO866] Iteration,0,59,5.253705,0.083251
[MO866] Iteration,1,60,5.334005,0.083146
[MO866] Iteration,0,60,5.337032,0.083312
 Time step   60
[MO866] Iteration,1,61,5.417376,0.083337
[MO866] Iteration,0,61,5.420443,0.083397
[MO866] Iteration,1,62,5.500786,0.083379
[MO866] Iteration,0,62,5.503984,0.083527
[MO866] Iteration,1,63,5.591012,0.090195
[MO866] Iteration,0,63,5.594273,0.090275
[MO866] Iteration,1,64,5.674630,0.083567
[MO866] Iteration,0,64,5.677643,0.083341
[MO866] Iteration,1,65,5.757965,0.083299
[MO866] Iteration,0,65,5.760979,0.083322
[MO866] Iteration,1,66,5.841280,0.083281
[MO866] Iteration,0,66,5.844356,0.083362
[MO866] Iteration,1,67,5.924675,0.083363
[MO866] Iteration,0,67,5.927757,0.083387
[MO866] Iteration,1,68,6.008850,0.084145
[MO866] Iteration,0,68,6.011972,0.084201
[MO866] Iteration,1,69,6.092624,0.083743
[MO866] Iteration,0,69,6.095739,0.083753
[MO866] Iteration,1,70,6.176107,0.083440
[MO866] Iteration,0,70,6.179300,0.083547
[MO866] Iteration,1,71,6.259939,0.083797
[MO866] Iteration,0,71,6.263052,0.083738
[MO866] Iteration,1,72,6.343411,0.083438
[MO866] Iteration,0,72,6.346356,0.083291
[MO866] Iteration,1,73,6.427617,0.084171
[MO866] Iteration,0,73,6.430296,0.083925
[MO866] Iteration,1,74,6.510674,0.083021
[MO866] Iteration,0,74,6.513701,0.083389
[MO866] Iteration,1,75,6.593987,0.083278
[MO866] Iteration,0,75,6.597014,0.083298
[MO866] Iteration,1,76,6.677293,0.083272
[MO866] Iteration,0,76,6.680319,0.083291
[MO866] Iteration,1,77,6.760585,0.083261
[MO866] Iteration,0,77,6.763666,0.083333
[MO866] Iteration,1,78,6.843999,0.083383
[MO866] Iteration,0,78,6.847107,0.083427
[MO866] Iteration,1,79,6.927486,0.083452
[MO866] Iteration,0,79,6.930426,0.083306
[MO866] Iteration,1,80,7.010785,0.083264
[MO866] Iteration,0,80,7.013739,0.083298
 Time step   80
[MO866] Iteration,1,81,7.094141,0.083322
[MO866] Iteration,0,81,7.097085,0.083331
[MO866] Iteration,1,82,7.177361,0.083185
[MO866] Iteration,0,82,7.180464,0.083364
[MO866] Iteration,1,83,7.260738,0.083345
[MO866] Iteration,0,83,7.263840,0.083362
[MO866] Iteration,1,84,7.344156,0.083388
[MO866] Iteration,0,84,7.347271,0.083417
[MO866] Iteration,1,85,7.427607,0.083417
[MO866] Iteration,0,85,7.430631,0.083347
[MO866] Iteration,1,86,7.510995,0.083353
[MO866] Iteration,0,86,7.513994,0.083350
[MO866] Iteration,1,87,7.594339,0.083309
[MO866] Iteration,0,87,7.597363,0.083354
[MO866] Iteration,1,88,7.677666,0.083292
[MO866] Iteration,0,88,7.680765,0.083388
[MO866] Iteration,1,89,7.761115,0.083416
[MO866] Iteration,0,89,7.764219,0.083440
[MO866] Iteration,1,90,7.844523,0.083377
[MO866] Iteration,0,90,7.847562,0.083328
[MO866] Iteration,1,91,7.927923,0.083368
[MO866] Iteration,0,91,7.931094,0.083518
[MO866] Iteration,1,92,8.011342,0.083384
[MO866] Iteration,0,92,8.014368,0.083261
[MO866] Iteration,1,93,8.094823,0.083446
[MO866] Iteration,0,93,8.097767,0.083384
[MO866] Iteration,1,94,8.178073,0.083214
[MO866] Iteration,0,94,8.181108,0.083325
[MO866] Iteration,1,95,8.261459,0.083353
[MO866] Iteration,0,95,8.264536,0.083413
[MO866] Iteration,1,96,8.344820,0.083330
[MO866] Iteration,0,96,8.347901,0.083351
[MO866] Iteration,1,97,8.435653,0.090802
[MO866] Iteration,0,97,8.438559,0.090644
[MO866] Iteration,1,98,8.519281,0.083573
[MO866] Iteration,0,98,8.522196,0.083607
[MO866] Iteration,1,99,8.602524,0.083208
[MO866] Iteration,0,99,8.605542,0.083332
[MO866] Iteration,1,100,8.685855,0.083296
[MO866] Iteration,0,100,8.688914,0.083357
 Time step  100
[MO866] Iteration,1,101,8.769310,0.083425
[MO866] Iteration,0,101,8.772383,0.083455
[MO866] Iteration,1,102,8.852692,0.083350
[MO866] Iteration,0,102,8.855790,0.083392
[MO866] Iteration,1,103,8.936028,0.083304
[MO866] Iteration,0,103,8.939137,0.083333
[MO866] Iteration,1,104,9.020295,0.084230
[MO866] Iteration,0,104,9.023436,0.084285
[MO866] Iteration,1,105,9.103910,0.083579
[MO866] Iteration,0,105,9.107026,0.083576
[MO866] Iteration,1,106,9.187398,0.083453
[MO866] Iteration,0,106,9.190406,0.083366
[MO866] Iteration,1,107,9.270870,0.083437
[MO866] Iteration,0,107,9.273812,0.083393
[MO866] Iteration,1,108,9.354082,0.083177
[MO866] Iteration,0,108,9.357124,0.083298
[MO866] Iteration,1,109,9.437447,0.083329
[MO866] Iteration,0,109,9.440540,0.083401
[MO866] Iteration,1,110,9.520827,0.083348
[MO866] Iteration,0,110,9.523940,0.083386
[MO866] Iteration,1,111,9.604337,0.083479
[MO866] Iteration,0,111,9.607427,0.083473
[MO866] Iteration,1,112,9.687816,0.083432
[MO866] Iteration,0,112,9.690942,0.083502
[MO866] Iteration,1,113,9.771220,0.083369
[MO866] Iteration,0,113,9.774218,0.083258
[MO866] Iteration,1,114,9.854520,0.083265
[MO866] Iteration,0,114,9.857536,0.083303
[MO866] Iteration,1,115,9.937939,0.083385
[MO866] Iteration,0,115,9.940908,0.083357
[MO866] Iteration,1,116,10.021247,0.083275
[MO866] Iteration,0,116,10.024241,0.083318
[MO866] Iteration,1,117,10.105103,0.083824
[MO866] Iteration,0,117,10.108218,0.083961
[MO866] Iteration,1,118,10.190962,0.085827
[MO866] Iteration,0,118,10.194022,0.085788
[MO866] Iteration,1,119,10.276919,0.085922
[MO866] Iteration,0,119,10.280037,0.085999
[MO866] Iteration,1,120,10.362847,0.085895
[MO866] Iteration,0,120,10.365763,0.085711
 Time step  120
[MO866] Iteration,1,121,10.448751,0.085867
[MO866] Iteration,0,121,10.451876,0.086097
[MO866] Iteration,1,122,10.534692,0.085908
[MO866] Iteration,0,122,10.537731,0.085840
[MO866] Iteration,1,123,10.620692,0.085964
[MO866] Iteration,0,123,10.623793,0.086047
[MO866] Iteration,1,124,10.706632,0.085908
[MO866] Iteration,0,124,10.709715,0.085907
[MO866] Iteration,1,125,10.792754,0.086086
[MO866] Iteration,0,125,10.795834,0.086105
[MO866] Iteration,1,126,10.878658,0.085871
[MO866] Iteration,0,126,10.881710,0.085861
[MO866] Iteration,1,127,10.964642,0.085948
[MO866] Iteration,0,127,10.967766,0.086041
[MO866] Iteration,1,128,11.050621,0.085948
[MO866] Iteration,0,128,11.053678,0.085897
[MO866] Iteration,1,129,11.136682,0.086025
[MO866] Iteration,0,129,11.139858,0.086165
[MO866] Iteration,1,130,11.222630,0.085916
[MO866] Iteration,0,130,11.225682,0.085808
[MO866] Iteration,1,131,11.308662,0.085994
[MO866] Iteration,0,131,11.311803,0.086104
[MO866] Iteration,1,132,11.394531,0.085837
[MO866] Iteration,0,132,11.397574,0.085756
[MO866] Iteration,1,133,11.480486,0.085918
[MO866] Iteration,0,133,11.483630,0.086040
[MO866] Iteration,1,134,11.566414,0.085895
[MO866] Iteration,0,134,11.569460,0.085815
[MO866] Iteration,1,135,11.652383,0.085933
[MO866] Iteration,0,135,11.655398,0.085923
[MO866] Iteration,1,136,11.738180,0.085765
[MO866] Iteration,0,136,11.741230,0.085818
[MO866] Iteration,1,137,11.824107,0.085891
[MO866] Iteration,0,137,11.827234,0.085989
[MO866] Iteration,1,138,11.916976,0.092832
[MO866] Iteration,0,138,11.920431,0.093183
[MO866] Iteration,1,139,12.003674,0.086648
[MO866] Iteration,0,139,12.006663,0.086202
[MO866] Iteration,1,140,12.089548,0.085837
[MO866] Iteration,0,140,12.092651,0.085972
 Time step  140
[MO866] Iteration,1,141,12.175522,0.085941
[MO866] Iteration,0,141,12.178552,0.085885
[MO866] Iteration,1,142,12.259000,0.083442
[MO866] Iteration,0,142,12.261937,0.083370
[MO866] Iteration,1,143,12.342242,0.083206
[MO866] Iteration,0,143,12.345287,0.083335
[MO866] Iteration,1,144,12.426345,0.084068
[MO866] Iteration,0,144,12.429046,0.083743
[MO866] Iteration,1,145,12.509466,0.083086
[MO866] Iteration,0,145,12.512565,0.083504
[MO866] Iteration,1,146,12.592817,0.083319
[MO866] Iteration,0,146,12.595856,0.083276
[MO866] Iteration,1,147,12.676253,0.083405
[MO866] Iteration,0,147,12.679384,0.083514
[MO866] Iteration,1,148,12.759909,0.083621
[MO866] Iteration,0,148,12.762994,0.083596
[MO866] Iteration,1,149,12.843413,0.083467
[MO866] Iteration,0,149,12.846410,0.083398
[MO866] Iteration,1,150,12.926819,0.083370
[MO866] Iteration,0,150,12.929764,0.083339
[MO866] Iteration,1,151,13.010142,0.083287
[MO866] Iteration,0,151,13.013086,0.083307
[MO866] Iteration,1,152,13.093477,0.083299
[MO866] Iteration,0,152,13.096545,0.083443
[MO866] Iteration,1,153,13.176893,0.083381
[MO866] Iteration,0,153,13.179990,0.083430
[MO866] Iteration,1,154,13.260280,0.083355
[MO866] Iteration,0,154,13.263393,0.083389
[MO866] Iteration,1,155,13.343825,0.083509
[MO866] Iteration,0,155,13.346979,0.083572
[MO866] Iteration,1,156,13.427238,0.083377
[MO866] Iteration,0,156,13.430257,0.083259
[MO866] Iteration,1,157,13.510531,0.083257
[MO866] Iteration,0,157,13.513559,0.083287
[MO866] Iteration,1,158,13.593842,0.083275
[MO866] Iteration,0,158,13.596887,0.083313
[MO866] Iteration,1,159,13.677200,0.083324
[MO866] Iteration,0,159,13.680289,0.083387
[MO866] Iteration,1,160,13.760571,0.083339
[MO866] Iteration,0,160,13.763663,0.083359
 Time step  160
[MO866] Iteration,1,161,13.844003,0.083399
[MO866] Iteration,0,161,13.847143,0.083466
[MO866] Iteration,1,162,13.927547,0.083509
[MO866] Iteration,0,162,13.930571,0.083414
[MO866] Iteration,1,163,14.010917,0.083333
[MO866] Iteration,0,163,14.013924,0.083338
[MO866] Iteration,1,164,14.094295,0.083343
[MO866] Iteration,0,164,14.097334,0.083395
[MO866] Iteration,1,165,14.177629,0.083298
[MO866] Iteration,0,165,14.180707,0.083357
[MO866] Iteration,1,166,14.261187,0.083525
[MO866] Iteration,0,166,14.264276,0.083554
[MO866] Iteration,1,167,14.344565,0.083345
[MO866] Iteration,0,167,14.347642,0.083350
[MO866] Iteration,1,168,14.428863,0.084267
[MO866] Iteration,0,168,14.431542,0.083885
[MO866] Iteration,1,169,14.512081,0.083185
[MO866] Iteration,0,169,14.515192,0.083635
[MO866] Iteration,1,170,14.595419,0.083301
[MO866] Iteration,0,170,14.598439,0.083233
[MO866] Iteration,1,171,14.678807,0.083352
[MO866] Iteration,0,171,14.681752,0.083298
[MO866] Iteration,1,172,14.762045,0.083202
[MO866] Iteration,0,172,14.765068,0.083300
[MO866] Iteration,1,173,14.845446,0.083366
[MO866] Iteration,0,173,14.848405,0.083323
[MO866] Iteration,1,174,14.928788,0.083310
[MO866] Iteration,0,174,14.931877,0.083457
[MO866] Iteration,1,175,15.012785,0.083965
[MO866] Iteration,0,175,15.015825,0.083934
[MO866] Iteration,1,176,15.096630,0.083812
[MO866] Iteration,0,176,15.099748,0.083908
[MO866] Iteration,1,177,15.180176,0.083513
[MO866] Iteration,0,177,15.183295,0.083532
[MO866] Iteration,1,178,15.263687,0.083475
[MO866] Iteration,0,178,15.266740,0.083431
[MO866] Iteration,1,179,15.347107,0.083384
[MO866] Iteration,0,179,15.350136,0.083380
[MO866] Iteration,1,180,15.430470,0.083326
[MO866] Iteration,0,180,15.433515,0.083365
 Time step  180
[MO866] Iteration,1,181,15.513822,0.083317
[MO866] Iteration,0,181,15.516879,0.083349
[MO866] Iteration,1,182,15.597290,0.083435
[MO866] Iteration,0,182,15.600384,0.083491
[MO866] Iteration,1,183,15.680694,0.083371
[MO866] Iteration,0,183,15.683762,0.083363
[MO866] Iteration,1,184,15.764053,0.083327
[MO866] Iteration,0,184,15.767149,0.083372
[MO866] Iteration,1,185,15.847371,0.083282
[MO866] Iteration,0,185,15.850383,0.083220
[MO866] Iteration,1,186,15.930720,0.083314
[MO866] Iteration,0,186,15.933757,0.083359
[MO866] Iteration,1,187,16.014121,0.083366
[MO866] Iteration,0,187,16.017167,0.083395
[MO866] Iteration,1,188,16.104409,0.090253
[MO866] Iteration,0,188,16.107604,0.090423
[MO866] Iteration,1,189,16.187972,0.083513
[MO866] Iteration,0,189,16.191143,0.083510
[MO866] Iteration,1,190,16.271409,0.083401
[MO866] Iteration,0,190,16.274353,0.083195
[MO866] Iteration,1,191,16.354629,0.083182
[MO866] Iteration,0,191,16.357664,0.083296
[MO866] Iteration,1,192,16.438806,0.084141
[MO866] Iteration,0,192,16.441495,0.083816
[MO866] Iteration,1,193,16.521910,0.083068
[MO866] Iteration,0,193,16.524953,0.083443
[MO866] Iteration,1,194,16.605278,0.083333
[MO866] Iteration,0,194,16.608347,0.083378
[MO866] Iteration,1,195,16.688578,0.083269
[MO866] Iteration,0,195,16.691664,0.083302
[MO866] Iteration,1,196,16.771932,0.083322
[MO866] Iteration,0,196,16.775022,0.083344
[MO866] Iteration,1,197,16.855365,0.083397
[MO866] Iteration,0,197,16.858369,0.083331
[MO866] Iteration,1,198,16.938710,0.083309
[MO866] Iteration,0,198,16.941722,0.083338
[MO866] Iteration,1,199,17.021985,0.083238
[MO866] Iteration,0,199,17.025012,0.083275
[MO866] Iteration,1,200,17.105359,0.083339
[MO866] Iteration,0,200,17.108408,0.083381
 Time step  200
[MO866] Iteration,1,201,17.188769,0.083377
[MO866] Iteration,0,201,17.191870,0.083446
[MO866] Iteration,1,202,17.272250,0.083448
[MO866] Iteration,0,202,17.275351,0.083466
[MO866] Iteration,1,203,17.355795,0.083509
[MO866] Iteration,0,203,17.358899,0.083534
[MO866] Iteration,1,204,17.439257,0.083426
[MO866] Iteration,0,204,17.442262,0.083345
[MO866] Iteration,1,205,17.522530,0.083237
[MO866] Iteration,0,205,17.525574,0.083296
[MO866] Iteration,1,206,17.605899,0.083334
[MO866] Iteration,0,206,17.608936,0.083347
[MO866] Iteration,1,207,17.689250,0.083317
[MO866] Iteration,0,207,17.692244,0.083293
[MO866] Iteration,1,208,17.772533,0.083253
[MO866] Iteration,0,208,17.775603,0.083344
[MO866] Iteration,1,209,17.855964,0.083399
[MO866] Iteration,0,209,17.859053,0.083436
[MO866] Iteration,1,210,17.939310,0.083309
[MO866] Iteration,0,210,17.942326,0.083259
[MO866] Iteration,1,211,18.023002,0.083656
[MO866] Iteration,0,211,18.026055,0.083714
[MO866] Iteration,1,212,18.107096,0.084062
[MO866] Iteration,0,212,18.109942,0.083872
[MO866] Iteration,1,213,18.190211,0.083078
[MO866] Iteration,0,213,18.193262,0.083305
[MO866] Iteration,1,214,18.273703,0.083458
[MO866] Iteration,0,214,18.276792,0.083515
[MO866] Iteration,1,215,18.357153,0.083417
[MO866] Iteration,0,215,18.360260,0.083453
[MO866] Iteration,1,216,18.441438,0.084253
[MO866] Iteration,0,216,18.444191,0.083916
[MO866] Iteration,1,217,18.524499,0.083028
[MO866] Iteration,0,217,18.527567,0.083361
[MO866] Iteration,1,218,18.607909,0.083377
[MO866] Iteration,0,218,18.611097,0.083516
[MO866] Iteration,1,219,18.691333,0.083388
[MO866] Iteration,0,219,18.694337,0.083226
[MO866] Iteration,1,220,18.774643,0.083274
[MO866] Iteration,0,220,18.777673,0.083321
 Time step  220
[MO866] Iteration,1,221,18.858065,0.083386
[MO866] Iteration,0,221,18.861069,0.083381
[MO866] Iteration,1,222,18.941392,0.083294
[MO866] Iteration,0,222,18.944489,0.083405
[MO866] Iteration,1,223,19.024844,0.083420
[MO866] Iteration,0,223,19.027956,0.083452
[MO866] Iteration,1,224,19.108301,0.083425
[MO866] Iteration,0,224,19.111416,0.083446
[MO866] Iteration,1,225,19.191837,0.083499
[MO866] Iteration,0,225,19.194805,0.083375
[MO866] Iteration,1,226,19.275171,0.083300
[MO866] Iteration,0,226,19.278181,0.083359
[MO866] Iteration,1,227,19.358472,0.083264
[MO866] Iteration,0,227,19.361542,0.083346
[MO866] Iteration,1,228,19.441829,0.083323
[MO866] Iteration,0,228,19.444885,0.083329
[MO866] Iteration,1,229,19.525152,0.083289
[MO866] Iteration,0,229,19.528144,0.083244
[MO866] Iteration,1,230,19.608542,0.083361
[MO866] Iteration,0,230,19.611654,0.083495
[MO866] Iteration,1,231,19.692064,0.083489
[MO866] Iteration,0,231,19.695232,0.083564
[MO866] Iteration,1,232,19.775664,0.083564
[MO866] Iteration,0,232,19.778622,0.083376
[MO866] Iteration,1,233,19.858936,0.083236
[MO866] Iteration,0,233,19.861947,0.083310
[MO866] Iteration,1,234,19.942424,0.083453
[MO866] Iteration,0,234,19.945316,0.083354
[MO866] Iteration,1,235,20.025641,0.083180
[MO866] Iteration,0,235,20.028717,0.083385
[MO866] Iteration,1,236,20.109093,0.083418
[MO866] Iteration,0,236,20.112195,0.083463
[MO866] Iteration,1,237,20.192508,0.083382
[MO866] Iteration,0,237,20.195560,0.083350
[MO866] Iteration,1,238,20.275896,0.083356
[MO866] Iteration,0,238,20.278959,0.083384
[MO866] Iteration,1,239,20.359228,0.083297
[MO866] Iteration,0,239,20.362161,0.083183
[MO866] Iteration,1,240,20.443380,0.084116
[MO866] Iteration,0,240,20.445959,0.083783
 Time step  240
[MO866] Iteration,1,241,20.526336,0.082919
[MO866] Iteration,0,241,20.529364,0.083390
[MO866] Iteration,1,242,20.609673,0.083302
[MO866] Iteration,0,242,20.612751,0.083372
[MO866] Iteration,1,243,20.692996,0.083289
[MO866] Iteration,0,243,20.696097,0.083332
[MO866] Iteration,1,244,20.776439,0.083412
[MO866] Iteration,0,244,20.779453,0.083341
[MO866] Iteration,1,245,20.859900,0.083428
[MO866] Iteration,0,245,20.863079,0.083612
[MO866] Iteration,1,246,20.943346,0.083410
[MO866] Iteration,0,246,20.946392,0.083299
[MO866] Iteration,1,247,21.031673,0.088291
[MO866] Iteration,0,247,21.035215,0.088808
[MO866] Iteration,1,248,21.118302,0.086579
[MO866] Iteration,0,248,21.121343,0.086095
[MO866] Iteration,1,249,21.201607,0.083266
[MO866] Iteration,0,249,21.204670,0.083311
[MO866] Iteration,1,250,21.284922,0.083282
[MO866] Iteration,0,250,21.288021,0.083336
 Time step  250
[MO866] Iteration,1,251,21.369770,0.084816
[MO866] Iteration,0,251,21.372195,0.084159
[MO866] PI avg,1,0.083934,251
[MO866] Beta,1,0.000294
[MO866] Total time,1,21.375971

 Verification being performed for class A
 Accuracy setting for epsilon =  0.1000000000000E-07
 Comparison of RMS-norms of residual
           1   0.7790210760669E+03 0.7790210760669E+03 0.1736632564189E-13
           2   0.6340276525969E+02 0.6340276525969E+02 0.7284426418191E-14
           3   0.1949924972729E+03 0.1949924972729E+03 0.7725172100868E-14
           4   0.1784530116042E+03 0.1784530116042E+03 0.1433404696139E-14
           5   0.1838476034946E+04 0.1838476034946E+04 0.1780921189151E-13
 Comparison of RMS-norms of solution error
           1   0.2996408568547E+02 0.2996408568547E+02 0.1897051672375E-14
           2   0.2819457636500E+01 0.2819457636500E+01 0.2047613574083E-14
           3   0.7347341269878E+01 0.7347341269877E+01 0.6890406755769E-14
           4   0.6713922568778E+01 0.6713922568778E+01 0.5953007124683E-14
           5   0.7071531568839E+02 0.7071531568839E+02 0.9646015430879E-14
 Comparison of surface integral
               0.2603092560489E+02 0.2603092560489E+02 0.4094414927144E-15
 Verification Successful


 LU Benchmark Completed.
 Class           =                        A
 Size            =             64x  64x  64
 Iterations      =                      250
 Time in seconds =                    20.99
 Total processes =                        2
 Active procs    =                        2
 Mop/s total     =                  5683.03
 Mop/s/process   =                  2841.52
 Operation type  =           floating point
 Verification    =               SUCCESSFUL
 Version         =                      3.4
 Compile date    =              15 Jun 2020

 Compile options:
    MPIFC        = mpif90
    FLINK        = $(MPIFC)
    FMPI_LIB     = (none)
    FMPI_INC     = (none)
    FFLAGS       = -O3
    FLINKFLAGS   = $(FFLAGS) -O ../kernel_stats/kernel_stats.o...
    RAND         = (none)


 Please send feedbacks and/or the results of this run to:

 NPB Development Team 
 Internet: npb@nas.nasa.gov


[MO866] PI avg,0,0.083954,251
[MO866] Beta,0,0.000311
[MO866] Total time,0,21.378749
