--------------------------------------------------------------------------
[[35546,1],0]: A high-performance Open MPI point-to-point messaging module
was unable to find any relevant network interfaces:

Module: OpenFabrics (openib)
  Host: node06

Another transport will be used instead, although this may result in
lower performance.

NOTE: You can disable this warning by setting the MCA parameter
btl_base_warn_component_unused to 0.
--------------------------------------------------------------------------


 NAS Parallel Benchmarks 3.4 -- LU Benchmark

 Size:  102x 102x 102  (class B)
 Iterations:  250
 Total number of processes:     2

[MO866] Init time,1,0.514292
[MO866] Init time,0,0.517744
[MO866] Iteration,1,1,0.859593,0.345263
[MO866] Iteration,0,1,0.865983,0.348200
 Time step    1
[MO866] Iteration,1,2,1.461744,0.372286
[MO866] Iteration,0,2,1.466231,0.373320
[MO866] Iteration,1,3,1.808988,0.347185
[MO866] Iteration,0,3,1.813653,0.347377
[MO866] Iteration,1,4,2.156482,0.347459
[MO866] Iteration,0,4,2.161110,0.347428
[MO866] Iteration,1,5,2.507238,0.350723
[MO866] Iteration,0,5,2.511711,0.350573
[MO866] Iteration,1,6,2.862007,0.354732
[MO866] Iteration,0,6,2.866639,0.354905
[MO866] Iteration,1,7,3.241672,0.379631
[MO866] Iteration,0,7,3.246459,0.379795
[MO866] Iteration,1,8,3.597494,0.355766
[MO866] Iteration,0,8,3.601946,0.355435
[MO866] Iteration,1,9,3.953088,0.355561
[MO866] Iteration,0,9,3.958217,0.356245
[MO866] Iteration,1,10,4.309361,0.356239
[MO866] Iteration,0,10,4.313810,0.355553
[MO866] Iteration,1,11,4.664618,0.355223
[MO866] Iteration,0,11,4.669086,0.355248
[MO866] Iteration,1,12,5.019880,0.355228
[MO866] Iteration,0,12,5.024333,0.355219
[MO866] Iteration,1,13,5.375167,0.355257
[MO866] Iteration,0,13,5.379666,0.355308
[MO866] Iteration,1,14,5.746702,0.371505
[MO866] Iteration,0,14,5.751730,0.372041
[MO866] Iteration,1,15,6.094922,0.348163
[MO866] Iteration,0,15,6.099430,0.347649
[MO866] Iteration,1,16,6.442583,0.347626
[MO866] Iteration,0,16,6.447054,0.347588
[MO866] Iteration,1,17,6.789920,0.347300
[MO866] Iteration,0,17,6.794583,0.347505
[MO866] Iteration,1,18,7.137226,0.347270
[MO866] Iteration,0,18,7.141893,0.347280
[MO866] Iteration,1,19,7.484696,0.347436
[MO866] Iteration,0,19,7.489375,0.347454
[MO866] Iteration,1,20,7.832474,0.347745
[MO866] Iteration,0,20,7.836914,0.347508
 Time step   20
[MO866] Iteration,1,21,8.180107,0.347600
[MO866] Iteration,0,21,8.184565,0.347625
[MO866] Iteration,1,22,8.551744,0.371606
[MO866] Iteration,0,22,8.556546,0.371955
[MO866] Iteration,1,23,8.899876,0.348080
[MO866] Iteration,0,23,8.904319,0.347720
[MO866] Iteration,1,24,9.247391,0.347483
[MO866] Iteration,0,24,9.251876,0.347532
[MO866] Iteration,1,25,9.595021,0.347593
[MO866] Iteration,0,25,9.599420,0.347519
[MO866] Iteration,1,26,9.942473,0.347415
[MO866] Iteration,0,26,9.946910,0.347456
[MO866] Iteration,1,27,10.290047,0.347539
[MO866] Iteration,0,27,10.294474,0.347515
[MO866] Iteration,1,28,10.637645,0.347561
[MO866] Iteration,0,28,10.642072,0.347573
[MO866] Iteration,1,29,10.984835,0.347154
[MO866] Iteration,0,29,10.989492,0.347394
[MO866] Iteration,1,30,11.332625,0.347755
[MO866] Iteration,0,30,11.337092,0.347572
[MO866] Iteration,1,31,11.680636,0.347972
[MO866] Iteration,0,31,11.685085,0.347966
[MO866] Iteration,1,32,12.051815,0.371143
[MO866] Iteration,0,32,12.056574,0.371463
[MO866] Iteration,1,33,12.399936,0.348067
[MO866] Iteration,0,33,12.404402,0.347778
[MO866] Iteration,1,34,12.747462,0.347495
[MO866] Iteration,0,34,12.751938,0.347508
[MO866] Iteration,1,35,13.094984,0.347460
[MO866] Iteration,0,35,13.099483,0.347518
[MO866] Iteration,1,36,13.442509,0.347488
[MO866] Iteration,0,36,13.446911,0.347406
[MO866] Iteration,1,37,13.789987,0.347442
[MO866] Iteration,0,37,13.794428,0.347470
[MO866] Iteration,1,38,14.137189,0.347164
[MO866] Iteration,0,38,14.141890,0.347435
[MO866] Iteration,1,39,14.485079,0.347855
[MO866] Iteration,0,39,14.489694,0.347773
[MO866] Iteration,1,40,14.832532,0.347417
[MO866] Iteration,0,40,14.837175,0.347451
 Time step   40
[MO866] Iteration,1,41,15.180212,0.347647
[MO866] Iteration,0,41,15.184656,0.347449
[MO866] Iteration,1,42,15.527705,0.347460
[MO866] Iteration,0,42,15.532121,0.347439
[MO866] Iteration,1,43,15.875197,0.347456
[MO866] Iteration,0,43,15.879704,0.347558
[MO866] Iteration,1,44,16.246874,0.371640
[MO866] Iteration,0,44,16.251826,0.372095
[MO866] Iteration,1,45,16.595107,0.348175
[MO866] Iteration,0,45,16.599573,0.347698
[MO866] Iteration,1,46,16.942797,0.347652
[MO866] Iteration,0,46,16.946994,0.347398
[MO866] Iteration,0,47,17.293109,0.346098
[MO866] Iteration,1,47,17.290076,0.347241
[MO866] Iteration,0,48,17.639491,0.346342
[MO866] Iteration,1,48,17.636462,0.346369
[MO866] Iteration,0,49,17.985569,0.346046
[MO866] Iteration,1,49,17.982527,0.346050
[MO866] Iteration,0,50,18.331606,0.346002
[MO866] Iteration,1,50,18.328556,0.346012
[MO866] Iteration,0,51,18.677795,0.346156
[MO866] Iteration,1,51,18.674760,0.346188
[MO866] Iteration,0,52,19.023847,0.346015
[MO866] Iteration,1,52,19.020809,0.346032
[MO866] Iteration,0,53,19.369854,0.345974
[MO866] Iteration,1,53,19.366772,0.345946
[MO866] Iteration,0,54,19.715782,0.345893
[MO866] Iteration,1,54,19.712743,0.345955
[MO866] Iteration,0,55,20.061798,0.345985
[MO866] Iteration,1,55,20.058787,0.346029
[MO866] Iteration,0,56,20.407803,0.345968
[MO866] Iteration,1,56,20.404773,0.345969
[MO866] Iteration,0,57,20.754190,0.346354
[MO866] Iteration,1,57,20.751151,0.346362
[MO866] Iteration,0,58,21.128873,0.374647
[MO866] Iteration,1,58,21.126796,0.375629
[MO866] Iteration,0,59,21.474740,0.345812
[MO866] Iteration,1,59,21.471446,0.344598
[MO866] Iteration,0,60,21.819273,0.344497
 Time step   60
[MO866] Iteration,1,60,21.815942,0.344465
[MO866] Iteration,0,61,22.163695,0.344390
[MO866] Iteration,1,61,22.160397,0.344440
[MO866] Iteration,0,62,22.508048,0.344321
[MO866] Iteration,1,62,22.504756,0.344341
[MO866] Iteration,0,63,22.852610,0.344529
[MO866] Iteration,1,63,22.849310,0.344537
[MO866] Iteration,0,64,23.197167,0.344523
[MO866] Iteration,1,64,23.193872,0.344545
[MO866] Iteration,0,65,23.542015,0.344811
[MO866] Iteration,1,65,23.538670,0.344781
[MO866] Iteration,0,66,23.886738,0.344688
[MO866] Iteration,1,66,23.883427,0.344741
[MO866] Iteration,0,67,24.231282,0.344508
[MO866] Iteration,1,67,24.227936,0.344494
[MO866] Iteration,0,68,24.575697,0.344383
[MO866] Iteration,1,68,24.572368,0.344417
[MO866] Iteration,0,69,24.920136,0.344408
[MO866] Iteration,1,69,24.916803,0.344420
[MO866] Iteration,0,70,25.264596,0.344426
[MO866] Iteration,1,70,25.261294,0.344475
[MO866] Iteration,0,71,25.609027,0.344396
[MO866] Iteration,1,71,25.605742,0.344432
[MO866] Iteration,0,72,25.953606,0.344543
[MO866] Iteration,1,72,25.950289,0.344532
[MO866] Iteration,0,73,26.298192,0.344550
[MO866] Iteration,1,73,26.294913,0.344608
[MO866] Iteration,0,74,26.643002,0.344773
[MO866] Iteration,1,74,26.639703,0.344774
[MO866] Iteration,0,75,26.987504,0.344466
[MO866] Iteration,1,75,26.984199,0.344482
[MO866] Iteration,0,76,27.358182,0.370647
[MO866] Iteration,1,76,27.354871,0.370657
[MO866] Iteration,0,77,27.702699,0.344461
[MO866] Iteration,1,77,27.699409,0.344505
[MO866] Iteration,0,78,28.047240,0.344504
[MO866] Iteration,1,78,28.043924,0.344500
[MO866] Iteration,0,79,28.391685,0.344413
[MO866] Iteration,1,79,28.388412,0.344473
[MO866] Iteration,0,80,28.736106,0.344389
 Time step   80
[MO866] Iteration,1,80,28.732730,0.344301
[MO866] Iteration,0,81,29.080700,0.344562
[MO866] Iteration,1,81,29.077401,0.344655
[MO866] Iteration,0,82,29.425305,0.344568
[MO866] Iteration,1,82,29.421994,0.344575
[MO866] Iteration,0,83,29.790510,0.365169
[MO866] Iteration,1,83,29.787521,0.365511
[MO866] Iteration,0,84,30.131923,0.341368
[MO866] Iteration,1,84,30.128959,0.341420
[MO866] Iteration,0,85,30.473628,0.341670
[MO866] Iteration,1,85,30.470603,0.341627
[MO866] Iteration,1,86,30.816453,0.345833
[MO866] Iteration,0,86,30.821783,0.348116
[MO866] Iteration,1,87,31.164292,0.347805
[MO866] Iteration,0,87,31.169648,0.347826
[MO866] Iteration,1,88,31.511015,0.346690
[MO866] Iteration,0,88,31.515871,0.346183
[MO866] Iteration,1,89,31.856142,0.345089
[MO866] Iteration,0,89,31.860995,0.345089
[MO866] Iteration,1,90,32.201285,0.345110
[MO866] Iteration,0,90,32.206087,0.345057
[MO866] Iteration,1,91,32.546707,0.345384
[MO866] Iteration,0,91,32.551581,0.345461
[MO866] Iteration,1,92,32.891906,0.345161
[MO866] Iteration,0,92,32.896701,0.345091
[MO866] Iteration,1,93,33.236981,0.345042
[MO866] Iteration,0,93,33.241770,0.345035
[MO866] Iteration,1,94,33.581914,0.344898
[MO866] Iteration,0,94,33.586742,0.344939
[MO866] Iteration,1,95,33.926839,0.344888
[MO866] Iteration,0,95,33.931712,0.344939
[MO866] Iteration,1,96,34.295844,0.368968
[MO866] Iteration,0,96,34.300814,0.369072
[MO866] Iteration,1,97,34.641923,0.346027
[MO866] Iteration,0,97,34.646315,0.345447
[MO866] Iteration,1,98,34.987087,0.345123
[MO866] Iteration,0,98,34.991943,0.345602
[MO866] Iteration,1,99,35.332207,0.345082
[MO866] Iteration,0,99,35.337050,0.345075
[MO866] Iteration,1,100,35.677516,0.345276
[MO866] Iteration,0,100,35.682289,0.345204
 Time step  100
[MO866] Iteration,1,101,36.022402,0.344850
[MO866] Iteration,0,101,36.027240,0.344919
[MO866] Iteration,1,102,36.367325,0.344885
[MO866] Iteration,0,102,36.372199,0.344929
[MO866] Iteration,1,103,36.712515,0.345154
[MO866] Iteration,0,103,36.717332,0.345101
[MO866] Iteration,1,104,37.057483,0.344935
[MO866] Iteration,0,104,37.062267,0.344900
[MO866] Iteration,1,105,37.402486,0.344967
[MO866] Iteration,0,105,37.407315,0.345015
[MO866] Iteration,1,106,37.747299,0.344776
[MO866] Iteration,0,106,37.752175,0.344832
[MO866] Iteration,1,107,38.092343,0.345008
[MO866] Iteration,0,107,38.097172,0.344964
[MO866] Iteration,1,108,38.437286,0.344912
[MO866] Iteration,0,108,38.442089,0.344885
[MO866] Iteration,1,109,38.782653,0.345330
[MO866] Iteration,0,109,38.787528,0.345408
[MO866] Iteration,1,110,39.127572,0.344883
[MO866] Iteration,0,110,39.132374,0.344816
[MO866] Iteration,1,111,39.472616,0.345008
[MO866] Iteration,0,111,39.477387,0.344981
[MO866] Iteration,1,112,39.818059,0.345410
[MO866] Iteration,0,112,39.822609,0.345192
[MO866] Iteration,1,113,40.163696,0.345600
[MO866] Iteration,0,113,40.168493,0.345861
[MO866] Iteration,1,114,40.509046,0.345313
[MO866] Iteration,0,114,40.513833,0.345305
[MO866] Iteration,1,115,40.854187,0.345104
[MO866] Iteration,0,115,40.859048,0.345183
[MO866] Iteration,1,116,41.199069,0.344846
[MO866] Iteration,0,116,41.203882,0.344804
[MO866] Iteration,1,117,41.544530,0.345425
[MO866] Iteration,0,117,41.549357,0.345442
[MO866] Iteration,1,118,41.897215,0.352656
[MO866] Iteration,0,118,41.902047,0.352655
[MO866] Iteration,1,119,42.249752,0.352504
[MO866] Iteration,0,119,42.254571,0.352489
[MO866] Iteration,1,120,42.595788,0.346002
[MO866] Iteration,0,120,42.600585,0.345984
 Time step  120
[MO866] Iteration,1,121,42.964744,0.368924
[MO866] Iteration,0,121,42.969896,0.369277
[MO866] Iteration,1,122,43.310309,0.345511
[MO866] Iteration,0,122,43.315086,0.345133
[MO866] Iteration,1,123,43.655146,0.344800
[MO866] Iteration,0,123,43.659937,0.344821
[MO866] Iteration,1,124,44.000248,0.345065
[MO866] Iteration,0,124,44.005046,0.345077
[MO866] Iteration,1,125,44.345272,0.344992
[MO866] Iteration,0,125,44.350049,0.344970
[MO866] Iteration,1,126,44.690590,0.345283
[MO866] Iteration,0,126,44.695506,0.345426
[MO866] Iteration,1,127,45.036270,0.345643
[MO866] Iteration,0,127,45.041072,0.345537
[MO866] Iteration,1,128,45.381683,0.345380
[MO866] Iteration,0,128,45.385640,0.344535
[MO866] Iteration,1,129,45.724325,0.342605
[MO866] Iteration,0,129,45.728381,0.342723
[MO866] Iteration,1,130,46.067014,0.342656
[MO866] Iteration,0,130,46.071045,0.342645
[MO866] Iteration,1,131,46.409966,0.342914
[MO866] Iteration,0,131,46.413942,0.342882
[MO866] Iteration,1,132,46.752718,0.342716
[MO866] Iteration,0,132,46.756670,0.342711
[MO866] Iteration,1,133,47.095543,0.342791
[MO866] Iteration,0,133,47.099412,0.342726
[MO866] Iteration,1,134,47.438132,0.342555
[MO866] Iteration,0,134,47.442103,0.342676
[MO866] Iteration,1,135,47.781234,0.343066
[MO866] Iteration,0,135,47.785314,0.343195
[MO866] Iteration,1,136,48.123967,0.342698
[MO866] Iteration,0,136,48.128027,0.342695
[MO866] Iteration,1,137,48.466693,0.342681
[MO866] Iteration,0,137,48.470657,0.342614
[MO866] Iteration,1,138,48.809416,0.342686
[MO866] Iteration,0,138,48.813426,0.342753
[MO866] Iteration,1,139,49.152018,0.342566
[MO866] Iteration,0,139,49.156073,0.342630
[MO866] Iteration,1,140,49.494865,0.342817
[MO866] Iteration,0,140,49.498824,0.342734
 Time step  140
[MO866] Iteration,1,141,49.837657,0.342756
[MO866] Iteration,0,141,49.841640,0.342800
[MO866] Iteration,1,142,50.181197,0.343502
[MO866] Iteration,0,142,50.185191,0.343535
[MO866] Iteration,1,143,50.524017,0.342782
[MO866] Iteration,0,143,50.528118,0.342910
[MO866] Iteration,1,144,50.867265,0.343219
[MO866] Iteration,0,144,50.871234,0.343098
[MO866] Iteration,1,145,51.210119,0.342817
[MO866] Iteration,0,145,51.214101,0.342851
[MO866] Iteration,1,146,51.554309,0.344154
[MO866] Iteration,0,146,51.559123,0.345005
[MO866] Iteration,1,147,51.899065,0.344720
[MO866] Iteration,0,147,51.903921,0.344765
[MO866] Iteration,1,148,52.244142,0.345041
[MO866] Iteration,0,148,52.248976,0.345024
[MO866] Iteration,1,149,52.589113,0.344943
[MO866] Iteration,0,149,52.593913,0.344904
[MO866] Iteration,1,150,52.934236,0.345087
[MO866] Iteration,0,150,52.938969,0.345022
[MO866] Iteration,1,151,53.302986,0.368713
[MO866] Iteration,0,151,53.308193,0.369197
[MO866] Iteration,1,152,53.649278,0.346234
[MO866] Iteration,0,152,53.654132,0.345886
[MO866] Iteration,1,153,53.994180,0.344866
[MO866] Iteration,0,153,53.998991,0.344827
[MO866] Iteration,1,154,54.339589,0.345372
[MO866] Iteration,0,154,54.344172,0.345151
[MO866] Iteration,1,155,54.684632,0.345008
[MO866] Iteration,0,155,54.689452,0.345252
[MO866] Iteration,1,156,55.029654,0.344988
[MO866] Iteration,0,156,55.034462,0.344977
[MO866] Iteration,1,157,55.374612,0.344922
[MO866] Iteration,0,157,55.379417,0.344924
[MO866] Iteration,1,158,55.719588,0.344939
[MO866] Iteration,0,158,55.724405,0.344959
[MO866] Iteration,1,159,56.064549,0.344926
[MO866] Iteration,0,159,56.069409,0.344971
[MO866] Iteration,1,160,56.409645,0.345062
[MO866] Iteration,0,160,56.414408,0.344965
 Time step  160
[MO866] Iteration,1,161,56.754726,0.345044
[MO866] Iteration,0,161,56.759567,0.345126
[MO866] Iteration,1,162,57.099680,0.344919
[MO866] Iteration,0,162,57.104520,0.344924
[MO866] Iteration,1,163,57.444753,0.345037
[MO866] Iteration,0,163,57.449578,0.345026
[MO866] Iteration,1,164,57.789765,0.344978
[MO866] Iteration,0,164,57.794527,0.344917
[MO866] Iteration,1,165,58.134566,0.344764
[MO866] Iteration,0,165,58.139404,0.344846
[MO866] Iteration,1,166,58.479367,0.344764
[MO866] Iteration,0,166,58.484175,0.344742
[MO866] Iteration,1,167,58.824428,0.345024
[MO866] Iteration,0,167,58.829241,0.345034
[MO866] Iteration,1,168,59.169386,0.344924
[MO866] Iteration,0,168,59.174195,0.344920
[MO866] Iteration,1,169,59.514289,0.344866
[MO866] Iteration,0,169,59.519142,0.344914
[MO866] Iteration,1,170,59.859416,0.345090
[MO866] Iteration,0,170,59.864191,0.345018
[MO866] Iteration,1,171,60.204436,0.344983
[MO866] Iteration,0,171,60.209196,0.344974
[MO866] Iteration,0,172,60.553029,0.343801
[MO866] Iteration,1,172,60.550206,0.345736
[MO866] Iteration,0,173,60.894393,0.341321
[MO866] Iteration,1,173,60.891401,0.341176
[MO866] Iteration,0,174,61.235538,0.341106
[MO866] Iteration,1,174,61.232554,0.341125
[MO866] Iteration,1,175,61.576107,0.343537
[MO866] Iteration,0,175,61.580972,0.345402
[MO866] Iteration,1,176,61.921162,0.345020
[MO866] Iteration,0,176,61.925945,0.344934
[MO866] Iteration,1,177,62.266158,0.344959
[MO866] Iteration,0,177,62.270995,0.345018
[MO866] Iteration,1,178,62.611134,0.344939
[MO866] Iteration,0,178,62.615984,0.344961
[MO866] Iteration,1,179,62.956798,0.345627
[MO866] Iteration,0,179,62.961613,0.345596
[MO866] Iteration,1,180,63.301753,0.344920
[MO866] Iteration,0,180,63.306470,0.344825
 Time step  180
[MO866] Iteration,1,181,63.646605,0.344816
[MO866] Iteration,0,181,63.651490,0.344991
[MO866] Iteration,1,182,63.991604,0.344963
[MO866] Iteration,0,182,63.996460,0.344940
[MO866] Iteration,1,183,64.336718,0.345080
[MO866] Iteration,0,183,64.341510,0.345017
[MO866] Iteration,1,184,64.681641,0.344890
[MO866] Iteration,0,184,64.686456,0.344914
[MO866] Iteration,1,185,65.026549,0.344873
[MO866] Iteration,0,185,65.031402,0.344915
[MO866] Iteration,1,186,65.372061,0.345475
[MO866] Iteration,0,186,65.376467,0.345036
[MO866] Iteration,1,187,65.741571,0.369476
[MO866] Iteration,0,187,65.746692,0.370200
[MO866] Iteration,1,188,66.086872,0.345242
[MO866] Iteration,0,188,66.091769,0.345021
[MO866] Iteration,1,189,66.432172,0.345263
[MO866] Iteration,0,189,66.437050,0.345250
[MO866] Iteration,1,190,66.777117,0.344911
[MO866] Iteration,0,190,66.781869,0.344782
[MO866] Iteration,1,191,67.122040,0.344886
[MO866] Iteration,0,191,67.126832,0.344932
[MO866] Iteration,1,192,67.466895,0.344818
[MO866] Iteration,0,192,67.471767,0.344902
[MO866] Iteration,1,193,67.811933,0.345002
[MO866] Iteration,0,193,67.816742,0.344944
[MO866] Iteration,1,194,68.157146,0.345181
[MO866] Iteration,0,194,68.161931,0.345155
[MO866] Iteration,1,195,68.501988,0.344806
[MO866] Iteration,0,195,68.506781,0.344818
[MO866] Iteration,1,196,68.847239,0.345215
[MO866] Iteration,0,196,68.852078,0.345266
[MO866] Iteration,1,197,69.192475,0.345200
[MO866] Iteration,0,197,69.197292,0.345181
[MO866] Iteration,1,198,69.537482,0.344975
[MO866] Iteration,0,198,69.542282,0.344956
[MO866] Iteration,1,199,69.882333,0.344814
[MO866] Iteration,0,199,69.887161,0.344848
[MO866] Iteration,1,200,70.227243,0.344871
[MO866] Iteration,0,200,70.231989,0.344795
 Time step  200
[MO866] Iteration,1,201,70.572249,0.344970
[MO866] Iteration,0,201,70.577106,0.345087
[MO866] Iteration,1,202,70.917313,0.345032
[MO866] Iteration,0,202,70.922140,0.345000
[MO866] Iteration,1,203,71.262323,0.344975
[MO866] Iteration,0,203,71.267226,0.345054
[MO866] Iteration,1,204,71.607163,0.344802
[MO866] Iteration,0,204,71.612023,0.344764
[MO866] Iteration,1,205,71.952623,0.345423
[MO866] Iteration,0,205,71.957464,0.345408
[MO866] Iteration,1,206,72.297568,0.344911
[MO866] Iteration,0,206,72.302348,0.344849
[MO866] Iteration,1,207,72.642451,0.344848
[MO866] Iteration,0,207,72.647251,0.344872
[MO866] Iteration,1,208,72.987292,0.344804
[MO866] Iteration,0,208,72.992127,0.344848
[MO866] Iteration,1,209,73.332190,0.344861
[MO866] Iteration,0,209,73.337072,0.344911
[MO866] Iteration,1,210,73.677243,0.345021
[MO866] Iteration,0,210,73.682036,0.344933
[MO866] Iteration,1,211,74.022215,0.344936
[MO866] Iteration,0,211,74.027021,0.344952
[MO866] Iteration,1,212,74.366991,0.344740
[MO866] Iteration,0,212,74.371845,0.344795
[MO866] Iteration,1,213,74.712512,0.345483
[MO866] Iteration,0,213,74.717370,0.345493
[MO866] Iteration,1,214,75.065112,0.352569
[MO866] Iteration,0,214,75.069950,0.352553
[MO866] Iteration,1,215,75.417598,0.352452
[MO866] Iteration,0,215,75.422432,0.352452
[MO866] Iteration,1,216,75.764425,0.346791
[MO866] Iteration,0,216,75.769981,0.347521
[MO866] Iteration,1,217,76.109724,0.345260
[MO866] Iteration,0,217,76.115278,0.345258
[MO866] Iteration,1,218,76.454531,0.344769
[MO866] Iteration,0,218,76.460133,0.344821
[MO866] Iteration,1,219,76.799082,0.344513
[MO866] Iteration,0,219,76.804881,0.344711
[MO866] Iteration,1,220,77.145481,0.346362
[MO866] Iteration,0,220,77.151363,0.346443
 Time step  220
[MO866] Iteration,1,221,77.492073,0.346556
[MO866] Iteration,0,221,77.498021,0.346621
[MO866] Iteration,1,222,77.839033,0.346927
[MO866] Iteration,0,222,77.845027,0.346967
[MO866] Iteration,1,223,78.185738,0.346669
[MO866] Iteration,0,223,78.191598,0.346533
[MO866] Iteration,1,224,78.534676,0.348901
[MO866] Iteration,0,224,78.538434,0.346803
[MO866] Iteration,1,225,78.882622,0.347908
[MO866] Iteration,0,225,78.886452,0.348000
[MO866] Iteration,1,226,79.230511,0.347852
[MO866] Iteration,0,226,79.234353,0.347885
[MO866] Iteration,1,227,79.578428,0.347881
[MO866] Iteration,0,227,79.582165,0.347797
[MO866] Iteration,1,228,79.926190,0.347724
[MO866] Iteration,0,228,79.930016,0.347835
[MO866] Iteration,1,229,80.274075,0.347848
[MO866] Iteration,0,229,80.277904,0.347871
[MO866] Iteration,1,230,80.648152,0.374040
[MO866] Iteration,0,230,80.652337,0.374418
[MO866] Iteration,1,231,80.996870,0.348665
[MO866] Iteration,0,231,81.000655,0.348285
[MO866] Iteration,1,232,81.345280,0.348374
[MO866] Iteration,0,232,81.348757,0.348086
[MO866] Iteration,1,233,81.692664,0.347347
[MO866] Iteration,0,233,81.696173,0.347389
[MO866] Iteration,1,234,82.040128,0.347429
[MO866] Iteration,0,234,82.043649,0.347456
[MO866] Iteration,1,235,82.387701,0.347541
[MO866] Iteration,0,235,82.391123,0.347459
[MO866] Iteration,1,236,82.735199,0.347485
[MO866] Iteration,0,236,82.738668,0.347511
[MO866] Iteration,1,237,83.082720,0.347487
[MO866] Iteration,0,237,83.086260,0.347574
[MO866] Iteration,1,238,83.430283,0.347527
[MO866] Iteration,0,238,83.433765,0.347489
[MO866] Iteration,1,239,83.778083,0.347764
[MO866] Iteration,0,239,83.781604,0.347814
[MO866] Iteration,1,240,84.125724,0.347604
[MO866] Iteration,0,240,84.129459,0.347835
 Time step  240
[MO866] Iteration,1,241,84.473473,0.347712
[MO866] Iteration,0,241,84.477003,0.347527
[MO866] Iteration,1,242,84.821019,0.347511
[MO866] Iteration,0,242,84.824485,0.347463
[MO866] Iteration,1,243,85.168420,0.347369
[MO866] Iteration,0,243,85.171902,0.347398
[MO866] Iteration,1,244,85.515837,0.347386
[MO866] Iteration,0,244,85.519358,0.347431
[MO866] Iteration,0,245,85.866999,0.347626
[MO866] Iteration,1,245,85.863670,0.347802
[MO866] Iteration,0,246,86.215064,0.348031
[MO866] Iteration,1,246,86.211609,0.347924
[MO866] Iteration,0,247,86.562677,0.347584
[MO866] Iteration,1,247,86.559167,0.347527
[MO866] Iteration,0,248,86.912863,0.350171
[MO866] Iteration,1,248,86.909346,0.350141
[MO866] Iteration,0,249,87.268069,0.355188
[MO866] Iteration,1,249,87.264597,0.355216
[MO866] Iteration,0,250,87.615440,0.347360
 Time step  250
[MO866] Iteration,1,250,87.611989,0.347362
[MO866] Iteration,0,251,87.967275,0.351796
[MO866] Iteration,1,251,87.963816,0.351790

 Verification being performed for class B
[MO866] PI avg,1,0.347455,251
[MO866] Beta,1,0.000296
[MO866] Total time,1,87.989613
 Accuracy setting for epsilon =  0.1000000000000E-07
 Comparison of RMS-norms of residual
           1   0.3553267296998E+04 0.3553267296998E+04 0.2047680910561E-14
           2   0.2621475079531E+03 0.2621475079531E+03 0.3903075590852E-14
           3   0.8833372185095E+03 0.8833372185095E+03 0.3732343916732E-14
           4   0.7781277473942E+03 0.7781277473943E+03 0.7012946433168E-14
           5   0.7308796959255E+04 0.7308796959255E+04 0.3733150777795E-14
 Comparison of RMS-norms of solution error
           1   0.1140117638021E+03 0.1140117638021E+03 0.6481475424527E-14
           2   0.8109896365542E+01 0.8109896365542E+01 0.2190357014854E-15
           3   0.2848059731770E+02 0.2848059731770E+02 0.4740178665794E-14
           4   0.2590539456783E+02 0.2590539456783E+02 0.1919985869081E-14
           5   0.2605490750486E+03 0.2605490750486E+03 0.1221739687854E-13
 Comparison of surface integral
               0.4788716270331E+02 0.4788716270331E+02 0.1038649790370E-14
 Verification Successful


 LU Benchmark Completed.
 Class           =                        B
 Size            =            102x 102x 102
 Iterations      =                      250
 Time in seconds =                    86.87
 Total processes =                        2
 Active procs    =                        2
 Mop/s total     =                  5741.90
 Mop/s/process   =                  2870.95
 Operation type  =           floating point
 Verification    =               SUCCESSFUL
 Version         =                      3.4
 Compile date    =              15 Jun 2020

 Compile options:
    MPIFC        = mpif90
    FLINK        = $(MPIFC)
    FMPI_LIB     = (none)
    FMPI_INC     = (none)
    FFLAGS       = -O3
    FLINKFLAGS   = $(FFLAGS) -O ../kernel_stats/kernel_stats.o...
    RAND         = (none)


 Please send feedbacks and/or the results of this run to:

 NPB Development Team 
 Internet: npb@nas.nasa.gov


[MO866] PI avg,0,0.347470,251
[MO866] Beta,0,0.000300
[MO866] Total time,0,87.993422
