--------------------------------------------------------------------------
[[35481,1],1]: A high-performance Open MPI point-to-point messaging module
was unable to find any relevant network interfaces:

Module: OpenFabrics (openib)
  Host: node06

Another transport will be used instead, although this may result in
lower performance.

NOTE: You can disable this warning by setting the MCA parameter
btl_base_warn_component_unused to 0.
--------------------------------------------------------------------------


 NAS Parallel Benchmarks 3.4 -- LU Benchmark

 Size:  162x 162x 162  (class C)
 Iterations:  250
 Total number of processes:     2

[MO866] Init time,1,1.749390
[MO866] Init time,0,1.751867
[MO866] Iteration,1,1,3.255092,1.505661
[MO866] Iteration,0,1,3.259880,1.507971
 Time step    1
[MO866] Iteration,1,2,5.750013,1.486360
[MO866] Iteration,0,2,5.755007,1.488875
[MO866] Iteration,1,3,7.221933,1.471859
[MO866] Iteration,0,3,7.228875,1.473804
[MO866] Iteration,1,4,8.726169,1.504181
[MO866] Iteration,0,4,8.730777,1.501845
[MO866] Iteration,1,5,10.183000,1.456779
[MO866] Iteration,0,5,10.188222,1.457388
[MO866] Iteration,1,6,11.644770,1.461723
[MO866] Iteration,0,6,11.649566,1.461288
[MO866] Iteration,1,7,13.101071,1.456254
[MO866] Iteration,0,7,13.105803,1.456186
[MO866] Iteration,1,8,14.539880,1.438758
[MO866] Iteration,0,8,14.544734,1.438881
[MO866] Iteration,1,9,15.986571,1.446654
[MO866] Iteration,0,9,15.991806,1.447030
[MO866] Iteration,1,10,17.467099,1.480470
[MO866] Iteration,0,10,17.471865,1.479998
[MO866] Iteration,1,11,18.913418,1.446272
[MO866] Iteration,0,11,18.919454,1.447538
[MO866] Iteration,1,12,20.331437,1.417965
[MO866] Iteration,0,12,20.336310,1.416798
[MO866] Iteration,1,13,21.814700,1.483226
[MO866] Iteration,0,13,21.819492,1.483141
[MO866] Iteration,1,14,23.248512,1.433762
[MO866] Iteration,0,14,23.255021,1.435477
[MO866] Iteration,1,15,24.681287,1.432732
[MO866] Iteration,0,15,24.686456,1.431386
[MO866] Iteration,1,16,26.138103,1.456779
[MO866] Iteration,0,16,26.142885,1.456392
[MO866] Iteration,1,17,27.580386,1.442232
[MO866] Iteration,0,17,27.585348,1.442409
[MO866] Iteration,1,18,29.030630,1.450207
[MO866] Iteration,0,18,29.035413,1.450010
[MO866] Iteration,1,19,30.450472,1.419797
[MO866] Iteration,0,19,30.455334,1.419869
[MO866] Iteration,1,20,31.868394,1.417885
[MO866] Iteration,0,20,31.873222,1.417846
 Time step   20
[MO866] Iteration,1,21,33.349983,1.481550
[MO866] Iteration,0,21,33.354811,1.481549
[MO866] Iteration,1,22,34.768104,1.418072
[MO866] Iteration,0,22,34.773091,1.418217
[MO866] Iteration,1,23,36.209639,1.441499
[MO866] Iteration,0,23,36.216150,1.443018
[MO866] Iteration,1,24,37.628714,1.419019
[MO866] Iteration,0,24,37.633539,1.417332
[MO866] Iteration,1,25,39.046199,1.417448
[MO866] Iteration,0,25,39.051233,1.417655
[MO866] Iteration,1,26,40.534253,1.488016
[MO866] Iteration,0,26,40.539083,1.487810
[MO866] Iteration,1,27,41.953618,1.419318
[MO866] Iteration,0,27,41.958699,1.419566
[MO866] Iteration,1,28,43.373864,1.420208
[MO866] Iteration,0,28,43.379075,1.420337
[MO866] Iteration,1,29,44.818990,1.445088
[MO866] Iteration,0,29,44.825094,1.445977
[MO866] Iteration,1,30,46.238029,1.418987
[MO866] Iteration,0,30,46.242994,1.417841
[MO866] Iteration,1,31,47.658226,1.420157
[MO866] Iteration,0,31,47.663240,1.420206
[MO866] Iteration,1,32,49.136750,1.478484
[MO866] Iteration,0,32,49.141799,1.478518
[MO866] Iteration,1,33,50.554392,1.417593
[MO866] Iteration,0,33,50.559350,1.417506
[MO866] Iteration,1,34,51.972456,1.418027
[MO866] Iteration,0,34,51.977246,1.417855
[MO866] Iteration,1,35,53.405271,1.432776
[MO866] Iteration,0,35,53.411876,1.434589
[MO866] Iteration,1,36,54.842962,1.437646
[MO866] Iteration,0,36,54.848012,1.436085
[MO866] Iteration,1,37,56.260306,1.417307
[MO866] Iteration,0,37,56.265119,1.417066
[MO866] Iteration,1,38,57.680502,1.420158
[MO866] Iteration,0,38,57.685594,1.420432
[MO866] Iteration,1,39,59.102584,1.422043
[MO866] Iteration,0,39,59.107687,1.422055
[MO866] Iteration,1,40,60.587044,1.484422
[MO866] Iteration,0,40,60.591765,1.484037
 Time step   40
[MO866] Iteration,1,41,62.004135,1.417045
[MO866] Iteration,0,41,62.009018,1.417203
[MO866] Iteration,1,42,63.422855,1.418684
[MO866] Iteration,0,42,63.427973,1.418914
[MO866] Iteration,1,43,64.840702,1.417788
[MO866] Iteration,0,43,64.845618,1.417605
[MO866] Iteration,1,44,66.287458,1.446718
[MO866] Iteration,0,44,66.293083,1.447426
[MO866] Iteration,1,45,67.712542,1.425036
[MO866] Iteration,0,45,67.717540,1.424399
[MO866] Iteration,1,46,69.132068,1.419488
[MO866] Iteration,0,46,69.137031,1.419453
[MO866] Iteration,1,47,70.551934,1.419831
[MO866] Iteration,0,47,70.556980,1.419909
[MO866] Iteration,1,48,71.970357,1.418387
[MO866] Iteration,0,48,71.975334,1.418315
[MO866] Iteration,1,49,73.454673,1.484279
[MO866] Iteration,0,49,73.459577,1.484202
[MO866] Iteration,1,50,74.871883,1.417162
[MO866] Iteration,0,50,74.876719,1.417091
[MO866] Iteration,1,51,76.290050,1.418131
[MO866] Iteration,0,51,76.294989,1.418229
[MO866] Iteration,1,52,77.710235,1.420147
[MO866] Iteration,0,52,77.715293,1.420262
[MO866] Iteration,1,53,79.149318,1.439045
[MO866] Iteration,0,53,79.154231,1.438897
[MO866] Iteration,1,54,80.569083,1.419717
[MO866] Iteration,0,54,80.574030,1.419750
[MO866] Iteration,1,55,81.991449,1.422328
[MO866] Iteration,0,55,81.996268,1.422202
[MO866] Iteration,1,56,83.408819,1.417336
[MO866] Iteration,0,56,83.413778,1.417469
[MO866] Iteration,1,57,84.826632,1.417773
[MO866] Iteration,0,57,84.831688,1.417875
[MO866] Iteration,1,58,86.244079,1.417409
[MO866] Iteration,0,58,86.248907,1.417179
[MO866] Iteration,1,59,87.706148,1.462033
[MO866] Iteration,0,59,87.711304,1.462358
[MO866] Iteration,1,60,89.143188,1.436988
[MO866] Iteration,0,60,89.148175,1.436816
 Time step   60
[MO866] Iteration,1,61,90.560367,1.417145
[MO866] Iteration,0,61,90.565195,1.416981
[MO866] Iteration,1,62,91.978031,1.417626
[MO866] Iteration,0,62,91.982994,1.417758
[MO866] Iteration,1,63,93.397639,1.419570
[MO866] Iteration,0,63,93.402783,1.419749
[MO866] Iteration,1,64,94.819985,1.422308
[MO866] Iteration,0,64,94.824925,1.422102
[MO866] Iteration,1,65,96.260663,1.440642
[MO866] Iteration,0,65,96.266965,1.442000
[MO866] Iteration,1,66,97.685676,1.424960
[MO866] Iteration,0,66,97.690532,1.423511
[MO866] Iteration,1,67,99.103234,1.417520
[MO866] Iteration,0,67,99.108145,1.417575
[MO866] Iteration,1,68,100.520823,1.417555
[MO866] Iteration,0,68,100.525692,1.417507
[MO866] Iteration,1,69,101.940397,1.419535
[MO866] Iteration,0,69,101.945347,1.419619
[MO866] Iteration,1,70,103.360605,1.420171
[MO866] Iteration,0,70,103.365638,1.420223
[MO866] Iteration,1,71,104.780417,1.419774
[MO866] Iteration,0,71,104.785454,1.419780
[MO866] Iteration,1,72,106.261121,1.480668
[MO866] Iteration,0,72,106.265961,1.480470
[MO866] Iteration,1,73,107.680013,1.418845
[MO866] Iteration,0,73,107.684950,1.418946
[MO866] Iteration,1,74,109.100624,1.420573
[MO866] Iteration,0,74,109.105782,1.420791
[MO866] Iteration,1,75,110.518347,1.417684
[MO866] Iteration,0,75,110.523223,1.417405
[MO866] Iteration,1,76,111.954970,1.436584
[MO866] Iteration,0,76,111.959807,1.436543
[MO866] Iteration,1,77,113.372267,1.417261
[MO866] Iteration,0,77,113.377113,1.417266
[MO866] Iteration,1,78,114.789889,1.417584
[MO866] Iteration,0,78,114.794853,1.417699
[MO866] Iteration,1,79,116.238370,1.448442
[MO866] Iteration,0,79,116.256237,1.461344
[MO866] Iteration,0,80,117.666992,1.410707
 Time step   80
[MO866] Iteration,1,80,117.667401,1.428987
[MO866] Iteration,1,81,119.085121,1.417683
[MO866] Iteration,0,81,119.095256,1.428225
[MO866] Iteration,1,82,120.507740,1.422580
[MO866] Iteration,0,82,120.519077,1.423781
[MO866] Iteration,1,83,121.938375,1.430603
[MO866] Iteration,0,83,121.949502,1.430386
[MO866] Iteration,1,84,123.356034,1.417620
[MO866] Iteration,0,84,123.367042,1.417499
[MO866] Iteration,1,85,124.778115,1.422040
[MO866] Iteration,0,85,124.789262,1.422177
[MO866] Iteration,1,86,126.195300,1.417143
[MO866] Iteration,0,86,126.206431,1.417126
[MO866] Iteration,1,87,127.627202,1.431868
[MO866] Iteration,0,87,127.638488,1.432018
[MO866] Iteration,1,88,129.113732,1.486494
[MO866] Iteration,0,88,129.124654,1.486127
[MO866] Iteration,1,89,130.530826,1.417045
[MO866] Iteration,0,89,130.541840,1.417134
[MO866] Iteration,1,90,131.947763,1.416898
[MO866] Iteration,0,90,131.958773,1.416897
[MO866] Iteration,1,91,133.372871,1.425072
[MO866] Iteration,0,91,133.384035,1.425223
[MO866] Iteration,1,92,134.820698,1.447788
[MO866] Iteration,0,92,134.831762,1.447686
[MO866] Iteration,1,93,136.291581,1.470842
[MO866] Iteration,0,93,136.302786,1.470983
[MO866] Iteration,1,94,137.739252,1.447636
[MO866] Iteration,0,94,137.750743,1.447917
[MO866] Iteration,1,95,139.171446,1.432160
[MO866] Iteration,0,95,139.182542,1.431759
[MO866] Iteration,1,96,140.610943,1.439463
[MO866] Iteration,0,96,140.623542,1.440962
[MO866] Iteration,1,97,142.041481,1.430485
[MO866] Iteration,0,97,142.052504,1.428902
[MO866] Iteration,1,98,143.458609,1.417087
[MO866] Iteration,0,98,143.469735,1.417190
[MO866] Iteration,1,99,144.875647,1.416998
[MO866] Iteration,0,99,144.886654,1.416882
[MO866] Iteration,1,100,146.293033,1.417349
[MO866] Iteration,0,100,146.304049,1.417356
 Time step  100
[MO866] Iteration,1,101,147.710514,1.417441
[MO866] Iteration,0,101,147.739611,1.435521
[MO866] Iteration,1,102,149.145960,1.435406
[MO866] Iteration,0,102,149.157141,1.417499
[MO866] Iteration,1,103,150.563145,1.417143
[MO866] Iteration,0,103,150.574134,1.416951
[MO866] Iteration,1,104,151.980309,1.417126
[MO866] Iteration,0,104,151.991391,1.417221
[MO866] Iteration,1,105,153.397249,1.416901
[MO866] Iteration,0,105,153.408407,1.416974
[MO866] Iteration,1,106,154.857935,1.460645
[MO866] Iteration,0,106,154.869472,1.461024
[MO866] Iteration,1,107,156.294114,1.436122
[MO866] Iteration,0,107,156.305410,1.435888
[MO866] Iteration,1,108,157.711746,1.417591
[MO866] Iteration,0,108,157.722770,1.417323
[MO866] Iteration,1,109,159.128732,1.416951
[MO866] Iteration,0,109,159.139807,1.416997
[MO866] Iteration,1,110,160.545893,1.417119
[MO866] Iteration,0,110,160.557063,1.417214
[MO866] Iteration,1,111,161.963119,1.417186
[MO866] Iteration,0,111,161.974225,1.417119
[MO866] Iteration,1,112,163.380271,1.417115
[MO866] Iteration,0,112,163.391461,1.417200
[MO866] Iteration,1,113,164.797304,1.416994
[MO866] Iteration,0,113,164.808391,1.416888
[MO866] Iteration,1,114,166.214794,1.417449
[MO866] Iteration,0,114,166.225929,1.417497
[MO866] Iteration,1,115,167.631828,1.416994
[MO866] Iteration,0,115,167.642756,1.416779
[MO866] Iteration,1,116,169.070523,1.438661
[MO866] Iteration,0,116,169.080857,1.438062
[MO866] Iteration,1,117,170.502479,1.431906
[MO866] Iteration,0,117,170.513574,1.432671
[MO866] Iteration,1,118,171.919648,1.417117
[MO866] Iteration,0,118,171.930750,1.417139
[MO866] Iteration,1,119,173.336849,1.417167
[MO866] Iteration,0,119,173.348032,1.417242
[MO866] Iteration,1,120,174.753844,1.416956
[MO866] Iteration,0,120,174.764976,1.416902
 Time step  120
[MO866] Iteration,1,121,176.193516,1.439631
[MO866] Iteration,0,121,176.204878,1.439859
[MO866] Iteration,1,122,177.641516,1.447960
[MO866] Iteration,0,122,177.652629,1.447707
[MO866] Iteration,1,123,179.089461,1.447903
[MO866] Iteration,0,123,179.100403,1.447731
[MO866] Iteration,1,124,180.514084,1.424580
[MO866] Iteration,0,124,180.525563,1.425118
[MO866] Iteration,1,125,181.930979,1.416852
[MO866] Iteration,0,125,181.942483,1.416881
[MO866] Iteration,1,126,183.347753,1.416737
[MO866] Iteration,0,126,183.359273,1.416752
[MO866] Iteration,1,127,184.776809,1.429022
[MO866] Iteration,0,127,184.788480,1.429166
[MO866] Iteration,1,128,186.207179,1.430327
[MO866] Iteration,0,128,186.218726,1.430204
[MO866] Iteration,1,129,187.690266,1.483051
[MO866] Iteration,0,129,187.701917,1.483150
[MO866] Iteration,1,130,189.106828,1.416513
[MO866] Iteration,0,130,189.118241,1.416266
[MO866] Iteration,1,131,190.523689,1.416823
[MO866] Iteration,0,131,190.535213,1.416936
[MO866] Iteration,1,132,191.940477,1.416750
[MO866] Iteration,0,132,191.952057,1.416803
[MO866] Iteration,1,133,193.357681,1.417167
[MO866] Iteration,0,133,193.369287,1.417187
[MO866] Iteration,1,134,194.774242,1.416520
[MO866] Iteration,0,134,194.785672,1.416344
[MO866] Iteration,1,135,196.190786,1.416503
[MO866] Iteration,0,135,196.202149,1.416442
[MO866] Iteration,1,136,197.626969,1.436142
[MO866] Iteration,0,136,197.638408,1.436221
[MO866] Iteration,1,137,199.043332,1.416328
[MO866] Iteration,0,137,199.054932,1.416486
[MO866] Iteration,1,138,200.460473,1.417107
[MO866] Iteration,0,138,200.471919,1.416946
[MO866] Iteration,1,139,201.877126,1.416614
[MO866] Iteration,0,139,201.888513,1.416553
[MO866] Iteration,1,140,203.294524,1.417360
[MO866] Iteration,0,140,203.306198,1.417644
 Time step  140
[MO866] Iteration,1,141,204.738683,1.444121
[MO866] Iteration,0,141,204.751914,1.445680
[MO866] Iteration,1,142,206.167873,1.429134
[MO866] Iteration,0,142,206.179512,1.427537
[MO866] Iteration,1,143,207.584696,1.416788
[MO866] Iteration,0,143,207.596186,1.416632
[MO866] Iteration,1,144,209.001553,1.416819
[MO866] Iteration,0,144,209.013126,1.416900
[MO866] Iteration,1,145,210.412695,1.411102
[MO866] Iteration,0,145,210.424029,1.410859
[MO866] Iteration,1,146,211.829916,1.417180
[MO866] Iteration,0,146,211.841210,1.417138
[MO866] Iteration,1,147,213.246676,1.416721
[MO866] Iteration,0,147,213.258075,1.416823
[MO866] Iteration,1,148,214.664027,1.417311
[MO866] Iteration,0,148,214.675003,1.416891
[MO866] Iteration,1,149,216.080949,1.416885
[MO866] Iteration,0,149,216.092080,1.417036
[MO866] Iteration,1,150,217.498166,1.417176
[MO866] Iteration,0,150,217.509266,1.417143
[MO866] Iteration,1,151,218.922068,1.423862
[MO866] Iteration,0,151,218.933391,1.424081
[MO866] Iteration,1,152,220.370170,1.448064
[MO866] Iteration,0,152,220.381412,1.447984
[MO866] Iteration,1,153,221.818044,1.447832
[MO866] Iteration,0,153,221.829341,1.447891
[MO866] Iteration,1,154,223.250444,1.432360
[MO866] Iteration,0,154,223.261667,1.432270
[MO866] Iteration,1,155,224.695988,1.445505
[MO866] Iteration,0,155,224.708871,1.447172
[MO866] Iteration,1,156,226.147983,1.451945
[MO866] Iteration,0,156,226.156495,1.447567
[MO866] Iteration,1,157,227.563281,1.415259
[MO866] Iteration,0,157,227.574271,1.417734
[MO866] Iteration,1,158,228.979595,1.416280
[MO866] Iteration,0,158,228.991091,1.416783
[MO866] Iteration,1,159,230.396735,1.417106
[MO866] Iteration,0,159,230.408046,1.416921
[MO866] Iteration,1,160,231.813826,1.417052
[MO866] Iteration,0,160,231.824868,1.416780
 Time step  160
[MO866] Iteration,1,161,233.230810,1.416943
[MO866] Iteration,0,161,233.241876,1.416966
[MO866] Iteration,1,162,234.647648,1.416798
[MO866] Iteration,0,162,234.658582,1.416670
[MO866] Iteration,1,163,236.064902,1.417218
[MO866] Iteration,0,163,236.075994,1.417373
[MO866] Iteration,1,164,237.481942,1.416998
[MO866] Iteration,0,164,237.492941,1.416906
[MO866] Iteration,1,165,238.901728,1.419747
[MO866] Iteration,0,165,238.912871,1.419889
[MO866] Iteration,1,166,240.318490,1.416721
[MO866] Iteration,0,166,240.329627,1.416715
[MO866] Iteration,1,167,241.740198,1.421669
[MO866] Iteration,0,167,241.751362,1.421696
[MO866] Iteration,1,168,243.187868,1.447632
[MO866] Iteration,0,168,243.199170,1.447766
[MO866] Iteration,1,169,244.635774,1.447871
[MO866] Iteration,0,169,244.647013,1.447800
[MO866] Iteration,1,170,246.098444,1.462635
[MO866] Iteration,0,170,246.111323,1.464271
[MO866] Iteration,1,171,247.538130,1.439628
[MO866] Iteration,0,171,247.549179,1.437796
[MO866] Iteration,1,172,248.954829,1.416657
[MO866] Iteration,0,172,248.965873,1.416652
[MO866] Iteration,1,173,250.371784,1.416916
[MO866] Iteration,0,173,250.382756,1.416851
[MO866] Iteration,1,174,251.788662,1.416842
[MO866] Iteration,0,174,251.800032,1.417236
[MO866] Iteration,1,175,253.205572,1.416870
[MO866] Iteration,0,175,253.216929,1.416856
[MO866] Iteration,1,176,254.646939,1.441315
[MO866] Iteration,0,176,254.657969,1.440999
[MO866] Iteration,1,177,256.064082,1.417108
[MO866] Iteration,0,177,256.075032,1.417028
[MO866] Iteration,1,178,257.481100,1.416979
[MO866] Iteration,0,178,257.492213,1.417142
[MO866] Iteration,1,179,258.897774,1.416635
[MO866] Iteration,0,179,258.909031,1.416776
[MO866] Iteration,1,180,260.315301,1.417488
[MO866] Iteration,0,180,260.326258,1.417188
 Time step  180
[MO866] Iteration,1,181,261.732028,1.416692
[MO866] Iteration,0,181,261.743094,1.416802
[MO866] Iteration,1,182,263.149159,1.417094
[MO866] Iteration,0,182,263.160436,1.417301
[MO866] Iteration,1,183,264.565896,1.416699
[MO866] Iteration,0,183,264.577075,1.416598
[MO866] Iteration,1,184,265.989960,1.424026
[MO866] Iteration,0,184,266.001162,1.424047
[MO866] Iteration,1,185,267.406690,1.416694
[MO866] Iteration,0,185,267.417852,1.416649
[MO866] Iteration,1,186,268.823770,1.417042
[MO866] Iteration,0,186,268.834804,1.416916
[MO866] Iteration,1,187,270.240606,1.416802
[MO866] Iteration,0,187,270.251897,1.417053
[MO866] Iteration,1,188,271.724059,1.483415
[MO866] Iteration,0,188,271.735170,1.483231
[MO866] Iteration,1,189,273.140982,1.416876
[MO866] Iteration,0,189,273.152206,1.416984
[MO866] Iteration,1,190,274.557900,1.416880
[MO866] Iteration,0,190,274.568995,1.416748
[MO866] Iteration,1,191,275.975053,1.417114
[MO866] Iteration,0,191,275.986115,1.417077
[MO866] Iteration,1,192,277.391574,1.416485
[MO866] Iteration,0,192,277.402708,1.416556
[MO866] Iteration,1,193,278.808802,1.417193
[MO866] Iteration,0,193,278.819917,1.417168
[MO866] Iteration,1,194,280.225813,1.416972
[MO866] Iteration,0,194,280.236972,1.417012
[MO866] Iteration,1,195,281.642704,1.416853
[MO866] Iteration,0,195,281.654052,1.417038
[MO866] Iteration,1,196,283.059664,1.416923
[MO866] Iteration,0,196,283.070924,1.416835
[MO866] Iteration,1,197,284.476858,1.417159
[MO866] Iteration,0,197,284.488025,1.417059
[MO866] Iteration,1,198,285.893838,1.416943
[MO866] Iteration,0,198,285.904945,1.416880
[MO866] Iteration,1,199,287.310819,1.416942
[MO866] Iteration,0,199,287.322079,1.417094
[MO866] Iteration,1,200,288.727662,1.416803
[MO866] Iteration,0,200,288.738706,1.416590
 Time step  200
[MO866] Iteration,1,201,290.144876,1.417179
[MO866] Iteration,0,201,290.156059,1.417313
[MO866] Iteration,1,202,291.561772,1.416859
[MO866] Iteration,0,202,291.572819,1.416720
[MO866] Iteration,1,203,292.978828,1.417018
[MO866] Iteration,0,203,292.989928,1.417068
[MO866] Iteration,1,204,294.395595,1.416728
[MO866] Iteration,0,204,294.406779,1.416804
[MO866] Iteration,1,205,295.837671,1.442042
[MO866] Iteration,0,205,295.848894,1.442076
[MO866] Iteration,1,206,297.256635,1.418915
[MO866] Iteration,0,206,297.267802,1.418854
[MO866] Iteration,1,207,298.673572,1.416899
[MO866] Iteration,0,207,298.684519,1.416675
[MO866] Iteration,1,208,300.099038,1.425425
[MO866] Iteration,0,208,300.110045,1.425484
[MO866] Iteration,1,209,301.515832,1.416755
[MO866] Iteration,0,209,301.526786,1.416706
[MO866] Iteration,1,210,302.933053,1.417186
[MO866] Iteration,0,210,302.944118,1.417293
[MO866] Iteration,1,211,304.349957,1.416864
[MO866] Iteration,0,211,304.361164,1.417005
[MO866] Iteration,1,212,305.767310,1.417315
[MO866] Iteration,0,212,305.778213,1.417006
[MO866] Iteration,1,213,307.184044,1.416702
[MO866] Iteration,0,213,307.195054,1.416806
[MO866] Iteration,1,214,308.601220,1.417139
[MO866] Iteration,0,214,308.612327,1.417234
[MO866] Iteration,1,215,310.018076,1.416817
[MO866] Iteration,0,215,310.029283,1.416915
[MO866] Iteration,1,216,311.435374,1.417259
[MO866] Iteration,0,216,311.446497,1.417171
[MO866] Iteration,1,217,312.854488,1.419080
[MO866] Iteration,0,217,312.865563,1.419027
[MO866] Iteration,1,218,314.279891,1.425364
[MO866] Iteration,0,218,314.291068,1.425469
[MO866] Iteration,1,219,315.727810,1.447882
[MO866] Iteration,0,219,315.739068,1.447959
[MO866] Iteration,1,220,317.160317,1.432472
[MO866] Iteration,0,220,317.171517,1.432408
 Time step  220
[MO866] Iteration,1,221,318.577342,1.416987
[MO866] Iteration,0,221,318.588562,1.417004
[MO866] Iteration,1,222,319.994716,1.417337
[MO866] Iteration,0,222,320.005848,1.417245
[MO866] Iteration,1,223,321.411692,1.416936
[MO866] Iteration,0,223,321.422756,1.416872
[MO866] Iteration,1,224,322.828437,1.416711
[MO866] Iteration,0,224,322.839728,1.416932
[MO866] Iteration,1,225,324.245790,1.417322
[MO866] Iteration,0,225,324.256961,1.417197
[MO866] Iteration,1,226,325.698834,1.453007
[MO866] Iteration,0,226,325.710707,1.453703
[MO866] Iteration,1,227,327.138123,1.439214
[MO866] Iteration,0,227,327.149409,1.438650
[MO866] Iteration,1,228,328.555064,1.416903
[MO866] Iteration,0,228,328.566062,1.416618
[MO866] Iteration,1,229,329.972351,1.417251
[MO866] Iteration,0,229,329.983367,1.417271
[MO866] Iteration,1,230,331.389408,1.417020
[MO866] Iteration,0,230,331.400614,1.417206
[MO866] Iteration,1,231,332.818947,1.429501
[MO866] Iteration,0,231,332.829887,1.429232
[MO866] Iteration,1,232,334.235665,1.416684
[MO866] Iteration,0,232,334.246495,1.416572
[MO866] Iteration,1,233,335.652921,1.417224
[MO866] Iteration,0,233,335.663940,1.417406
[MO866] Iteration,1,234,337.095908,1.442947
[MO866] Iteration,0,234,337.107098,1.443117
[MO866] Iteration,1,235,338.543597,1.447655
[MO866] Iteration,0,235,338.554944,1.447808
[MO866] Iteration,1,236,339.991563,1.447931
[MO866] Iteration,0,236,340.002694,1.447708
[MO866] Iteration,1,237,341.417638,1.426040
[MO866] Iteration,0,237,341.428705,1.425971
[MO866] Iteration,1,238,342.834559,1.416883
[MO866] Iteration,0,238,342.845545,1.416799
[MO866] Iteration,1,239,344.251818,1.417219
[MO866] Iteration,0,239,344.263267,1.417685
[MO866] Iteration,1,240,345.668937,1.417083
[MO866] Iteration,0,240,345.680121,1.416812
 Time step  240
[MO866] Iteration,1,241,347.086315,1.417340
[MO866] Iteration,0,241,347.097359,1.417198
[MO866] Iteration,1,242,348.503209,1.416854
[MO866] Iteration,0,242,348.514206,1.416780
[MO866] Iteration,1,243,349.919885,1.416640
[MO866] Iteration,0,243,349.930838,1.416596
[MO866] Iteration,1,244,351.337076,1.417155
[MO866] Iteration,0,244,351.348280,1.417401
[MO866] Iteration,1,245,352.754020,1.416907
[MO866] Iteration,0,245,352.765126,1.416805
[MO866] Iteration,1,246,354.171219,1.417160
[MO866] Iteration,0,246,354.182151,1.416985
[MO866] Iteration,1,247,355.611173,1.439920
[MO866] Iteration,0,247,355.621504,1.439316
[MO866] Iteration,1,248,357.030781,1.419564
[MO866] Iteration,0,248,357.041834,1.420279
[MO866] Iteration,1,249,358.447861,1.417042
[MO866] Iteration,0,249,358.458893,1.417023
[MO866] Iteration,1,250,359.865129,1.417233
[MO866] Iteration,0,250,359.876156,1.417223
 Time step  250
[MO866] Iteration,1,251,361.305614,1.440446
[MO866] Iteration,0,251,361.308101,1.431903
[MO866] PI avg,1,1.428437,251
[MO866] Beta,1,0.000292
[MO866] Total time,1,361.410366

 Verification being performed for class C
 Accuracy setting for epsilon =  0.1000000000000E-07
 Comparison of RMS-norms of residual
           1   0.1037669803235E+05 0.1037669803235E+05 0.5609458879114E-14
           2   0.8922124588010E+03 0.8922124588010E+03 0.1274212622792E-15
           3   0.2562388145827E+04 0.2562388145827E+04 0.3016992167116E-14
           4   0.2191943438578E+04 0.2191943438578E+04 0.1638958382217E-13
           5   0.1780780572611E+05 0.1780780572611E+05 0.4494407395667E-14
 Comparison of RMS-norms of solution error
           1   0.2159863997170E+03 0.2159863997169E+03 0.1289584681179E-13
           2   0.1557895592399E+02 0.1557895592399E+02 0.2508502537493E-14
           3   0.5413188630772E+02 0.5413188630772E+02 0.1470127716458E-13
           4   0.4822626431540E+02 0.4822626431540E+02 0.5893408878723E-14
           5   0.4559029100432E+03 0.4559029100433E+03 0.5735425701383E-14
 Comparison of surface integral
               0.6664045535722E+02 0.6664045535722E+02 0.1066233314210E-14
 Verification Successful


 LU Benchmark Completed.
 Class           =                        C
 Size            =            162x 162x 162
 Iterations      =                      250
 Time in seconds =                   357.04
 Total processes =                        2
 Active procs    =                        2
 Mop/s total     =                  5710.81
 Mop/s/process   =                  2855.40
 Operation type  =           floating point
 Verification    =               SUCCESSFUL
 Version         =                      3.4
 Compile date    =              15 Jun 2020

 Compile options:
    MPIFC        = mpif90
    FLINK        = $(MPIFC)
    FMPI_LIB     = (none)
    FMPI_INC     = (none)
    FFLAGS       = -O3
    FLINKFLAGS   = $(FFLAGS) -O ../kernel_stats/kernel_stats.o...
    RAND         = (none)


 Please send feedbacks and/or the results of this run to:

 NPB Development Team 
 Internet: npb@nas.nasa.gov


[MO866] PI avg,0,1.428444,251
[MO866] Beta,0,0.000293
[MO866] Total time,0,361.413201
