--------------------------------------------------------------------------
[[34942,1],0]: A high-performance Open MPI point-to-point messaging module
was unable to find any relevant network interfaces:

Module: OpenFabrics (openib)
  Host: node06

Another transport will be used instead, although this may result in
lower performance.

NOTE: You can disable this warning by setting the MCA parameter
btl_base_warn_component_unused to 0.
--------------------------------------------------------------------------


 NAS Parallel Benchmarks 3.4 -- SP Benchmark

 No input file inputsp.data. Using compiled defaults
 Size:   64x  64x  64  (class A)
 Iterations:  400    dt:   0.0015000
 Total number of processes:     4

[MO866] Init time,1,0.091607
[MO866] Init time,2,0.091592
[MO866] Init time,3,0.091606
[MO866] Init time,0,0.091596
 Time step    1
[MO866] Iteration,0,1,0.126593,0.034964
[MO866] Iteration,3,1,0.127038,0.035384
[MO866] Iteration,2,1,0.127507,0.035880
[MO866] Iteration,1,1,0.127864,0.036209
[MO866] Iteration,0,2,0.162689,0.036049
[MO866] Iteration,3,2,0.163125,0.036051
[MO866] Iteration,2,2,0.163551,0.036026
[MO866] Iteration,1,2,0.163898,0.036015
[MO866] Iteration,0,3,0.198625,0.035888
[MO866] Iteration,3,3,0.199061,0.035900
[MO866] Iteration,2,3,0.199527,0.035958
[MO866] Iteration,1,3,0.199872,0.035956
[MO866] Iteration,0,4,0.234628,0.035956
[MO866] Iteration,3,4,0.235060,0.035965
[MO866] Iteration,2,4,0.235516,0.035973
[MO866] Iteration,1,4,0.235857,0.035967
[MO866] Iteration,0,5,0.270653,0.035975
[MO866] Iteration,3,5,0.271108,0.036012
[MO866] Iteration,2,5,0.271601,0.036069
[MO866] Iteration,1,5,0.271963,0.036089
[MO866] Iteration,0,6,0.306919,0.036218
[MO866] Iteration,3,6,0.307363,0.036220
[MO866] Iteration,2,6,0.307860,0.036242
[MO866] Iteration,1,6,0.308210,0.036228
[MO866] Iteration,0,7,0.343149,0.036180
[MO866] Iteration,3,7,0.343603,0.036203
[MO866] Iteration,2,7,0.344106,0.036229
[MO866] Iteration,1,7,0.344480,0.036242
[MO866] Iteration,0,8,0.377986,0.034783
[MO866] Iteration,3,8,0.378366,0.034729
[MO866] Iteration,2,8,0.378953,0.034831
[MO866] Iteration,1,8,0.379257,0.034761
[MO866] Iteration,0,9,0.412272,0.034240
[MO866] Iteration,3,9,0.412663,0.034260
[MO866] Iteration,2,9,0.413216,0.034247
[MO866] Iteration,1,9,0.413525,0.034252
[MO866] Iteration,0,10,0.446499,0.034185
[MO866] Iteration,3,10,0.446873,0.034179
[MO866] Iteration,2,10,0.447414,0.034182
[MO866] Iteration,1,10,0.447718,0.034177
[MO866] Iteration,0,11,0.480702,0.034154
[MO866] Iteration,3,11,0.481088,0.034182
[MO866] Iteration,2,11,0.481677,0.034247
[MO866] Iteration,1,11,0.481980,0.034245
[MO866] Iteration,0,12,0.514580,0.033836
[MO866] Iteration,3,12,0.514938,0.033819
[MO866] Iteration,2,12,0.515508,0.033815
[MO866] Iteration,1,12,0.515817,0.033821
[MO866] Iteration,0,13,0.548314,0.033684
[MO866] Iteration,3,13,0.548728,0.033753
[MO866] Iteration,2,13,0.549319,0.033795
[MO866] Iteration,1,13,0.549597,0.033762
[MO866] Iteration,0,14,0.582005,0.033645
[MO866] Iteration,3,14,0.582384,0.033621
[MO866] Iteration,2,14,0.582959,0.033623
[MO866] Iteration,1,14,0.583257,0.033643
[MO866] Iteration,0,15,0.615771,0.033718
[MO866] Iteration,3,15,0.616138,0.033719
[MO866] Iteration,2,15,0.616791,0.033815
[MO866] Iteration,1,15,0.617096,0.033823
[MO866] Iteration,0,16,0.649549,0.033733
[MO866] Iteration,3,16,0.649914,0.033740
[MO866] Iteration,2,16,0.650501,0.033694
[MO866] Iteration,1,16,0.650826,0.033713
[MO866] Iteration,0,17,0.683259,0.033663
[MO866] Iteration,3,17,0.683632,0.033682
[MO866] Iteration,2,17,0.684244,0.033725
[MO866] Iteration,1,17,0.684570,0.033726
[MO866] Iteration,0,18,0.717076,0.033765
[MO866] Iteration,3,18,0.717433,0.033769
[MO866] Iteration,2,18,0.718004,0.033745
[MO866] Iteration,1,18,0.718305,0.033719
[MO866] Iteration,0,19,0.750760,0.033641
 Time step   20
[MO866] Iteration,3,19,0.751115,0.033649
[MO866] Iteration,2,19,0.751688,0.033669
[MO866] Iteration,1,19,0.751984,0.033663
[MO866] Iteration,0,20,0.784591,0.033782
[MO866] Iteration,3,20,0.784953,0.033802
[MO866] Iteration,2,20,0.785556,0.033851
[MO866] Iteration,1,20,0.785863,0.033862
[MO866] Iteration,0,21,0.818280,0.033643
[MO866] Iteration,3,21,0.818654,0.033670
[MO866] Iteration,2,21,0.819255,0.033682
[MO866] Iteration,1,21,0.819549,0.033669
[MO866] Iteration,0,22,0.851996,0.033668
[MO866] Iteration,3,22,0.852387,0.033697
[MO866] Iteration,2,22,0.853012,0.033741
[MO866] Iteration,1,22,0.853314,0.033749
[MO866] Iteration,0,23,0.885777,0.033733
[MO866] Iteration,3,23,0.886123,0.033704
[MO866] Iteration,2,23,0.886739,0.033711
[MO866] Iteration,1,23,0.887037,0.033707
[MO866] Iteration,0,24,0.919558,0.033735
[MO866] Iteration,3,24,0.919918,0.033760
[MO866] Iteration,2,24,0.920540,0.033784
[MO866] Iteration,1,24,0.920842,0.033788
[MO866] Iteration,0,25,0.953317,0.033712
[MO866] Iteration,3,25,0.953679,0.033726
[MO866] Iteration,2,25,0.954261,0.033706
[MO866] Iteration,1,25,0.954558,0.033700
[MO866] Iteration,0,26,0.992687,0.039326
[MO866] Iteration,3,26,0.992961,0.039248
[MO866] Iteration,2,26,0.993377,0.039098
[MO866] Iteration,1,26,0.993741,0.039167
[MO866] Iteration,0,27,1.027371,0.034642
[MO866] Iteration,3,27,1.027736,0.034730
[MO866] Iteration,2,27,1.028329,0.034928
[MO866] Iteration,1,27,1.028650,0.034880
[MO866] Iteration,0,28,1.061139,0.033720
[MO866] Iteration,3,28,1.061518,0.033745
[MO866] Iteration,2,28,1.062082,0.033735
[MO866] Iteration,1,28,1.062375,0.033708
[MO866] Iteration,0,29,1.094814,0.033630
[MO866] Iteration,3,29,1.095173,0.033622
[MO866] Iteration,2,29,1.095781,0.033682
[MO866] Iteration,1,29,1.096091,0.033700
[MO866] Iteration,0,30,1.128599,0.033738
[MO866] Iteration,3,30,1.128961,0.033752
[MO866] Iteration,2,30,1.129564,0.033766
[MO866] Iteration,1,30,1.129852,0.033744
[MO866] Iteration,0,31,1.162275,0.033636
[MO866] Iteration,3,31,1.162641,0.033649
[MO866] Iteration,2,31,1.163244,0.033664
[MO866] Iteration,1,31,1.163544,0.033676
[MO866] Iteration,0,32,1.195992,0.033668
[MO866] Iteration,3,32,1.196384,0.033708
[MO866] Iteration,2,32,1.196983,0.033721
[MO866] Iteration,1,32,1.197284,0.033723
[MO866] Iteration,0,33,1.229863,0.033821
[MO866] Iteration,3,33,1.230224,0.033809
[MO866] Iteration,2,33,1.230830,0.033832
[MO866] Iteration,1,33,1.231121,0.033821
[MO866] Iteration,0,34,1.263715,0.033807
[MO866] Iteration,3,34,1.264086,0.033828
[MO866] Iteration,2,34,1.264691,0.033844
[MO866] Iteration,1,34,1.264991,0.033853
[MO866] Iteration,0,35,1.297450,0.033687
[MO866] Iteration,3,35,1.297806,0.033683
[MO866] Iteration,2,35,1.298411,0.033705
[MO866] Iteration,1,35,1.298708,0.033702
[MO866] Iteration,0,36,1.331343,0.033847
[MO866] Iteration,3,36,1.331719,0.033879
[MO866] Iteration,2,36,1.332295,0.033867
[MO866] Iteration,1,36,1.332582,0.033857
[MO866] Iteration,0,37,1.365293,0.033901
[MO866] Iteration,3,37,1.365670,0.033914
[MO866] Iteration,2,37,1.366216,0.033906
[MO866] Iteration,1,37,1.366519,0.033921
[MO866] Iteration,0,38,1.399229,0.033889
[MO866] Iteration,3,38,1.399617,0.033912
[MO866] Iteration,2,38,1.400200,0.033967
[MO866] Iteration,1,38,1.400532,0.033995
[MO866] Iteration,0,39,1.433317,0.034041
 Time step   40
[MO866] Iteration,3,39,1.433697,0.034045
[MO866] Iteration,2,39,1.434249,0.033993
[MO866] Iteration,1,39,1.434549,0.034002
[MO866] Iteration,0,40,1.467320,0.033957
[MO866] Iteration,3,40,1.467702,0.033970
[MO866] Iteration,2,40,1.468296,0.034031
[MO866] Iteration,1,40,1.468610,0.034044
[MO866] Iteration,0,41,1.501388,0.034016
[MO866] Iteration,3,41,1.501751,0.034013
[MO866] Iteration,2,41,1.502319,0.034009
[MO866] Iteration,1,41,1.502623,0.033998
[MO866] Iteration,0,42,1.535454,0.034021
[MO866] Iteration,3,42,1.535863,0.034078
[MO866] Iteration,2,42,1.536421,0.034087
[MO866] Iteration,1,42,1.536716,0.034076
[MO866] Iteration,0,43,1.569433,0.033930
[MO866] Iteration,3,43,1.569794,0.033894
[MO866] Iteration,2,43,1.570334,0.033899
[MO866] Iteration,1,43,1.570625,0.033894
[MO866] Iteration,0,44,1.603475,0.033995
[MO866] Iteration,3,44,1.603854,0.034026
[MO866] Iteration,2,44,1.604451,0.034100
[MO866] Iteration,1,44,1.604739,0.034098
[MO866] Iteration,0,45,1.637518,0.033993
[MO866] Iteration,3,45,1.637884,0.033995
[MO866] Iteration,2,45,1.638439,0.033972
[MO866] Iteration,1,45,1.638747,0.033992
[MO866] Iteration,0,46,1.671551,0.033987
[MO866] Iteration,3,46,1.671913,0.033996
[MO866] Iteration,2,46,1.672466,0.034011
[MO866] Iteration,1,46,1.672762,0.033998
[MO866] Iteration,0,47,1.705500,0.033898
[MO866] Iteration,3,47,1.705860,0.033911
[MO866] Iteration,2,47,1.706399,0.033918
[MO866] Iteration,1,47,1.706697,0.033919
[MO866] Iteration,0,48,1.739452,0.033906
[MO866] Iteration,3,48,1.739840,0.033945
[MO866] Iteration,2,48,1.740398,0.033983
[MO866] Iteration,1,48,1.740694,0.033981
[MO866] Iteration,0,49,1.773542,0.034038
[MO866] Iteration,3,49,1.773905,0.034026
[MO866] Iteration,2,49,1.774473,0.034059
[MO866] Iteration,1,49,1.774784,0.034074
[MO866] Iteration,0,50,1.807540,0.033947
[MO866] Iteration,3,50,1.807930,0.033989
[MO866] Iteration,2,50,1.808516,0.034026
[MO866] Iteration,1,50,1.808814,0.034014
[MO866] Iteration,0,51,1.841536,0.033949
[MO866] Iteration,3,51,1.841914,0.033947
[MO866] Iteration,2,51,1.842480,0.033948
[MO866] Iteration,1,51,1.842785,0.033955
[MO866] Iteration,0,52,1.875694,0.034113
[MO866] Iteration,3,52,1.876073,0.034125
[MO866] Iteration,2,52,1.876694,0.034198
[MO866] Iteration,1,52,1.876969,0.034167
[MO866] Iteration,0,53,1.909854,0.034112
[MO866] Iteration,3,53,1.910210,0.034100
[MO866] Iteration,2,53,1.910765,0.034055
[MO866] Iteration,1,53,1.911066,0.034081
[MO866] Iteration,0,54,1.943852,0.033946
[MO866] Iteration,3,54,1.944272,0.034025
[MO866] Iteration,2,54,1.944827,0.034045
[MO866] Iteration,1,54,1.945121,0.034038
[MO866] Iteration,0,55,1.977835,0.033934
[MO866] Iteration,3,55,1.978204,0.033900
[MO866] Iteration,2,55,1.978765,0.033923
[MO866] Iteration,1,55,1.979076,0.033939
[MO866] Iteration,0,56,2.011907,0.034023
[MO866] Iteration,3,56,2.012318,0.034079
[MO866] Iteration,2,56,2.012864,0.034083
[MO866] Iteration,1,56,2.013168,0.034075
[MO866] Iteration,0,57,2.045904,0.033946
[MO866] Iteration,3,57,2.046262,0.033912
[MO866] Iteration,2,57,2.046824,0.033946
[MO866] Iteration,1,57,2.047134,0.033950
[MO866] Iteration,0,58,2.079937,0.033985
[MO866] Iteration,3,58,2.080351,0.034055
[MO866] Iteration,2,58,2.080913,0.034072
[MO866] Iteration,1,58,2.081217,0.034066
[MO866] Iteration,0,59,2.113993,0.034004
 Time step   60
[MO866] Iteration,3,59,2.114366,0.033981
[MO866] Iteration,2,59,2.114932,0.034004
[MO866] Iteration,1,59,2.115241,0.034008
[MO866] Iteration,0,60,2.148014,0.033969
[MO866] Iteration,3,60,2.148421,0.034020
[MO866] Iteration,2,60,2.148978,0.034030
[MO866] Iteration,1,60,2.149286,0.034028
[MO866] Iteration,0,61,2.182060,0.033996
[MO866] Iteration,3,61,2.182438,0.033983
[MO866] Iteration,2,61,2.182934,0.033942
[MO866] Iteration,1,61,2.183245,0.033943
[MO866] Iteration,0,62,2.216032,0.033924
[MO866] Iteration,3,62,2.216424,0.033951
[MO866] Iteration,2,62,2.216992,0.034041
[MO866] Iteration,1,62,2.217306,0.034044
[MO866] Iteration,0,63,2.250008,0.033927
[MO866] Iteration,3,63,2.250385,0.033929
[MO866] Iteration,2,63,2.250926,0.033919
[MO866] Iteration,1,63,2.251233,0.033911
[MO866] Iteration,0,64,2.284102,0.034045
[MO866] Iteration,3,64,2.284513,0.034094
[MO866] Iteration,2,64,2.285039,0.034098
[MO866] Iteration,1,64,2.285360,0.034110
[MO866] Iteration,0,65,2.318382,0.034232
[MO866] Iteration,3,65,2.318778,0.034234
[MO866] Iteration,2,65,2.319328,0.034274
[MO866] Iteration,1,65,2.319646,0.034269
[MO866] Iteration,0,66,2.352372,0.033939
[MO866] Iteration,3,66,2.352768,0.033953
[MO866] Iteration,2,66,2.353348,0.034005
[MO866] Iteration,1,66,2.353640,0.033977
[MO866] Iteration,0,67,2.386274,0.033861
[MO866] Iteration,3,67,2.386657,0.033857
[MO866] Iteration,2,67,2.387229,0.033866
[MO866] Iteration,1,67,2.387541,0.033884
[MO866] Iteration,0,68,2.420305,0.033980
[MO866] Iteration,3,68,2.420652,0.033961
[MO866] Iteration,2,68,2.421232,0.033987
[MO866] Iteration,1,68,2.421577,0.034020
[MO866] Iteration,0,69,2.454304,0.033952
[MO866] Iteration,3,69,2.454689,0.034005
[MO866] Iteration,2,69,2.455260,0.034013
[MO866] Iteration,1,69,2.455578,0.033985
[MO866] Iteration,0,70,2.488281,0.033929
[MO866] Iteration,3,70,2.488664,0.033940
[MO866] Iteration,2,70,2.489240,0.033964
[MO866] Iteration,1,70,2.489547,0.033952
[MO866] Iteration,0,71,2.522209,0.033881
[MO866] Iteration,3,71,2.522596,0.033900
[MO866] Iteration,2,71,2.523116,0.033860
[MO866] Iteration,1,71,2.523436,0.033873
[MO866] Iteration,0,72,2.556302,0.034045
[MO866] Iteration,3,72,2.556723,0.034093
[MO866] Iteration,2,72,2.557311,0.034179
[MO866] Iteration,1,72,2.557618,0.034165
[MO866] Iteration,0,73,2.590270,0.033928
[MO866] Iteration,3,73,2.590655,0.033899
[MO866] Iteration,2,73,2.591208,0.033881
[MO866] Iteration,1,73,2.591529,0.033895
[MO866] Iteration,0,74,2.624345,0.034027
[MO866] Iteration,3,74,2.624733,0.034042
[MO866] Iteration,2,74,2.625311,0.034087
[MO866] Iteration,1,74,2.625627,0.034082
[MO866] Iteration,0,75,2.658346,0.033956
[MO866] Iteration,3,75,2.658736,0.033971
[MO866] Iteration,2,75,2.659262,0.033937
[MO866] Iteration,1,75,2.659578,0.033935
[MO866] Iteration,0,76,2.692363,0.033966
[MO866] Iteration,3,76,2.692740,0.033969
[MO866] Iteration,2,76,2.693279,0.034001
[MO866] Iteration,1,76,2.693590,0.033995
[MO866] Iteration,0,77,2.726230,0.033819
[MO866] Iteration,3,77,2.726618,0.033847
[MO866] Iteration,2,77,2.727180,0.033886
[MO866] Iteration,1,77,2.727496,0.033890
[MO866] Iteration,0,78,2.760286,0.034005
[MO866] Iteration,3,78,2.760669,0.034017
[MO866] Iteration,2,78,2.761249,0.034053
[MO866] Iteration,1,78,2.761553,0.034041
[MO866] Iteration,0,79,2.794283,0.033953
 Time step   80
[MO866] Iteration,3,79,2.794682,0.033980
[MO866] Iteration,2,79,2.795215,0.033951
[MO866] Iteration,1,79,2.795537,0.033968
[MO866] Iteration,0,80,2.828349,0.034018
[MO866] Iteration,3,80,2.828720,0.034005
[MO866] Iteration,2,80,2.829301,0.034070
[MO866] Iteration,1,80,2.829602,0.034047
[MO866] Iteration,0,81,2.862259,0.033860
[MO866] Iteration,3,81,2.862626,0.033874
[MO866] Iteration,2,81,2.863206,0.033891
[MO866] Iteration,1,81,2.863510,0.033891
[MO866] Iteration,0,82,2.896357,0.034047
[MO866] Iteration,3,82,2.896751,0.034089
[MO866] Iteration,2,82,2.897279,0.034058
[MO866] Iteration,1,82,2.897585,0.034058
[MO866] Iteration,0,83,2.930198,0.033795
[MO866] Iteration,3,83,2.930577,0.033795
[MO866] Iteration,2,83,2.931136,0.033842
[MO866] Iteration,1,83,2.931445,0.033845
[MO866] Iteration,0,84,2.964260,0.034011
[MO866] Iteration,3,84,2.964655,0.034044
[MO866] Iteration,2,84,2.965236,0.034084
[MO866] Iteration,1,84,2.965537,0.034074
[MO866] Iteration,0,85,3.003524,0.039221
[MO866] Iteration,3,85,3.003950,0.039265
[MO866] Iteration,2,85,3.004486,0.039235
[MO866] Iteration,1,85,3.004886,0.039333
[MO866] Iteration,0,86,3.038472,0.034906
[MO866] Iteration,3,86,3.038855,0.034857
[MO866] Iteration,2,86,3.039376,0.034868
[MO866] Iteration,1,86,3.039689,0.034773
[MO866] Iteration,0,87,3.072540,0.034018
[MO866] Iteration,3,87,3.072928,0.034036
[MO866] Iteration,2,87,3.073482,0.034089
[MO866] Iteration,1,87,3.073794,0.034087
[MO866] Iteration,0,88,3.106472,0.033884
[MO866] Iteration,3,88,3.106858,0.033898
[MO866] Iteration,2,88,3.107383,0.033886
[MO866] Iteration,1,88,3.107687,0.033876
[MO866] Iteration,0,89,3.140460,0.033937
[MO866] Iteration,3,89,3.140835,0.033941
[MO866] Iteration,2,89,3.141405,0.034006
[MO866] Iteration,1,89,3.141698,0.033995
[MO866] Iteration,0,90,3.174433,0.033924
[MO866] Iteration,3,90,3.174824,0.033957
[MO866] Iteration,2,90,3.175368,0.033948
[MO866] Iteration,1,90,3.175678,0.033964
[MO866] Iteration,0,91,3.208461,0.033966
[MO866] Iteration,3,91,3.208853,0.033993
[MO866] Iteration,2,91,3.209408,0.034024
[MO866] Iteration,1,91,3.209716,0.034021
[MO866] Iteration,0,92,3.242437,0.033928
[MO866] Iteration,3,92,3.242823,0.033938
[MO866] Iteration,2,92,3.243371,0.033947
[MO866] Iteration,1,92,3.243689,0.033957
[MO866] Iteration,0,93,3.276358,0.033874
[MO866] Iteration,3,93,3.276753,0.033896
[MO866] Iteration,2,93,3.277320,0.033932
[MO866] Iteration,1,93,3.277630,0.033925
[MO866] Iteration,0,94,3.310401,0.033997
[MO866] Iteration,3,94,3.310784,0.034000
[MO866] Iteration,2,94,3.311339,0.034005
[MO866] Iteration,1,94,3.311649,0.034002
[MO866] Iteration,0,95,3.344458,0.034008
[MO866] Iteration,3,95,3.344839,0.034021
[MO866] Iteration,2,95,3.345425,0.034071
[MO866] Iteration,1,95,3.345729,0.034063
[MO866] Iteration,0,96,3.378492,0.033985
[MO866] Iteration,3,96,3.378875,0.034004
[MO866] Iteration,2,96,3.379405,0.033965
[MO866] Iteration,1,96,3.379707,0.033961
[MO866] Iteration,0,97,3.412504,0.033961
[MO866] Iteration,3,97,3.412880,0.033970
[MO866] Iteration,2,97,3.413445,0.034023
[MO866] Iteration,1,97,3.413749,0.034024
[MO866] Iteration,0,98,3.446481,0.033930
[MO866] Iteration,3,98,3.446874,0.033961
[MO866] Iteration,2,98,3.447436,0.033976
[MO866] Iteration,1,98,3.447751,0.033985
[MO866] Iteration,0,99,3.480645,0.034115
 Time step  100
[MO866] Iteration,3,99,3.481005,0.034095
[MO866] Iteration,2,99,3.481582,0.034130
[MO866] Iteration,1,99,3.481891,0.034123
[MO866] Iteration,0,100,3.514608,0.033916
[MO866] Iteration,3,100,3.515001,0.033963
[MO866] Iteration,2,100,3.515536,0.033938
[MO866] Iteration,1,100,3.515856,0.033948
[MO866] Iteration,0,101,3.548814,0.034156
[MO866] Iteration,3,101,3.549180,0.034144
[MO866] Iteration,2,101,3.549754,0.034202
[MO866] Iteration,1,101,3.550065,0.034191
[MO866] Iteration,0,102,3.582711,0.033842
[MO866] Iteration,3,102,3.583094,0.033881
[MO866] Iteration,2,102,3.583644,0.033873
[MO866] Iteration,1,102,3.583961,0.033879
[MO866] Iteration,0,103,3.616723,0.033952
[MO866] Iteration,3,103,3.617100,0.033969
[MO866] Iteration,2,103,3.617685,0.034026
[MO866] Iteration,1,103,3.617994,0.034016
[MO866] Iteration,0,104,3.650692,0.033922
[MO866] Iteration,3,104,3.651067,0.033934
[MO866] Iteration,2,104,3.651645,0.033945
[MO866] Iteration,1,104,3.651961,0.033950
[MO866] Iteration,0,105,3.684823,0.034082
[MO866] Iteration,3,105,3.685218,0.034115
[MO866] Iteration,2,105,3.685786,0.034125
[MO866] Iteration,1,105,3.686085,0.034107
[MO866] Iteration,0,106,3.718988,0.034106
[MO866] Iteration,3,106,3.719366,0.034116
[MO866] Iteration,2,106,3.719880,0.034078
[MO866] Iteration,1,106,3.720178,0.034075
[MO866] Iteration,0,107,3.752930,0.033882
[MO866] Iteration,3,107,3.753293,0.033892
[MO866] Iteration,2,107,3.753859,0.033963
[MO866] Iteration,1,107,3.754164,0.033969
[MO866] Iteration,0,108,3.786856,0.033879
[MO866] Iteration,3,108,3.787228,0.033902
[MO866] Iteration,2,108,3.787791,0.033916
[MO866] Iteration,1,108,3.788114,0.033934
[MO866] Iteration,0,109,3.820910,0.034003
[MO866] Iteration,3,109,3.821293,0.034029
[MO866] Iteration,2,109,3.821852,0.034046
[MO866] Iteration,1,109,3.822160,0.034029
[MO866] Iteration,0,110,3.854943,0.033986
[MO866] Iteration,3,110,3.855328,0.034002
[MO866] Iteration,2,110,3.855880,0.034012
[MO866] Iteration,1,110,3.856181,0.034003
[MO866] Iteration,0,111,3.889055,0.034063
[MO866] Iteration,3,111,3.889420,0.034056
[MO866] Iteration,2,111,3.889954,0.034057
[MO866] Iteration,1,111,3.890254,0.034057
[MO866] Iteration,0,112,3.922924,0.033824
[MO866] Iteration,3,112,3.923318,0.033864
[MO866] Iteration,2,112,3.923880,0.033911
[MO866] Iteration,1,112,3.924197,0.033926
[MO866] Iteration,0,113,3.956953,0.033979
[MO866] Iteration,3,113,3.957293,0.033939
[MO866] Iteration,2,113,3.957875,0.033978
[MO866] Iteration,1,113,3.958178,0.033963
[MO866] Iteration,0,114,3.990891,0.033894
[MO866] Iteration,3,114,3.991282,0.033956
[MO866] Iteration,2,114,3.991851,0.033960
[MO866] Iteration,1,114,3.992153,0.033958
[MO866] Iteration,0,115,4.024927,0.033985
[MO866] Iteration,3,115,4.025299,0.033981
[MO866] Iteration,2,115,4.025870,0.034004
[MO866] Iteration,1,115,4.026172,0.034002
[MO866] Iteration,0,116,4.058924,0.033952
[MO866] Iteration,3,116,4.059330,0.033998
[MO866] Iteration,2,116,4.059849,0.033963
[MO866] Iteration,1,116,4.060155,0.033967
[MO866] Iteration,0,117,4.092899,0.033912
[MO866] Iteration,3,117,4.093304,0.033938
[MO866] Iteration,2,117,4.093887,0.034021
[MO866] Iteration,1,117,4.094191,0.034020
[MO866] Iteration,0,118,4.126895,0.033951
[MO866] Iteration,3,118,4.127277,0.033941
[MO866] Iteration,2,118,4.127827,0.033924
[MO866] Iteration,1,118,4.128138,0.033931
[MO866] Iteration,0,119,4.163358,0.036414
 Time step  120
[MO866] Iteration,3,119,4.163676,0.036363
[MO866] Iteration,2,119,4.163913,0.036070
[MO866] Iteration,1,119,4.164272,0.036117
[MO866] Iteration,0,120,4.197115,0.033714
[MO866] Iteration,3,120,4.197533,0.033823
[MO866] Iteration,2,120,4.198064,0.034135
[MO866] Iteration,1,120,4.198399,0.034108
[MO866] Iteration,0,121,4.231123,0.033964
[MO866] Iteration,3,121,4.231529,0.033966
[MO866] Iteration,2,121,4.232136,0.034056
[MO866] Iteration,1,121,4.232541,0.034123
[MO866] Iteration,0,122,4.265467,0.034302
[MO866] Iteration,3,122,4.265876,0.034314
[MO866] Iteration,2,122,4.266503,0.034351
[MO866] Iteration,1,122,4.266927,0.034356
[MO866] Iteration,0,123,4.299830,0.034325
[MO866] Iteration,3,123,4.300265,0.034357
[MO866] Iteration,2,123,4.300751,0.034231
[MO866] Iteration,1,123,4.301097,0.034153
[MO866] Iteration,0,124,4.334077,0.034194
[MO866] Iteration,3,124,4.334481,0.034179
[MO866] Iteration,2,124,4.335005,0.034238
[MO866] Iteration,1,124,4.335365,0.034251
[MO866] Iteration,0,125,4.368175,0.034049
[MO866] Iteration,3,125,4.368628,0.034115
[MO866] Iteration,2,125,4.369158,0.034136
[MO866] Iteration,1,125,4.369512,0.034129
[MO866] Iteration,0,126,4.402196,0.033947
[MO866] Iteration,3,126,4.402588,0.033930
[MO866] Iteration,2,126,4.403099,0.033926
[MO866] Iteration,1,126,4.403455,0.033926
[MO866] Iteration,0,127,4.436293,0.034047
[MO866] Iteration,3,127,4.436688,0.034060
[MO866] Iteration,2,127,4.437229,0.034114
[MO866] Iteration,1,127,4.437580,0.034107
[MO866] Iteration,0,128,4.470262,0.033921
[MO866] Iteration,3,128,4.470675,0.033958
[MO866] Iteration,2,128,4.471210,0.033965
[MO866] Iteration,1,128,4.471571,0.033974
[MO866] Iteration,0,129,4.504343,0.034034
[MO866] Iteration,3,129,4.504740,0.034033
[MO866] Iteration,2,129,4.505281,0.034053
[MO866] Iteration,1,129,4.505639,0.034051
[MO866] Iteration,0,130,4.538263,0.033870
[MO866] Iteration,3,130,4.538653,0.033883
[MO866] Iteration,2,130,4.539185,0.033889
[MO866] Iteration,1,130,4.539543,0.033887
[MO866] Iteration,0,131,4.572338,0.034010
[MO866] Iteration,3,131,4.572746,0.034053
[MO866] Iteration,2,131,4.573307,0.034105
[MO866] Iteration,1,131,4.573656,0.034096
[MO866] Iteration,0,132,4.606358,0.033972
[MO866] Iteration,3,132,4.606772,0.033997
[MO866] Iteration,2,132,4.607291,0.033967
[MO866] Iteration,1,132,4.607644,0.033972
[MO866] Iteration,0,133,4.640310,0.033902
[MO866] Iteration,3,133,4.640721,0.033918
[MO866] Iteration,2,133,4.641260,0.033952
[MO866] Iteration,1,133,4.641615,0.033953
[MO866] Iteration,0,134,4.674270,0.033910
[MO866] Iteration,3,134,4.674686,0.033936
[MO866] Iteration,2,134,4.675219,0.033942
[MO866] Iteration,1,134,4.675568,0.033937
[MO866] Iteration,0,135,4.708293,0.033972
[MO866] Iteration,3,135,4.708712,0.033995
[MO866] Iteration,2,135,4.709286,0.034049
[MO866] Iteration,1,135,4.709636,0.034051
[MO866] Iteration,0,136,4.742327,0.033986
[MO866] Iteration,3,136,4.742736,0.033995
[MO866] Iteration,2,136,4.743203,0.033901
[MO866] Iteration,1,136,4.743577,0.033924
[MO866] Iteration,0,137,4.776286,0.033910
[MO866] Iteration,3,137,4.776681,0.033915
[MO866] Iteration,2,137,4.777242,0.034022
[MO866] Iteration,1,137,4.777603,0.033996
[MO866] Iteration,0,138,4.810341,0.034008
[MO866] Iteration,3,138,4.810725,0.034016
[MO866] Iteration,2,138,4.811255,0.033997
[MO866] Iteration,1,138,4.811613,0.033993
[MO866] Iteration,0,139,4.844381,0.033992
 Time step  140
[MO866] Iteration,3,139,4.844790,0.034025
[MO866] Iteration,2,139,4.845332,0.034060
[MO866] Iteration,1,139,4.845681,0.034051
[MO866] Iteration,0,140,4.878294,0.033863
[MO866] Iteration,3,140,4.878716,0.033897
[MO866] Iteration,2,140,4.879217,0.033869
[MO866] Iteration,1,140,4.879572,0.033875
[MO866] Iteration,0,141,4.912298,0.033953
[MO866] Iteration,3,141,4.912714,0.033966
[MO866] Iteration,2,141,4.913235,0.034001
[MO866] Iteration,1,141,4.913578,0.033989
[MO866] Iteration,0,142,4.946266,0.033917
[MO866] Iteration,3,142,4.946670,0.033927
[MO866] Iteration,2,142,4.947169,0.033918
[MO866] Iteration,1,142,4.947524,0.033930
[MO866] Iteration,0,143,4.980318,0.034002
[MO866] Iteration,3,143,4.980683,0.033982
[MO866] Iteration,2,143,4.981203,0.034016
[MO866] Iteration,1,143,4.981577,0.034036
[MO866] Iteration,0,144,5.014276,0.033910
[MO866] Iteration,3,144,5.014660,0.033949
[MO866] Iteration,2,144,5.015170,0.033952
[MO866] Iteration,1,144,5.015536,0.033930
[MO866] Iteration,0,145,5.048312,0.033986
[MO866] Iteration,3,145,5.048722,0.034023
[MO866] Iteration,2,145,5.049275,0.034087
[MO866] Iteration,1,145,5.049630,0.034077
[MO866] Iteration,0,146,5.082270,0.033908
[MO866] Iteration,3,146,5.082678,0.033925
[MO866] Iteration,2,146,5.083210,0.033919
[MO866] Iteration,1,146,5.083561,0.033915
[MO866] Iteration,0,147,5.116290,0.033959
[MO866] Iteration,3,147,5.116738,0.034028
[MO866] Iteration,2,147,5.117258,0.034031
[MO866] Iteration,1,147,5.117607,0.034028
[MO866] Iteration,0,148,5.150308,0.033971
[MO866] Iteration,3,148,5.150718,0.033951
[MO866] Iteration,2,148,5.151221,0.033947
[MO866] Iteration,1,148,5.151580,0.033957
[MO866] Iteration,0,149,5.184322,0.033962
[MO866] Iteration,3,149,5.184719,0.033970
[MO866] Iteration,2,149,5.185285,0.034046
[MO866] Iteration,1,149,5.185638,0.034042
[MO866] Iteration,0,150,5.218301,0.033931
[MO866] Iteration,3,150,5.218709,0.033961
[MO866] Iteration,2,150,5.219208,0.033908
[MO866] Iteration,1,150,5.219575,0.033920
[MO866] Iteration,0,151,5.252408,0.034054
[MO866] Iteration,3,151,5.252805,0.034065
[MO866] Iteration,2,151,5.253317,0.034092
[MO866] Iteration,1,151,5.253673,0.034081
[MO866] Iteration,0,152,5.286254,0.033798
[MO866] Iteration,3,152,5.286673,0.033838
[MO866] Iteration,2,152,5.287183,0.033850
[MO866] Iteration,1,152,5.287545,0.033855
[MO866] Iteration,0,153,5.320690,0.034386
[MO866] Iteration,3,153,5.321070,0.034365
[MO866] Iteration,2,153,5.321615,0.034416
[MO866] Iteration,1,153,5.321950,0.034389
[MO866] Iteration,0,154,5.354696,0.033960
[MO866] Iteration,3,154,5.355060,0.033958
[MO866] Iteration,2,154,5.355625,0.033993
[MO866] Iteration,1,154,5.355949,0.033982
[MO866] Iteration,3,155,5.389067,0.033971
[MO866] Iteration,2,155,5.389584,0.033943
[MO866] Iteration,1,155,5.389936,0.033970
[MO866] Iteration,0,155,5.390502,0.035755
[MO866] Iteration,0,156,5.427765,0.037234
[MO866] Iteration,3,156,5.428084,0.038966
[MO866] Iteration,2,156,5.428908,0.039292
[MO866] Iteration,1,156,5.429224,0.039270
[MO866] Iteration,0,157,5.461975,0.034169
[MO866] Iteration,3,157,5.462319,0.034198
[MO866] Iteration,2,157,5.462883,0.033944
[MO866] Iteration,1,157,5.463217,0.033975
[MO866] Iteration,0,158,5.495983,0.033956
[MO866] Iteration,3,158,5.496379,0.034024
[MO866] Iteration,2,158,5.496939,0.034039
[MO866] Iteration,1,158,5.497264,0.034030
[MO866] Iteration,0,159,5.529968,0.033938
 Time step  160
[MO866] Iteration,3,159,5.530322,0.033913
[MO866] Iteration,2,159,5.530885,0.033929
[MO866] Iteration,1,159,5.531190,0.033910
[MO866] Iteration,0,160,5.563967,0.033952
[MO866] Iteration,3,160,5.564362,0.034005
[MO866] Iteration,2,160,5.564915,0.034013
[MO866] Iteration,1,160,5.565251,0.034045
[MO866] Iteration,0,161,5.597941,0.033925
[MO866] Iteration,3,161,5.598300,0.033904
[MO866] Iteration,2,161,5.598852,0.033921
[MO866] Iteration,1,161,5.599187,0.033920
[MO866] Iteration,0,162,5.632046,0.034059
[MO866] Iteration,3,162,5.632449,0.034118
[MO866] Iteration,2,162,5.632965,0.034095
[MO866] Iteration,1,162,5.633286,0.034083
[MO866] Iteration,0,163,5.665965,0.033872
[MO866] Iteration,3,163,5.666332,0.033854
[MO866] Iteration,2,163,5.666880,0.033899
[MO866] Iteration,1,163,5.667213,0.033911
[MO866] Iteration,0,164,5.699995,0.033980
[MO866] Iteration,3,164,5.700405,0.034042
[MO866] Iteration,2,164,5.700938,0.034041
[MO866] Iteration,1,164,5.701269,0.034039
[MO866] Iteration,0,165,5.733958,0.033915
[MO866] Iteration,3,165,5.734317,0.033882
[MO866] Iteration,2,165,5.734867,0.033913
[MO866] Iteration,1,165,5.735197,0.033911
[MO866] Iteration,0,166,5.768039,0.034030
[MO866] Iteration,3,166,5.768417,0.034063
[MO866] Iteration,2,166,5.768966,0.034081
[MO866] Iteration,1,166,5.769295,0.034081
[MO866] Iteration,0,167,5.802060,0.033969
[MO866] Iteration,3,167,5.802426,0.033964
[MO866] Iteration,2,167,5.802956,0.033974
[MO866] Iteration,1,167,5.803289,0.033977
[MO866] Iteration,0,168,5.836086,0.033979
[MO866] Iteration,3,168,5.836480,0.034022
[MO866] Iteration,2,168,5.837015,0.034041
[MO866] Iteration,1,168,5.837328,0.034022
[MO866] Iteration,0,169,5.870038,0.033904
[MO866] Iteration,3,169,5.870410,0.033900
[MO866] Iteration,2,169,5.870944,0.033912
[MO866] Iteration,1,169,5.871271,0.033926
[MO866] Iteration,0,170,5.904250,0.034165
[MO866] Iteration,3,170,5.904657,0.034215
[MO866] Iteration,2,170,5.905184,0.034222
[MO866] Iteration,1,170,5.905519,0.034231
[MO866] Iteration,0,171,5.938193,0.033898
[MO866] Iteration,3,171,5.938559,0.033870
[MO866] Iteration,2,171,5.939118,0.033918
[MO866] Iteration,1,171,5.939443,0.033907
[MO866] Iteration,0,172,5.972218,0.033977
[MO866] Iteration,3,172,5.972613,0.034019
[MO866] Iteration,2,172,5.973190,0.034055
[MO866] Iteration,1,172,5.973512,0.034052
[MO866] Iteration,0,173,6.006205,0.033928
[MO866] Iteration,3,173,6.006570,0.033925
[MO866] Iteration,2,173,6.007122,0.033915
[MO866] Iteration,1,173,6.007448,0.033919
[MO866] Iteration,0,174,6.040267,0.034012
[MO866] Iteration,3,174,6.040656,0.034051
[MO866] Iteration,2,174,6.041204,0.034065
[MO866] Iteration,1,174,6.041530,0.034065
[MO866] Iteration,0,175,6.074205,0.033893
[MO866] Iteration,3,175,6.074569,0.033885
[MO866] Iteration,2,175,6.075114,0.033893
[MO866] Iteration,1,175,6.075436,0.033890
[MO866] Iteration,0,176,6.108198,0.033940
[MO866] Iteration,3,176,6.108594,0.033994
[MO866] Iteration,2,176,6.109148,0.034016
[MO866] Iteration,1,176,6.109475,0.034023
[MO866] Iteration,0,177,6.142202,0.033949
[MO866] Iteration,3,177,6.142567,0.033941
[MO866] Iteration,2,177,6.143096,0.033931
[MO866] Iteration,1,177,6.143434,0.033943
[MO866] Iteration,0,178,6.176259,0.034010
[MO866] Iteration,3,178,6.176641,0.034043
[MO866] Iteration,2,178,6.177174,0.034060
[MO866] Iteration,1,178,6.177491,0.034041
[MO866] Iteration,0,179,6.210113,0.033807
 Time step  180
[MO866] Iteration,3,179,6.210499,0.033826
[MO866] Iteration,2,179,6.211043,0.033853
[MO866] Iteration,1,179,6.211367,0.033859
[MO866] Iteration,0,180,6.244039,0.033880
[MO866] Iteration,3,180,6.244482,0.033947
[MO866] Iteration,2,180,6.245032,0.033973
[MO866] Iteration,1,180,6.245391,0.034008
[MO866] Iteration,0,181,6.278136,0.034047
[MO866] Iteration,3,181,6.278531,0.034019
[MO866] Iteration,2,181,6.279032,0.033984
[MO866] Iteration,1,181,6.279390,0.033983
[MO866] Iteration,0,182,6.312129,0.033940
[MO866] Iteration,3,182,6.312564,0.033993
[MO866] Iteration,2,182,6.313102,0.034053
[MO866] Iteration,1,182,6.313452,0.034044
[MO866] Iteration,0,183,6.346137,0.033960
[MO866] Iteration,3,183,6.346542,0.033949
[MO866] Iteration,2,183,6.347055,0.033937
[MO866] Iteration,1,183,6.347405,0.033936
[MO866] Iteration,0,184,6.380175,0.033986
[MO866] Iteration,3,184,6.380603,0.034029
[MO866] Iteration,2,184,6.381160,0.034088
[MO866] Iteration,1,184,6.381513,0.034090
[MO866] Iteration,0,185,6.414184,0.033934
[MO866] Iteration,3,185,6.414573,0.033941
[MO866] Iteration,2,185,6.415100,0.033924
[MO866] Iteration,1,185,6.415447,0.033918
[MO866] Iteration,0,186,6.448215,0.033978
[MO866] Iteration,3,186,6.448645,0.034032
[MO866] Iteration,2,186,6.449164,0.034047
[MO866] Iteration,1,186,6.449531,0.034067
[MO866] Iteration,0,187,6.482230,0.033944
[MO866] Iteration,3,187,6.482613,0.033940
[MO866] Iteration,2,187,6.483129,0.033949
[MO866] Iteration,1,187,6.483484,0.033936
[MO866] Iteration,0,188,6.516335,0.034058
[MO866] Iteration,3,188,6.516717,0.034064
[MO866] Iteration,2,188,6.517285,0.034138
[MO866] Iteration,1,188,6.517659,0.034157
[MO866] Iteration,0,189,6.550373,0.033991
[MO866] Iteration,3,189,6.550796,0.034050
[MO866] Iteration,2,189,6.551309,0.034008
[MO866] Iteration,1,189,6.551676,0.033988
[MO866] Iteration,0,190,6.584320,0.033899
[MO866] Iteration,3,190,6.584744,0.033916
[MO866] Iteration,2,190,6.585284,0.033958
[MO866] Iteration,1,190,6.585643,0.033950
[MO866] Iteration,0,191,6.618329,0.033963
[MO866] Iteration,3,191,6.618724,0.033951
[MO866] Iteration,2,191,6.619257,0.033956
[MO866] Iteration,1,191,6.619615,0.033956
[MO866] Iteration,0,192,6.652350,0.033970
[MO866] Iteration,3,192,6.652786,0.034022
[MO866] Iteration,2,192,6.653316,0.034041
[MO866] Iteration,1,192,6.653674,0.034042
[MO866] Iteration,0,193,6.686443,0.034049
[MO866] Iteration,3,193,6.686837,0.034022
[MO866] Iteration,2,193,6.687377,0.034044
[MO866] Iteration,1,193,6.687728,0.034038
[MO866] Iteration,0,194,6.720518,0.034023
[MO866] Iteration,3,194,6.720907,0.034030
[MO866] Iteration,2,194,6.721458,0.034064
[MO866] Iteration,1,194,6.721820,0.034075
[MO866] Iteration,0,195,6.754487,0.033922
[MO866] Iteration,3,195,6.754891,0.033955
[MO866] Iteration,2,195,6.755417,0.033942
[MO866] Iteration,1,195,6.755776,0.033940
[MO866] Iteration,0,196,6.788599,0.034060
[MO866] Iteration,3,196,6.788996,0.034073
[MO866] Iteration,2,196,6.789508,0.034073
[MO866] Iteration,1,196,6.789854,0.034062
[MO866] Iteration,0,197,6.822509,0.033865
[MO866] Iteration,3,197,6.822938,0.033912
[MO866] Iteration,2,197,6.823448,0.033924
[MO866] Iteration,1,197,6.823828,0.033958
[MO866] Iteration,0,198,6.856675,0.034117
[MO866] Iteration,3,198,6.857062,0.034092
[MO866] Iteration,2,198,6.857603,0.034138
[MO866] Iteration,1,198,6.857954,0.034096
[MO866] Iteration,0,199,6.890613,0.033893
 Time step  200
[MO866] Iteration,3,199,6.891033,0.033941
[MO866] Iteration,2,199,6.891541,0.033921
[MO866] Iteration,1,199,6.891883,0.033912
[MO866] Iteration,0,200,6.924781,0.034120
[MO866] Iteration,3,200,6.925155,0.034089
[MO866] Iteration,2,200,6.925701,0.034143
[MO866] Iteration,1,200,6.926060,0.034160
[MO866] Iteration,0,201,6.958675,0.033849
[MO866] Iteration,3,201,6.959095,0.033910
[MO866] Iteration,2,201,6.959614,0.033897
[MO866] Iteration,1,201,6.959975,0.033898
[MO866] Iteration,0,202,6.995154,0.036430
[MO866] Iteration,2,202,6.996190,0.036559
[MO866] Iteration,3,202,6.997668,0.038542
[MO866] Iteration,1,202,6.998609,0.038618
[MO866] Iteration,0,203,7.032898,0.037709
[MO866] Iteration,3,203,7.033303,0.035593
[MO866] Iteration,2,203,7.033838,0.037630
[MO866] Iteration,1,203,7.034197,0.035558
[MO866] Iteration,0,204,7.066871,0.033926
[MO866] Iteration,3,204,7.067277,0.033944
[MO866] Iteration,2,204,7.067827,0.033972
[MO866] Iteration,1,204,7.068184,0.033969
[MO866] Iteration,0,205,7.100945,0.034024
[MO866] Iteration,3,205,7.101325,0.034017
[MO866] Iteration,2,205,7.101869,0.034025
[MO866] Iteration,1,205,7.102220,0.034019
[MO866] Iteration,0,206,7.134898,0.033909
[MO866] Iteration,3,206,7.135308,0.033945
[MO866] Iteration,2,206,7.135825,0.033939
[MO866] Iteration,1,206,7.136197,0.033959
[MO866] Iteration,0,207,7.169017,0.034053
[MO866] Iteration,3,207,7.169419,0.034081
[MO866] Iteration,2,207,7.169914,0.034072
[MO866] Iteration,1,207,7.170261,0.034015
[MO866] Iteration,0,208,7.202955,0.033892
[MO866] Iteration,3,208,7.203362,0.033912
[MO866] Iteration,2,208,7.203889,0.033958
[MO866] Iteration,1,208,7.204257,0.033979
[MO866] Iteration,0,209,7.236992,0.033988
[MO866] Iteration,3,209,7.237390,0.033996
[MO866] Iteration,2,209,7.237923,0.034017
[MO866] Iteration,1,209,7.238271,0.033987
[MO866] Iteration,0,210,7.270995,0.033959
[MO866] Iteration,3,210,7.271386,0.033968
[MO866] Iteration,2,210,7.271958,0.034019
[MO866] Iteration,1,210,7.272323,0.034035
[MO866] Iteration,0,211,7.305153,0.034108
[MO866] Iteration,3,211,7.305520,0.034093
[MO866] Iteration,2,211,7.306049,0.034073
[MO866] Iteration,1,211,7.306387,0.034048
[MO866] Iteration,0,212,7.339134,0.033935
[MO866] Iteration,3,212,7.339545,0.033985
[MO866] Iteration,2,212,7.340085,0.034020
[MO866] Iteration,1,212,7.340440,0.034036
[MO866] Iteration,0,213,7.373153,0.033967
[MO866] Iteration,3,213,7.373556,0.033981
[MO866] Iteration,2,213,7.374088,0.033985
[MO866] Iteration,1,213,7.374409,0.033954
[MO866] Iteration,0,214,7.407212,0.034014
[MO866] Iteration,3,214,7.407598,0.034013
[MO866] Iteration,2,214,7.408131,0.034026
[MO866] Iteration,1,214,7.408497,0.034062
[MO866] Iteration,0,215,7.441277,0.034014
[MO866] Iteration,3,215,7.441666,0.034026
[MO866] Iteration,2,215,7.442184,0.034037
[MO866] Iteration,1,215,7.442527,0.034015
[MO866] Iteration,0,216,7.475270,0.033945
[MO866] Iteration,3,216,7.475695,0.033997
[MO866] Iteration,2,216,7.476213,0.034012
[MO866] Iteration,1,216,7.476567,0.034023
[MO866] Iteration,0,217,7.509185,0.033866
[MO866] Iteration,3,217,7.509554,0.033827
[MO866] Iteration,2,217,7.510137,0.033884
[MO866] Iteration,1,217,7.510487,0.033904
[MO866] Iteration,0,218,7.543237,0.034009
[MO866] Iteration,3,218,7.543657,0.034063
[MO866] Iteration,2,218,7.544195,0.034042
[MO866] Iteration,1,218,7.544562,0.034058
[MO866] Iteration,0,219,7.577337,0.034050
 Time step  220
[MO866] Iteration,3,219,7.577757,0.034069
[MO866] Iteration,2,219,7.578243,0.034031
[MO866] Iteration,1,219,7.578597,0.034019
[MO866] Iteration,0,220,7.611323,0.033940
[MO866] Iteration,3,220,7.611730,0.033944
[MO866] Iteration,2,220,7.612295,0.034035
[MO866] Iteration,1,220,7.612630,0.034017
[MO866] Iteration,0,221,7.645331,0.033960
[MO866] Iteration,3,221,7.645728,0.033965
[MO866] Iteration,2,221,7.646250,0.033939
[MO866] Iteration,1,221,7.646583,0.033937
[MO866] Iteration,0,222,7.679411,0.034021
[MO866] Iteration,3,222,7.679805,0.034046
[MO866] Iteration,2,222,7.680383,0.034116
[MO866] Iteration,1,222,7.680706,0.034106
[MO866] Iteration,0,223,7.713517,0.034041
[MO866] Iteration,3,223,7.713923,0.034077
[MO866] Iteration,2,223,7.714447,0.034048
[MO866] Iteration,1,223,7.714791,0.034069
[MO866] Iteration,0,224,7.747530,0.033965
[MO866] Iteration,3,224,7.747974,0.034019
[MO866] Iteration,2,224,7.748562,0.034099
[MO866] Iteration,1,224,7.748897,0.034089
[MO866] Iteration,0,225,7.781826,0.034251
[MO866] Iteration,3,225,7.782232,0.034227
[MO866] Iteration,2,225,7.782767,0.034182
[MO866] Iteration,1,225,7.783113,0.034200
[MO866] Iteration,0,226,7.815892,0.034017
[MO866] Iteration,3,226,7.816313,0.034050
[MO866] Iteration,2,226,7.816854,0.034070
[MO866] Iteration,1,226,7.817186,0.034056
[MO866] Iteration,0,227,7.849806,0.033864
[MO866] Iteration,3,227,7.850208,0.033866
[MO866] Iteration,2,227,7.850719,0.033849
[MO866] Iteration,1,227,7.851070,0.033868
[MO866] Iteration,0,228,7.883825,0.033972
[MO866] Iteration,3,228,7.884244,0.034005
[MO866] Iteration,2,228,7.884808,0.034073
[MO866] Iteration,1,228,7.885136,0.034049
[MO866] Iteration,0,229,7.918053,0.034177
[MO866] Iteration,3,229,7.918447,0.034174
[MO866] Iteration,2,229,7.918948,0.034114
[MO866] Iteration,1,229,7.919304,0.034151
[MO866] Iteration,0,230,7.952161,0.034057
[MO866] Iteration,3,230,7.952590,0.034104
[MO866] Iteration,2,230,7.953124,0.034159
[MO866] Iteration,1,230,7.953465,0.034144
[MO866] Iteration,0,231,7.986161,0.033949
[MO866] Iteration,3,231,7.986549,0.033931
[MO866] Iteration,2,231,7.987059,0.033919
[MO866] Iteration,1,231,7.987407,0.033926
[MO866] Iteration,0,232,8.020188,0.033975
[MO866] Iteration,3,232,8.020617,0.034028
[MO866] Iteration,2,232,8.021167,0.034091
[MO866] Iteration,1,232,8.021510,0.034087
[MO866] Iteration,0,233,8.054147,0.033886
[MO866] Iteration,3,233,8.054553,0.033906
[MO866] Iteration,2,233,8.055057,0.033874
[MO866] Iteration,1,233,8.055412,0.033886
[MO866] Iteration,0,234,8.088182,0.033982
[MO866] Iteration,3,234,8.088626,0.034043
[MO866] Iteration,2,234,8.089174,0.034101
[MO866] Iteration,1,234,8.089519,0.034090
[MO866] Iteration,0,235,8.122210,0.033958
[MO866] Iteration,3,235,8.122609,0.033953
[MO866] Iteration,2,235,8.123073,0.033883
[MO866] Iteration,1,235,8.123431,0.033897
[MO866] Iteration,0,236,8.156191,0.033917
[MO866] Iteration,3,236,8.156627,0.033988
[MO866] Iteration,2,236,8.157175,0.034085
[MO866] Iteration,1,236,8.157525,0.034077
[MO866] Iteration,0,237,8.190206,0.033940
[MO866] Iteration,3,237,8.190618,0.033962
[MO866] Iteration,2,237,8.191132,0.033941
[MO866] Iteration,1,237,8.191479,0.033938
[MO866] Iteration,0,238,8.224262,0.034005
[MO866] Iteration,3,238,8.224669,0.034019
[MO866] Iteration,2,238,8.225222,0.034073
[MO866] Iteration,1,238,8.225558,0.034062
[MO866] Iteration,0,239,8.258214,0.033905
 Time step  240
[MO866] Iteration,3,239,8.258641,0.033944
[MO866] Iteration,2,239,8.259114,0.033876
[MO866] Iteration,1,239,8.259468,0.033895
[MO866] Iteration,3,240,8.295183,0.036512
[MO866] Iteration,0,240,8.295911,0.037635
[MO866] Iteration,1,240,8.296599,0.037114
[MO866] Iteration,2,240,8.297331,0.038200
[MO866] Iteration,0,241,8.330605,0.034648
[MO866] Iteration,3,241,8.330918,0.035685
[MO866] Iteration,2,241,8.331465,0.034114
[MO866] Iteration,1,241,8.331762,0.035147
[MO866] Iteration,0,242,8.364630,0.033996
[MO866] Iteration,3,242,8.365008,0.034054
[MO866] Iteration,2,242,8.365582,0.034100
[MO866] Iteration,1,242,8.365883,0.034104
[MO866] Iteration,0,243,8.398611,0.033934
[MO866] Iteration,3,243,8.399013,0.033972
[MO866] Iteration,2,243,8.399557,0.033959
[MO866] Iteration,1,243,8.399878,0.033978
[MO866] Iteration,0,244,8.432639,0.033977
[MO866] Iteration,3,244,8.433041,0.033994
[MO866] Iteration,2,244,8.433615,0.034041
[MO866] Iteration,1,244,8.433932,0.034037
[MO866] Iteration,0,245,8.466665,0.033982
[MO866] Iteration,3,245,8.467039,0.033967
[MO866] Iteration,2,245,8.467611,0.033981
[MO866] Iteration,1,245,8.467920,0.033972
[MO866] Iteration,0,246,8.500772,0.034056
[MO866] Iteration,3,246,8.501186,0.034112
[MO866] Iteration,2,246,8.501742,0.034115
[MO866] Iteration,1,246,8.502049,0.034112
[MO866] Iteration,0,247,8.534741,0.033906
[MO866] Iteration,3,247,8.535132,0.033914
[MO866] Iteration,2,247,8.535695,0.033937
[MO866] Iteration,1,247,8.536001,0.033936
[MO866] Iteration,0,248,8.568834,0.034043
[MO866] Iteration,3,248,8.569208,0.034041
[MO866] Iteration,2,248,8.569788,0.034076
[MO866] Iteration,1,248,8.570091,0.034073
[MO866] Iteration,0,249,8.602855,0.033975
[MO866] Iteration,3,249,8.603253,0.034013
[MO866] Iteration,2,249,8.603787,0.033983
[MO866] Iteration,1,249,8.604084,0.033977
[MO866] Iteration,0,250,8.636918,0.034015
[MO866] Iteration,3,250,8.637293,0.034006
[MO866] Iteration,2,250,8.637844,0.034039
[MO866] Iteration,1,250,8.638151,0.034050
[MO866] Iteration,0,251,8.670886,0.033925
[MO866] Iteration,3,251,8.671278,0.033953
[MO866] Iteration,2,251,8.671825,0.033964
[MO866] Iteration,1,251,8.672134,0.033966
[MO866] Iteration,0,252,8.704972,0.034033
[MO866] Iteration,3,252,8.705338,0.034025
[MO866] Iteration,2,252,8.705892,0.034051
[MO866] Iteration,1,252,8.706197,0.034046
[MO866] Iteration,0,253,8.738856,0.033836
[MO866] Iteration,3,253,8.739242,0.033871
[MO866] Iteration,2,253,8.739797,0.033889
[MO866] Iteration,1,253,8.740104,0.033890
[MO866] Iteration,0,254,8.772870,0.033965
[MO866] Iteration,3,254,8.773249,0.033971
[MO866] Iteration,2,254,8.773823,0.034010
[MO866] Iteration,1,254,8.774121,0.034000
[MO866] Iteration,0,255,8.806836,0.033921
[MO866] Iteration,3,255,8.807227,0.033945
[MO866] Iteration,2,255,8.807796,0.033956
[MO866] Iteration,1,255,8.808103,0.033966
[MO866] Iteration,0,256,8.840908,0.034022
[MO866] Iteration,3,256,8.841291,0.034028
[MO866] Iteration,2,256,8.841871,0.034059
[MO866] Iteration,1,256,8.842177,0.034057
[MO866] Iteration,0,257,8.874875,0.033921
[MO866] Iteration,3,257,8.875279,0.033957
[MO866] Iteration,2,257,8.875839,0.033951
[MO866] Iteration,1,257,8.876154,0.033961
[MO866] Iteration,0,258,8.908967,0.034045
[MO866] Iteration,3,258,8.909334,0.034018
[MO866] Iteration,2,258,8.909905,0.034050
[MO866] Iteration,1,258,8.910203,0.034033
[MO866] Iteration,0,259,8.942912,0.033897
 Time step  260
[MO866] Iteration,3,259,8.943301,0.033935
[MO866] Iteration,2,259,8.943861,0.033940
[MO866] Iteration,1,259,8.944161,0.033942
[MO866] Iteration,0,260,8.977012,0.034047
[MO866] Iteration,3,260,8.977374,0.034037
[MO866] Iteration,2,260,8.977948,0.034072
[MO866] Iteration,1,260,8.978251,0.034073
[MO866] Iteration,0,261,9.011010,0.033953
[MO866] Iteration,3,261,9.011387,0.033980
[MO866] Iteration,2,261,9.011927,0.033963
[MO866] Iteration,1,261,9.012240,0.033973
[MO866] Iteration,0,262,9.044974,0.033912
[MO866] Iteration,3,262,9.045338,0.033915
[MO866] Iteration,2,262,9.045906,0.033963
[MO866] Iteration,1,262,9.046205,0.033949
[MO866] Iteration,0,263,9.078892,0.033873
[MO866] Iteration,3,263,9.079274,0.033903
[MO866] Iteration,2,263,9.079844,0.033921
[MO866] Iteration,1,263,9.080144,0.033922
[MO866] Iteration,0,264,9.112959,0.034019
[MO866] Iteration,3,264,9.113335,0.034027
[MO866] Iteration,2,264,9.113885,0.034025
[MO866] Iteration,1,264,9.114187,0.034027
[MO866] Iteration,0,265,9.146855,0.033852
[MO866] Iteration,3,265,9.147244,0.033875
[MO866] Iteration,2,265,9.147800,0.033898
[MO866] Iteration,1,265,9.148111,0.033907
[MO866] Iteration,0,266,9.180898,0.033994
[MO866] Iteration,3,266,9.181283,0.034003
[MO866] Iteration,2,266,9.181857,0.034041
[MO866] Iteration,1,266,9.182160,0.034032
[MO866] Iteration,0,267,9.214987,0.034045
[MO866] Iteration,3,267,9.215361,0.034045
[MO866] Iteration,2,267,9.215919,0.034046
[MO866] Iteration,1,267,9.216241,0.034064
[MO866] Iteration,0,268,9.248999,0.033962
[MO866] Iteration,3,268,9.249362,0.033965
[MO866] Iteration,2,268,9.249921,0.033986
[MO866] Iteration,1,268,9.250220,0.033964
[MO866] Iteration,0,269,9.282923,0.033880
[MO866] Iteration,3,269,9.283300,0.033906
[MO866] Iteration,2,269,9.283859,0.033922
[MO866] Iteration,1,269,9.284162,0.033925
[MO866] Iteration,0,270,9.316910,0.033938
[MO866] Iteration,3,270,9.317311,0.033975
[MO866] Iteration,2,270,9.317860,0.033985
[MO866] Iteration,1,270,9.318161,0.033982
[MO866] Iteration,0,271,9.350894,0.033943
[MO866] Iteration,3,271,9.351287,0.033942
[MO866] Iteration,2,271,9.351802,0.033927
[MO866] Iteration,1,271,9.352106,0.033928
[MO866] Iteration,0,272,9.384988,0.034040
[MO866] Iteration,3,272,9.385353,0.034029
[MO866] Iteration,2,272,9.385912,0.034092
[MO866] Iteration,1,272,9.386215,0.034092
[MO866] Iteration,0,273,9.418864,0.033830
[MO866] Iteration,3,273,9.419254,0.033868
[MO866] Iteration,2,273,9.419813,0.033884
[MO866] Iteration,1,273,9.420132,0.033900
[MO866] Iteration,0,274,9.452952,0.034038
[MO866] Iteration,3,274,9.453330,0.034041
[MO866] Iteration,2,274,9.453890,0.034060
[MO866] Iteration,1,274,9.454192,0.034043
[MO866] Iteration,0,275,9.486925,0.033928
[MO866] Iteration,3,275,9.487310,0.033947
[MO866] Iteration,2,275,9.487876,0.033969
[MO866] Iteration,1,275,9.488180,0.033972
[MO866] Iteration,0,276,9.522550,0.035576
[MO866] Iteration,3,276,9.522918,0.035574
[MO866] Iteration,2,276,9.523618,0.035725
[MO866] Iteration,1,276,9.523942,0.035745
[MO866] Iteration,0,277,9.557858,0.035269
[MO866] Iteration,3,277,9.558214,0.035260
[MO866] Iteration,2,277,9.558750,0.035115
[MO866] Iteration,1,277,9.559078,0.035118
[MO866] Iteration,0,278,9.591878,0.033966
[MO866] Iteration,3,278,9.592294,0.034048
[MO866] Iteration,2,278,9.592843,0.034075
[MO866] Iteration,1,278,9.593146,0.034049
[MO866] Iteration,0,279,9.625863,0.033935
 Time step  280
[MO866] Iteration,3,279,9.626229,0.033904
[MO866] Iteration,2,279,9.626771,0.033912
[MO866] Iteration,1,279,9.627074,0.033910
[MO866] Iteration,0,280,9.659800,0.033887
[MO866] Iteration,3,280,9.660194,0.033932
[MO866] Iteration,2,280,9.660699,0.033912
[MO866] Iteration,1,280,9.661013,0.033922
[MO866] Iteration,0,281,9.694338,0.034486
[MO866] Iteration,3,281,9.694707,0.034470
[MO866] Iteration,2,281,9.695156,0.034442
[MO866] Iteration,1,281,9.695467,0.034438
[MO866] Iteration,0,282,9.728345,0.033954
[MO866] Iteration,3,282,9.728743,0.034003
[MO866] Iteration,2,282,9.729266,0.034094
[MO866] Iteration,1,282,9.729574,0.034089
[MO866] Iteration,0,283,9.762241,0.033845
[MO866] Iteration,3,283,9.762633,0.033857
[MO866] Iteration,2,283,9.763132,0.033851
[MO866] Iteration,1,283,9.763456,0.033864
[MO866] Iteration,0,284,9.796263,0.033969
[MO866] Iteration,3,284,9.796674,0.034009
[MO866] Iteration,2,284,9.797198,0.034050
[MO866] Iteration,1,284,9.797546,0.034073
[MO866] Iteration,0,285,9.830270,0.033960
[MO866] Iteration,3,285,9.830697,0.033992
[MO866] Iteration,2,285,9.831160,0.033947
[MO866] Iteration,1,285,9.831520,0.033958
[MO866] Iteration,0,286,9.864316,0.033997
[MO866] Iteration,3,286,9.864738,0.034010
[MO866] Iteration,2,286,9.865273,0.034096
[MO866] Iteration,1,286,9.865627,0.034088
[MO866] Iteration,0,287,9.898506,0.034143
[MO866] Iteration,3,287,9.898899,0.034131
[MO866] Iteration,2,287,9.899476,0.034187
[MO866] Iteration,1,287,9.899847,0.034203
[MO866] Iteration,0,288,9.932702,0.034147
[MO866] Iteration,3,288,9.933083,0.034144
[MO866] Iteration,2,288,9.933634,0.034140
[MO866] Iteration,1,288,9.933984,0.034120
[MO866] Iteration,0,289,9.966658,0.033911
[MO866] Iteration,3,289,9.967052,0.033939
[MO866] Iteration,2,289,9.967582,0.033932
[MO866] Iteration,1,289,9.967935,0.033934
[MO866] Iteration,0,290,10.000797,0.034090
[MO866] Iteration,3,290,10.001185,0.034091
[MO866] Iteration,2,290,10.001731,0.034132
[MO866] Iteration,1,290,10.002081,0.034129
[MO866] Iteration,0,291,10.034728,0.033874
[MO866] Iteration,3,291,10.035147,0.033930
[MO866] Iteration,2,291,10.035675,0.033926
[MO866] Iteration,1,291,10.036028,0.033930
[MO866] Iteration,0,292,10.068821,0.034043
[MO866] Iteration,3,292,10.069228,0.034048
[MO866] Iteration,2,292,10.069775,0.034082
[MO866] Iteration,1,292,10.070124,0.034078
[MO866] Iteration,0,293,10.102808,0.033930
[MO866] Iteration,3,293,10.103230,0.033971
[MO866] Iteration,2,293,10.103779,0.033987
[MO866] Iteration,1,293,10.104146,0.034005
[MO866] Iteration,0,294,10.136991,0.034132
[MO866] Iteration,3,294,10.137369,0.034107
[MO866] Iteration,2,294,10.137912,0.034116
[MO866] Iteration,1,294,10.138260,0.034096
[MO866] Iteration,0,295,10.170903,0.033863
[MO866] Iteration,3,295,10.171287,0.033878
[MO866] Iteration,2,295,10.171824,0.033895
[MO866] Iteration,1,295,10.172196,0.033919
[MO866] Iteration,0,296,10.204952,0.034000
[MO866] Iteration,3,296,10.205345,0.034016
[MO866] Iteration,2,296,10.205889,0.034048
[MO866] Iteration,1,296,10.206232,0.033986
[MO866] Iteration,0,297,10.238916,0.033918
[MO866] Iteration,3,297,10.239334,0.033958
[MO866] Iteration,2,297,10.239858,0.033952
[MO866] Iteration,1,297,10.240236,0.033985
[MO866] Iteration,0,298,10.273015,0.034050
[MO866] Iteration,3,298,10.273402,0.034035
[MO866] Iteration,2,298,10.273932,0.034056
[MO866] Iteration,1,298,10.274285,0.034012
[MO866] Iteration,0,299,10.306926,0.033864
 Time step  300
[MO866] Iteration,3,299,10.307344,0.033912
[MO866] Iteration,2,299,10.307855,0.033906
[MO866] Iteration,1,299,10.308213,0.033910
[MO866] Iteration,0,300,10.341047,0.034071
[MO866] Iteration,3,300,10.341444,0.034068
[MO866] Iteration,2,300,10.341980,0.034109
[MO866] Iteration,1,300,10.342336,0.034072
[MO866] Iteration,0,301,10.374963,0.033871
[MO866] Iteration,3,301,10.375377,0.033902
[MO866] Iteration,2,301,10.375878,0.033880
[MO866] Iteration,1,301,10.376246,0.033892
[MO866] Iteration,0,302,10.409064,0.034050
[MO866] Iteration,3,302,10.409458,0.034049
[MO866] Iteration,2,302,10.409977,0.034083
[MO866] Iteration,1,302,10.410330,0.034068
[MO866] Iteration,0,303,10.442924,0.033813
[MO866] Iteration,3,303,10.443340,0.033850
[MO866] Iteration,2,303,10.443907,0.033912
[MO866] Iteration,1,303,10.444278,0.033930
[MO866] Iteration,0,304,10.477046,0.034073
[MO866] Iteration,3,304,10.477429,0.034048
[MO866] Iteration,2,304,10.477958,0.034033
[MO866] Iteration,1,304,10.478295,0.034000
[MO866] Iteration,0,305,10.510954,0.033863
[MO866] Iteration,3,305,10.511376,0.033907
[MO866] Iteration,2,305,10.511875,0.033900
[MO866] Iteration,1,305,10.512247,0.033934
[MO866] Iteration,0,306,10.544983,0.033981
[MO866] Iteration,3,306,10.545391,0.033982
[MO866] Iteration,2,306,10.545926,0.034035
[MO866] Iteration,1,306,10.546275,0.033994
[MO866] Iteration,0,307,10.578882,0.033853
[MO866] Iteration,3,307,10.579304,0.033882
[MO866] Iteration,2,307,10.579793,0.033849
[MO866] Iteration,1,307,10.580154,0.033862
[MO866] Iteration,0,308,10.613059,0.034127
[MO866] Iteration,3,308,10.613428,0.034091
[MO866] Iteration,2,308,10.613996,0.034186
[MO866] Iteration,1,308,10.614353,0.034182
[MO866] Iteration,0,309,10.647113,0.034008
[MO866] Iteration,3,309,10.647520,0.034053
[MO866] Iteration,2,309,10.648033,0.034021
[MO866] Iteration,1,309,10.648405,0.034035
[MO866] Iteration,0,310,10.681144,0.033980
[MO866] Iteration,3,310,10.681542,0.033990
[MO866] Iteration,2,310,10.682074,0.034023
[MO866] Iteration,1,310,10.682433,0.033998
[MO866] Iteration,0,311,10.715077,0.033884
[MO866] Iteration,3,311,10.715493,0.033920
[MO866] Iteration,2,311,10.715993,0.033901
[MO866] Iteration,1,311,10.716373,0.033923
[MO866] Iteration,0,312,10.749117,0.033990
[MO866] Iteration,3,312,10.749544,0.034018
[MO866] Iteration,2,312,10.750065,0.034054
[MO866] Iteration,1,312,10.750424,0.034019
[MO866] Iteration,0,313,10.783193,0.034030
[MO866] Iteration,3,313,10.783588,0.034013
[MO866] Iteration,2,313,10.784112,0.034030
[MO866] Iteration,1,313,10.784488,0.034046
[MO866] Iteration,0,314,10.817246,0.034004
[MO866] Iteration,3,314,10.817646,0.034017
[MO866] Iteration,2,314,10.818162,0.034033
[MO866] Iteration,1,314,10.818510,0.034005
[MO866] Iteration,0,315,10.851580,0.034290
[MO866] Iteration,3,315,10.852020,0.034342
[MO866] Iteration,2,315,10.852552,0.034373
[MO866] Iteration,1,315,10.852890,0.034363
[MO866] Iteration,0,316,10.885623,0.033992
[MO866] Iteration,3,316,10.886002,0.033949
[MO866] Iteration,2,316,10.886519,0.033951
[MO866] Iteration,1,316,10.886867,0.033960
[MO866] Iteration,0,317,10.919553,0.033880
[MO866] Iteration,3,317,10.919962,0.033919
[MO866] Iteration,2,317,10.920546,0.034009
[MO866] Iteration,1,317,10.920879,0.033996
[MO866] Iteration,0,318,10.953634,0.034032
[MO866] Iteration,3,318,10.954008,0.034013
[MO866] Iteration,2,318,10.954520,0.033958
[MO866] Iteration,1,318,10.954870,0.033974
[MO866] Iteration,0,319,10.987649,0.033965
 Time step  320
[MO866] Iteration,3,319,10.988073,0.034024
[MO866] Iteration,2,319,10.988614,0.034077
[MO866] Iteration,1,319,10.988957,0.034069
[MO866] Iteration,0,320,11.021867,0.034170
[MO866] Iteration,3,320,11.022252,0.034147
[MO866] Iteration,2,320,11.022764,0.034134
[MO866] Iteration,1,320,11.023124,0.034138
[MO866] Iteration,0,321,11.055931,0.034013
[MO866] Iteration,3,321,11.056353,0.034060
[MO866] Iteration,2,321,11.056872,0.034092
[MO866] Iteration,1,321,11.057213,0.034072
[MO866] Iteration,0,322,11.089866,0.033882
[MO866] Iteration,3,322,11.090234,0.033850
[MO866] Iteration,2,322,11.090764,0.033876
[MO866] Iteration,1,322,11.091124,0.033894
[MO866] Iteration,0,323,11.123925,0.034010
[MO866] Iteration,3,323,11.124367,0.034092
[MO866] Iteration,2,323,11.124873,0.034091
[MO866] Iteration,1,323,11.125240,0.034098
[MO866] Iteration,0,324,11.157983,0.034006
[MO866] Iteration,3,324,11.158378,0.033982
[MO866] Iteration,2,324,11.158895,0.034007
[MO866] Iteration,1,324,11.159256,0.033999
[MO866] Iteration,0,325,11.191972,0.033936
[MO866] Iteration,3,325,11.192412,0.033993
[MO866] Iteration,2,325,11.192950,0.034038
[MO866] Iteration,1,325,11.193298,0.034025
[MO866] Iteration,0,326,11.225992,0.033971
[MO866] Iteration,3,326,11.226396,0.033953
[MO866] Iteration,2,326,11.226903,0.033937
[MO866] Iteration,1,326,11.227265,0.033950
[MO866] Iteration,0,327,11.259985,0.033943
[MO866] Iteration,3,327,11.260451,0.034023
[MO866] Iteration,2,327,11.260976,0.034057
[MO866] Iteration,1,327,11.261329,0.034047
[MO866] Iteration,0,328,11.293990,0.033955
[MO866] Iteration,3,328,11.294377,0.033896
[MO866] Iteration,2,328,11.294896,0.033904
[MO866] Iteration,1,328,11.295256,0.033910
[MO866] Iteration,0,329,11.328054,0.034012
[MO866] Iteration,3,329,11.328481,0.034061
[MO866] Iteration,2,329,11.329032,0.034119
[MO866] Iteration,1,329,11.329375,0.034102
[MO866] Iteration,0,330,11.362333,0.034228
[MO866] Iteration,3,330,11.362688,0.034176
[MO866] Iteration,2,330,11.363229,0.034182
[MO866] Iteration,1,330,11.363525,0.034133
[MO866] Iteration,0,331,11.396372,0.033989
[MO866] Iteration,3,331,11.396752,0.034028
[MO866] Iteration,2,331,11.397295,0.034048
[MO866] Iteration,1,331,11.397631,0.034088
[MO866] Iteration,0,332,11.430306,0.033886
[MO866] Iteration,3,332,11.430693,0.033908
[MO866] Iteration,2,332,11.431259,0.033947
[MO866] Iteration,1,332,11.431583,0.033935
[MO866] Iteration,0,333,11.464379,0.034024
[MO866] Iteration,3,333,11.464777,0.034048
[MO866] Iteration,2,333,11.465337,0.034061
[MO866] Iteration,1,333,11.465666,0.034066
[MO866] Iteration,0,334,11.498388,0.033963
[MO866] Iteration,3,334,11.498775,0.033964
[MO866] Iteration,2,334,11.499321,0.033968
[MO866] Iteration,1,334,11.499656,0.033974
[MO866] Iteration,0,335,11.532398,0.033958
[MO866] Iteration,3,335,11.532774,0.033962
[MO866] Iteration,2,335,11.533346,0.034008
[MO866] Iteration,1,335,11.533653,0.033980
[MO866] Iteration,0,336,11.566327,0.033887
[MO866] Iteration,3,336,11.566705,0.033898
[MO866] Iteration,2,336,11.567209,0.033847
[MO866] Iteration,1,336,11.567564,0.033894
[MO866] Iteration,0,337,11.600259,0.033882
[MO866] Iteration,3,337,11.600680,0.033942
[MO866] Iteration,2,337,11.601221,0.033995
[MO866] Iteration,1,337,11.601545,0.033951
[MO866] Iteration,0,338,11.634207,0.033902
[MO866] Iteration,3,338,11.634593,0.033883
[MO866] Iteration,2,338,11.635125,0.033887
[MO866] Iteration,1,338,11.635454,0.033892
[MO866] Iteration,0,339,11.668280,0.034022
 Time step  340
[MO866] Iteration,3,339,11.668692,0.034063
[MO866] Iteration,2,339,11.669229,0.034086
[MO866] Iteration,1,339,11.669554,0.034082
[MO866] Iteration,0,340,11.702188,0.033855
[MO866] Iteration,3,340,11.702573,0.033850
[MO866] Iteration,2,340,11.703058,0.033812
[MO866] Iteration,1,340,11.703401,0.033830
[MO866] Iteration,0,341,11.736252,0.034012
[MO866] Iteration,3,341,11.736647,0.034041
[MO866] Iteration,2,341,11.737227,0.034151
[MO866] Iteration,1,341,11.737544,0.034126
[MO866] Iteration,0,342,11.775097,0.038804
[MO866] Iteration,3,342,11.775446,0.038765
[MO866] Iteration,1,342,11.776109,0.038548
[MO866] Iteration,2,342,11.776246,0.039003
[MO866] Iteration,0,343,11.809180,0.034019
[MO866] Iteration,3,343,11.809552,0.034073
[MO866] Iteration,2,343,11.810107,0.033835
[MO866] Iteration,1,343,11.810443,0.034314
[MO866] Iteration,0,344,11.843159,0.033930
[MO866] Iteration,3,344,11.843548,0.033962
[MO866] Iteration,2,344,11.844086,0.033962
[MO866] Iteration,1,344,11.844441,0.033980
[MO866] Iteration,0,345,11.877158,0.033949
[MO866] Iteration,3,345,11.877530,0.033945
[MO866] Iteration,2,345,11.878111,0.034009
[MO866] Iteration,1,345,11.878437,0.033968
[MO866] Iteration,0,346,11.911259,0.034055
[MO866] Iteration,3,346,11.911636,0.034071
[MO866] Iteration,2,346,11.912172,0.034044
[MO866] Iteration,1,346,11.912525,0.034070
[MO866] Iteration,0,347,11.945293,0.033982
[MO866] Iteration,3,347,11.945672,0.033998
[MO866] Iteration,2,347,11.946199,0.034009
[MO866] Iteration,1,347,11.946541,0.034000
[MO866] Iteration,0,348,11.979270,0.033930
[MO866] Iteration,3,348,11.979663,0.033959
[MO866] Iteration,2,348,11.980201,0.033984
[MO866] Iteration,1,348,11.980591,0.034020
[MO866] Iteration,0,349,12.013334,0.034014
[MO866] Iteration,3,349,12.013708,0.034012
[MO866] Iteration,2,349,12.014242,0.034014
[MO866] Iteration,1,349,12.014581,0.033974
[MO866] Iteration,0,350,12.047324,0.033943
[MO866] Iteration,3,350,12.047721,0.033982
[MO866] Iteration,2,350,12.048304,0.034044
[MO866] Iteration,1,350,12.048646,0.034047
[MO866] Iteration,0,351,12.081403,0.034032
[MO866] Iteration,3,351,12.081774,0.034015
[MO866] Iteration,2,351,12.082281,0.033961
[MO866] Iteration,1,351,12.082617,0.033955
[MO866] Iteration,0,352,12.115339,0.033889
[MO866] Iteration,3,352,12.115737,0.033930
[MO866] Iteration,2,352,12.116327,0.034028
[MO866] Iteration,1,352,12.116661,0.034027
[MO866] Iteration,0,353,12.149413,0.034028
[MO866] Iteration,3,353,12.149783,0.034008
[MO866] Iteration,2,353,12.150332,0.033984
[MO866] Iteration,1,353,12.150669,0.033991
[MO866] Iteration,0,354,12.183450,0.033991
[MO866] Iteration,3,354,12.183849,0.034035
[MO866] Iteration,2,354,12.184380,0.034031
[MO866] Iteration,1,354,12.184724,0.034037
[MO866] Iteration,0,355,12.217606,0.034105
[MO866] Iteration,3,355,12.217964,0.034081
[MO866] Iteration,2,355,12.218455,0.034059
[MO866] Iteration,1,355,12.218786,0.034024
[MO866] Iteration,0,356,12.251537,0.033883
[MO866] Iteration,3,356,12.251936,0.033939
[MO866] Iteration,2,356,12.252541,0.034069
[MO866] Iteration,1,356,12.252875,0.034071
[MO866] Iteration,0,357,12.285657,0.034070
[MO866] Iteration,3,357,12.286047,0.034074
[MO866] Iteration,2,357,12.286544,0.033987
[MO866] Iteration,1,357,12.286893,0.034002
[MO866] Iteration,0,358,12.319727,0.034018
[MO866] Iteration,3,358,12.320115,0.034035
[MO866] Iteration,2,358,12.320698,0.034137
[MO866] Iteration,1,358,12.321034,0.034110
[MO866] Iteration,0,359,12.353843,0.034066
 Time step  360
[MO866] Iteration,3,359,12.354216,0.034064
[MO866] Iteration,2,359,12.354710,0.033996
[MO866] Iteration,1,359,12.355040,0.033989
[MO866] Iteration,0,360,12.387800,0.033906
[MO866] Iteration,3,360,12.388191,0.033943
[MO866] Iteration,2,360,12.388785,0.034058
[MO866] Iteration,1,360,12.389088,0.034031
[MO866] Iteration,0,361,12.421855,0.034004
[MO866] Iteration,3,361,12.422229,0.033995
[MO866] Iteration,2,361,12.422719,0.033918
[MO866] Iteration,1,361,12.423058,0.033953
[MO866] Iteration,0,362,12.455820,0.033914
[MO866] Iteration,3,362,12.456189,0.033927
[MO866] Iteration,2,362,12.456789,0.034052
[MO866] Iteration,1,362,12.457087,0.034011
[MO866] Iteration,0,363,12.489842,0.033974
[MO866] Iteration,3,363,12.490199,0.033948
[MO866] Iteration,2,363,12.490749,0.033945
[MO866] Iteration,1,363,12.491056,0.033953
[MO866] Iteration,0,364,12.523883,0.033990
[MO866] Iteration,3,364,12.524283,0.034048
[MO866] Iteration,2,364,12.524819,0.034053
[MO866] Iteration,1,364,12.525120,0.034047
[MO866] Iteration,0,365,12.557821,0.033886
[MO866] Iteration,3,365,12.558190,0.033873
[MO866] Iteration,2,365,12.558760,0.033926
[MO866] Iteration,1,365,12.559064,0.033927
[MO866] Iteration,0,366,12.591802,0.033930
[MO866] Iteration,3,366,12.592193,0.033967
[MO866] Iteration,2,366,12.592751,0.033974
[MO866] Iteration,1,366,12.593050,0.033968
[MO866] Iteration,0,367,12.625757,0.033904
[MO866] Iteration,3,367,12.626126,0.033881
[MO866] Iteration,2,367,12.626662,0.033895
[MO866] Iteration,1,367,12.626963,0.033896
[MO866] Iteration,0,368,12.659769,0.033965
[MO866] Iteration,3,368,12.660150,0.033988
[MO866] Iteration,2,368,12.660697,0.034017
[MO866] Iteration,1,368,12.661015,0.034035
[MO866] Iteration,0,369,12.693839,0.034019
[MO866] Iteration,3,369,12.694210,0.034022
[MO866] Iteration,2,369,12.694726,0.034014
[MO866] Iteration,1,369,12.695040,0.033999
[MO866] Iteration,0,370,12.727849,0.033960
[MO866] Iteration,3,370,12.728218,0.033971
[MO866] Iteration,2,370,12.728816,0.034073
[MO866] Iteration,1,370,12.729111,0.034054
[MO866] Iteration,0,371,12.761834,0.033933
[MO866] Iteration,3,371,12.762203,0.033934
[MO866] Iteration,2,371,12.762752,0.033920
[MO866] Iteration,1,371,12.763060,0.033933
[MO866] Iteration,0,372,12.795889,0.034007
[MO866] Iteration,3,372,12.796296,0.034058
[MO866] Iteration,2,372,12.796851,0.034082
[MO866] Iteration,1,372,12.797147,0.034070
[MO866] Iteration,0,373,12.829834,0.033895
[MO866] Iteration,3,373,12.830210,0.033879
[MO866] Iteration,2,373,12.830772,0.033905
[MO866] Iteration,1,373,12.831085,0.033921
[MO866] Iteration,0,374,12.863828,0.033946
[MO866] Iteration,3,374,12.864238,0.033993
[MO866] Iteration,2,374,12.864800,0.034011
[MO866] Iteration,1,374,12.865101,0.033998
[MO866] Iteration,0,375,12.897809,0.033933
[MO866] Iteration,3,375,12.898183,0.033910
[MO866] Iteration,2,375,12.898738,0.033923
[MO866] Iteration,1,375,12.899061,0.033943
[MO866] Iteration,0,376,12.931925,0.034063
[MO866] Iteration,3,376,12.932330,0.034110
[MO866] Iteration,2,376,12.932888,0.034133
[MO866] Iteration,1,376,12.933188,0.034110
[MO866] Iteration,0,377,12.965866,0.033888
[MO866] Iteration,3,377,12.966234,0.033870
[MO866] Iteration,2,377,12.966768,0.033864
[MO866] Iteration,1,377,12.967067,0.033863
[MO866] Iteration,0,378,12.999837,0.033921
[MO866] Iteration,3,378,13.000194,0.033923
[MO866] Iteration,2,378,13.000776,0.033990
[MO866] Iteration,1,378,13.001072,0.033988
[MO866] Iteration,0,379,13.033804,0.033914
 Time step  380
[MO866] Iteration,3,379,13.034170,0.033923
[MO866] Iteration,2,379,13.034733,0.033941
[MO866] Iteration,1,379,13.035036,0.033948
[MO866] Iteration,0,380,13.067817,0.033964
[MO866] Iteration,3,380,13.068210,0.034004
[MO866] Iteration,2,380,13.068749,0.033998
[MO866] Iteration,1,380,13.069074,0.034021
[MO866] Iteration,0,381,13.101801,0.033933
[MO866] Iteration,3,381,13.102171,0.033910
[MO866] Iteration,2,381,13.102709,0.033933
[MO866] Iteration,1,381,13.103011,0.033921
[MO866] Iteration,0,382,13.135771,0.033916
[MO866] Iteration,3,382,13.136172,0.033966
[MO866] Iteration,2,382,13.136734,0.034009
[MO866] Iteration,1,382,13.137055,0.034027
[MO866] Iteration,0,383,13.169790,0.033968
[MO866] Iteration,3,383,13.170168,0.033959
[MO866] Iteration,2,383,13.170723,0.033973
[MO866] Iteration,1,383,13.171037,0.033965
[MO866] Iteration,0,384,13.203856,0.034015
[MO866] Iteration,3,384,13.204255,0.034050
[MO866] Iteration,2,384,13.204798,0.034059
[MO866] Iteration,1,384,13.205111,0.034056
[MO866] Iteration,0,385,13.237851,0.033942
[MO866] Iteration,3,385,13.238222,0.033935
[MO866] Iteration,2,385,13.238799,0.033986
[MO866] Iteration,1,385,13.239101,0.033974
[MO866] Iteration,0,386,13.271912,0.034010
[MO866] Iteration,3,386,13.272318,0.034060
[MO866] Iteration,2,386,13.272862,0.034046
[MO866] Iteration,1,386,13.273157,0.034040
[MO866] Iteration,0,387,13.305872,0.033909
[MO866] Iteration,3,387,13.306247,0.033896
[MO866] Iteration,2,387,13.306820,0.033944
[MO866] Iteration,1,387,13.307142,0.033969
[MO866] Iteration,0,388,13.339987,0.034064
[MO866] Iteration,3,388,13.340362,0.034079
[MO866] Iteration,2,388,13.340930,0.034093
[MO866] Iteration,1,388,13.341238,0.034078
[MO866] Iteration,0,389,13.373908,0.033873
[MO866] Iteration,3,389,13.374301,0.033906
[MO866] Iteration,2,389,13.374850,0.033905
[MO866] Iteration,1,389,13.375170,0.033915
[MO866] Iteration,0,390,13.407930,0.033972
[MO866] Iteration,3,390,13.408355,0.034020
[MO866] Iteration,2,390,13.408890,0.034024
[MO866] Iteration,1,390,13.409191,0.034002
[MO866] Iteration,0,391,13.441919,0.033939
[MO866] Iteration,3,391,13.442298,0.033910
[MO866] Iteration,2,391,13.442811,0.033905
[MO866] Iteration,1,391,13.443123,0.033916
[MO866] Iteration,0,392,13.475868,0.033898
[MO866] Iteration,3,392,13.476283,0.033950
[MO866] Iteration,2,392,13.476822,0.033995
[MO866] Iteration,1,392,13.477139,0.033998
[MO866] Iteration,0,393,13.509827,0.033906
[MO866] Iteration,3,393,13.510200,0.033884
[MO866] Iteration,2,393,13.510763,0.033926
[MO866] Iteration,1,393,13.511087,0.033932
[MO866] Iteration,0,394,13.543914,0.034037
[MO866] Iteration,3,394,13.544321,0.034085
[MO866] Iteration,2,394,13.544875,0.034097
[MO866] Iteration,1,394,13.545196,0.034092
[MO866] Iteration,0,395,13.577927,0.033961
[MO866] Iteration,3,395,13.578290,0.033935
[MO866] Iteration,2,395,13.578852,0.033961
[MO866] Iteration,1,395,13.579159,0.033946
[MO866] Iteration,0,396,13.611925,0.033946
[MO866] Iteration,3,396,13.612329,0.034003
[MO866] Iteration,2,396,13.612906,0.034038
[MO866] Iteration,1,396,13.613219,0.034042
[MO866] Iteration,0,397,13.645868,0.033891
[MO866] Iteration,3,397,13.646237,0.033874
[MO866] Iteration,2,397,13.646803,0.033882
[MO866] Iteration,1,397,13.647126,0.033891
[MO866] Iteration,0,398,13.679905,0.033987
[MO866] Iteration,3,398,13.680307,0.034033
[MO866] Iteration,2,398,13.680876,0.034057
[MO866] Iteration,1,398,13.681190,0.034046
[MO866] Iteration,0,399,13.713837,0.033880
 Time step  400
[MO866] Iteration,3,399,13.714209,0.033869
[MO866] Iteration,2,399,13.714770,0.033879
[MO866] Iteration,1,399,13.715075,0.033869
[MO866] Iteration,0,400,13.747907,0.034018
[MO866] Iteration,3,400,13.748301,0.034056
[MO866] Iteration,2,400,13.748828,0.034042
[MO866] Iteration,1,400,13.749118,0.034026
[MO866] PI avg,3,0.034108,400
[MO866] Beta,3,0.000894
[MO866] Total time,3,13.760492
[MO866] PI avg,2,0.034126,400
[MO866] Beta,2,0.000853
[MO866] Total time,2,13.760471
 Verification being performed for class A
 accuracy setting for epsilon =  0.1000000000000E-07
 Comparison of RMS-norms of residual
           1 0.2479982239930E+01 0.2479982239930E+01 0.7306036095804E-13
           2 0.1127633796437E+01 0.1127633796437E+01 0.7935552842380E-13
           3 0.1502897788877E+01 0.1502897788877E+01 0.4136840831036E-13
           4 0.1421781621170E+01 0.1421781621170E+01 0.4029276171367E-13
           5 0.2129211303514E+01 0.2129211303514E+01 0.1126277006530E-12
 Comparison of RMS-norms of solution error
[MO866] PI avg,1,0.034126,400
[MO866] Beta,1,0.000833
[MO866] Total time,1,13.760487
           1 0.1090014029782E-03 0.1090014029782E-03 0.3983645698278E-12
           2 0.3734395176929E-04 0.3734395176928E-04 0.1014335966243E-12
           3 0.5009278540654E-04 0.5009278540654E-04 0.6357889376342E-14
           4 0.4767109393954E-04 0.4767109393953E-04 0.1975831808143E-12
           5 0.1362161339921E-03 0.1362161339921E-03 0.6944598762055E-13
 Verification Successful


 SP Benchmark Completed.
 Class           =                        A
 Size            =             64x  64x  64
 Iterations      =                      400
 Time in seconds =                    13.66
 Total processes =                        4
 Active procs    =                        4
 Mop/s total     =                  6224.40
 Mop/s/process   =                  1556.10
 Operation type  =           floating point
 Verification    =               SUCCESSFUL
 Version         =                      3.4
 Compile date    =              15 Jun 2020

 Compile options:
    MPIFC        = mpif90
    FLINK        = $(MPIFC)
    FMPI_LIB     = (none)
    FMPI_INC     = (none)
    FFLAGS       = -O3
    FLINKFLAGS   = $(FFLAGS) -O ../kernel_stats/kernel_stats.o...
    RAND         = (none)


 Please send feedbacks and/or the results of this run to:

 NPB Development Team 
 Internet: npb@nas.nasa.gov


[MO866] PI avg,0,0.034092,400
[MO866] Beta,0,0.000945
[MO866] Total time,0,13.760795
