--------------------------------------------------------------------------
[[36785,1],2]: A high-performance Open MPI point-to-point messaging module
was unable to find any relevant network interfaces:

Module: OpenFabrics (openib)
  Host: node06

Another transport will be used instead, although this may result in
lower performance.

NOTE: You can disable this warning by setting the MCA parameter
btl_base_warn_component_unused to 0.
--------------------------------------------------------------------------
[MO866] Total time,4,0.000000
[MO866] Total time,5,0.000000
[MO866] Total time,6,0.000000
[MO866] Total time,7,0.000000


 NAS Parallel Benchmarks 3.4 -- SP Benchmark

 No input file inputsp.data. Using compiled defaults
 Size:  102x 102x 102  (class B)
 Iterations:  400    dt:   0.0010000
 WARNING: Number of active processes:     4
 Total number of processes:     8

[MO866] Init time,1,0.398389
[MO866] Init time,2,0.398380
[MO866] Init time,3,0.398389
[MO866] Init time,0,0.398380
 Time step    1
[MO866] Iteration,2,1,0.592484,0.194070
[MO866] Iteration,0,1,0.593014,0.194600
[MO866] Iteration,1,1,0.594193,0.195754
[MO866] Iteration,3,1,0.594537,0.196098
[MO866] Iteration,2,2,0.788049,0.195492
[MO866] Iteration,0,2,0.788533,0.195499
[MO866] Iteration,1,2,0.789744,0.195513
[MO866] Iteration,3,2,0.790046,0.195486
[MO866] Iteration,0,3,0.993749,0.205193
[MO866] Iteration,3,3,0.995909,0.205843
[MO866] Iteration,2,3,0.997056,0.208939
[MO866] Iteration,1,3,0.997441,0.207664
[MO866] Iteration,2,4,1.198093,0.201017
[MO866] Iteration,0,4,1.198880,0.205091
[MO866] Iteration,1,4,1.199825,0.202362
[MO866] Iteration,3,4,1.200296,0.204338
[MO866] Iteration,2,5,1.393568,0.195417
[MO866] Iteration,0,5,1.394156,0.195254
[MO866] Iteration,1,5,1.395277,0.195420
[MO866] Iteration,3,5,1.395630,0.195312
[MO866] Iteration,2,6,1.589281,0.195659
[MO866] Iteration,0,6,1.589854,0.195679
[MO866] Iteration,1,6,1.590974,0.195663
[MO866] Iteration,3,6,1.591315,0.195663
[MO866] Iteration,2,7,1.784428,0.195092
[MO866] Iteration,0,7,1.785027,0.195153
[MO866] Iteration,1,7,1.786188,0.195174
[MO866] Iteration,3,7,1.786593,0.195256
[MO866] Iteration,2,8,1.979764,0.195271
[MO866] Iteration,0,8,1.980609,0.195564
[MO866] Iteration,1,8,1.981699,0.195473
[MO866] Iteration,3,8,1.982012,0.195397
[MO866] Iteration,2,9,2.175231,0.195404
[MO866] Iteration,0,9,2.175963,0.195318
[MO866] Iteration,1,9,2.177020,0.195272
[MO866] Iteration,3,9,2.177432,0.195398
[MO866] Iteration,2,10,2.370988,0.195670
[MO866] Iteration,0,10,2.371491,0.195507
[MO866] Iteration,1,10,2.372673,0.195620
[MO866] Iteration,3,10,2.373042,0.195590
[MO866] Iteration,2,11,2.566866,0.195812
[MO866] Iteration,0,11,2.567438,0.195927
[MO866] Iteration,1,11,2.568572,0.195860
[MO866] Iteration,3,11,2.568868,0.195806
[MO866] Iteration,2,12,2.762184,0.195263
[MO866] Iteration,0,12,2.762684,0.195226
[MO866] Iteration,1,12,2.763873,0.195261
[MO866] Iteration,3,12,2.764188,0.195298
[MO866] Iteration,2,13,2.960692,0.198448
[MO866] Iteration,0,13,2.961316,0.198613
[MO866] Iteration,1,13,2.962476,0.198564
[MO866] Iteration,3,13,2.962798,0.198588
[MO866] Iteration,2,14,3.156040,0.195285
[MO866] Iteration,0,14,3.156572,0.195237
[MO866] Iteration,1,14,3.157773,0.195257
[MO866] Iteration,3,14,3.158058,0.195235
[MO866] Iteration,1,15,3.354717,0.196909
[MO866] Iteration,3,15,3.355109,0.197030
[MO866] Iteration,2,15,3.355064,0.198961
[MO866] Iteration,0,15,3.355348,0.198754
[MO866] Iteration,2,16,3.548566,0.193427
[MO866] Iteration,0,16,3.549194,0.193814
[MO866] Iteration,1,16,3.550291,0.195499
[MO866] Iteration,3,16,3.550701,0.195568
[MO866] Iteration,2,17,3.743926,0.195295
[MO866] Iteration,0,17,3.744484,0.195273
[MO866] Iteration,1,17,3.745649,0.195322
[MO866] Iteration,3,17,3.745984,0.195261
[MO866] Iteration,2,18,3.939588,0.195606
[MO866] Iteration,0,18,3.940177,0.195674
[MO866] Iteration,1,18,3.941311,0.195625
[MO866] Iteration,3,18,3.941656,0.195651
[MO866] Iteration,2,19,4.152587,0.212934
[MO866] Iteration,0,19,4.152940,0.212742
 Time step   20
[MO866] Iteration,1,19,4.155738,0.214393
[MO866] Iteration,3,19,4.156050,0.214375
[MO866] Iteration,2,20,4.352529,0.199895
[MO866] Iteration,0,20,4.353157,0.200202
[MO866] Iteration,1,20,4.354235,0.198436
[MO866] Iteration,3,20,4.354632,0.198543
[MO866] Iteration,2,21,4.547846,0.195251
[MO866] Iteration,0,21,4.548478,0.195303
[MO866] Iteration,1,21,4.549613,0.195342
[MO866] Iteration,3,21,4.549954,0.195300
[MO866] Iteration,1,22,4.749307,0.199659
[MO866] Iteration,3,22,4.749715,0.199743
[MO866] Iteration,2,22,4.751644,0.203736
[MO866] Iteration,0,22,4.751851,0.203352
[MO866] Iteration,2,23,4.945099,0.193411
[MO866] Iteration,0,23,4.945692,0.193816
[MO866] Iteration,1,23,4.946828,0.197450
[MO866] Iteration,3,23,4.947169,0.197435
[MO866] Iteration,2,24,5.140514,0.195355
[MO866] Iteration,0,24,5.141073,0.195364
[MO866] Iteration,1,24,5.142253,0.195385
[MO866] Iteration,3,24,5.142566,0.195374
[MO866] Iteration,2,25,5.335820,0.195240
[MO866] Iteration,0,25,5.336335,0.195242
[MO866] Iteration,1,25,5.337537,0.195248
[MO866] Iteration,3,25,5.337837,0.195251
[MO866] Iteration,2,26,5.531122,0.195239
[MO866] Iteration,0,26,5.531712,0.195357
[MO866] Iteration,1,26,5.532840,0.195267
[MO866] Iteration,3,26,5.533166,0.195311
[MO866] Iteration,2,27,5.726590,0.195404
[MO866] Iteration,0,27,5.727118,0.195385
[MO866] Iteration,1,27,5.728291,0.195410
[MO866] Iteration,3,27,5.728630,0.195447
[MO866] Iteration,2,28,5.921751,0.195099
[MO866] Iteration,0,28,5.922273,0.195133
[MO866] Iteration,1,28,5.923420,0.195089
[MO866] Iteration,3,28,5.923764,0.195114
[MO866] Iteration,2,29,6.116948,0.195144
[MO866] Iteration,0,29,6.117585,0.195292
[MO866] Iteration,1,29,6.118663,0.195205
[MO866] Iteration,3,29,6.119033,0.195250
[MO866] Iteration,2,30,6.312209,0.195200
[MO866] Iteration,0,30,6.312930,0.195325
[MO866] Iteration,1,30,6.313940,0.195238
[MO866] Iteration,3,30,6.314381,0.195329
[MO866] Iteration,1,31,6.508067,0.194090
[MO866] Iteration,3,31,6.508672,0.194270
[MO866] Iteration,2,31,6.510423,0.198151
[MO866] Iteration,0,31,6.510807,0.197859
[MO866] Iteration,2,32,6.703926,0.193461
[MO866] Iteration,0,32,6.704441,0.193609
[MO866] Iteration,1,32,6.705641,0.197510
[MO866] Iteration,3,32,6.705942,0.197249
[MO866] Iteration,2,33,6.899188,0.195194
[MO866] Iteration,0,33,6.899831,0.195370
[MO866] Iteration,1,33,6.900969,0.195292
[MO866] Iteration,3,33,6.901308,0.195347
[MO866] Iteration,2,34,7.094871,0.195618
[MO866] Iteration,0,34,7.095367,0.195513
[MO866] Iteration,1,34,7.096549,0.195550
[MO866] Iteration,3,34,7.096884,0.195559
[MO866] Iteration,2,35,7.290001,0.195066
[MO866] Iteration,0,35,7.290596,0.195207
[MO866] Iteration,1,35,7.291676,0.195087
[MO866] Iteration,3,35,7.292061,0.195149
[MO866] Iteration,2,36,7.485312,0.195259
[MO866] Iteration,0,36,7.485808,0.195193
[MO866] Iteration,1,36,7.487003,0.195286
[MO866] Iteration,3,36,7.487307,0.195226
[MO866] Iteration,2,37,7.680669,0.195300
[MO866] Iteration,0,37,7.681208,0.195381
[MO866] Iteration,1,37,7.682410,0.195367
[MO866] Iteration,3,37,7.682704,0.195378
[MO866] Iteration,2,38,7.875836,0.195101
[MO866] Iteration,0,38,7.876499,0.195270
[MO866] Iteration,1,38,7.877575,0.195127
[MO866] Iteration,3,38,7.877985,0.195261
[MO866] Iteration,2,39,8.087634,0.211734
[MO866] Iteration,0,39,8.088576,0.212056
 Time step   40
[MO866] Iteration,1,39,8.093212,0.215603
[MO866] Iteration,3,39,8.093860,0.215856
[MO866] Iteration,2,40,8.290276,0.202588
[MO866] Iteration,0,40,8.290852,0.202258
[MO866] Iteration,1,40,8.291964,0.198702
[MO866] Iteration,3,40,8.292346,0.198452
[MO866] Iteration,3,41,8.486312,0.193946
[MO866] Iteration,1,41,8.488062,0.196058
[MO866] Iteration,0,41,8.492103,0.201231
[MO866] Iteration,2,41,8.493641,0.203305
[MO866] Iteration,2,42,8.686306,0.192639
[MO866] Iteration,0,42,8.686717,0.194569
[MO866] Iteration,1,42,8.687960,0.199872
[MO866] Iteration,3,42,8.688172,0.201804
[MO866] Iteration,2,43,8.881494,0.195128
[MO866] Iteration,0,43,8.882072,0.195333
[MO866] Iteration,1,43,8.883186,0.195184
[MO866] Iteration,3,43,8.883542,0.195349
[MO866] Iteration,2,44,9.076770,0.195219
[MO866] Iteration,0,44,9.077414,0.195321
[MO866] Iteration,1,44,9.078519,0.195296
[MO866] Iteration,3,44,9.078911,0.195349
[MO866] Iteration,2,45,9.272105,0.195271
[MO866] Iteration,0,45,9.272667,0.195234
[MO866] Iteration,1,45,9.273834,0.195279
[MO866] Iteration,3,45,9.274172,0.195240
[MO866] Iteration,2,46,9.468334,0.196164
[MO866] Iteration,0,46,9.468890,0.196201
[MO866] Iteration,1,46,9.470043,0.196175
[MO866] Iteration,3,46,9.470408,0.196215
[MO866] Iteration,2,47,9.663732,0.195335
[MO866] Iteration,0,47,9.664222,0.195290
[MO866] Iteration,1,47,9.665420,0.195341
[MO866] Iteration,3,47,9.665750,0.195321
[MO866] Iteration,2,48,9.858872,0.195073
[MO866] Iteration,0,48,9.859510,0.195270
[MO866] Iteration,1,48,9.860626,0.195173
[MO866] Iteration,3,48,9.861022,0.195253
[MO866] Iteration,2,49,10.054172,0.195238
[MO866] Iteration,0,49,10.054865,0.195335
[MO866] Iteration,1,49,10.055895,0.195230
[MO866] Iteration,3,49,10.056308,0.195260
[MO866] Iteration,2,50,10.249706,0.195477
[MO866] Iteration,0,50,10.250240,0.195354
[MO866] Iteration,1,50,10.251415,0.195481
[MO866] Iteration,3,50,10.251735,0.195404
[MO866] Iteration,2,51,10.445508,0.195746
[MO866] Iteration,0,51,10.446089,0.195828
[MO866] Iteration,1,51,10.447220,0.195766
[MO866] Iteration,3,51,10.447596,0.195837
[MO866] Iteration,2,52,10.640664,0.195095
[MO866] Iteration,0,52,10.641263,0.195155
[MO866] Iteration,1,52,10.642387,0.195127
[MO866] Iteration,3,52,10.642762,0.195144
[MO866] Iteration,2,53,10.836079,0.195351
[MO866] Iteration,0,53,10.836644,0.195362
[MO866] Iteration,1,53,10.837803,0.195379
[MO866] Iteration,3,53,10.838199,0.195416
[MO866] Iteration,3,54,11.032415,0.194193
[MO866] Iteration,1,54,11.033932,0.196093
[MO866] Iteration,0,54,11.035065,0.198401
[MO866] Iteration,2,54,11.036161,0.200011
[MO866] Iteration,2,55,11.229238,0.193051
[MO866] Iteration,0,55,11.229706,0.194598
[MO866] Iteration,1,55,11.230881,0.196926
[MO866] Iteration,3,55,11.231201,0.198710
[MO866] Iteration,2,56,11.424428,0.195129
[MO866] Iteration,0,56,11.425020,0.195295
[MO866] Iteration,1,56,11.426142,0.195224
[MO866] Iteration,3,56,11.426520,0.195298
[MO866] Iteration,2,57,11.620165,0.195666
[MO866] Iteration,0,57,11.620631,0.195591
[MO866] Iteration,1,57,11.621860,0.195681
[MO866] Iteration,3,57,11.622151,0.195609
[MO866] Iteration,2,58,11.815450,0.195226
[MO866] Iteration,0,58,11.816045,0.195392
[MO866] Iteration,1,58,11.817185,0.195294
[MO866] Iteration,3,58,11.817554,0.195383
[MO866] Iteration,2,59,12.010957,0.195438
[MO866] Iteration,0,59,12.011475,0.195408
 Time step   60
[MO866] Iteration,1,59,12.012633,0.195413
[MO866] Iteration,3,59,12.012976,0.195401
[MO866] Iteration,2,60,12.206243,0.195219
[MO866] Iteration,0,60,12.206875,0.195377
[MO866] Iteration,1,60,12.207920,0.195250
[MO866] Iteration,3,60,12.208364,0.195367
[MO866] Iteration,2,61,12.401505,0.195207
[MO866] Iteration,0,61,12.401953,0.195054
[MO866] Iteration,1,61,12.403175,0.195223
[MO866] Iteration,3,61,12.403433,0.195046
[MO866] Iteration,2,62,12.596828,0.195264
[MO866] Iteration,0,62,12.597312,0.195341
[MO866] Iteration,1,62,12.598534,0.195318
[MO866] Iteration,3,62,12.598824,0.195368
[MO866] Iteration,2,63,12.792001,0.195106
[MO866] Iteration,0,63,12.792699,0.195368
[MO866] Iteration,1,63,12.793784,0.195212
[MO866] Iteration,3,63,12.794186,0.195341
[MO866] Iteration,2,64,12.987420,0.195355
[MO866] Iteration,0,64,12.987900,0.195179
[MO866] Iteration,1,64,12.989136,0.195319
[MO866] Iteration,3,64,12.989424,0.195216
[MO866] Iteration,2,65,13.182763,0.195275
[MO866] Iteration,0,65,13.183326,0.195406
[MO866] Iteration,1,65,13.184467,0.195298
[MO866] Iteration,3,65,13.184808,0.195363
[MO866] Iteration,2,66,13.378052,0.195228
[MO866] Iteration,0,66,13.378615,0.195268
[MO866] Iteration,1,66,13.379761,0.195253
[MO866] Iteration,3,66,13.380086,0.195256
[MO866] Iteration,2,67,13.573406,0.195299
[MO866] Iteration,0,67,13.573913,0.195278
[MO866] Iteration,1,67,13.575085,0.195284
[MO866] Iteration,3,67,13.575374,0.195266
[MO866] Iteration,2,68,13.768596,0.195139
[MO866] Iteration,0,68,13.769217,0.195284
[MO866] Iteration,1,68,13.770322,0.195194
[MO866] Iteration,3,68,13.770714,0.195317
[MO866] Iteration,1,69,13.968526,0.198166
[MO866] Iteration,3,69,13.969577,0.198841
[MO866] Iteration,2,69,13.974278,0.205621
[MO866] Iteration,0,69,13.974907,0.205671
[MO866] Iteration,2,70,14.167216,0.192895
[MO866] Iteration,0,70,14.167749,0.192816
[MO866] Iteration,1,70,14.168957,0.200368
[MO866] Iteration,3,70,14.169295,0.199695
[MO866] Iteration,2,71,14.362548,0.195265
[MO866] Iteration,0,71,14.363023,0.195252
[MO866] Iteration,1,71,14.364246,0.195252
[MO866] Iteration,3,71,14.364507,0.195191
[MO866] Iteration,2,72,14.557624,0.195017
[MO866] Iteration,0,72,14.558166,0.195123
[MO866] Iteration,1,72,14.559293,0.195006
[MO866] Iteration,3,72,14.559666,0.195137
[MO866] Iteration,2,73,14.753065,0.195385
[MO866] Iteration,0,73,14.753726,0.195539
[MO866] Iteration,1,73,14.754785,0.195451
[MO866] Iteration,3,73,14.755159,0.195471
[MO866] Iteration,2,74,14.948338,0.195209
[MO866] Iteration,0,74,14.948935,0.195190
[MO866] Iteration,1,74,14.950036,0.195213
[MO866] Iteration,3,74,14.950390,0.195208
[MO866] Iteration,2,75,15.143654,0.195248
[MO866] Iteration,0,75,15.144388,0.195434
[MO866] Iteration,1,75,15.145450,0.195379
[MO866] Iteration,3,75,15.145864,0.195453
[MO866] Iteration,2,76,15.339640,0.195924
[MO866] Iteration,0,76,15.340136,0.195727
[MO866] Iteration,1,76,15.341355,0.195870
[MO866] Iteration,3,76,15.341669,0.195784
[MO866] Iteration,2,77,15.535041,0.195335
[MO866] Iteration,0,77,15.535570,0.195413
[MO866] Iteration,1,77,15.536717,0.195327
[MO866] Iteration,3,77,15.537078,0.195389
[MO866] Iteration,2,78,15.730346,0.195239
[MO866] Iteration,0,78,15.731067,0.195474
[MO866] Iteration,1,78,15.732062,0.195305
[MO866] Iteration,3,78,15.732515,0.195418
[MO866] Iteration,2,79,15.925787,0.195383
[MO866] Iteration,0,79,15.926416,0.195328
 Time step   80
[MO866] Iteration,1,79,15.927475,0.195374
[MO866] Iteration,3,79,15.927867,0.195330
[MO866] Iteration,2,80,16.141599,0.215756
[MO866] Iteration,0,80,16.141954,0.215517
[MO866] Iteration,1,80,16.146657,0.219142
[MO866] Iteration,3,80,16.146978,0.219089
[MO866] Iteration,2,81,16.343138,0.201499
[MO866] Iteration,0,81,16.343864,0.201893
[MO866] Iteration,1,81,16.344844,0.198136
[MO866] Iteration,3,81,16.345339,0.198326
[MO866] Iteration,2,82,16.538849,0.195648
[MO866] Iteration,0,82,16.539246,0.195362
[MO866] Iteration,1,82,16.540515,0.195630
[MO866] Iteration,3,82,16.540766,0.195406
[MO866] Iteration,2,83,16.734059,0.195143
[MO866] Iteration,0,83,16.734490,0.195222
[MO866] Iteration,1,83,16.735729,0.195171
[MO866] Iteration,3,83,16.735971,0.195183
[MO866] Iteration,2,84,16.929439,0.195323
[MO866] Iteration,0,84,16.929943,0.195432
[MO866] Iteration,1,84,16.931131,0.195361
[MO866] Iteration,3,84,16.931458,0.195463
[MO866] Iteration,2,85,17.124466,0.194973
[MO866] Iteration,0,85,17.125135,0.195173
[MO866] Iteration,1,85,17.126209,0.195035
[MO866] Iteration,3,85,17.126627,0.195146
[MO866] Iteration,2,86,17.319843,0.195323
[MO866] Iteration,0,86,17.320442,0.195288
[MO866] Iteration,1,86,17.321620,0.195374
[MO866] Iteration,3,86,17.321952,0.195302
[MO866] Iteration,2,87,17.515138,0.195228
[MO866] Iteration,0,87,17.515814,0.195352
[MO866] Iteration,1,87,17.516809,0.195151
[MO866] Iteration,3,87,17.517312,0.195339
[MO866] Iteration,2,88,17.715965,0.200763
[MO866] Iteration,0,88,17.715925,0.200088
[MO866] Iteration,1,88,17.717106,0.200263
[MO866] Iteration,3,88,17.717555,0.200223
[MO866] Iteration,2,89,17.911102,0.195099
[MO866] Iteration,0,89,17.911799,0.195796
[MO866] Iteration,1,89,17.912830,0.195694
[MO866] Iteration,3,89,17.913272,0.195698
[MO866] Iteration,2,90,18.106655,0.195485
[MO866] Iteration,0,90,18.107230,0.195409
[MO866] Iteration,1,90,18.108377,0.195508
[MO866] Iteration,3,90,18.108716,0.195423
[MO866] Iteration,2,91,18.302084,0.195367
[MO866] Iteration,0,91,18.302585,0.195336
[MO866] Iteration,1,91,18.303771,0.195354
[MO866] Iteration,3,91,18.304063,0.195325
[MO866] Iteration,2,92,18.497366,0.195227
[MO866] Iteration,0,92,18.497939,0.195334
[MO866] Iteration,1,92,18.499057,0.195245
[MO866] Iteration,3,92,18.499445,0.195362
[MO866] Iteration,2,93,18.692602,0.195180
[MO866] Iteration,0,93,18.693262,0.195306
[MO866] Iteration,1,93,18.694347,0.195250
[MO866] Iteration,3,93,18.694743,0.195276
[MO866] Iteration,2,94,18.888018,0.195352
[MO866] Iteration,0,94,18.888571,0.195289
[MO866] Iteration,1,94,18.889786,0.195401
[MO866] Iteration,3,94,18.890071,0.195306
[MO866] Iteration,2,95,19.083310,0.195225
[MO866] Iteration,0,95,19.083826,0.195234
[MO866] Iteration,1,95,19.085034,0.195211
[MO866] Iteration,3,95,19.085384,0.195293
[MO866] Iteration,2,96,19.278935,0.195559
[MO866] Iteration,0,96,19.279382,0.195535
[MO866] Iteration,1,96,19.280567,0.195499
[MO866] Iteration,3,96,19.280915,0.195511
[MO866] Iteration,2,97,19.474187,0.195186
[MO866] Iteration,0,97,19.474921,0.195519
[MO866] Iteration,1,97,19.475921,0.195314
[MO866] Iteration,3,97,19.476348,0.195413
[MO866] Iteration,2,98,19.669499,0.195251
[MO866] Iteration,0,98,19.670082,0.195140
[MO866] Iteration,1,98,19.671199,0.195237
[MO866] Iteration,3,98,19.671566,0.195195
[MO866] Iteration,2,99,19.864737,0.195184
[MO866] Iteration,0,99,19.865424,0.195322
 Time step  100
[MO866] Iteration,1,99,19.866534,0.195295
[MO866] Iteration,3,99,19.866890,0.195303
[MO866] Iteration,2,100,20.059930,0.195132
[MO866] Iteration,0,100,20.060654,0.195210
[MO866] Iteration,1,100,20.061714,0.195142
[MO866] Iteration,3,100,20.062142,0.195229
[MO866] Iteration,2,101,20.255450,0.195454
[MO866] Iteration,0,101,20.255891,0.195216
[MO866] Iteration,1,101,20.257155,0.195405
[MO866] Iteration,3,101,20.257415,0.195252
[MO866] Iteration,2,102,20.450643,0.195128
[MO866] Iteration,0,102,20.451160,0.195249
[MO866] Iteration,1,102,20.452373,0.195183
[MO866] Iteration,3,102,20.452665,0.195231
[MO866] Iteration,2,103,20.646324,0.195614
[MO866] Iteration,0,103,20.646807,0.195624
[MO866] Iteration,1,103,20.647985,0.195570
[MO866] Iteration,3,103,20.648298,0.195612
[MO866] Iteration,2,104,20.841564,0.195184
[MO866] Iteration,0,104,20.842241,0.195413
[MO866] Iteration,1,104,20.843288,0.195260
[MO866] Iteration,3,104,20.843730,0.195410
[MO866] Iteration,2,105,21.036814,0.195191
[MO866] Iteration,0,105,21.037449,0.195189
[MO866] Iteration,1,105,21.038568,0.195242
[MO866] Iteration,3,105,21.038938,0.195186
[MO866] Iteration,2,106,21.232022,0.195142
[MO866] Iteration,0,106,21.232605,0.195136
[MO866] Iteration,1,106,21.233732,0.195126
[MO866] Iteration,3,106,21.234095,0.195135
[MO866] Iteration,2,107,21.427381,0.195291
[MO866] Iteration,0,107,21.427999,0.195373
[MO866] Iteration,1,107,21.429119,0.195351
[MO866] Iteration,3,107,21.429524,0.195409
[MO866] Iteration,2,108,21.622869,0.195427
[MO866] Iteration,0,108,21.623483,0.195462
[MO866] Iteration,1,108,21.624606,0.195451
[MO866] Iteration,3,108,21.625000,0.195456
[MO866] Iteration,2,109,21.818213,0.195280
[MO866] Iteration,0,109,21.818779,0.195274
[MO866] Iteration,1,109,21.819911,0.195263
[MO866] Iteration,3,109,21.820237,0.195215
[MO866] Iteration,1,110,22.016864,0.196913
[MO866] Iteration,2,110,22.017218,0.198949
[MO866] Iteration,3,110,22.017438,0.197178
[MO866] Iteration,0,110,22.017640,0.198841
[MO866] Iteration,2,111,22.210918,0.193620
[MO866] Iteration,0,111,22.211527,0.193857
[MO866] Iteration,1,111,22.212639,0.195683
[MO866] Iteration,3,111,22.213028,0.195566
[MO866] Iteration,2,112,22.406283,0.195301
[MO866] Iteration,0,112,22.406772,0.195224
[MO866] Iteration,1,112,22.407940,0.195260
[MO866] Iteration,3,112,22.408277,0.195228
[MO866] Iteration,2,113,22.601828,0.195490
[MO866] Iteration,0,113,22.602348,0.195553
[MO866] Iteration,1,113,22.603524,0.195550
[MO866] Iteration,3,113,22.603860,0.195562
[MO866] Iteration,2,114,22.798146,0.196259
[MO866] Iteration,0,114,22.798719,0.196350
[MO866] Iteration,1,114,22.799859,0.196296
[MO866] Iteration,3,114,22.800232,0.196350
[MO866] Iteration,2,115,22.993383,0.195182
[MO866] Iteration,0,115,22.993912,0.195172
[MO866] Iteration,1,115,22.995064,0.195163
[MO866] Iteration,3,115,22.995405,0.195151
[MO866] Iteration,2,116,23.188783,0.195347
[MO866] Iteration,0,116,23.189492,0.195559
[MO866] Iteration,1,116,23.190545,0.195443
[MO866] Iteration,3,116,23.190951,0.195525
[MO866] Iteration,2,117,23.384194,0.195345
[MO866] Iteration,0,117,23.384672,0.195163
[MO866] Iteration,1,117,23.385904,0.195322
[MO866] Iteration,3,117,23.386214,0.195240
[MO866] Iteration,2,118,23.579368,0.195109
[MO866] Iteration,0,118,23.579941,0.195250
[MO866] Iteration,1,118,23.581132,0.195192
[MO866] Iteration,3,118,23.581463,0.195228
[MO866] Iteration,2,119,23.775122,0.195686
[MO866] Iteration,0,119,23.775688,0.195725
 Time step  120
[MO866] Iteration,1,119,23.776833,0.195668
[MO866] Iteration,3,119,23.777216,0.195732
[MO866] Iteration,2,120,23.970536,0.195348
[MO866] Iteration,0,120,23.971047,0.195338
[MO866] Iteration,1,120,23.972215,0.195341
[MO866] Iteration,3,120,23.972550,0.195314
[MO866] Iteration,2,121,24.165899,0.195302
[MO866] Iteration,0,121,24.166450,0.195378
[MO866] Iteration,1,121,24.167603,0.195348
[MO866] Iteration,3,121,24.167911,0.195339
[MO866] Iteration,2,122,24.361169,0.195212
[MO866] Iteration,0,122,24.361810,0.195339
[MO866] Iteration,1,122,24.362858,0.195216
[MO866] Iteration,3,122,24.363278,0.195344
[MO866] Iteration,2,123,24.556422,0.195194
[MO866] Iteration,0,123,24.556895,0.195064
[MO866] Iteration,1,123,24.558116,0.195220
[MO866] Iteration,3,123,24.558415,0.195115
[MO866] Iteration,2,124,24.751956,0.195472
[MO866] Iteration,0,124,24.752530,0.195594
[MO866] Iteration,1,124,24.753683,0.195529
[MO866] Iteration,3,124,24.754019,0.195583
[MO866] Iteration,2,125,24.947442,0.195423
[MO866] Iteration,0,125,24.947978,0.195428
[MO866] Iteration,1,125,24.949181,0.195462
[MO866] Iteration,3,125,24.949496,0.195456
[MO866] Iteration,2,126,25.142776,0.195267
[MO866] Iteration,0,126,25.143302,0.195302
[MO866] Iteration,1,126,25.144477,0.195261
[MO866] Iteration,3,126,25.144766,0.195250
[MO866] Iteration,2,127,25.338132,0.195293
[MO866] Iteration,0,127,25.338580,0.195258
[MO866] Iteration,1,127,25.339785,0.195269
[MO866] Iteration,3,127,25.340096,0.195307
[MO866] Iteration,2,128,25.533488,0.195298
[MO866] Iteration,0,128,25.533943,0.195341
[MO866] Iteration,1,128,25.535144,0.195318
[MO866] Iteration,3,128,25.535443,0.195325
[MO866] Iteration,2,129,25.728751,0.195207
[MO866] Iteration,0,129,25.729207,0.195246
[MO866] Iteration,1,129,25.730461,0.195277
[MO866] Iteration,3,129,25.730698,0.195233
[MO866] Iteration,2,130,25.924313,0.195496
[MO866] Iteration,0,130,25.924713,0.195478
[MO866] Iteration,1,130,25.925961,0.195461
[MO866] Iteration,3,130,25.926252,0.195531
[MO866] Iteration,2,131,26.119670,0.195291
[MO866] Iteration,0,131,26.120212,0.195478
[MO866] Iteration,1,131,26.121382,0.195384
[MO866] Iteration,3,131,26.121713,0.195439
[MO866] Iteration,2,132,26.315268,0.195537
[MO866] Iteration,0,132,26.315861,0.195628
[MO866] Iteration,1,132,26.316981,0.195564
[MO866] Iteration,3,132,26.317392,0.195659
[MO866] Iteration,2,133,26.510682,0.195347
[MO866] Iteration,0,133,26.511252,0.195370
[MO866] Iteration,1,133,26.512396,0.195379
[MO866] Iteration,3,133,26.512768,0.195356
[MO866] Iteration,2,134,26.706419,0.195676
[MO866] Iteration,0,134,26.706818,0.195545
[MO866] Iteration,1,134,26.708038,0.195601
[MO866] Iteration,3,134,26.708305,0.195514
[MO866] Iteration,2,135,26.901627,0.195159
[MO866] Iteration,0,135,26.902119,0.195281
[MO866] Iteration,1,135,26.903310,0.195232
[MO866] Iteration,3,135,26.903595,0.195267
[MO866] Iteration,1,136,27.098036,0.194686
[MO866] Iteration,3,136,27.098145,0.194528
[MO866] Iteration,2,136,27.100592,0.198908
[MO866] Iteration,0,136,27.100611,0.198473
[MO866] Iteration,2,137,27.293962,0.193325
[MO866] Iteration,0,137,27.294500,0.193863
[MO866] Iteration,1,137,27.295638,0.197528
[MO866] Iteration,3,137,27.295980,0.197799
[MO866] Iteration,2,138,27.489294,0.195273
[MO866] Iteration,0,138,27.489822,0.195303
[MO866] Iteration,1,138,27.490957,0.195279
[MO866] Iteration,3,138,27.491307,0.195305
[MO866] Iteration,2,139,27.684473,0.195118
[MO866] Iteration,0,139,27.685071,0.195230
 Time step  140
[MO866] Iteration,1,139,27.686250,0.195254
[MO866] Iteration,3,139,27.686560,0.195232
[MO866] Iteration,2,140,27.879862,0.195323
[MO866] Iteration,0,140,27.880479,0.195391
[MO866] Iteration,1,140,27.881598,0.195311
[MO866] Iteration,3,140,27.882020,0.195438
[MO866] Iteration,2,141,28.075378,0.195449
[MO866] Iteration,0,141,28.075957,0.195456
[MO866] Iteration,1,141,28.077122,0.195490
[MO866] Iteration,3,141,28.077486,0.195444
[MO866] Iteration,2,142,28.270875,0.195432
[MO866] Iteration,0,142,28.271412,0.195432
[MO866] Iteration,1,142,28.272544,0.195384
[MO866] Iteration,3,142,28.272943,0.195437
[MO866] Iteration,2,143,28.466318,0.195376
[MO866] Iteration,0,143,28.466859,0.195426
[MO866] Iteration,1,143,28.467998,0.195415
[MO866] Iteration,3,143,28.468381,0.195419
[MO866] Iteration,2,144,28.661547,0.195171
[MO866] Iteration,0,144,28.662044,0.195166
[MO866] Iteration,1,144,28.663232,0.195194
[MO866] Iteration,3,144,28.663548,0.195145
[MO866] Iteration,2,145,28.856952,0.195351
[MO866] Iteration,0,145,28.857513,0.195449
[MO866] Iteration,1,145,28.858653,0.195383
[MO866] Iteration,3,145,28.859017,0.195447
[MO866] Iteration,2,146,29.052184,0.195176
[MO866] Iteration,0,146,29.052695,0.195162
[MO866] Iteration,1,146,29.053874,0.195182
[MO866] Iteration,3,146,29.054196,0.195157
[MO866] Iteration,2,147,29.248182,0.195932
[MO866] Iteration,0,147,29.248717,0.196000
[MO866] Iteration,1,147,29.249937,0.196028
[MO866] Iteration,3,147,29.250259,0.196041
[MO866] Iteration,2,148,29.443549,0.195303
[MO866] Iteration,0,148,29.444228,0.195490
[MO866] Iteration,1,148,29.445301,0.195328
[MO866] Iteration,3,148,29.445685,0.195405
[MO866] Iteration,2,149,29.639159,0.195547
[MO866] Iteration,0,149,29.639793,0.195544
[MO866] Iteration,1,149,29.640874,0.195537
[MO866] Iteration,3,149,29.641276,0.195571
[MO866] Iteration,2,150,29.834954,0.195727
[MO866] Iteration,0,150,29.835483,0.195670
[MO866] Iteration,1,150,29.836655,0.195729
[MO866] Iteration,3,150,29.836977,0.195681
[MO866] Iteration,2,151,30.030253,0.195235
[MO866] Iteration,0,151,30.030692,0.195189
[MO866] Iteration,1,151,30.031933,0.195236
[MO866] Iteration,3,151,30.032204,0.195207
[MO866] Iteration,2,152,30.225626,0.195315
[MO866] Iteration,0,152,30.226274,0.195562
[MO866] Iteration,1,152,30.227344,0.195373
[MO866] Iteration,3,152,30.227753,0.195528
[MO866] Iteration,2,153,30.421205,0.195526
[MO866] Iteration,0,153,30.421679,0.195385
[MO866] Iteration,1,153,30.422878,0.195496
[MO866] Iteration,3,153,30.423181,0.195405
[MO866] Iteration,2,154,30.616442,0.195178
[MO866] Iteration,0,154,30.617006,0.195308
[MO866] Iteration,1,154,30.618154,0.195238
[MO866] Iteration,3,154,30.618558,0.195355
[MO866] Iteration,2,155,30.812213,0.195701
[MO866] Iteration,0,155,30.812664,0.195640
[MO866] Iteration,1,155,30.813903,0.195713
[MO866] Iteration,3,155,30.814153,0.195573
[MO866] Iteration,2,156,31.007538,0.195257
[MO866] Iteration,0,156,31.008103,0.195419
[MO866] Iteration,1,156,31.009281,0.195339
[MO866] Iteration,3,156,31.009621,0.195448
[MO866] Iteration,2,157,31.203069,0.195466
[MO866] Iteration,0,157,31.203517,0.195393
[MO866] Iteration,1,157,31.204716,0.195401
[MO866] Iteration,3,157,31.205018,0.195378
[MO866] Iteration,2,158,31.398619,0.195481
[MO866] Iteration,0,158,31.399130,0.195591
[MO866] Iteration,1,158,31.400313,0.195556
[MO866] Iteration,3,158,31.400601,0.195565
[MO866] Iteration,2,159,31.593841,0.195163
[MO866] Iteration,0,159,31.594345,0.195194
 Time step  160
[MO866] Iteration,1,159,31.595537,0.195184
[MO866] Iteration,3,159,31.595842,0.195221
[MO866] Iteration,2,160,31.789076,0.195177
[MO866] Iteration,0,160,31.789699,0.195333
[MO866] Iteration,1,160,31.790833,0.195261
[MO866] Iteration,3,160,31.791169,0.195306
[MO866] Iteration,2,161,31.984348,0.195214
[MO866] Iteration,0,161,31.985085,0.195367
[MO866] Iteration,1,161,31.986133,0.195266
[MO866] Iteration,3,161,31.986552,0.195362
[MO866] Iteration,2,162,32.200314,0.215899
[MO866] Iteration,0,162,32.200695,0.215590
[MO866] Iteration,1,162,32.201975,0.215805
[MO866] Iteration,3,162,32.202219,0.215645
[MO866] Iteration,2,163,32.397068,0.196687
[MO866] Iteration,0,163,32.397761,0.197044
[MO866] Iteration,1,163,32.398806,0.196774
[MO866] Iteration,3,163,32.399190,0.196932
[MO866] Iteration,2,164,32.592471,0.195356
[MO866] Iteration,0,164,32.592955,0.195174
[MO866] Iteration,1,164,32.594190,0.195343
[MO866] Iteration,3,164,32.594448,0.195237
[MO866] Iteration,2,165,32.787929,0.195395
[MO866] Iteration,0,165,32.788453,0.195480
[MO866] Iteration,1,165,32.789639,0.195410
[MO866] Iteration,3,165,32.789925,0.195458
[MO866] Iteration,2,166,32.983317,0.195321
[MO866] Iteration,0,166,32.983865,0.195391
[MO866] Iteration,1,166,32.985039,0.195364
[MO866] Iteration,3,166,32.985380,0.195437
[MO866] Iteration,2,167,33.178508,0.195126
[MO866] Iteration,0,167,33.179110,0.195223
[MO866] Iteration,1,167,33.180212,0.195138
[MO866] Iteration,3,167,33.180617,0.195219
[MO866] Iteration,1,168,33.374267,0.194015
[MO866] Iteration,3,168,33.374606,0.193967
[MO866] Iteration,0,168,33.376543,0.197412
[MO866] Iteration,2,168,33.376553,0.197990
[MO866] Iteration,2,169,33.569923,0.193336
[MO866] Iteration,0,169,33.570394,0.193807
[MO866] Iteration,1,169,33.571614,0.197286
[MO866] Iteration,3,169,33.571895,0.197268
[MO866] Iteration,2,170,33.765338,0.195351
[MO866] Iteration,0,170,33.765818,0.195403
[MO866] Iteration,1,170,33.767024,0.195368
[MO866] Iteration,3,170,33.767254,0.195338
[MO866] Iteration,2,171,33.960561,0.195165
[MO866] Iteration,0,171,33.961130,0.195292
[MO866] Iteration,1,171,33.962289,0.195224
[MO866] Iteration,3,171,33.962626,0.195350
[MO866] Iteration,2,172,34.155977,0.195349
[MO866] Iteration,0,172,34.156651,0.195502
[MO866] Iteration,1,172,34.157741,0.195414
[MO866] Iteration,3,172,34.158124,0.195478
[MO866] Iteration,2,173,34.351574,0.195534
[MO866] Iteration,0,173,34.352147,0.195476
[MO866] Iteration,1,173,34.353348,0.195571
[MO866] Iteration,3,173,34.353621,0.195478
[MO866] Iteration,2,174,34.547026,0.195389
[MO866] Iteration,0,174,34.547945,0.195778
[MO866] Iteration,1,174,34.548801,0.195417
[MO866] Iteration,3,174,34.549356,0.195717
[MO866] Iteration,2,175,34.742725,0.195633
[MO866] Iteration,0,175,34.743229,0.195263
[MO866] Iteration,1,175,34.744412,0.195566
[MO866] Iteration,3,175,34.744693,0.195315
[MO866] Iteration,2,176,34.937997,0.195211
[MO866] Iteration,0,176,34.938521,0.195272
[MO866] Iteration,1,176,34.939690,0.195236
[MO866] Iteration,3,176,34.940028,0.195311
[MO866] Iteration,2,177,35.133130,0.195077
[MO866] Iteration,0,177,35.133746,0.195203
[MO866] Iteration,1,177,35.134853,0.195122
[MO866] Iteration,3,177,35.135222,0.195171
[MO866] Iteration,2,178,35.328455,0.195268
[MO866] Iteration,0,178,35.329020,0.195254
[MO866] Iteration,1,178,35.330159,0.195266
[MO866] Iteration,3,178,35.330500,0.195255
[MO866] Iteration,2,179,35.523813,0.195295
[MO866] Iteration,0,179,35.524418,0.195379
 Time step  180
[MO866] Iteration,1,179,35.525529,0.195333
[MO866] Iteration,3,179,35.525931,0.195409
[MO866] Iteration,2,180,35.719980,0.196099
[MO866] Iteration,0,180,35.720434,0.195995
[MO866] Iteration,1,180,35.721664,0.196100
[MO866] Iteration,3,180,35.721941,0.195989
[MO866] Iteration,2,181,35.915617,0.195568
[MO866] Iteration,0,181,35.916150,0.195695
[MO866] Iteration,1,181,35.917362,0.195661
[MO866] Iteration,3,181,35.917694,0.195733
[MO866] Iteration,2,182,36.110954,0.195273
[MO866] Iteration,0,182,36.111640,0.195468
[MO866] Iteration,1,182,36.112709,0.195314
[MO866] Iteration,3,182,36.113143,0.195428
[MO866] Iteration,2,183,36.306539,0.195523
[MO866] Iteration,0,183,36.306940,0.195280
[MO866] Iteration,1,183,36.308168,0.195416
[MO866] Iteration,3,183,36.308425,0.195262
[MO866] Iteration,2,184,36.501802,0.195199
[MO866] Iteration,0,184,36.502337,0.195376
[MO866] Iteration,1,184,36.503493,0.195285
[MO866] Iteration,3,184,36.503838,0.195390
[MO866] Iteration,2,185,36.697378,0.195517
[MO866] Iteration,0,185,36.697885,0.195527
[MO866] Iteration,1,185,36.699077,0.195545
[MO866] Iteration,3,185,36.699360,0.195500
[MO866] Iteration,2,186,36.892681,0.195253
[MO866] Iteration,0,186,36.893249,0.195345
[MO866] Iteration,1,186,36.894426,0.195314
[MO866] Iteration,3,186,36.894773,0.195391
[MO866] Iteration,2,187,37.088250,0.195503
[MO866] Iteration,0,187,37.088756,0.195487
[MO866] Iteration,1,187,37.089969,0.195507
[MO866] Iteration,3,187,37.090257,0.195463
[MO866] Iteration,2,188,37.283588,0.195271
[MO866] Iteration,0,188,37.284233,0.195458
[MO866] Iteration,1,188,37.285342,0.195338
[MO866] Iteration,3,188,37.285745,0.195467
[MO866] Iteration,2,189,37.479155,0.195505
[MO866] Iteration,0,189,37.479610,0.195357
[MO866] Iteration,1,189,37.480808,0.195431
[MO866] Iteration,3,189,37.481117,0.195353
[MO866] Iteration,2,190,37.674451,0.195229
[MO866] Iteration,0,190,37.674997,0.195366
[MO866] Iteration,1,190,37.676130,0.195279
[MO866] Iteration,3,190,37.676505,0.195369
[MO866] Iteration,2,191,37.869845,0.195330
[MO866] Iteration,0,191,37.870317,0.195298
[MO866] Iteration,1,191,37.871517,0.195346
[MO866] Iteration,3,191,37.871779,0.195252
[MO866] Iteration,2,192,38.065224,0.195320
[MO866] Iteration,0,192,38.065687,0.195351
[MO866] Iteration,1,192,38.066884,0.195326
[MO866] Iteration,3,192,38.067225,0.195424
[MO866] Iteration,2,193,38.260612,0.195327
[MO866] Iteration,0,193,38.261271,0.195566
[MO866] Iteration,1,193,38.262337,0.195415
[MO866] Iteration,3,193,38.262749,0.195502
[MO866] Iteration,2,194,38.456113,0.195437
[MO866] Iteration,0,194,38.456742,0.195451
[MO866] Iteration,1,194,38.457871,0.195500
[MO866] Iteration,3,194,38.458253,0.195481
[MO866] Iteration,2,195,38.651552,0.195372
[MO866] Iteration,0,195,38.652083,0.195322
[MO866] Iteration,1,195,38.653270,0.195363
[MO866] Iteration,3,195,38.653595,0.195320
[MO866] Iteration,2,196,38.847251,0.195636
[MO866] Iteration,0,196,38.847817,0.195712
[MO866] Iteration,1,196,38.848973,0.195671
[MO866] Iteration,3,196,38.849338,0.195723
[MO866] Iteration,2,197,39.042583,0.195268
[MO866] Iteration,0,197,39.043151,0.195312
[MO866] Iteration,1,197,39.044288,0.195281
[MO866] Iteration,3,197,39.044604,0.195246
[MO866] Iteration,2,198,39.237644,0.195001
[MO866] Iteration,0,198,39.238398,0.195227
[MO866] Iteration,1,198,39.239395,0.195065
[MO866] Iteration,3,198,39.239847,0.195221
[MO866] Iteration,2,199,39.433561,0.195863
[MO866] Iteration,0,199,39.434125,0.195707
 Time step  200
[MO866] Iteration,1,199,39.435238,0.195805
[MO866] Iteration,3,199,39.435606,0.195736
[MO866] Iteration,2,200,39.628747,0.195132
[MO866] Iteration,0,200,39.629379,0.195234
[MO866] Iteration,1,200,39.630471,0.195192
[MO866] Iteration,3,200,39.630869,0.195240
[MO866] Iteration,2,201,39.824076,0.195259
[MO866] Iteration,0,201,39.824534,0.195136
[MO866] Iteration,1,201,39.825786,0.195279
[MO866] Iteration,3,201,39.826065,0.195174
[MO866] Iteration,2,202,40.019835,0.195691
[MO866] Iteration,0,202,40.020332,0.195777
[MO866] Iteration,1,202,40.021541,0.195720
[MO866] Iteration,3,202,40.021869,0.195782
[MO866] Iteration,2,203,40.215041,0.195141
[MO866] Iteration,0,203,40.215711,0.195359
[MO866] Iteration,1,203,40.216785,0.195209
[MO866] Iteration,3,203,40.217232,0.195342
[MO866] Iteration,2,204,40.410560,0.195454
[MO866] Iteration,0,204,40.411028,0.195296
[MO866] Iteration,1,204,40.412255,0.195431
[MO866] Iteration,3,204,40.412501,0.195250
[MO866] Iteration,2,205,40.605801,0.195177
[MO866] Iteration,0,205,40.606340,0.195292
[MO866] Iteration,1,205,40.607513,0.195220
[MO866] Iteration,3,205,40.607883,0.195360
[MO866] Iteration,1,206,40.806079,0.198528
[MO866] Iteration,3,206,40.806307,0.198402
[MO866] Iteration,2,206,40.808302,0.202444
[MO866] Iteration,0,206,40.808407,0.202047
[MO866] Iteration,2,207,41.001648,0.193300
[MO866] Iteration,0,207,41.002197,0.193765
[MO866] Iteration,1,207,41.003373,0.197223
[MO866] Iteration,3,207,41.003653,0.197323
[MO866] Iteration,2,208,41.197364,0.195661
[MO866] Iteration,0,208,41.197726,0.195509
[MO866] Iteration,1,208,41.198992,0.195578
[MO866] Iteration,3,208,41.199236,0.195560
[MO866] Iteration,2,209,41.392580,0.195160
[MO866] Iteration,0,209,41.393010,0.195264
[MO866] Iteration,1,209,41.394243,0.195210
[MO866] Iteration,3,209,41.394519,0.195261
[MO866] Iteration,2,210,41.587823,0.195173
[MO866] Iteration,0,210,41.588285,0.195254
[MO866] Iteration,1,210,41.589521,0.195238
[MO866] Iteration,3,210,41.589815,0.195276
[MO866] Iteration,2,211,41.783204,0.195315
[MO866] Iteration,0,211,41.783731,0.195423
[MO866] Iteration,1,211,41.784885,0.195329
[MO866] Iteration,3,211,41.785268,0.195436
[MO866] Iteration,2,212,41.978915,0.195661
[MO866] Iteration,0,212,41.979460,0.195706
[MO866] Iteration,1,212,41.980629,0.195698
[MO866] Iteration,3,212,41.980969,0.195683
[MO866] Iteration,2,213,42.174255,0.195274
[MO866] Iteration,0,213,42.174732,0.195249
[MO866] Iteration,1,213,42.175916,0.195244
[MO866] Iteration,3,213,42.176243,0.195256
[MO866] Iteration,2,214,42.369436,0.195124
[MO866] Iteration,0,214,42.370071,0.195319
[MO866] Iteration,1,214,42.371119,0.195160
[MO866] Iteration,3,214,42.371553,0.195287
[MO866] Iteration,2,215,42.564607,0.195116
[MO866] Iteration,0,215,42.565305,0.195214
[MO866] Iteration,1,215,42.566401,0.195242
[MO866] Iteration,3,215,42.566759,0.195184
[MO866] Iteration,2,216,42.760580,0.195910
[MO866] Iteration,0,216,42.761115,0.195791
[MO866] Iteration,1,216,42.762300,0.195859
[MO866] Iteration,3,216,42.762597,0.195818
[MO866] Iteration,2,217,42.955824,0.195179
[MO866] Iteration,0,217,42.956360,0.195225
[MO866] Iteration,1,217,42.957531,0.195193
[MO866] Iteration,3,217,42.957868,0.195252
[MO866] Iteration,2,218,43.151234,0.195337
[MO866] Iteration,0,218,43.151738,0.195356
[MO866] Iteration,1,218,43.152937,0.195369
[MO866] Iteration,3,218,43.153256,0.195369
[MO866] Iteration,2,219,43.346552,0.195256
[MO866] Iteration,0,219,43.347044,0.195284
 Time step  220
[MO866] Iteration,1,219,43.348230,0.195257
[MO866] Iteration,3,219,43.348545,0.195271
[MO866] Iteration,2,220,43.541672,0.195057
[MO866] Iteration,0,220,43.542255,0.195192
[MO866] Iteration,1,220,43.543368,0.195097
[MO866] Iteration,3,220,43.543720,0.195154
[MO866] Iteration,2,221,43.737020,0.195291
[MO866] Iteration,0,221,43.737483,0.195208
[MO866] Iteration,1,221,43.738707,0.195300
[MO866] Iteration,3,221,43.738994,0.195254
[MO866] Iteration,2,222,43.932352,0.195272
[MO866] Iteration,0,222,43.932863,0.195360
[MO866] Iteration,1,222,43.934075,0.195327
[MO866] Iteration,3,222,43.934405,0.195391
[MO866] Iteration,2,223,44.127646,0.195228
[MO866] Iteration,0,223,44.128292,0.195408
[MO866] Iteration,1,223,44.129381,0.195267
[MO866] Iteration,3,223,44.129724,0.195298
[MO866] Iteration,2,224,44.323518,0.195806
[MO866] Iteration,0,224,44.324190,0.195875
[MO866] Iteration,1,224,44.325298,0.195881
[MO866] Iteration,3,224,44.325706,0.195962
[MO866] Iteration,2,225,44.518876,0.195289
[MO866] Iteration,0,225,44.519486,0.195276
[MO866] Iteration,1,225,44.520615,0.195282
[MO866] Iteration,3,225,44.520971,0.195246
[MO866] Iteration,2,226,44.714307,0.195365
[MO866] Iteration,0,226,44.714869,0.195362
[MO866] Iteration,1,226,44.716021,0.195364
[MO866] Iteration,3,226,44.716350,0.195361
[MO866] Iteration,2,227,44.909774,0.195409
[MO866] Iteration,0,227,44.910378,0.195488
[MO866] Iteration,1,227,44.911474,0.195412
[MO866] Iteration,3,227,44.911875,0.195503
[MO866] Iteration,2,228,45.105634,0.195800
[MO866] Iteration,0,228,45.106245,0.195848
[MO866] Iteration,1,228,45.107339,0.195823
[MO866] Iteration,3,228,45.107753,0.195854
[MO866] Iteration,2,229,45.301185,0.195497
[MO866] Iteration,0,229,45.301650,0.195385
[MO866] Iteration,1,229,45.302913,0.195533
[MO866] Iteration,3,229,45.303142,0.195366
[MO866] Iteration,2,230,45.496379,0.195135
[MO866] Iteration,0,230,45.496931,0.195262
[MO866] Iteration,1,230,45.498110,0.195158
[MO866] Iteration,3,230,45.498409,0.195245
[MO866] Iteration,2,231,45.692080,0.195636
[MO866] Iteration,0,231,45.692468,0.195518
[MO866] Iteration,1,231,45.693764,0.195615
[MO866] Iteration,3,231,45.693979,0.195549
[MO866] Iteration,2,232,45.887723,0.195572
[MO866] Iteration,0,232,45.888266,0.195777
[MO866] Iteration,1,232,45.889456,0.195656
[MO866] Iteration,3,232,45.889786,0.195786
[MO866] Iteration,2,233,46.083439,0.195655
[MO866] Iteration,0,233,46.083965,0.195679
[MO866] Iteration,1,233,46.085159,0.195668
[MO866] Iteration,3,233,46.085474,0.195668
[MO866] Iteration,2,234,46.279007,0.195497
[MO866] Iteration,0,234,46.279592,0.195606
[MO866] Iteration,1,234,46.280689,0.195496
[MO866] Iteration,3,234,46.281132,0.195638
[MO866] Iteration,2,235,46.474566,0.195496
[MO866] Iteration,0,235,46.475135,0.195520
[MO866] Iteration,1,235,46.476279,0.195556
[MO866] Iteration,3,235,46.476594,0.195442
[MO866] Iteration,2,236,46.669954,0.195334
[MO866] Iteration,0,236,46.670600,0.195443
[MO866] Iteration,1,236,46.671705,0.195391
[MO866] Iteration,3,236,46.672077,0.195462
[MO866] Iteration,2,237,46.865391,0.195377
[MO866] Iteration,0,237,46.865951,0.195329
[MO866] Iteration,1,237,46.867088,0.195342
[MO866] Iteration,3,237,46.867428,0.195329
[MO866] Iteration,2,238,47.060497,0.195049
[MO866] Iteration,0,238,47.061084,0.195115
[MO866] Iteration,1,238,47.062235,0.195108
[MO866] Iteration,3,238,47.062575,0.195124
[MO866] Iteration,2,239,47.255825,0.195262
[MO866] Iteration,0,239,47.256350,0.195247
 Time step  240
[MO866] Iteration,1,239,47.257544,0.195273
[MO866] Iteration,3,239,47.257853,0.195257
[MO866] Iteration,2,240,47.451180,0.195289
[MO866] Iteration,0,240,47.451744,0.195373
[MO866] Iteration,1,240,47.452873,0.195294
[MO866] Iteration,3,240,47.453251,0.195377
[MO866] Iteration,2,241,47.646545,0.195299
[MO866] Iteration,0,241,47.647186,0.195420
[MO866] Iteration,1,241,47.648282,0.195356
[MO866] Iteration,3,241,47.648654,0.195383
[MO866] Iteration,2,242,47.842175,0.195570
[MO866] Iteration,0,242,47.842686,0.195478
[MO866] Iteration,1,242,47.843840,0.195520
[MO866] Iteration,3,242,47.844180,0.195505
[MO866] Iteration,2,243,48.037524,0.195292
[MO866] Iteration,0,243,48.038110,0.195401
[MO866] Iteration,1,243,48.039225,0.195343
[MO866] Iteration,3,243,48.039632,0.195430
[MO866] Iteration,2,244,48.232649,0.195069
[MO866] Iteration,0,244,48.233183,0.195054
[MO866] Iteration,1,244,48.234363,0.195098
[MO866] Iteration,3,244,48.234687,0.195031
[MO866] Iteration,2,245,48.428000,0.195288
[MO866] Iteration,0,245,48.428540,0.195338
[MO866] Iteration,1,245,48.429714,0.195313
[MO866] Iteration,3,245,48.430098,0.195388
[MO866] Iteration,2,246,48.623414,0.195354
[MO866] Iteration,0,246,48.623924,0.195364
[MO866] Iteration,1,246,48.625112,0.195362
[MO866] Iteration,3,246,48.625440,0.195321
[MO866] Iteration,2,247,48.819593,0.196121
[MO866] Iteration,0,247,48.820196,0.196249
[MO866] Iteration,1,247,48.821354,0.196208
[MO866] Iteration,3,247,48.821719,0.196259
[MO866] Iteration,2,248,49.014992,0.195338
[MO866] Iteration,0,248,49.015436,0.195219
[MO866] Iteration,1,248,49.016645,0.195257
[MO866] Iteration,3,248,49.016964,0.195226
[MO866] Iteration,2,249,49.210343,0.195289
[MO866] Iteration,0,249,49.210908,0.195452
[MO866] Iteration,1,249,49.211932,0.195246
[MO866] Iteration,3,249,49.212408,0.195425
[MO866] Iteration,2,250,49.405840,0.195441
[MO866] Iteration,0,250,49.406260,0.195333
[MO866] Iteration,1,250,49.407484,0.195513
[MO866] Iteration,3,250,49.407759,0.195329
[MO866] Iteration,2,251,49.601625,0.195730
[MO866] Iteration,0,251,49.602177,0.195896
[MO866] Iteration,1,251,49.603359,0.195834
[MO866] Iteration,3,251,49.603643,0.195864
[MO866] Iteration,2,252,49.801636,0.199957
[MO866] Iteration,0,252,49.802113,0.199916
[MO866] Iteration,1,252,49.803306,0.199906
[MO866] Iteration,3,252,49.803647,0.199984
[MO866] Iteration,2,253,49.996981,0.195259
[MO866] Iteration,0,253,49.997665,0.195519
[MO866] Iteration,1,253,49.998729,0.195382
[MO866] Iteration,3,253,49.999124,0.195455
[MO866] Iteration,2,254,50.192571,0.195532
[MO866] Iteration,0,254,50.193071,0.195387
[MO866] Iteration,1,254,50.194268,0.195500
[MO866] Iteration,3,254,50.194578,0.195432
[MO866] Iteration,2,255,50.388040,0.195404
[MO866] Iteration,0,255,50.388641,0.195552
[MO866] Iteration,1,255,50.389828,0.195524
[MO866] Iteration,3,255,50.390178,0.195578
[MO866] Iteration,2,256,50.583660,0.195556
[MO866] Iteration,0,256,50.584180,0.195518
[MO866] Iteration,1,256,50.585390,0.195528
[MO866] Iteration,3,256,50.585693,0.195494
[MO866] Iteration,2,257,50.779017,0.195289
[MO866] Iteration,0,257,50.779513,0.195312
[MO866] Iteration,1,257,50.780703,0.195280
[MO866] Iteration,3,257,50.781056,0.195342
[MO866] Iteration,2,258,50.974650,0.195572
[MO866] Iteration,0,258,50.975142,0.195607
[MO866] Iteration,1,258,50.976341,0.195597
[MO866] Iteration,3,258,50.976607,0.195532
[MO866] Iteration,2,259,51.169777,0.195060
[MO866] Iteration,0,259,51.170325,0.195158
 Time step  260
[MO866] Iteration,1,259,51.171484,0.195108
[MO866] Iteration,3,259,51.171866,0.195238
[MO866] Iteration,2,260,51.364812,0.194974
[MO866] Iteration,0,260,51.365331,0.194986
[MO866] Iteration,1,260,51.366499,0.194980
[MO866] Iteration,3,260,51.366832,0.194943
[MO866] Iteration,2,261,51.560061,0.195182
[MO866] Iteration,0,261,51.560432,0.195082
[MO866] Iteration,1,261,51.561743,0.195205
[MO866] Iteration,3,261,51.561991,0.195137
[MO866] Iteration,2,262,51.755118,0.194993
[MO866] Iteration,0,262,51.755823,0.195371
[MO866] Iteration,1,262,51.756845,0.195065
[MO866] Iteration,3,262,51.757303,0.195292
[MO866] Iteration,2,263,51.950653,0.195472
[MO866] Iteration,0,263,51.951234,0.195388
[MO866] Iteration,1,263,51.952366,0.195480
[MO866] Iteration,3,263,51.952665,0.195341
[MO866] Iteration,2,264,52.145719,0.195005
[MO866] Iteration,0,264,52.146257,0.195002
[MO866] Iteration,1,264,52.147448,0.195039
[MO866] Iteration,3,264,52.147751,0.195064
[MO866] Iteration,2,265,52.341157,0.195387
[MO866] Iteration,0,265,52.341619,0.195341
[MO866] Iteration,1,265,52.342814,0.195325
[MO866] Iteration,3,265,52.343109,0.195335
[MO866] Iteration,2,266,52.536324,0.195109
[MO866] Iteration,0,266,52.537065,0.195428
[MO866] Iteration,1,266,52.538064,0.195211
[MO866] Iteration,3,266,52.538534,0.195402
[MO866] Iteration,2,267,52.732044,0.195650
[MO866] Iteration,0,267,52.732491,0.195406
[MO866] Iteration,1,267,52.733741,0.195641
[MO866] Iteration,3,267,52.734012,0.195457
[MO866] Iteration,2,268,52.927516,0.195405
[MO866] Iteration,0,268,52.928059,0.195547
[MO866] Iteration,1,268,52.929255,0.195477
[MO866] Iteration,3,268,52.929556,0.195523
[MO866] Iteration,2,269,53.122930,0.195347
[MO866] Iteration,0,269,53.123499,0.195420
[MO866] Iteration,1,269,53.124615,0.195325
[MO866] Iteration,3,269,53.124990,0.195414
[MO866] Iteration,2,270,53.318304,0.195308
[MO866] Iteration,0,270,53.318921,0.195401
[MO866] Iteration,1,270,53.320005,0.195351
[MO866] Iteration,3,270,53.320366,0.195355
[MO866] Iteration,2,271,53.513811,0.195449
[MO866] Iteration,0,271,53.514216,0.195274
[MO866] Iteration,1,271,53.515484,0.195437
[MO866] Iteration,3,271,53.515733,0.195344
[MO866] Iteration,2,272,53.709076,0.195207
[MO866] Iteration,0,272,53.709711,0.195474
[MO866] Iteration,1,272,53.710827,0.195302
[MO866] Iteration,3,272,53.711166,0.195412
[MO866] Iteration,2,273,53.905104,0.195971
[MO866] Iteration,0,273,53.905445,0.195715
[MO866] Iteration,1,273,53.906747,0.195881
[MO866] Iteration,3,273,53.906967,0.195780
[MO866] Iteration,2,274,54.100399,0.195236
[MO866] Iteration,0,274,54.101044,0.195580
[MO866] Iteration,1,274,54.102129,0.195343
[MO866] Iteration,3,274,54.102556,0.195568
[MO866] Iteration,2,275,54.295882,0.195415
[MO866] Iteration,0,275,54.296398,0.195336
[MO866] Iteration,1,275,54.297581,0.195413
[MO866] Iteration,3,275,54.297884,0.195309
[MO866] Iteration,2,276,54.491206,0.195256
[MO866] Iteration,0,276,54.491666,0.195248
[MO866] Iteration,1,276,54.492859,0.195241
[MO866] Iteration,3,276,54.493171,0.195269
[MO866] Iteration,2,277,54.686527,0.195257
[MO866] Iteration,0,277,54.687038,0.195350
[MO866] Iteration,1,277,54.688217,0.195276
[MO866] Iteration,3,277,54.688514,0.195325
[MO866] Iteration,2,278,54.881712,0.195122
[MO866] Iteration,0,278,54.882292,0.195232
[MO866] Iteration,1,278,54.883439,0.195180
[MO866] Iteration,3,278,54.883737,0.195204
[MO866] Iteration,2,279,55.077107,0.195338
[MO866] Iteration,0,279,55.077558,0.195246
 Time step  280
[MO866] Iteration,1,279,55.078757,0.195277
[MO866] Iteration,3,279,55.079051,0.195294
[MO866] Iteration,2,280,55.272464,0.195296
[MO866] Iteration,0,280,55.272994,0.195418
[MO866] Iteration,1,280,55.274187,0.195391
[MO866] Iteration,3,280,55.274505,0.195433
[MO866] Iteration,2,281,55.467763,0.195231
[MO866] Iteration,0,281,55.468384,0.195370
[MO866] Iteration,1,281,55.469513,0.195290
[MO866] Iteration,3,281,55.469925,0.195398
[MO866] Iteration,2,282,55.662948,0.195120
[MO866] Iteration,0,282,55.663536,0.195132
[MO866] Iteration,1,282,55.664645,0.195096
[MO866] Iteration,3,282,55.665059,0.195114
[MO866] Iteration,2,283,55.858415,0.195399
[MO866] Iteration,0,283,55.858806,0.195248
[MO866] Iteration,1,283,55.860051,0.195371
[MO866] Iteration,3,283,55.860294,0.195216
[MO866] Iteration,2,284,56.053554,0.195080
[MO866] Iteration,0,284,56.054131,0.195301
[MO866] Iteration,1,284,56.055273,0.195186
[MO866] Iteration,3,284,56.055574,0.195257
[MO866] Iteration,2,285,56.249102,0.195493
[MO866] Iteration,0,285,56.249807,0.195657
[MO866] Iteration,1,285,56.250815,0.195501
[MO866] Iteration,3,285,56.251297,0.195701
[MO866] Iteration,2,286,56.445045,0.195882
[MO866] Iteration,0,286,56.445520,0.195695
[MO866] Iteration,1,286,56.446715,0.195862
[MO866] Iteration,3,286,56.446983,0.195664
[MO866] Iteration,2,287,56.640167,0.195058
[MO866] Iteration,0,287,56.640864,0.195326
[MO866] Iteration,1,287,56.641930,0.195175
[MO866] Iteration,3,287,56.642340,0.195334
[MO866] Iteration,2,288,56.835715,0.195486
[MO866] Iteration,0,288,56.836412,0.195527
[MO866] Iteration,1,288,56.837481,0.195514
[MO866] Iteration,3,288,56.837878,0.195516
[MO866] Iteration,2,289,57.031663,0.195882
[MO866] Iteration,0,289,57.032266,0.195833
[MO866] Iteration,1,289,57.033379,0.195862
[MO866] Iteration,3,289,57.033756,0.195857
[MO866] Iteration,2,290,57.226940,0.195209
[MO866] Iteration,0,290,57.227404,0.195118
[MO866] Iteration,1,290,57.228636,0.195222
[MO866] Iteration,3,290,57.228906,0.195130
[MO866] Iteration,2,291,57.422352,0.195352
[MO866] Iteration,0,291,57.422837,0.195413
[MO866] Iteration,1,291,57.424039,0.195363
[MO866] Iteration,3,291,57.424336,0.195410
[MO866] Iteration,2,292,57.618326,0.195914
[MO866] Iteration,0,292,57.618669,0.195813
[MO866] Iteration,1,292,57.619971,0.195892
[MO866] Iteration,3,292,57.620211,0.195853
[MO866] Iteration,2,293,57.813404,0.195020
[MO866] Iteration,0,293,57.813947,0.195259
[MO866] Iteration,1,293,57.815098,0.195088
[MO866] Iteration,3,293,57.815428,0.195195
[MO866] Iteration,2,294,58.008578,0.195118
[MO866] Iteration,0,294,58.009141,0.195175
[MO866] Iteration,1,294,58.010321,0.195184
[MO866] Iteration,3,294,58.010643,0.195192
[MO866] Iteration,2,295,58.203849,0.195207
[MO866] Iteration,0,295,58.204582,0.195421
[MO866] Iteration,1,295,58.205654,0.195297
[MO866] Iteration,3,295,58.206068,0.195402
[MO866] Iteration,2,296,58.399339,0.195429
[MO866] Iteration,0,296,58.399964,0.195360
[MO866] Iteration,1,296,58.401073,0.195384
[MO866] Iteration,3,296,58.401455,0.195365
[MO866] Iteration,2,297,58.594805,0.195396
[MO866] Iteration,0,297,58.595387,0.195403
[MO866] Iteration,1,297,58.596565,0.195459
[MO866] Iteration,3,297,58.596914,0.195439
[MO866] Iteration,2,298,58.790476,0.195606
[MO866] Iteration,0,298,58.791001,0.195594
[MO866] Iteration,1,298,58.792178,0.195574
[MO866] Iteration,3,298,58.792497,0.195565
[MO866] Iteration,2,299,58.985854,0.195320
[MO866] Iteration,0,299,58.986136,0.195113
 Time step  300
[MO866] Iteration,1,299,58.987490,0.195271
[MO866] Iteration,3,299,58.987673,0.195154
[MO866] Iteration,2,300,59.180942,0.195025
[MO866] Iteration,0,300,59.181532,0.195375
[MO866] Iteration,1,300,59.182655,0.195125
[MO866] Iteration,3,300,59.183081,0.195384
[MO866] Iteration,2,301,59.376432,0.195435
[MO866] Iteration,0,301,59.376939,0.195387
[MO866] Iteration,1,301,59.378131,0.195440
[MO866] Iteration,3,301,59.378453,0.195349
[MO866] Iteration,2,302,59.571851,0.195355
[MO866] Iteration,0,302,59.572438,0.195481
[MO866] Iteration,1,302,59.573588,0.195420
[MO866] Iteration,3,302,59.573930,0.195455
[MO866] Iteration,2,303,59.767443,0.195525
[MO866] Iteration,0,303,59.767980,0.195521
[MO866] Iteration,1,303,59.769178,0.195554
[MO866] Iteration,3,303,59.769477,0.195526
[MO866] Iteration,2,304,59.963040,0.195535
[MO866] Iteration,0,304,59.963680,0.195677
[MO866] Iteration,1,304,59.964747,0.195534
[MO866] Iteration,3,304,59.965185,0.195688
[MO866] Iteration,2,305,60.158552,0.195442
[MO866] Iteration,0,305,60.159107,0.195403
[MO866] Iteration,1,305,60.160201,0.195412
[MO866] Iteration,3,305,60.160603,0.195399
[MO866] Iteration,1,306,60.356160,0.195920
[MO866] Iteration,3,306,60.360254,0.199629
[MO866] Iteration,2,306,60.362626,0.204012
[MO866] Iteration,0,306,60.365971,0.206842
[MO866] Iteration,2,307,60.558260,0.195592
[MO866] Iteration,0,307,60.558822,0.192818
[MO866] Iteration,1,307,60.559963,0.203744
[MO866] Iteration,3,307,60.560311,0.199997
[MO866] Iteration,2,308,60.753718,0.195399
[MO866] Iteration,0,308,60.754201,0.195358
[MO866] Iteration,1,308,60.755389,0.195386
[MO866] Iteration,3,308,60.755702,0.195368
[MO866] Iteration,2,309,60.948931,0.195163
[MO866] Iteration,0,309,60.949419,0.195197
[MO866] Iteration,1,309,60.950606,0.195181
[MO866] Iteration,3,309,60.950908,0.195184
[MO866] Iteration,2,310,61.144219,0.195234
[MO866] Iteration,0,310,61.144765,0.195327
[MO866] Iteration,1,310,61.145949,0.195304
[MO866] Iteration,3,310,61.146294,0.195363
[MO866] Iteration,2,311,61.339714,0.195432
[MO866] Iteration,0,311,61.340188,0.195402
[MO866] Iteration,1,311,61.341421,0.195436
[MO866] Iteration,3,311,61.341747,0.195431
[MO866] Iteration,2,312,61.535014,0.195233
[MO866] Iteration,0,312,61.535579,0.195371
[MO866] Iteration,1,312,61.536706,0.195250
[MO866] Iteration,3,312,61.537067,0.195299
[MO866] Iteration,2,313,61.730494,0.195414
[MO866] Iteration,0,313,61.731014,0.195414
[MO866] Iteration,1,313,61.732232,0.195484
[MO866] Iteration,3,313,61.732467,0.195381
[MO866] Iteration,2,314,61.925581,0.195028
[MO866] Iteration,0,314,61.926236,0.195201
[MO866] Iteration,1,314,61.927296,0.195023
[MO866] Iteration,3,314,61.927706,0.195217
[MO866] Iteration,2,315,62.120851,0.195218
[MO866] Iteration,0,315,62.121490,0.195235
[MO866] Iteration,1,315,62.122568,0.195234
[MO866] Iteration,3,315,62.122963,0.195233
[MO866] Iteration,2,316,62.316267,0.195348
[MO866] Iteration,0,316,62.316914,0.195406
[MO866] Iteration,1,316,62.318030,0.195423
[MO866] Iteration,3,316,62.318350,0.195364
[MO866] Iteration,2,317,62.511780,0.195445
[MO866] Iteration,0,317,62.512287,0.195356
[MO866] Iteration,1,317,62.513502,0.195436
[MO866] Iteration,3,317,62.513826,0.195454
[MO866] Iteration,2,318,62.707249,0.195400
[MO866] Iteration,0,318,62.707777,0.195470
[MO866] Iteration,1,318,62.708986,0.195451
[MO866] Iteration,3,318,62.709271,0.195425
[MO866] Iteration,2,319,62.902840,0.195525
[MO866] Iteration,0,319,62.903365,0.195566
 Time step  320
[MO866] Iteration,1,319,62.904511,0.195490
[MO866] Iteration,3,319,62.904855,0.195564
[MO866] Iteration,2,320,63.098257,0.195352
[MO866] Iteration,0,320,63.098782,0.195396
[MO866] Iteration,1,320,63.099943,0.195390
[MO866] Iteration,3,320,63.100242,0.195366
[MO866] Iteration,2,321,63.293447,0.195131
[MO866] Iteration,0,321,63.294023,0.195220
[MO866] Iteration,1,321,63.295146,0.195162
[MO866] Iteration,3,321,63.295518,0.195254
[MO866] Iteration,2,322,63.489350,0.195849
[MO866] Iteration,0,322,63.489846,0.195805
[MO866] Iteration,1,322,63.491063,0.195876
[MO866] Iteration,3,322,63.491333,0.195793
[MO866] Iteration,2,323,63.684623,0.195217
[MO866] Iteration,0,323,63.685181,0.195316
[MO866] Iteration,1,323,63.686321,0.195219
[MO866] Iteration,3,323,63.686652,0.195297
[MO866] Iteration,2,324,63.879874,0.195188
[MO866] Iteration,0,324,63.880404,0.195203
[MO866] Iteration,1,324,63.881583,0.195224
[MO866] Iteration,3,324,63.881924,0.195249
[MO866] Iteration,2,325,64.088640,0.208700
[MO866] Iteration,0,325,64.089014,0.208589
[MO866] Iteration,1,325,64.094204,0.212585
[MO866] Iteration,3,325,64.094487,0.212541
[MO866] Iteration,2,326,64.290998,0.202303
[MO866] Iteration,0,326,64.291370,0.202335
[MO866] Iteration,1,326,64.292634,0.198384
[MO866] Iteration,3,326,64.292944,0.198423
[MO866] Iteration,2,327,64.486358,0.195291
[MO866] Iteration,0,327,64.487016,0.195621
[MO866] Iteration,1,327,64.488032,0.195360
[MO866] Iteration,3,327,64.488494,0.195531
[MO866] Iteration,2,328,64.683042,0.196630
[MO866] Iteration,0,328,64.683686,0.196650
[MO866] Iteration,1,328,64.684770,0.196698
[MO866] Iteration,3,328,64.685185,0.196668
[MO866] Iteration,2,329,64.878338,0.195231
[MO866] Iteration,0,329,64.878925,0.195216
[MO866] Iteration,1,329,64.880031,0.195220
[MO866] Iteration,3,329,64.880403,0.195197
[MO866] Iteration,2,330,65.073557,0.195162
[MO866] Iteration,0,330,65.074061,0.195117
[MO866] Iteration,1,330,65.075254,0.195182
[MO866] Iteration,3,330,65.075603,0.195179
[MO866] Iteration,2,331,65.268734,0.195124
[MO866] Iteration,0,331,65.269725,0.195645
[MO866] Iteration,1,331,65.270571,0.195276
[MO866] Iteration,3,331,65.271167,0.195541
[MO866] Iteration,2,332,65.464365,0.195564
[MO866] Iteration,0,332,65.465047,0.195303
[MO866] Iteration,1,332,65.466114,0.195507
[MO866] Iteration,3,332,65.466521,0.195330
[MO866] Iteration,2,333,65.659952,0.195521
[MO866] Iteration,0,333,65.660432,0.195363
[MO866] Iteration,1,333,65.661665,0.195514
[MO866] Iteration,3,333,65.661947,0.195405
[MO866] Iteration,2,334,65.855485,0.195469
[MO866] Iteration,0,334,65.855979,0.195526
[MO866] Iteration,1,334,65.857194,0.195496
[MO866] Iteration,3,334,65.857493,0.195526
[MO866] Iteration,2,335,66.050916,0.195364
[MO866] Iteration,0,335,66.051464,0.195462
[MO866] Iteration,1,335,66.052586,0.195360
[MO866] Iteration,3,335,66.052979,0.195468
[MO866] Iteration,2,336,66.246567,0.195586
[MO866] Iteration,0,336,66.247131,0.195644
[MO866] Iteration,1,336,66.248284,0.195658
[MO866] Iteration,3,336,66.248607,0.195609
[MO866] Iteration,2,337,66.441768,0.195145
[MO866] Iteration,0,337,66.442215,0.195063
[MO866] Iteration,1,337,66.443437,0.195116
[MO866] Iteration,3,337,66.443710,0.195084
[MO866] Iteration,2,338,66.636884,0.195058
[MO866] Iteration,0,338,66.637534,0.195299
[MO866] Iteration,1,338,66.638621,0.195145
[MO866] Iteration,3,338,66.639020,0.195290
[MO866] Iteration,2,339,66.832786,0.195827
[MO866] Iteration,0,339,66.833211,0.195656
 Time step  340
[MO866] Iteration,1,339,66.834468,0.195810
[MO866] Iteration,3,339,66.834758,0.195718
[MO866] Iteration,2,340,67.028015,0.195159
[MO866] Iteration,0,340,67.028545,0.195316
[MO866] Iteration,1,340,67.029741,0.195237
[MO866] Iteration,3,340,67.030036,0.195259
[MO866] Iteration,2,341,67.223237,0.195154
[MO866] Iteration,0,341,67.223892,0.195326
[MO866] Iteration,1,341,67.224960,0.195184
[MO866] Iteration,3,341,67.225385,0.195330
[MO866] Iteration,2,342,67.418731,0.195434
[MO866] Iteration,0,342,67.419242,0.195329
[MO866] Iteration,1,342,67.420385,0.195391
[MO866] Iteration,3,342,67.420747,0.195343
[MO866] Iteration,2,343,67.614214,0.195418
[MO866] Iteration,0,343,67.614757,0.195493
[MO866] Iteration,1,343,67.615921,0.195497
[MO866] Iteration,3,343,67.616232,0.195466
[MO866] Iteration,2,344,67.809662,0.195390
[MO866] Iteration,0,344,67.810080,0.195301
[MO866] Iteration,1,344,67.811243,0.195282
[MO866] Iteration,3,344,67.811596,0.195343
[MO866] Iteration,2,345,68.004935,0.195224
[MO866] Iteration,0,345,68.005486,0.195387
[MO866] Iteration,1,345,68.006610,0.195325
[MO866] Iteration,3,345,68.006977,0.195361
[MO866] Iteration,2,346,68.200055,0.195068
[MO866] Iteration,0,346,68.200644,0.195139
[MO866] Iteration,1,346,68.201806,0.195157
[MO866] Iteration,3,346,68.202152,0.195154
[MO866] Iteration,2,347,68.395330,0.195210
[MO866] Iteration,0,347,68.395939,0.195275
[MO866] Iteration,1,347,68.397047,0.195206
[MO866] Iteration,3,347,68.397425,0.195254
[MO866] Iteration,2,348,68.590784,0.195389
[MO866] Iteration,0,348,68.591239,0.195278
[MO866] Iteration,1,348,68.592479,0.195398
[MO866] Iteration,3,348,68.592753,0.195308
[MO866] Iteration,2,349,68.786106,0.195262
[MO866] Iteration,0,349,68.786667,0.195407
[MO866] Iteration,1,349,68.787787,0.195265
[MO866] Iteration,3,349,68.788158,0.195386
[MO866] Iteration,2,350,68.981524,0.195362
[MO866] Iteration,0,350,68.982008,0.195319
[MO866] Iteration,1,350,68.983216,0.195390
[MO866] Iteration,3,350,68.983461,0.195282
[MO866] Iteration,2,351,69.176590,0.195011
[MO866] Iteration,0,351,69.177176,0.195146
[MO866] Iteration,1,351,69.178312,0.195060
[MO866] Iteration,3,351,69.178697,0.195214
[MO866] Iteration,2,352,69.372040,0.195381
[MO866] Iteration,0,352,69.372500,0.195304
[MO866] Iteration,1,352,69.373744,0.195395
[MO866] Iteration,3,352,69.374018,0.195299
[MO866] Iteration,2,353,69.567391,0.195289
[MO866] Iteration,0,353,69.567882,0.195362
[MO866] Iteration,1,353,69.569092,0.195313
[MO866] Iteration,3,353,69.569393,0.195356
[MO866] Iteration,2,354,69.762793,0.195337
[MO866] Iteration,0,354,69.763076,0.195172
[MO866] Iteration,1,354,69.764406,0.195279
[MO866] Iteration,3,354,69.764574,0.195163
[MO866] Iteration,2,355,69.957849,0.194987
[MO866] Iteration,0,355,69.958380,0.195281
[MO866] Iteration,1,355,69.959533,0.195087
[MO866] Iteration,3,355,69.959869,0.195275
[MO866] Iteration,2,356,70.153293,0.195391
[MO866] Iteration,0,356,70.153702,0.195301
[MO866] Iteration,1,356,70.154971,0.195398
[MO866] Iteration,3,356,70.155183,0.195294
[MO866] Iteration,2,357,70.348422,0.195072
[MO866] Iteration,0,357,70.348970,0.195249
[MO866] Iteration,1,357,70.350166,0.195160
[MO866] Iteration,3,357,70.350481,0.195277
[MO866] Iteration,2,358,70.543787,0.195303
[MO866] Iteration,0,358,70.544278,0.195288
[MO866] Iteration,1,358,70.545472,0.195269
[MO866] Iteration,3,358,70.545821,0.195320
[MO866] Iteration,2,359,70.739127,0.195276
[MO866] Iteration,0,359,70.739829,0.195529
 Time step  360
[MO866] Iteration,1,359,70.740875,0.195368
[MO866] Iteration,3,359,70.741299,0.195458
[MO866] Iteration,2,360,70.935011,0.195821
[MO866] Iteration,0,360,70.935390,0.195542
[MO866] Iteration,1,360,70.936668,0.195740
[MO866] Iteration,3,360,70.936925,0.195605
[MO866] Iteration,2,361,71.130151,0.195080
[MO866] Iteration,0,361,71.130761,0.195350
[MO866] Iteration,1,361,71.131868,0.195158
[MO866] Iteration,3,361,71.132238,0.195295
[MO866] Iteration,2,362,71.325451,0.195243
[MO866] Iteration,0,362,71.326011,0.195231
[MO866] Iteration,1,362,71.327134,0.195226
[MO866] Iteration,3,362,71.327506,0.195245
[MO866] Iteration,2,363,71.520669,0.195161
[MO866] Iteration,0,363,71.521236,0.195206
[MO866] Iteration,1,363,71.522396,0.195223
[MO866] Iteration,3,363,71.522727,0.195199
[MO866] Iteration,2,364,71.715974,0.195238
[MO866] Iteration,0,364,71.716519,0.195263
[MO866] Iteration,1,364,71.717699,0.195267
[MO866] Iteration,3,364,71.718054,0.195304
[MO866] Iteration,2,365,71.911257,0.195215
[MO866] Iteration,0,365,71.911964,0.195424
[MO866] Iteration,1,365,71.913042,0.195308
[MO866] Iteration,3,365,71.913476,0.195401
[MO866] Iteration,2,366,72.106912,0.195589
[MO866] Iteration,0,366,72.107321,0.195334
[MO866] Iteration,1,366,72.108548,0.195473
[MO866] Iteration,3,366,72.108835,0.195338
[MO866] Iteration,2,367,72.302225,0.195246
[MO866] Iteration,0,367,72.302894,0.195551
[MO866] Iteration,1,367,72.303974,0.195386
[MO866] Iteration,3,367,72.304383,0.195526
[MO866] Iteration,2,368,72.497938,0.195655
[MO866] Iteration,0,368,72.498370,0.195457
[MO866] Iteration,1,368,72.499615,0.195601
[MO866] Iteration,3,368,72.499882,0.195477
[MO866] Iteration,2,369,72.693132,0.195133
[MO866] Iteration,0,369,72.693704,0.195315
[MO866] Iteration,1,369,72.694853,0.195198
[MO866] Iteration,3,369,72.695165,0.195262
[MO866] Iteration,2,370,72.888435,0.195245
[MO866] Iteration,0,370,72.888977,0.195255
[MO866] Iteration,1,370,72.890169,0.195278
[MO866] Iteration,3,370,72.890453,0.195266
[MO866] Iteration,2,371,73.083873,0.195371
[MO866] Iteration,0,371,73.084371,0.195375
[MO866] Iteration,1,371,73.085577,0.195371
[MO866] Iteration,3,371,73.085884,0.195409
[MO866] Iteration,1,372,73.282560,0.196948
[MO866] Iteration,3,372,73.282513,0.196609
[MO866] Iteration,0,372,73.285050,0.200659
[MO866] Iteration,2,372,73.285148,0.201210
[MO866] Iteration,2,373,73.478421,0.193245
[MO866] Iteration,0,373,73.478922,0.193827
[MO866] Iteration,1,373,73.480090,0.197506
[MO866] Iteration,3,373,73.480392,0.197809
[MO866] Iteration,2,374,73.673591,0.195108
[MO866] Iteration,0,374,73.674109,0.195166
[MO866] Iteration,1,374,73.675278,0.195148
[MO866] Iteration,3,374,73.675611,0.195198
[MO866] Iteration,2,375,73.869439,0.195794
[MO866] Iteration,0,375,73.869869,0.195740
[MO866] Iteration,1,375,73.871116,0.195798
[MO866] Iteration,3,375,73.871337,0.195705
[MO866] Iteration,2,376,74.065207,0.195711
[MO866] Iteration,0,376,74.065883,0.195994
[MO866] Iteration,1,376,74.066960,0.195804
[MO866] Iteration,3,376,74.067326,0.195968
[MO866] Iteration,2,377,74.260575,0.195312
[MO866] Iteration,0,377,74.261256,0.195355
[MO866] Iteration,1,377,74.262338,0.195340
[MO866] Iteration,3,377,74.262720,0.195373
[MO866] Iteration,2,378,74.455800,0.195161
[MO866] Iteration,0,378,74.456529,0.195254
[MO866] Iteration,1,378,74.457600,0.195225
[MO866] Iteration,3,378,74.457986,0.195245
[MO866] Iteration,2,379,74.651289,0.195422
[MO866] Iteration,0,379,74.651700,0.195150
 Time step  380
[MO866] Iteration,1,379,74.652989,0.195353
[MO866] Iteration,3,379,74.653189,0.195184
[MO866] Iteration,2,380,74.846467,0.195114
[MO866] Iteration,0,380,74.847057,0.195334
[MO866] Iteration,1,380,74.848192,0.195167
[MO866] Iteration,3,380,74.848545,0.195337
[MO866] Iteration,2,381,75.041962,0.195435
[MO866] Iteration,0,381,75.042398,0.195320
[MO866] Iteration,1,381,75.043644,0.195412
[MO866] Iteration,3,381,75.043894,0.195328
[MO866] Iteration,2,382,75.236885,0.194864
[MO866] Iteration,0,382,75.237501,0.195082
[MO866] Iteration,1,382,75.238598,0.194917
[MO866] Iteration,3,382,75.238985,0.195070
[MO866] Iteration,2,383,75.432179,0.195227
[MO866] Iteration,0,383,75.432726,0.195206
[MO866] Iteration,1,383,75.433897,0.195261
[MO866] Iteration,3,383,75.434227,0.195221
[MO866] Iteration,2,384,75.627834,0.195591
[MO866] Iteration,0,384,75.628431,0.195682
[MO866] Iteration,1,384,75.629593,0.195661
[MO866] Iteration,3,384,75.629928,0.195682
[MO866] Iteration,2,385,75.823323,0.195423
[MO866] Iteration,0,385,75.823825,0.195373
[MO866] Iteration,1,385,75.825024,0.195395
[MO866] Iteration,3,385,75.825319,0.195370
[MO866] Iteration,2,386,76.018543,0.195152
[MO866] Iteration,0,386,76.019239,0.195393
[MO866] Iteration,1,386,76.020304,0.195245
[MO866] Iteration,3,386,76.020685,0.195346
[MO866] Iteration,2,387,76.214016,0.195410
[MO866] Iteration,0,387,76.214518,0.195257
[MO866] Iteration,1,387,76.215681,0.195336
[MO866] Iteration,3,387,76.216019,0.195312
[MO866] Iteration,2,388,76.409430,0.195356
[MO866] Iteration,0,388,76.409851,0.195310
[MO866] Iteration,1,388,76.411037,0.195317
[MO866] Iteration,3,388,76.411357,0.195315
[MO866] Iteration,2,389,76.604650,0.195162
[MO866] Iteration,0,389,76.605139,0.195269
[MO866] Iteration,1,389,76.606347,0.195270
[MO866] Iteration,3,389,76.606660,0.195281
[MO866] Iteration,2,390,76.800185,0.195466
[MO866] Iteration,0,390,76.800616,0.195459
[MO866] Iteration,1,390,76.801797,0.195412
[MO866] Iteration,3,390,76.802108,0.195427
[MO866] Iteration,2,391,76.995372,0.195123
[MO866] Iteration,0,391,76.996040,0.195403
[MO866] Iteration,1,391,76.997117,0.195283
[MO866] Iteration,3,391,76.997565,0.195437
[MO866] Iteration,2,392,77.190917,0.195478
[MO866] Iteration,0,392,77.191317,0.195256
[MO866] Iteration,1,392,77.192563,0.195410
[MO866] Iteration,3,392,77.192824,0.195239
[MO866] Iteration,2,393,77.386201,0.195221
[MO866] Iteration,0,393,77.386762,0.195425
[MO866] Iteration,1,393,77.387885,0.195282
[MO866] Iteration,3,393,77.388253,0.195407
[MO866] Iteration,2,394,77.581543,0.195285
[MO866] Iteration,0,394,77.582115,0.195332
[MO866] Iteration,1,394,77.583239,0.195312
[MO866] Iteration,3,394,77.583596,0.195320
[MO866] Iteration,2,395,77.776822,0.195221
[MO866] Iteration,0,395,77.777429,0.195295
[MO866] Iteration,1,395,77.778531,0.195254
[MO866] Iteration,3,395,77.778897,0.195279
[MO866] Iteration,2,396,77.972142,0.195261
[MO866] Iteration,0,396,77.972698,0.195251
[MO866] Iteration,1,396,77.973874,0.195306
[MO866] Iteration,3,396,77.974206,0.195286
[MO866] Iteration,2,397,78.167560,0.195354
[MO866] Iteration,0,397,78.168212,0.195493
[MO866] Iteration,1,397,78.169305,0.195396
[MO866] Iteration,3,397,78.169708,0.195481
[MO866] Iteration,2,398,78.363026,0.195400
[MO866] Iteration,0,398,78.363623,0.195389
[MO866] Iteration,1,398,78.364743,0.195404
[MO866] Iteration,3,398,78.365147,0.195419
[MO866] Iteration,2,399,78.558451,0.195365
[MO866] Iteration,0,399,78.559090,0.195447
 Time step  400
[MO866] Iteration,1,399,78.560180,0.195397
[MO866] Iteration,3,399,78.560557,0.195390
[MO866] Iteration,2,400,78.753994,0.195483
[MO866] Iteration,0,400,78.754416,0.195303
[MO866] Iteration,1,400,78.755441,0.195222
[MO866] Iteration,3,400,78.755747,0.195169
 Verification being performed for class B
 accuracy setting for epsilon =  0.1000000000000E-07
 Comparison of RMS-norms of residual
           1 0.6903293579998E+02 0.6903293579998E+02 0.5661044255750E-13
           2 0.3095134488084E+02 0.3095134488084E+02 0.8861311101644E-13
           3 0.4103336647017E+02 0.4103336647017E+02 0.1163649876931E-12
           4 0.3864769009604E+02 0.3864769009604E+02 0.3051931275661E-13
[MO866] PI avg,2,0.195828,400
[MO866] Beta,2,0.000912
[MO866] Total time,2,78.825411
[MO866] PI avg,1,0.195854,400
[MO866] Beta,1,0.000893
[MO866] Total time,1,78.825427
[MO866] PI avg,3,0.195871,400
[MO866] Beta,3,0.000889
[MO866] Total time,3,78.825431
           5 0.5643482272596E+02 0.5643482272596E+02 0.5590182788549E-13
 Comparison of RMS-norms of solution error
           1 0.9810006190188E-02 0.9810006190188E-02 0.4792148474482E-13
           2 0.1022827905670E-02 0.1022827905670E-02 0.3962296783540E-12
           3 0.1720597911692E-02 0.1720597911692E-02 0.1548862126276E-12
           4 0.1694479428231E-02 0.1694479428231E-02 0.1122286041870E-12
           5 0.1847456263981E-01 0.1847456263981E-01 0.7624513174985E-13
 Verification Successful


 SP Benchmark Completed.
 Class           =                        B
 Size            =            102x 102x 102
 Iterations      =                      400
 Time in seconds =                    78.36
 Total processes =                        8
 Active procs    =                        4
 Mop/s total     =                  4530.68
 Mop/s/process   =                   566.33
 Operation type  =           floating point
 Verification    =               SUCCESSFUL
 Version         =                      3.4
 Compile date    =              15 Jun 2020

 Compile options:
    MPIFC        = mpif90
    FLINK        = $(MPIFC)
    FMPI_LIB     = (none)
    FMPI_INC     = (none)
    FFLAGS       = -O3
    FLINKFLAGS   = $(FFLAGS) -O ../kernel_stats/kernel_stats.o...
    RAND         = (none)


 Please send feedbacks and/or the results of this run to:

 NPB Development Team 
 Internet: npb@nas.nasa.gov


[MO866] PI avg,0,0.195869,400
[MO866] Beta,0,0.000911
[MO866] Total time,0,78.825768
