--------------------------------------------------------------------------
[[34862,1],1]: A high-performance Open MPI point-to-point messaging module
was unable to find any relevant network interfaces:

Module: OpenFabrics (openib)
  Host: node06

Another transport will be used instead, although this may result in
lower performance.

NOTE: You can disable this warning by setting the MCA parameter
btl_base_warn_component_unused to 0.
--------------------------------------------------------------------------


 NAS Parallel Benchmarks 3.4 -- SP Benchmark

[MO866] Total time,1,0.000001
 No input file inputsp.data. Using compiled defaults
 Size:  102x 102x 102  (class B)
 Iterations:  400    dt:   0.0010000
 WARNING: Number of active processes:     1
 Total number of processes:     2

[MO866] Init time,0,1.396493
 Time step    1
[MO866] Iteration,0,1,1.968419,0.571890
[MO866] Iteration,0,2,2.562576,0.594117
[MO866] Iteration,0,3,3.132780,0.570162
[MO866] Iteration,0,4,3.725507,0.592688
[MO866] Iteration,0,5,4.280150,0.554604
[MO866] Iteration,0,6,4.841338,0.561159
[MO866] Iteration,0,7,5.435187,0.593811
[MO866] Iteration,0,8,5.990035,0.554807
[MO866] Iteration,0,9,6.549223,0.559156
[MO866] Iteration,0,10,7.092765,0.543504
[MO866] Iteration,0,11,7.694316,0.601524
[MO866] Iteration,0,12,8.250695,0.556339
[MO866] Iteration,0,13,8.808746,0.558019
[MO866] Iteration,0,14,9.351929,0.543144
[MO866] Iteration,0,15,9.893169,0.541210
[MO866] Iteration,0,16,10.489985,0.596787
[MO866] Iteration,0,17,11.050874,0.560851
[MO866] Iteration,0,18,11.593835,0.542932
[MO866] Iteration,0,19,12.152393,0.558526
 Time step   20
[MO866] Iteration,0,20,12.694184,0.541753
[MO866] Iteration,0,21,13.236368,0.542151
[MO866] Iteration,0,22,13.830936,0.594540
[MO866] Iteration,0,23,14.384016,0.553039
[MO866] Iteration,0,24,14.925498,0.541453
[MO866] Iteration,0,25,15.484940,0.559412
[MO866] Iteration,0,26,16.028461,0.543482
[MO866] Iteration,0,27,16.570217,0.541728
[MO866] Iteration,0,28,17.112168,0.541919
[MO866] Iteration,0,29,17.707233,0.595038
[MO866] Iteration,0,30,18.260399,0.553125
[MO866] Iteration,0,31,18.801989,0.541560
[MO866] Iteration,0,32,19.343973,0.541951
[MO866] Iteration,0,33,19.902098,0.558084
[MO866] Iteration,0,34,20.441027,0.538890
[MO866] Iteration,0,35,20.979140,0.538083
[MO866] Iteration,0,36,21.517011,0.537839
[MO866] Iteration,0,37,22.055301,0.538263
[MO866] Iteration,0,38,22.649227,0.593894
[MO866] Iteration,0,39,23.205223,0.555959
 Time step   40
[MO866] Iteration,0,40,23.743138,0.537884
[MO866] Iteration,0,41,24.280989,0.537818
[MO866] Iteration,0,42,24.819039,0.538020
[MO866] Iteration,0,43,25.375338,0.556266
[MO866] Iteration,0,44,25.915143,0.539765
[MO866] Iteration,0,45,26.453299,0.538124
[MO866] Iteration,0,46,26.991240,0.537911
[MO866] Iteration,0,47,27.529141,0.537868
[MO866] Iteration,0,48,28.073107,0.543936
[MO866] Iteration,0,49,28.669189,0.596051
[MO866] Iteration,0,50,29.225127,0.555900
[MO866] Iteration,0,51,29.763145,0.537989
[MO866] Iteration,0,52,30.301034,0.537856
[MO866] Iteration,0,53,30.839122,0.538060
[MO866] Iteration,0,54,31.377080,0.537926
[MO866] Iteration,0,55,31.930189,0.553080
[MO866] Iteration,0,56,32.469838,0.539609
[MO866] Iteration,0,57,33.007823,0.537954
[MO866] Iteration,0,58,33.545898,0.538048
[MO866] Iteration,0,59,34.083824,0.537895
 Time step   60
[MO866] Iteration,0,60,34.622518,0.538665
[MO866] Iteration,0,61,35.160473,0.537922
[MO866] Iteration,0,62,35.750310,0.589808
[MO866] Iteration,0,63,36.299949,0.549599
[MO866] Iteration,0,64,36.838264,0.538286
[MO866] Iteration,0,65,37.376491,0.538195
[MO866] Iteration,0,66,37.915244,0.538724
[MO866] Iteration,0,67,38.452964,0.537687
[MO866] Iteration,0,68,38.990946,0.537953
[MO866] Iteration,0,69,39.545680,0.554701
[MO866] Iteration,0,70,40.084998,0.539279
[MO866] Iteration,0,71,40.624321,0.539293
[MO866] Iteration,0,72,41.162592,0.538243
[MO866] Iteration,0,73,41.700646,0.538022
[MO866] Iteration,0,74,42.240170,0.539495
[MO866] Iteration,0,75,42.778521,0.538323
[MO866] Iteration,0,76,43.316353,0.537800
[MO866] Iteration,0,77,43.854812,0.538430
[MO866] Iteration,0,78,44.445391,0.590548
[MO866] Iteration,0,79,44.995102,0.549672
 Time step   80
[MO866] Iteration,0,80,45.533161,0.538025
[MO866] Iteration,0,81,46.071092,0.537900
[MO866] Iteration,0,82,46.610124,0.539000
[MO866] Iteration,0,83,47.148288,0.538134
[MO866] Iteration,0,84,47.686616,0.538301
[MO866] Iteration,0,85,48.224551,0.537902
[MO866] Iteration,0,86,48.762626,0.538047
[MO866] Iteration,0,87,49.318027,0.555368
[MO866] Iteration,0,88,49.857676,0.539611
[MO866] Iteration,0,89,50.395713,0.538005
[MO866] Iteration,0,90,50.933777,0.538033
[MO866] Iteration,0,91,51.472062,0.538254
[MO866] Iteration,0,92,52.010380,0.538290
[MO866] Iteration,0,93,52.548711,0.538298
[MO866] Iteration,0,94,53.086707,0.537967
[MO866] Iteration,0,95,53.624517,0.537777
[MO866] Iteration,0,96,54.162724,0.538178
[MO866] Iteration,0,97,54.751055,0.588297
[MO866] Iteration,0,98,55.302669,0.551571
[MO866] Iteration,0,99,55.841226,0.538525
 Time step  100
[MO866] Iteration,0,100,56.379334,0.538078
[MO866] Iteration,0,101,56.917114,0.537746
[MO866] Iteration,0,102,57.455067,0.537923
[MO866] Iteration,0,103,57.992697,0.537597
[MO866] Iteration,0,104,58.530544,0.537818
[MO866] Iteration,0,105,59.075789,0.545213
[MO866] Iteration,0,106,59.615091,0.539274
[MO866] Iteration,0,107,60.153090,0.537967
[MO866] Iteration,0,108,60.711975,0.558855
[MO866] Iteration,0,109,61.255143,0.543127
[MO866] Iteration,0,110,61.797637,0.542461
[MO866] Iteration,0,111,62.339377,0.541707
[MO866] Iteration,0,112,62.880897,0.541487
[MO866] Iteration,0,113,63.422473,0.541547
[MO866] Iteration,0,114,63.964080,0.541574
[MO866] Iteration,0,115,64.505491,0.541382
[MO866] Iteration,0,116,65.047777,0.542255
[MO866] Iteration,0,117,65.589124,0.541318
[MO866] Iteration,0,118,66.130754,0.541601
[MO866] Iteration,0,119,66.672516,0.541730
 Time step  120
[MO866] Iteration,0,120,67.255741,0.583196
[MO866] Iteration,0,121,67.821574,0.565797
[MO866] Iteration,0,122,68.363327,0.541721
[MO866] Iteration,0,123,68.904868,0.541507
[MO866] Iteration,0,124,69.446238,0.541341
[MO866] Iteration,0,125,69.988024,0.541754
[MO866] Iteration,0,126,70.529643,0.541591
[MO866] Iteration,0,127,71.071989,0.542316
[MO866] Iteration,0,128,71.613566,0.541536
[MO866] Iteration,0,129,72.155316,0.541719
[MO866] Iteration,0,130,72.696884,0.541536
[MO866] Iteration,0,131,73.238231,0.541318
[MO866] Iteration,0,132,73.781588,0.543325
[MO866] Iteration,0,133,74.340213,0.558594
[MO866] Iteration,0,134,74.883399,0.543147
[MO866] Iteration,0,135,75.425495,0.542062
[MO866] Iteration,0,136,75.967116,0.541590
[MO866] Iteration,0,137,76.508678,0.541529
[MO866] Iteration,0,138,77.050746,0.542041
[MO866] Iteration,0,139,77.592306,0.541527
 Time step  140
[MO866] Iteration,0,140,78.133669,0.541335
[MO866] Iteration,0,141,78.675585,0.541885
[MO866] Iteration,0,142,79.217142,0.541526
[MO866] Iteration,0,143,79.759958,0.542786
[MO866] Iteration,0,144,80.300435,0.540448
[MO866] Iteration,0,145,80.838564,0.538100
[MO866] Iteration,0,146,81.376647,0.538050
[MO866] Iteration,0,147,81.914635,0.537961
[MO866] Iteration,0,148,82.503931,0.589265
[MO866] Iteration,0,149,83.059376,0.555408
[MO866] Iteration,0,150,83.598805,0.539397
[MO866] Iteration,0,151,84.136866,0.538029
[MO866] Iteration,0,152,84.675101,0.538205
[MO866] Iteration,0,153,85.213043,0.537909
[MO866] Iteration,0,154,85.751446,0.538375
[MO866] Iteration,0,155,86.289275,0.537774
[MO866] Iteration,0,156,86.827272,0.537967
[MO866] Iteration,0,157,87.365056,0.537751
[MO866] Iteration,0,158,87.903177,0.538092
[MO866] Iteration,0,159,88.441105,0.537894
 Time step  160
[MO866] Iteration,0,160,88.980968,0.539833
[MO866] Iteration,0,161,89.519063,0.538065
[MO866] Iteration,0,162,90.056874,0.537780
[MO866] Iteration,0,163,90.611671,0.554769
[MO866] Iteration,0,164,91.150958,0.539246
[MO866] Iteration,0,165,91.688973,0.537982
[MO866] Iteration,0,166,92.227664,0.538662
[MO866] Iteration,0,167,92.765709,0.538015
[MO866] Iteration,0,168,93.303401,0.537661
[MO866] Iteration,0,169,93.841917,0.538483
[MO866] Iteration,0,170,94.379998,0.538049
[MO866] Iteration,0,171,94.918968,0.538941
[MO866] Iteration,0,172,95.456815,0.537815
[MO866] Iteration,0,173,95.994858,0.538015
[MO866] Iteration,0,174,96.533022,0.538132
[MO866] Iteration,0,175,97.070684,0.537632
[MO866] Iteration,0,176,97.608348,0.537631
[MO866] Iteration,0,177,98.146897,0.538524
[MO866] Iteration,0,178,98.684763,0.537833
[MO866] Iteration,0,179,99.222734,0.537943
 Time step  180
[MO866] Iteration,0,180,99.760884,0.538118
[MO866] Iteration,0,181,100.319218,0.558305
[MO866] Iteration,0,182,100.897615,0.578354
[MO866] Iteration,0,183,101.435413,0.537768
[MO866] Iteration,0,184,101.973430,0.537985
[MO866] Iteration,0,185,102.511281,0.537821
[MO866] Iteration,0,186,103.049235,0.537921
[MO866] Iteration,0,187,103.587526,0.538261
[MO866] Iteration,0,188,104.126204,0.538647
[MO866] Iteration,0,189,104.664425,0.538187
[MO866] Iteration,0,190,105.202582,0.538128
[MO866] Iteration,0,191,105.740425,0.537809
[MO866] Iteration,0,192,106.278686,0.538231
[MO866] Iteration,0,193,106.817038,0.538320
[MO866] Iteration,0,194,107.354904,0.537847
[MO866] Iteration,0,195,107.892980,0.538045
[MO866] Iteration,0,196,108.430821,0.537811
[MO866] Iteration,0,197,108.968603,0.537749
[MO866] Iteration,0,198,109.506683,0.538050
[MO866] Iteration,0,199,110.045479,0.538763
 Time step  200
[MO866] Iteration,0,200,110.602075,0.556565
[MO866] Iteration,0,201,111.141135,0.539018
[MO866] Iteration,0,202,111.679086,0.537921
[MO866] Iteration,0,203,112.217192,0.538073
[MO866] Iteration,0,204,112.755427,0.538204
[MO866] Iteration,0,205,113.294355,0.538895
[MO866] Iteration,0,206,113.832669,0.538281
[MO866] Iteration,0,207,114.370871,0.538172
[MO866] Iteration,0,208,114.908706,0.537803
[MO866] Iteration,0,209,115.446997,0.538262
[MO866] Iteration,0,210,115.985453,0.538425
[MO866] Iteration,0,211,116.523534,0.538050
[MO866] Iteration,0,212,117.061691,0.538127
[MO866] Iteration,0,213,117.599546,0.537823
[MO866] Iteration,0,214,118.137672,0.538101
[MO866] Iteration,0,215,118.675777,0.538074
[MO866] Iteration,0,216,119.213703,0.537896
[MO866] Iteration,0,217,119.751904,0.538169
[MO866] Iteration,0,218,120.291103,0.539170
[MO866] Iteration,0,219,120.832695,0.541557
 Time step  220
[MO866] Iteration,0,220,121.374220,0.541497
[MO866] Iteration,0,221,121.915985,0.541731
[MO866] Iteration,0,222,122.509194,0.593168
[MO866] Iteration,0,223,123.060508,0.551276
[MO866] Iteration,0,224,123.602227,0.541689
[MO866] Iteration,0,225,124.144150,0.541890
[MO866] Iteration,0,226,124.685925,0.541748
[MO866] Iteration,0,227,125.227547,0.541589
[MO866] Iteration,0,228,125.769362,0.541783
[MO866] Iteration,0,229,126.311231,0.541838
[MO866] Iteration,0,230,126.852790,0.541526
[MO866] Iteration,0,231,127.394207,0.541387
[MO866] Iteration,0,232,127.936243,0.542004
[MO866] Iteration,0,233,128.477885,0.541613
[MO866] Iteration,0,234,129.019339,0.541422
[MO866] Iteration,0,235,129.561184,0.541812
[MO866] Iteration,0,236,130.103179,0.541964
[MO866] Iteration,0,237,130.644587,0.541374
[MO866] Iteration,0,238,131.185971,0.541356
[MO866] Iteration,0,239,131.728250,0.542248
 Time step  240
[MO866] Iteration,0,240,132.269588,0.541309
[MO866] Iteration,0,241,132.811352,0.541732
[MO866] Iteration,0,242,133.353004,0.541620
[MO866] Iteration,0,243,133.911114,0.558080
[MO866] Iteration,0,244,134.454151,0.542996
[MO866] Iteration,0,245,134.995975,0.541793
[MO866] Iteration,0,246,135.537489,0.541473
[MO866] Iteration,0,247,136.079204,0.541684
[MO866] Iteration,0,248,136.620917,0.541685
[MO866] Iteration,0,249,137.162300,0.541354
[MO866] Iteration,0,250,137.704295,0.541962
[MO866] Iteration,0,251,138.245846,0.541523
[MO866] Iteration,0,252,138.787924,0.542046
[MO866] Iteration,0,253,139.332974,0.545019
[MO866] Iteration,0,254,139.876527,0.543524
[MO866] Iteration,0,255,140.416058,0.539503
[MO866] Iteration,0,256,140.954295,0.538209
[MO866] Iteration,0,257,141.492418,0.538090
[MO866] Iteration,0,258,142.030328,0.537881
[MO866] Iteration,0,259,142.568148,0.537788
 Time step  260
[MO866] Iteration,0,260,143.106287,0.538109
[MO866] Iteration,0,261,143.644377,0.538057
[MO866] Iteration,0,262,144.182828,0.538425
[MO866] Iteration,0,263,144.720860,0.537999
[MO866] Iteration,0,264,145.259042,0.538155
[MO866] Iteration,0,265,145.797241,0.538168
[MO866] Iteration,0,266,146.335342,0.538072
[MO866] Iteration,0,267,146.874363,0.538989
[MO866] Iteration,0,268,147.411850,0.537451
[MO866] Iteration,0,269,147.949046,0.537164
[MO866] Iteration,0,270,148.546421,0.597345
[MO866] Iteration,0,271,149.083802,0.537341
[MO866] Iteration,0,272,149.622083,0.538253
[MO866] Iteration,0,273,150.159519,0.537404
[MO866] Iteration,0,274,150.697151,0.537601
[MO866] Iteration,0,275,151.236476,0.539298
[MO866] Iteration,0,276,151.777588,0.541084
[MO866] Iteration,0,277,152.315198,0.537579
[MO866] Iteration,0,278,152.853098,0.537867
[MO866] Iteration,0,279,153.390834,0.537706
 Time step  280
[MO866] Iteration,0,280,153.928110,0.537244
[MO866] Iteration,0,281,154.465685,0.537546
[MO866] Iteration,0,282,155.003037,0.537320
[MO866] Iteration,0,283,155.540243,0.537171
[MO866] Iteration,0,284,156.078183,0.537911
[MO866] Iteration,0,285,156.615768,0.537552
[MO866] Iteration,0,286,157.152935,0.537137
[MO866] Iteration,0,287,157.690519,0.537554
[MO866] Iteration,0,288,158.227960,0.537407
[MO866] Iteration,0,289,158.765690,0.537700
[MO866] Iteration,0,290,159.303312,0.537590
[MO866] Iteration,0,291,159.840632,0.537287
[MO866] Iteration,0,292,160.378297,0.537636
[MO866] Iteration,0,293,160.915358,0.537029
[MO866] Iteration,0,294,161.452509,0.537118
[MO866] Iteration,0,295,161.990442,0.537904
[MO866] Iteration,0,296,162.544538,0.554063
[MO866] Iteration,0,297,163.083572,0.538996
[MO866] Iteration,0,298,163.621276,0.537673
[MO866] Iteration,0,299,164.158972,0.537666
 Time step  300
[MO866] Iteration,0,300,164.697204,0.538199
[MO866] Iteration,0,301,165.234725,0.537490
[MO866] Iteration,0,302,165.772245,0.537487
[MO866] Iteration,0,303,166.309389,0.537115
[MO866] Iteration,0,304,166.847017,0.537598
[MO866] Iteration,0,305,167.384407,0.537357
[MO866] Iteration,0,306,167.922604,0.538158
[MO866] Iteration,0,307,168.460131,0.537494
[MO866] Iteration,0,308,168.997506,0.537345
[MO866] Iteration,0,309,169.534943,0.537406
[MO866] Iteration,0,310,170.072487,0.537511
[MO866] Iteration,0,311,170.610505,0.537990
[MO866] Iteration,0,312,171.148695,0.538157
[MO866] Iteration,0,313,171.686973,0.538249
[MO866] Iteration,0,314,172.224937,0.537932
[MO866] Iteration,0,315,172.762869,0.537903
[MO866] Iteration,0,316,173.300622,0.537720
[MO866] Iteration,0,317,173.841868,0.541217
[MO866] Iteration,0,318,174.383752,0.541854
[MO866] Iteration,0,319,174.921650,0.537869
 Time step  320
[MO866] Iteration,0,320,175.459686,0.538003
[MO866] Iteration,0,321,175.998180,0.538462
[MO866] Iteration,0,322,176.536189,0.537977
[MO866] Iteration,0,323,177.074701,0.538483
[MO866] Iteration,0,324,177.612573,0.537839
[MO866] Iteration,0,325,178.150523,0.537921
[MO866] Iteration,0,326,178.688412,0.537856
[MO866] Iteration,0,327,179.277403,0.588962
[MO866] Iteration,0,328,179.830104,0.552661
[MO866] Iteration,0,329,180.369449,0.539312
[MO866] Iteration,0,330,180.910911,0.541430
[MO866] Iteration,0,331,181.452561,0.541617
[MO866] Iteration,0,332,181.994047,0.541461
[MO866] Iteration,0,333,182.535804,0.541725
[MO866] Iteration,0,334,183.077718,0.541885
[MO866] Iteration,0,335,183.619391,0.541643
[MO866] Iteration,0,336,184.161540,0.542115
[MO866] Iteration,0,337,184.703340,0.541769
[MO866] Iteration,0,338,185.245046,0.541673
[MO866] Iteration,0,339,185.787526,0.542449
 Time step  340
[MO866] Iteration,0,340,186.329121,0.541564
[MO866] Iteration,0,341,186.870632,0.541480
[MO866] Iteration,0,342,187.412384,0.541719
[MO866] Iteration,0,343,187.953904,0.541491
[MO866] Iteration,0,344,188.495701,0.541765
[MO866] Iteration,0,345,189.037882,0.542151
[MO866] Iteration,0,346,189.579663,0.541749
[MO866] Iteration,0,347,190.121125,0.541433
[MO866] Iteration,0,348,190.662626,0.541472
[MO866] Iteration,0,349,191.204304,0.541645
[MO866] Iteration,0,350,191.745927,0.541593
[MO866] Iteration,0,351,192.288269,0.542316
[MO866] Iteration,0,352,192.829638,0.541340
[MO866] Iteration,0,353,193.371619,0.541949
[MO866] Iteration,0,354,193.913101,0.541450
[MO866] Iteration,0,355,194.454266,0.541135
[MO866] Iteration,0,356,195.001478,0.547179
[MO866] Iteration,0,357,195.544945,0.543436
[MO866] Iteration,0,358,196.086465,0.541490
[MO866] Iteration,0,359,196.646206,0.559708
 Time step  360
[MO866] Iteration,0,360,197.189283,0.543037
[MO866] Iteration,0,361,197.730689,0.541375
[MO866] Iteration,0,362,198.273106,0.542385
[MO866] Iteration,0,363,198.814399,0.541262
[MO866] Iteration,0,364,199.356069,0.541637
[MO866] Iteration,0,365,199.897630,0.541533
[MO866] Iteration,0,366,200.437549,0.539887
[MO866] Iteration,0,367,200.975751,0.538170
[MO866] Iteration,0,368,201.513877,0.538096
[MO866] Iteration,0,369,202.051842,0.537933
[MO866] Iteration,0,370,202.589796,0.537925
[MO866] Iteration,0,371,203.127704,0.537876
[MO866] Iteration,0,372,203.666092,0.538356
[MO866] Iteration,0,373,204.204898,0.538773
[MO866] Iteration,0,374,204.743115,0.538188
[MO866] Iteration,0,375,205.280928,0.537781
[MO866] Iteration,0,376,205.819235,0.538277
[MO866] Iteration,0,377,206.357095,0.537827
[MO866] Iteration,0,378,206.895576,0.538449
[MO866] Iteration,0,379,207.433337,0.537729
 Time step  380
[MO866] Iteration,0,380,207.971373,0.538004
[MO866] Iteration,0,381,208.509404,0.537997
[MO866] Iteration,0,382,209.047333,0.537898
[MO866] Iteration,0,383,209.584978,0.537611
[MO866] Iteration,0,384,210.123248,0.538241
[MO866] Iteration,0,385,210.661249,0.537969
[MO866] Iteration,0,386,211.199209,0.537930
[MO866] Iteration,0,387,211.737281,0.538039
[MO866] Iteration,0,388,212.275323,0.538010
[MO866] Iteration,0,389,212.813110,0.537753
[MO866] Iteration,0,390,213.351584,0.538444
[MO866] Iteration,0,391,213.889563,0.537949
[MO866] Iteration,0,392,214.427634,0.538041
[MO866] Iteration,0,393,214.966244,0.538579
[MO866] Iteration,0,394,215.504282,0.538006
[MO866] Iteration,0,395,216.043152,0.538841
[MO866] Iteration,0,396,216.581204,0.538018
[MO866] Iteration,0,397,217.170801,0.589568
[MO866] Iteration,0,398,217.718855,0.548012
[MO866] Iteration,0,399,218.256974,0.538085
 Time step  400
[MO866] Iteration,0,400,218.794748,0.537744
 Verification being performed for class B
 accuracy setting for epsilon =  0.1000000000000E-07
 Comparison of RMS-norms of residual
           1 0.6903293579998E+02 0.6903293579998E+02 0.5558116178373E-13
           2 0.3095134488084E+02 0.3095134488084E+02 0.8413654193659E-13
           3 0.4103336647017E+02 0.4103336647017E+02 0.1097848246986E-12
           4 0.3864769009604E+02 0.3864769009604E+02 0.3107086660161E-13
           5 0.5643482272596E+02 0.5643482272596E+02 0.5489458774341E-13
 Comparison of RMS-norms of solution error
           1 0.9810006190188E-02 0.9810006190188E-02 0.4208602719287E-13
           2 0.1022827905670E-02 0.1022827905670E-02 0.3987736891299E-12
           3 0.1720597911692E-02 0.1720597911692E-02 0.1480807972640E-12
           4 0.1694479428231E-02 0.1694479428231E-02 0.8317969523552E-13
           5 0.1847456263981E-01 0.1847456263981E-01 0.7417937694875E-13
 Verification Successful


 SP Benchmark Completed.
 Class           =                        B
 Size            =            102x 102x 102
 Iterations      =                      400
 Time in seconds =                   217.40
 Total processes =                        2
 Active procs    =                        1
 Mop/s total     =                  1633.00
 Mop/s/process   =                   816.50
 Operation type  =           floating point
 Verification    =               SUCCESSFUL
 Version         =                      3.4
 Compile date    =              15 Jun 2020

 Compile options:
    MPIFC        = mpif90
    FLINK        = $(MPIFC)
    FMPI_LIB     = (none)
    FMPI_INC     = (none)
    FFLAGS       = -O3
    FLINKFLAGS   = $(FFLAGS) -O ../kernel_stats/kernel_stats.o...
    RAND         = (none)


 Please send feedbacks and/or the results of this run to:

 NPB Development Team 
 Internet: npb@nas.nasa.gov


[MO866] PI avg,0,0.543464,400
[MO866] Beta,0,0.000862
[MO866] Total time,0,218.982038
