--------------------------------------------------------------------------
[[34874,1],0]: A high-performance Open MPI point-to-point messaging module
was unable to find any relevant network interfaces:

Module: OpenFabrics (openib)
  Host: node06

Another transport will be used instead, although this may result in
lower performance.

NOTE: You can disable this warning by setting the MCA parameter
btl_base_warn_component_unused to 0.
--------------------------------------------------------------------------


 NAS Parallel Benchmarks 3.4 -- SP Benchmark

 No input file inputsp.data. Using compiled defaults
 Size:  102x 102x 102  (class B)
 Iterations:  400    dt:   0.0010000
 Total number of processes:     4

[MO866] Init time,1,0.427375
[MO866] Init time,2,0.427364
[MO866] Init time,3,0.427374
[MO866] Init time,0,0.427367
 Time step    1
[MO866] Iteration,2,1,0.622555,0.195156
[MO866] Iteration,0,1,0.622675,0.195273
[MO866] Iteration,1,1,0.624206,0.196778
[MO866] Iteration,3,1,0.624316,0.196889
[MO866] Iteration,2,2,0.818968,0.196352
[MO866] Iteration,0,2,0.819229,0.196531
[MO866] Iteration,1,2,0.820604,0.196359
[MO866] Iteration,3,2,0.820743,0.196407
[MO866] Iteration,1,3,1.031275,0.210631
[MO866] Iteration,3,3,1.031764,0.210999
[MO866] Iteration,2,3,1.032749,0.213722
[MO866] Iteration,0,3,1.032869,0.213621
[MO866] Iteration,2,4,1.227775,0.194979
[MO866] Iteration,0,4,1.228144,0.195247
[MO866] Iteration,1,4,1.229407,0.198075
[MO866] Iteration,3,4,1.229631,0.197842
[MO866] Iteration,2,5,1.422322,0.194490
[MO866] Iteration,0,5,1.422766,0.194601
[MO866] Iteration,1,5,1.424011,0.194562
[MO866] Iteration,3,5,1.424258,0.194605
[MO866] Iteration,2,6,1.616832,0.194420
[MO866] Iteration,0,6,1.617233,0.194447
[MO866] Iteration,1,6,1.618513,0.194464
[MO866] Iteration,3,6,1.618771,0.194492
[MO866] Iteration,2,7,1.811705,0.194796
[MO866] Iteration,0,7,1.812100,0.194844
[MO866] Iteration,1,7,1.813370,0.194822
[MO866] Iteration,3,7,1.813635,0.194844
[MO866] Iteration,2,8,2.006478,0.194715
[MO866] Iteration,0,8,2.006792,0.194668
[MO866] Iteration,1,8,2.008112,0.194703
[MO866] Iteration,3,8,2.008306,0.194649
[MO866] Iteration,2,9,2.201019,0.194481
[MO866] Iteration,0,9,2.201552,0.194740
[MO866] Iteration,1,9,2.202736,0.194568
[MO866] Iteration,3,9,2.203088,0.194753
[MO866] Iteration,2,10,2.395611,0.194516
[MO866] Iteration,0,10,2.395986,0.194410
[MO866] Iteration,1,10,2.397315,0.194544
[MO866] Iteration,3,10,2.397527,0.194420
[MO866] Iteration,2,11,2.590333,0.194666
[MO866] Iteration,0,11,2.590728,0.194706
[MO866] Iteration,1,11,2.591998,0.194647
[MO866] Iteration,3,11,2.592232,0.194683
[MO866] Iteration,2,12,2.784589,0.194179
[MO866] Iteration,0,12,2.784977,0.194227
[MO866] Iteration,1,12,2.786244,0.194210
[MO866] Iteration,3,12,2.786471,0.194218
[MO866] Iteration,2,13,2.978479,0.193825
[MO866] Iteration,1,13,2.979925,0.193642
[MO866] Iteration,3,13,2.980220,0.193730
[MO866] Iteration,0,13,2.981604,0.196605
[MO866] Iteration,2,14,3.178702,0.200178
[MO866] Iteration,0,14,3.179169,0.197536
[MO866] Iteration,1,14,3.180364,0.200402
[MO866] Iteration,3,14,3.180634,0.200391
[MO866] Iteration,2,15,3.372775,0.193982
[MO866] Iteration,0,15,3.373202,0.194014
[MO866] Iteration,1,15,3.374422,0.194020
[MO866] Iteration,3,15,3.374708,0.194052
[MO866] Iteration,2,16,3.566929,0.194090
[MO866] Iteration,0,16,3.567354,0.194128
[MO866] Iteration,1,16,3.568586,0.194130
[MO866] Iteration,3,16,3.568774,0.194047
[MO866] Iteration,2,17,3.761013,0.194030
[MO866] Iteration,0,17,3.761321,0.193946
[MO866] Iteration,1,17,3.762650,0.194025
[MO866] Iteration,3,17,3.762824,0.194027
[MO866] Iteration,2,18,3.954777,0.193702
[MO866] Iteration,0,18,3.955123,0.193779
[MO866] Iteration,1,18,3.956409,0.193725
[MO866] Iteration,3,18,3.956583,0.193741
[MO866] Iteration,2,19,4.166361,0.211526
[MO866] Iteration,0,19,4.166744,0.211603
 Time step   20
[MO866] Iteration,1,19,4.168911,0.212465
[MO866] Iteration,3,19,4.169756,0.213151
[MO866] Iteration,2,20,4.362933,0.196507
[MO866] Iteration,0,20,4.363209,0.196447
[MO866] Iteration,1,20,4.364505,0.195534
[MO866] Iteration,3,20,4.364699,0.194908
[MO866] Iteration,2,21,4.557076,0.194088
[MO866] Iteration,0,21,4.557426,0.194196
[MO866] Iteration,1,21,4.558741,0.194197
[MO866] Iteration,3,21,4.558963,0.194242
[MO866] Iteration,2,22,4.751200,0.194054
[MO866] Iteration,0,22,4.751459,0.194009
[MO866] Iteration,1,22,4.752860,0.194087
[MO866] Iteration,3,22,4.752985,0.194003
[MO866] Iteration,2,23,4.945352,0.194095
[MO866] Iteration,0,23,4.945626,0.194146
[MO866] Iteration,1,23,4.946944,0.194044
[MO866] Iteration,3,23,4.947138,0.194131
[MO866] Iteration,2,24,5.139302,0.193884
[MO866] Iteration,0,24,5.139749,0.194101
[MO866] Iteration,1,24,5.140945,0.193966
[MO866] Iteration,3,24,5.141203,0.194045
[MO866] Iteration,2,25,5.333362,0.194004
[MO866] Iteration,0,25,5.333709,0.193940
[MO866] Iteration,1,25,5.335010,0.194025
[MO866] Iteration,3,25,5.335201,0.193976
[MO866] Iteration,1,26,5.528993,0.193948
[MO866] Iteration,3,26,5.529304,0.194083
[MO866] Iteration,2,26,5.531392,0.197966
[MO866] Iteration,0,26,5.531368,0.197635
[MO866] Iteration,2,27,5.724057,0.192641
[MO866] Iteration,0,27,5.724440,0.193030
[MO866] Iteration,1,27,5.725654,0.196584
[MO866] Iteration,3,27,5.725924,0.196596
[MO866] Iteration,2,28,5.918237,0.194120
[MO866] Iteration,0,28,5.918538,0.194077
[MO866] Iteration,1,28,5.919864,0.194170
[MO866] Iteration,3,28,5.920068,0.194123
[MO866] Iteration,2,29,6.112124,0.193823
[MO866] Iteration,0,29,6.112587,0.194028
[MO866] Iteration,1,29,6.113735,0.193834
[MO866] Iteration,3,29,6.114023,0.193934
[MO866] Iteration,2,30,6.307341,0.195158
[MO866] Iteration,0,30,6.307640,0.195029
[MO866] Iteration,1,30,6.308911,0.195135
[MO866] Iteration,3,30,6.309145,0.195101
[MO866] Iteration,2,31,6.501513,0.194115
[MO866] Iteration,0,31,6.501875,0.194213
[MO866] Iteration,1,31,6.503233,0.194283
[MO866] Iteration,3,31,6.503421,0.194254
[MO866] Iteration,2,32,6.696040,0.194454
[MO866] Iteration,0,32,6.696541,0.194643
[MO866] Iteration,1,32,6.697728,0.194460
[MO866] Iteration,3,32,6.698012,0.194572
[MO866] Iteration,2,33,6.891102,0.195001
[MO866] Iteration,0,33,6.891538,0.194975
[MO866] Iteration,1,33,6.892770,0.195003
[MO866] Iteration,3,33,6.893039,0.195006
[MO866] Iteration,2,34,7.085467,0.194299
[MO866] Iteration,0,34,7.085818,0.194259
[MO866] Iteration,1,34,7.087176,0.194367
[MO866] Iteration,3,34,7.087401,0.194341
[MO866] Iteration,2,35,7.280408,0.194872
[MO866] Iteration,0,35,7.280798,0.194953
[MO866] Iteration,1,35,7.282133,0.194923
[MO866] Iteration,3,35,7.282310,0.194889
[MO866] Iteration,2,36,7.475389,0.194905
[MO866] Iteration,0,36,7.475614,0.194778
[MO866] Iteration,1,36,7.476996,0.194827
[MO866] Iteration,3,36,7.477141,0.194811
[MO866] Iteration,2,37,7.669727,0.194280
[MO866] Iteration,0,37,7.670179,0.194543
[MO866] Iteration,1,37,7.671466,0.194430
[MO866] Iteration,3,37,7.671691,0.194528
[MO866] Iteration,2,38,7.864188,0.194381
[MO866] Iteration,0,38,7.864679,0.194476
[MO866] Iteration,1,38,7.865853,0.194351
[MO866] Iteration,3,38,7.866155,0.194443
[MO866] Iteration,2,39,8.070920,0.206660
[MO866] Iteration,0,39,8.074515,0.209814
 Time step   40
[MO866] Iteration,1,39,8.077067,0.211174
[MO866] Iteration,3,39,8.080102,0.213924
[MO866] Iteration,2,40,8.275303,0.204335
[MO866] Iteration,1,40,8.276806,0.199693
[MO866] Iteration,3,40,8.277056,0.196921
[MO866] Iteration,0,40,8.279524,0.204968
[MO866] Iteration,2,41,8.475141,0.199792
[MO866] Iteration,0,41,8.475551,0.195991
[MO866] Iteration,1,41,8.476794,0.199946
[MO866] Iteration,3,41,8.477049,0.199970
[MO866] Iteration,2,42,8.669854,0.194634
[MO866] Iteration,0,42,8.670241,0.194668
[MO866] Iteration,1,42,8.671558,0.194725
[MO866] Iteration,3,42,8.671801,0.194730
[MO866] Iteration,0,43,8.864785,0.194521
[MO866] Iteration,2,43,8.864747,0.194825
[MO866] Iteration,1,43,8.866305,0.194711
[MO866] Iteration,3,43,8.866425,0.194604
[MO866] Iteration,2,44,9.059167,0.194362
[MO866] Iteration,0,44,9.059425,0.194617
[MO866] Iteration,1,44,9.060766,0.194421
[MO866] Iteration,3,44,9.060964,0.194520
[MO866] Iteration,2,45,9.253679,0.194443
[MO866] Iteration,0,45,9.254044,0.194598
[MO866] Iteration,1,45,9.255368,0.194564
[MO866] Iteration,3,45,9.255600,0.194615
[MO866] Iteration,2,46,9.448259,0.194498
[MO866] Iteration,0,46,9.448639,0.194572
[MO866] Iteration,1,46,9.449939,0.194535
[MO866] Iteration,3,46,9.450132,0.194513
[MO866] Iteration,2,47,9.642937,0.194613
[MO866] Iteration,0,47,9.643367,0.194705
[MO866] Iteration,1,47,9.644598,0.194619
[MO866] Iteration,3,47,9.644849,0.194696
[MO866] Iteration,2,48,9.837383,0.194390
[MO866] Iteration,0,48,9.837796,0.194409
[MO866] Iteration,1,48,9.839095,0.194459
[MO866] Iteration,3,48,9.839320,0.194448
[MO866] Iteration,2,49,10.032216,0.194765
[MO866] Iteration,0,49,10.032593,0.194774
[MO866] Iteration,1,49,10.033911,0.194781
[MO866] Iteration,3,49,10.034067,0.194727
[MO866] Iteration,2,50,10.226895,0.194613
[MO866] Iteration,0,50,10.227412,0.194797
[MO866] Iteration,1,50,10.228587,0.194636
[MO866] Iteration,3,50,10.228858,0.194769
[MO866] Iteration,2,51,10.421609,0.194654
[MO866] Iteration,0,51,10.422027,0.194594
[MO866] Iteration,1,51,10.423344,0.194718
[MO866] Iteration,3,51,10.423554,0.194675
[MO866] Iteration,2,52,10.616413,0.194722
[MO866] Iteration,0,52,10.616947,0.194896
[MO866] Iteration,1,52,10.618110,0.194729
[MO866] Iteration,3,52,10.618414,0.194839
[MO866] Iteration,2,53,10.811621,0.195145
[MO866] Iteration,0,53,10.811954,0.194981
[MO866] Iteration,1,53,10.813219,0.195068
[MO866] Iteration,3,53,10.813430,0.194997
[MO866] Iteration,2,54,11.006428,0.194752
[MO866] Iteration,0,54,11.006651,0.194676
[MO866] Iteration,1,54,11.008042,0.194784
[MO866] Iteration,3,54,11.008198,0.194747
[MO866] Iteration,2,55,11.200992,0.194504
[MO866] Iteration,0,55,11.201508,0.194834
[MO866] Iteration,1,55,11.202734,0.194652
[MO866] Iteration,3,55,11.203012,0.194792
[MO866] Iteration,2,56,11.395675,0.194616
[MO866] Iteration,0,56,11.396002,0.194470
[MO866] Iteration,1,56,11.397368,0.194598
[MO866] Iteration,3,56,11.397499,0.194467
[MO866] Iteration,2,57,11.590633,0.194897
[MO866] Iteration,0,57,11.591028,0.195004
[MO866] Iteration,1,57,11.592328,0.194918
[MO866] Iteration,3,57,11.592578,0.195057
[MO866] Iteration,1,58,11.786282,0.193915
[MO866] Iteration,3,58,11.786534,0.193933
[MO866] Iteration,0,58,11.790507,0.199458
[MO866] Iteration,2,58,11.791950,0.201253
[MO866] Iteration,2,59,11.983294,0.191320
[MO866] Iteration,0,59,11.983621,0.193066
 Time step   60
[MO866] Iteration,1,59,11.984894,0.198537
[MO866] Iteration,3,59,11.985058,0.198503
[MO866] Iteration,2,60,12.177683,0.194331
[MO866] Iteration,0,60,12.178142,0.194502
[MO866] Iteration,1,60,12.179367,0.194434
[MO866] Iteration,3,60,12.179611,0.194532
[MO866] Iteration,2,61,12.371833,0.194088
[MO866] Iteration,0,61,12.372182,0.194016
[MO866] Iteration,1,61,12.373417,0.194017
[MO866] Iteration,3,61,12.373663,0.194031
[MO866] Iteration,2,62,12.566129,0.194239
[MO866] Iteration,0,62,12.566466,0.194260
[MO866] Iteration,1,62,12.567756,0.194299
[MO866] Iteration,3,62,12.567964,0.194279
[MO866] Iteration,2,63,12.760168,0.193977
[MO866] Iteration,0,63,12.760499,0.194011
[MO866] Iteration,1,63,12.761760,0.193966
[MO866] Iteration,3,63,12.761975,0.193991
[MO866] Iteration,2,64,12.954006,0.193781
[MO866] Iteration,0,64,12.954389,0.193867
[MO866] Iteration,1,64,12.955650,0.193850
[MO866] Iteration,3,64,12.955874,0.193877
[MO866] Iteration,2,65,13.148233,0.194160
[MO866] Iteration,0,65,13.148610,0.194202
[MO866] Iteration,1,65,13.149848,0.194161
[MO866] Iteration,3,65,13.150061,0.194166
[MO866] Iteration,2,66,13.343114,0.194821
[MO866] Iteration,0,66,13.343418,0.194787
[MO866] Iteration,1,66,13.344686,0.194798
[MO866] Iteration,3,66,13.344909,0.194826
[MO866] Iteration,2,67,13.537082,0.193910
[MO866] Iteration,0,67,13.537366,0.193928
[MO866] Iteration,1,67,13.538692,0.193967
[MO866] Iteration,3,67,13.538903,0.193972
[MO866] Iteration,2,68,13.731495,0.194349
[MO866] Iteration,0,68,13.731784,0.194394
[MO866] Iteration,1,68,13.733083,0.194355
[MO866] Iteration,3,68,13.733246,0.194324
[MO866] Iteration,2,69,13.925628,0.194074
[MO866] Iteration,0,69,13.926053,0.194245
[MO866] Iteration,1,69,13.927344,0.194221
[MO866] Iteration,3,69,13.927604,0.194336
[MO866] Iteration,2,70,14.120265,0.194571
[MO866] Iteration,0,70,14.120659,0.194582
[MO866] Iteration,1,70,14.121905,0.194524
[MO866] Iteration,3,70,14.122138,0.194514
[MO866] Iteration,2,71,14.314880,0.194552
[MO866] Iteration,0,71,14.315372,0.194690
[MO866] Iteration,1,71,14.316571,0.194625
[MO866] Iteration,3,71,14.316835,0.194675
[MO866] Iteration,2,72,14.509689,0.194750
[MO866] Iteration,0,72,14.509971,0.194577
[MO866] Iteration,1,72,14.511392,0.194783
[MO866] Iteration,3,72,14.511538,0.194682
[MO866] Iteration,2,73,14.704265,0.194507
[MO866] Iteration,0,73,14.704629,0.194632
[MO866] Iteration,1,73,14.705931,0.194502
[MO866] Iteration,3,73,14.706095,0.194536
[MO866] Iteration,2,74,14.898853,0.194522
[MO866] Iteration,0,74,14.899183,0.194530
[MO866] Iteration,1,74,14.900470,0.194499
[MO866] Iteration,3,74,14.900668,0.194551
[MO866] Iteration,2,75,15.093217,0.194305
[MO866] Iteration,0,75,15.093625,0.194422
[MO866] Iteration,1,75,15.094929,0.194418
[MO866] Iteration,3,75,15.095140,0.194450
[MO866] Iteration,2,76,15.288177,0.194880
[MO866] Iteration,0,76,15.288561,0.194913
[MO866] Iteration,1,76,15.289858,0.194884
[MO866] Iteration,3,76,15.290108,0.194949
[MO866] Iteration,2,77,15.483568,0.195325
[MO866] Iteration,0,77,15.483819,0.195235
[MO866] Iteration,1,77,15.485157,0.195259
[MO866] Iteration,3,77,15.485331,0.195202
[MO866] Iteration,2,78,15.677938,0.194314
[MO866] Iteration,0,78,15.678331,0.194491
[MO866] Iteration,1,78,15.679631,0.194434
[MO866] Iteration,3,78,15.679865,0.194512
[MO866] Iteration,2,79,15.872617,0.194599
[MO866] Iteration,0,79,15.872966,0.194613
 Time step   80
[MO866] Iteration,1,79,15.874231,0.194564
[MO866] Iteration,3,79,15.874507,0.194621
[MO866] Iteration,0,80,16.086561,0.213571
[MO866] Iteration,2,80,16.087896,0.215214
[MO866] Iteration,1,80,16.091768,0.217497
[MO866] Iteration,3,80,16.092177,0.217649
[MO866] Iteration,2,81,16.287196,0.199266
[MO866] Iteration,0,81,16.287417,0.200801
[MO866] Iteration,1,81,16.288841,0.197027
[MO866] Iteration,3,81,16.288970,0.196762
[MO866] Iteration,2,82,16.481806,0.194552
[MO866] Iteration,0,82,16.482176,0.194737
[MO866] Iteration,1,82,16.483517,0.194634
[MO866] Iteration,3,82,16.483726,0.194733
[MO866] Iteration,2,83,16.676353,0.194481
[MO866] Iteration,0,83,16.676888,0.194688
[MO866] Iteration,1,83,16.678116,0.194563
[MO866] Iteration,3,83,16.678449,0.194703
[MO866] Iteration,2,84,16.871071,0.194657
[MO866] Iteration,0,84,16.871456,0.194545
[MO866] Iteration,1,84,16.872750,0.194598
[MO866] Iteration,3,84,16.872988,0.194520
[MO866] Iteration,2,85,17.065632,0.194492
[MO866] Iteration,0,85,17.065923,0.194444
[MO866] Iteration,1,85,17.067323,0.194537
[MO866] Iteration,3,85,17.067481,0.194472
[MO866] Iteration,2,86,17.260337,0.194637
[MO866] Iteration,0,86,17.260808,0.194860
[MO866] Iteration,1,86,17.262014,0.194655
[MO866] Iteration,3,86,17.262271,0.194770
[MO866] Iteration,2,87,17.455213,0.194812
[MO866] Iteration,0,87,17.455572,0.194740
[MO866] Iteration,1,87,17.456877,0.194822
[MO866] Iteration,3,87,17.457106,0.194813
[MO866] Iteration,2,88,17.649593,0.194317
[MO866] Iteration,0,88,17.649912,0.194319
[MO866] Iteration,1,88,17.651291,0.194375
[MO866] Iteration,3,88,17.651516,0.194388
[MO866] Iteration,2,89,17.844080,0.194424
[MO866] Iteration,0,89,17.844436,0.194498
[MO866] Iteration,1,89,17.845669,0.194343
[MO866] Iteration,3,89,17.845913,0.194377
[MO866] Iteration,2,90,18.038043,0.193904
[MO866] Iteration,0,90,18.038402,0.193946
[MO866] Iteration,1,90,18.039686,0.193976
[MO866] Iteration,3,90,18.039861,0.193927
[MO866] Iteration,2,91,18.232195,0.194090
[MO866] Iteration,0,91,18.232575,0.194149
[MO866] Iteration,1,91,18.233833,0.194111
[MO866] Iteration,3,91,18.234038,0.194157
[MO866] Iteration,2,92,18.426571,0.194317
[MO866] Iteration,0,92,18.426988,0.194392
[MO866] Iteration,1,92,18.428215,0.194342
[MO866] Iteration,3,92,18.428483,0.194423
[MO866] Iteration,2,93,18.621171,0.194541
[MO866] Iteration,0,93,18.621570,0.194559
[MO866] Iteration,1,93,18.622855,0.194602
[MO866] Iteration,3,93,18.623123,0.194618
[MO866] Iteration,2,94,18.815752,0.194499
[MO866] Iteration,0,94,18.816091,0.194496
[MO866] Iteration,1,94,18.817381,0.194490
[MO866] Iteration,3,94,18.817594,0.194451
[MO866] Iteration,2,95,19.010431,0.194616
[MO866] Iteration,0,95,19.010770,0.194656
[MO866] Iteration,1,95,19.012091,0.194669
[MO866] Iteration,3,95,19.012277,0.194662
[MO866] Iteration,2,96,19.204919,0.194424
[MO866] Iteration,0,96,19.205357,0.194565
[MO866] Iteration,1,96,19.206629,0.194500
[MO866] Iteration,3,96,19.206906,0.194608
[MO866] Iteration,2,97,19.399621,0.194636
[MO866] Iteration,0,97,19.400001,0.194620
[MO866] Iteration,1,97,19.401284,0.194619
[MO866] Iteration,3,97,19.401511,0.194586
[MO866] Iteration,2,98,19.593992,0.194306
[MO866] Iteration,0,98,19.594312,0.194290
[MO866] Iteration,1,98,19.595670,0.194346
[MO866] Iteration,3,98,19.595887,0.194354
[MO866] Iteration,2,99,19.789434,0.195360
[MO866] Iteration,0,99,19.789721,0.195384
 Time step  100
[MO866] Iteration,1,99,19.791119,0.195412
[MO866] Iteration,3,99,19.791283,0.195376
[MO866] Iteration,2,100,19.984999,0.195497
[MO866] Iteration,0,100,19.985385,0.195639
[MO866] Iteration,1,100,19.986734,0.195579
[MO866] Iteration,3,100,19.986943,0.195641
[MO866] Iteration,2,101,20.179760,0.194678
[MO866] Iteration,0,101,20.180184,0.194777
[MO866] Iteration,1,101,20.181411,0.194640
[MO866] Iteration,3,101,20.181699,0.194737
[MO866] Iteration,2,102,20.374334,0.194502
[MO866] Iteration,0,102,20.374699,0.194491
[MO866] Iteration,1,102,20.375984,0.194533
[MO866] Iteration,3,102,20.376192,0.194471
[MO866] Iteration,2,103,20.568720,0.194307
[MO866] Iteration,0,103,20.569271,0.194550
[MO866] Iteration,1,103,20.570421,0.194399
[MO866] Iteration,3,103,20.570735,0.194521
[MO866] Iteration,2,104,20.763098,0.194318
[MO866] Iteration,0,104,20.763492,0.194195
[MO866] Iteration,1,104,20.764786,0.194329
[MO866] Iteration,3,104,20.765000,0.194246
[MO866] Iteration,1,105,20.959180,0.194356
[MO866] Iteration,3,105,20.960267,0.195246
[MO866] Iteration,2,105,20.961792,0.198641
[MO866] Iteration,0,105,20.962694,0.199181
[MO866] Iteration,2,106,21.155716,0.193877
[MO866] Iteration,0,106,21.156046,0.193326
[MO866] Iteration,1,106,21.157343,0.198082
[MO866] Iteration,3,106,21.157583,0.197292
[MO866] Iteration,2,107,21.350245,0.194468
[MO866] Iteration,0,107,21.350579,0.194509
[MO866] Iteration,1,107,21.351908,0.194523
[MO866] Iteration,3,107,21.352132,0.194527
[MO866] Iteration,2,108,21.544767,0.194450
[MO866] Iteration,0,108,21.545246,0.194644
[MO866] Iteration,1,108,21.546476,0.194531
[MO866] Iteration,3,108,21.546769,0.194615
[MO866] Iteration,2,109,21.739506,0.194657
[MO866] Iteration,0,109,21.739891,0.194622
[MO866] Iteration,1,109,21.741130,0.194619
[MO866] Iteration,3,109,21.741410,0.194621
[MO866] Iteration,2,110,21.935097,0.195530
[MO866] Iteration,0,110,21.935351,0.195437
[MO866] Iteration,1,110,21.936738,0.195568
[MO866] Iteration,3,110,21.936861,0.195429
[MO866] Iteration,2,111,22.129469,0.194302
[MO866] Iteration,0,111,22.129797,0.194426
[MO866] Iteration,1,111,22.131159,0.194380
[MO866] Iteration,3,111,22.131365,0.194482
[MO866] Iteration,2,112,22.324120,0.194568
[MO866] Iteration,0,112,22.324406,0.194584
[MO866] Iteration,1,112,22.325753,0.194558
[MO866] Iteration,3,112,22.325912,0.194528
[MO866] Iteration,2,113,22.519084,0.194890
[MO866] Iteration,0,113,22.519312,0.194882
[MO866] Iteration,1,113,22.520711,0.194917
[MO866] Iteration,3,113,22.520834,0.194900
[MO866] Iteration,2,114,22.713495,0.194342
[MO866] Iteration,0,114,22.713882,0.194550
[MO866] Iteration,1,114,22.715211,0.194460
[MO866] Iteration,3,114,22.715423,0.194567
[MO866] Iteration,2,115,22.908096,0.194530
[MO866] Iteration,0,115,22.908380,0.194473
[MO866] Iteration,1,115,22.909704,0.194459
[MO866] Iteration,3,115,22.909917,0.194473
[MO866] Iteration,2,116,23.102595,0.194426
[MO866] Iteration,0,116,23.102968,0.194562
[MO866] Iteration,1,116,23.104277,0.194533
[MO866] Iteration,3,116,23.104440,0.194500
[MO866] Iteration,2,117,23.297040,0.194378
[MO866] Iteration,0,117,23.297343,0.194354
[MO866] Iteration,1,117,23.298696,0.194380
[MO866] Iteration,3,117,23.298868,0.194406
[MO866] Iteration,2,118,23.491583,0.194466
[MO866] Iteration,0,118,23.491953,0.194584
[MO866] Iteration,1,118,23.493233,0.194502
[MO866] Iteration,3,118,23.493430,0.194535
[MO866] Iteration,2,119,23.685974,0.194328
[MO866] Iteration,0,119,23.686344,0.194368
 Time step  120
[MO866] Iteration,1,119,23.687650,0.194379
[MO866] Iteration,3,119,23.687881,0.194429
[MO866] Iteration,2,120,23.880308,0.194264
[MO866] Iteration,0,120,23.880731,0.194349
[MO866] Iteration,1,120,23.881913,0.194226
[MO866] Iteration,3,120,23.882178,0.194276
[MO866] Iteration,2,121,24.075038,0.194667
[MO866] Iteration,0,121,24.075495,0.194741
[MO866] Iteration,1,121,24.076739,0.194786
[MO866] Iteration,3,121,24.076958,0.194760
[MO866] Iteration,2,122,24.269540,0.194444
[MO866] Iteration,0,122,24.269947,0.194430
[MO866] Iteration,1,122,24.271244,0.194464
[MO866] Iteration,3,122,24.271507,0.194528
[MO866] Iteration,2,123,24.464201,0.194586
[MO866] Iteration,0,123,24.464439,0.194468
[MO866] Iteration,1,123,24.465836,0.194556
[MO866] Iteration,3,123,24.465962,0.194435
[MO866] Iteration,2,124,24.658423,0.194156
[MO866] Iteration,0,124,24.658909,0.194445
[MO866] Iteration,1,124,24.660118,0.194241
[MO866] Iteration,3,124,24.660382,0.194399
[MO866] Iteration,2,125,24.853065,0.194582
[MO866] Iteration,0,125,24.853474,0.194545
[MO866] Iteration,1,125,24.854760,0.194603
[MO866] Iteration,3,125,24.855044,0.194641
[MO866] Iteration,2,126,25.047546,0.194413
[MO866] Iteration,0,126,25.047802,0.194304
[MO866] Iteration,1,126,25.049157,0.194362
[MO866] Iteration,3,126,25.049309,0.194246
[MO866] Iteration,2,127,25.241769,0.194165
[MO866] Iteration,0,127,25.242132,0.194308
[MO866] Iteration,1,127,25.243478,0.194281
[MO866] Iteration,3,127,25.243676,0.194344
[MO866] Iteration,2,128,25.436383,0.194545
[MO866] Iteration,0,128,25.436725,0.194567
[MO866] Iteration,1,128,25.438034,0.194523
[MO866] Iteration,3,128,25.438258,0.194562
[MO866] Iteration,2,129,25.631062,0.194615
[MO866] Iteration,0,129,25.631412,0.194664
[MO866] Iteration,1,129,25.632712,0.194637
[MO866] Iteration,3,129,25.632948,0.194668
[MO866] Iteration,2,130,25.825622,0.194503
[MO866] Iteration,0,130,25.826005,0.194571
[MO866] Iteration,1,130,25.827302,0.194551
[MO866] Iteration,3,130,25.827541,0.194572
[MO866] Iteration,2,131,26.020187,0.194491
[MO866] Iteration,0,131,26.020560,0.194533
[MO866] Iteration,1,131,26.021902,0.194564
[MO866] Iteration,3,131,26.022121,0.194560
[MO866] Iteration,2,132,26.215020,0.194770
[MO866] Iteration,0,132,26.215339,0.194756
[MO866] Iteration,1,132,26.216625,0.194682
[MO866] Iteration,3,132,26.216825,0.194683
[MO866] Iteration,2,133,26.409310,0.194231
[MO866] Iteration,0,133,26.409809,0.194448
[MO866] Iteration,1,133,26.411062,0.194396
[MO866] Iteration,3,133,26.411333,0.194487
[MO866] Iteration,2,134,26.603968,0.194586
[MO866] Iteration,0,134,26.604428,0.194595
[MO866] Iteration,1,134,26.605614,0.194517
[MO866] Iteration,3,134,26.605919,0.194567
[MO866] Iteration,2,135,26.798348,0.194318
[MO866] Iteration,0,135,26.798805,0.194353
[MO866] Iteration,1,135,26.800033,0.194379
[MO866] Iteration,3,135,26.800322,0.194383
[MO866] Iteration,1,136,26.995519,0.195447
[MO866] Iteration,3,136,26.995631,0.195289
[MO866] Iteration,2,136,26.997650,0.199221
[MO866] Iteration,0,136,26.997795,0.198967
[MO866] Iteration,2,137,27.191217,0.193520
[MO866] Iteration,0,137,27.191505,0.193682
[MO866] Iteration,1,137,27.192900,0.197312
[MO866] Iteration,3,137,27.193046,0.197391
[MO866] Iteration,2,138,27.385568,0.194289
[MO866] Iteration,0,138,27.385878,0.194351
[MO866] Iteration,1,138,27.387247,0.194308
[MO866] Iteration,3,138,27.387435,0.194366
[MO866] Iteration,2,139,27.586688,0.201051
[MO866] Iteration,0,139,27.586780,0.200877
 Time step  140
[MO866] Iteration,1,139,27.588192,0.200910
[MO866] Iteration,3,139,27.588290,0.200835
[MO866] Iteration,2,140,27.784385,0.197655
[MO866] Iteration,0,140,27.784734,0.197931
[MO866] Iteration,1,140,27.785996,0.197762
[MO866] Iteration,3,140,27.786208,0.197896
[MO866] Iteration,2,141,27.981240,0.196793
[MO866] Iteration,0,141,27.981639,0.196882
[MO866] Iteration,1,141,27.982910,0.196869
[MO866] Iteration,3,141,27.983153,0.196924
[MO866] Iteration,2,142,28.181814,0.200513
[MO866] Iteration,0,142,28.182158,0.200494
[MO866] Iteration,1,142,28.183460,0.200514
[MO866] Iteration,3,142,28.183685,0.200512
[MO866] Iteration,0,143,28.382202,0.200020
[MO866] Iteration,2,143,28.382251,0.200362
[MO866] Iteration,3,143,28.383898,0.200191
[MO866] Iteration,1,143,28.383890,0.200393
[MO866] Iteration,2,144,28.578728,0.196453
[MO866] Iteration,0,144,28.578870,0.196597
[MO866] Iteration,1,144,28.580305,0.196379
[MO866] Iteration,3,144,28.580516,0.196591
[MO866] Iteration,2,145,28.772100,0.193299
[MO866] Iteration,0,145,28.772288,0.193383
[MO866] Iteration,1,145,28.773678,0.193331
[MO866] Iteration,3,145,28.773830,0.193292
[MO866] Iteration,2,146,28.965449,0.193281
[MO866] Iteration,0,146,28.965621,0.193307
[MO866] Iteration,1,146,28.966974,0.193255
[MO866] Iteration,3,146,28.967217,0.193366
[MO866] Iteration,2,147,29.159072,0.193551
[MO866] Iteration,0,147,29.159099,0.193452
[MO866] Iteration,1,147,29.160529,0.193518
[MO866] Iteration,3,147,29.160759,0.193522
[MO866] Iteration,2,148,29.352188,0.193065
[MO866] Iteration,0,148,29.352527,0.193402
[MO866] Iteration,1,148,29.353812,0.193243
[MO866] Iteration,3,148,29.354062,0.193281
[MO866] Iteration,2,149,29.545589,0.193337
[MO866] Iteration,0,149,29.545769,0.193217
[MO866] Iteration,1,149,29.547154,0.193301
[MO866] Iteration,3,149,29.547381,0.193298
[MO866] Iteration,2,150,29.739085,0.193426
[MO866] Iteration,0,150,29.739222,0.193428
[MO866] Iteration,1,150,29.740546,0.193356
[MO866] Iteration,3,150,29.740800,0.193399
[MO866] Iteration,2,151,29.933057,0.193910
[MO866] Iteration,0,151,29.933241,0.193998
[MO866] Iteration,1,151,29.934558,0.193973
[MO866] Iteration,3,151,29.934839,0.194018
[MO866] Iteration,2,152,30.129565,0.196439
[MO866] Iteration,0,152,30.129534,0.196265
[MO866] Iteration,3,152,30.131077,0.196219
[MO866] Iteration,1,152,30.131170,0.196579
[MO866] Iteration,2,153,30.324953,0.195358
[MO866] Iteration,0,153,30.325251,0.195653
[MO866] Iteration,1,153,30.326625,0.195434
[MO866] Iteration,3,153,30.326811,0.195702
[MO866] Iteration,2,154,30.519937,0.194913
[MO866] Iteration,0,154,30.519951,0.194675
[MO866] Iteration,1,154,30.521437,0.194776
[MO866] Iteration,3,154,30.521561,0.194730
[MO866] Iteration,2,155,30.713319,0.193333
[MO866] Iteration,0,155,30.713538,0.193549
[MO866] Iteration,1,155,30.714896,0.193418
[MO866] Iteration,3,155,30.715118,0.193534
[MO866] Iteration,2,156,30.906700,0.193310
[MO866] Iteration,0,156,30.906880,0.193315
[MO866] Iteration,1,156,30.908174,0.193243
[MO866] Iteration,3,156,30.908437,0.193298
[MO866] Iteration,2,157,31.100133,0.193360
[MO866] Iteration,0,157,31.100512,0.193609
[MO866] Iteration,1,157,31.101709,0.193497
[MO866] Iteration,3,157,31.102060,0.193601
[MO866] Iteration,2,158,31.293784,0.193587
[MO866] Iteration,0,158,31.293853,0.193317
[MO866] Iteration,1,158,31.295350,0.193599
[MO866] Iteration,3,158,31.295478,0.193395
[MO866] Iteration,0,159,31.487478,0.193604
 Time step  160
[MO866] Iteration,2,159,31.487383,0.193529
[MO866] Iteration,1,159,31.488887,0.193499
[MO866] Iteration,3,159,31.489091,0.193592
[MO866] Iteration,2,160,31.680504,0.193058
[MO866] Iteration,0,160,31.680847,0.193335
[MO866] Iteration,1,160,31.682127,0.193201
[MO866] Iteration,3,160,31.682418,0.193305
[MO866] Iteration,0,161,31.874026,0.193154
[MO866] Iteration,2,161,31.873935,0.193362
[MO866] Iteration,1,161,31.875472,0.193307
[MO866] Iteration,3,161,31.875645,0.193209
[MO866] Iteration,2,162,32.080311,0.206302
[MO866] Iteration,0,162,32.080613,0.206559
[MO866] Iteration,1,162,32.085647,0.210141
[MO866] Iteration,3,162,32.085889,0.210225
[MO866] Iteration,2,163,32.280508,0.200144
[MO866] Iteration,0,163,32.280684,0.200051
[MO866] Iteration,1,163,32.282038,0.196341
[MO866] Iteration,3,163,32.282227,0.196307
[MO866] Iteration,2,164,32.473763,0.193186
[MO866] Iteration,0,164,32.474047,0.193338
[MO866] Iteration,1,164,32.475368,0.193290
[MO866] Iteration,3,164,32.475634,0.193385
[MO866] Iteration,2,165,32.667648,0.193815
[MO866] Iteration,0,165,32.667792,0.193720
[MO866] Iteration,1,165,32.669127,0.193723
[MO866] Iteration,3,165,32.669348,0.193694
[MO866] Iteration,2,166,32.861309,0.193599
[MO866] Iteration,0,166,32.861496,0.193682
[MO866] Iteration,1,166,32.862838,0.193671
[MO866] Iteration,3,166,32.863074,0.193704
[MO866] Iteration,2,167,33.055007,0.193624
[MO866] Iteration,0,167,33.055117,0.193596
[MO866] Iteration,1,167,33.056469,0.193595
[MO866] Iteration,3,167,33.056737,0.193643
[MO866] Iteration,2,168,33.248681,0.193613
[MO866] Iteration,0,168,33.248800,0.193657
[MO866] Iteration,1,168,33.250212,0.193705
[MO866] Iteration,3,168,33.250441,0.193681
[MO866] Iteration,2,169,33.442121,0.193367
[MO866] Iteration,0,169,33.442303,0.193465
[MO866] Iteration,1,169,33.443699,0.193445
[MO866] Iteration,3,169,33.443867,0.193407
[MO866] Iteration,2,170,33.635759,0.193565
[MO866] Iteration,0,170,33.635846,0.193519
[MO866] Iteration,1,170,33.637251,0.193515
[MO866] Iteration,3,170,33.637423,0.193533
[MO866] Iteration,2,171,33.829025,0.193203
[MO866] Iteration,0,171,33.829211,0.193330
[MO866] Iteration,1,171,33.830585,0.193295
[MO866] Iteration,3,171,33.830816,0.193370
[MO866] Iteration,0,172,34.022745,0.193511
[MO866] Iteration,2,172,34.022798,0.193701
[MO866] Iteration,1,172,34.024282,0.193661
[MO866] Iteration,3,172,34.024443,0.193607
[MO866] Iteration,0,173,34.219923,0.197116
[MO866] Iteration,1,173,34.221500,0.197177
[MO866] Iteration,3,173,34.221792,0.197327
[MO866] Iteration,2,173,34.221807,0.198984
[MO866] Iteration,2,174,34.413409,0.191564
[MO866] Iteration,0,174,34.413765,0.193769
[MO866] Iteration,1,174,34.415057,0.193515
[MO866] Iteration,3,174,34.415371,0.193556
[MO866] Iteration,2,175,34.607282,0.193801
[MO866] Iteration,0,175,34.607473,0.193682
[MO866] Iteration,1,175,34.608779,0.193688
[MO866] Iteration,3,175,34.609060,0.193670
[MO866] Iteration,2,176,34.800977,0.193623
[MO866] Iteration,0,176,34.801190,0.193692
[MO866] Iteration,1,176,34.802540,0.193720
[MO866] Iteration,3,176,34.802776,0.193694
[MO866] Iteration,0,177,34.994385,0.193170
[MO866] Iteration,2,177,34.994212,0.193163
[MO866] Iteration,1,177,34.995817,0.193242
[MO866] Iteration,3,177,34.995990,0.193195
[MO866] Iteration,0,178,35.187984,0.193580
[MO866] Iteration,2,178,35.187864,0.193582
[MO866] Iteration,1,178,35.189343,0.193488
[MO866] Iteration,3,178,35.189559,0.193548
[MO866] Iteration,2,179,35.381196,0.193268
[MO866] Iteration,0,179,35.381305,0.193297
 Time step  180
[MO866] Iteration,1,179,35.382753,0.193371
[MO866] Iteration,3,179,35.382912,0.193332
[MO866] Iteration,2,180,35.574476,0.193208
[MO866] Iteration,0,180,35.574687,0.193343
[MO866] Iteration,1,180,35.575965,0.193177
[MO866] Iteration,3,180,35.576230,0.193298
[MO866] Iteration,2,181,35.767871,0.193326
[MO866] Iteration,0,181,35.768012,0.193303
[MO866] Iteration,1,181,35.769378,0.193375
[MO866] Iteration,3,181,35.769566,0.193315
[MO866] Iteration,2,182,35.961597,0.193662
[MO866] Iteration,0,182,35.961736,0.193701
[MO866] Iteration,1,182,35.963126,0.193707
[MO866] Iteration,3,182,35.963343,0.193756
[MO866] Iteration,0,183,36.155291,0.193529
[MO866] Iteration,2,183,36.155362,0.193693
[MO866] Iteration,1,183,36.156802,0.193641
[MO866] Iteration,3,183,36.156925,0.193562
[MO866] Iteration,0,184,36.348997,0.193643
[MO866] Iteration,2,184,36.349191,0.193791
[MO866] Iteration,1,184,36.350669,0.193828
[MO866] Iteration,3,184,36.350605,0.193658
[MO866] Iteration,0,185,36.542305,0.193238
[MO866] Iteration,2,185,36.542178,0.192963
[MO866] Iteration,1,185,36.543762,0.193070
[MO866] Iteration,3,185,36.543926,0.193286
[MO866] Iteration,2,186,36.735764,0.193513
[MO866] Iteration,0,186,36.735955,0.193611
[MO866] Iteration,1,186,36.737275,0.193476
[MO866] Iteration,3,186,36.737509,0.193562
[MO866] Iteration,2,187,36.929168,0.193342
[MO866] Iteration,0,187,36.929354,0.193375
[MO866] Iteration,1,187,36.930712,0.193398
[MO866] Iteration,3,187,36.930953,0.193420
[MO866] Iteration,2,188,37.123211,0.193974
[MO866] Iteration,0,188,37.123406,0.194026
[MO866] Iteration,1,188,37.124698,0.193951
[MO866] Iteration,3,188,37.124980,0.194007
[MO866] Iteration,2,189,37.316478,0.193208
[MO866] Iteration,0,189,37.316690,0.193261
[MO866] Iteration,1,189,37.318039,0.193301
[MO866] Iteration,3,189,37.318277,0.193276
[MO866] Iteration,2,190,37.509583,0.193035
[MO866] Iteration,0,190,37.509832,0.193116
[MO866] Iteration,1,190,37.511142,0.193062
[MO866] Iteration,3,190,37.511411,0.193112
[MO866] Iteration,2,191,37.703382,0.193729
[MO866] Iteration,0,191,37.703498,0.193642
[MO866] Iteration,1,191,37.704890,0.193712
[MO866] Iteration,3,191,37.705094,0.193662
[MO866] Iteration,2,192,37.896772,0.193327
[MO866] Iteration,0,192,37.896971,0.193448
[MO866] Iteration,1,192,37.898351,0.193422
[MO866] Iteration,3,192,37.898574,0.193459
[MO866] Iteration,0,193,38.090259,0.193262
[MO866] Iteration,2,193,38.090181,0.193343
[MO866] Iteration,1,193,38.091757,0.193352
[MO866] Iteration,3,193,38.091889,0.193290
[MO866] Iteration,2,194,38.283591,0.193342
[MO866] Iteration,0,194,38.283861,0.193575
[MO866] Iteration,1,194,38.285092,0.193299
[MO866] Iteration,3,194,38.285356,0.193446
[MO866] Iteration,2,195,38.477076,0.193425
[MO866] Iteration,0,195,38.477287,0.193403
[MO866] Iteration,1,195,38.478730,0.193598
[MO866] Iteration,3,195,38.478957,0.193579
[MO866] Iteration,2,196,38.670974,0.193823
[MO866] Iteration,0,196,38.670944,0.193631
[MO866] Iteration,1,196,38.672409,0.193642
[MO866] Iteration,3,196,38.672567,0.193589
[MO866] Iteration,0,197,38.865302,0.194304
[MO866] Iteration,2,197,38.865241,0.194246
[MO866] Iteration,1,197,38.866732,0.194286
[MO866] Iteration,3,197,38.866971,0.194382
[MO866] Iteration,2,198,39.058463,0.193154
[MO866] Iteration,0,198,39.058564,0.193238
[MO866] Iteration,1,198,39.059995,0.193233
[MO866] Iteration,3,198,39.060166,0.193176
[MO866] Iteration,0,199,39.252227,0.193637
 Time step  200
[MO866] Iteration,2,199,39.252150,0.193611
[MO866] Iteration,1,199,39.253667,0.193633
[MO866] Iteration,3,199,39.253778,0.193590
[MO866] Iteration,2,200,39.445392,0.193178
[MO866] Iteration,0,200,39.445514,0.193246
[MO866] Iteration,1,200,39.446938,0.193231
[MO866] Iteration,3,200,39.447139,0.193339
[MO866] Iteration,0,201,39.638882,0.193330
[MO866] Iteration,2,201,39.638716,0.193252
[MO866] Iteration,1,201,39.640213,0.193239
[MO866] Iteration,3,201,39.640451,0.193292
[MO866] Iteration,2,202,39.832166,0.193374
[MO866] Iteration,0,202,39.832403,0.193498
[MO866] Iteration,1,202,39.833706,0.193454
[MO866] Iteration,3,202,39.833954,0.193482
[MO866] Iteration,2,203,40.025528,0.193296
[MO866] Iteration,0,203,40.025695,0.193267
[MO866] Iteration,1,203,40.027105,0.193360
[MO866] Iteration,3,203,40.027300,0.193324
[MO866] Iteration,0,204,40.219359,0.193639
[MO866] Iteration,2,204,40.219292,0.193692
[MO866] Iteration,1,204,40.220757,0.193618
[MO866] Iteration,3,204,40.220976,0.193656
[MO866] Iteration,2,205,40.412646,0.193292
[MO866] Iteration,0,205,40.412910,0.193514
[MO866] Iteration,1,205,40.414223,0.193428
[MO866] Iteration,3,205,40.414508,0.193510
[MO866] Iteration,2,206,40.605896,0.193182
[MO866] Iteration,0,206,40.606048,0.193114
[MO866] Iteration,1,206,40.607426,0.193162
[MO866] Iteration,3,206,40.607675,0.193147
[MO866] Iteration,2,207,40.799362,0.193392
[MO866] Iteration,0,207,40.799496,0.193423
[MO866] Iteration,1,207,40.800822,0.193361
[MO866] Iteration,3,207,40.801073,0.193377
[MO866] Iteration,2,208,40.992743,0.193321
[MO866] Iteration,0,208,40.992962,0.193444
[MO866] Iteration,1,208,40.994321,0.193460
[MO866] Iteration,3,208,40.994524,0.193430
[MO866] Iteration,2,209,41.185968,0.193154
[MO866] Iteration,0,209,41.186158,0.193170
[MO866] Iteration,1,209,41.187545,0.193184
[MO866] Iteration,3,209,41.187761,0.193218
[MO866] Iteration,2,210,41.379835,0.193791
[MO866] Iteration,0,210,41.380063,0.193881
[MO866] Iteration,1,210,41.381409,0.193827
[MO866] Iteration,3,210,41.381635,0.193854
[MO866] Iteration,2,211,41.573154,0.193260
[MO866] Iteration,0,211,41.573397,0.193310
[MO866] Iteration,1,211,41.574715,0.193265
[MO866] Iteration,3,211,41.574965,0.193308
[MO866] Iteration,2,212,41.766331,0.193105
[MO866] Iteration,0,212,41.766525,0.193103
[MO866] Iteration,1,212,41.767869,0.193119
[MO866] Iteration,3,212,41.768104,0.193120
[MO866] Iteration,2,213,41.960020,0.193606
[MO866] Iteration,0,213,41.960207,0.193659
[MO866] Iteration,1,213,41.961617,0.193713
[MO866] Iteration,3,213,41.961787,0.193661
[MO866] Iteration,2,214,42.153488,0.193408
[MO866] Iteration,0,214,42.153725,0.193492
[MO866] Iteration,1,214,42.155098,0.193444
[MO866] Iteration,3,214,42.155328,0.193519
[MO866] Iteration,0,215,42.347141,0.193391
[MO866] Iteration,2,215,42.347084,0.193527
[MO866] Iteration,1,215,42.348552,0.193419
[MO866] Iteration,3,215,42.348754,0.193406
[MO866] Iteration,2,216,42.540538,0.193392
[MO866] Iteration,0,216,42.540806,0.193638
[MO866] Iteration,1,216,42.542118,0.193526
[MO866] Iteration,3,216,42.542419,0.193644
[MO866] Iteration,3,217,42.734773,0.192334
[MO866] Iteration,1,217,42.736046,0.193888
[MO866] Iteration,0,217,42.737403,0.196571
[MO866] Iteration,2,217,42.738605,0.198002
[MO866] Iteration,2,218,42.929697,0.191060
[MO866] Iteration,0,218,42.929974,0.192524
[MO866] Iteration,1,218,42.931287,0.195216
[MO866] Iteration,3,218,42.931536,0.196698
[MO866] Iteration,2,219,43.123629,0.193862
[MO866] Iteration,0,219,43.123787,0.193789
 Time step  220
[MO866] Iteration,1,219,43.125121,0.193799
[MO866] Iteration,3,219,43.125338,0.193782
[MO866] Iteration,2,220,43.316938,0.193245
[MO866] Iteration,0,220,43.317100,0.193291
[MO866] Iteration,1,220,43.318535,0.193374
[MO866] Iteration,3,220,43.318728,0.193369
[MO866] Iteration,2,221,43.510198,0.193188
[MO866] Iteration,0,221,43.510493,0.193369
[MO866] Iteration,1,221,43.511847,0.193278
[MO866] Iteration,3,221,43.512127,0.193380
[MO866] Iteration,2,222,43.703856,0.193590
[MO866] Iteration,0,222,43.704100,0.193586
[MO866] Iteration,1,222,43.705395,0.193511
[MO866] Iteration,3,222,43.705686,0.193539
[MO866] Iteration,2,223,43.897175,0.193256
[MO866] Iteration,0,223,43.897386,0.193262
[MO866] Iteration,1,223,43.898713,0.193279
[MO866] Iteration,3,223,43.898986,0.193280
[MO866] Iteration,0,224,44.090912,0.193501
[MO866] Iteration,2,224,44.090809,0.193562
[MO866] Iteration,1,224,44.092333,0.193584
[MO866] Iteration,3,224,44.092514,0.193509
[MO866] Iteration,2,225,44.284123,0.193237
[MO866] Iteration,0,225,44.284499,0.193551
[MO866] Iteration,1,225,44.285714,0.193343
[MO866] Iteration,3,225,44.286018,0.193482
[MO866] Iteration,0,226,44.478319,0.193798
[MO866] Iteration,2,226,44.478290,0.194104
[MO866] Iteration,1,226,44.479787,0.194034
[MO866] Iteration,3,226,44.479926,0.193886
[MO866] Iteration,2,227,44.671875,0.193527
[MO866] Iteration,0,227,44.672016,0.193666
[MO866] Iteration,1,227,44.673369,0.193545
[MO866] Iteration,3,227,44.673586,0.193639
[MO866] Iteration,0,228,44.865387,0.193346
[MO866] Iteration,2,228,44.865346,0.193408
[MO866] Iteration,1,228,44.866881,0.193473
[MO866] Iteration,3,228,44.867034,0.193426
[MO866] Iteration,2,229,45.059232,0.193823
[MO866] Iteration,0,229,45.059402,0.193991
[MO866] Iteration,1,229,45.060734,0.193819
[MO866] Iteration,3,229,45.060971,0.193918
[MO866] Iteration,2,230,45.252684,0.193387
[MO866] Iteration,0,230,45.252961,0.193537
[MO866] Iteration,1,230,45.254248,0.193473
[MO866] Iteration,3,230,45.254527,0.193535
[MO866] Iteration,2,231,45.446112,0.193355
[MO866] Iteration,0,231,45.446324,0.193339
[MO866] Iteration,1,231,45.447694,0.193407
[MO866] Iteration,3,231,45.447943,0.193397
[MO866] Iteration,2,232,45.639960,0.193776
[MO866] Iteration,0,232,45.639994,0.193646
[MO866] Iteration,1,232,45.641457,0.193726
[MO866] Iteration,3,232,45.641642,0.193678
[MO866] Iteration,2,233,45.833055,0.193037
[MO866] Iteration,0,233,45.833296,0.193276
[MO866] Iteration,1,233,45.834612,0.193116
[MO866] Iteration,3,233,45.834893,0.193230
[MO866] Iteration,2,234,46.027170,0.194047
[MO866] Iteration,0,234,46.027333,0.194012
[MO866] Iteration,1,234,46.028665,0.194017
[MO866] Iteration,3,234,46.028877,0.193965
[MO866] Iteration,2,235,46.221376,0.194144
[MO866] Iteration,0,235,46.221586,0.194231
[MO866] Iteration,1,235,46.222958,0.194253
[MO866] Iteration,3,235,46.223173,0.194274
[MO866] Iteration,0,236,46.415308,0.193696
[MO866] Iteration,2,236,46.415190,0.193742
[MO866] Iteration,1,236,46.416653,0.193660
[MO866] Iteration,3,236,46.416905,0.193712
[MO866] Iteration,2,237,46.608664,0.193408
[MO866] Iteration,0,237,46.608924,0.193592
[MO866] Iteration,1,237,46.610304,0.193610
[MO866] Iteration,3,237,46.610536,0.193611
[MO866] Iteration,2,238,46.802558,0.193825
[MO866] Iteration,0,238,46.802769,0.193820
[MO866] Iteration,1,238,46.804096,0.193739
[MO866] Iteration,3,238,46.804325,0.193770
[MO866] Iteration,2,239,46.996432,0.193800
[MO866] Iteration,0,239,46.996705,0.193913
 Time step  240
[MO866] Iteration,1,239,46.998007,0.193873
[MO866] Iteration,3,239,46.998263,0.193917
[MO866] Iteration,2,240,47.189987,0.193483
[MO866] Iteration,0,240,47.190215,0.193486
[MO866] Iteration,1,240,47.191575,0.193528
[MO866] Iteration,3,240,47.191835,0.193552
[MO866] Iteration,0,241,47.383746,0.193506
[MO866] Iteration,2,241,47.383615,0.193555
[MO866] Iteration,1,241,47.385088,0.193476
[MO866] Iteration,3,241,47.385335,0.193479
[MO866] Iteration,2,242,47.576976,0.193299
[MO866] Iteration,0,242,47.577152,0.193382
[MO866] Iteration,1,242,47.578538,0.193409
[MO866] Iteration,3,242,47.578765,0.193409
[MO866] Iteration,2,243,47.770259,0.193212
[MO866] Iteration,0,243,47.770460,0.193283
[MO866] Iteration,1,243,47.771811,0.193238
[MO866] Iteration,3,243,47.772076,0.193293
[MO866] Iteration,2,244,47.964138,0.193807
[MO866] Iteration,0,244,47.964419,0.193936
[MO866] Iteration,1,244,47.965689,0.193841
[MO866] Iteration,3,244,47.965970,0.193873
[MO866] Iteration,2,245,48.157430,0.193224
[MO866] Iteration,0,245,48.157598,0.193156
[MO866] Iteration,1,245,48.159001,0.193272
[MO866] Iteration,3,245,48.159176,0.193185
[MO866] Iteration,0,246,48.350811,0.193188
[MO866] Iteration,2,246,48.350815,0.193315
[MO866] Iteration,1,246,48.352269,0.193233
[MO866] Iteration,3,246,48.352444,0.193247
[MO866] Iteration,2,247,48.544369,0.193506
[MO866] Iteration,0,247,48.544638,0.193773
[MO866] Iteration,1,247,48.545988,0.193680
[MO866] Iteration,3,247,48.546180,0.193714
[MO866] Iteration,2,248,48.737785,0.193353
[MO866] Iteration,0,248,48.738055,0.193393
[MO866] Iteration,1,248,48.739411,0.193383
[MO866] Iteration,3,248,48.739641,0.193439
[MO866] Iteration,0,249,48.931543,0.193462
[MO866] Iteration,2,249,48.931503,0.193648
[MO866] Iteration,1,249,48.932988,0.193543
[MO866] Iteration,3,249,48.933160,0.193499
[MO866] Iteration,2,250,49.124716,0.193156
[MO866] Iteration,0,250,49.125046,0.193483
[MO866] Iteration,1,250,49.126322,0.193295
[MO866] Iteration,3,250,49.126607,0.193426
[MO866] Iteration,2,251,49.319177,0.194394
[MO866] Iteration,0,251,49.319299,0.194228
[MO866] Iteration,1,251,49.320647,0.194285
[MO866] Iteration,3,251,49.320894,0.194268
[MO866] Iteration,2,252,49.512448,0.193212
[MO866] Iteration,0,252,49.512876,0.193554
[MO866] Iteration,1,252,49.514094,0.193407
[MO866] Iteration,3,252,49.514402,0.193486
[MO866] Iteration,2,253,49.706237,0.193721
[MO866] Iteration,0,253,49.706394,0.193493
[MO866] Iteration,1,253,49.707786,0.193655
[MO866] Iteration,3,253,49.708002,0.193583
[MO866] Iteration,2,254,49.899798,0.193490
[MO866] Iteration,0,254,49.899925,0.193514
[MO866] Iteration,1,254,49.901307,0.193483
[MO866] Iteration,3,254,49.901503,0.193480
[MO866] Iteration,2,255,50.093139,0.193276
[MO866] Iteration,0,255,50.093284,0.193335
[MO866] Iteration,1,255,50.094694,0.193347
[MO866] Iteration,3,255,50.094918,0.193394
[MO866] Iteration,2,256,50.286648,0.193441
[MO866] Iteration,0,256,50.286854,0.193544
[MO866] Iteration,1,256,50.288128,0.193403
[MO866] Iteration,3,256,50.288404,0.193466
[MO866] Iteration,2,257,50.480353,0.193635
[MO866] Iteration,0,257,50.480652,0.193776
[MO866] Iteration,1,257,50.482021,0.193854
[MO866] Iteration,3,257,50.482235,0.193810
[MO866] Iteration,2,258,50.673809,0.193386
[MO866] Iteration,0,258,50.674233,0.193557
[MO866] Iteration,1,258,50.675442,0.193380
[MO866] Iteration,3,258,50.675768,0.193512
[MO866] Iteration,0,259,50.867761,0.193503
 Time step  260
[MO866] Iteration,2,259,50.867634,0.193755
[MO866] Iteration,1,259,50.869157,0.193681
[MO866] Iteration,3,259,50.869318,0.193529
[MO866] Iteration,2,260,51.061082,0.193384
[MO866] Iteration,0,260,51.061254,0.193469
[MO866] Iteration,1,260,51.062621,0.193424
[MO866] Iteration,3,260,51.062865,0.193526
[MO866] Iteration,2,261,51.254161,0.193006
[MO866] Iteration,0,261,51.254488,0.193208
[MO866] Iteration,1,261,51.255789,0.193134
[MO866] Iteration,3,261,51.256003,0.193119
[MO866] Iteration,2,262,51.447640,0.193408
[MO866] Iteration,0,262,51.447926,0.193410
[MO866] Iteration,1,262,51.449172,0.193346
[MO866] Iteration,3,262,51.449495,0.193471
[MO866] Iteration,2,263,51.641426,0.193725
[MO866] Iteration,0,263,51.641564,0.193615
[MO866] Iteration,1,263,51.643022,0.193810
[MO866] Iteration,3,263,51.643180,0.193663
[MO866] Iteration,2,264,51.834990,0.193494
[MO866] Iteration,0,264,51.835228,0.193638
[MO866] Iteration,1,264,51.836507,0.193451
[MO866] Iteration,3,264,51.836805,0.193605
[MO866] Iteration,2,265,52.028643,0.193595
[MO866] Iteration,0,265,52.028860,0.193611
[MO866] Iteration,1,265,52.030218,0.193672
[MO866] Iteration,3,265,52.030428,0.193602
[MO866] Iteration,2,266,52.222261,0.193552
[MO866] Iteration,0,266,52.222352,0.193466
[MO866] Iteration,1,266,52.223816,0.193558
[MO866] Iteration,3,266,52.223984,0.193537
[MO866] Iteration,2,267,52.415975,0.193639
[MO866] Iteration,0,267,52.416108,0.193706
[MO866] Iteration,1,267,52.417456,0.193605
[MO866] Iteration,3,267,52.417696,0.193690
[MO866] Iteration,2,268,52.609159,0.193121
[MO866] Iteration,0,268,52.609357,0.193224
[MO866] Iteration,1,268,52.610711,0.193215
[MO866] Iteration,3,268,52.610978,0.193260
[MO866] Iteration,2,269,52.802510,0.193284
[MO866] Iteration,0,269,52.802695,0.193311
[MO866] Iteration,1,269,52.804079,0.193335
[MO866] Iteration,3,269,52.804281,0.193284
[MO866] Iteration,1,270,52.996529,0.192413
[MO866] Iteration,3,270,52.996866,0.192564
[MO866] Iteration,2,270,52.997400,0.194814
[MO866] Iteration,0,270,53.004414,0.201696
[MO866] Iteration,2,271,53.197246,0.199791
[MO866] Iteration,0,271,53.197367,0.192908
[MO866] Iteration,1,271,53.198882,0.202294
[MO866] Iteration,3,271,53.199058,0.202169
[MO866] Iteration,0,272,53.390741,0.193353
[MO866] Iteration,2,272,53.390679,0.193360
[MO866] Iteration,1,272,53.392214,0.193300
[MO866] Iteration,3,272,53.392333,0.193255
[MO866] Iteration,2,273,53.584113,0.193384
[MO866] Iteration,0,273,53.584327,0.193553
[MO866] Iteration,1,273,53.585679,0.193426
[MO866] Iteration,3,273,53.585870,0.193514
[MO866] Iteration,2,274,53.777380,0.193199
[MO866] Iteration,0,274,53.777607,0.193255
[MO866] Iteration,1,274,53.778945,0.193225
[MO866] Iteration,3,274,53.779184,0.193291
[MO866] Iteration,2,275,53.971030,0.193581
[MO866] Iteration,0,275,53.971206,0.193574
[MO866] Iteration,1,275,53.972472,0.193492
[MO866] Iteration,3,275,53.972740,0.193536
[MO866] Iteration,0,276,54.164413,0.193186
[MO866] Iteration,2,276,54.164284,0.193202
[MO866] Iteration,1,276,54.165823,0.193312
[MO866] Iteration,3,276,54.165985,0.193224
[MO866] Iteration,2,277,54.357736,0.193382
[MO866] Iteration,0,277,54.357913,0.193475
[MO866] Iteration,1,277,54.359316,0.193453
[MO866] Iteration,3,277,54.359521,0.193515
[MO866] Iteration,2,278,54.551608,0.193800
[MO866] Iteration,0,278,54.551754,0.193816
[MO866] Iteration,1,278,54.553094,0.193742
[MO866] Iteration,3,278,54.553325,0.193784
[MO866] Iteration,2,279,54.744875,0.193203
[MO866] Iteration,0,279,54.745200,0.193424
 Time step  280
[MO866] Iteration,1,279,54.746478,0.193344
[MO866] Iteration,3,279,54.746717,0.193370
[MO866] Iteration,2,280,54.938102,0.193160
[MO866] Iteration,0,280,54.938310,0.193084
[MO866] Iteration,1,280,54.939668,0.193154
[MO866] Iteration,3,280,54.939893,0.193157
[MO866] Iteration,2,281,55.131726,0.193554
[MO866] Iteration,0,281,55.131987,0.193653
[MO866] Iteration,1,281,55.133273,0.193568
[MO866] Iteration,3,281,55.133527,0.193614
[MO866] Iteration,2,282,55.325700,0.193909
[MO866] Iteration,0,282,55.325942,0.193932
[MO866] Iteration,1,282,55.327282,0.193968
[MO866] Iteration,3,282,55.327531,0.193983
[MO866] Iteration,2,283,55.519152,0.193379
[MO866] Iteration,0,283,55.519321,0.193354
[MO866] Iteration,1,283,55.520647,0.193331
[MO866] Iteration,3,283,55.520924,0.193373
[MO866] Iteration,2,284,55.712535,0.193321
[MO866] Iteration,0,284,55.712857,0.193515
[MO866] Iteration,1,284,55.714142,0.193455
[MO866] Iteration,3,284,55.714409,0.193464
[MO866] Iteration,0,285,55.906243,0.193360
[MO866] Iteration,2,285,55.906287,0.193685
[MO866] Iteration,1,285,55.907753,0.193570
[MO866] Iteration,3,285,55.907925,0.193495
[MO866] Iteration,2,286,56.099682,0.193370
[MO866] Iteration,0,286,56.099872,0.193568
[MO866] Iteration,1,286,56.101137,0.193347
[MO866] Iteration,3,286,56.101414,0.193467
[MO866] Iteration,0,287,56.293444,0.193548
[MO866] Iteration,2,287,56.293453,0.193711
[MO866] Iteration,1,287,56.294934,0.193758
[MO866] Iteration,3,287,56.295073,0.193638
[MO866] Iteration,0,288,56.486967,0.193470
[MO866] Iteration,2,288,56.486964,0.193470
[MO866] Iteration,1,288,56.488398,0.193428
[MO866] Iteration,3,288,56.488591,0.193499
[MO866] Iteration,2,289,56.680580,0.193575
[MO866] Iteration,0,289,56.680802,0.193794
[MO866] Iteration,1,289,56.682137,0.193699
[MO866] Iteration,3,289,56.682357,0.193744
[MO866] Iteration,0,290,56.874336,0.193509
[MO866] Iteration,2,290,56.874163,0.193515
[MO866] Iteration,1,290,56.875781,0.193603
[MO866] Iteration,3,290,56.875972,0.193583
[MO866] Iteration,2,291,57.067946,0.193711
[MO866] Iteration,0,291,57.068263,0.193902
[MO866] Iteration,1,291,57.069580,0.193766
[MO866] Iteration,3,291,57.069827,0.193835
[MO866] Iteration,2,292,57.261287,0.193278
[MO866] Iteration,0,292,57.261525,0.193236
[MO866] Iteration,1,292,57.262854,0.193238
[MO866] Iteration,3,292,57.263130,0.193282
[MO866] Iteration,0,293,57.454797,0.193246
[MO866] Iteration,2,293,57.454700,0.193344
[MO866] Iteration,1,293,57.456213,0.193324
[MO866] Iteration,3,293,57.456411,0.193261
[MO866] Iteration,2,294,57.648366,0.193590
[MO866] Iteration,0,294,57.648548,0.193731
[MO866] Iteration,1,294,57.649914,0.193661
[MO866] Iteration,3,294,57.650116,0.193683
[MO866] Iteration,2,295,57.841484,0.193049
[MO866] Iteration,0,295,57.841782,0.193208
[MO866] Iteration,1,295,57.843101,0.193146
[MO866] Iteration,3,295,57.843365,0.193227
[MO866] Iteration,2,296,58.035366,0.193811
[MO866] Iteration,0,296,58.035491,0.193685
[MO866] Iteration,1,296,58.036871,0.193733
[MO866] Iteration,3,296,58.037068,0.193683
[MO866] Iteration,2,297,58.228532,0.193104
[MO866] Iteration,0,297,58.228833,0.193318
[MO866] Iteration,1,297,58.230134,0.193223
[MO866] Iteration,3,297,58.230419,0.193328
[MO866] Iteration,0,298,58.422647,0.193789
[MO866] Iteration,2,298,58.422528,0.193931
[MO866] Iteration,1,298,58.424093,0.193919
[MO866] Iteration,3,298,58.424266,0.193828
[MO866] Iteration,2,299,58.616108,0.193508
[MO866] Iteration,0,299,58.616348,0.193675
 Time step  300
[MO866] Iteration,1,299,58.617668,0.193537
[MO866] Iteration,3,299,58.617910,0.193622
[MO866] Iteration,2,300,58.809386,0.193212
[MO866] Iteration,0,300,58.809703,0.193329
[MO866] Iteration,1,300,58.811012,0.193304
[MO866] Iteration,3,300,58.811299,0.193368
[MO866] Iteration,2,301,59.002939,0.193483
[MO866] Iteration,0,301,59.003103,0.193373
[MO866] Iteration,1,301,59.004429,0.193382
[MO866] Iteration,3,301,59.004674,0.193355
[MO866] Iteration,2,302,59.196077,0.193078
[MO866] Iteration,0,302,59.196310,0.193187
[MO866] Iteration,1,302,59.197625,0.193156
[MO866] Iteration,3,302,59.197878,0.193183
[MO866] Iteration,2,303,59.389552,0.193408
[MO866] Iteration,0,303,59.389898,0.193565
[MO866] Iteration,1,303,59.391170,0.193505
[MO866] Iteration,3,303,59.391448,0.193549
[MO866] Iteration,2,304,59.583508,0.193884
[MO866] Iteration,0,304,59.583571,0.193650
[MO866] Iteration,1,304,59.584977,0.193771
[MO866] Iteration,3,304,59.585204,0.193736
[MO866] Iteration,2,305,59.776508,0.192939
[MO866] Iteration,0,305,59.776711,0.193112
[MO866] Iteration,1,305,59.778085,0.193069
[MO866] Iteration,3,305,59.778297,0.193070
[MO866] Iteration,0,306,59.970764,0.194027
[MO866] Iteration,2,306,59.970612,0.194036
[MO866] Iteration,1,306,59.972064,0.193939
[MO866] Iteration,3,306,59.972336,0.194016
[MO866] Iteration,2,307,60.164050,0.193368
[MO866] Iteration,0,307,60.164250,0.193464
[MO866] Iteration,1,307,60.165586,0.193483
[MO866] Iteration,3,307,60.165808,0.193451
[MO866] Iteration,2,308,60.357365,0.193250
[MO866] Iteration,0,308,60.357526,0.193249
[MO866] Iteration,1,308,60.358977,0.193352
[MO866] Iteration,3,308,60.359213,0.193384
[MO866] Iteration,2,309,60.551225,0.193789
[MO866] Iteration,0,309,60.551351,0.193799
[MO866] Iteration,1,309,60.552706,0.193694
[MO866] Iteration,3,309,60.552911,0.193678
[MO866] Iteration,2,310,60.744446,0.193158
[MO866] Iteration,0,310,60.744683,0.193308
[MO866] Iteration,1,310,60.746019,0.193273
[MO866] Iteration,3,310,60.746258,0.193324
[MO866] Iteration,2,311,60.938897,0.194383
[MO866] Iteration,0,311,60.939059,0.194349
[MO866] Iteration,1,311,60.940444,0.194389
[MO866] Iteration,3,311,60.940706,0.194428
[MO866] Iteration,2,312,61.132402,0.193452
[MO866] Iteration,0,312,61.132593,0.193512
[MO866] Iteration,1,312,61.133967,0.193488
[MO866] Iteration,3,312,61.134149,0.193422
[MO866] Iteration,2,313,61.325595,0.193125
[MO866] Iteration,0,313,61.325794,0.193176
[MO866] Iteration,1,313,61.327158,0.193151
[MO866] Iteration,3,313,61.327409,0.193238
[MO866] Iteration,0,314,61.519060,0.193237
[MO866] Iteration,2,314,61.518967,0.193300
[MO866] Iteration,1,314,61.520417,0.193224
[MO866] Iteration,3,314,61.520690,0.193260
[MO866] Iteration,2,315,61.712694,0.193667
[MO866] Iteration,0,315,61.712876,0.193784
[MO866] Iteration,1,315,61.714258,0.193803
[MO866] Iteration,3,315,61.714455,0.193744
[MO866] Iteration,0,316,61.906297,0.193397
[MO866] Iteration,2,316,61.906532,0.193768
[MO866] Iteration,3,316,61.907929,0.193455
[MO866] Iteration,1,316,61.908011,0.193713
[MO866] Iteration,2,317,62.100148,0.193593
[MO866] Iteration,0,317,62.100375,0.194010
[MO866] Iteration,1,317,62.101727,0.193691
[MO866] Iteration,3,317,62.101945,0.193980
[MO866] Iteration,2,318,62.293552,0.193340
[MO866] Iteration,0,318,62.293706,0.193306
[MO866] Iteration,1,318,62.295125,0.193356
[MO866] Iteration,3,318,62.295286,0.193319
[MO866] Iteration,2,319,62.487973,0.194347
[MO866] Iteration,0,319,62.487940,0.194208
 Time step  320
[MO866] Iteration,3,319,62.489554,0.194248
[MO866] Iteration,1,319,62.489453,0.194293
[MO866] Iteration,2,320,62.681041,0.193047
[MO866] Iteration,0,320,62.681210,0.193214
[MO866] Iteration,1,320,62.682576,0.193081
[MO866] Iteration,3,320,62.682805,0.193229
[MO866] Iteration,2,321,62.874018,0.192909
[MO866] Iteration,0,321,62.874256,0.193018
[MO866] Iteration,1,321,62.875593,0.192981
[MO866] Iteration,3,321,62.875826,0.193001
[MO866] Iteration,0,322,63.068189,0.193908
[MO866] Iteration,2,322,63.068160,0.194072
[MO866] Iteration,1,322,63.069643,0.194013
[MO866] Iteration,3,322,63.069765,0.193918
[MO866] Iteration,2,323,63.261363,0.193148
[MO866] Iteration,0,323,63.261518,0.193299
[MO866] Iteration,1,323,63.262900,0.193216
[MO866] Iteration,3,323,63.263116,0.193328
[MO866] Iteration,0,324,63.455214,0.193670
[MO866] Iteration,2,324,63.455206,0.193773
[MO866] Iteration,1,324,63.456627,0.193690
[MO866] Iteration,3,324,63.456832,0.193696
[MO866] Iteration,2,325,63.648507,0.193256
[MO866] Iteration,0,325,63.648716,0.193463
[MO866] Iteration,1,325,63.650043,0.193374
[MO866] Iteration,3,325,63.650306,0.193452
[MO866] Iteration,2,326,63.841580,0.193005
[MO866] Iteration,0,326,63.841800,0.193058
[MO866] Iteration,1,326,63.843162,0.193077
[MO866] Iteration,3,326,63.843411,0.193084
[MO866] Iteration,2,327,64.040099,0.198448
[MO866] Iteration,0,327,64.040682,0.198857
[MO866] Iteration,1,327,64.048965,0.205768
[MO866] Iteration,3,327,64.049403,0.205971
[MO866] Iteration,2,328,64.248275,0.208127
[MO866] Iteration,0,328,64.248684,0.207983
[MO866] Iteration,1,328,64.249885,0.200874
[MO866] Iteration,3,328,64.250176,0.200731
[MO866] Iteration,2,329,64.441637,0.193296
[MO866] Iteration,0,329,64.441919,0.193211
[MO866] Iteration,1,329,64.443213,0.193285
[MO866] Iteration,3,329,64.443474,0.193275
[MO866] Iteration,2,330,64.635024,0.193319
[MO866] Iteration,0,330,64.635161,0.193217
[MO866] Iteration,1,330,64.636467,0.193218
[MO866] Iteration,3,330,64.636726,0.193232
[MO866] Iteration,2,331,64.828377,0.193289
[MO866] Iteration,0,331,64.828547,0.193363
[MO866] Iteration,1,331,64.829913,0.193407
[MO866] Iteration,3,331,64.830091,0.193343
[MO866] Iteration,2,332,65.023067,0.194620
[MO866] Iteration,0,332,65.023270,0.194697
[MO866] Iteration,1,332,65.024653,0.194703
[MO866] Iteration,3,332,65.024834,0.194721
[MO866] Iteration,2,333,65.216165,0.193028
[MO866] Iteration,0,333,65.216475,0.193181
[MO866] Iteration,1,333,65.217755,0.193061
[MO866] Iteration,3,333,65.218035,0.193179
[MO866] Iteration,1,334,65.414673,0.196877
[MO866] Iteration,3,334,65.414660,0.196603
[MO866] Iteration,0,334,65.420092,0.203590
[MO866] Iteration,2,334,65.420367,0.204139
[MO866] Iteration,2,335,65.610496,0.190101
[MO866] Iteration,0,335,65.610851,0.190713
[MO866] Iteration,1,335,65.612065,0.197355
[MO866] Iteration,3,335,65.612383,0.197674
[MO866] Iteration,2,336,65.803829,0.193267
[MO866] Iteration,0,336,65.804054,0.193181
[MO866] Iteration,1,336,65.805344,0.193240
[MO866] Iteration,3,336,65.805604,0.193199
[MO866] Iteration,2,337,65.997600,0.193707
[MO866] Iteration,0,337,65.997857,0.193779
[MO866] Iteration,1,337,65.999274,0.193891
[MO866] Iteration,3,337,65.999475,0.193848
[MO866] Iteration,2,338,66.193202,0.195521
[MO866] Iteration,0,338,66.193376,0.195492
[MO866] Iteration,1,338,66.194798,0.195486
[MO866] Iteration,3,338,66.195020,0.195524
[MO866] Iteration,2,339,66.386763,0.193489
[MO866] Iteration,0,339,66.386836,0.193433
 Time step  340
[MO866] Iteration,1,339,66.388278,0.193446
[MO866] Iteration,3,339,66.388465,0.193426
[MO866] Iteration,2,340,66.580922,0.194087
[MO866] Iteration,0,340,66.581139,0.194284
[MO866] Iteration,1,340,66.582484,0.194167
[MO866] Iteration,3,340,66.582725,0.194238
[MO866] Iteration,2,341,66.774145,0.193152
[MO866] Iteration,0,341,66.774309,0.193145
[MO866] Iteration,1,341,66.775682,0.193161
[MO866] Iteration,3,341,66.775904,0.193159
[MO866] Iteration,2,342,66.967686,0.193472
[MO866] Iteration,0,342,66.967883,0.193549
[MO866] Iteration,1,342,66.969197,0.193478
[MO866] Iteration,3,342,66.969442,0.193516
[MO866] Iteration,2,343,67.161129,0.193385
[MO866] Iteration,0,343,67.161416,0.193509
[MO866] Iteration,1,343,67.162731,0.193492
[MO866] Iteration,3,343,67.162986,0.193522
[MO866] Iteration,2,344,67.354505,0.193305
[MO866] Iteration,0,344,67.354697,0.193256
[MO866] Iteration,1,344,67.356053,0.193287
[MO866] Iteration,3,344,67.356269,0.193264
[MO866] Iteration,2,345,67.547967,0.193394
[MO866] Iteration,0,345,67.548188,0.193467
[MO866] Iteration,1,345,67.549489,0.193397
[MO866] Iteration,3,345,67.549738,0.193448
[MO866] Iteration,2,346,67.741479,0.193449
[MO866] Iteration,0,346,67.741593,0.193382
[MO866] Iteration,1,346,67.743032,0.193502
[MO866] Iteration,3,346,67.743211,0.193451
[MO866] Iteration,0,347,67.934871,0.193240
[MO866] Iteration,2,347,67.934953,0.193397
[MO866] Iteration,1,347,67.936366,0.193299
[MO866] Iteration,3,347,67.936515,0.193285
[MO866] Iteration,2,348,68.128207,0.193217
[MO866] Iteration,0,348,68.128486,0.193554
[MO866] Iteration,1,348,68.129799,0.193395
[MO866] Iteration,3,348,68.130053,0.193515
[MO866] Iteration,2,349,68.321634,0.193365
[MO866] Iteration,0,349,68.321859,0.193346
[MO866] Iteration,1,349,68.323215,0.193375
[MO866] Iteration,3,349,68.323420,0.193345
[MO866] Iteration,2,350,68.514980,0.193272
[MO866] Iteration,0,350,68.515165,0.193278
[MO866] Iteration,1,350,68.516545,0.193293
[MO866] Iteration,3,350,68.516756,0.193317
[MO866] Iteration,2,351,68.708678,0.193637
[MO866] Iteration,0,351,68.708963,0.193775
[MO866] Iteration,1,351,68.710241,0.193657
[MO866] Iteration,3,351,68.710531,0.193753
[MO866] Iteration,2,352,68.902120,0.193372
[MO866] Iteration,0,352,68.902454,0.193465
[MO866] Iteration,1,352,68.903718,0.193437
[MO866] Iteration,3,352,68.904014,0.193464
[MO866] Iteration,2,353,69.096163,0.193975
[MO866] Iteration,0,353,69.096392,0.193916
[MO866] Iteration,1,353,69.097671,0.193916
[MO866] Iteration,3,353,69.097891,0.193855
[MO866] Iteration,2,354,69.289727,0.193501
[MO866] Iteration,0,354,69.289848,0.193431
[MO866] Iteration,1,354,69.291221,0.193510
[MO866] Iteration,3,354,69.291373,0.193459
[MO866] Iteration,0,355,69.483440,0.193568
[MO866] Iteration,2,355,69.483380,0.193582
[MO866] Iteration,1,355,69.484851,0.193596
[MO866] Iteration,3,355,69.485039,0.193646
[MO866] Iteration,2,356,69.676510,0.193068
[MO866] Iteration,0,356,69.676894,0.193430
[MO866] Iteration,1,356,69.678117,0.193227
[MO866] Iteration,3,356,69.678438,0.193378
[MO866] Iteration,2,357,69.869688,0.193111
[MO866] Iteration,0,357,69.869985,0.193069
[MO866] Iteration,1,357,69.871306,0.193150
[MO866] Iteration,3,357,69.871567,0.193111
[MO866] Iteration,2,358,70.063392,0.193628
[MO866] Iteration,0,358,70.063638,0.193629
[MO866] Iteration,1,358,70.064849,0.193509
[MO866] Iteration,3,358,70.065107,0.193519
[MO866] Iteration,2,359,70.256653,0.193201
[MO866] Iteration,0,359,70.256970,0.193310
 Time step  360
[MO866] Iteration,1,359,70.258257,0.193369
[MO866] Iteration,3,359,70.258526,0.193397
[MO866] Iteration,2,360,70.450268,0.193555
[MO866] Iteration,0,360,70.450450,0.193455
[MO866] Iteration,1,360,70.451885,0.193587
[MO866] Iteration,3,360,70.452056,0.193511
[MO866] Iteration,2,361,70.644364,0.194025
[MO866] Iteration,0,361,70.644709,0.194238
[MO866] Iteration,1,361,70.645979,0.194055
[MO866] Iteration,3,361,70.646233,0.194155
[MO866] Iteration,2,362,70.837677,0.193247
[MO866] Iteration,0,362,70.837867,0.193135
[MO866] Iteration,1,362,70.839267,0.193248
[MO866] Iteration,3,362,70.839477,0.193222
[MO866] Iteration,2,363,71.031593,0.193845
[MO866] Iteration,0,363,71.031854,0.193962
[MO866] Iteration,1,363,71.033079,0.193776
[MO866] Iteration,3,363,71.033407,0.193909
[MO866] Iteration,2,364,71.225013,0.193360
[MO866] Iteration,0,364,71.225206,0.193330
[MO866] Iteration,1,364,71.226601,0.193481
[MO866] Iteration,3,364,71.226827,0.193398
[MO866] Iteration,2,365,71.418237,0.193156
[MO866] Iteration,0,365,71.418558,0.193325
[MO866] Iteration,1,365,71.419872,0.193235
[MO866] Iteration,3,365,71.420103,0.193257
[MO866] Iteration,0,366,71.611858,0.193279
[MO866] Iteration,2,366,71.611835,0.193524
[MO866] Iteration,1,366,71.613309,0.193400
[MO866] Iteration,3,366,71.613433,0.193309
[MO866] Iteration,2,367,71.805145,0.193260
[MO866] Iteration,0,367,71.805311,0.193423
[MO866] Iteration,1,367,71.806702,0.193352
[MO866] Iteration,3,367,71.806914,0.193459
[MO866] Iteration,0,368,71.999548,0.194214
[MO866] Iteration,2,368,71.999424,0.194207
[MO866] Iteration,1,368,72.000904,0.194166
[MO866] Iteration,3,368,72.001114,0.194181
[MO866] Iteration,2,369,72.193425,0.193934
[MO866] Iteration,0,369,72.193507,0.193937
[MO866] Iteration,1,369,72.195009,0.194064
[MO866] Iteration,3,369,72.195104,0.193968
[MO866] Iteration,2,370,72.386656,0.193159
[MO866] Iteration,0,370,72.386969,0.193428
[MO866] Iteration,1,370,72.388233,0.193188
[MO866] Iteration,3,370,72.388511,0.193387
[MO866] Iteration,2,371,72.581141,0.194411
[MO866] Iteration,0,371,72.581256,0.194265
[MO866] Iteration,1,371,72.582635,0.194365
[MO866] Iteration,3,371,72.582910,0.194377
[MO866] Iteration,2,372,72.774180,0.192964
[MO866] Iteration,0,372,72.774332,0.193046
[MO866] Iteration,1,372,72.775794,0.193129
[MO866] Iteration,3,372,72.775965,0.193037
[MO866] Iteration,0,373,72.968077,0.193719
[MO866] Iteration,2,373,72.967993,0.193741
[MO866] Iteration,1,373,72.969489,0.193658
[MO866] Iteration,3,373,72.969689,0.193703
[MO866] Iteration,2,374,73.161152,0.193095
[MO866] Iteration,0,374,73.161238,0.193138
[MO866] Iteration,1,374,73.162674,0.193145
[MO866] Iteration,3,374,73.162871,0.193162
[MO866] Iteration,0,375,73.354706,0.193441
[MO866] Iteration,2,375,73.354547,0.193323
[MO866] Iteration,1,375,73.356063,0.193353
[MO866] Iteration,3,375,73.356306,0.193416
[MO866] Iteration,2,376,73.548392,0.193770
[MO866] Iteration,0,376,73.548693,0.193961
[MO866] Iteration,1,376,73.549972,0.193871
[MO866] Iteration,3,376,73.550215,0.193887
[MO866] Iteration,2,377,73.741771,0.193310
[MO866] Iteration,0,377,73.741939,0.193221
[MO866] Iteration,1,377,73.743312,0.193298
[MO866] Iteration,3,377,73.743547,0.193310
[MO866] Iteration,2,378,73.935394,0.193551
[MO866] Iteration,0,378,73.935566,0.193603
[MO866] Iteration,1,378,73.936901,0.193552
[MO866] Iteration,3,378,73.937121,0.193553
[MO866] Iteration,2,379,74.128499,0.193045
[MO866] Iteration,0,379,74.128734,0.193146
 Time step  380
[MO866] Iteration,1,379,74.130077,0.193133
[MO866] Iteration,3,379,74.130261,0.193117
[MO866] Iteration,2,380,74.321920,0.193351
[MO866] Iteration,0,380,74.322101,0.193341
[MO866] Iteration,1,380,74.323482,0.193364
[MO866] Iteration,3,380,74.323716,0.193433
[MO866] Iteration,2,381,74.515812,0.193821
[MO866] Iteration,0,381,74.515948,0.193823
[MO866] Iteration,1,381,74.517289,0.193771
[MO866] Iteration,3,381,74.517529,0.193793
[MO866] Iteration,2,382,74.708970,0.193095
[MO866] Iteration,0,382,74.709217,0.193245
[MO866] Iteration,1,382,74.710534,0.193206
[MO866] Iteration,3,382,74.710791,0.193241
[MO866] Iteration,2,383,74.902630,0.193590
[MO866] Iteration,0,383,74.902838,0.193596
[MO866] Iteration,1,383,74.904128,0.193559
[MO866] Iteration,3,383,74.904399,0.193589
[MO866] Iteration,2,384,75.096473,0.193770
[MO866] Iteration,0,384,75.096556,0.193695
[MO866] Iteration,3,384,75.098109,0.193688
[MO866] Iteration,1,384,75.098028,0.193862
[MO866] Iteration,2,385,75.289985,0.193444
[MO866] Iteration,0,385,75.290178,0.193581
[MO866] Iteration,1,385,75.291501,0.193434
[MO866] Iteration,3,385,75.291679,0.193548
[MO866] Iteration,2,386,75.483789,0.193752
[MO866] Iteration,0,386,75.483956,0.193753
[MO866] Iteration,1,386,75.485304,0.193767
[MO866] Iteration,3,386,75.485528,0.193829
[MO866] Iteration,2,387,75.676969,0.193116
[MO866] Iteration,0,387,75.677218,0.193237
[MO866] Iteration,1,387,75.678531,0.193188
[MO866] Iteration,3,387,75.678789,0.193238
[MO866] Iteration,2,388,75.870134,0.193096
[MO866] Iteration,0,388,75.870380,0.193137
[MO866] Iteration,1,388,75.871762,0.193196
[MO866] Iteration,3,388,75.871986,0.193177
[MO866] Iteration,2,389,76.064888,0.194680
[MO866] Iteration,0,389,76.065000,0.194601
[MO866] Iteration,1,389,76.066437,0.194639
[MO866] Iteration,3,389,76.066627,0.194620
[MO866] Iteration,2,390,76.258176,0.193218
[MO866] Iteration,0,390,76.258384,0.193346
[MO866] Iteration,1,390,76.259747,0.193274
[MO866] Iteration,3,390,76.259986,0.193339
[MO866] Iteration,2,391,76.451736,0.193487
[MO866] Iteration,0,391,76.451988,0.193582
[MO866] Iteration,1,391,76.453297,0.193515
[MO866] Iteration,3,391,76.453575,0.193568
[MO866] Iteration,2,392,76.644868,0.193070
[MO866] Iteration,0,392,76.645140,0.193128
[MO866] Iteration,1,392,76.646449,0.193115
[MO866] Iteration,3,392,76.646731,0.193135
[MO866] Iteration,2,393,76.838111,0.193171
[MO866] Iteration,0,393,76.838331,0.193164
[MO866] Iteration,1,393,76.839727,0.193243
[MO866] Iteration,3,393,76.839979,0.193229
[MO866] Iteration,2,394,77.031565,0.193384
[MO866] Iteration,0,394,77.031846,0.193490
[MO866] Iteration,1,394,77.033061,0.193297
[MO866] Iteration,3,394,77.033358,0.193359
[MO866] Iteration,2,395,77.224712,0.193087
[MO866] Iteration,0,395,77.224950,0.193081
[MO866] Iteration,1,395,77.226319,0.193218
[MO866] Iteration,3,395,77.226561,0.193182
[MO866] Iteration,2,396,77.418088,0.193305
[MO866] Iteration,0,396,77.418301,0.193327
[MO866] Iteration,1,396,77.419652,0.193293
[MO866] Iteration,3,396,77.419902,0.193321
[MO866] Iteration,0,397,77.611699,0.193372
[MO866] Iteration,2,397,77.611634,0.193475
[MO866] Iteration,1,397,77.613053,0.193367
[MO866] Iteration,3,397,77.613329,0.193407
[MO866] Iteration,2,398,77.804635,0.192939
[MO866] Iteration,0,398,77.804973,0.193244
[MO866] Iteration,1,398,77.806247,0.193154
[MO866] Iteration,3,398,77.806531,0.193179
[MO866] Iteration,0,399,77.998591,0.193593
 Time step  400
[MO866] Iteration,2,399,77.998443,0.193741
[MO866] Iteration,1,399,77.999996,0.193710
[MO866] Iteration,3,399,78.000218,0.193669
[MO866] Iteration,2,400,78.192218,0.193703
[MO866] Iteration,0,400,78.192498,0.193874
[MO866] Iteration,1,400,78.193605,0.193571
[MO866] Iteration,3,400,78.193844,0.193604
 Verification being performed for class B
 accuracy setting for epsilon =  0.1000000000000E-07
 Comparison of RMS-norms of residual
           1 0.6903293579998E+02 0.6903293579998E+02 0.5661044255750E-13
           2 0.3095134488084E+02 0.3095134488084E+02 0.8861311101644E-13
           3 0.4103336647017E+02 0.4103336647017E+02 0.1163649876931E-12
           4 0.3864769009604E+02 0.3864769009604E+02 0.3051931275661E-13
           5 0.5643482272596E+02 0.5643482272596E+02 0.5590182788549E-13
[MO866] PI avg,1,0.194377,400
[MO866] Beta,1,0.000878
[MO866] Total time,1,78.261901
[MO866] PI avg,2,0.194347,400
[MO866] Beta,2,0.000896
[MO866] Total time,2,78.261883
[MO866] PI avg,3,0.194395,400
[MO866] Beta,3,0.000875
[MO866] Total time,3,78.261906
 Comparison of RMS-norms of solution error
           1 0.9810006190188E-02 0.9810006190188E-02 0.4792148474482E-13
           2 0.1022827905670E-02 0.1022827905670E-02 0.3962296783540E-12
           3 0.1720597911692E-02 0.1720597911692E-02 0.1548862126276E-12
           4 0.1694479428231E-02 0.1694479428231E-02 0.1122286041870E-12
           5 0.1847456263981E-01 0.1847456263981E-01 0.7624513174985E-13
 Verification Successful


 SP Benchmark Completed.
 Class           =                        B
 Size            =            102x 102x 102
 Iterations      =                      400
 Time in seconds =                    77.77
 Total processes =                        4
 Active procs    =                        4
 Mop/s total     =                  4565.10
 Mop/s/process   =                  1141.28
 Operation type  =           floating point
 Verification    =               SUCCESSFUL
 Version         =                      3.4
 Compile date    =              15 Jun 2020

 Compile options:
    MPIFC        = mpif90
    FLINK        = $(MPIFC)
    FMPI_LIB     = (none)
    FMPI_INC     = (none)
    FFLAGS       = -O3
    FLINKFLAGS   = $(FFLAGS) -O ../kernel_stats/kernel_stats.o...
    RAND         = (none)


 Please send feedbacks and/or the results of this run to:

 NPB Development Team 
 Internet: npb@nas.nasa.gov


[MO866] PI avg,0,0.194386,400
[MO866] Beta,0,0.000897
[MO866] Total time,0,78.262247
