--------------------------------------------------------------------------
[[36695,1],0]: A high-performance Open MPI point-to-point messaging module
was unable to find any relevant network interfaces:

Module: OpenFabrics (openib)
  Host: node06

Another transport will be used instead, although this may result in
lower performance.

NOTE: You can disable this warning by setting the MCA parameter
btl_base_warn_component_unused to 0.
--------------------------------------------------------------------------


 NAS Parallel Benchmarks 3.4 -- SP Benchmark

[MO866] Total time,1,0.000001
 No input file inputsp.data. Using compiled defaults
 Size:  162x 162x 162  (class C)
 Iterations:  400    dt:   0.0006700
 WARNING: Number of active processes:     1
 Total number of processes:     2

[MO866] Init time,0,5.977545
 Time step    1
[MO866] Iteration,0,1,8.342093,2.364504
[MO866] Iteration,0,2,10.735382,2.393244
[MO866] Iteration,0,3,13.022139,2.286724
[MO866] Iteration,0,4,15.332108,2.309929
[MO866] Iteration,0,5,17.660622,2.328471
[MO866] Iteration,0,6,19.903367,2.242683
[MO866] Iteration,0,7,22.157089,2.253685
[MO866] Iteration,0,8,24.425310,2.268192
[MO866] Iteration,0,9,26.665127,2.239789
[MO866] Iteration,0,10,28.951706,2.286539
[MO866] Iteration,0,11,31.152806,2.201057
[MO866] Iteration,0,12,33.479533,2.326695
[MO866] Iteration,0,13,35.656000,2.176428
[MO866] Iteration,0,14,37.884099,2.228066
[MO866] Iteration,0,15,40.136293,2.252150
[MO866] Iteration,0,16,42.415859,2.279532
[MO866] Iteration,0,17,44.653610,2.237717
[MO866] Iteration,0,18,46.825682,2.172032
[MO866] Iteration,0,19,49.058374,2.232661
 Time step   20
[MO866] Iteration,0,20,51.283548,2.225133
[MO866] Iteration,0,21,53.484078,2.200496
[MO866] Iteration,0,22,55.808354,2.324242
[MO866] Iteration,0,23,57.984246,2.175852
[MO866] Iteration,0,24,60.164164,2.179884
[MO866] Iteration,0,25,62.393887,2.229689
[MO866] Iteration,0,26,64.618831,2.224904
[MO866] Iteration,0,27,66.819374,2.200510
[MO866] Iteration,0,28,69.084354,2.264945
[MO866] Iteration,0,29,71.321739,2.237350
[MO866] Iteration,0,30,73.494253,2.172477
[MO866] Iteration,0,31,75.681418,2.187134
[MO866] Iteration,0,32,77.921223,2.239777
[MO866] Iteration,0,33,80.149824,2.228560
[MO866] Iteration,0,34,82.353828,2.203973
[MO866] Iteration,0,35,84.560089,2.206230
[MO866] Iteration,0,36,86.794314,2.234191
[MO866] Iteration,0,37,89.034938,2.240592
[MO866] Iteration,0,38,91.208603,2.173624
[MO866] Iteration,0,39,93.385898,2.177262
 Time step   40
[MO866] Iteration,0,40,95.631263,2.245336
[MO866] Iteration,0,41,97.801878,2.170574
[MO866] Iteration,0,42,100.032504,2.230596
[MO866] Iteration,0,43,102.205589,2.173051
[MO866] Iteration,0,44,104.431695,2.226075
[MO866] Iteration,0,45,106.665484,2.233755
[MO866] Iteration,0,46,108.849369,2.183855
[MO866] Iteration,0,47,111.083697,2.234299
[MO866] Iteration,0,48,113.257016,2.173280
[MO866] Iteration,0,49,115.426284,2.169237
[MO866] Iteration,0,50,117.600876,2.174562
[MO866] Iteration,0,51,119.826779,2.225863
[MO866] Iteration,0,52,122.000960,2.174147
[MO866] Iteration,0,53,124.226174,2.225184
[MO866] Iteration,0,54,126.424738,2.198533
[MO866] Iteration,0,55,128.627622,2.202852
[MO866] Iteration,0,56,130.840587,2.212933
[MO866] Iteration,0,57,133.026551,2.185931
[MO866] Iteration,0,58,135.267886,2.241304
[MO866] Iteration,0,59,137.442269,2.174343
 Time step   60
[MO866] Iteration,0,60,139.611390,2.169091
[MO866] Iteration,0,61,141.782103,2.170681
[MO866] Iteration,0,62,143.951773,2.169639
[MO866] Iteration,0,63,146.185248,2.233441
[MO866] Iteration,0,64,148.383333,2.198047
[MO866] Iteration,0,65,150.628263,2.244896
[MO866] Iteration,0,66,152.835395,2.207098
[MO866] Iteration,0,67,155.005348,2.169920
[MO866] Iteration,0,68,157.202919,2.197541
[MO866] Iteration,0,69,159.406393,2.203440
[MO866] Iteration,0,70,161.638150,2.231725
[MO866] Iteration,0,71,163.814819,2.176639
[MO866] Iteration,0,72,166.043428,2.228575
[MO866] Iteration,0,73,168.225041,2.181573
[MO866] Iteration,0,74,170.401089,2.176018
[MO866] Iteration,0,75,172.570910,2.169791
[MO866] Iteration,0,76,174.741001,2.170058
[MO866] Iteration,0,77,176.911034,2.170002
[MO866] Iteration,0,78,179.142653,2.231586
[MO866] Iteration,0,79,181.312449,2.169754
 Time step   80
[MO866] Iteration,0,80,183.482331,2.169848
[MO866] Iteration,0,81,185.706722,2.224360
[MO866] Iteration,0,82,187.893327,2.186572
[MO866] Iteration,0,83,190.086841,2.193484
[MO866] Iteration,0,84,192.296097,2.209222
[MO866] Iteration,0,85,194.472359,2.176228
[MO866] Iteration,0,86,196.695264,2.222872
[MO866] Iteration,0,87,198.880226,2.184929
[MO866] Iteration,0,88,201.050830,2.170568
[MO866] Iteration,0,89,203.282563,2.231699
[MO866] Iteration,0,90,205.456409,2.173808
[MO866] Iteration,0,91,207.626157,2.169715
[MO866] Iteration,0,92,209.795308,2.169120
[MO866] Iteration,0,93,211.965388,2.170048
[MO866] Iteration,0,94,214.140819,2.175401
[MO866] Iteration,0,95,216.310049,2.169199
[MO866] Iteration,0,96,218.539581,2.229502
[MO866] Iteration,0,97,220.737404,2.197780
[MO866] Iteration,0,98,222.939655,2.202223
[MO866] Iteration,0,99,225.168421,2.228733
 Time step  100
[MO866] Iteration,0,100,227.340709,2.172254
[MO866] Iteration,0,101,229.510328,2.169587
[MO866] Iteration,0,102,231.703467,2.193107
[MO866] Iteration,0,103,233.905759,2.202259
[MO866] Iteration,0,104,236.074737,2.168948
[MO866] Iteration,0,105,238.244318,2.169552
[MO866] Iteration,0,106,240.474800,2.230450
[MO866] Iteration,0,107,242.650151,2.175320
[MO866] Iteration,0,108,244.820131,2.169950
[MO866] Iteration,0,109,247.048402,2.228238
[MO866] Iteration,0,110,249.222000,2.173558
[MO866] Iteration,0,111,251.391108,2.169078
[MO866] Iteration,0,112,253.560225,2.169084
[MO866] Iteration,0,113,255.729845,2.169588
[MO866] Iteration,0,114,257.898864,2.168988
[MO866] Iteration,0,115,260.068526,2.169629
[MO866] Iteration,0,116,262.238700,2.170140
[MO866] Iteration,0,117,264.470748,2.232016
[MO866] Iteration,0,118,266.673757,2.202970
[MO866] Iteration,0,119,268.863424,2.189638
 Time step  120
[MO866] Iteration,0,120,271.032473,2.169015
[MO866] Iteration,0,121,273.260229,2.227722
[MO866] Iteration,0,122,275.436070,2.175812
[MO866] Iteration,0,123,277.605055,2.168951
[MO866] Iteration,0,124,279.774553,2.169468
[MO866] Iteration,0,125,281.972308,2.197723
[MO866] Iteration,0,126,284.176054,2.203712
[MO866] Iteration,0,127,286.346748,2.170660
[MO866] Iteration,0,128,288.519082,2.172302
[MO866] Iteration,0,129,290.735755,2.216640
[MO866] Iteration,0,130,292.923149,2.187359
[MO866] Iteration,0,131,295.092600,2.169417
[MO866] Iteration,0,132,297.261381,2.168746
[MO866] Iteration,0,133,299.430756,2.169350
[MO866] Iteration,0,134,301.665969,2.235182
[MO866] Iteration,0,135,303.838569,2.172563
[MO866] Iteration,0,136,306.007994,2.169394
[MO866] Iteration,0,137,308.178112,2.170084
[MO866] Iteration,0,138,310.351012,2.172870
[MO866] Iteration,0,139,312.520618,2.169573
 Time step  140
[MO866] Iteration,0,140,314.697650,2.176990
[MO866] Iteration,0,141,316.867216,2.169535
[MO866] Iteration,0,142,319.111803,2.244554
[MO866] Iteration,0,143,321.284225,2.172382
[MO866] Iteration,0,144,323.453328,2.169072
[MO866] Iteration,0,145,325.628141,2.174786
[MO866] Iteration,0,146,327.797051,2.168876
[MO866] Iteration,0,147,330.042538,2.245456
[MO866] Iteration,0,148,332.224543,2.181974
[MO866] Iteration,0,149,334.408312,2.183735
[MO866] Iteration,0,150,336.611953,2.203609
[MO866] Iteration,0,151,338.786350,2.174363
[MO866] Iteration,0,152,341.013603,2.227223
[MO866] Iteration,0,153,343.183572,2.169940
[MO866] Iteration,0,154,345.352807,2.169200
[MO866] Iteration,0,155,347.521980,2.169141
[MO866] Iteration,0,156,349.759431,2.237421
[MO866] Iteration,0,157,351.935557,2.176092
[MO866] Iteration,0,158,354.104529,2.168940
[MO866] Iteration,0,159,356.275969,2.171407
 Time step  160
[MO866] Iteration,0,160,358.454773,2.178771
[MO866] Iteration,0,161,360.692399,2.237594
[MO866] Iteration,0,162,362.864770,2.172330
[MO866] Iteration,0,163,365.034289,2.169487
[MO866] Iteration,0,164,367.203615,2.169296
[MO866] Iteration,0,165,369.373005,2.169355
[MO866] Iteration,0,166,371.542929,2.169893
[MO866] Iteration,0,167,373.712611,2.169650
[MO866] Iteration,0,168,375.882291,2.169623
[MO866] Iteration,0,169,378.051630,2.169308
[MO866] Iteration,0,170,380.303691,2.252028
[MO866] Iteration,0,171,382.479941,2.176209
[MO866] Iteration,0,172,384.648954,2.168981
[MO866] Iteration,0,173,386.848538,2.199555
[MO866] Iteration,0,174,389.111186,2.262616
[MO866] Iteration,0,175,391.284727,2.173507
[MO866] Iteration,0,176,393.459304,2.174543
[MO866] Iteration,0,177,395.628406,2.169069
[MO866] Iteration,0,178,397.797229,2.168789
[MO866] Iteration,0,179,399.989165,2.191906
 Time step  180
[MO866] Iteration,0,180,402.191414,2.202208
[MO866] Iteration,0,181,404.360614,2.169166
[MO866] Iteration,0,182,406.529716,2.169043
[MO866] Iteration,0,183,408.699080,2.169336
[MO866] Iteration,0,184,410.933803,2.234691
[MO866] Iteration,0,185,413.104519,2.170688
[MO866] Iteration,0,186,415.273480,2.168928
[MO866] Iteration,0,187,417.442171,2.168661
[MO866] Iteration,0,188,419.670607,2.228406
[MO866] Iteration,0,189,421.841404,2.170759
[MO866] Iteration,0,190,424.010253,2.168819
[MO866] Iteration,0,191,426.178831,2.168548
[MO866] Iteration,0,192,428.348038,2.169174
[MO866] Iteration,0,193,430.516638,2.168566
[MO866] Iteration,0,194,432.688838,2.172142
[MO866] Iteration,0,195,434.873514,2.184644
[MO866] Iteration,0,196,437.039207,2.165663
[MO866] Iteration,0,197,439.268803,2.229562
[MO866] Iteration,0,198,441.438513,2.169665
[MO866] Iteration,0,199,443.607684,2.169138
 Time step  200
[MO866] Iteration,0,200,445.777829,2.170111
[MO866] Iteration,0,201,447.947210,2.169349
[MO866] Iteration,0,202,450.176832,2.229587
[MO866] Iteration,0,203,452.349639,2.172775
[MO866] Iteration,0,204,454.519535,2.169866
[MO866] Iteration,0,205,456.688797,2.169227
[MO866] Iteration,0,206,458.858287,2.169459
[MO866] Iteration,0,207,461.084726,2.226408
[MO866] Iteration,0,208,463.254057,2.169300
[MO866] Iteration,0,209,465.425530,2.171442
[MO866] Iteration,0,210,467.592333,2.166770
[MO866] Iteration,0,211,469.827206,2.234837
[MO866] Iteration,0,212,472.004405,2.177165
[MO866] Iteration,0,213,474.170579,2.166141
[MO866] Iteration,0,214,476.334798,2.164186
[MO866] Iteration,0,215,478.501375,2.166542
[MO866] Iteration,0,216,480.737031,2.235626
[MO866] Iteration,0,217,482.907757,2.170685
[MO866] Iteration,0,218,485.075042,2.167252
[MO866] Iteration,0,219,487.238859,2.163784
 Time step  220
[MO866] Iteration,0,220,489.403498,2.164604
[MO866] Iteration,0,221,491.572274,2.168742
[MO866] Iteration,0,222,493.740662,2.168354
[MO866] Iteration,0,223,495.911321,2.170616
[MO866] Iteration,0,224,498.099323,2.187965
[MO866] Iteration,0,225,500.342305,2.242948
[MO866] Iteration,0,226,502.511417,2.169071
[MO866] Iteration,0,227,504.680195,2.168745
[MO866] Iteration,0,228,506.847504,2.167274
[MO866] Iteration,0,229,509.045967,2.198429
[MO866] Iteration,0,230,511.243499,2.197502
[MO866] Iteration,0,231,513.411854,2.168321
[MO866] Iteration,0,232,515.579274,2.167387
[MO866] Iteration,0,233,517.753586,2.174279
[MO866] Iteration,0,234,519.982380,2.228764
[MO866] Iteration,0,235,522.194968,2.212555
[MO866] Iteration,0,236,524.364091,2.169089
[MO866] Iteration,0,237,526.533079,2.168955
[MO866] Iteration,0,238,528.701804,2.168695
[MO866] Iteration,0,239,530.935368,2.233535
 Time step  240
[MO866] Iteration,0,240,533.104934,2.169533
[MO866] Iteration,0,241,535.272563,2.167598
[MO866] Iteration,0,242,537.439835,2.167239
[MO866] Iteration,0,243,539.665061,2.225193
[MO866] Iteration,0,244,541.835162,2.170062
[MO866] Iteration,0,245,544.000752,2.165557
[MO866] Iteration,0,246,546.165989,2.165206
[MO866] Iteration,0,247,548.331992,2.165973
[MO866] Iteration,0,248,550.496739,2.164712
[MO866] Iteration,0,249,552.661498,2.164729
[MO866] Iteration,0,250,554.824948,2.163421
[MO866] Iteration,0,251,556.990069,2.165091
[MO866] Iteration,0,252,559.219742,2.229643
[MO866] Iteration,0,253,561.423821,2.204036
[MO866] Iteration,0,254,563.589046,2.165191
[MO866] Iteration,0,255,565.756126,2.167049
[MO866] Iteration,0,256,567.924635,2.168475
[MO866] Iteration,0,257,570.149075,2.224380
[MO866] Iteration,0,258,572.321659,2.172555
[MO866] Iteration,0,259,574.488293,2.166604
 Time step  260
[MO866] Iteration,0,260,576.653835,2.165508
[MO866] Iteration,0,261,578.821300,2.167436
[MO866] Iteration,0,262,581.017257,2.195928
[MO866] Iteration,0,263,583.251811,2.234525
[MO866] Iteration,0,264,585.434809,2.182964
[MO866] Iteration,0,265,587.603297,2.168457
[MO866] Iteration,0,266,589.832166,2.228837
[MO866] Iteration,0,267,592.003231,2.171031
[MO866] Iteration,0,268,594.167070,2.163806
[MO866] Iteration,0,269,596.332234,2.165131
[MO866] Iteration,0,270,598.495635,2.163367
[MO866] Iteration,0,271,600.720241,2.224573
[MO866] Iteration,0,272,602.887200,2.166918
[MO866] Iteration,0,273,605.051723,2.164489
[MO866] Iteration,0,274,607.220369,2.168612
[MO866] Iteration,0,275,609.388694,2.168291
[MO866] Iteration,0,276,611.553831,2.165106
[MO866] Iteration,0,277,613.722986,2.169127
[MO866] Iteration,0,278,615.892006,2.168988
[MO866] Iteration,0,279,618.060966,2.168927
 Time step  280
[MO866] Iteration,0,280,620.289833,2.228837
[MO866] Iteration,0,281,622.458812,2.168942
[MO866] Iteration,0,282,624.628409,2.169564
[MO866] Iteration,0,283,626.797911,2.169470
[MO866] Iteration,0,284,628.973368,2.175428
[MO866] Iteration,0,285,631.200429,2.227033
[MO866] Iteration,0,286,633.368169,2.167706
[MO866] Iteration,0,287,635.532603,2.164401
[MO866] Iteration,0,288,637.697360,2.164718
[MO866] Iteration,0,289,639.890203,2.192813
[MO866] Iteration,0,290,642.091358,2.201125
[MO866] Iteration,0,291,644.260481,2.169089
[MO866] Iteration,0,292,646.426432,2.165919
[MO866] Iteration,0,293,648.591677,2.165213
[MO866] Iteration,0,294,650.814999,2.223289
[MO866] Iteration,0,295,652.986056,2.171023
[MO866] Iteration,0,296,655.154992,2.168906
[MO866] Iteration,0,297,657.323937,2.168912
[MO866] Iteration,0,298,659.553198,2.229228
[MO866] Iteration,0,299,661.721961,2.168726
 Time step  300
[MO866] Iteration,0,300,663.886307,2.164317
[MO866] Iteration,0,301,666.054038,2.167700
[MO866] Iteration,0,302,668.221470,2.167402
[MO866] Iteration,0,303,670.387145,2.165646
[MO866] Iteration,0,304,672.551547,2.164369
[MO866] Iteration,0,305,674.720013,2.168434
[MO866] Iteration,0,306,676.885294,2.165248
[MO866] Iteration,0,307,679.055400,2.170076
[MO866] Iteration,0,308,681.272424,2.216978
[MO866] Iteration,0,309,683.435127,2.162669
[MO866] Iteration,0,310,685.603116,2.167956
[MO866] Iteration,0,311,687.787635,2.184486
[MO866] Iteration,0,312,690.012716,2.225047
[MO866] Iteration,0,313,692.184955,2.172206
[MO866] Iteration,0,314,694.361172,2.176187
[MO866] Iteration,0,315,696.533388,2.172175
[MO866] Iteration,0,316,698.717759,2.184341
[MO866] Iteration,0,317,700.916251,2.198462
[MO866] Iteration,0,318,703.118365,2.202080
[MO866] Iteration,0,319,705.286776,2.168379
 Time step  320
[MO866] Iteration,0,320,707.451467,2.164658
[MO866] Iteration,0,321,709.675041,2.223541
[MO866] Iteration,0,322,711.847986,2.172910
[MO866] Iteration,0,323,714.015140,2.167119
[MO866] Iteration,0,324,716.183381,2.168207
[MO866] Iteration,0,325,718.349595,2.166180
[MO866] Iteration,0,326,720.577994,2.228370
[MO866] Iteration,0,327,722.743362,2.165329
[MO866] Iteration,0,328,724.920195,2.176800
[MO866] Iteration,0,329,727.087662,2.167432
[MO866] Iteration,0,330,729.251079,2.163384
[MO866] Iteration,0,331,731.414924,2.163813
[MO866] Iteration,0,332,733.579815,2.164857
[MO866] Iteration,0,333,735.743738,2.163886
[MO866] Iteration,0,334,737.910521,2.166749
[MO866] Iteration,0,335,740.137690,2.227137
[MO866] Iteration,0,336,742.306680,2.168951
[MO866] Iteration,0,337,744.475901,2.169188
[MO866] Iteration,0,338,746.644936,2.168999
[MO866] Iteration,0,339,748.813838,2.168871
 Time step  340
[MO866] Iteration,0,340,751.037499,2.223632
[MO866] Iteration,0,341,753.208984,2.171455
[MO866] Iteration,0,342,755.375638,2.166624
[MO866] Iteration,0,343,757.540408,2.164737
[MO866] Iteration,0,344,759.732986,2.192544
[MO866] Iteration,0,345,761.933697,2.200682
[MO866] Iteration,0,346,764.103270,2.169544
[MO866] Iteration,0,347,766.279208,2.175903
[MO866] Iteration,0,348,768.443408,2.164167
[MO866] Iteration,0,349,770.678386,2.234944
[MO866] Iteration,0,350,772.858262,2.179842
[MO866] Iteration,0,351,775.019589,2.161295
[MO866] Iteration,0,352,777.179100,2.159474
[MO866] Iteration,0,353,779.399776,2.220639
[MO866] Iteration,0,354,781.566196,2.166380
[MO866] Iteration,0,355,783.730768,2.164541
[MO866] Iteration,0,356,785.895399,2.164599
[MO866] Iteration,0,357,788.059793,2.164360
[MO866] Iteration,0,358,790.224610,2.164783
[MO866] Iteration,0,359,792.389148,2.164480
 Time step  360
[MO866] Iteration,0,360,794.554442,2.165252
[MO866] Iteration,0,361,796.719013,2.164540
[MO866] Iteration,0,362,798.883927,2.164882
[MO866] Iteration,0,363,801.107467,2.223506
[MO866] Iteration,0,364,803.271952,2.164441
[MO866] Iteration,0,365,805.436434,2.164446
[MO866] Iteration,0,366,807.601291,2.164823
[MO866] Iteration,0,367,809.821146,2.219825
[MO866] Iteration,0,368,811.989470,2.168282
[MO866] Iteration,0,369,814.152478,2.162978
[MO866] Iteration,0,370,816.313506,2.160996
[MO866] Iteration,0,371,818.476066,2.162531
[MO866] Iteration,0,372,820.667919,2.191820
[MO866] Iteration,0,373,822.866282,2.198331
[MO866] Iteration,0,374,825.030274,2.163960
[MO866] Iteration,0,375,827.195019,2.164714
[MO866] Iteration,0,376,829.416031,2.220980
[MO866] Iteration,0,377,831.594181,2.178117
[MO866] Iteration,0,378,833.762713,2.168502
[MO866] Iteration,0,379,835.926404,2.163658
 Time step  380
[MO866] Iteration,0,380,838.090763,2.164329
[MO866] Iteration,0,381,840.317460,2.226664
[MO866] Iteration,0,382,842.483383,2.165883
[MO866] Iteration,0,383,844.645015,2.161599
[MO866] Iteration,0,384,846.809729,2.164686
[MO866] Iteration,0,385,848.973869,2.164112
[MO866] Iteration,0,386,851.138726,2.164826
[MO866] Iteration,0,387,853.303327,2.164570
[MO866] Iteration,0,388,855.464930,2.161569
[MO866] Iteration,0,389,857.629400,2.164439
[MO866] Iteration,0,390,859.867018,2.237590
[MO866] Iteration,0,391,862.031545,2.164484
[MO866] Iteration,0,392,864.193794,2.162215
[MO866] Iteration,0,393,866.355320,2.161496
[MO866] Iteration,0,394,868.516622,2.161269
[MO866] Iteration,0,395,870.736011,2.219330
[MO866] Iteration,0,396,872.903899,2.167853
[MO866] Iteration,0,397,875.068928,2.164995
[MO866] Iteration,0,398,877.234357,2.165398
[MO866] Iteration,0,399,879.424162,2.189774
 Time step  400
[MO866] Iteration,0,400,881.621011,2.196816
 Verification being performed for class C
 accuracy setting for epsilon =  0.1000000000000E-07
 Comparison of RMS-norms of residual
           1 0.5881691581829E+03 0.5881691581829E+03 0.5740693869028E-13
           2 0.2454417603569E+03 0.2454417603569E+03 0.3867659250794E-13
           3 0.3293829191851E+03 0.3293829191851E+03 0.5556930796067E-13
           4 0.3081924971891E+03 0.3081924971891E+03 0.1506885262712E-12
           5 0.4597223799176E+03 0.4597223799176E+03 0.2670781108402E-13
 Comparison of RMS-norms of solution error
           1 0.2598120500183E+00 0.2598120500183E+00 0.8973672897576E-14
           2 0.2590888922314E-01 0.2590888922315E-01 0.2350112097912E-12
           3 0.5132886416320E-01 0.5132886416320E-01 0.6813325376634E-13
           4 0.4806073419454E-01 0.4806073419454E-01 0.3320685013755E-14
           5 0.5483377491301E+00 0.5483377491301E+00 0.8605002778201E-13
 Verification Successful


 SP Benchmark Completed.
 Class           =                        C
 Size            =            162x 162x 162
 Iterations      =                      400
 Time in seconds =                   875.64
 Total processes =                        2
 Active procs    =                        1
 Mop/s total     =                  1656.04
 Mop/s/process   =                   828.02
 Operation type  =           floating point
 Verification    =               SUCCESSFUL
 Version         =                      3.4
 Compile date    =              15 Jun 2020

 Compile options:
    MPIFC        = mpif90
    FLINK        = $(MPIFC)
    FMPI_LIB     = (none)
    FMPI_INC     = (none)
    FFLAGS       = -O3
    FLINKFLAGS   = $(FFLAGS) -O ../kernel_stats/kernel_stats.o...
    RAND         = (none)


 Please send feedbacks and/or the results of this run to:

 NPB Development Team 
 Internet: npb@nas.nasa.gov


[MO866] PI avg,0,2.189075,400
[MO866] Beta,0,0.000823
[MO866] Total time,0,882.342042
