--------------------------------------------------------------------------
[[36468,1],0]: A high-performance Open MPI point-to-point messaging module
was unable to find any relevant network interfaces:

Module: OpenFabrics (openib)
  Host: node06

Another transport will be used instead, although this may result in
lower performance.

NOTE: You can disable this warning by setting the MCA parameter
btl_base_warn_component_unused to 0.
--------------------------------------------------------------------------
[MO866] Total time,4,0.000001
[MO866] Total time,5,0.000001
[MO866] Total time,6,0.000001
[MO866] Total time,7,0.000000


 NAS Parallel Benchmarks 3.4 -- SP Benchmark

 No input file inputsp.data. Using compiled defaults
 Size:  162x 162x 162  (class C)
 Iterations:  400    dt:   0.0006700
 WARNING: Number of active processes:     4
 Total number of processes:     8

[MO866] Init time,1,1.905749
[MO866] Init time,2,1.905723
[MO866] Init time,3,1.905753
[MO866] Init time,0,1.905729
 Time step    1
[MO866] Iteration,3,1,2.854565,0.948760
[MO866] Iteration,1,1,2.854793,0.948991
[MO866] Iteration,2,1,2.859348,0.953584
[MO866] Iteration,0,1,2.862989,0.957221
[MO866] Iteration,0,2,3.767269,0.904241
[MO866] Iteration,2,2,3.769935,0.910536
[MO866] Iteration,3,2,3.780745,0.926105
[MO866] Iteration,1,2,3.781254,0.926431
[MO866] Iteration,2,3,4.673385,0.903418
[MO866] Iteration,3,3,4.680075,0.899277
[MO866] Iteration,1,3,4.680529,0.899244
[MO866] Iteration,0,3,4.687057,0.919738
[MO866] Iteration,0,4,5.569757,0.882663
[MO866] Iteration,2,4,5.573570,0.900130
[MO866] Iteration,3,4,5.577036,0.896903
[MO866] Iteration,1,4,5.577309,0.896759
[MO866] Iteration,2,5,6.509757,0.936140
[MO866] Iteration,3,5,6.516605,0.939527
[MO866] Iteration,1,5,6.516913,0.939585
[MO866] Iteration,0,5,6.524227,0.954404
[MO866] Iteration,2,6,7.417046,0.907238
[MO866] Iteration,3,6,7.425118,0.908430
[MO866] Iteration,1,6,7.425546,0.908601
[MO866] Iteration,0,6,7.436450,0.912188
[MO866] Iteration,2,7,8.333169,0.916048
[MO866] Iteration,0,7,8.333510,0.897027
[MO866] Iteration,1,7,8.353480,0.927915
[MO866] Iteration,3,7,8.353631,0.928444
[MO866] Iteration,3,8,9.251329,0.897670
[MO866] Iteration,1,8,9.251747,0.898217
[MO866] Iteration,0,8,9.257672,0.924147
[MO866] Iteration,2,8,9.258054,0.924809
[MO866] Iteration,3,9,10.162500,0.911108
[MO866] Iteration,1,9,10.164398,0.912630
[MO866] Iteration,0,9,10.168415,0.910704
[MO866] Iteration,2,9,10.169656,0.911583
[MO866] Iteration,0,10,11.063203,0.894738
[MO866] Iteration,2,10,11.063573,0.893888
[MO866] Iteration,3,10,11.069721,0.907145
[MO866] Iteration,1,10,11.070031,0.905599
[MO866] Iteration,2,11,11.979050,0.915457
[MO866] Iteration,0,11,11.986921,0.923660
[MO866] Iteration,3,11,11.992469,0.922701
[MO866] Iteration,1,11,11.992794,0.922745
[MO866] Iteration,0,12,12.900330,0.913362
[MO866] Iteration,3,12,12.906602,0.914078
[MO866] Iteration,1,12,12.922249,0.929428
[MO866] Iteration,2,12,12.926091,0.946984
[MO866] Iteration,0,13,13.815383,0.915003
[MO866] Iteration,2,13,13.815829,0.889699
[MO866] Iteration,3,13,13.821958,0.915299
[MO866] Iteration,1,13,13.822377,0.900077
[MO866] Iteration,3,14,14.718112,0.896106
[MO866] Iteration,1,14,14.718121,0.895726
[MO866] Iteration,2,14,14.725505,0.909655
[MO866] Iteration,0,14,14.726398,0.910940
[MO866] Iteration,0,15,15.619031,0.892611
[MO866] Iteration,2,15,15.619381,0.893839
[MO866] Iteration,3,15,15.625692,0.907531
[MO866] Iteration,1,15,15.625951,0.907793
[MO866] Iteration,0,16,16.520656,0.901566
[MO866] Iteration,2,16,16.520647,0.901244
[MO866] Iteration,1,16,16.540548,0.914578
[MO866] Iteration,3,16,16.540847,0.915109
[MO866] Iteration,2,17,17.430729,0.910039
[MO866] Iteration,0,17,17.430691,0.909996
[MO866] Iteration,3,17,17.437150,0.896274
[MO866] Iteration,1,17,17.437153,0.896554
[MO866] Iteration,0,18,18.326314,0.895558
[MO866] Iteration,3,18,18.333479,0.896284
[MO866] Iteration,1,18,18.333601,0.896409
[MO866] Iteration,2,18,18.340580,0.909828
[MO866] Iteration,2,19,19.230363,0.889748
[MO866] Iteration,3,19,19.237152,0.903619
[MO866] Iteration,1,19,19.237560,0.903941
[MO866] Iteration,0,19,19.243268,0.916916
 Time step   20
[MO866] Iteration,0,20,20.134859,0.891554
[MO866] Iteration,2,20,20.135267,0.904862
[MO866] Iteration,3,20,20.141514,0.904303
[MO866] Iteration,1,20,20.141880,0.904301
[MO866] Iteration,2,21,21.026785,0.891499
[MO866] Iteration,3,21,21.034934,0.893374
[MO866] Iteration,1,21,21.035210,0.893313
[MO866] Iteration,0,21,21.043102,0.908185
[MO866] Iteration,0,22,21.932693,0.889556
[MO866] Iteration,2,22,21.932960,0.906113
[MO866] Iteration,3,22,21.939244,0.904250
[MO866] Iteration,1,22,21.939471,0.904240
[MO866] Iteration,0,23,22.831011,0.898257
[MO866] Iteration,3,23,22.838106,0.898811
[MO866] Iteration,1,23,22.838452,0.898962
[MO866] Iteration,2,23,22.844860,0.911877
[MO866] Iteration,2,24,23.734907,0.890014
[MO866] Iteration,3,24,23.741780,0.903621
[MO866] Iteration,1,24,23.742073,0.903601
[MO866] Iteration,0,24,23.748661,0.917603
[MO866] Iteration,0,25,24.689415,0.940716
[MO866] Iteration,2,25,24.689819,0.954866
[MO866] Iteration,3,25,24.696048,0.954214
[MO866] Iteration,1,25,24.696453,0.954362
[MO866] Iteration,0,26,25.607332,0.917857
[MO866] Iteration,2,26,25.607899,0.918063
[MO866] Iteration,3,26,25.613889,0.917777
[MO866] Iteration,1,26,25.614246,0.917766
[MO866] Iteration,0,27,26.499969,0.892585
[MO866] Iteration,2,27,26.500137,0.892204
[MO866] Iteration,3,27,26.506497,0.892561
[MO866] Iteration,1,27,26.506724,0.892459
[MO866] Iteration,0,28,27.398981,0.898934
[MO866] Iteration,2,28,27.399358,0.899201
[MO866] Iteration,3,28,27.405618,0.899071
[MO866] Iteration,1,28,27.405783,0.899039
[MO866] Iteration,0,29,28.297990,0.898951
[MO866] Iteration,3,29,28.305021,0.899357
[MO866] Iteration,1,29,28.305366,0.899563
[MO866] Iteration,2,29,28.311508,0.912130
[MO866] Iteration,2,30,29.200102,0.888559
[MO866] Iteration,3,30,29.206966,0.901890
[MO866] Iteration,1,30,29.207417,0.902031
[MO866] Iteration,0,30,29.214785,0.916750
[MO866] Iteration,0,31,30.106000,0.891178
[MO866] Iteration,2,31,30.106557,0.906409
[MO866] Iteration,3,31,30.112685,0.905660
[MO866] Iteration,1,31,30.113013,0.905575
[MO866] Iteration,0,32,30.996308,0.890253
[MO866] Iteration,3,32,31.002694,0.889957
[MO866] Iteration,1,32,31.018128,0.905095
[MO866] Iteration,2,32,31.021810,0.915233
[MO866] Iteration,0,33,31.912273,0.915916
[MO866] Iteration,2,33,31.912368,0.890521
[MO866] Iteration,3,33,31.918850,0.916100
[MO866] Iteration,1,33,31.918934,0.900757
[MO866] Iteration,2,34,32.825350,0.912961
[MO866] Iteration,0,34,32.825422,0.913089
[MO866] Iteration,3,34,32.838428,0.919527
[MO866] Iteration,1,34,32.839077,0.920123
[MO866] Iteration,2,35,33.728811,0.903420
[MO866] Iteration,0,35,33.733780,0.908328
[MO866] Iteration,1,35,33.736658,0.897553
[MO866] Iteration,3,35,33.739996,0.901503
[MO866] Iteration,0,36,34.630057,0.896238
[MO866] Iteration,3,36,34.637119,0.897081
[MO866] Iteration,1,36,34.637449,0.900747
[MO866] Iteration,2,36,34.643663,0.914791
[MO866] Iteration,0,37,35.534989,0.904887
[MO866] Iteration,2,37,35.535153,0.891455
[MO866] Iteration,3,37,35.541559,0.904380
[MO866] Iteration,1,37,35.541710,0.904241
[MO866] Iteration,2,38,36.432864,0.897690
[MO866] Iteration,0,38,36.439183,0.904138
[MO866] Iteration,3,38,36.440432,0.898824
[MO866] Iteration,1,38,36.440637,0.898909
[MO866] Iteration,0,39,37.333702,0.894461
 Time step   40
[MO866] Iteration,2,39,37.333962,0.901049
[MO866] Iteration,3,39,37.340343,0.899867
[MO866] Iteration,1,39,37.340523,0.899864
[MO866] Iteration,0,40,38.233310,0.899553
[MO866] Iteration,2,40,38.233625,0.899645
[MO866] Iteration,1,40,38.240013,0.899470
[MO866] Iteration,3,40,38.239956,0.899564
[MO866] Iteration,2,41,39.131148,0.897493
[MO866] Iteration,0,41,39.131083,0.897719
[MO866] Iteration,3,41,39.137629,0.897619
[MO866] Iteration,1,41,39.137745,0.897710
[MO866] Iteration,0,42,40.025265,0.894122
[MO866] Iteration,2,42,40.025494,0.894322
[MO866] Iteration,3,42,40.031789,0.894114
[MO866] Iteration,1,42,40.032039,0.894275
[MO866] Iteration,0,43,40.922498,0.897162
[MO866] Iteration,2,43,40.922792,0.897280
[MO866] Iteration,3,43,40.929132,0.897292
[MO866] Iteration,1,43,40.929303,0.897242
[MO866] Iteration,0,44,41.819640,0.897091
[MO866] Iteration,3,44,41.826780,0.897598
[MO866] Iteration,1,44,41.826727,0.897405
[MO866] Iteration,2,44,41.833739,0.910929
[MO866] Iteration,0,45,42.725347,0.905660
[MO866] Iteration,2,45,42.725423,0.891650
[MO866] Iteration,1,45,42.731946,0.905164
[MO866] Iteration,3,45,42.731887,0.905082
[MO866] Iteration,2,46,43.625151,0.899708
[MO866] Iteration,0,46,43.625270,0.899868
[MO866] Iteration,3,46,43.631750,0.899810
[MO866] Iteration,1,46,43.631757,0.899789
[MO866] Iteration,2,47,44.522761,0.897554
[MO866] Iteration,1,47,44.529931,0.898137
[MO866] Iteration,3,47,44.529891,0.898093
[MO866] Iteration,0,47,44.535969,0.910681
[MO866] Iteration,0,48,45.427159,0.891153
[MO866] Iteration,2,48,45.427620,0.904818
[MO866] Iteration,3,48,45.433792,0.903846
[MO866] Iteration,1,48,45.434192,0.904242
[MO866] Iteration,0,49,46.320045,0.892827
[MO866] Iteration,2,49,46.320633,0.892991
[MO866] Iteration,3,49,46.326664,0.892825
[MO866] Iteration,1,49,46.327010,0.892800
[MO866] Iteration,0,50,47.218100,0.898000
[MO866] Iteration,2,50,47.218216,0.897550
[MO866] Iteration,1,50,47.224699,0.897669
[MO866] Iteration,3,50,47.224607,0.897893
[MO866] Iteration,2,51,48.117871,0.899636
[MO866] Iteration,0,51,48.118186,0.900033
[MO866] Iteration,1,51,48.124478,0.899759
[MO866] Iteration,3,51,48.124656,0.899997
[MO866] Iteration,0,52,49.061493,0.943286
[MO866] Iteration,2,52,49.061632,0.943706
[MO866] Iteration,1,52,49.068122,0.943597
[MO866] Iteration,3,52,49.068025,0.943348
[MO866] Iteration,0,53,49.963379,0.901817
[MO866] Iteration,2,53,49.963586,0.901937
[MO866] Iteration,1,53,49.970166,0.902013
[MO866] Iteration,3,53,49.970092,0.902001
[MO866] Iteration,0,54,50.860000,0.896558
[MO866] Iteration,3,54,50.867152,0.897011
[MO866] Iteration,1,54,50.867256,0.897068
[MO866] Iteration,2,54,50.874322,0.910715
[MO866] Iteration,2,55,51.765202,0.890846
[MO866] Iteration,0,55,51.765345,0.905293
[MO866] Iteration,1,55,51.771863,0.904585
[MO866] Iteration,3,55,51.771917,0.904707
[MO866] Iteration,2,56,52.665171,0.899901
[MO866] Iteration,0,56,52.665058,0.899694
[MO866] Iteration,3,56,52.671715,0.899774
[MO866] Iteration,1,56,52.671701,0.899787
[MO866] Iteration,0,57,53.564893,0.899778
[MO866] Iteration,2,57,53.564897,0.899706
[MO866] Iteration,1,57,53.571489,0.899741
[MO866] Iteration,3,57,53.571466,0.899715
[MO866] Iteration,2,58,54.462485,0.897550
[MO866] Iteration,0,58,54.468985,0.904046
[MO866] Iteration,3,58,54.470180,0.898664
[MO866] Iteration,1,58,54.470159,0.898647
[MO866] Iteration,0,59,55.363050,0.894006
 Time step   60
[MO866] Iteration,2,59,55.363144,0.900617
[MO866] Iteration,3,59,55.369695,0.899496
[MO866] Iteration,1,59,55.369830,0.899635
[MO866] Iteration,0,60,56.255153,0.892047
[MO866] Iteration,2,60,56.255658,0.892494
[MO866] Iteration,3,60,56.261725,0.891983
[MO866] Iteration,1,60,56.262015,0.892167
[MO866] Iteration,0,61,57.152529,0.897314
[MO866] Iteration,2,61,57.153170,0.897481
[MO866] Iteration,3,61,57.159292,0.897525
[MO866] Iteration,1,61,57.159659,0.897625
[MO866] Iteration,0,62,58.052770,0.900177
[MO866] Iteration,2,62,58.052768,0.899577
[MO866] Iteration,1,62,58.059359,0.899681
[MO866] Iteration,3,62,58.059350,0.900011
[MO866] Iteration,0,63,58.952488,0.899672
[MO866] Iteration,2,63,58.952899,0.900088
[MO866] Iteration,3,63,58.959101,0.899704
[MO866] Iteration,1,63,58.959428,0.900034
[MO866] Iteration,0,64,59.847069,0.894520
[MO866] Iteration,2,64,59.847498,0.894578
[MO866] Iteration,3,64,59.853624,0.894473
[MO866] Iteration,1,64,59.853942,0.894494
[MO866] Iteration,0,65,60.744984,0.897845
[MO866] Iteration,2,65,60.744989,0.897471
[MO866] Iteration,3,65,60.751570,0.897897
[MO866] Iteration,1,65,60.751623,0.897663
[MO866] Iteration,0,66,61.642058,0.897026
[MO866] Iteration,3,66,61.649120,0.897496
[MO866] Iteration,1,66,61.649359,0.897714
[MO866] Iteration,2,66,61.656263,0.911235
[MO866] Iteration,0,67,62.548016,0.905914
[MO866] Iteration,2,67,62.547984,0.891686
[MO866] Iteration,1,67,62.554604,0.905225
[MO866] Iteration,3,67,62.554557,0.905377
[MO866] Iteration,0,68,63.447196,0.899156
[MO866] Iteration,2,68,63.447675,0.899639
[MO866] Iteration,3,68,63.453832,0.899226
[MO866] Iteration,1,68,63.454147,0.899525
[MO866] Iteration,0,69,64.343804,0.896546
[MO866] Iteration,2,69,64.343819,0.896126
[MO866] Iteration,1,69,64.370047,0.915881
[MO866] Iteration,3,69,64.370235,0.916358
[MO866] Iteration,2,70,65.266954,0.923107
[MO866] Iteration,0,70,65.267028,0.923177
[MO866] Iteration,3,70,65.273557,0.903288
[MO866] Iteration,1,70,65.273646,0.903542
[MO866] Iteration,2,71,66.164297,0.897287
[MO866] Iteration,1,71,66.171460,0.897794
[MO866] Iteration,3,71,66.171372,0.897766
[MO866] Iteration,0,71,66.177454,0.910400
[MO866] Iteration,2,72,67.069386,0.905038
[MO866] Iteration,0,72,67.069324,0.891832
[MO866] Iteration,3,72,67.075870,0.904439
[MO866] Iteration,1,72,67.075915,0.904432
[MO866] Iteration,0,73,67.964133,0.894750
[MO866] Iteration,1,73,67.972622,0.896685
[MO866] Iteration,3,73,67.972519,0.896597
[MO866] Iteration,2,73,67.976855,0.907446
[MO866] Iteration,0,74,68.867935,0.903745
[MO866] Iteration,2,74,68.867998,0.891101
[MO866] Iteration,3,74,68.874441,0.901857
[MO866] Iteration,1,74,68.874533,0.901887
[MO866] Iteration,0,75,69.767976,0.899977
[MO866] Iteration,2,75,69.767955,0.899934
[MO866] Iteration,1,75,69.774648,0.900095
[MO866] Iteration,3,75,69.774564,0.900072
[MO866] Iteration,0,76,70.667564,0.899557
[MO866] Iteration,2,76,70.668002,0.899999
[MO866] Iteration,3,76,70.674206,0.899589
[MO866] Iteration,1,76,70.674640,0.899971
[MO866] Iteration,0,77,71.567308,0.899683
[MO866] Iteration,2,77,71.567477,0.899455
[MO866] Iteration,1,77,71.573991,0.899332
[MO866] Iteration,3,77,71.573906,0.899654
[MO866] Iteration,0,78,72.467257,0.899893
[MO866] Iteration,2,78,72.467583,0.900086
[MO866] Iteration,3,78,72.473907,0.899955
[MO866] Iteration,1,78,72.474230,0.900220
[MO866] Iteration,0,79,73.362198,0.894881
 Time step   80
[MO866] Iteration,2,79,73.362329,0.894725
[MO866] Iteration,1,79,73.368787,0.894538
[MO866] Iteration,3,79,73.368674,0.894718
[MO866] Iteration,0,80,74.258104,0.895838
[MO866] Iteration,3,80,74.265167,0.896440
[MO866] Iteration,1,80,74.265128,0.896320
[MO866] Iteration,2,80,74.276028,0.913676
[MO866] Iteration,0,81,75.166925,0.908777
[MO866] Iteration,2,81,75.167100,0.891030
[MO866] Iteration,3,81,75.173471,0.908283
[MO866] Iteration,1,81,75.173620,0.908437
[MO866] Iteration,0,82,76.065966,0.898987
[MO866] Iteration,2,82,76.066267,0.899145
[MO866] Iteration,3,82,76.072640,0.899124
[MO866] Iteration,1,82,76.072803,0.899164
[MO866] Iteration,0,83,76.965683,0.899661
[MO866] Iteration,2,83,76.965821,0.899534
[MO866] Iteration,3,83,76.972264,0.899574
[MO866] Iteration,1,83,76.972389,0.899567
[MO866] Iteration,0,84,77.865030,0.899296
[MO866] Iteration,2,84,77.865041,0.899203
[MO866] Iteration,1,84,77.871655,0.899246
[MO866] Iteration,3,84,77.871582,0.899268
[MO866] Iteration,2,85,78.764502,0.899426
[MO866] Iteration,0,85,78.764544,0.899464
[MO866] Iteration,3,85,78.771059,0.899424
[MO866] Iteration,1,85,78.771132,0.899454
[MO866] Iteration,2,86,79.661232,0.896675
[MO866] Iteration,1,86,79.668431,0.897277
[MO866] Iteration,3,86,79.668425,0.897317
[MO866] Iteration,0,86,79.679053,0.914492
[MO866] Iteration,2,87,80.569544,0.908269
[MO866] Iteration,0,87,80.569760,0.890664
[MO866] Iteration,1,87,80.576149,0.907676
[MO866] Iteration,3,87,80.576281,0.907804
[MO866] Iteration,0,88,81.469063,0.899284
[MO866] Iteration,2,88,81.469644,0.900051
[MO866] Iteration,3,88,81.475823,0.899521
[MO866] Iteration,1,88,81.476170,0.899974
[MO866] Iteration,0,89,82.361779,0.892654
[MO866] Iteration,2,89,82.362426,0.892761
[MO866] Iteration,3,89,82.368473,0.892601
[MO866] Iteration,1,89,82.368747,0.892558
[MO866] Iteration,0,90,83.259225,0.897394
[MO866] Iteration,2,90,83.259731,0.897275
[MO866] Iteration,3,90,83.265865,0.897344
[MO866] Iteration,1,90,83.266196,0.897429
[MO866] Iteration,0,91,84.159100,0.899819
[MO866] Iteration,2,91,84.159056,0.899304
[MO866] Iteration,1,91,84.165642,0.899429
[MO866] Iteration,3,91,84.165627,0.899720
[MO866] Iteration,2,92,85.058914,0.899803
[MO866] Iteration,0,92,85.058930,0.899811
[MO866] Iteration,3,92,85.065454,0.899782
[MO866] Iteration,1,92,85.065495,0.899827
[MO866] Iteration,0,93,85.958609,0.899648
[MO866] Iteration,2,93,85.958859,0.899902
[MO866] Iteration,3,93,85.965176,0.899675
[MO866] Iteration,1,93,85.965464,0.899947
[MO866] Iteration,0,94,86.857661,0.898990
[MO866] Iteration,2,94,86.858390,0.899510
[MO866] Iteration,3,94,86.864352,0.899118
[MO866] Iteration,1,94,86.864764,0.899280
[MO866] Iteration,0,95,87.757075,0.899363
[MO866] Iteration,2,95,87.757467,0.899058
[MO866] Iteration,3,95,87.763671,0.899271
[MO866] Iteration,1,95,87.763998,0.899215
[MO866] Iteration,0,96,88.653724,0.896594
[MO866] Iteration,2,96,88.654067,0.896580
[MO866] Iteration,3,96,88.660249,0.896529
[MO866] Iteration,1,96,88.660496,0.896478
[MO866] Iteration,0,97,89.552101,0.898312
[MO866] Iteration,2,97,89.552160,0.898074
[MO866] Iteration,3,97,89.558593,0.898293
[MO866] Iteration,1,97,89.558836,0.898318
[MO866] Iteration,1,98,90.466319,0.907462
[MO866] Iteration,0,98,90.473103,0.920949
[MO866] Iteration,2,98,90.473740,0.921559
[MO866] Iteration,3,98,90.479644,0.920999
[MO866] Iteration,0,99,91.369832,0.896682
 Time step  100
[MO866] Iteration,2,99,91.370103,0.896338
[MO866] Iteration,3,99,91.376339,0.896657
[MO866] Iteration,1,99,91.376484,0.910100
[MO866] Iteration,0,100,92.270784,0.900903
[MO866] Iteration,2,100,92.270995,0.900871
[MO866] Iteration,3,100,92.277194,0.900802
[MO866] Iteration,1,100,92.277443,0.900938
[MO866] Iteration,0,101,93.170392,0.899549
[MO866] Iteration,2,101,93.170522,0.899505
[MO866] Iteration,3,101,93.176820,0.899564
[MO866] Iteration,1,101,93.176964,0.899501
[MO866] Iteration,2,102,94.064567,0.894024
[MO866] Iteration,0,102,94.064501,0.894054
[MO866] Iteration,3,102,94.070958,0.894087
[MO866] Iteration,1,102,94.070999,0.894015
[MO866] Iteration,0,103,95.001889,0.937324
[MO866] Iteration,2,103,95.001960,0.937373
[MO866] Iteration,1,103,95.008512,0.937488
[MO866] Iteration,3,103,95.008566,0.937556
[MO866] Iteration,0,104,95.905317,0.903374
[MO866] Iteration,2,104,95.905529,0.903549
[MO866] Iteration,1,104,95.912023,0.903448
[MO866] Iteration,3,104,95.911956,0.903352
[MO866] Iteration,2,105,96.797663,0.892113
[MO866] Iteration,3,105,96.804727,0.892717
[MO866] Iteration,1,105,96.804788,0.892742
[MO866] Iteration,0,105,96.811720,0.906345
[MO866] Iteration,0,106,97.697721,0.885961
[MO866] Iteration,2,106,97.697962,0.900257
[MO866] Iteration,3,106,97.704301,0.899514
[MO866] Iteration,1,106,97.704562,0.899746
[MO866] Iteration,0,107,98.592089,0.894313
[MO866] Iteration,2,107,98.591992,0.894010
[MO866] Iteration,3,107,98.598576,0.894224
[MO866] Iteration,1,107,98.598496,0.893913
[MO866] Iteration,0,108,99.478351,0.886237
[MO866] Iteration,2,108,99.478942,0.886892
[MO866] Iteration,3,108,99.484897,0.886298
[MO866] Iteration,1,108,99.485237,0.886691
[MO866] Iteration,0,109,100.372567,0.894159
[MO866] Iteration,2,109,100.372990,0.894016
[MO866] Iteration,3,109,100.379114,0.894165
[MO866] Iteration,1,109,100.379502,0.894247
[MO866] Iteration,0,110,101.267211,0.894578
[MO866] Iteration,2,110,101.267199,0.894187
[MO866] Iteration,3,110,101.273564,0.894399
[MO866] Iteration,1,110,101.273729,0.894208
[MO866] Iteration,2,111,102.161556,0.894313
[MO866] Iteration,0,111,102.161523,0.894276
[MO866] Iteration,1,111,102.168071,0.894325
[MO866] Iteration,3,111,102.168028,0.894414
[MO866] Iteration,0,112,103.055673,0.894099
[MO866] Iteration,2,112,103.055930,0.894358
[MO866] Iteration,3,112,103.062204,0.894123
[MO866] Iteration,1,112,103.062378,0.894289
[MO866] Iteration,2,113,103.950261,0.894308
[MO866] Iteration,0,113,103.950219,0.894486
[MO866] Iteration,1,113,103.956700,0.894303
[MO866] Iteration,3,113,103.956703,0.894453
[MO866] Iteration,0,114,104.844511,0.894240
[MO866] Iteration,2,114,104.844619,0.894337
[MO866] Iteration,3,114,104.850953,0.894207
[MO866] Iteration,1,114,104.851121,0.894378
[MO866] Iteration,2,115,105.739221,0.894578
[MO866] Iteration,0,115,105.739149,0.894574
[MO866] Iteration,3,115,105.745649,0.894645
[MO866] Iteration,1,115,105.745762,0.894619
[MO866] Iteration,2,116,106.626762,0.887517
[MO866] Iteration,1,116,106.634173,0.888392
[MO866] Iteration,3,116,106.639905,0.894209
[MO866] Iteration,0,116,106.643442,0.904237
[MO866] Iteration,2,117,107.528498,0.901683
[MO866] Iteration,0,117,107.528635,0.885153
[MO866] Iteration,1,117,107.535109,0.900880
[MO866] Iteration,3,117,107.535161,0.895202
[MO866] Iteration,0,118,108.422585,0.893927
[MO866] Iteration,2,118,108.422507,0.893946
[MO866] Iteration,3,118,108.428994,0.893806
[MO866] Iteration,1,118,108.428962,0.893802
[MO866] Iteration,2,119,109.315945,0.893387
[MO866] Iteration,0,119,109.315953,0.893345
 Time step  120
[MO866] Iteration,1,119,109.322422,0.893411
[MO866] Iteration,3,119,109.322418,0.893404
[MO866] Iteration,0,120,110.209726,0.893727
[MO866] Iteration,2,120,110.209773,0.893779
[MO866] Iteration,3,120,110.216187,0.893725
[MO866] Iteration,1,120,110.216277,0.893818
[MO866] Iteration,2,121,111.103876,0.894081
[MO866] Iteration,0,121,111.104244,0.894464
[MO866] Iteration,1,121,111.110413,0.894115
[MO866] Iteration,3,121,111.110624,0.894387
[MO866] Iteration,0,122,111.997603,0.893338
[MO866] Iteration,2,122,111.997893,0.893952
[MO866] Iteration,3,122,112.004121,0.893477
[MO866] Iteration,1,122,112.004319,0.893857
[MO866] Iteration,0,123,112.891420,0.893765
[MO866] Iteration,2,123,112.891828,0.893915
[MO866] Iteration,3,123,112.897967,0.893793
[MO866] Iteration,1,123,112.898260,0.893923
[MO866] Iteration,0,124,113.786149,0.894671
[MO866] Iteration,2,124,113.786100,0.894250
[MO866] Iteration,1,124,113.792591,0.894312
[MO866] Iteration,3,124,113.792583,0.894568
[MO866] Iteration,2,125,114.679911,0.893756
[MO866] Iteration,0,125,114.679967,0.893797
[MO866] Iteration,3,125,114.686451,0.893821
[MO866] Iteration,1,125,114.686406,0.893779
[MO866] Iteration,2,126,115.574086,0.894118
[MO866] Iteration,0,126,115.574219,0.894234
[MO866] Iteration,1,126,115.580648,0.894194
[MO866] Iteration,3,126,115.580676,0.894204
[MO866] Iteration,2,127,116.467699,0.893564
[MO866] Iteration,0,127,116.467769,0.893530
[MO866] Iteration,3,127,116.474261,0.893563
[MO866] Iteration,1,127,116.474209,0.893514
[MO866] Iteration,2,128,117.359506,0.891742
[MO866] Iteration,0,128,117.365975,0.898177
[MO866] Iteration,1,128,117.367076,0.892823
[MO866] Iteration,3,128,117.366996,0.892708
[MO866] Iteration,2,129,118.254916,0.895358
[MO866] Iteration,0,129,118.254870,0.888838
[MO866] Iteration,3,129,118.261397,0.894361
[MO866] Iteration,1,129,118.261470,0.894373
[MO866] Iteration,0,130,119.149511,0.894583
[MO866] Iteration,2,130,119.149506,0.894571
[MO866] Iteration,1,130,119.156026,0.894537
[MO866] Iteration,3,130,119.156030,0.894586
[MO866] Iteration,0,131,120.040532,0.890982
[MO866] Iteration,2,131,120.040828,0.891282
[MO866] Iteration,3,131,120.047049,0.890978
[MO866] Iteration,1,131,120.047247,0.891180
[MO866] Iteration,2,132,120.934921,0.894058
[MO866] Iteration,0,132,120.935137,0.894544
[MO866] Iteration,1,132,120.941476,0.894210
[MO866] Iteration,3,132,120.941609,0.894511
[MO866] Iteration,0,133,121.829334,0.894175
[MO866] Iteration,2,133,121.829681,0.894702
[MO866] Iteration,3,133,121.835957,0.894328
[MO866] Iteration,1,133,121.836209,0.894689
[MO866] Iteration,0,134,122.723628,0.894237
[MO866] Iteration,2,134,122.723822,0.894121
[MO866] Iteration,1,134,122.730323,0.894095
[MO866] Iteration,3,134,122.730231,0.894223
[MO866] Iteration,0,135,123.617862,0.894168
[MO866] Iteration,2,135,123.618472,0.894628
[MO866] Iteration,3,135,123.624479,0.894199
[MO866] Iteration,1,135,123.624883,0.894541
[MO866] Iteration,0,136,124.517605,0.899689
[MO866] Iteration,2,136,124.517719,0.899225
[MO866] Iteration,1,136,124.539821,0.914920
[MO866] Iteration,3,136,124.539845,0.915316
[MO866] Iteration,0,137,125.428132,0.910485
[MO866] Iteration,2,137,125.428307,0.910568
[MO866] Iteration,3,137,125.434682,0.894808
[MO866] Iteration,1,137,125.434824,0.894953
[MO866] Iteration,0,138,126.322558,0.894363
[MO866] Iteration,2,138,126.322958,0.894630
[MO866] Iteration,3,138,126.329071,0.894338
[MO866] Iteration,1,138,126.329348,0.894502
[MO866] Iteration,0,139,127.216937,0.894319
 Time step  140
[MO866] Iteration,2,139,127.217055,0.894077
[MO866] Iteration,3,139,127.223536,0.894412
[MO866] Iteration,1,139,127.223607,0.894239
[MO866] Iteration,2,140,128.111109,0.894030
[MO866] Iteration,0,140,128.111127,0.894126
[MO866] Iteration,1,140,128.117613,0.893985
[MO866] Iteration,3,140,128.117575,0.893987
[MO866] Iteration,0,141,128.999945,0.888785
[MO866] Iteration,2,141,129.000359,0.889203
[MO866] Iteration,3,141,129.006521,0.888898
[MO866] Iteration,1,141,129.006897,0.889268
[MO866] Iteration,2,142,129.894451,0.894070
[MO866] Iteration,0,142,129.894464,0.894442
[MO866] Iteration,1,142,129.900897,0.893980
[MO866] Iteration,3,142,129.900885,0.894312
[MO866] Iteration,0,143,130.785201,0.890704
[MO866] Iteration,3,143,130.792149,0.891216
[MO866] Iteration,1,143,130.794712,0.893782
[MO866] Iteration,2,143,130.802590,0.908097
[MO866] Iteration,0,144,131.688725,0.903459
[MO866] Iteration,2,144,131.689178,0.886552
[MO866] Iteration,3,144,131.695330,0.903120
[MO866] Iteration,1,144,131.695705,0.900946
[MO866] Iteration,2,145,132.583348,0.894148
[MO866] Iteration,0,145,132.583526,0.894742
[MO866] Iteration,1,145,132.589906,0.894182
[MO866] Iteration,3,145,132.589955,0.894573
[MO866] Iteration,2,146,133.477251,0.893842
[MO866] Iteration,0,146,133.477430,0.893884
[MO866] Iteration,3,146,133.483791,0.893809
[MO866] Iteration,1,146,133.483792,0.893842
[MO866] Iteration,0,147,134.371289,0.893839
[MO866] Iteration,2,147,134.371675,0.894370
[MO866] Iteration,3,147,134.377836,0.894001
[MO866] Iteration,1,147,134.378169,0.894337
[MO866] Iteration,0,148,135.265958,0.894609
[MO866] Iteration,2,148,135.266063,0.894367
[MO866] Iteration,3,148,135.272533,0.894648
[MO866] Iteration,1,148,135.272585,0.894398
[MO866] Iteration,2,149,136.159578,0.893494
[MO866] Iteration,0,149,136.159616,0.893606
[MO866] Iteration,1,149,136.166109,0.893501
[MO866] Iteration,3,149,136.166136,0.893550
[MO866] Iteration,0,150,137.053238,0.893601
[MO866] Iteration,2,150,137.053160,0.893527
[MO866] Iteration,3,150,137.059717,0.893560
[MO866] Iteration,1,150,137.059692,0.893539
[MO866] Iteration,0,151,137.946352,0.893093
[MO866] Iteration,2,151,137.946654,0.893423
[MO866] Iteration,3,151,137.952862,0.893119
[MO866] Iteration,1,151,137.953087,0.893347
[MO866] Iteration,0,152,138.840691,0.894286
[MO866] Iteration,2,152,138.840760,0.894083
[MO866] Iteration,1,152,138.847292,0.894184
[MO866] Iteration,3,152,138.847290,0.894375
[MO866] Iteration,2,153,139.734232,0.893444
[MO866] Iteration,0,153,139.734114,0.893361
[MO866] Iteration,3,153,139.740771,0.893437
[MO866] Iteration,1,153,139.740896,0.893565
[MO866] Iteration,0,154,140.628020,0.893852
[MO866] Iteration,2,154,140.628502,0.894249
[MO866] Iteration,3,154,140.634740,0.893918
[MO866] Iteration,1,154,140.635038,0.894123
[MO866] Iteration,2,155,141.519954,0.891432
[MO866] Iteration,3,155,141.527078,0.892290
[MO866] Iteration,1,155,141.527099,0.892040
[MO866] Iteration,0,155,141.533205,0.905125
[MO866] Iteration,0,156,142.418820,0.885565
[MO866] Iteration,2,156,142.419034,0.899029
[MO866] Iteration,3,156,142.425408,0.898275
[MO866] Iteration,1,156,142.425553,0.898423
[MO866] Iteration,0,157,143.312937,0.894057
[MO866] Iteration,2,157,143.313269,0.894213
[MO866] Iteration,3,157,143.319503,0.894049
[MO866] Iteration,1,157,143.319763,0.894192
[MO866] Iteration,0,158,144.198159,0.885161
[MO866] Iteration,3,158,144.204453,0.884902
[MO866] Iteration,1,158,144.219867,0.900082
[MO866] Iteration,2,158,144.223683,0.910392
[MO866] Iteration,0,159,145.108969,0.910767
 Time step  160
[MO866] Iteration,2,159,145.109299,0.885573
[MO866] Iteration,3,159,145.115538,0.911029
[MO866] Iteration,1,159,145.115818,0.895898
[MO866] Iteration,0,160,146.003002,0.893974
[MO866] Iteration,2,160,146.003237,0.893916
[MO866] Iteration,3,160,146.009607,0.894020
[MO866] Iteration,1,160,146.009792,0.893951
[MO866] Iteration,2,161,146.897150,0.893891
[MO866] Iteration,0,161,146.897084,0.894024
[MO866] Iteration,3,161,146.903687,0.894031
[MO866] Iteration,1,161,146.903736,0.893925
[MO866] Iteration,0,162,147.790507,0.893361
[MO866] Iteration,2,162,147.790721,0.893542
[MO866] Iteration,3,162,147.797081,0.893342
[MO866] Iteration,1,162,147.797356,0.893593
[MO866] Iteration,2,163,148.685048,0.894305
[MO866] Iteration,0,163,148.684900,0.894337
[MO866] Iteration,3,163,148.691470,0.894337
[MO866] Iteration,1,163,148.691509,0.894134
[MO866] Iteration,0,164,149.578764,0.893809
[MO866] Iteration,2,164,149.578625,0.893553
[MO866] Iteration,1,164,149.585170,0.893643
[MO866] Iteration,3,164,149.585346,0.893827
[MO866] Iteration,2,165,150.472259,0.893577
[MO866] Iteration,0,165,150.472275,0.893488
[MO866] Iteration,3,165,150.478671,0.893304
[MO866] Iteration,1,165,150.478705,0.893475
[MO866] Iteration,0,166,151.371031,0.898722
[MO866] Iteration,2,166,151.371617,0.899312
[MO866] Iteration,3,166,151.377691,0.898971
[MO866] Iteration,1,166,151.378128,0.899405
[MO866] Iteration,0,167,152.270128,0.899039
[MO866] Iteration,2,167,152.270630,0.898990
[MO866] Iteration,3,167,152.276764,0.899023
[MO866] Iteration,1,167,152.277225,0.899076
[MO866] Iteration,0,168,153.169269,0.899086
[MO866] Iteration,2,168,153.169878,0.899229
[MO866] Iteration,3,168,153.175898,0.899082
[MO866] Iteration,1,168,153.176388,0.899144
[MO866] Iteration,0,169,154.068596,0.899281
[MO866] Iteration,2,169,154.069048,0.899151
[MO866] Iteration,3,169,154.075257,0.899307
[MO866] Iteration,1,169,154.075660,0.899250
[MO866] Iteration,0,170,154.996065,0.927411
[MO866] Iteration,2,170,154.997236,0.928169
[MO866] Iteration,3,170,155.009635,0.934326
[MO866] Iteration,1,170,155.010609,0.934927
[MO866] Iteration,0,171,155.915999,0.919879
[MO866] Iteration,2,171,155.916397,0.919142
[MO866] Iteration,3,171,155.922479,0.912786
[MO866] Iteration,1,171,155.922815,0.912178
[MO866] Iteration,0,172,156.814566,0.898490
[MO866] Iteration,2,172,156.815380,0.898963
[MO866] Iteration,3,172,156.821186,0.898656
[MO866] Iteration,1,172,156.821876,0.899040
[MO866] Iteration,0,173,157.710944,0.896322
[MO866] Iteration,3,173,157.717951,0.896700
[MO866] Iteration,1,173,157.718396,0.896500
[MO866] Iteration,2,173,157.726446,0.911043
[MO866] Iteration,0,174,158.617408,0.906416
[MO866] Iteration,2,174,158.618070,0.891588
[MO866] Iteration,3,174,158.624069,0.906057
[MO866] Iteration,1,174,158.624465,0.906048
[MO866] Iteration,0,175,159.516533,0.899069
[MO866] Iteration,2,175,159.517252,0.899164
[MO866] Iteration,3,175,159.523259,0.899138
[MO866] Iteration,1,175,159.523730,0.899243
[MO866] Iteration,0,176,160.415586,0.898988
[MO866] Iteration,2,176,160.416058,0.898788
[MO866] Iteration,3,176,160.422222,0.898912
[MO866] Iteration,1,176,160.422521,0.898769
[MO866] Iteration,0,177,161.314144,0.898497
[MO866] Iteration,2,177,161.314597,0.898520
[MO866] Iteration,3,177,161.320769,0.898499
[MO866] Iteration,1,177,161.321106,0.898564
[MO866] Iteration,0,178,162.213190,0.898992
[MO866] Iteration,2,178,162.213975,0.899360
[MO866] Iteration,3,178,162.219881,0.899061
[MO866] Iteration,1,178,162.220453,0.899326
[MO866] Iteration,0,179,163.112583,0.899323
 Time step  180
[MO866] Iteration,2,179,163.112953,0.898960
[MO866] Iteration,3,179,163.119142,0.899210
[MO866] Iteration,1,179,163.119424,0.898951
[MO866] Iteration,0,180,164.011304,0.898657
[MO866] Iteration,2,180,164.011644,0.898670
[MO866] Iteration,3,180,164.017906,0.898714
[MO866] Iteration,1,180,164.018125,0.898680
[MO866] Iteration,0,181,164.909631,0.898267
[MO866] Iteration,2,181,164.910551,0.898887
[MO866] Iteration,3,181,164.916341,0.898392
[MO866] Iteration,1,181,164.916899,0.898753
[MO866] Iteration,0,182,165.808811,0.899129
[MO866] Iteration,2,182,165.809375,0.898804
[MO866] Iteration,3,182,165.815473,0.899085
[MO866] Iteration,1,182,165.815882,0.898962
[MO866] Iteration,0,183,166.707984,0.899114
[MO866] Iteration,2,183,166.708540,0.899145
[MO866] Iteration,3,183,166.714567,0.899044
[MO866] Iteration,1,183,166.715016,0.899114
[MO866] Iteration,0,184,167.607306,0.899261
[MO866] Iteration,2,184,167.607486,0.898924
[MO866] Iteration,3,184,167.613816,0.899200
[MO866] Iteration,1,184,167.614058,0.899022
[MO866] Iteration,0,185,168.505877,0.898509
[MO866] Iteration,2,185,168.506281,0.898773
[MO866] Iteration,3,185,168.512489,0.898624
[MO866] Iteration,1,185,168.512782,0.898704
[MO866] Iteration,0,186,169.404718,0.898785
[MO866] Iteration,2,186,169.405393,0.899095
[MO866] Iteration,3,186,169.411439,0.898898
[MO866] Iteration,1,186,169.411902,0.899098
[MO866] Iteration,2,187,170.301161,0.895749
[MO866] Iteration,3,187,170.307904,0.896416
[MO866] Iteration,1,187,170.308384,0.896462
[MO866] Iteration,0,187,170.314883,0.910103
[MO866] Iteration,0,188,171.205460,0.890538
[MO866] Iteration,2,188,171.205896,0.904686
[MO866] Iteration,3,188,171.211975,0.904016
[MO866] Iteration,1,188,171.212327,0.903920
[MO866] Iteration,0,189,172.104104,0.898585
[MO866] Iteration,2,189,172.104850,0.898936
[MO866] Iteration,3,189,172.110761,0.898734
[MO866] Iteration,1,189,172.111333,0.898986
[MO866] Iteration,0,190,173.003372,0.899207
[MO866] Iteration,2,190,173.003792,0.898923
[MO866] Iteration,3,190,173.009978,0.899169
[MO866] Iteration,1,190,173.010313,0.898959
[MO866] Iteration,0,191,173.896509,0.893077
[MO866] Iteration,2,191,173.897123,0.893312
[MO866] Iteration,3,191,173.903106,0.893081
[MO866] Iteration,1,191,173.903468,0.893136
[MO866] Iteration,0,192,174.793827,0.897257
[MO866] Iteration,2,192,174.794529,0.897373
[MO866] Iteration,3,192,174.800472,0.897317
[MO866] Iteration,1,192,174.800996,0.897507
[MO866] Iteration,0,193,175.692924,0.899048
[MO866] Iteration,2,193,175.693570,0.899023
[MO866] Iteration,3,193,175.699559,0.899035
[MO866] Iteration,1,193,175.700025,0.899007
[MO866] Iteration,0,194,176.591836,0.898850
[MO866] Iteration,2,194,176.592463,0.898874
[MO866] Iteration,3,194,176.598351,0.898743
[MO866] Iteration,1,194,176.598908,0.898863
[MO866] Iteration,0,195,177.491128,0.899233
[MO866] Iteration,2,195,177.491481,0.898999
[MO866] Iteration,3,195,177.497745,0.899345
[MO866] Iteration,1,195,177.497901,0.898971
[MO866] Iteration,0,196,178.389114,0.897926
[MO866] Iteration,2,196,178.389642,0.898141
[MO866] Iteration,3,196,178.395701,0.897907
[MO866] Iteration,1,196,178.396041,0.898120
[MO866] Iteration,0,197,179.287752,0.898577
[MO866] Iteration,2,197,179.288185,0.898525
[MO866] Iteration,3,197,179.294318,0.898564
[MO866] Iteration,1,197,179.294708,0.898646
[MO866] Iteration,0,198,180.186559,0.898743
[MO866] Iteration,2,198,180.187319,0.899114
[MO866] Iteration,3,198,180.193308,0.898942
[MO866] Iteration,1,198,180.193704,0.898977
[MO866] Iteration,0,199,181.085549,0.898932
 Time step  200
[MO866] Iteration,2,199,181.086188,0.898848
[MO866] Iteration,3,199,181.092140,0.898786
[MO866] Iteration,1,199,181.092530,0.898807
[MO866] Iteration,0,200,181.984578,0.898977
[MO866] Iteration,2,200,181.985234,0.899028
[MO866] Iteration,3,200,181.991219,0.899028
[MO866] Iteration,1,200,181.991632,0.899080
[MO866] Iteration,0,201,182.883679,0.899035
[MO866] Iteration,2,201,182.883948,0.898696
[MO866] Iteration,3,201,182.890359,0.899089
[MO866] Iteration,1,201,182.890549,0.898897
[MO866] Iteration,0,202,183.782477,0.898737
[MO866] Iteration,2,202,183.783019,0.899048
[MO866] Iteration,3,202,183.789148,0.898739
[MO866] Iteration,1,202,183.789524,0.898954
[MO866] Iteration,0,203,184.686699,0.904170
[MO866] Iteration,2,203,184.686851,0.903811
[MO866] Iteration,1,203,184.708953,0.919411
[MO866] Iteration,3,203,184.709042,0.919842
[MO866] Iteration,0,204,185.601644,0.914898
[MO866] Iteration,2,204,185.602047,0.915177
[MO866] Iteration,3,204,185.608225,0.899155
[MO866] Iteration,1,204,185.608524,0.899519
[MO866] Iteration,0,205,186.500378,0.898680
[MO866] Iteration,2,205,186.501034,0.898969
[MO866] Iteration,3,205,186.507064,0.898788
[MO866] Iteration,1,205,186.507557,0.899011
[MO866] Iteration,2,206,187.391736,0.890684
[MO866] Iteration,1,206,187.398187,0.890609
[MO866] Iteration,3,206,187.411708,0.904592
[MO866] Iteration,0,206,187.414974,0.914536
[MO866] Iteration,0,207,188.304684,0.889667
[MO866] Iteration,2,207,188.305254,0.913470
[MO866] Iteration,3,207,188.311365,0.899599
[MO866] Iteration,1,207,188.311757,0.913517
[MO866] Iteration,0,208,189.203404,0.898656
[MO866] Iteration,2,208,189.204229,0.898954
[MO866] Iteration,3,208,189.210038,0.898619
[MO866] Iteration,1,208,189.210667,0.898889
[MO866] Iteration,0,209,190.100617,0.897149
[MO866] Iteration,3,209,190.107734,0.897649
[MO866] Iteration,1,209,190.108179,0.897491
[MO866] Iteration,2,209,190.114331,0.910079
[MO866] Iteration,0,210,191.005191,0.904522
[MO866] Iteration,2,210,191.005791,0.891426
[MO866] Iteration,3,210,191.011817,0.904023
[MO866] Iteration,1,210,191.012221,0.904020
[MO866] Iteration,0,211,191.904453,0.899193
[MO866] Iteration,2,211,191.905145,0.899333
[MO866] Iteration,3,211,191.911171,0.899305
[MO866] Iteration,1,211,191.911736,0.899495
[MO866] Iteration,0,212,192.803831,0.899314
[MO866] Iteration,2,212,192.804688,0.899524
[MO866] Iteration,3,212,192.810483,0.899262
[MO866] Iteration,1,212,192.811084,0.899327
[MO866] Iteration,0,213,193.703145,0.899249
[MO866] Iteration,2,213,193.703745,0.899037
[MO866] Iteration,3,213,193.709732,0.899198
[MO866] Iteration,1,213,193.710237,0.899132
[MO866] Iteration,0,214,194.602067,0.898863
[MO866] Iteration,2,214,194.602661,0.898894
[MO866] Iteration,3,214,194.608732,0.898952
[MO866] Iteration,1,214,194.609259,0.899002
[MO866] Iteration,0,215,195.501709,0.899586
[MO866] Iteration,2,215,195.502326,0.899645
[MO866] Iteration,3,215,195.508363,0.899578
[MO866] Iteration,1,215,195.508770,0.899491
[MO866] Iteration,0,216,196.400716,0.898955
[MO866] Iteration,2,216,196.401089,0.898747
[MO866] Iteration,3,216,196.407300,0.898887
[MO866] Iteration,1,216,196.407601,0.898810
[MO866] Iteration,0,217,197.299989,0.899212
[MO866] Iteration,2,217,197.300271,0.899163
[MO866] Iteration,3,217,197.306581,0.899229
[MO866] Iteration,1,217,197.306878,0.899256
[MO866] Iteration,0,218,198.198469,0.898417
[MO866] Iteration,2,218,198.199153,0.898859
[MO866] Iteration,3,218,198.205133,0.898504
[MO866] Iteration,1,218,198.205581,0.898682
[MO866] Iteration,0,219,199.097662,0.899138
 Time step  220
[MO866] Iteration,2,219,199.097907,0.898736
[MO866] Iteration,3,219,199.104176,0.898993
[MO866] Iteration,1,219,199.104437,0.898838
[MO866] Iteration,0,220,199.996490,0.898773
[MO866] Iteration,2,220,199.997402,0.899478
[MO866] Iteration,3,220,200.003262,0.899034
[MO866] Iteration,1,220,200.003887,0.899429
[MO866] Iteration,0,221,200.895779,0.899224
[MO866] Iteration,2,221,200.896577,0.899157
[MO866] Iteration,3,221,200.902498,0.899187
[MO866] Iteration,1,221,200.903009,0.899102
[MO866] Iteration,0,222,201.795112,0.899270
[MO866] Iteration,2,222,201.795182,0.898584
[MO866] Iteration,3,222,201.801742,0.899195
[MO866] Iteration,1,222,201.801875,0.898845
[MO866] Iteration,0,223,202.693636,0.898465
[MO866] Iteration,2,223,202.694114,0.898909
[MO866] Iteration,3,223,202.700248,0.898459
[MO866] Iteration,1,223,202.700644,0.898750
[MO866] Iteration,0,224,203.592804,0.899115
[MO866] Iteration,2,224,203.593427,0.899296
[MO866] Iteration,3,224,203.599466,0.899166
[MO866] Iteration,1,224,203.599876,0.899212
[MO866] Iteration,0,225,204.492066,0.899200
[MO866] Iteration,2,225,204.492530,0.899083
[MO866] Iteration,3,225,204.498740,0.899223
[MO866] Iteration,1,225,204.499098,0.899203
[MO866] Iteration,2,226,205.390479,0.897931
[MO866] Iteration,0,226,205.396491,0.904368
[MO866] Iteration,3,226,205.397680,0.898890
[MO866] Iteration,1,226,205.398174,0.899056
[MO866] Iteration,0,227,206.290236,0.893683
[MO866] Iteration,2,227,206.290926,0.900392
[MO866] Iteration,3,227,206.296894,0.899176
[MO866] Iteration,1,227,206.297348,0.899154
[MO866] Iteration,0,228,207.189251,0.898964
[MO866] Iteration,2,228,207.189879,0.898934
[MO866] Iteration,3,228,207.195891,0.898944
[MO866] Iteration,1,228,207.196353,0.898987
[MO866] Iteration,0,229,208.088435,0.899132
[MO866] Iteration,2,229,208.089171,0.899276
[MO866] Iteration,3,229,208.095141,0.899200
[MO866] Iteration,1,229,208.095554,0.899181
[MO866] Iteration,0,230,208.983065,0.894566
[MO866] Iteration,3,230,208.991343,0.896150
[MO866] Iteration,1,230,208.991863,0.896288
[MO866] Iteration,2,230,209.003466,0.914277
[MO866] Iteration,0,231,209.892745,0.909628
[MO866] Iteration,2,231,209.893415,0.889915
[MO866] Iteration,3,231,209.899534,0.908127
[MO866] Iteration,1,231,209.899866,0.907980
[MO866] Iteration,0,232,210.792232,0.899427
[MO866] Iteration,2,232,210.793060,0.899625
[MO866] Iteration,3,232,210.798925,0.899339
[MO866] Iteration,1,232,210.799557,0.899671
[MO866] Iteration,0,233,211.691676,0.899384
[MO866] Iteration,2,233,211.692320,0.899238
[MO866] Iteration,3,233,211.698287,0.899311
[MO866] Iteration,1,233,211.698758,0.899180
[MO866] Iteration,0,234,212.590813,0.899076
[MO866] Iteration,2,234,212.591051,0.898711
[MO866] Iteration,3,234,212.597453,0.899119
[MO866] Iteration,1,234,212.597732,0.898954
[MO866] Iteration,0,235,213.489540,0.898672
[MO866] Iteration,2,235,213.490050,0.898980
[MO866] Iteration,3,235,213.496095,0.898595
[MO866] Iteration,1,235,213.496559,0.898808
[MO866] Iteration,0,236,214.388356,0.898759
[MO866] Iteration,2,236,214.389106,0.899038
[MO866] Iteration,3,236,214.395038,0.898892
[MO866] Iteration,1,236,214.395587,0.899008
[MO866] Iteration,0,237,215.331559,0.943141
[MO866] Iteration,2,237,215.331800,0.942675
[MO866] Iteration,3,237,215.338160,0.943070
[MO866] Iteration,1,237,215.338349,0.942741
[MO866] Iteration,0,238,216.239306,0.907687
[MO866] Iteration,2,238,216.239704,0.907884
[MO866] Iteration,3,238,216.245828,0.907605
[MO866] Iteration,1,238,216.246200,0.907824
[MO866] Iteration,0,239,217.138666,0.899300
 Time step  240
[MO866] Iteration,2,239,217.138737,0.899014
[MO866] Iteration,3,239,217.145248,0.899371
[MO866] Iteration,1,239,217.145360,0.899141
[MO866] Iteration,0,240,218.037508,0.898786
[MO866] Iteration,2,240,218.037687,0.898930
[MO866] Iteration,3,240,218.044019,0.898723
[MO866] Iteration,1,240,218.044202,0.898823
[MO866] Iteration,0,241,218.936211,0.898646
[MO866] Iteration,2,241,218.936622,0.898915
[MO866] Iteration,3,241,218.942801,0.898729
[MO866] Iteration,1,241,218.943214,0.898990
[MO866] Iteration,0,242,219.835050,0.898774
[MO866] Iteration,2,242,219.835636,0.898994
[MO866] Iteration,3,242,219.841820,0.898966
[MO866] Iteration,1,242,219.842185,0.898950
[MO866] Iteration,0,243,220.734021,0.898917
[MO866] Iteration,2,243,220.734517,0.898861
[MO866] Iteration,3,243,220.740606,0.898740
[MO866] Iteration,1,243,220.740998,0.898794
[MO866] Iteration,0,244,221.632929,0.898856
[MO866] Iteration,2,244,221.633574,0.899040
[MO866] Iteration,3,244,221.639569,0.898913
[MO866] Iteration,1,244,221.640003,0.898985
[MO866] Iteration,0,245,222.531442,0.898451
[MO866] Iteration,2,245,222.532083,0.898491
[MO866] Iteration,3,245,222.538151,0.898536
[MO866] Iteration,1,245,222.538586,0.898563
[MO866] Iteration,0,246,223.430373,0.898873
[MO866] Iteration,2,246,223.431037,0.898935
[MO866] Iteration,3,246,223.437047,0.898853
[MO866] Iteration,1,246,223.437641,0.899035
[MO866] Iteration,0,247,224.329574,0.899144
[MO866] Iteration,2,247,224.330125,0.899069
[MO866] Iteration,3,247,224.336230,0.899133
[MO866] Iteration,1,247,224.336628,0.898968
[MO866] Iteration,0,248,225.228715,0.899092
[MO866] Iteration,2,248,225.229427,0.899283
[MO866] Iteration,3,248,225.235392,0.899113
[MO866] Iteration,1,248,225.235866,0.899218
[MO866] Iteration,2,249,226.126418,0.896973
[MO866] Iteration,0,249,226.126477,0.897701
[MO866] Iteration,3,249,226.133027,0.897586
[MO866] Iteration,1,249,226.133022,0.897135
[MO866] Iteration,0,250,227.024752,0.898238
[MO866] Iteration,2,250,227.024997,0.898529
[MO866] Iteration,3,250,227.031418,0.898349
[MO866] Iteration,1,250,227.031583,0.898517
[MO866] Iteration,0,251,227.924006,0.899189
[MO866] Iteration,2,251,227.924697,0.899679
[MO866] Iteration,3,251,227.930605,0.899138
[MO866] Iteration,1,251,227.931129,0.899525
[MO866] Iteration,0,252,228.821793,0.897724
[MO866] Iteration,3,252,228.828912,0.898259
[MO866] Iteration,1,252,228.829488,0.898336
[MO866] Iteration,2,252,228.835648,0.910930
[MO866] Iteration,0,253,229.725910,0.904074
[MO866] Iteration,2,253,229.726736,0.891054
[MO866] Iteration,3,253,229.732637,0.903668
[MO866] Iteration,1,253,229.733114,0.903605
[MO866] Iteration,0,254,230.625014,0.899050
[MO866] Iteration,2,254,230.625363,0.898606
[MO866] Iteration,3,254,230.631657,0.898973
[MO866] Iteration,1,254,230.631861,0.898725
[MO866] Iteration,0,255,231.523797,0.898716
[MO866] Iteration,2,255,231.523967,0.898583
[MO866] Iteration,1,255,231.530411,0.898529
[MO866] Iteration,3,255,231.530321,0.898614
[MO866] Iteration,0,256,232.421916,0.898058
[MO866] Iteration,2,256,232.422532,0.898545
[MO866] Iteration,3,256,232.428599,0.898231
[MO866] Iteration,1,256,232.429021,0.898587
[MO866] Iteration,0,257,233.321459,0.899487
[MO866] Iteration,2,257,233.321837,0.899288
[MO866] Iteration,3,257,233.328086,0.899438
[MO866] Iteration,1,257,233.328388,0.899347
[MO866] Iteration,0,258,234.220281,0.898766
[MO866] Iteration,2,258,234.221266,0.899411
[MO866] Iteration,3,258,234.226979,0.898843
[MO866] Iteration,1,258,234.227675,0.899265
[MO866] Iteration,0,259,235.119568,0.899225
 Time step  260
[MO866] Iteration,2,259,235.120445,0.899162
[MO866] Iteration,3,259,235.126297,0.899271
[MO866] Iteration,1,259,235.126912,0.899215
[MO866] Iteration,0,260,236.018694,0.899064
[MO866] Iteration,2,260,236.019278,0.898812
[MO866] Iteration,3,260,236.025408,0.899067
[MO866] Iteration,1,260,236.025731,0.898798
[MO866] Iteration,0,261,236.917840,0.899087
[MO866] Iteration,2,261,236.918340,0.899042
[MO866] Iteration,3,261,236.924476,0.899026
[MO866] Iteration,1,261,236.924797,0.899047
[MO866] Iteration,0,262,237.816434,0.898539
[MO866] Iteration,2,262,237.817156,0.898799
[MO866] Iteration,3,262,237.823129,0.898606
[MO866] Iteration,1,262,237.823711,0.898894
[MO866] Iteration,0,263,238.716032,0.899536
[MO866] Iteration,2,263,238.716535,0.899359
[MO866] Iteration,3,263,238.722652,0.899474
[MO866] Iteration,1,263,238.723004,0.899272
[MO866] Iteration,0,264,239.614918,0.898829
[MO866] Iteration,2,264,239.615361,0.898805
[MO866] Iteration,3,264,239.621489,0.898793
[MO866] Iteration,1,264,239.621875,0.898851
[MO866] Iteration,0,265,240.513845,0.898871
[MO866] Iteration,2,265,240.514408,0.899029
[MO866] Iteration,3,265,240.520402,0.898870
[MO866] Iteration,1,265,240.520824,0.898931
[MO866] Iteration,0,266,241.413019,0.899126
[MO866] Iteration,2,266,241.413427,0.899000
[MO866] Iteration,3,266,241.419545,0.899095
[MO866] Iteration,1,266,241.419850,0.899005
[MO866] Iteration,0,267,242.312024,0.898944
[MO866] Iteration,2,267,242.312395,0.898948
[MO866] Iteration,3,267,242.318499,0.898902
[MO866] Iteration,1,267,242.318818,0.898946
[MO866] Iteration,0,268,243.210740,0.898657
[MO866] Iteration,2,268,243.211434,0.899020
[MO866] Iteration,3,268,243.217351,0.898806
[MO866] Iteration,1,268,243.217828,0.898990
[MO866] Iteration,0,269,244.109700,0.898907
[MO866] Iteration,2,269,244.110302,0.898851
[MO866] Iteration,3,269,244.116264,0.898871
[MO866] Iteration,1,269,244.116749,0.898902
[MO866] Iteration,0,270,245.016123,0.906375
[MO866] Iteration,2,270,245.016352,0.906032
[MO866] Iteration,1,270,245.037309,0.920539
[MO866] Iteration,3,270,245.037396,0.921086
[MO866] Iteration,0,271,245.929758,0.913575
[MO866] Iteration,2,271,245.930294,0.913920
[MO866] Iteration,3,271,245.936424,0.898999
[MO866] Iteration,1,271,245.936800,0.899438
[MO866] Iteration,2,272,246.826709,0.896394
[MO866] Iteration,3,272,246.833327,0.896852
[MO866] Iteration,1,272,246.833782,0.896961
[MO866] Iteration,0,272,246.840415,0.910606
[MO866] Iteration,0,273,247.730859,0.890406
[MO866] Iteration,2,273,247.731596,0.904843
[MO866] Iteration,3,273,247.737503,0.904124
[MO866] Iteration,1,273,247.738003,0.904200
[MO866] Iteration,0,274,248.630323,0.899408
[MO866] Iteration,2,274,248.630549,0.898935
[MO866] Iteration,3,274,248.636924,0.899378
[MO866] Iteration,1,274,248.637115,0.899092
[MO866] Iteration,0,275,249.529259,0.898884
[MO866] Iteration,2,275,249.529605,0.899037
[MO866] Iteration,3,275,249.535884,0.898911
[MO866] Iteration,1,275,249.536097,0.898959
[MO866] Iteration,0,276,250.427846,0.898532
[MO866] Iteration,2,276,250.428204,0.898580
[MO866] Iteration,3,276,250.434366,0.898430
[MO866] Iteration,1,276,250.434667,0.898548
[MO866] Iteration,0,277,251.326349,0.898446
[MO866] Iteration,2,277,251.326988,0.898765
[MO866] Iteration,3,277,251.332932,0.898516
[MO866] Iteration,1,277,251.333442,0.898753
[MO866] Iteration,0,278,252.220717,0.894313
[MO866] Iteration,2,278,252.221597,0.894589
[MO866] Iteration,3,278,252.227407,0.894427
[MO866] Iteration,1,278,252.228003,0.894541
[MO866] Iteration,0,279,253.118880,0.898098
 Time step  280
[MO866] Iteration,2,279,253.119314,0.897686
[MO866] Iteration,3,279,253.125485,0.898032
[MO866] Iteration,1,279,253.125821,0.897797
[MO866] Iteration,0,280,254.017772,0.898837
[MO866] Iteration,2,280,254.018285,0.898952
[MO866] Iteration,3,280,254.024377,0.898850
[MO866] Iteration,1,280,254.024675,0.898836
[MO866] Iteration,0,281,254.916807,0.898981
[MO866] Iteration,2,281,254.917278,0.898973
[MO866] Iteration,3,281,254.923369,0.898942
[MO866] Iteration,1,281,254.923640,0.898943
[MO866] Iteration,0,282,255.815751,0.898877
[MO866] Iteration,2,282,255.816050,0.898755
[MO866] Iteration,3,282,255.822296,0.898877
[MO866] Iteration,1,282,255.822619,0.898957
[MO866] Iteration,0,283,256.714358,0.898545
[MO866] Iteration,2,283,256.714991,0.898921
[MO866] Iteration,3,283,256.720997,0.898655
[MO866] Iteration,1,283,256.721452,0.898812
[MO866] Iteration,0,284,257.613753,0.899339
[MO866] Iteration,2,284,257.613927,0.898918
[MO866] Iteration,3,284,257.620294,0.899248
[MO866] Iteration,1,284,257.620536,0.899066
[MO866] Iteration,0,285,258.512417,0.898611
[MO866] Iteration,2,285,258.512810,0.898864
[MO866] Iteration,3,285,258.519035,0.898691
[MO866] Iteration,1,285,258.519429,0.898871
[MO866] Iteration,0,286,259.411611,0.899129
[MO866] Iteration,2,286,259.411979,0.899150
[MO866] Iteration,3,286,259.418239,0.899154
[MO866] Iteration,1,286,259.418516,0.899066
[MO866] Iteration,0,287,260.310254,0.898593
[MO866] Iteration,2,287,260.311121,0.899123
[MO866] Iteration,3,287,260.316801,0.898517
[MO866] Iteration,1,287,260.317506,0.898969
[MO866] Iteration,0,288,261.209441,0.899134
[MO866] Iteration,2,288,261.209706,0.898567
[MO866] Iteration,3,288,261.216006,0.899158
[MO866] Iteration,1,288,261.216345,0.898820
[MO866] Iteration,0,289,262.108608,0.899111
[MO866] Iteration,2,289,262.109297,0.899571
[MO866] Iteration,3,289,262.115223,0.899164
[MO866] Iteration,1,289,262.115743,0.899376
[MO866] Iteration,0,290,263.007653,0.898977
[MO866] Iteration,2,290,263.008240,0.898926
[MO866] Iteration,3,290,263.014330,0.899058
[MO866] Iteration,1,290,263.014770,0.899005
[MO866] Iteration,0,291,263.906270,0.898557
[MO866] Iteration,2,291,263.906751,0.898490
[MO866] Iteration,3,291,263.912920,0.898546
[MO866] Iteration,1,291,263.913312,0.898522
[MO866] Iteration,0,292,264.805462,0.899138
[MO866] Iteration,2,292,264.805739,0.898970
[MO866] Iteration,3,292,264.812102,0.899135
[MO866] Iteration,1,292,264.812364,0.899034
[MO866] Iteration,0,293,265.704072,0.898556
[MO866] Iteration,2,293,265.704787,0.899030
[MO866] Iteration,3,293,265.710717,0.898565
[MO866] Iteration,1,293,265.711251,0.898866
[MO866] Iteration,0,294,266.602919,0.898785
[MO866] Iteration,2,294,266.603764,0.898957
[MO866] Iteration,3,294,266.609699,0.898934
[MO866] Iteration,1,294,266.610319,0.899046
[MO866] Iteration,0,295,267.502761,0.899783
[MO866] Iteration,2,295,267.502983,0.899198
[MO866] Iteration,3,295,267.509367,0.899623
[MO866] Iteration,1,295,267.509513,0.899174
[MO866] Iteration,0,296,268.401111,0.898294
[MO866] Iteration,2,296,268.401808,0.898807
[MO866] Iteration,3,296,268.407747,0.898333
[MO866] Iteration,1,296,268.408301,0.898769
[MO866] Iteration,0,297,269.301401,0.900227
[MO866] Iteration,2,297,269.301845,0.900021
[MO866] Iteration,3,297,269.307983,0.900188
[MO866] Iteration,1,297,269.308307,0.899984
[MO866] Iteration,0,298,270.200438,0.898978
[MO866] Iteration,2,298,270.200940,0.899077
[MO866] Iteration,3,298,270.207098,0.899064
[MO866] Iteration,1,298,270.207433,0.899105
[MO866] Iteration,0,299,271.100007,0.899503
 Time step  300
[MO866] Iteration,2,299,271.100239,0.899280
[MO866] Iteration,3,299,271.106574,0.899427
[MO866] Iteration,1,299,271.106804,0.899350
[MO866] Iteration,0,300,271.994102,0.894034
[MO866] Iteration,2,300,271.994456,0.894196
[MO866] Iteration,3,300,272.000567,0.893946
[MO866] Iteration,1,300,272.000918,0.894092
[MO866] Iteration,0,301,272.892873,0.898705
[MO866] Iteration,2,301,272.893576,0.899103
[MO866] Iteration,3,301,272.899543,0.898928
[MO866] Iteration,1,301,272.900103,0.899164
[MO866] Iteration,0,302,273.792670,0.899734
[MO866] Iteration,2,302,273.793486,0.899894
[MO866] Iteration,3,302,273.799397,0.899807
[MO866] Iteration,1,302,273.799981,0.899857
[MO866] Iteration,0,303,274.689847,0.897113
[MO866] Iteration,3,303,274.696973,0.897527
[MO866] Iteration,1,303,274.697410,0.897409
[MO866] Iteration,2,303,274.705371,0.911867
[MO866] Iteration,0,304,275.645187,0.955297
[MO866] Iteration,2,304,275.645865,0.940459
[MO866] Iteration,3,304,275.651907,0.954873
[MO866] Iteration,1,304,275.652331,0.954901
[MO866] Iteration,0,305,276.548722,0.903464
[MO866] Iteration,2,305,276.549289,0.903405
[MO866] Iteration,3,305,276.555306,0.903336
[MO866] Iteration,1,305,276.555769,0.903411
[MO866] Iteration,0,306,277.448275,0.899495
[MO866] Iteration,2,306,277.448943,0.899635
[MO866] Iteration,3,306,277.454934,0.899577
[MO866] Iteration,1,306,277.455344,0.899555
[MO866] Iteration,0,307,278.347594,0.899258
[MO866] Iteration,2,307,278.348357,0.899394
[MO866] Iteration,3,307,278.354282,0.899298
[MO866] Iteration,1,307,278.354827,0.899463
[MO866] Iteration,0,308,279.247151,0.899500
[MO866] Iteration,2,308,279.248037,0.899661
[MO866] Iteration,3,308,279.253873,0.899545
[MO866] Iteration,1,308,279.254490,0.899642
[MO866] Iteration,0,309,280.147053,0.899841
[MO866] Iteration,2,309,280.147461,0.899404
[MO866] Iteration,3,309,280.153621,0.899704
[MO866] Iteration,1,309,280.154026,0.899516
[MO866] Iteration,0,310,281.046244,0.899133
[MO866] Iteration,2,310,281.047133,0.899653
[MO866] Iteration,3,310,281.052909,0.899241
[MO866] Iteration,1,310,281.053628,0.899584
[MO866] Iteration,0,311,281.946161,0.899865
[MO866] Iteration,2,311,281.946700,0.899548
[MO866] Iteration,3,311,281.952723,0.899767
[MO866] Iteration,1,311,281.953199,0.899552
[MO866] Iteration,0,312,282.845735,0.899523
[MO866] Iteration,2,312,282.846129,0.899408
[MO866] Iteration,3,312,282.852239,0.899465
[MO866] Iteration,1,312,282.852538,0.899310
[MO866] Iteration,0,313,283.745333,0.899541
[MO866] Iteration,2,313,283.745695,0.899549
[MO866] Iteration,3,313,283.751822,0.899535
[MO866] Iteration,1,313,283.752158,0.899598
[MO866] Iteration,0,314,284.644739,0.899350
[MO866] Iteration,2,314,284.645622,0.899909
[MO866] Iteration,3,314,284.651481,0.899611
[MO866] Iteration,1,314,284.652123,0.899945
[MO866] Iteration,0,315,285.544617,0.899817
[MO866] Iteration,2,315,285.544930,0.899289
[MO866] Iteration,3,315,285.551172,0.899646
[MO866] Iteration,1,315,285.551447,0.899304
[MO866] Iteration,0,316,286.443882,0.899206
[MO866] Iteration,2,316,286.444530,0.899577
[MO866] Iteration,3,316,286.450547,0.899325
[MO866] Iteration,1,316,286.450959,0.899491
[MO866] Iteration,0,317,287.343312,0.899372
[MO866] Iteration,2,317,287.343683,0.899133
[MO866] Iteration,3,317,287.349849,0.899258
[MO866] Iteration,1,317,287.350188,0.899209
[MO866] Iteration,0,318,288.242141,0.898768
[MO866] Iteration,2,318,288.242920,0.899216
[MO866] Iteration,3,318,288.248803,0.898911
[MO866] Iteration,1,318,288.249340,0.899133
[MO866] Iteration,0,319,289.141990,0.899796
 Time step  320
[MO866] Iteration,2,319,289.142268,0.899329
[MO866] Iteration,3,319,289.148493,0.899643
[MO866] Iteration,1,319,289.148827,0.899467
[MO866] Iteration,0,320,290.040937,0.898895
[MO866] Iteration,2,320,290.041356,0.899070
[MO866] Iteration,3,320,290.047508,0.898966
[MO866] Iteration,1,320,290.047937,0.899089
[MO866] Iteration,0,321,290.940016,0.899014
[MO866] Iteration,2,321,290.940512,0.899138
[MO866] Iteration,3,321,290.946609,0.899053
[MO866] Iteration,1,321,290.947033,0.899074
[MO866] Iteration,0,322,291.839378,0.899302
[MO866] Iteration,2,322,291.840055,0.899525
[MO866] Iteration,3,322,291.846047,0.899390
[MO866] Iteration,1,322,291.846509,0.899456
[MO866] Iteration,0,323,292.739004,0.899566
[MO866] Iteration,2,323,292.739616,0.899542
[MO866] Iteration,3,323,292.745581,0.899491
[MO866] Iteration,1,323,292.746013,0.899484
[MO866] Iteration,0,324,293.638467,0.899405
[MO866] Iteration,2,324,293.639017,0.899381
[MO866] Iteration,3,324,293.645034,0.899409
[MO866] Iteration,1,324,293.645475,0.899444
[MO866] Iteration,0,325,294.538285,0.899765
[MO866] Iteration,2,325,294.538676,0.899637
[MO866] Iteration,3,325,294.544804,0.899720
[MO866] Iteration,1,325,294.545144,0.899651
[MO866] Iteration,0,326,295.437605,0.899266
[MO866] Iteration,2,326,295.438349,0.899656
[MO866] Iteration,3,326,295.444217,0.899362
[MO866] Iteration,1,326,295.444875,0.899712
[MO866] Iteration,0,327,296.337496,0.899836
[MO866] Iteration,2,327,296.337881,0.899516
[MO866] Iteration,3,327,296.343987,0.899722
[MO866] Iteration,1,327,296.344337,0.899441
[MO866] Iteration,2,328,297.235335,0.897437
[MO866] Iteration,3,328,297.242023,0.897988
[MO866] Iteration,1,328,297.242365,0.898007
[MO866] Iteration,0,328,297.247309,0.909757
[MO866] Iteration,0,329,298.138053,0.890707
[MO866] Iteration,2,329,298.138753,0.903371
[MO866] Iteration,3,329,298.144701,0.902625
[MO866] Iteration,1,329,298.145242,0.902856
[MO866] Iteration,0,330,299.037707,0.899601
[MO866] Iteration,2,330,299.038520,0.899748
[MO866] Iteration,3,330,299.044401,0.899653
[MO866] Iteration,1,330,299.044865,0.899604
[MO866] Iteration,0,331,299.937191,0.899430
[MO866] Iteration,2,331,299.937670,0.899129
[MO866] Iteration,3,331,299.943800,0.899350
[MO866] Iteration,1,331,299.944106,0.899221
[MO866] Iteration,0,332,300.836134,0.898870
[MO866] Iteration,2,332,300.836841,0.899153
[MO866] Iteration,3,332,300.842767,0.898920
[MO866] Iteration,1,332,300.843238,0.899111
[MO866] Iteration,0,333,301.735469,0.899273
[MO866] Iteration,2,333,301.735949,0.899090
[MO866] Iteration,3,333,301.741996,0.899182
[MO866] Iteration,1,333,301.742390,0.899132
[MO866] Iteration,0,334,302.627188,0.891659
[MO866] Iteration,2,334,302.627426,0.891456
[MO866] Iteration,3,334,302.633762,0.891721
[MO866] Iteration,1,334,302.633890,0.891481
[MO866] Iteration,0,335,303.524676,0.897427
[MO866] Iteration,2,335,303.525475,0.898016
[MO866] Iteration,3,335,303.531418,0.897611
[MO866] Iteration,1,335,303.531930,0.898020
[MO866] Iteration,0,336,304.424121,0.899383
[MO866] Iteration,2,336,304.424533,0.899040
[MO866] Iteration,3,336,304.430668,0.899201
[MO866] Iteration,1,336,304.430992,0.899040
[MO866] Iteration,2,337,305.331749,0.907197
[MO866] Iteration,0,337,305.332318,0.908135
[MO866] Iteration,1,337,305.352196,0.921183
[MO866] Iteration,3,337,305.352485,0.921770
[MO866] Iteration,0,338,306.245137,0.912800
[MO866] Iteration,2,338,306.245853,0.914053
[MO866] Iteration,3,338,306.251788,0.899275
[MO866] Iteration,1,338,306.252310,0.900060
[MO866] Iteration,0,339,307.145114,0.899918
 Time step  340
[MO866] Iteration,2,339,307.145638,0.899767
[MO866] Iteration,3,339,307.151735,0.899898
[MO866] Iteration,1,339,307.152089,0.899757
[MO866] Iteration,0,340,308.044448,0.899275
[MO866] Iteration,2,340,308.045285,0.899629
[MO866] Iteration,3,340,308.051154,0.899372
[MO866] Iteration,1,340,308.051718,0.899609
[MO866] Iteration,0,341,308.944305,0.899797
[MO866] Iteration,2,341,308.944701,0.899394
[MO866] Iteration,3,341,308.950887,0.899686
[MO866] Iteration,1,341,308.951127,0.899389
[MO866] Iteration,2,342,309.844092,0.899372
[MO866] Iteration,0,342,309.843935,0.899571
[MO866] Iteration,3,342,309.850486,0.899553
[MO866] Iteration,1,342,309.850579,0.899431
[MO866] Iteration,0,343,310.742947,0.898951
[MO866] Iteration,2,343,310.743001,0.898886
[MO866] Iteration,1,343,310.749536,0.898936
[MO866] Iteration,3,343,310.749517,0.898985
[MO866] Iteration,0,344,311.641915,0.898911
[MO866] Iteration,2,344,311.642377,0.899355
[MO866] Iteration,3,344,311.648524,0.898962
[MO866] Iteration,1,344,311.648881,0.899322
[MO866] Iteration,0,345,312.541661,0.899694
[MO866] Iteration,2,345,312.541902,0.899506
[MO866] Iteration,3,345,312.548149,0.899575
[MO866] Iteration,1,345,312.548366,0.899464
[MO866] Iteration,0,346,313.440839,0.899127
[MO866] Iteration,2,346,313.441186,0.899267
[MO866] Iteration,3,346,313.447383,0.899184
[MO866] Iteration,1,346,313.447682,0.899295
[MO866] Iteration,0,347,314.339736,0.898836
[MO866] Iteration,2,347,314.340078,0.898870
[MO866] Iteration,3,347,314.346371,0.898935
[MO866] Iteration,1,347,314.346568,0.898865
[MO866] Iteration,0,348,315.238666,0.898867
[MO866] Iteration,2,348,315.239469,0.899373
[MO866] Iteration,3,348,315.245424,0.899006
[MO866] Iteration,1,348,315.245936,0.899347
[MO866] Iteration,0,349,316.138611,0.899889
[MO866] Iteration,2,349,316.138851,0.899363
[MO866] Iteration,3,349,316.145190,0.899723
[MO866] Iteration,1,349,316.145386,0.899428
[MO866] Iteration,0,350,317.037982,0.899317
[MO866] Iteration,2,350,317.038578,0.899706
[MO866] Iteration,3,350,317.044656,0.899407
[MO866] Iteration,1,350,317.045047,0.899642
[MO866] Iteration,0,351,317.937632,0.899595
[MO866] Iteration,2,351,317.938143,0.899544
[MO866] Iteration,3,351,317.944175,0.899470
[MO866] Iteration,1,351,317.944512,0.899445
[MO866] Iteration,0,352,318.836924,0.899238
[MO866] Iteration,2,352,318.837203,0.899040
[MO866] Iteration,3,352,318.843528,0.899302
[MO866] Iteration,1,352,318.843768,0.899233
[MO866] Iteration,0,353,319.736085,0.899092
[MO866] Iteration,2,353,319.736506,0.899276
[MO866] Iteration,3,353,319.742681,0.899105
[MO866] Iteration,1,353,319.743049,0.899260
[MO866] Iteration,0,354,320.635538,0.899394
[MO866] Iteration,2,354,320.636166,0.899641
[MO866] Iteration,3,354,320.642106,0.899379
[MO866] Iteration,1,354,320.642586,0.899517
[MO866] Iteration,0,355,321.535199,0.899600
[MO866] Iteration,2,355,321.535441,0.899254
[MO866] Iteration,3,355,321.541662,0.899514
[MO866] Iteration,1,355,321.541946,0.899338
[MO866] Iteration,2,356,322.434890,0.899427
[MO866] Iteration,0,356,322.434834,0.899575
[MO866] Iteration,3,356,322.441332,0.899624
[MO866] Iteration,1,356,322.441450,0.899483
[MO866] Iteration,0,357,323.333934,0.899042
[MO866] Iteration,2,357,323.334233,0.899321
[MO866] Iteration,3,357,323.340546,0.899172
[MO866] Iteration,1,357,323.340720,0.899251
[MO866] Iteration,0,358,324.232837,0.898850
[MO866] Iteration,2,358,324.233524,0.899269
[MO866] Iteration,3,358,324.239449,0.898856
[MO866] Iteration,1,358,324.239937,0.899197
[MO866] Iteration,0,359,325.132350,0.899452
 Time step  360
[MO866] Iteration,2,359,325.133103,0.899562
[MO866] Iteration,3,359,325.139038,0.899543
[MO866] Iteration,1,359,325.139626,0.899666
[MO866] Iteration,2,360,326.032715,0.899593
[MO866] Iteration,0,360,326.032624,0.900210
[MO866] Iteration,3,360,326.039105,0.900023
[MO866] Iteration,1,360,326.039204,0.899557
[MO866] Iteration,0,361,326.926331,0.893648
[MO866] Iteration,2,361,326.926297,0.893557
[MO866] Iteration,1,361,326.932849,0.893623
[MO866] Iteration,3,361,326.932808,0.893653
[MO866] Iteration,0,362,327.824742,0.898374
[MO866] Iteration,2,362,327.824965,0.898622
[MO866] Iteration,3,362,327.831290,0.898431
[MO866] Iteration,1,362,327.831527,0.898659
[MO866] Iteration,0,363,328.723828,0.899023
[MO866] Iteration,2,363,328.724502,0.899517
[MO866] Iteration,3,363,328.730539,0.899200
[MO866] Iteration,1,363,328.730915,0.899365
[MO866] Iteration,0,364,329.623483,0.899597
[MO866] Iteration,2,364,329.623844,0.899323
[MO866] Iteration,3,364,329.630047,0.899463
[MO866] Iteration,1,364,329.630328,0.899392
[MO866] Iteration,0,365,330.520634,0.897092
[MO866] Iteration,3,365,330.527715,0.897622
[MO866] Iteration,1,365,330.528050,0.897701
[MO866] Iteration,2,365,330.534241,0.910378
[MO866] Iteration,0,366,331.425413,0.904731
[MO866] Iteration,2,366,331.426085,0.891810
[MO866] Iteration,3,366,331.432055,0.904282
[MO866] Iteration,1,366,331.432479,0.904406
[MO866] Iteration,0,367,332.325031,0.899561
[MO866] Iteration,2,367,332.325410,0.899307
[MO866] Iteration,3,367,332.331587,0.899484
[MO866] Iteration,1,367,332.331882,0.899383
[MO866] Iteration,0,368,333.224156,0.899065
[MO866] Iteration,2,368,333.224531,0.899103
[MO866] Iteration,3,368,333.230769,0.899134
[MO866] Iteration,1,368,333.230946,0.899041
[MO866] Iteration,0,369,334.123078,0.898859
[MO866] Iteration,2,369,334.123494,0.898943
[MO866] Iteration,3,369,334.129681,0.898860
[MO866] Iteration,1,369,334.130069,0.899102
[MO866] Iteration,0,370,335.041260,0.918124
[MO866] Iteration,2,370,335.041909,0.918395
[MO866] Iteration,3,370,335.059969,0.930245
[MO866] Iteration,1,370,335.060359,0.930271
[MO866] Iteration,0,371,335.970326,0.929015
[MO866] Iteration,2,371,335.970708,0.928782
[MO866] Iteration,3,371,335.976947,0.916917
[MO866] Iteration,1,371,335.977304,0.916917
[MO866] Iteration,0,372,336.869771,0.899391
[MO866] Iteration,2,372,336.870433,0.899705
[MO866] Iteration,3,372,336.876448,0.899451
[MO866] Iteration,1,372,336.876905,0.899582
[MO866] Iteration,0,373,337.769434,0.899609
[MO866] Iteration,2,373,337.769947,0.899496
[MO866] Iteration,3,373,337.776146,0.899650
[MO866] Iteration,1,373,337.776497,0.899571
[MO866] Iteration,0,374,338.668894,0.899404
[MO866] Iteration,2,374,338.669650,0.899683
[MO866] Iteration,3,374,338.675619,0.899424
[MO866] Iteration,1,374,338.676180,0.899663
[MO866] Iteration,0,375,339.569088,0.900129
[MO866] Iteration,2,375,339.569621,0.899954
[MO866] Iteration,3,375,339.575740,0.900070
[MO866] Iteration,1,375,339.576073,0.899872
[MO866] Iteration,0,376,340.468691,0.899536
[MO866] Iteration,2,376,340.469209,0.899570
[MO866] Iteration,3,376,340.475393,0.899603
[MO866] Iteration,1,376,340.475769,0.899676
[MO866] Iteration,0,377,341.368663,0.899908
[MO866] Iteration,2,377,341.369044,0.899807
[MO866] Iteration,3,377,341.375228,0.899790
[MO866] Iteration,1,377,341.375600,0.899810
[MO866] Iteration,0,378,342.267982,0.899260
[MO866] Iteration,2,378,342.268594,0.899529
[MO866] Iteration,3,378,342.274544,0.899264
[MO866] Iteration,1,378,342.274992,0.899370
[MO866] Iteration,2,379,343.167532,0.898918
[MO866] Iteration,0,379,343.167508,0.899468
 Time step  380
[MO866] Iteration,3,379,343.174021,0.899432
[MO866] Iteration,1,379,343.174070,0.899058
[MO866] Iteration,0,380,344.065878,0.898317
[MO866] Iteration,2,380,344.066398,0.898841
[MO866] Iteration,3,380,344.072463,0.898395
[MO866] Iteration,1,380,344.072881,0.898792
[MO866] Iteration,0,381,344.965401,0.899473
[MO866] Iteration,2,381,344.965805,0.899387
[MO866] Iteration,3,381,344.971967,0.899454
[MO866] Iteration,1,381,344.972266,0.899365
[MO866] Iteration,0,382,345.864758,0.899301
[MO866] Iteration,2,382,345.865184,0.899362
[MO866] Iteration,3,382,345.871299,0.899284
[MO866] Iteration,1,382,345.871670,0.899383
[MO866] Iteration,0,383,346.763965,0.899146
[MO866] Iteration,2,383,346.764630,0.899427
[MO866] Iteration,3,383,346.770660,0.899310
[MO866] Iteration,1,383,346.771125,0.899435
[MO866] Iteration,0,384,347.663627,0.899601
[MO866] Iteration,2,384,347.664135,0.899485
[MO866] Iteration,3,384,347.670200,0.899494
[MO866] Iteration,1,384,347.670632,0.899485
[MO866] Iteration,0,385,348.563517,0.899830
[MO866] Iteration,2,385,348.563932,0.899779
[MO866] Iteration,3,385,348.570090,0.899847
[MO866] Iteration,1,385,348.570363,0.899711
[MO866] Iteration,0,386,349.462550,0.898972
[MO866] Iteration,2,386,349.463504,0.899554
[MO866] Iteration,3,386,349.469243,0.899108
[MO866] Iteration,1,386,349.469881,0.899497
[MO866] Iteration,0,387,350.362253,0.899646
[MO866] Iteration,2,387,350.362972,0.899447
[MO866] Iteration,3,387,350.368984,0.899698
[MO866] Iteration,1,387,350.369500,0.899600
[MO866] Iteration,0,388,351.261510,0.899205
[MO866] Iteration,2,388,351.262035,0.899045
[MO866] Iteration,3,388,351.268158,0.899123
[MO866] Iteration,1,388,351.268527,0.899006
[MO866] Iteration,0,389,352.160920,0.899356
[MO866] Iteration,2,389,352.161638,0.899585
[MO866] Iteration,3,389,352.167582,0.899378
[MO866] Iteration,1,389,352.168086,0.899539
[MO866] Iteration,0,390,353.060423,0.899443
[MO866] Iteration,2,390,353.060768,0.899114
[MO866] Iteration,3,390,353.066978,0.899352
[MO866] Iteration,1,390,353.067369,0.899261
[MO866] Iteration,0,391,353.959786,0.899301
[MO866] Iteration,2,391,353.960276,0.899488
[MO866] Iteration,3,391,353.966383,0.899361
[MO866] Iteration,1,391,353.966724,0.899333
[MO866] Iteration,0,392,354.859080,0.899232
[MO866] Iteration,2,392,354.859597,0.899299
[MO866] Iteration,3,392,354.865680,0.899250
[MO866] Iteration,1,392,354.866125,0.899380
[MO866] Iteration,0,393,355.758982,0.899842
[MO866] Iteration,2,393,355.759490,0.899875
[MO866] Iteration,3,393,355.765598,0.899875
[MO866] Iteration,1,393,355.765935,0.899791
[MO866] Iteration,2,394,356.656384,0.896875
[MO866] Iteration,3,394,356.663473,0.897832
[MO866] Iteration,1,394,356.663644,0.897690
[MO866] Iteration,0,394,356.671437,0.912397
[MO866] Iteration,0,395,357.562415,0.890941
[MO866] Iteration,2,395,357.562775,0.906344
[MO866] Iteration,3,395,357.568993,0.905465
[MO866] Iteration,1,395,357.569268,0.905600
[MO866] Iteration,0,396,358.461628,0.899162
[MO866] Iteration,2,396,358.462031,0.899237
[MO866] Iteration,3,396,358.468205,0.899159
[MO866] Iteration,1,396,358.468536,0.899248
[MO866] Iteration,0,397,359.361126,0.899445
[MO866] Iteration,2,397,359.361703,0.899655
[MO866] Iteration,3,397,359.367786,0.899532
[MO866] Iteration,1,397,359.368178,0.899622
[MO866] Iteration,0,398,360.256177,0.894990
[MO866] Iteration,3,398,360.264522,0.896687
[MO866] Iteration,1,398,360.264993,0.896794
[MO866] Iteration,2,398,360.268533,0.906811
[MO866] Iteration,0,399,361.159656,0.903418
 Time step  400
[MO866] Iteration,2,399,361.160317,0.891737
[MO866] Iteration,3,399,361.166237,0.901651
[MO866] Iteration,1,399,361.166758,0.901743
[MO866] Iteration,0,400,362.059019,0.899302
[MO866] Iteration,2,400,362.059461,0.899125
[MO866] Iteration,3,400,362.065169,0.898888
[MO866] Iteration,1,400,362.065555,0.898775
[MO866] PI avg,3,0.900350,400
[MO866] Beta,3,0.000984
[MO866] Total time,3,362.419417
 Verification being performed for class C
 accuracy setting for epsilon =  0.1000000000000E-07
 Comparison of RMS-norms of residual
           1 0.5881691581829E+03 0.5881691581829E+03 0.6726469583912E-13
           2 0.2454417603569E+03 0.2454417603569E+03 0.4608767610227E-13
           3 0.3293829191851E+03 0.3293829191851E+03 0.3537797556502E-13
           4 0.3081924971891E+03 0.3081924971891E+03 0.1392531668724E-12
           5 0.4597223799176E+03 0.4597223799176E+03 0.2720240017817E-13
 Comparison of RMS-norms of solution error
           1 0.2598120500183E+00 0.2598120500183E+00 0.1666539252407E-13
           2 0.2590888922315E-01 0.2590888922315E-01 0.1665834444332E-12
           3 0.5132886416320E-01 0.5132886416320E-01 0.4014995311231E-13
           4 0.4806073419454E-01 0.4806073419454E-01 0.2454419357993E-14
[MO866] PI avg,2,0.900358,400
[MO866] Beta,2,0.000999
[MO866] Total time,2,362.419383
[MO866] PI avg,1,0.900375,400
[MO866] Beta,1,0.000983
[MO866] Total time,1,362.419409
           5 0.5483377491301E+00 0.5483377491301E+00 0.7066225810805E-13
 Verification Successful


 SP Benchmark Completed.
 Class           =                        C
 Size            =            162x 162x 162
 Iterations      =                      400
 Time in seconds =                   360.16
 Total processes =                        8
 Active procs    =                        4
 Mop/s total     =                  4026.27
 Mop/s/process   =                   503.28
 Operation type  =           floating point
 Verification    =               SUCCESSFUL
 Version         =                      3.4
 Compile date    =              15 Jun 2020

 Compile options:
    MPIFC        = mpif90
    FLINK        = $(MPIFC)
    FMPI_LIB     = (none)
    FMPI_INC     = (none)
    FFLAGS       = -O3
    FLINKFLAGS   = $(FFLAGS) -O ../kernel_stats/kernel_stats.o...
    RAND         = (none)


 Please send feedbacks and/or the results of this run to:

 NPB Development Team 
 Internet: npb@nas.nasa.gov


[MO866] PI avg,0,0.900329,400
[MO866] Beta,0,0.001002
[MO866] Total time,0,362.419853
