--------------------------------------------------------------------------
[[37499,1],0]: A high-performance Open MPI point-to-point messaging module
was unable to find any relevant network interfaces:

Module: OpenFabrics (openib)
  Host: node06

Another transport will be used instead, although this may result in
lower performance.

NOTE: You can disable this warning by setting the MCA parameter
btl_base_warn_component_unused to 0.
--------------------------------------------------------------------------


 NAS Parallel Benchmarks 3.4 -- CG Benchmark

 Size:      75000  (class B)
 Iterations:    75
 Number of processes:     4
 Number of nonzeroes per row:       13
 Eigenvalue shift:    60.000
[MO833] Init time,1,0.894092
[MO833] Init time,2,0.891151
[MO833] Init time,3,0.889887
[MO833] Init time,0,0.896012
[MO833] Iteration,3,1,1.282890,0.393003
[MO833] Iteration,1,1,1.287095,0.393003
[MO833] Iteration,2,1,1.284156,0.393005

   iteration           ||r||                 zeta
        1       0.22570593804977E-12    59.9994751578754
[MO833] Iteration,0,1,1.289123,0.393111
[MO833] Iteration,2,2,1.661319,0.377163
[MO833] Iteration,3,2,1.660052,0.377162
[MO833] Iteration,1,2,1.664270,0.377175
        2       0.87940525110205E-15    21.7627846142534
[MO833] Iteration,0,2,1.666242,0.377119
[MO833] Iteration,1,3,2.041554,0.377284
[MO833] Iteration,2,3,2.038608,0.377289
[MO833] Iteration,3,3,2.037341,0.377289
        3       0.91437860021792E-15    22.2876617043224
[MO833] Iteration,0,3,2.043526,0.377284
[MO833] Iteration,3,4,2.415633,0.378292
[MO833] Iteration,1,4,2.419865,0.378311
[MO833] Iteration,2,4,2.416900,0.378292
        4       0.94070151553213E-15    22.5230738188351
[MO833] Iteration,0,4,2.421854,0.378328
[MO833] Iteration,2,5,2.794279,0.377379
[MO833] Iteration,3,5,2.793012,0.377379
[MO833] Iteration,1,5,2.797230,0.377365
        5       0.95061921543782E-15    22.6275390653894
[MO833] Iteration,0,5,2.799200,0.377346
[MO833] Iteration,1,6,3.174733,0.377503
[MO833] Iteration,2,6,3.171785,0.377506
[MO833] Iteration,3,6,3.170518,0.377506
        6       0.95020110557135E-15    22.6740259189539
[MO833] Iteration,0,6,3.176705,0.377505
[MO833] Iteration,3,7,3.555853,0.385335
[MO833] Iteration,1,7,3.559990,0.385257
[MO833] Iteration,2,7,3.557121,0.385336
        7       0.96182780922821E-15    22.6949056826254
[MO833] Iteration,0,7,3.561986,0.385281
[MO833] Iteration,2,8,3.934455,0.377334
[MO833] Iteration,3,8,3.933188,0.377335
[MO833] Iteration,1,8,3.937401,0.377411
        8       0.95596074233319E-15    22.7044023166870
[MO833] Iteration,0,8,3.939373,0.377387
[MO833] Iteration,1,9,4.330687,0.393286
[MO833] Iteration,2,9,4.327760,0.393305
[MO833] Iteration,3,9,4.326493,0.393305
        9       0.95970296822520E-15    22.7087834345616
[MO833] Iteration,0,9,4.332683,0.393310
[MO833] Iteration,3,10,4.704004,0.377511
[MO833] Iteration,1,10,4.708219,0.377532
[MO833] Iteration,2,10,4.705271,0.377511
       10       0.96585915228054E-15    22.7108351397173
[MO833] Iteration,0,10,4.710201,0.377518
[MO833] Iteration,2,11,5.087297,0.382026
[MO833] Iteration,3,11,5.086029,0.382025
[MO833] Iteration,1,11,5.090248,0.382029
       11       0.96181371319440E-15    22.7118107121338
[MO833] Iteration,0,11,5.092250,0.382049
[MO833] Iteration,1,12,5.470062,0.379814
[MO833] Iteration,2,12,5.467119,0.379822
[MO833] Iteration,3,12,5.465852,0.379823
       12       0.96172939735102E-15    22.7122816240974
[MO833] Iteration,0,12,5.472032,0.379782
[MO833] Iteration,3,13,5.847026,0.381174
[MO833] Iteration,1,13,5.851238,0.381176
[MO833] Iteration,2,13,5.848292,0.381173
       13       0.96249111012209E-15    22.7125122663251
[MO833] Iteration,0,13,5.853217,0.381185
[MO833] Iteration,2,14,6.233487,0.385195
[MO833] Iteration,3,14,6.232220,0.385194
[MO833] Iteration,1,14,6.236439,0.385201
       14       0.95484515346749E-15    22.7126268007600
[MO833] Iteration,0,14,6.238408,0.385191
[MO833] Iteration,1,15,6.618328,0.381889
[MO833] Iteration,2,15,6.615382,0.381895
[MO833] Iteration,3,15,6.614116,0.381896
       15       0.95859112595530E-15    22.7126844161815
[MO833] Iteration,0,15,6.620316,0.381908
[MO833] Iteration,3,16,6.991448,0.377332
[MO833] Iteration,1,16,6.995660,0.377332
[MO833] Iteration,2,16,6.992715,0.377333
       16       0.95944617919119E-15    22.7127137461757
[MO833] Iteration,0,16,6.997634,0.377318
[MO833] Iteration,2,17,7.370134,0.377419
[MO833] Iteration,3,17,7.368867,0.377419
[MO833] Iteration,1,17,7.373083,0.377423
       17       0.95550237102011E-15    22.7127288401998
[MO833] Iteration,0,17,7.375068,0.377434
[MO833] Iteration,1,18,7.750319,0.377236
[MO833] Iteration,2,18,7.747373,0.377239
[MO833] Iteration,3,18,7.746106,0.377239
       18       0.95635771795123E-15    22.7127366848299
[MO833] Iteration,0,18,7.752300,0.377232
[MO833] Iteration,3,19,8.123528,0.377422
[MO833] Iteration,1,19,8.127746,0.377427
[MO833] Iteration,2,19,8.124795,0.377422
       19       0.95917386303274E-15    22.7127407981220
[MO833] Iteration,0,19,8.129715,0.377415
[MO833] Iteration,2,20,8.502616,0.377821
[MO833] Iteration,3,20,8.501349,0.377821
[MO833] Iteration,1,20,8.505564,0.377818
       20       0.95268979542345E-15    22.7127429721363
[MO833] Iteration,0,20,8.507534,0.377819
[MO833] Iteration,1,21,8.889146,0.383582
[MO833] Iteration,2,21,8.886199,0.383583
[MO833] Iteration,3,21,8.884932,0.383583
       21       0.95810825900668E-15    22.7127441294025
[MO833] Iteration,0,21,8.891142,0.383608
[MO833] Iteration,1,22,9.272229,0.383083
       22       0.95400990447020E-15    22.7127447493899
[MO833] Iteration,0,22,9.274221,0.383079
[MO833] Iteration,3,22,9.268106,0.383174
[MO833] Iteration,2,22,9.269369,0.383170
       23       0.95367097788352E-15    22.7127450834529
[MO833] Iteration,0,23,9.651449,0.377228
[MO833] Iteration,1,23,9.649463,0.377234
[MO833] Iteration,3,23,9.645248,0.377142
[MO833] Iteration,2,23,9.646515,0.377146
[MO833] Iteration,3,24,10.022785,0.377537
       24       0.95960112286270E-15    22.7127452643880
[MO833] Iteration,0,24,10.028972,0.377523
[MO833] Iteration,1,24,10.026999,0.377536
[MO833] Iteration,2,24,10.024052,0.377537
[MO833] Iteration,1,25,10.420102,0.393103
[MO833] Iteration,3,25,10.415905,0.393120
       25       0.95521595160553E-15    22.7127453628459
[MO833] Iteration,0,25,10.422083,0.393111
[MO833] Iteration,2,25,10.417172,0.393120
       26       0.95199057443662E-15    22.7127454166512
[MO833] Iteration,0,26,10.799679,0.377596
[MO833] Iteration,1,26,10.797702,0.377600
[MO833] Iteration,3,26,10.793494,0.377589
[MO833] Iteration,2,26,10.794761,0.377589
[MO833] Iteration,3,27,11.177120,0.383626
       27       0.95208372247816E-15    22.7127454461693
[MO833] Iteration,0,27,11.183320,0.383641
[MO833] Iteration,1,27,11.181334,0.383632
[MO833] Iteration,2,27,11.178386,0.383625
[MO833] Iteration,1,28,11.559443,0.378109
[MO833] Iteration,3,28,11.555235,0.378115
       28       0.95289804858272E-15    22.7127454624206
[MO833] Iteration,0,28,11.561420,0.378100
[MO833] Iteration,2,28,11.556502,0.378116
       29       0.96058618286659E-15    22.7127454713970
[MO833] Iteration,0,29,11.938619,0.377199
[MO833] Iteration,1,29,11.936643,0.377200
[MO833] Iteration,3,29,11.932432,0.377197
[MO833] Iteration,2,29,11.933699,0.377197
[MO833] Iteration,3,30,12.309719,0.377287
       30       0.95022456844079E-15    22.7127454763706
[MO833] Iteration,0,30,12.315901,0.377282
[MO833] Iteration,1,30,12.313940,0.377297
[MO833] Iteration,2,30,12.310987,0.377288
[MO833] Iteration,1,31,12.691222,0.377282
[MO833] Iteration,3,31,12.687013,0.377294
       31       0.95077106519748E-15    22.7127454791340
[MO833] Iteration,0,31,12.693198,0.377297
[MO833] Iteration,2,31,12.688280,0.377293
       32       0.95572706699156E-15    22.7127454806733
[MO833] Iteration,0,32,13.073612,0.380414
[MO833] Iteration,1,32,13.071634,0.380412
[MO833] Iteration,3,32,13.067509,0.380496
[MO833] Iteration,2,32,13.068774,0.380494
[MO833] Iteration,3,33,13.444830,0.377321
       33       0.95798346533471E-15    22.7127454815324
[MO833] Iteration,0,33,13.451030,0.377418
[MO833] Iteration,1,33,13.449044,0.377410
[MO833] Iteration,2,33,13.446097,0.377323
[MO833] Iteration,1,34,13.826292,0.377248
[MO833] Iteration,3,34,13.822082,0.377252
       34       0.95271350739035E-15    22.7127454820135
[MO833] Iteration,0,34,13.828268,0.377238
[MO833] Iteration,2,34,13.823349,0.377252
[MO833] Iteration,3,35,14.204265,0.382183
[MO833] Iteration,2,35,14.205532,0.382183
       35       0.95966736799946E-15    22.7127454822838
[MO833] Iteration,1,35,14.208578,0.382286
[MO833] Iteration,0,35,14.210549,0.382281
[MO833] Iteration,2,36,14.583401,0.377869
[MO833] Iteration,1,36,14.586347,0.377769
[MO833] Iteration,3,36,14.582134,0.377869
       36       0.95214511214537E-15    22.7127454824349
[MO833] Iteration,0,36,14.588335,0.377786
[MO833] Iteration,3,37,14.959542,0.377408
[MO833] Iteration,2,37,14.960809,0.377408
[MO833] Iteration,1,37,14.963754,0.377407
       37       0.95219895853123E-15    22.7127454825207
[MO833] Iteration,0,37,14.965729,0.377394
[MO833] Iteration,1,38,15.341071,0.377317
[MO833] Iteration,3,38,15.336858,0.377316
[MO833] Iteration,2,38,15.338125,0.377316
       38       0.95369753117332E-15    22.7127454825686
[MO833] Iteration,0,38,15.343062,0.377333
[MO833] Iteration,2,39,15.715504,0.377379
[MO833] Iteration,1,39,15.718452,0.377381
[MO833] Iteration,3,39,15.714237,0.377379
       39       0.94964050811770E-15    22.7127454825961
[MO833] Iteration,0,39,15.720425,0.377363
[MO833] Iteration,3,40,16.091621,0.377384
[MO833] Iteration,2,40,16.092888,0.377384
[MO833] Iteration,1,40,16.095840,0.377388
       40       0.95696543704420E-15    22.7127454826112
[MO833] Iteration,0,40,16.097810,0.377385
[MO833] Iteration,1,41,16.472906,0.377066
[MO833] Iteration,3,41,16.468693,0.377072
[MO833] Iteration,2,41,16.469960,0.377072
       41       0.95376037875561E-15    22.7127454826204
[MO833] Iteration,0,41,16.474880,0.377070
[MO833] Iteration,2,42,16.847132,0.377172
[MO833] Iteration,1,42,16.850072,0.377166
[MO833] Iteration,3,42,16.845864,0.377171
       42       0.94856994338489E-15    22.7127454826251
[MO833] Iteration,0,42,16.852052,0.377172
[MO833] Iteration,3,43,17.223372,0.377508
[MO833] Iteration,2,43,17.224639,0.377507
[MO833] Iteration,1,43,17.227587,0.377515
       43       0.94774927836675E-15    22.7127454826279
[MO833] Iteration,0,43,17.229572,0.377520
[MO833] Iteration,1,44,17.609070,0.381483
[MO833] Iteration,3,44,17.604946,0.381574
[MO833] Iteration,2,44,17.606212,0.381573
       44       0.95322702009650E-15    22.7127454826297
[MO833] Iteration,0,44,17.611050,0.381478
[MO833] Iteration,2,45,17.989950,0.383738
[MO833] Iteration,1,45,17.992901,0.383831
[MO833] Iteration,3,45,17.988683,0.383737
       45       0.94561234382944E-15    22.7127454826306
[MO833] Iteration,0,45,17.994903,0.383853
[MO833] Iteration,3,46,18.366122,0.377439
[MO833] Iteration,2,46,18.367389,0.377439
[MO833] Iteration,1,46,18.370333,0.377432
       46       0.94572166965919E-15    22.7127454826308
[MO833] Iteration,0,46,18.372322,0.377419
[MO833] Iteration,1,47,18.747765,0.377432
[MO833] Iteration,3,47,18.743557,0.377435
[MO833] Iteration,2,47,18.744824,0.377435
       47       0.94743401855688E-15    22.7127454826314
[MO833] Iteration,0,47,18.749742,0.377420
[MO833] Iteration,2,48,19.121839,0.377015
[MO833] Iteration,1,48,19.124785,0.377020
[MO833] Iteration,3,48,19.120572,0.377015
       48       0.95470023852757E-15    22.7127454826317
[MO833] Iteration,0,48,19.126758,0.377016
[MO833] Iteration,3,49,19.497896,0.377324
[MO833] Iteration,2,49,19.499163,0.377324
[MO833] Iteration,1,49,19.502108,0.377323
       49       0.94814538028166E-15    22.7127454826316
[MO833] Iteration,0,49,19.504082,0.377324
[MO833] Iteration,1,50,19.879302,0.377194
[MO833] Iteration,3,50,19.875089,0.377193
[MO833] Iteration,2,50,19.876356,0.377193
       50       0.95278188926363E-15    22.7127454826317
[MO833] Iteration,0,50,19.881289,0.377207
[MO833] Iteration,2,51,20.253785,0.377429
[MO833] Iteration,1,51,20.256737,0.377435
[MO833] Iteration,3,51,20.252518,0.377429
       51       0.93906249089969E-15    22.7127454826316
[MO833] Iteration,0,51,20.258714,0.377425
[MO833] Iteration,3,52,20.630443,0.377925
[MO833] Iteration,2,52,20.631710,0.377925
[MO833] Iteration,1,52,20.634661,0.377924
       52       0.94593608316941E-15    22.7127454826318
[MO833] Iteration,0,52,20.636645,0.377931
[MO833] Iteration,1,53,21.011907,0.377246
[MO833] Iteration,3,53,21.007688,0.377245
[MO833] Iteration,2,53,21.008955,0.377245
       53       0.94536563439030E-15    22.7127454826321
[MO833] Iteration,0,53,21.013877,0.377232
[MO833] Iteration,2,54,21.386435,0.377480
[MO833] Iteration,1,54,21.389382,0.377475
[MO833] Iteration,3,54,21.385168,0.377480
       54       0.94301147556588E-15    22.7127454826314
[MO833] Iteration,0,54,21.391354,0.377477
[MO833] Iteration,3,55,21.762610,0.377442
[MO833] Iteration,2,55,21.763877,0.377442
[MO833] Iteration,1,55,21.766827,0.377445
       55       0.94391408425065E-15    22.7127454826321
[MO833] Iteration,0,55,21.768798,0.377444
[MO833] Iteration,1,56,22.148620,0.381793
[MO833] Iteration,3,56,22.144405,0.381795
[MO833] Iteration,2,56,22.145672,0.381795
       56       0.94869352818107E-15    22.7127454826319
[MO833] Iteration,0,56,22.150615,0.381817
[MO833] Iteration,2,57,22.538565,0.392893
[MO833] Iteration,1,57,22.541503,0.392883
[MO833] Iteration,3,57,22.537298,0.392893
       57       0.94518980855149E-15    22.7127454826316
[MO833] Iteration,0,57,22.543491,0.392876
[MO833] Iteration,3,58,22.914642,0.377344
[MO833] Iteration,2,58,22.915910,0.377345
[MO833] Iteration,1,58,22.918860,0.377357
       58       0.94677650992421E-15    22.7127454826317
[MO833] Iteration,0,58,22.920830,0.377339
[MO833] Iteration,1,59,23.300437,0.381577
       59       0.94314336544113E-15    22.7127454826315
[MO833] Iteration,0,59,23.302427,0.381597
[MO833] Iteration,3,59,23.296314,0.381672
[MO833] Iteration,2,59,23.297581,0.381671
[MO833] Iteration,1,60,23.678502,0.378065
       60       0.94519474120339E-15    22.7127454826318
[MO833] Iteration,0,60,23.680491,0.378064
[MO833] Iteration,3,60,23.674289,0.377975
[MO833] Iteration,2,60,23.675556,0.377975
[MO833] Iteration,3,61,24.051465,0.377176
[MO833] Iteration,1,61,24.055678,0.377176
       61       0.94509501711820E-15    22.7127454826316
[MO833] Iteration,0,61,24.057651,0.377160
[MO833] Iteration,2,61,24.052732,0.377176
       62       0.94461340801117E-15    22.7127454826318
[MO833] Iteration,0,62,24.435083,0.377432
[MO833] Iteration,3,62,24.428896,0.377431
[MO833] Iteration,1,62,24.433115,0.377437
[MO833] Iteration,2,62,24.430163,0.377431
[MO833] Iteration,1,63,24.810372,0.377257
       63       0.94013663361090E-15    22.7127454826314
[MO833] Iteration,0,63,24.812355,0.377272
[MO833] Iteration,3,63,24.806163,0.377267
[MO833] Iteration,2,63,24.807430,0.377267
[MO833] Iteration,3,64,25.183300,0.377137
[MO833] Iteration,1,64,25.187513,0.377141
       64       0.94132294235102E-15    22.7127454826317
[MO833] Iteration,0,64,25.189486,0.377131
[MO833] Iteration,2,64,25.184567,0.377137
       65       0.94378983001658E-15    22.7127454826315
[MO833] Iteration,0,65,25.566872,0.377386
[MO833] Iteration,3,65,25.560684,0.377384
[MO833] Iteration,1,65,25.564902,0.377389
[MO833] Iteration,2,65,25.561951,0.377384
[MO833] Iteration,1,66,25.942061,0.377159
       66       0.93645785275287E-15    22.7127454826315
[MO833] Iteration,0,66,25.944033,0.377161
[MO833] Iteration,3,66,25.937848,0.377164
[MO833] Iteration,2,66,25.939116,0.377165
[MO833] Iteration,3,67,26.315567,0.377719
[MO833] Iteration,1,67,26.319781,0.377720
       67       0.94422938369344E-15    22.7127454826317
[MO833] Iteration,0,67,26.321762,0.377729
[MO833] Iteration,2,67,26.316834,0.377718
       68       0.93511738849518E-15    22.7127454826318
[MO833] Iteration,0,68,26.699739,0.377977
[MO833] Iteration,3,68,26.693538,0.377971
[MO833] Iteration,1,68,26.697753,0.377972
[MO833] Iteration,2,68,26.694806,0.377972
[MO833] Iteration,1,69,27.074967,0.377214
       69       0.93930873309396E-15    22.7127454826318
[MO833] Iteration,0,69,27.076939,0.377200
[MO833] Iteration,3,69,27.070753,0.377215
[MO833] Iteration,2,69,27.072020,0.377214
[MO833] Iteration,3,70,27.455992,0.385239
[MO833] Iteration,1,70,27.460211,0.385244
       70       0.94927464623617E-15    22.7127454826317
[MO833] Iteration,0,70,27.462208,0.385269
[MO833] Iteration,2,70,27.457259,0.385239
       71       0.94490267389902E-15    22.7127454826315
[MO833] Iteration,0,71,27.839421,0.377213
[MO833] Iteration,3,71,27.833233,0.377241
[MO833] Iteration,1,71,27.837451,0.377240
[MO833] Iteration,2,71,27.834500,0.377241
[MO833] Iteration,1,72,28.214703,0.377252
       72       0.93968703949464E-15    22.7127454826314
[MO833] Iteration,0,72,28.216673,0.377252
[MO833] Iteration,3,72,28.210485,0.377252
[MO833] Iteration,2,72,28.211752,0.377252
[MO833] Iteration,3,73,28.587882,0.377397
[MO833] Iteration,1,73,28.592096,0.377393
       73       0.93315842032367E-15    22.7127454826318
[MO833] Iteration,0,73,28.594069,0.377396
[MO833] Iteration,2,73,28.589149,0.377397
       74       0.94130325570147E-15    22.7127454826316
[MO833] Iteration,0,74,28.971262,0.377193
[MO833] Iteration,3,74,28.965074,0.377192
[MO833] Iteration,1,74,28.969292,0.377196
[MO833] Iteration,2,74,28.966341,0.377192
[MO833] PI avg,1,0.374336,75
[MO833] Beta,1,0.000002
       75       0.94220605555182E-15    22.7127454826317
 Benchmark completed 
 VERIFICATION SUCCESSFUL 
 Zeta is     0.2271274548263E+02
 Error is    0.3222239329862E-13


 CG Benchmark Completed.
 Class           =                        B
 Size            =                    75000
 Iterations      =                       75
[MO833] PI avg,3,0.374336,75
[MO833] Beta,3,0.000003
[MO833] PI avg,2,0.374336,75
[MO833] Beta,2,0.000002
 Time in seconds =                    28.45
 Total processes =                        4
 Active procs    =                        4
 Mop/s total     =                  1922.80
 Mop/s/process   =                   480.70
 Operation type  =           floating point
 Verification    =               SUCCESSFUL
 Version         =                      3.4
 Compile date    =              15 Jun 2020

 Compile options:
    MPIFC        = mpif90
    FLINK        = $(MPIFC)
    FMPI_LIB     = (none)
    FMPI_INC     = (none)
    FFLAGS       = -O3
    FLINKFLAGS   = $(FFLAGS) -O ../kernel_stats/kernel_stats.o...
    RAND         = randi8


 Please send feedbacks and/or the results of this run to:

 NPB Development Team 
 Internet: npb@nas.nasa.gov


[MO833] PI avg,0,0.374337,75
[MO833] Beta,0,0.000009
[MO833] Total time,29.348950
