--------------------------------------------------------------------------
[[37296,1],0]: A high-performance Open MPI point-to-point messaging module
was unable to find any relevant network interfaces:

Module: OpenFabrics (openib)
  Host: node06

Another transport will be used instead, although this may result in
lower performance.

NOTE: You can disable this warning by setting the MCA parameter
btl_base_warn_component_unused to 0.
--------------------------------------------------------------------------


 NAS Parallel Benchmarks 3.4 -- CG Benchmark

 Size:     150000  (class C)
 Iterations:    75
 Number of processes:     4
 Number of nonzeroes per row:       15
 Eigenvalue shift:   110.000
[MO833] Init time,1,2.523550
[MO833] Init time,2,2.520110
[MO833] Init time,3,2.518405
[MO833] Init time,0,2.525103
[MO833] Iteration,3,1,3.814097,1.295692
[MO833] Iteration,1,1,3.819267,1.295717
[MO833] Iteration,2,1,3.815804,1.295695

   iteration           ||r||                 zeta
        1       0.34918028513489E-12   109.9994423237398
[MO833] Iteration,0,1,3.820952,1.295850
[MO833] Iteration,1,2,5.080156,1.260889
        2       0.93261202935200E-15    27.3920437146530
[MO833] Iteration,0,2,5.081793,1.260841
[MO833] Iteration,2,2,5.076860,1.261056
[MO833] Iteration,3,2,5.075153,1.261056
        3       0.94002966917904E-15    28.0339761840276
[MO833] Iteration,0,3,6.368191,1.286398
[MO833] Iteration,2,3,6.363115,1.286255
[MO833] Iteration,1,3,6.366567,1.286411
[MO833] Iteration,3,3,6.361407,1.286254
[MO833] Iteration,1,4,7.631084,1.264517
        4       0.94986672029943E-15    28.4191507551296
[MO833] Iteration,0,4,7.632712,1.264521
[MO833] Iteration,3,4,7.626078,1.264671
[MO833] Iteration,2,4,7.627785,1.264670
        5       0.95373147965057E-15    28.6471670038882
[MO833] Iteration,0,5,8.900459,1.267747
[MO833] Iteration,1,5,8.898836,1.267752
[MO833] Iteration,3,5,8.893667,1.267589
[MO833] Iteration,2,5,8.895373,1.267588
[MO833] Iteration,3,6,10.152438,1.258771
        6       0.95933824815541E-15    28.7812969418424
[MO833] Iteration,0,6,10.159229,1.258770
[MO833] Iteration,1,6,10.157602,1.258766
[MO833] Iteration,2,6,10.154145,1.258772
[MO833] Iteration,1,7,11.424213,1.266611
        7       0.95552953080657E-15    28.8600458537354
[MO833] Iteration,0,7,11.425833,1.266604
[MO833] Iteration,2,7,11.420890,1.266745
[MO833] Iteration,3,7,11.419183,1.266745
        8       0.95935583896459E-15    28.9063145572688
[MO833] Iteration,0,8,12.707049,1.281216
[MO833] Iteration,2,8,12.701994,1.281104
[MO833] Iteration,1,8,12.705438,1.281225
[MO833] Iteration,3,8,12.700285,1.281102
[MO833] Iteration,1,9,13.966454,1.261016
        9       0.96295546883800E-15    28.9335649214633
[MO833] Iteration,0,9,13.968073,1.261024
[MO833] Iteration,2,9,13.963002,1.261008
[MO833] Iteration,3,9,13.961296,1.261011
[MO833] Iteration,1,10,15.221917,1.255463
       10       0.95984970808734E-15    28.9496695449005
[MO833] Iteration,0,10,15.223529,1.255456
[MO833] Iteration,3,10,15.216904,1.255608
[MO833] Iteration,2,10,15.218611,1.255609
[MO833] Iteration,3,11,16.483896,1.266992
[MO833] Iteration,2,11,16.485602,1.266991
       11       0.96286896507553E-15    28.9592263353758
[MO833] Iteration,1,11,16.489183,1.267266
[MO833] Iteration,0,11,16.490768,1.267239
[MO833] Iteration,3,12,17.747441,1.263545
[MO833] Iteration,2,12,17.749148,1.263546
[MO833] Iteration,1,12,17.752590,1.263407
       12       0.96132779695897E-15    28.9649233484888
[MO833] Iteration,0,12,17.754206,1.263438
[MO833] Iteration,1,13,19.008071,1.255481
       13       0.96029237140078E-15    28.9683359248936
[MO833] Iteration,0,13,19.009693,1.255487
[MO833] Iteration,3,13,19.003056,1.255615
[MO833] Iteration,2,13,19.004763,1.255615
[MO833] Iteration,1,14,20.263748,1.255677
       14       0.95995316106402E-15    28.9703903960005
[MO833] Iteration,0,14,20.265350,1.255657
[MO833] Iteration,3,14,20.258579,1.255523
[MO833] Iteration,2,14,20.260286,1.255523
[MO833] Iteration,3,15,21.519721,1.261142
[MO833] Iteration,1,15,21.524870,1.261122
       15       0.96086676866082E-15    28.9716336228368
[MO833] Iteration,0,15,21.526492,1.261142
[MO833] Iteration,2,15,21.521428,1.261142
       16       0.96262162662325E-15    28.9723898600848
[MO833] Iteration,0,16,22.782199,1.255707
[MO833] Iteration,3,16,22.775438,1.255717
[MO833] Iteration,1,16,22.780597,1.255727
[MO833] Iteration,2,16,22.777144,1.255716
[MO833] Iteration,1,17,24.062645,1.282048
       17       0.95995080306971E-15    28.9728522692217
[MO833] Iteration,0,17,24.064268,1.282069
[MO833] Iteration,2,17,24.059331,1.282187
[MO833] Iteration,3,17,24.057624,1.282186
       18       0.96193291189142E-15    28.9731364797786
[MO833] Iteration,0,18,25.318805,1.254537
[MO833] Iteration,1,18,25.317194,1.254549
[MO833] Iteration,2,18,25.313739,1.254408
[MO833] Iteration,3,18,25.312030,1.254406
[MO833] Iteration,2,19,26.576152,1.262413
       19       0.95899160435305E-15    28.9733120569290
[MO833] Iteration,0,19,26.581228,1.262423
[MO833] Iteration,1,19,26.579609,1.262415
[MO833] Iteration,3,19,26.574446,1.262416
[MO833] Iteration,1,20,27.834329,1.254720
[MO833] Iteration,2,20,27.830868,1.254716
       20       0.96457382743280E-15    28.9734210663758
[MO833] Iteration,0,20,27.835942,1.254714
[MO833] Iteration,3,20,27.829159,1.254713
       21       0.96345263086780E-15    28.9734890760540
[MO833] Iteration,0,21,29.091758,1.255816
[MO833] Iteration,1,21,29.090138,1.255809
[MO833] Iteration,3,21,29.085129,1.255970
[MO833] Iteration,2,21,29.086836,1.255968
[MO833] Iteration,1,22,30.345275,1.255137
       22       0.95991244026784E-15    28.9735317064871
[MO833] Iteration,0,22,30.346876,1.255118
[MO833] Iteration,3,22,30.340106,1.254977
[MO833] Iteration,2,22,30.341813,1.254977
[MO833] Iteration,3,23,31.596823,1.256717
[MO833] Iteration,1,23,31.601973,1.256698
       23       0.96179771645883E-15    28.9735585497255
[MO833] Iteration,0,23,31.603572,1.256696
[MO833] Iteration,2,23,31.598530,1.256717
[MO833] Iteration,3,24,32.874755,1.277932
[MO833] Iteration,2,24,32.876462,1.277932
       24       0.95922390194743E-15    28.9735755256645
[MO833] Iteration,1,24,32.880053,1.278080
[MO833] Iteration,0,24,32.881646,1.278074
[MO833] Iteration,2,25,34.132088,1.255626
[MO833] Iteration,3,25,34.130380,1.255625
[MO833] Iteration,1,25,34.135539,1.255486
       25       0.95815516189961E-15    28.9735863059383
[MO833] Iteration,0,25,34.137142,1.255496
[MO833] Iteration,1,26,35.391834,1.256295
[MO833] Iteration,2,26,35.388397,1.256309
[MO833] Iteration,3,26,35.386676,1.256296
       26       0.95650780373655E-15    28.9735931787384
[MO833] Iteration,0,26,35.393435,1.256293
[MO833] Iteration,1,27,36.647894,1.256060
       27       0.96122729736496E-15    28.9735975767374
[MO833] Iteration,0,27,36.649517,1.256082
[MO833] Iteration,3,27,36.642890,1.256214
[MO833] Iteration,2,27,36.644597,1.256200
       28       0.96445016745281E-15    28.9736004009986
[MO833] Iteration,0,28,37.905677,1.256160
[MO833] Iteration,1,28,37.904074,1.256180
[MO833] Iteration,3,28,37.898917,1.256027
[MO833] Iteration,2,28,37.900625,1.256028
[MO833] Iteration,3,29,39.154829,1.255912
       29       0.95990409698108E-15    28.9736022206758
[MO833] Iteration,0,29,39.161591,1.255914
[MO833] Iteration,1,29,39.159982,1.255908
[MO833] Iteration,2,29,39.156538,1.255913
[MO833] Iteration,1,30,40.420796,1.260814
[MO833] Iteration,3,30,40.415627,1.260798
       30       0.96122924599343E-15    28.9736033967627
[MO833] Iteration,0,30,40.422416,1.260825
[MO833] Iteration,2,30,40.417334,1.260796
       31       0.96146664491229E-15    28.9736041591164
[MO833] Iteration,0,31,41.677677,1.255261
[MO833] Iteration,1,31,41.676067,1.255271
[MO833] Iteration,3,31,41.670916,1.255289
[MO833] Iteration,2,31,41.672624,1.255290
[MO833] Iteration,3,32,42.928184,1.257268
       32       0.96021527445782E-15    28.9736046546412
[MO833] Iteration,0,32,42.934953,1.257276
[MO833] Iteration,1,32,42.933350,1.257283
[MO833] Iteration,2,32,42.929890,1.257266
[MO833] Iteration,1,33,44.195597,1.262247
       33       0.96021180308293E-15    28.9736049775610
[MO833] Iteration,0,33,44.197217,1.262264
[MO833] Iteration,2,33,44.192291,1.262401
[MO833] Iteration,3,33,44.190583,1.262399
       34       0.95729744671819E-15    28.9736051885093
[MO833] Iteration,0,34,45.457239,1.260022
[MO833] Iteration,2,34,45.452190,1.259899
[MO833] Iteration,1,34,45.455639,1.260042
[MO833] Iteration,3,34,45.450481,1.259898
[MO833] Iteration,1,35,46.712699,1.257060
       35       0.95819450134146E-15    28.9736053266252
[MO833] Iteration,0,35,46.714302,1.257063
[MO833] Iteration,2,35,46.709238,1.257048
[MO833] Iteration,3,35,46.707533,1.257052
[MO833] Iteration,2,36,47.990999,1.281761
[MO833] Iteration,1,36,47.994449,1.281750
       36       0.95868554202208E-15    28.9736054172461
[MO833] Iteration,0,36,47.996061,1.281759
[MO833] Iteration,3,36,47.989291,1.281758
       37       0.95768757616458E-15    28.9736054768224
[MO833] Iteration,0,37,49.260236,1.264175
[MO833] Iteration,2,37,49.255170,1.264171
[MO833] Iteration,1,37,49.258619,1.264170
[MO833] Iteration,3,37,49.253461,1.264170
[MO833] Iteration,1,38,50.514225,1.255606
       38       0.96008098193957E-15    28.9736055160636
[MO833] Iteration,0,38,50.515837,1.255601
[MO833] Iteration,2,38,50.510778,1.255608
[MO833] Iteration,3,38,50.509069,1.255608
[MO833] Iteration,2,39,51.765963,1.255185
[MO833] Iteration,1,39,51.769422,1.255197
       39       0.95588177574636E-15    28.9736055419569
[MO833] Iteration,0,39,51.771024,1.255187
[MO833] Iteration,3,39,51.764256,1.255187
       40       0.95596041801372E-15    28.9736055590703
[MO833] Iteration,0,40,53.030732,1.259708
[MO833] Iteration,2,40,53.025677,1.259714
[MO833] Iteration,1,40,53.029133,1.259711
[MO833] Iteration,3,40,53.023972,1.259716
[MO833] Iteration,1,41,54.297425,1.268292
       41       0.95746930735378E-15    28.9736055703979
[MO833] Iteration,0,41,54.299044,1.268312
[MO833] Iteration,3,41,54.292409,1.268437
[MO833] Iteration,2,41,54.294117,1.268440
       42       0.95997167085028E-15    28.9736055779079
[MO833] Iteration,0,42,55.566743,1.267699
[MO833] Iteration,1,42,55.565141,1.267716
[MO833] Iteration,3,42,55.559972,1.267563
[MO833] Iteration,2,42,55.561677,1.267560
[MO833] Iteration,3,43,56.822215,1.262243
       43       0.95723880205007E-15    28.9736055828930
[MO833] Iteration,0,43,56.828984,1.262241
[MO833] Iteration,1,43,56.827382,1.262241
[MO833] Iteration,2,43,56.823924,1.262247
[MO833] Iteration,1,44,58.082767,1.255385
[MO833] Iteration,3,44,58.077616,1.255401
       44       0.95924740452702E-15    28.9736055862076
[MO833] Iteration,0,44,58.084378,1.255394
[MO833] Iteration,2,44,58.079324,1.255400
       45       0.95371145597657E-15    28.9736055884132
[MO833] Iteration,0,45,59.341271,1.256893
[MO833] Iteration,1,45,59.339650,1.256883
[MO833] Iteration,3,45,59.334493,1.256877
[MO833] Iteration,2,45,59.336200,1.256876
[MO833] Iteration,3,46,60.589066,1.254573
       46       0.95318903643820E-15    28.9736055898831
[MO833] Iteration,0,46,60.595843,1.254572
[MO833] Iteration,1,46,60.594240,1.254590
[MO833] Iteration,2,46,60.590774,1.254574
[MO833] Iteration,1,47,61.850112,1.255872
[MO833] Iteration,3,47,61.844951,1.255885
       47       0.95790947016508E-15    28.9736055908644
[MO833] Iteration,0,47,61.851715,1.255872
[MO833] Iteration,2,47,61.846658,1.255884
       48       0.95959995836323E-15    28.9736055915181
[MO833] Iteration,0,48,63.106451,1.254736
[MO833] Iteration,1,48,63.104850,1.254738
[MO833] Iteration,3,48,63.099683,1.254732
[MO833] Iteration,2,48,63.101390,1.254732
[MO833] Iteration,3,49,64.366216,1.266533
[MO833] Iteration,2,49,64.367922,1.266532
       49       0.95753779499159E-15    28.9736055919562
[MO833] Iteration,1,49,64.371518,1.266668
[MO833] Iteration,0,49,64.373104,1.266653
[MO833] Iteration,1,50,65.627969,1.256451
       50       0.95764123496239E-15    28.9736055922487
[MO833] Iteration,0,50,65.629595,1.256491
[MO833] Iteration,3,50,65.622965,1.256749
[MO833] Iteration,2,50,65.624672,1.256750
       51       0.95483213890000E-15    28.9736055924456
[MO833] Iteration,0,51,66.884727,1.255132
[MO833] Iteration,3,51,66.877958,1.254993
[MO833] Iteration,1,51,66.883124,1.255155
[MO833] Iteration,2,51,66.879666,1.254994
[MO833] Iteration,1,52,68.139553,1.256429
       52       0.95068160191577E-15    28.9736055925766
[MO833] Iteration,0,52,68.141152,1.256425
[MO833] Iteration,3,52,68.134378,1.256420
[MO833] Iteration,2,52,68.136087,1.256421
[MO833] Iteration,3,53,69.388989,1.254611
[MO833] Iteration,1,53,69.394152,1.254599
       53       0.95462149821796E-15    28.9736055926645
[MO833] Iteration,0,53,69.395755,1.254603
[MO833] Iteration,2,53,69.390700,1.254613
       54       0.96256618266640E-15    28.9736055927226
[MO833] Iteration,0,54,70.650446,1.254691
[MO833] Iteration,3,54,70.643678,1.254689
[MO833] Iteration,1,54,70.648834,1.254682
[MO833] Iteration,2,54,70.645385,1.254685
[MO833] Iteration,1,55,71.908009,1.259175
       55       0.95659170926785E-15    28.9736055927623
[MO833] Iteration,0,55,71.909621,1.259175
[MO833] Iteration,3,55,71.902848,1.259170
[MO833] Iteration,2,55,71.904556,1.259171
[MO833] Iteration,3,56,73.159969,1.257121
[MO833] Iteration,1,56,73.165130,1.257121
       56       0.95432275329106E-15    28.9736055927895
[MO833] Iteration,0,56,73.166751,1.257130
[MO833] Iteration,2,56,73.161676,1.257120
       57       0.95491178355062E-15    28.9736055928084
[MO833] Iteration,0,57,74.422114,1.255363
[MO833] Iteration,3,57,74.415356,1.255387
[MO833] Iteration,1,57,74.420505,1.255375
[MO833] Iteration,2,57,74.417063,1.255387
[MO833] Iteration,1,58,75.676247,1.255742
       58       0.95456960678414E-15    28.9736055928196
[MO833] Iteration,0,58,75.677860,1.255746
[MO833] Iteration,3,58,75.671090,1.255734
[MO833] Iteration,2,58,75.672797,1.255734
[MO833] Iteration,3,59,76.928338,1.257248
[MO833] Iteration,1,59,76.933499,1.257252
       59       0.95676787433924E-15    28.9736055928280
[MO833] Iteration,0,59,76.935110,1.257250
[MO833] Iteration,2,59,76.930043,1.257246
       60       0.95323859143322E-15    28.9736055928346
[MO833] Iteration,0,60,78.190282,1.255172
[MO833] Iteration,3,60,78.183515,1.255177
[MO833] Iteration,1,60,78.188672,1.255173
[MO833] Iteration,2,60,78.185222,1.255179
[MO833] Iteration,1,61,79.444198,1.255526
       61       0.95435144665413E-15    28.9736055928382
[MO833] Iteration,0,61,79.445820,1.255538
[MO833] Iteration,2,61,79.440904,1.255682
[MO833] Iteration,3,61,79.439198,1.255683
       62       0.95872176340540E-15    28.9736055928405
[MO833] Iteration,0,62,80.701208,1.255388
[MO833] Iteration,1,62,80.699596,1.255398
[MO833] Iteration,2,62,80.696155,1.255251
[MO833] Iteration,3,62,80.694448,1.255250
[MO833] Iteration,2,63,81.951106,1.254951
       63       0.95212290767308E-15    28.9736055928420
[MO833] Iteration,0,63,81.956142,1.254934
[MO833] Iteration,1,63,81.954542,1.254946
[MO833] Iteration,3,63,81.949386,1.254938
[MO833] Iteration,1,64,83.209541,1.254999
[MO833] Iteration,2,64,83.206080,1.254974
       64       0.95286732683930E-15    28.9736055928438
[MO833] Iteration,0,64,83.211152,1.255010
[MO833] Iteration,3,64,83.204373,1.254987
       65       0.95664021979590E-15    28.9736055928435
[MO833] Iteration,0,65,84.466333,1.255181
[MO833] Iteration,1,65,84.464731,1.255190
[MO833] Iteration,2,65,84.461297,1.255217
[MO833] Iteration,3,65,84.459586,1.255213
[MO833] Iteration,2,66,85.716847,1.255550
       66       0.95330095754448E-15    28.9736055928445
[MO833] Iteration,0,66,85.721912,1.255579
[MO833] Iteration,1,66,85.720301,1.255570
[MO833] Iteration,3,66,85.715137,1.255551
[MO833] Iteration,1,67,86.977403,1.257102
[MO833] Iteration,2,67,86.973947,1.257100
       67       0.95423532836686E-15    28.9736055928447
[MO833] Iteration,0,67,86.979005,1.257093
[MO833] Iteration,3,67,86.972240,1.257103
       68       0.95544125819715E-15    28.9736055928450
[MO833] Iteration,0,68,88.239451,1.260446
[MO833] Iteration,1,68,88.237844,1.260441
[MO833] Iteration,2,68,88.234380,1.260433
[MO833] Iteration,3,68,88.232671,1.260431
[MO833] Iteration,2,69,89.490052,1.255672
       69       0.95225936673019E-15    28.9736055928440
[MO833] Iteration,0,69,89.495105,1.255654
[MO833] Iteration,1,69,89.493503,1.255659
[MO833] Iteration,3,69,89.488346,1.255675
[MO833] Iteration,1,70,90.749516,1.256013
[MO833] Iteration,2,70,90.746059,1.256007
       70       0.95281554497492E-15    28.9736055928450
[MO833] Iteration,0,70,90.751116,1.256011
[MO833] Iteration,3,70,90.744352,1.256006
       71       0.95355646251647E-15    28.9736055928452
[MO833] Iteration,0,71,92.007089,1.255973
[MO833] Iteration,1,71,92.005480,1.255964
[MO833] Iteration,2,71,92.002026,1.255967
[MO833] Iteration,3,71,92.000319,1.255967
[MO833] Iteration,2,72,93.257339,1.255313
       72       0.95194011825555E-15    28.9736055928470
[MO833] Iteration,0,72,93.262396,1.255307
[MO833] Iteration,1,72,93.260795,1.255315
[MO833] Iteration,3,72,93.255632,1.255313
[MO833] Iteration,1,73,94.541330,1.280535
[MO833] Iteration,2,73,94.537878,1.280539
       73       0.95618872476637E-15    28.9736055928450
[MO833] Iteration,0,73,94.542942,1.280546
[MO833] Iteration,3,73,94.536171,1.280539
       74       0.95688209213914E-15    28.9736055928442
[MO833] Iteration,0,74,95.798443,1.255501
[MO833] Iteration,1,74,95.796814,1.255484
[MO833] Iteration,3,74,95.791804,1.255633
[MO833] Iteration,2,74,95.793512,1.255634
[MO833] PI avg,1,1.243644,75
[MO833] Beta,1,0.000000
       75       0.95214517773215E-15    28.9736055928458
 Benchmark completed 
 VERIFICATION SUCCESSFUL 
 Zeta is     0.2897360559285E+02
 Error is    0.2709879239913E-13
[MO833] PI avg,3,1.243645,75
[MO833] Beta,3,0.000001
[MO833] PI avg,2,1.243645,75
[MO833] Beta,2,0.000001


 CG Benchmark Completed.
 Class           =                        C
 Size            =                   150000
 Iterations      =                       75
 Time in seconds =                    94.53
 Total processes =                        4
 Active procs    =                        4
 Mop/s total     =                  1516.44
 Mop/s/process   =                   379.11
 Operation type  =           floating point
 Verification    =               SUCCESSFUL
 Version         =                      3.4
 Compile date    =              15 Jun 2020

 Compile options:
    MPIFC        = mpif90
    FLINK        = $(MPIFC)
    FMPI_LIB     = (none)
    FMPI_INC     = (none)
    FFLAGS       = -O3
    FLINKFLAGS   = $(FFLAGS) -O ../kernel_stats/kernel_stats.o...
    RAND         = randi8


 Please send feedbacks and/or the results of this run to:

 NPB Development Team 
 Internet: npb@nas.nasa.gov


[MO833] PI avg,0,1.243645,75
[MO833] Beta,0,0.000003
[MO833] Total time,97.054284
