--------------------------------------------------------------------------
[[37239,1],0]: A high-performance Open MPI point-to-point messaging module
was unable to find any relevant network interfaces:

Module: OpenFabrics (openib)
  Host: node06

Another transport will be used instead, although this may result in
lower performance.

NOTE: You can disable this warning by setting the MCA parameter
btl_base_warn_component_unused to 0.
--------------------------------------------------------------------------


 NAS Parallel Benchmarks 3.4 -- FT Benchmark

 No input file inputft.data. Using compiled defaults
 Size                :  512x 256x 256  (class B)
 Iterations          :             20
 Number of processes :              4
 Processor array     :         1x   4
 Layout type         :             1D

 Initialization time =      1.1594

[MO833] Init time,0,2.357402
[MO833] Init time,2,2.353025
[MO833] Init time,1,2.373185
[MO833] Init time,3,2.367786
[MO833] Iteration,2,1,3.236440,0.883415
[MO833] Iteration,3,1,3.238761,0.870975
[MO833] Iteration,1,1,3.245966,0.872781
 T =    1     Checksum =    5.177643571579D+02    5.077803458597D+02
[MO833] Iteration,0,1,3.249561,0.892159
[MO833] Iteration,2,2,4.088780,0.852340
 T =    2     Checksum =    5.154521291263D+02    5.088249431599D+02
[MO833] Iteration,0,2,4.125866,0.876305
[MO833] Iteration,1,2,4.122275,0.876309
[MO833] Iteration,3,2,4.116916,0.878155
[MO833] Iteration,2,3,4.962674,0.873894
[MO833] Iteration,3,3,4.977591,0.860675
 T =    3     Checksum =    5.146409228650D+02    5.096208912659D+02
[MO833] Iteration,0,3,4.986476,0.860610
[MO833] Iteration,1,3,4.982928,0.860653
[MO833] Iteration,2,4,5.818430,0.855756
[MO833] Iteration,1,4,5.845523,0.862595
[MO833] Iteration,3,4,5.840202,0.862611
 T =    4     Checksum =    5.142378756213D+02    5.101023387619D+02
[MO833] Iteration,0,4,5.849087,0.862611
[MO833] Iteration,2,5,6.653259,0.834829
[MO833] Iteration,3,5,6.681570,0.841368
[MO833] Iteration,1,5,6.687181,0.841658
 T =    5     Checksum =    5.139626667737D+02    5.103976610618D+02
[MO833] Iteration,0,5,6.690807,0.841720
[MO833] Iteration,2,6,7.504746,0.851487
[MO833] Iteration,3,6,7.564886,0.883316
[MO833] Iteration,1,6,7.575126,0.887945
 T =    6     Checksum =    5.137423460082D+02    5.105948019802D+02
[MO833] Iteration,0,6,7.578661,0.887854
[MO833] Iteration,2,7,8.403659,0.898913
[MO833] Iteration,3,7,8.440171,0.875285
 T =    7     Checksum =    5.135547056878D+02    5.107404165783D+02
[MO833] Iteration,0,7,8.449700,0.871039
[MO833] Iteration,1,7,8.446162,0.871036
[MO833] Iteration,2,8,9.257226,0.853567
[MO833] Iteration,3,8,9.295657,0.855486
[MO833] Iteration,1,8,9.301453,0.855291
 T =    8     Checksum =    5.133910925467D+02    5.108576573661D+02
[MO833] Iteration,0,8,9.305017,0.855317
[MO833] Iteration,2,9,10.129324,0.872098
[MO833] Iteration,3,9,10.169035,0.873378
 T =    9     Checksum =    5.132470705390D+02    5.109577278523D+02
[MO833] Iteration,0,9,10.181931,0.876914
[MO833] Iteration,1,9,10.178402,0.876949
[MO833] Iteration,2,10,11.013193,0.883869
[MO833] Iteration,3,10,11.041604,0.872569
[MO833] Iteration,1,10,11.048216,0.869814
 T =   10     Checksum =    5.131197729984D+02    5.110460304483D+02
[MO833] Iteration,0,10,11.051775,0.869844
[MO833] Iteration,2,11,11.856641,0.843448
[MO833] Iteration,3,11,11.882332,0.840728
[MO833] Iteration,1,11,11.887895,0.839679
 T =   11     Checksum =    5.130070319283D+02    5.111252433800D+02
[MO833] Iteration,0,11,11.891491,0.839716
[MO833] Iteration,2,12,12.700192,0.843551
[MO833] Iteration,3,12,12.728728,0.846396
[MO833] Iteration,1,12,12.734278,0.846383
 T =   12     Checksum =    5.129070537032D+02    5.111968077719D+02
[MO833] Iteration,0,12,12.737868,0.846377
[MO833] Iteration,2,13,13.539816,0.839624
[MO833] Iteration,1,13,13.572645,0.838367
[MO833] Iteration,3,13,13.567236,0.838508
 T =   13     Checksum =    5.128182883503D+02    5.112616233064D+02
[MO833] Iteration,0,13,13.576253,0.838385
[MO833] Iteration,3,14,14.402237,0.835001
[MO833] Iteration,1,14,14.408438,0.835793
[MO833] Iteration,2,14,14.409336,0.869520
 T =   14     Checksum =    5.127393733383D+02    5.113203605551D+02
[MO833] Iteration,0,14,14.413920,0.837667
[MO833] Iteration,2,15,15.218638,0.809302
[MO833] Iteration,1,15,15.251963,0.843525
[MO833] Iteration,3,15,15.246587,0.844350
 T =   15     Checksum =    5.126691062021D+02    5.113735928093D+02
[MO833] Iteration,0,15,15.255583,0.841663
[MO833] Iteration,2,16,16.103053,0.884415
 T =   16     Checksum =    5.126064276005D+02    5.114218460548D+02
[MO833] Iteration,0,16,16.139516,0.883933
[MO833] Iteration,1,16,16.135988,0.884025
[MO833] Iteration,3,16,16.130614,0.884027
[MO833] Iteration,2,17,16.954737,0.851684
[MO833] Iteration,3,17,16.982952,0.852338
 T =   17     Checksum =    5.125504076570D+02    5.114656139760D+02
[MO833] Iteration,0,17,16.996626,0.857110
[MO833] Iteration,1,17,16.993030,0.857042
[MO833] Iteration,2,18,17.794337,0.839600
[MO833] Iteration,3,18,17.831624,0.848672
[MO833] Iteration,1,18,17.837206,0.844176
 T =   18     Checksum =    5.125002331721D+02    5.115053595966D+02
[MO833] Iteration,0,18,17.840738,0.844112
[MO833] Iteration,3,19,18.674660,0.843036
[MO833] Iteration,1,19,18.680022,0.842816
 T =   19     Checksum =    5.124551951846D+02    5.115415130407D+02
[MO833] Iteration,0,19,18.692925,0.852187
[MO833] Iteration,2,19,18.688334,0.893997
 T =   20     Checksum =    5.124146770029D+02    5.115744692211D+02
 Result verification successful
[MO833] PI avg,0,0.816776,20
[MO833] Beta,0,0.000003
[MO833] Total time,19.541655


 FT Benchmark Completed.
 Class           =                        B
 Size            =            512x 256x 256
 Iterations      =                       20
 Time in seconds =                    18.22
 Total processes =                        4
 Active procs    =                        4
 Mop/s total     =                  5052.75
 Mop/s/process   =                  1263.19
 Operation type  =           floating point
 Verification    =               SUCCESSFUL
 Version         =                      3.4
 Compile date    =              15 Jun 2020

 Compile options:
    MPIFC        = mpif90
    FLINK        = $(MPIFC)
    FMPI_LIB     = (none)
    FMPI_INC     = (none)
    FFLAGS       = -O3
    FLINKFLAGS   = $(FFLAGS) -O ../kernel_stats/kernel_stats.o...
    RAND         = randi8


 Please send feedbacks and/or the results of this run to:

 NPB Development Team 
 Internet: npb@nas.nasa.gov


