--------------------------------------------------------------------------
[[37855,1],0]: A high-performance Open MPI point-to-point messaging module
was unable to find any relevant network interfaces:

Module: OpenFabrics (openib)
  Host: node06

Another transport will be used instead, although this may result in
lower performance.

NOTE: You can disable this warning by setting the MCA parameter
btl_base_warn_component_unused to 0.
--------------------------------------------------------------------------


 NAS Parallel Benchmarks 3.4 -- LU Benchmark

 Size:  102x 102x 102  (class B)
 Iterations:  250
 Total number of processes:     4

[MO833] Init time,1,0.385492
[MO833] Init time,2,0.382629
[MO833] Init time,3,0.380610
[MO833] Init time,0,0.388318
[MO833] Iteration,3,1,0.713971,0.333361
[MO833] Iteration,1,1,0.718853,0.333361
[MO833] Iteration,2,1,0.716015,0.333386
[MO833] Iteration,0,1,0.721704,0.333386
 Time step    1
[MO833] Iteration,2,2,0.905325,0.189310
[MO833] Iteration,0,2,0.911225,0.189521
[MO833] Iteration,3,2,0.909784,0.195813
[MO833] Iteration,1,2,0.914836,0.195983
[MO833] Iteration,2,3,1.101153,0.195828
[MO833] Iteration,0,3,1.108701,0.197476
[MO833] Iteration,3,3,1.109498,0.199714
[MO833] Iteration,1,3,1.114690,0.199854
[MO833] Iteration,2,4,1.309965,0.208812
[MO833] Iteration,0,4,1.315981,0.207280
[MO833] Iteration,3,4,1.314885,0.205387
[MO833] Iteration,1,4,1.320004,0.205314
[MO833] Iteration,2,5,1.505856,0.195891
[MO833] Iteration,0,5,1.511795,0.195814
[MO833] Iteration,3,5,1.510226,0.195341
[MO833] Iteration,1,5,1.515285,0.195281
[MO833] Iteration,2,6,1.697358,0.191502
[MO833] Iteration,0,6,1.703254,0.191459
[MO833] Iteration,3,6,1.700878,0.190652
[MO833] Iteration,1,6,1.705925,0.190640
[MO833] Iteration,2,7,1.887619,0.190261
[MO833] Iteration,0,7,1.893672,0.190418
[MO833] Iteration,3,7,1.890988,0.190110
[MO833] Iteration,1,7,1.896086,0.190161
[MO833] Iteration,2,8,2.077940,0.190321
[MO833] Iteration,0,8,2.083892,0.190220
[MO833] Iteration,3,8,2.081291,0.190303
[MO833] Iteration,1,8,2.086366,0.190280
[MO833] Iteration,2,9,2.268452,0.190512
[MO833] Iteration,0,9,2.274423,0.190531
[MO833] Iteration,3,9,2.271863,0.190572
[MO833] Iteration,1,9,2.276893,0.190527
[MO833] Iteration,2,10,2.458604,0.190152
[MO833] Iteration,0,10,2.464534,0.190111
[MO833] Iteration,3,10,2.461960,0.190097
[MO833] Iteration,1,10,2.467060,0.190167
[MO833] Iteration,2,11,2.649120,0.190516
[MO833] Iteration,0,11,2.655109,0.190575
[MO833] Iteration,3,11,2.652332,0.190372
[MO833] Iteration,1,11,2.657462,0.190402
[MO833] Iteration,2,12,2.842438,0.193318
[MO833] Iteration,0,12,2.848423,0.193314
[MO833] Iteration,3,12,2.846894,0.194562
[MO833] Iteration,1,12,2.852031,0.194569
[MO833] Iteration,2,13,3.036041,0.193603
[MO833] Iteration,0,13,3.041939,0.193516
[MO833] Iteration,3,13,3.039565,0.192671
[MO833] Iteration,1,13,3.044551,0.192520
[MO833] Iteration,2,14,3.239858,0.203817
[MO833] Iteration,0,14,3.246892,0.204953
[MO833] Iteration,3,14,3.243900,0.204335
[MO833] Iteration,1,14,3.249145,0.204594
[MO833] Iteration,2,15,3.431460,0.191602
[MO833] Iteration,0,15,3.437426,0.190534
[MO833] Iteration,3,15,3.434989,0.191089
[MO833] Iteration,1,15,3.440097,0.190952
[MO833] Iteration,2,16,3.622316,0.190856
[MO833] Iteration,0,16,3.628295,0.190869
[MO833] Iteration,3,16,3.625746,0.190757
[MO833] Iteration,1,16,3.630785,0.190688
[MO833] Iteration,2,17,3.813191,0.190875
[MO833] Iteration,0,17,3.819138,0.190843
[MO833] Iteration,3,17,3.816615,0.190869
[MO833] Iteration,1,17,3.821592,0.190807
[MO833] Iteration,2,18,4.004034,0.190843
[MO833] Iteration,0,18,4.010069,0.190931
[MO833] Iteration,3,18,4.007671,0.191056
[MO833] Iteration,1,18,4.012712,0.191120
[MO833] Iteration,2,19,4.195444,0.191410
[MO833] Iteration,0,19,4.201450,0.191381
[MO833] Iteration,3,19,4.198751,0.191080
[MO833] Iteration,1,19,4.203855,0.191143
[MO833] Iteration,2,20,4.385923,0.190479
[MO833] Iteration,0,20,4.391847,0.190397
 Time step   20
[MO833] Iteration,3,20,4.389528,0.190777
[MO833] Iteration,1,20,4.394526,0.190671
[MO833] Iteration,2,21,4.576630,0.190707
[MO833] Iteration,0,21,4.582617,0.190770
[MO833] Iteration,3,21,4.579994,0.190466
[MO833] Iteration,1,21,4.585108,0.190582
[MO833] Iteration,2,22,4.767240,0.190610
[MO833] Iteration,0,22,4.773205,0.190588
[MO833] Iteration,3,22,4.770783,0.190789
[MO833] Iteration,1,22,4.775884,0.190776
[MO833] Iteration,2,23,4.958029,0.190789
[MO833] Iteration,0,23,4.963965,0.190760
[MO833] Iteration,3,23,4.961591,0.190808
[MO833] Iteration,1,23,4.966766,0.190882
[MO833] Iteration,2,24,5.148986,0.190957
[MO833] Iteration,0,24,5.155058,0.191093
[MO833] Iteration,3,24,5.152927,0.191336
[MO833] Iteration,1,24,5.158063,0.191297
[MO833] Iteration,2,25,5.340098,0.191112
[MO833] Iteration,0,25,5.346096,0.191038
[MO833] Iteration,3,25,5.343649,0.190722
[MO833] Iteration,1,25,5.348656,0.190593
[MO833] Iteration,3,26,5.532173,0.188524
[MO833] Iteration,1,26,5.537273,0.188617
[MO833] Iteration,2,26,5.537432,0.197334
[MO833] Iteration,0,26,5.543971,0.197875
[MO833] Iteration,2,27,5.726575,0.189143
[MO833] Iteration,0,27,5.732698,0.188727
[MO833] Iteration,3,27,5.729392,0.197219
[MO833] Iteration,1,27,5.734487,0.197214
[MO833] Iteration,2,28,5.916848,0.190273
[MO833] Iteration,0,28,5.922819,0.190121
[MO833] Iteration,3,28,5.920417,0.191025
[MO833] Iteration,1,28,5.925455,0.190968
[MO833] Iteration,2,29,6.107470,0.190622
[MO833] Iteration,0,29,6.113433,0.190614
[MO833] Iteration,3,29,6.111296,0.190879
[MO833] Iteration,1,29,6.116241,0.190786
[MO833] Iteration,2,30,6.299645,0.192175
[MO833] Iteration,0,30,6.305592,0.192159
[MO833] Iteration,3,30,6.303129,0.191833
[MO833] Iteration,1,30,6.308215,0.191974
[MO833] Iteration,2,31,6.490580,0.190935
[MO833] Iteration,0,31,6.496525,0.190933
[MO833] Iteration,3,31,6.493984,0.190855
[MO833] Iteration,1,31,6.499066,0.190851
[MO833] Iteration,2,32,6.681555,0.190975
[MO833] Iteration,0,32,6.687608,0.191083
[MO833] Iteration,3,32,6.684889,0.190905
[MO833] Iteration,1,32,6.689945,0.190879
[MO833] Iteration,2,33,6.872178,0.190623
[MO833] Iteration,0,33,6.878121,0.190513
[MO833] Iteration,3,33,6.875747,0.190858
[MO833] Iteration,1,33,6.880680,0.190735
[MO833] Iteration,2,34,7.062839,0.190661
[MO833] Iteration,0,34,7.068802,0.190681
[MO833] Iteration,3,34,7.066638,0.190891
[MO833] Iteration,1,34,7.071654,0.190974
[MO833] Iteration,2,35,7.263705,0.200866
[MO833] Iteration,0,35,7.269745,0.200943
[MO833] Iteration,3,35,7.271435,0.204797
[MO833] Iteration,1,35,7.276566,0.204912
[MO833] Iteration,2,36,7.458773,0.195068
[MO833] Iteration,0,36,7.464744,0.194999
[MO833] Iteration,3,36,7.462335,0.190900
[MO833] Iteration,1,36,7.467459,0.190893
[MO833] Iteration,2,37,7.649712,0.190939
[MO833] Iteration,0,37,7.655692,0.190948
[MO833] Iteration,3,37,7.653193,0.190858
[MO833] Iteration,1,37,7.658250,0.190791
[MO833] Iteration,2,38,7.840407,0.190695
[MO833] Iteration,0,38,7.846357,0.190665
[MO833] Iteration,3,38,7.843836,0.190643
[MO833] Iteration,1,38,7.848950,0.190700
[MO833] Iteration,2,39,8.031019,0.190612
[MO833] Iteration,0,39,8.037056,0.190699
[MO833] Iteration,3,39,8.034599,0.190763
[MO833] Iteration,1,39,8.039703,0.190753
[MO833] Iteration,2,40,8.222246,0.191227
[MO833] Iteration,0,40,8.228186,0.191130
 Time step   40
[MO833] Iteration,3,40,8.225767,0.191168
[MO833] Iteration,1,40,8.230907,0.191204
[MO833] Iteration,3,41,8.415405,0.189638
[MO833] Iteration,1,41,8.420456,0.189549
[MO833] Iteration,2,41,8.417654,0.195408
[MO833] Iteration,0,41,8.426382,0.198196
[MO833] Iteration,2,42,8.610043,0.192389
[MO833] Iteration,0,42,8.616035,0.189653
[MO833] Iteration,3,42,8.611914,0.196509
[MO833] Iteration,1,42,8.616963,0.196507
[MO833] Iteration,2,43,8.799465,0.189422
[MO833] Iteration,0,43,8.805440,0.189405
[MO833] Iteration,3,43,8.803271,0.191357
[MO833] Iteration,1,43,8.808396,0.191433
[MO833] Iteration,2,44,8.990533,0.191068
[MO833] Iteration,0,44,8.996520,0.191080
[MO833] Iteration,3,44,8.994090,0.190819
[MO833] Iteration,1,44,8.999155,0.190759
[MO833] Iteration,2,45,9.181375,0.190842
[MO833] Iteration,0,45,9.187313,0.190793
[MO833] Iteration,3,45,9.184923,0.190833
[MO833] Iteration,1,45,9.189964,0.190809
[MO833] Iteration,2,46,9.372101,0.190726
[MO833] Iteration,0,46,9.378083,0.190770
[MO833] Iteration,3,46,9.375698,0.190775
[MO833] Iteration,1,46,9.380717,0.190753
[MO833] Iteration,2,47,9.563018,0.190917
[MO833] Iteration,0,47,9.569010,0.190927
[MO833] Iteration,3,47,9.566901,0.191203
[MO833] Iteration,1,47,9.571976,0.191259
[MO833] Iteration,2,48,9.754116,0.191098
[MO833] Iteration,0,48,9.760049,0.191039
[MO833] Iteration,3,48,9.757632,0.190731
[MO833] Iteration,1,48,9.762708,0.190732
[MO833] Iteration,2,49,9.945256,0.191140
[MO833] Iteration,0,49,9.951286,0.191237
[MO833] Iteration,3,49,9.948503,0.190871
[MO833] Iteration,1,49,9.953574,0.190866
[MO833] Iteration,2,50,10.135673,0.190417
[MO833] Iteration,0,50,10.141627,0.190341
[MO833] Iteration,3,50,10.139224,0.190721
[MO833] Iteration,1,50,10.144343,0.190769
[MO833] Iteration,2,51,10.326872,0.191199
[MO833] Iteration,0,51,10.332921,0.191294
[MO833] Iteration,3,51,10.330362,0.191138
[MO833] Iteration,1,51,10.335476,0.191133
[MO833] Iteration,2,52,10.517741,0.190869
[MO833] Iteration,0,52,10.523697,0.190776
[MO833] Iteration,3,52,10.521076,0.190714
[MO833] Iteration,1,52,10.526168,0.190692
[MO833] Iteration,2,53,10.708258,0.190517
[MO833] Iteration,0,53,10.714187,0.190490
[MO833] Iteration,3,53,10.711933,0.190857
[MO833] Iteration,1,53,10.716945,0.190777
[MO833] Iteration,2,54,10.899269,0.191011
[MO833] Iteration,0,54,10.905235,0.191048
[MO833] Iteration,3,54,10.902695,0.190762
[MO833] Iteration,1,54,10.907734,0.190789
[MO833] Iteration,2,55,11.090139,0.190870
[MO833] Iteration,0,55,11.096117,0.190882
[MO833] Iteration,3,55,11.093666,0.190971
[MO833] Iteration,1,55,11.098783,0.191049
[MO833] Iteration,2,56,11.282191,0.192052
[MO833] Iteration,0,56,11.288218,0.192101
[MO833] Iteration,3,56,11.284885,0.191219
[MO833] Iteration,1,56,11.289942,0.191159
[MO833] Iteration,2,57,11.472431,0.190240
[MO833] Iteration,0,57,11.478434,0.190216
[MO833] Iteration,3,57,11.475747,0.190862
[MO833] Iteration,1,57,11.480917,0.190975
[MO833] Iteration,2,58,11.662946,0.190515
[MO833] Iteration,0,58,11.668921,0.190487
[MO833] Iteration,3,58,11.666425,0.190678
[MO833] Iteration,1,58,11.671567,0.190650
[MO833] Iteration,2,59,11.854427,0.191481
[MO833] Iteration,0,59,11.860458,0.191537
[MO833] Iteration,3,59,11.858132,0.191707
[MO833] Iteration,1,59,11.863261,0.191694
[MO833] Iteration,2,60,12.052147,0.197720
[MO833] Iteration,0,60,12.058351,0.197893
 Time step   60
[MO833] Iteration,3,60,12.052213,0.194081
[MO833] Iteration,1,60,12.057414,0.194153
[MO833] Iteration,2,61,12.239609,0.187462
[MO833] Iteration,0,61,12.245575,0.187224
[MO833] Iteration,3,61,12.243208,0.190995
[MO833] Iteration,1,61,12.248232,0.190818
[MO833] Iteration,2,62,12.430488,0.190879
[MO833] Iteration,0,62,12.436447,0.190872
[MO833] Iteration,3,62,12.433872,0.190664
[MO833] Iteration,1,62,12.438918,0.190686
[MO833] Iteration,2,63,12.620939,0.190451
[MO833] Iteration,0,63,12.626934,0.190487
[MO833] Iteration,3,63,12.624416,0.190544
[MO833] Iteration,1,63,12.629509,0.190591
[MO833] Iteration,2,64,12.811751,0.190812
[MO833] Iteration,0,64,12.817821,0.190887
[MO833] Iteration,3,64,12.815177,0.190761
[MO833] Iteration,1,64,12.820287,0.190778
[MO833] Iteration,2,65,13.002433,0.190682
[MO833] Iteration,0,65,13.008352,0.190531
[MO833] Iteration,3,65,13.005933,0.190756
[MO833] Iteration,1,65,13.010954,0.190667
[MO833] Iteration,2,66,13.193375,0.190942
[MO833] Iteration,0,66,13.199430,0.191078
[MO833] Iteration,3,66,13.196750,0.190817
[MO833] Iteration,1,66,13.201802,0.190848
[MO833] Iteration,2,67,13.383910,0.190535
[MO833] Iteration,0,67,13.389929,0.190499
[MO833] Iteration,3,67,13.387411,0.190661
[MO833] Iteration,1,67,13.392471,0.190669
[MO833] Iteration,2,68,13.574776,0.190866
[MO833] Iteration,0,68,13.580790,0.190861
[MO833] Iteration,3,68,13.578603,0.191192
[MO833] Iteration,1,68,13.583619,0.191148
[MO833] Iteration,2,69,13.765940,0.191164
[MO833] Iteration,0,69,13.771951,0.191161
[MO833] Iteration,3,69,13.769486,0.190883
[MO833] Iteration,1,69,13.774559,0.190940
[MO833] Iteration,2,70,13.956686,0.190746
[MO833] Iteration,0,70,13.962760,0.190809
[MO833] Iteration,3,70,13.960180,0.190694
[MO833] Iteration,1,70,13.965224,0.190665
[MO833] Iteration,2,71,14.147635,0.190949
[MO833] Iteration,0,71,14.153753,0.190993
[MO833] Iteration,3,71,14.151214,0.191034
[MO833] Iteration,1,71,14.156298,0.191074
[MO833] Iteration,2,72,14.338346,0.190711
[MO833] Iteration,0,72,14.344338,0.190585
[MO833] Iteration,3,72,14.341818,0.190604
[MO833] Iteration,1,72,14.346875,0.190577
[MO833] Iteration,2,73,14.529096,0.190750
[MO833] Iteration,0,73,14.535049,0.190711
[MO833] Iteration,3,73,14.532627,0.190809
[MO833] Iteration,1,73,14.537583,0.190708
[MO833] Iteration,2,74,14.719844,0.190748
[MO833] Iteration,0,74,14.725899,0.190850
[MO833] Iteration,3,74,14.723594,0.190967
[MO833] Iteration,1,74,14.728651,0.191068
[MO833] Iteration,2,75,14.911441,0.191597
[MO833] Iteration,0,75,14.917390,0.191491
[MO833] Iteration,3,75,14.915091,0.191497
[MO833] Iteration,1,75,14.920165,0.191514
[MO833] Iteration,2,76,15.102549,0.191108
[MO833] Iteration,0,76,15.108568,0.191178
[MO833] Iteration,3,76,15.105985,0.190894
[MO833] Iteration,1,76,15.111091,0.190926
[MO833] Iteration,2,77,15.302832,0.200283
[MO833] Iteration,0,77,15.308804,0.200236
[MO833] Iteration,3,77,15.310607,0.204622
[MO833] Iteration,1,77,15.315732,0.204641
[MO833] Iteration,2,78,15.497991,0.195159
[MO833] Iteration,0,78,15.503967,0.195163
[MO833] Iteration,3,78,15.501664,0.191057
[MO833] Iteration,1,78,15.506701,0.190969
[MO833] Iteration,2,79,15.688956,0.190965
[MO833] Iteration,0,79,15.694938,0.190971
[MO833] Iteration,3,79,15.692475,0.190811
[MO833] Iteration,1,79,15.697578,0.190877
[MO833] Iteration,2,80,15.879688,0.190732
[MO833] Iteration,0,80,15.885721,0.190783
 Time step   80
[MO833] Iteration,3,80,15.883383,0.190908
[MO833] Iteration,1,80,15.888452,0.190874
[MO833] Iteration,3,81,16.072121,0.188738
[MO833] Iteration,1,81,16.077346,0.188894
[MO833] Iteration,0,81,16.085754,0.200033
[MO833] Iteration,2,81,16.085196,0.205508
[MO833] Iteration,2,82,16.271175,0.185979
[MO833] Iteration,0,82,16.277141,0.191387
[MO833] Iteration,3,82,16.274758,0.202637
[MO833] Iteration,1,82,16.279845,0.202499
[MO833] Iteration,2,83,16.462132,0.190957
[MO833] Iteration,0,83,16.468145,0.191004
[MO833] Iteration,3,83,16.465534,0.190776
[MO833] Iteration,1,83,16.470589,0.190744
[MO833] Iteration,2,84,16.652860,0.190728
[MO833] Iteration,0,84,16.658842,0.190697
[MO833] Iteration,3,84,16.656476,0.190942
[MO833] Iteration,1,84,16.661506,0.190917
[MO833] Iteration,2,85,16.843663,0.190803
[MO833] Iteration,0,85,16.849651,0.190809
[MO833] Iteration,3,85,16.847228,0.190752
[MO833] Iteration,1,85,16.852301,0.190795
[MO833] Iteration,2,86,17.034477,0.190814
[MO833] Iteration,0,86,17.040503,0.190852
[MO833] Iteration,3,86,17.037964,0.190736
[MO833] Iteration,1,86,17.043052,0.190751
[MO833] Iteration,2,87,17.225365,0.190888
[MO833] Iteration,0,87,17.231333,0.190830
[MO833] Iteration,3,87,17.228957,0.190993
[MO833] Iteration,1,87,17.233999,0.190947
[MO833] Iteration,2,88,17.416011,0.190646
[MO833] Iteration,0,88,17.421992,0.190659
[MO833] Iteration,3,88,17.419479,0.190522
[MO833] Iteration,1,88,17.424612,0.190613
[MO833] Iteration,2,89,17.606963,0.190952
[MO833] Iteration,0,89,17.613000,0.191008
[MO833] Iteration,3,89,17.610593,0.191114
[MO833] Iteration,1,89,17.615643,0.191031
[MO833] Iteration,2,90,17.797801,0.190838
[MO833] Iteration,0,90,17.803726,0.190726
[MO833] Iteration,3,90,17.801669,0.191076
[MO833] Iteration,1,90,17.806705,0.191062
[MO833] Iteration,2,91,17.989028,0.191227
[MO833] Iteration,0,91,17.995022,0.191296
[MO833] Iteration,3,91,17.992443,0.190774
[MO833] Iteration,1,91,17.997544,0.190839
[MO833] Iteration,2,92,18.179886,0.190858
[MO833] Iteration,0,92,18.185816,0.190794
[MO833] Iteration,3,92,18.183352,0.190909
[MO833] Iteration,1,92,18.188478,0.190934
[MO833] Iteration,2,93,18.370675,0.190789
[MO833] Iteration,0,93,18.376723,0.190907
[MO833] Iteration,3,93,18.374098,0.190746
[MO833] Iteration,1,93,18.379183,0.190705
[MO833] Iteration,2,94,18.561494,0.190819
[MO833] Iteration,0,94,18.567530,0.190807
[MO833] Iteration,3,94,18.564941,0.190843
[MO833] Iteration,1,94,18.570080,0.190897
[MO833] Iteration,2,95,18.752122,0.190628
[MO833] Iteration,0,95,18.758127,0.190597
[MO833] Iteration,3,95,18.755630,0.190689
[MO833] Iteration,1,95,18.760666,0.190586
[MO833] Iteration,2,96,18.942756,0.190634
[MO833] Iteration,0,96,18.948860,0.190733
[MO833] Iteration,3,96,18.946334,0.190704
[MO833] Iteration,1,96,18.951441,0.190775
[MO833] Iteration,2,97,19.133575,0.190819
[MO833] Iteration,0,97,19.139506,0.190646
[MO833] Iteration,3,97,19.137196,0.190862
[MO833] Iteration,1,97,19.142240,0.190799
[MO833] Iteration,2,98,19.324441,0.190866
[MO833] Iteration,0,98,19.330448,0.190942
[MO833] Iteration,3,98,19.327925,0.190729
[MO833] Iteration,1,98,19.333043,0.190803
[MO833] Iteration,2,99,19.515114,0.190673
[MO833] Iteration,0,99,19.521124,0.190676
[MO833] Iteration,3,99,19.518520,0.190595
[MO833] Iteration,1,99,19.523636,0.190593
[MO833] Iteration,2,100,19.706048,0.190934
[MO833] Iteration,0,100,19.712103,0.190979
 Time step  100
[MO833] Iteration,3,100,19.709345,0.190825
[MO833] Iteration,1,100,19.714380,0.190744
[MO833] Iteration,2,101,19.896526,0.190478
[MO833] Iteration,0,101,19.902569,0.190466
[MO833] Iteration,3,101,19.900155,0.190810
[MO833] Iteration,1,101,19.905196,0.190816
[MO833] Iteration,2,102,20.087541,0.191015
[MO833] Iteration,0,102,20.093657,0.191088
[MO833] Iteration,3,102,20.090961,0.190806
[MO833] Iteration,1,102,20.096025,0.190829
[MO833] Iteration,2,103,20.278144,0.190603
[MO833] Iteration,0,103,20.284033,0.190376
[MO833] Iteration,3,103,20.281735,0.190774
[MO833] Iteration,1,103,20.286780,0.190755
[MO833] Iteration,2,104,20.469379,0.191235
[MO833] Iteration,0,104,20.475380,0.191347
[MO833] Iteration,3,104,20.472910,0.191175
[MO833] Iteration,1,104,20.477943,0.191163
[MO833] Iteration,2,105,20.660224,0.190845
[MO833] Iteration,0,105,20.666287,0.190907
[MO833] Iteration,3,105,20.663706,0.190796
[MO833] Iteration,1,105,20.668762,0.190819
[MO833] Iteration,2,106,20.850763,0.190539
[MO833] Iteration,0,106,20.856720,0.190433
[MO833] Iteration,3,106,20.855300,0.191594
[MO833] Iteration,1,106,20.860356,0.191594
[MO833] Iteration,3,107,21.048915,0.193615
[MO833] Iteration,1,107,21.054062,0.193706
[MO833] Iteration,0,107,21.062373,0.205653
[MO833] Iteration,2,107,21.057520,0.206757
[MO833] Iteration,2,108,21.247846,0.190326
[MO833] Iteration,0,108,21.253876,0.191503
[MO833] Iteration,3,108,21.252240,0.203325
[MO833] Iteration,1,108,21.257306,0.203244
[MO833] Iteration,2,109,21.439382,0.191536
[MO833] Iteration,0,109,21.445326,0.191450
[MO833] Iteration,3,109,21.442991,0.190751
[MO833] Iteration,1,109,21.448077,0.190771
[MO833] Iteration,2,110,21.631268,0.191886
[MO833] Iteration,0,110,21.637317,0.191991
[MO833] Iteration,3,110,21.635230,0.192239
[MO833] Iteration,1,110,21.640200,0.192123
[MO833] Iteration,2,111,21.822701,0.191433
[MO833] Iteration,0,111,21.828657,0.191340
[MO833] Iteration,3,111,21.826194,0.190964
[MO833] Iteration,1,111,21.831263,0.191063
[MO833] Iteration,2,112,22.013576,0.190875
[MO833] Iteration,0,112,22.019579,0.190922
[MO833] Iteration,3,112,22.017075,0.190881
[MO833] Iteration,1,112,22.022181,0.190918
[MO833] Iteration,2,113,22.204277,0.190701
[MO833] Iteration,0,113,22.210233,0.190654
[MO833] Iteration,3,113,22.207980,0.190905
[MO833] Iteration,1,113,22.213040,0.190859
[MO833] Iteration,2,114,22.395669,0.191392
[MO833] Iteration,0,114,22.401715,0.191482
[MO833] Iteration,3,114,22.399379,0.191399
[MO833] Iteration,1,114,22.404396,0.191356
[MO833] Iteration,2,115,22.586572,0.190903
[MO833] Iteration,0,115,22.592576,0.190861
[MO833] Iteration,3,115,22.590185,0.190806
[MO833] Iteration,1,115,22.595201,0.190805
[MO833] Iteration,2,116,22.777443,0.190871
[MO833] Iteration,0,116,22.783589,0.191013
[MO833] Iteration,3,116,22.780846,0.190661
[MO833] Iteration,1,116,22.785943,0.190742
[MO833] Iteration,2,117,22.968033,0.190590
[MO833] Iteration,0,117,22.974054,0.190465
[MO833] Iteration,3,117,22.971553,0.190707
[MO833] Iteration,1,117,22.976653,0.190710
[MO833] Iteration,2,118,23.158852,0.190819
[MO833] Iteration,0,118,23.164892,0.190838
[MO833] Iteration,3,118,23.162333,0.190780
[MO833] Iteration,1,118,23.167384,0.190731
[MO833] Iteration,2,119,23.349692,0.190840
[MO833] Iteration,0,119,23.355672,0.190780
[MO833] Iteration,3,119,23.353277,0.190944
[MO833] Iteration,1,119,23.358288,0.190904
[MO833] Iteration,2,120,23.540697,0.191005
[MO833] Iteration,0,120,23.546725,0.191053
 Time step  120
[MO833] Iteration,3,120,23.544220,0.190943
[MO833] Iteration,1,120,23.549257,0.190969
[MO833] Iteration,2,121,23.731697,0.191000
[MO833] Iteration,0,121,23.737694,0.190969
[MO833] Iteration,3,121,23.735206,0.190986
[MO833] Iteration,1,121,23.740346,0.191089
[MO833] Iteration,2,122,23.923930,0.192233
[MO833] Iteration,0,122,23.929937,0.192243
[MO833] Iteration,3,122,23.928523,0.193317
[MO833] Iteration,1,122,23.933508,0.193162
[MO833] Iteration,2,123,24.120207,0.196277
[MO833] Iteration,0,123,24.126242,0.196305
[MO833] Iteration,3,123,24.124871,0.196348
[MO833] Iteration,1,123,24.130033,0.196525
[MO833] Iteration,2,124,24.312103,0.191896
[MO833] Iteration,0,124,24.318133,0.191891
[MO833] Iteration,3,124,24.315672,0.190801
[MO833] Iteration,1,124,24.320652,0.190619
[MO833] Iteration,2,125,24.502725,0.190622
[MO833] Iteration,0,125,24.508682,0.190549
[MO833] Iteration,3,125,24.506219,0.190547
[MO833] Iteration,1,125,24.511279,0.190627
[MO833] Iteration,2,126,24.693556,0.190831
[MO833] Iteration,0,126,24.699531,0.190849
[MO833] Iteration,1,126,24.702357,0.191078
[MO833] Iteration,3,126,24.697356,0.191137
[MO833] Iteration,2,127,24.884459,0.190903
[MO833] Iteration,0,127,24.890459,0.190928
[MO833] Iteration,3,127,24.887919,0.190563
[MO833] Iteration,1,127,24.892982,0.190625
[MO833] Iteration,2,128,25.075256,0.190797
[MO833] Iteration,0,128,25.081235,0.190776
[MO833] Iteration,3,128,25.078886,0.190967
[MO833] Iteration,1,128,25.083973,0.190991
[MO833] Iteration,2,129,25.266087,0.190831
[MO833] Iteration,0,129,25.272100,0.190865
[MO833] Iteration,3,129,25.269682,0.190796
[MO833] Iteration,1,129,25.274726,0.190753
[MO833] Iteration,2,130,25.457138,0.191051
[MO833] Iteration,0,130,25.463237,0.191137
[MO833] Iteration,3,130,25.460824,0.191142
[MO833] Iteration,1,130,25.465878,0.191152
[MO833] Iteration,2,131,25.648447,0.191309
[MO833] Iteration,0,131,25.654434,0.191197
[MO833] Iteration,1,131,25.656872,0.190994
[MO833] Iteration,3,131,25.651880,0.191056
[MO833] Iteration,2,132,25.839017,0.190570
[MO833] Iteration,0,132,25.845009,0.190575
[MO833] Iteration,3,132,25.842424,0.190544
[MO833] Iteration,1,132,25.847534,0.190662
[MO833] Iteration,2,133,26.029658,0.190641
[MO833] Iteration,0,133,26.035596,0.190587
[MO833] Iteration,3,133,26.033187,0.190763
[MO833] Iteration,1,133,26.038375,0.190841
[MO833] Iteration,2,134,26.220603,0.190945
[MO833] Iteration,0,134,26.226576,0.190980
[MO833] Iteration,3,134,26.224184,0.190997
[MO833] Iteration,1,134,26.229250,0.190875
[MO833] Iteration,2,135,26.411853,0.191250
[MO833] Iteration,0,135,26.417813,0.191237
[MO833] Iteration,3,135,26.415223,0.191039
[MO833] Iteration,1,135,26.420261,0.191011
[MO833] Iteration,2,136,26.602572,0.190719
[MO833] Iteration,0,136,26.608577,0.190764
[MO833] Iteration,3,136,26.606047,0.190824
[MO833] Iteration,1,136,26.611076,0.190815
[MO833] Iteration,2,137,26.794469,0.191897
[MO833] Iteration,0,137,26.800584,0.192007
[MO833] Iteration,3,137,26.797893,0.191846
[MO833] Iteration,1,137,26.802938,0.191862
[MO833] Iteration,2,138,26.986036,0.191567
[MO833] Iteration,0,138,26.991956,0.191372
[MO833] Iteration,3,138,26.989682,0.191789
[MO833] Iteration,1,138,26.994721,0.191783
[MO833] Iteration,2,139,27.183972,0.197936
[MO833] Iteration,0,139,27.190083,0.198127
[MO833] Iteration,3,139,27.184147,0.194465
[MO833] Iteration,1,139,27.189265,0.194544
[MO833] Iteration,2,140,27.371497,0.187525
[MO833] Iteration,0,140,27.377455,0.187372
 Time step  140
[MO833] Iteration,3,140,27.375230,0.191083
[MO833] Iteration,1,140,27.380405,0.191140
[MO833] Iteration,2,141,27.562741,0.191244
[MO833] Iteration,0,141,27.568799,0.191344
[MO833] Iteration,3,141,27.566141,0.190911
[MO833] Iteration,1,141,27.571198,0.190793
[MO833] Iteration,2,142,27.753362,0.190621
[MO833] Iteration,0,142,27.759279,0.190480
[MO833] Iteration,3,142,27.756778,0.190637
[MO833] Iteration,1,142,27.761869,0.190671
[MO833] Iteration,2,143,27.944158,0.190796
[MO833] Iteration,0,143,27.950147,0.190868
[MO833] Iteration,3,143,27.947660,0.190882
[MO833] Iteration,1,143,27.952734,0.190865
[MO833] Iteration,2,144,28.134956,0.190798
[MO833] Iteration,0,144,28.140966,0.190819
[MO833] Iteration,3,144,28.138573,0.190913
[MO833] Iteration,1,144,28.143607,0.190873
[MO833] Iteration,2,145,28.325754,0.190798
[MO833] Iteration,0,145,28.331734,0.190768
[MO833] Iteration,3,145,28.329380,0.190807
[MO833] Iteration,1,145,28.334378,0.190771
[MO833] Iteration,2,146,28.516650,0.190896
[MO833] Iteration,0,146,28.522690,0.190956
[MO833] Iteration,3,146,28.520097,0.190717
[MO833] Iteration,1,146,28.525179,0.190801
[MO833] Iteration,2,147,28.707243,0.190593
[MO833] Iteration,0,147,28.713154,0.190464
[MO833] Iteration,3,147,28.710997,0.190900
[MO833] Iteration,1,147,28.716146,0.190967
[MO833] Iteration,2,148,28.898192,0.190949
[MO833] Iteration,0,148,28.904204,0.191050
[MO833] Iteration,3,148,28.901647,0.190650
[MO833] Iteration,1,148,28.906725,0.190579
[MO833] Iteration,2,149,29.089197,0.191005
[MO833] Iteration,0,149,29.095135,0.190931
[MO833] Iteration,3,149,29.092763,0.191116
[MO833] Iteration,1,149,29.097842,0.191117
[MO833] Iteration,2,150,29.279856,0.190659
[MO833] Iteration,0,150,29.285885,0.190750
[MO833] Iteration,3,150,29.283444,0.190681
[MO833] Iteration,1,150,29.288472,0.190630
[MO833] Iteration,2,151,29.470779,0.190923
[MO833] Iteration,0,151,29.476748,0.190863
[MO833] Iteration,3,151,29.474446,0.191002
[MO833] Iteration,1,151,29.479445,0.190973
[MO833] Iteration,2,152,29.661844,0.191065
[MO833] Iteration,0,152,29.667785,0.191037
[MO833] Iteration,3,152,29.665263,0.190817
[MO833] Iteration,1,152,29.670360,0.190915
[MO833] Iteration,2,153,29.852438,0.190594
[MO833] Iteration,0,153,29.858380,0.190595
[MO833] Iteration,3,153,29.856236,0.190973
[MO833] Iteration,1,153,29.861276,0.190916
[MO833] Iteration,2,154,30.044117,0.191679
[MO833] Iteration,0,154,30.050209,0.191829
[MO833] Iteration,3,154,30.047662,0.191426
[MO833] Iteration,1,154,30.052690,0.191414
[MO833] Iteration,2,155,30.235017,0.190900
[MO833] Iteration,0,155,30.241049,0.190840
[MO833] Iteration,3,155,30.238507,0.190845
[MO833] Iteration,1,155,30.243548,0.190858
[MO833] Iteration,2,156,30.425748,0.190731
[MO833] Iteration,0,156,30.431672,0.190623
[MO833] Iteration,3,156,30.429485,0.190978
[MO833] Iteration,1,156,30.434469,0.190921
[MO833] Iteration,2,157,30.616625,0.190877
[MO833] Iteration,0,157,30.622611,0.190939
[MO833] Iteration,3,157,30.620100,0.190615
[MO833] Iteration,1,157,30.625147,0.190678
[MO833] Iteration,2,158,30.807206,0.190581
[MO833] Iteration,0,158,30.813190,0.190579
[MO833] Iteration,3,158,30.810996,0.190896
[MO833] Iteration,1,158,30.816031,0.190884
[MO833] Iteration,2,159,30.998211,0.191005
[MO833] Iteration,0,159,31.004131,0.190941
[MO833] Iteration,3,159,31.001767,0.190771
[MO833] Iteration,1,159,31.006934,0.190903
[MO833] Iteration,2,160,31.196571,0.198360
[MO833] Iteration,0,160,31.202522,0.198391
 Time step  160
[MO833] Iteration,1,160,31.209462,0.202528
[MO833] Iteration,3,160,31.204627,0.202860
[MO833] Iteration,2,161,31.392232,0.195661
[MO833] Iteration,0,161,31.398225,0.195703
[MO833] Iteration,3,161,31.396057,0.191430
[MO833] Iteration,1,161,31.401215,0.191753
[MO833] Iteration,2,162,31.583468,0.191236
[MO833] Iteration,0,162,31.589441,0.191216
[MO833] Iteration,3,162,31.586915,0.190858
[MO833] Iteration,1,162,31.592048,0.190833
[MO833] Iteration,2,163,31.774188,0.190720
[MO833] Iteration,0,163,31.780196,0.190755
[MO833] Iteration,3,163,31.777780,0.190865
[MO833] Iteration,1,163,31.782831,0.190783
[MO833] Iteration,2,164,31.965035,0.190847
[MO833] Iteration,0,164,31.971050,0.190854
[MO833] Iteration,3,164,31.968617,0.190837
[MO833] Iteration,1,164,31.973666,0.190835
[MO833] Iteration,2,165,32.155752,0.190717
[MO833] Iteration,0,165,32.161731,0.190681
[MO833] Iteration,3,165,32.159263,0.190646
[MO833] Iteration,1,165,32.164343,0.190677
[MO833] Iteration,2,166,32.346592,0.190840
[MO833] Iteration,0,166,32.352573,0.190842
[MO833] Iteration,3,166,32.350156,0.190893
[MO833] Iteration,1,166,32.355216,0.190873
[MO833] Iteration,2,167,32.537713,0.191121
[MO833] Iteration,0,167,32.543666,0.191093
[MO833] Iteration,3,167,32.541113,0.190957
[MO833] Iteration,1,167,32.546169,0.190953
[MO833] Iteration,2,168,32.728248,0.190535
[MO833] Iteration,0,168,32.734179,0.190513
[MO833] Iteration,3,168,32.731711,0.190598
[MO833] Iteration,1,168,32.736810,0.190641
[MO833] Iteration,2,169,32.918941,0.190693
[MO833] Iteration,0,169,32.924969,0.190790
[MO833] Iteration,3,169,32.923075,0.191364
[MO833] Iteration,1,169,32.928216,0.191406
[MO833] Iteration,2,170,33.110537,0.191596
[MO833] Iteration,0,170,33.116541,0.191572
[MO833] Iteration,3,170,33.113888,0.190813
[MO833] Iteration,1,170,33.118946,0.190730
[MO833] Iteration,2,171,33.301180,0.190643
[MO833] Iteration,0,171,33.307133,0.190592
[MO833] Iteration,3,171,33.304640,0.190752
[MO833] Iteration,1,171,33.309739,0.190793
[MO833] Iteration,2,172,33.492021,0.190841
[MO833] Iteration,0,172,33.498025,0.190892
[MO833] Iteration,3,172,33.495557,0.190917
[MO833] Iteration,1,172,33.500584,0.190845
[MO833] Iteration,2,173,33.683117,0.191096
[MO833] Iteration,0,173,33.689117,0.191092
[MO833] Iteration,3,173,33.686559,0.191002
[MO833] Iteration,1,173,33.691697,0.191113
[MO833] Iteration,2,174,33.874054,0.190937
[MO833] Iteration,0,174,33.880071,0.190954
[MO833] Iteration,3,174,33.877514,0.190955
[MO833] Iteration,1,174,33.882572,0.190875
[MO833] Iteration,2,175,34.065207,0.191153
[MO833] Iteration,0,175,34.071229,0.191158
[MO833] Iteration,3,175,34.068798,0.191284
[MO833] Iteration,1,175,34.073877,0.191305
[MO833] Iteration,2,176,34.265972,0.200765
[MO833] Iteration,0,176,34.272868,0.201639
[MO833] Iteration,3,176,34.265925,0.197127
[MO833] Iteration,1,176,34.271045,0.197168
[MO833] Iteration,2,177,34.453514,0.187542
[MO833] Iteration,0,177,34.459558,0.186690
[MO833] Iteration,3,177,34.456864,0.190939
[MO833] Iteration,1,177,34.461921,0.190876
[MO833] Iteration,2,178,34.644334,0.190820
[MO833] Iteration,0,178,34.650349,0.190791
[MO833] Iteration,3,178,34.647705,0.190841
[MO833] Iteration,1,178,34.652762,0.190841
[MO833] Iteration,2,179,34.835082,0.190748
[MO833] Iteration,0,179,34.841084,0.190735
[MO833] Iteration,3,179,34.838483,0.190778
[MO833] Iteration,1,179,34.843576,0.190814
[MO833] Iteration,2,180,35.025840,0.190758
[MO833] Iteration,0,180,35.031760,0.190676
 Time step  180
[MO833] Iteration,3,180,35.029203,0.190720
[MO833] Iteration,1,180,35.034356,0.190780
[MO833] Iteration,2,181,35.216563,0.190723
[MO833] Iteration,0,181,35.222562,0.190802
[MO833] Iteration,3,181,35.220351,0.191148
[MO833] Iteration,1,181,35.225459,0.191103
[MO833] Iteration,2,182,35.407528,0.190965
[MO833] Iteration,0,182,35.413495,0.190933
[MO833] Iteration,3,182,35.410974,0.190623
[MO833] Iteration,1,182,35.416100,0.190641
[MO833] Iteration,2,183,35.598254,0.190726
[MO833] Iteration,0,183,35.604249,0.190754
[MO833] Iteration,3,183,35.601937,0.190963
[MO833] Iteration,1,183,35.607029,0.190929
[MO833] Iteration,2,184,35.789112,0.190858
[MO833] Iteration,0,184,35.795089,0.190840
[MO833] Iteration,3,184,35.792679,0.190742
[MO833] Iteration,1,184,35.797740,0.190711
[MO833] Iteration,2,185,35.981124,0.192012
[MO833] Iteration,0,185,35.987092,0.192003
[MO833] Iteration,3,185,35.985817,0.193138
[MO833] Iteration,1,185,35.990840,0.193100
[MO833] Iteration,2,186,36.177129,0.196005
[MO833] Iteration,0,186,36.183138,0.196046
[MO833] Iteration,3,186,36.181808,0.195991
[MO833] Iteration,1,186,36.186812,0.195972
[MO833] Iteration,2,187,36.369150,0.192021
[MO833] Iteration,0,187,36.375161,0.192023
[MO833] Iteration,3,187,36.372490,0.190682
[MO833] Iteration,1,187,36.377616,0.190804
[MO833] Iteration,2,188,36.559940,0.190790
[MO833] Iteration,0,188,36.565918,0.190757
[MO833] Iteration,3,188,36.563569,0.191079
[MO833] Iteration,1,188,36.568542,0.190926
[MO833] Iteration,2,189,36.750623,0.190683
[MO833] Iteration,0,189,36.756607,0.190689
[MO833] Iteration,3,189,36.754190,0.190621
[MO833] Iteration,1,189,36.759262,0.190720
[MO833] Iteration,2,190,36.942214,0.191591
[MO833] Iteration,0,190,36.948207,0.191600
[MO833] Iteration,3,190,36.945717,0.191527
[MO833] Iteration,1,190,36.950827,0.191565
[MO833] Iteration,2,191,37.133525,0.191311
[MO833] Iteration,0,191,37.139494,0.191287
[MO833] Iteration,3,191,37.137007,0.191290
[MO833] Iteration,1,191,37.142103,0.191276
[MO833] Iteration,2,192,37.324530,0.191005
[MO833] Iteration,0,192,37.330595,0.191101
[MO833] Iteration,3,192,37.327836,0.190829
[MO833] Iteration,1,192,37.332979,0.190876
[MO833] Iteration,2,193,37.515188,0.190658
[MO833] Iteration,0,193,37.521165,0.190570
[MO833] Iteration,3,193,37.518853,0.191017
[MO833] Iteration,1,193,37.523875,0.190896
[MO833] Iteration,2,194,37.706157,0.190969
[MO833] Iteration,0,194,37.712068,0.190903
[MO833] Iteration,3,194,37.709648,0.190795
[MO833] Iteration,1,194,37.714717,0.190842
[MO833] Iteration,2,195,37.896943,0.190786
[MO833] Iteration,0,195,37.903114,0.191046
[MO833] Iteration,3,195,37.900600,0.190952
[MO833] Iteration,1,195,37.905632,0.190915
[MO833] Iteration,2,196,38.088061,0.191118
[MO833] Iteration,0,196,38.094080,0.190966
[MO833] Iteration,3,196,38.091452,0.190852
[MO833] Iteration,1,196,38.096480,0.190848
[MO833] Iteration,2,197,38.278713,0.190652
[MO833] Iteration,0,197,38.284742,0.190662
[MO833] Iteration,3,197,38.282286,0.190834
[MO833] Iteration,1,197,38.287433,0.190953
[MO833] Iteration,2,198,38.469543,0.190830
[MO833] Iteration,0,198,38.475554,0.190812
[MO833] Iteration,3,198,38.473080,0.190794
[MO833] Iteration,1,198,38.478210,0.190777
[MO833] Iteration,2,199,38.660247,0.190704
[MO833] Iteration,0,199,38.666210,0.190656
[MO833] Iteration,3,199,38.663687,0.190607
[MO833] Iteration,1,199,38.668824,0.190614
[MO833] Iteration,2,200,38.850903,0.190656
[MO833] Iteration,0,200,38.856876,0.190666
 Time step  200
[MO833] Iteration,3,200,38.854443,0.190756
[MO833] Iteration,1,200,38.859533,0.190709
[MO833] Iteration,2,201,39.042740,0.191837
[MO833] Iteration,0,201,39.048705,0.191829
[MO833] Iteration,3,201,39.046089,0.191646
[MO833] Iteration,1,201,39.051200,0.191667
[MO833] Iteration,2,202,39.233316,0.190576
[MO833] Iteration,0,202,39.239316,0.190611
[MO833] Iteration,3,202,39.237011,0.190922
[MO833] Iteration,1,202,39.242067,0.190867
[MO833] Iteration,2,203,39.424119,0.190803
[MO833] Iteration,0,203,39.430110,0.190794
[MO833] Iteration,3,203,39.427717,0.190706
[MO833] Iteration,1,203,39.432760,0.190693
[MO833] Iteration,2,204,39.615186,0.191067
[MO833] Iteration,0,204,39.621149,0.191039
[MO833] Iteration,3,204,39.618588,0.190871
[MO833] Iteration,1,204,39.623735,0.190975
[MO833] Iteration,2,205,39.806108,0.190922
[MO833] Iteration,0,205,39.812174,0.191025
[MO833] Iteration,3,205,39.809451,0.190863
[MO833] Iteration,1,205,39.814555,0.190820
[MO833] Iteration,2,206,39.996841,0.190733
[MO833] Iteration,0,206,40.002807,0.190633
[MO833] Iteration,3,206,40.000595,0.191144
[MO833] Iteration,1,206,40.005711,0.191156
[MO833] Iteration,2,207,40.187807,0.190966
[MO833] Iteration,0,207,40.193841,0.191034
[MO833] Iteration,3,207,40.191354,0.190759
[MO833] Iteration,1,207,40.196458,0.190747
[MO833] Iteration,2,208,40.378911,0.191104
[MO833] Iteration,0,208,40.384874,0.191033
[MO833] Iteration,3,208,40.382331,0.190977
[MO833] Iteration,1,208,40.387433,0.190975
[MO833] Iteration,2,209,40.569620,0.190709
[MO833] Iteration,0,209,40.575642,0.190768
[MO833] Iteration,3,209,40.573081,0.190750
[MO833] Iteration,1,209,40.578125,0.190692
[MO833] Iteration,2,210,40.760349,0.190729
[MO833] Iteration,0,210,40.766352,0.190710
[MO833] Iteration,3,210,40.763822,0.190741
[MO833] Iteration,1,210,40.768885,0.190760
[MO833] Iteration,2,211,40.951055,0.190706
[MO833] Iteration,0,211,40.957028,0.190676
[MO833] Iteration,3,211,40.954536,0.190714
[MO833] Iteration,1,211,40.959619,0.190734
[MO833] Iteration,2,212,41.141723,0.190668
[MO833] Iteration,0,212,41.147647,0.190619
[MO833] Iteration,3,212,41.145621,0.191085
[MO833] Iteration,1,212,41.150665,0.191046
[MO833] Iteration,2,213,41.333220,0.191497
[MO833] Iteration,0,213,41.339159,0.191512
[MO833] Iteration,3,213,41.336576,0.190955
[MO833] Iteration,1,213,41.341652,0.190987
[MO833] Iteration,2,214,41.523730,0.190510
[MO833] Iteration,0,214,41.529656,0.190497
[MO833] Iteration,3,214,41.527478,0.190902
[MO833] Iteration,1,214,41.532526,0.190874
[MO833] Iteration,2,215,41.714993,0.191263
[MO833] Iteration,0,215,41.720980,0.191324
[MO833] Iteration,3,215,41.718474,0.190996
[MO833] Iteration,1,215,41.723494,0.190968
[MO833] Iteration,2,216,41.906442,0.191449
[MO833] Iteration,0,216,41.912624,0.191644
[MO833] Iteration,3,216,41.910029,0.191555
[MO833] Iteration,1,216,41.915141,0.191647
[MO833] Iteration,2,217,42.102296,0.195854
[MO833] Iteration,0,217,42.108194,0.195570
[MO833] Iteration,3,217,42.105097,0.195068
[MO833] Iteration,1,217,42.110177,0.195036
[MO833] Iteration,0,218,42.301190,0.192996
[MO833] Iteration,2,218,42.295419,0.193123
[MO833] Iteration,3,218,42.298633,0.193536
[MO833] Iteration,1,218,42.303742,0.193565
[MO833] Iteration,2,219,42.488107,0.192688
[MO833] Iteration,0,219,42.493884,0.192694
[MO833] Iteration,3,219,42.492159,0.193526
[MO833] Iteration,1,219,42.497286,0.193544
[MO833] Iteration,0,220,42.689617,0.195733
 Time step  220
[MO833] Iteration,2,220,42.683951,0.195844
[MO833] Iteration,3,220,42.687358,0.195199
[MO833] Iteration,1,220,42.692439,0.195153
[MO833] Iteration,2,221,42.884641,0.200690
[MO833] Iteration,0,221,42.891034,0.201417
[MO833] Iteration,3,221,42.884001,0.196643
[MO833] Iteration,1,221,42.889295,0.196856
[MO833] Iteration,0,222,43.076369,0.185335
[MO833] Iteration,2,222,43.070658,0.186017
[MO833] Iteration,3,222,43.073884,0.189883
[MO833] Iteration,1,222,43.078876,0.189581
[MO833] Iteration,2,223,43.260301,0.189643
[MO833] Iteration,0,223,43.265891,0.189522
[MO833] Iteration,3,223,43.263907,0.190023
[MO833] Iteration,1,223,43.268971,0.190095
[MO833] Iteration,0,224,43.456167,0.190276
[MO833] Iteration,2,224,43.450446,0.190145
[MO833] Iteration,3,224,43.452803,0.188896
[MO833] Iteration,1,224,43.457842,0.188871
[MO833] Iteration,2,225,43.639148,0.188702
[MO833] Iteration,0,225,43.644843,0.188676
[MO833] Iteration,3,225,43.641420,0.188617
[MO833] Iteration,1,225,43.646514,0.188672
[MO833] Iteration,0,226,43.833307,0.188464
[MO833] Iteration,2,226,43.827643,0.188495
[MO833] Iteration,3,226,43.829934,0.188514
[MO833] Iteration,1,226,43.835113,0.188599
[MO833] Iteration,2,227,44.016281,0.188638
[MO833] Iteration,0,227,44.021965,0.188658
[MO833] Iteration,3,227,44.018561,0.188627
[MO833] Iteration,1,227,44.023661,0.188548
[MO833] Iteration,0,228,44.211007,0.189042
[MO833] Iteration,2,228,44.205319,0.189038
[MO833] Iteration,3,228,44.207988,0.189427
[MO833] Iteration,1,228,44.213048,0.189387
[MO833] Iteration,2,229,44.395117,0.189798
[MO833] Iteration,0,229,44.400837,0.189830
[MO833] Iteration,3,229,44.397390,0.189402
[MO833] Iteration,1,229,44.402414,0.189366
[MO833] Iteration,0,230,44.590648,0.189811
[MO833] Iteration,2,230,44.584901,0.189784
[MO833] Iteration,3,230,44.586962,0.189572
[MO833] Iteration,1,230,44.592135,0.189721
[MO833] Iteration,2,231,44.772052,0.187151
[MO833] Iteration,0,231,44.777772,0.187124
[MO833] Iteration,3,231,44.775210,0.188248
[MO833] Iteration,1,231,44.780268,0.188133
[MO833] Iteration,0,232,44.966202,0.188430
[MO833] Iteration,2,232,44.960550,0.188498
[MO833] Iteration,3,232,44.964118,0.188908
[MO833] Iteration,1,232,44.969178,0.188910
[MO833] Iteration,2,233,45.149501,0.188951
[MO833] Iteration,0,233,45.155205,0.189003
[MO833] Iteration,3,233,45.152645,0.188527
[MO833] Iteration,1,233,45.157667,0.188489
[MO833] Iteration,0,234,45.343518,0.188313
[MO833] Iteration,2,234,45.337795,0.188294
[MO833] Iteration,3,234,45.340795,0.188150
[MO833] Iteration,1,234,45.345903,0.188236
[MO833] Iteration,2,235,45.525934,0.188139
[MO833] Iteration,0,235,45.531638,0.188120
[MO833] Iteration,3,235,45.529214,0.188419
[MO833] Iteration,1,235,45.534148,0.188245
[MO833] Iteration,2,236,45.714455,0.188521
[MO833] Iteration,0,236,45.720282,0.188644
[MO833] Iteration,3,236,45.717810,0.188596
[MO833] Iteration,1,236,45.722855,0.188707
[MO833] Iteration,2,237,45.902860,0.188405
[MO833] Iteration,0,237,45.908554,0.188272
[MO833] Iteration,1,237,45.911010,0.188155
[MO833] Iteration,3,237,45.906018,0.188208
[MO833] Iteration,0,238,46.096785,0.188231
[MO833] Iteration,2,238,46.091085,0.188225
[MO833] Iteration,3,238,46.094076,0.188058
[MO833] Iteration,1,238,46.099176,0.188166
[MO833] Iteration,2,239,46.279121,0.188036
[MO833] Iteration,0,239,46.284910,0.188125
[MO833] Iteration,3,239,46.282212,0.188136
[MO833] Iteration,1,239,46.287262,0.188086
[MO833] Iteration,2,240,46.467323,0.188202
[MO833] Iteration,0,240,46.473027,0.188117
 Time step  240
[MO833] Iteration,3,240,46.470522,0.188310
[MO833] Iteration,1,240,46.475479,0.188217
[MO833] Iteration,0,241,46.661387,0.188360
[MO833] Iteration,2,241,46.655664,0.188341
[MO833] Iteration,1,241,46.664200,0.188721
[MO833] Iteration,3,241,46.659210,0.188688
[MO833] Iteration,2,242,46.844213,0.188549
[MO833] Iteration,0,242,46.849941,0.188554
[MO833] Iteration,3,242,46.847690,0.188480
[MO833] Iteration,1,242,46.852774,0.188574
[MO833] Iteration,0,243,47.038454,0.188513
[MO833] Iteration,2,243,47.032730,0.188517
[MO833] Iteration,1,243,47.040961,0.188187
[MO833] Iteration,3,243,47.035972,0.188282
[MO833] Iteration,2,244,47.220977,0.188247
[MO833] Iteration,0,244,47.226709,0.188255
[MO833] Iteration,3,244,47.224142,0.188170
[MO833] Iteration,1,244,47.229162,0.188201
[MO833] Iteration,0,245,47.415237,0.188528
[MO833] Iteration,2,245,47.409561,0.188584
[MO833] Iteration,1,245,47.417851,0.188689
[MO833] Iteration,3,245,47.412862,0.188720
[MO833] Iteration,2,246,47.597917,0.188356
[MO833] Iteration,0,246,47.603575,0.188338
[MO833] Iteration,3,246,47.600967,0.188105
[MO833] Iteration,1,246,47.606017,0.188166
[MO833] Iteration,2,247,47.786065,0.188148
[MO833] Iteration,0,247,47.791880,0.188305
[MO833] Iteration,3,247,47.789501,0.188534
[MO833] Iteration,1,247,47.794533,0.188516
[MO833] Iteration,2,248,47.974880,0.188815
[MO833] Iteration,0,248,47.980569,0.188689
[MO833] Iteration,3,248,47.978483,0.188982
[MO833] Iteration,1,248,47.983511,0.188978
[MO833] Iteration,2,249,48.167353,0.192473
[MO833] Iteration,0,249,48.172985,0.192416
[MO833] Iteration,3,249,48.171536,0.193053
[MO833] Iteration,1,249,48.176589,0.193078
[MO833] Iteration,0,250,48.366094,0.193109
 Time step  250
[MO833] Iteration,2,250,48.360413,0.193060
[MO833] Iteration,3,250,48.364416,0.192880
[MO833] Iteration,1,250,48.369428,0.192839
[MO833] PI avg,3,0.191171,251
[MO833] Beta,3,0.000274
[MO833] PI avg,2,0.191147,251
[MO833] Beta,2,0.000274

 Verification being performed for class B
 Accuracy setting for epsilon =  0.1000000000000E-07
 Comparison of RMS-norms of residual
[MO833] PI avg,1,0.191171,251
[MO833] Beta,1,0.000274
           1   0.3553267296998E+04 0.3553267296998E+04 0.4863242162582E-14
           2   0.2621475079531E+03 0.2621475079531E+03 0.7372476116054E-14
           3   0.8833372185095E+03 0.8833372185095E+03 0.1801821201181E-14
           4   0.7781277473943E+03 0.7781277473943E+03 0.2337648811056E-14
           5   0.7308796959255E+04 0.7308796959255E+04 0.8710685148189E-15
 Comparison of RMS-norms of solution error
           1   0.1140117638021E+03 0.1140117638021E+03 0.1371081339804E-14
           2   0.8109896365542E+01 0.8109896365542E+01 0.1577057050695E-13
           3   0.2848059731770E+02 0.2848059731770E+02 0.6736043367181E-14
           4   0.2590539456783E+02 0.2590539456783E+02 0.2194269564664E-14
           5   0.2605490750486E+03 0.2605490750486E+03 0.2618013616830E-14
 Comparison of surface integral
               0.4788716270331E+02 0.4788716270331E+02 0.8902712488886E-15
 Verification Successful


 LU Benchmark Completed.
 Class           =                        B
 Size            =            102x 102x 102
 Iterations      =                      250
 Time in seconds =                    47.85
 Total processes =                        4
 Active procs    =                        4
 Mop/s total     =                 10425.50
 Mop/s/process   =                  2606.38
 Operation type  =           floating point
 Verification    =               SUCCESSFUL
 Version         =                      3.4
 Compile date    =              15 Jun 2020

 Compile options:
    MPIFC        = mpif90
    FLINK        = $(MPIFC)
    FMPI_LIB     = (none)
    FMPI_INC     = (none)
    FFLAGS       = -O3
    FLINKFLAGS   = $(FFLAGS) -O ../kernel_stats/kernel_stats.o...
    RAND         = (none)


 Please send feedbacks and/or the results of this run to:

 NPB Development Team 
 Internet: npb@nas.nasa.gov


[MO833] PI avg,0,0.191147,251
[MO833] Beta,0,0.000283
[MO833] Total time,48.581818
