--------------------------------------------------------------------------
[[38893,1],0]: A high-performance Open MPI point-to-point messaging module
was unable to find any relevant network interfaces:

Module: OpenFabrics (openib)
  Host: node06

Another transport will be used instead, although this may result in
lower performance.

NOTE: You can disable this warning by setting the MCA parameter
btl_base_warn_component_unused to 0.
--------------------------------------------------------------------------


 NAS Parallel Benchmarks 3.4 -- SP Benchmark

 No input file inputsp.data. Using compiled defaults
 Size:  102x 102x 102  (class B)
 Iterations:  400    dt:   0.0010000
 Total number of processes:     4

[MO833] Init time,1,0.394320
[MO833] Init time,2,0.394303
[MO833] Init time,3,0.394319
[MO833] Init time,0,0.394303
 Time step    1
[MO833] Iteration,2,1,0.587838,0.193535
[MO833] Iteration,0,1,0.587996,0.193693
[MO833] Iteration,1,1,0.589462,0.195142
[MO833] Iteration,3,1,0.589587,0.195268
[MO833] Iteration,2,2,0.782674,0.194836
[MO833] Iteration,0,2,0.782930,0.194934
[MO833] Iteration,1,2,0.784366,0.194904
[MO833] Iteration,3,2,0.784503,0.194916
[MO833] Iteration,2,3,0.985708,0.203034
[MO833] Iteration,0,3,0.986042,0.203112
[MO833] Iteration,1,3,0.988795,0.204429
[MO833] Iteration,3,3,0.989131,0.204628
[MO833] Iteration,2,4,1.193926,0.208218
[MO833] Iteration,0,4,1.193964,0.207922
[MO833] Iteration,3,4,1.195572,0.206441
[MO833] Iteration,1,4,1.195575,0.206780
[MO833] Iteration,0,5,1.390635,0.196671
[MO833] Iteration,2,5,1.390608,0.196682
[MO833] Iteration,1,5,1.392230,0.196655
[MO833] Iteration,3,5,1.392280,0.196708
[MO833] Iteration,2,6,1.586887,0.196279
[MO833] Iteration,0,6,1.587017,0.196382
[MO833] Iteration,3,6,1.588630,0.196350
[MO833] Iteration,1,6,1.588585,0.196355
[MO833] Iteration,2,7,1.781998,0.195111
[MO833] Iteration,0,7,1.782232,0.195215
[MO833] Iteration,3,7,1.783776,0.195146
[MO833] Iteration,1,7,1.783670,0.195085
[MO833] Iteration,2,8,1.976553,0.194555
[MO833] Iteration,0,8,1.976793,0.194561
[MO833] Iteration,1,8,1.978200,0.194530
[MO833] Iteration,3,8,1.978348,0.194572
[MO833] Iteration,0,9,2.172036,0.195243
[MO833] Iteration,2,9,2.171971,0.195418
[MO833] Iteration,3,9,2.173631,0.195283
[MO833] Iteration,1,9,2.173577,0.195377
[MO833] Iteration,2,10,2.366588,0.194617
[MO833] Iteration,0,10,2.366862,0.194826
[MO833] Iteration,1,10,2.368225,0.194648
[MO833] Iteration,3,10,2.368423,0.194792
[MO833] Iteration,0,11,2.561728,0.194866
[MO833] Iteration,2,11,2.561649,0.195061
[MO833] Iteration,3,11,2.563257,0.194834
[MO833] Iteration,1,11,2.563192,0.194967
[MO833] Iteration,2,12,2.756163,0.194514
[MO833] Iteration,0,12,2.756454,0.194726
[MO833] Iteration,1,12,2.757832,0.194640
[MO833] Iteration,3,12,2.757979,0.194722
[MO833] Iteration,2,13,2.951095,0.194932
[MO833] Iteration,0,13,2.951240,0.194786
[MO833] Iteration,3,13,2.952855,0.194876
[MO833] Iteration,1,13,2.952756,0.194924
[MO833] Iteration,2,14,3.146359,0.195264
[MO833] Iteration,0,14,3.146553,0.195313
[MO833] Iteration,1,14,3.147963,0.195207
[MO833] Iteration,3,14,3.148095,0.195240
[MO833] Iteration,1,15,3.345203,0.197240
[MO833] Iteration,3,15,3.345296,0.197201
[MO833] Iteration,2,15,3.345403,0.199044
[MO833] Iteration,0,15,3.345495,0.198942
[MO833] Iteration,2,16,3.540269,0.194866
[MO833] Iteration,0,16,3.540411,0.194916
[MO833] Iteration,3,16,3.542017,0.196721
[MO833] Iteration,1,16,3.541968,0.196765
[MO833] Iteration,2,17,3.736759,0.196490
[MO833] Iteration,0,17,3.736836,0.196425
[MO833] Iteration,1,17,3.738409,0.196441
[MO833] Iteration,3,17,3.738427,0.196410
[MO833] Iteration,0,18,3.933157,0.196321
[MO833] Iteration,2,18,3.933104,0.196345
[MO833] Iteration,1,18,3.934675,0.196266
[MO833] Iteration,3,18,3.934770,0.196343
[MO833] Iteration,0,19,4.146694,0.213537
 Time step   20
[MO833] Iteration,2,19,4.146687,0.213583
[MO833] Iteration,1,19,4.149786,0.215111
[MO833] Iteration,3,19,4.149774,0.215004
[MO833] Iteration,2,20,4.347113,0.200426
[MO833] Iteration,0,20,4.347372,0.200678
[MO833] Iteration,1,20,4.348851,0.199065
[MO833] Iteration,3,20,4.348968,0.199194
[MO833] Iteration,2,21,4.542024,0.194911
[MO833] Iteration,0,21,4.542191,0.194819
[MO833] Iteration,1,21,4.543614,0.194763
[MO833] Iteration,3,21,4.543747,0.194779
[MO833] Iteration,1,22,4.739278,0.195664
[MO833] Iteration,3,22,4.739318,0.195571
[MO833] Iteration,0,22,4.741459,0.199268
[MO833] Iteration,2,22,4.741481,0.199457
[MO833] Iteration,2,23,4.934610,0.193129
[MO833] Iteration,0,23,4.934905,0.193446
[MO833] Iteration,1,23,4.936258,0.196980
[MO833] Iteration,3,23,4.936440,0.197122
[MO833] Iteration,2,24,5.129147,0.194537
[MO833] Iteration,0,24,5.129413,0.194508
[MO833] Iteration,1,24,5.130773,0.194515
[MO833] Iteration,3,24,5.130897,0.194457
[MO833] Iteration,2,25,5.323865,0.194718
[MO833] Iteration,0,25,5.324015,0.194602
[MO833] Iteration,1,25,5.325491,0.194718
[MO833] Iteration,3,25,5.325572,0.194675
[MO833] Iteration,2,26,5.518652,0.194787
[MO833] Iteration,0,26,5.518882,0.194867
[MO833] Iteration,1,26,5.520292,0.194801
[MO833] Iteration,3,26,5.520436,0.194864
[MO833] Iteration,2,27,5.713322,0.194670
[MO833] Iteration,0,27,5.713617,0.194735
[MO833] Iteration,1,27,5.714968,0.194676
[MO833] Iteration,3,27,5.715118,0.194682
[MO833] Iteration,2,28,5.908069,0.194747
[MO833] Iteration,0,28,5.908309,0.194692
[MO833] Iteration,1,28,5.909740,0.194772
[MO833] Iteration,3,28,5.909864,0.194746
[MO833] Iteration,2,29,6.103115,0.195046
[MO833] Iteration,0,29,6.103359,0.195050
[MO833] Iteration,1,29,6.104794,0.195054
[MO833] Iteration,3,29,6.104936,0.195072
[MO833] Iteration,2,30,6.297766,0.194651
[MO833] Iteration,0,30,6.297815,0.194456
[MO833] Iteration,1,30,6.299322,0.194528
[MO833] Iteration,3,30,6.299399,0.194463
[MO833] Iteration,1,31,6.496745,0.197423
[MO833] Iteration,3,31,6.496743,0.197344
[MO833] Iteration,0,31,6.498803,0.200988
[MO833] Iteration,2,31,6.498828,0.201062
[MO833] Iteration,2,32,6.692280,0.193452
[MO833] Iteration,0,32,6.692520,0.193717
[MO833] Iteration,1,32,6.693941,0.197196
[MO833] Iteration,3,32,6.694069,0.197326
[MO833] Iteration,0,33,6.887599,0.195079
[MO833] Iteration,2,33,6.887563,0.195283
[MO833] Iteration,1,33,6.889195,0.195254
[MO833] Iteration,3,33,6.889219,0.195150
[MO833] Iteration,2,34,7.082318,0.194755
[MO833] Iteration,0,34,7.082487,0.194888
[MO833] Iteration,3,34,7.084010,0.194791
[MO833] Iteration,1,34,7.083910,0.194715
[MO833] Iteration,2,35,7.278318,0.196000
[MO833] Iteration,0,35,7.278498,0.196011
[MO833] Iteration,1,35,7.279942,0.196032
[MO833] Iteration,3,35,7.280053,0.196043
[MO833] Iteration,2,36,7.473252,0.194934
[MO833] Iteration,0,36,7.473550,0.195052
[MO833] Iteration,1,36,7.474902,0.194960
[MO833] Iteration,3,36,7.475032,0.194979
[MO833] Iteration,2,37,7.667800,0.194548
[MO833] Iteration,0,37,7.668108,0.194558
[MO833] Iteration,1,37,7.669505,0.194603
[MO833] Iteration,3,37,7.669670,0.194638
[MO833] Iteration,2,38,7.862539,0.194739
[MO833] Iteration,0,38,7.862763,0.194655
[MO833] Iteration,1,38,7.864132,0.194627
[MO833] Iteration,3,38,7.864297,0.194627
[MO833] Iteration,2,39,8.070980,0.208441
[MO833] Iteration,0,39,8.071096,0.208333
 Time step   40
[MO833] Iteration,3,39,8.076202,0.211905
[MO833] Iteration,1,39,8.076162,0.212030
[MO833] Iteration,2,40,8.271926,0.200946
[MO833] Iteration,0,40,8.272189,0.201093
[MO833] Iteration,1,40,8.273586,0.197424
[MO833] Iteration,3,40,8.273728,0.197526
[MO833] Iteration,1,41,8.465493,0.191907
[MO833] Iteration,3,41,8.470820,0.197092
[MO833] Iteration,2,41,8.473037,0.201111
[MO833] Iteration,0,41,8.476588,0.204399
[MO833] Iteration,2,42,8.668216,0.195179
[MO833] Iteration,0,42,8.668347,0.191759
[MO833] Iteration,3,42,8.669894,0.199074
[MO833] Iteration,1,42,8.669863,0.204370
[MO833] Iteration,2,43,8.863116,0.194900
[MO833] Iteration,0,43,8.863290,0.194943
[MO833] Iteration,3,43,8.864880,0.194986
[MO833] Iteration,1,43,8.864764,0.194901
[MO833] Iteration,2,44,9.058195,0.195079
[MO833] Iteration,0,44,9.058309,0.195019
[MO833] Iteration,1,44,9.059781,0.195017
[MO833] Iteration,3,44,9.059882,0.195002
[MO833] Iteration,2,45,9.253112,0.194917
[MO833] Iteration,0,45,9.253369,0.195060
[MO833] Iteration,1,45,9.254734,0.194953
[MO833] Iteration,3,45,9.254908,0.195026
[MO833] Iteration,2,46,9.448094,0.194982
[MO833] Iteration,0,46,9.448255,0.194886
[MO833] Iteration,3,46,9.449826,0.194918
[MO833] Iteration,1,46,9.449736,0.195002
[MO833] Iteration,2,47,9.642865,0.194771
[MO833] Iteration,0,47,9.643105,0.194850
[MO833] Iteration,1,47,9.644513,0.194777
[MO833] Iteration,3,47,9.644672,0.194846
[MO833] Iteration,2,48,9.837478,0.194613
[MO833] Iteration,0,48,9.837528,0.194423
[MO833] Iteration,3,48,9.839134,0.194462
[MO833] Iteration,1,48,9.839049,0.194536
[MO833] Iteration,0,49,10.032375,0.194847
[MO833] Iteration,2,49,10.032230,0.194752
[MO833] Iteration,1,49,10.033828,0.194779
[MO833] Iteration,3,49,10.033953,0.194819
[MO833] Iteration,2,50,10.226919,0.194689
[MO833] Iteration,0,50,10.227166,0.194791
[MO833] Iteration,1,50,10.228602,0.194774
[MO833] Iteration,3,50,10.228761,0.194808
[MO833] Iteration,2,51,10.421833,0.194914
[MO833] Iteration,0,51,10.422026,0.194860
[MO833] Iteration,1,51,10.423447,0.194845
[MO833] Iteration,3,51,10.423558,0.194797
[MO833] Iteration,2,52,10.616508,0.194675
[MO833] Iteration,0,52,10.616822,0.194796
[MO833] Iteration,1,52,10.618140,0.194693
[MO833] Iteration,3,52,10.618353,0.194795
[MO833] Iteration,2,53,10.811866,0.195358
[MO833] Iteration,0,53,10.811982,0.195160
[MO833] Iteration,3,53,10.813578,0.195225
[MO833] Iteration,1,53,10.813493,0.195353
[MO833] Iteration,1,54,11.007515,0.194022
[MO833] Iteration,3,54,11.007676,0.194098
[MO833] Iteration,2,54,11.010190,0.198324
[MO833] Iteration,0,54,11.010286,0.198304
[MO833] Iteration,2,55,11.203392,0.193202
[MO833] Iteration,0,55,11.203682,0.193396
[MO833] Iteration,1,55,11.205115,0.197600
[MO833] Iteration,3,55,11.205272,0.197596
[MO833] Iteration,2,56,11.398514,0.195122
[MO833] Iteration,0,56,11.398627,0.194945
[MO833] Iteration,3,56,11.400152,0.194880
[MO833] Iteration,1,56,11.400086,0.194971
[MO833] Iteration,2,57,11.593228,0.194714
[MO833] Iteration,0,57,11.593386,0.194759
[MO833] Iteration,1,57,11.594860,0.194774
[MO833] Iteration,3,57,11.594932,0.194780
[MO833] Iteration,2,58,11.788102,0.194874
[MO833] Iteration,0,58,11.788177,0.194791
[MO833] Iteration,3,58,11.789817,0.194885
[MO833] Iteration,1,58,11.789764,0.194904
[MO833] Iteration,2,59,11.982834,0.194732
[MO833] Iteration,0,59,11.983111,0.194934
 Time step   60
[MO833] Iteration,1,59,11.984510,0.194746
[MO833] Iteration,3,59,11.984626,0.194809
[MO833] Iteration,2,60,12.177662,0.194828
[MO833] Iteration,0,60,12.177877,0.194766
[MO833] Iteration,1,60,12.179280,0.194770
[MO833] Iteration,3,60,12.179420,0.194794
[MO833] Iteration,2,61,12.372713,0.195051
[MO833] Iteration,0,61,12.372817,0.194940
[MO833] Iteration,1,61,12.374306,0.195026
[MO833] Iteration,3,61,12.374388,0.194968
[MO833] Iteration,2,62,12.567704,0.194991
[MO833] Iteration,0,62,12.567919,0.195102
[MO833] Iteration,1,62,12.569357,0.195051
[MO833] Iteration,3,62,12.569487,0.195099
[MO833] Iteration,2,63,12.762496,0.194792
[MO833] Iteration,0,63,12.762585,0.194666
[MO833] Iteration,3,63,12.764182,0.194695
[MO833] Iteration,1,63,12.764120,0.194763
[MO833] Iteration,2,64,12.957024,0.194528
[MO833] Iteration,0,64,12.957248,0.194663
[MO833] Iteration,1,64,12.958639,0.194519
[MO833] Iteration,3,64,12.958761,0.194579
[MO833] Iteration,2,65,13.151425,0.194401
[MO833] Iteration,0,65,13.151723,0.194475
[MO833] Iteration,1,65,13.153111,0.194472
[MO833] Iteration,3,65,13.153267,0.194506
[MO833] Iteration,2,66,13.346184,0.194759
[MO833] Iteration,0,66,13.346498,0.194775
[MO833] Iteration,1,66,13.347820,0.194709
[MO833] Iteration,3,66,13.348004,0.194737
[MO833] Iteration,2,67,13.541094,0.194910
[MO833] Iteration,0,67,13.541246,0.194748
[MO833] Iteration,1,67,13.542735,0.194915
[MO833] Iteration,3,67,13.542842,0.194838
[MO833] Iteration,2,68,13.735676,0.194582
[MO833] Iteration,0,68,13.735787,0.194541
[MO833] Iteration,3,68,13.737412,0.194570
[MO833] Iteration,1,68,13.737327,0.194592
[MO833] Iteration,2,69,13.930193,0.194517
[MO833] Iteration,0,69,13.930443,0.194656
[MO833] Iteration,1,69,13.931837,0.194510
[MO833] Iteration,3,69,13.931957,0.194545
[MO833] Iteration,2,70,14.130380,0.200187
[MO833] Iteration,0,70,14.130376,0.199933
[MO833] Iteration,3,70,14.131976,0.200019
[MO833] Iteration,1,70,14.131995,0.200158
[MO833] Iteration,0,71,14.326613,0.196237
[MO833] Iteration,2,71,14.326563,0.196183
[MO833] Iteration,1,71,14.328216,0.196221
[MO833] Iteration,3,71,14.328267,0.196291
[MO833] Iteration,2,72,14.523144,0.196581
[MO833] Iteration,0,72,14.523223,0.196610
[MO833] Iteration,3,72,14.524842,0.196575
[MO833] Iteration,1,72,14.524838,0.196622
[MO833] Iteration,0,73,14.717822,0.194599
[MO833] Iteration,2,73,14.717717,0.194573
[MO833] Iteration,1,73,14.719307,0.194469
[MO833] Iteration,3,73,14.719406,0.194564
[MO833] Iteration,2,74,14.912603,0.194886
[MO833] Iteration,0,74,14.912674,0.194852
[MO833] Iteration,3,74,14.914281,0.194875
[MO833] Iteration,1,74,14.914179,0.194872
[MO833] Iteration,0,75,15.107450,0.194776
[MO833] Iteration,2,75,15.107396,0.194793
[MO833] Iteration,1,75,15.109034,0.194855
[MO833] Iteration,3,75,15.109108,0.194827
[MO833] Iteration,2,76,15.302089,0.194693
[MO833] Iteration,0,76,15.302215,0.194765
[MO833] Iteration,3,76,15.303759,0.194651
[MO833] Iteration,1,76,15.303687,0.194653
[MO833] Iteration,2,77,15.497045,0.194956
[MO833] Iteration,0,77,15.497373,0.195158
[MO833] Iteration,1,77,15.498716,0.195029
[MO833] Iteration,3,77,15.498831,0.195072
[MO833] Iteration,2,78,15.691716,0.194671
[MO833] Iteration,0,78,15.691901,0.194528
[MO833] Iteration,1,78,15.693387,0.194671
[MO833] Iteration,3,78,15.693511,0.194680
[MO833] Iteration,2,79,15.886393,0.194677
[MO833] Iteration,0,79,15.886481,0.194580
 Time step   80
[MO833] Iteration,1,79,15.888027,0.194640
[MO833] Iteration,3,79,15.888139,0.194628
[MO833] Iteration,0,80,16.097156,0.210675
[MO833] Iteration,2,80,16.097140,0.210747
[MO833] Iteration,3,80,16.102182,0.214043
[MO833] Iteration,1,80,16.102334,0.214307
[MO833] Iteration,2,81,16.298013,0.200873
[MO833] Iteration,0,81,16.298236,0.201080
[MO833] Iteration,1,81,16.299629,0.197295
[MO833] Iteration,3,81,16.299768,0.197586
[MO833] Iteration,2,82,16.492997,0.194984
[MO833] Iteration,0,82,16.493159,0.194923
[MO833] Iteration,1,82,16.494591,0.194962
[MO833] Iteration,3,82,16.494734,0.194966
[MO833] Iteration,2,83,16.687765,0.194768
[MO833] Iteration,0,83,16.688086,0.194927
[MO833] Iteration,1,83,16.689436,0.194845
[MO833] Iteration,3,83,16.689602,0.194868
[MO833] Iteration,2,84,16.882596,0.194831
[MO833] Iteration,0,84,16.882790,0.194704
[MO833] Iteration,1,84,16.884221,0.194785
[MO833] Iteration,3,84,16.884307,0.194705
[MO833] Iteration,2,85,17.077151,0.194555
[MO833] Iteration,0,85,17.077321,0.194531
[MO833] Iteration,1,85,17.078782,0.194561
[MO833] Iteration,3,85,17.078843,0.194536
[MO833] Iteration,2,86,17.271672,0.194521
[MO833] Iteration,0,86,17.271808,0.194487
[MO833] Iteration,3,86,17.273402,0.194559
[MO833] Iteration,1,86,17.273336,0.194554
[MO833] Iteration,2,87,17.466424,0.194752
[MO833] Iteration,0,87,17.466593,0.194785
[MO833] Iteration,1,87,17.468037,0.194701
[MO833] Iteration,3,87,17.468150,0.194748
[MO833] Iteration,1,88,17.664660,0.196623
[MO833] Iteration,3,88,17.664675,0.196525
[MO833] Iteration,2,88,17.666812,0.200388
[MO833] Iteration,0,88,17.666795,0.200202
[MO833] Iteration,2,89,17.859860,0.193048
[MO833] Iteration,0,89,17.860113,0.193318
[MO833] Iteration,1,89,17.861539,0.196879
[MO833] Iteration,3,89,17.861693,0.197018
[MO833] Iteration,2,90,18.054557,0.194697
[MO833] Iteration,0,90,18.054837,0.194724
[MO833] Iteration,1,90,18.056189,0.194650
[MO833] Iteration,3,90,18.056304,0.194611
[MO833] Iteration,0,91,18.249583,0.194746
[MO833] Iteration,2,91,18.249553,0.194996
[MO833] Iteration,3,91,18.251174,0.194870
[MO833] Iteration,1,91,18.251115,0.194926
[MO833] Iteration,2,92,18.444199,0.194646
[MO833] Iteration,0,92,18.444357,0.194774
[MO833] Iteration,1,92,18.445838,0.194723
[MO833] Iteration,3,92,18.445962,0.194788
[MO833] Iteration,0,93,18.639805,0.195448
[MO833] Iteration,2,93,18.639702,0.195503
[MO833] Iteration,3,93,18.641406,0.195444
[MO833] Iteration,1,93,18.641330,0.195492
[MO833] Iteration,2,94,18.834348,0.194646
[MO833] Iteration,0,94,18.834538,0.194733
[MO833] Iteration,1,94,18.835984,0.194654
[MO833] Iteration,3,94,18.836096,0.194690
[MO833] Iteration,0,95,19.029957,0.195419
[MO833] Iteration,2,95,19.029853,0.195505
[MO833] Iteration,1,95,19.031408,0.195424
[MO833] Iteration,3,95,19.031526,0.195430
[MO833] Iteration,2,96,19.224520,0.194667
[MO833] Iteration,0,96,19.224719,0.194762
[MO833] Iteration,1,96,19.226139,0.194731
[MO833] Iteration,3,96,19.226256,0.194730
[MO833] Iteration,2,97,19.419320,0.194800
[MO833] Iteration,0,97,19.419586,0.194867
[MO833] Iteration,1,97,19.421017,0.194878
[MO833] Iteration,3,97,19.421147,0.194891
[MO833] Iteration,2,98,19.614090,0.194770
[MO833] Iteration,0,98,19.614108,0.194522
[MO833] Iteration,3,98,19.615670,0.194523
[MO833] Iteration,1,98,19.615659,0.194642
[MO833] Iteration,2,99,19.809207,0.195117
[MO833] Iteration,0,99,19.809376,0.195268
 Time step  100
[MO833] Iteration,1,99,19.810808,0.195149
[MO833] Iteration,3,99,19.810947,0.195277
[MO833] Iteration,2,100,20.003780,0.194573
[MO833] Iteration,0,100,20.004095,0.194719
[MO833] Iteration,1,100,20.005469,0.194661
[MO833] Iteration,3,100,20.005645,0.194698
[MO833] Iteration,2,101,20.198572,0.194792
[MO833] Iteration,0,101,20.198863,0.194768
[MO833] Iteration,1,101,20.200199,0.194730
[MO833] Iteration,3,101,20.200403,0.194758
[MO833] Iteration,0,102,20.393409,0.194546
[MO833] Iteration,2,102,20.393285,0.194713
[MO833] Iteration,3,102,20.394952,0.194549
[MO833] Iteration,1,102,20.394877,0.194678
[MO833] Iteration,2,103,20.587883,0.194598
[MO833] Iteration,0,103,20.588137,0.194728
[MO833] Iteration,1,103,20.589589,0.194712
[MO833] Iteration,3,103,20.589739,0.194787
[MO833] Iteration,2,104,20.784983,0.197100
[MO833] Iteration,0,104,20.785488,0.197351
[MO833] Iteration,1,104,20.786697,0.197108
[MO833] Iteration,3,104,20.786993,0.197254
[MO833] Iteration,2,105,20.980876,0.195893
[MO833] Iteration,0,105,20.981259,0.195771
[MO833] Iteration,1,105,20.982550,0.195853
[MO833] Iteration,3,105,20.982740,0.195747
[MO833] Iteration,2,106,21.175575,0.194699
[MO833] Iteration,0,106,21.175891,0.194632
[MO833] Iteration,1,106,21.177254,0.194704
[MO833] Iteration,3,106,21.177451,0.194711
[MO833] Iteration,0,107,21.371262,0.195371
[MO833] Iteration,2,107,21.371139,0.195564
[MO833] Iteration,1,107,21.372747,0.195493
[MO833] Iteration,3,107,21.372848,0.195397
[MO833] Iteration,2,108,21.565588,0.194449
[MO833] Iteration,0,108,21.565712,0.194450
[MO833] Iteration,1,108,21.567180,0.194433
[MO833] Iteration,3,108,21.567271,0.194423
[MO833] Iteration,0,109,21.760266,0.194554
[MO833] Iteration,2,109,21.760096,0.194508
[MO833] Iteration,1,109,21.761738,0.194558
[MO833] Iteration,3,109,21.761870,0.194599
[MO833] Iteration,1,110,21.957199,0.195461
[MO833] Iteration,3,110,21.957324,0.195454
[MO833] Iteration,2,110,21.959279,0.199183
[MO833] Iteration,0,110,21.959427,0.199161
[MO833] Iteration,2,111,22.151931,0.192652
[MO833] Iteration,0,111,22.152291,0.192864
[MO833] Iteration,1,111,22.153656,0.196457
[MO833] Iteration,3,111,22.153824,0.196500
[MO833] Iteration,2,112,22.346196,0.194265
[MO833] Iteration,0,112,22.346468,0.194177
[MO833] Iteration,1,112,22.347843,0.194187
[MO833] Iteration,3,112,22.347998,0.194174
[MO833] Iteration,2,113,22.540706,0.194510
[MO833] Iteration,0,113,22.540909,0.194441
[MO833] Iteration,1,113,22.542295,0.194452
[MO833] Iteration,3,113,22.542436,0.194438
[MO833] Iteration,2,114,22.735574,0.194868
[MO833] Iteration,0,114,22.735710,0.194801
[MO833] Iteration,1,114,22.737264,0.194969
[MO833] Iteration,3,114,22.737356,0.194920
[MO833] Iteration,2,115,22.930023,0.194449
[MO833] Iteration,0,115,22.930278,0.194568
[MO833] Iteration,1,115,22.931698,0.194434
[MO833] Iteration,3,115,22.931834,0.194478
[MO833] Iteration,2,116,23.124735,0.194712
[MO833] Iteration,0,116,23.124929,0.194651
[MO833] Iteration,1,116,23.126360,0.194662
[MO833] Iteration,3,116,23.126484,0.194650
[MO833] Iteration,2,117,23.319029,0.194294
[MO833] Iteration,0,117,23.319336,0.194407
[MO833] Iteration,1,117,23.320764,0.194404
[MO833] Iteration,3,117,23.320941,0.194457
[MO833] Iteration,2,118,23.513622,0.194593
[MO833] Iteration,0,118,23.513946,0.194610
[MO833] Iteration,1,118,23.515293,0.194529
[MO833] Iteration,3,118,23.515463,0.194522
[MO833] Iteration,2,119,23.708348,0.194726
[MO833] Iteration,0,119,23.708490,0.194544
 Time step  120
[MO833] Iteration,3,119,23.710049,0.194586
[MO833] Iteration,1,119,23.710027,0.194734
[MO833] Iteration,2,120,23.902770,0.194422
[MO833] Iteration,0,120,23.903032,0.194542
[MO833] Iteration,1,120,23.904433,0.194406
[MO833] Iteration,3,120,23.904641,0.194592
[MO833] Iteration,2,121,24.097412,0.194642
[MO833] Iteration,0,121,24.097556,0.194524
[MO833] Iteration,3,121,24.099109,0.194468
[MO833] Iteration,1,121,24.099008,0.194575
[MO833] Iteration,2,122,24.291710,0.194298
[MO833] Iteration,0,122,24.291934,0.194378
[MO833] Iteration,1,122,24.293394,0.194386
[MO833] Iteration,3,122,24.293504,0.194395
[MO833] Iteration,2,123,24.486071,0.194361
[MO833] Iteration,0,123,24.486222,0.194288
[MO833] Iteration,3,123,24.487780,0.194276
[MO833] Iteration,1,123,24.487674,0.194280
[MO833] Iteration,2,124,24.680467,0.194396
[MO833] Iteration,0,124,24.680662,0.194440
[MO833] Iteration,1,124,24.682078,0.194404
[MO833] Iteration,3,124,24.682192,0.194412
[MO833] Iteration,2,125,24.874760,0.194293
[MO833] Iteration,0,125,24.875093,0.194431
[MO833] Iteration,1,125,24.876455,0.194377
[MO833] Iteration,3,125,24.876594,0.194402
[MO833] Iteration,2,126,25.069407,0.194647
[MO833] Iteration,0,126,25.069720,0.194627
[MO833] Iteration,1,126,25.071052,0.194597
[MO833] Iteration,3,126,25.071214,0.194620
[MO833] Iteration,2,127,25.264140,0.194733
[MO833] Iteration,0,127,25.264513,0.194793
[MO833] Iteration,1,127,25.265835,0.194783
[MO833] Iteration,3,127,25.266048,0.194834
[MO833] Iteration,2,128,25.458443,0.194303
[MO833] Iteration,0,128,25.458670,0.194157
[MO833] Iteration,1,128,25.460092,0.194257
[MO833] Iteration,3,128,25.460205,0.194157
[MO833] Iteration,2,129,25.652502,0.194059
[MO833] Iteration,0,129,25.652878,0.194208
[MO833] Iteration,1,129,25.654178,0.194086
[MO833] Iteration,3,129,25.654381,0.194176
[MO833] Iteration,2,130,25.846943,0.194441
[MO833] Iteration,0,130,25.847372,0.194494
[MO833] Iteration,1,130,25.848669,0.194491
[MO833] Iteration,3,130,25.848963,0.194582
[MO833] Iteration,2,131,26.041858,0.194915
[MO833] Iteration,0,131,26.041910,0.194538
[MO833] Iteration,3,131,26.043522,0.194559
[MO833] Iteration,1,131,26.043430,0.194761
[MO833] Iteration,0,132,26.236103,0.194193
[MO833] Iteration,2,132,26.235987,0.194129
[MO833] Iteration,1,132,26.237618,0.194188
[MO833] Iteration,3,132,26.237733,0.194211
[MO833] Iteration,2,133,26.430274,0.194287
[MO833] Iteration,0,133,26.430526,0.194423
[MO833] Iteration,1,133,26.431917,0.194299
[MO833] Iteration,3,133,26.432047,0.194314
[MO833] Iteration,2,134,26.624550,0.194276
[MO833] Iteration,0,134,26.624737,0.194211
[MO833] Iteration,1,134,26.626141,0.194224
[MO833] Iteration,3,134,26.626267,0.194220
[MO833] Iteration,2,135,26.819011,0.194461
[MO833] Iteration,0,135,26.819214,0.194477
[MO833] Iteration,1,135,26.820640,0.194499
[MO833] Iteration,3,135,26.820738,0.194471
[MO833] Iteration,2,136,27.013224,0.194213
[MO833] Iteration,0,136,27.013524,0.194310
[MO833] Iteration,1,136,27.014864,0.194224
[MO833] Iteration,3,136,27.014998,0.194260
[MO833] Iteration,2,137,27.212464,0.199240
[MO833] Iteration,0,137,27.212713,0.199189
[MO833] Iteration,1,137,27.214109,0.199245
[MO833] Iteration,3,137,27.214260,0.199262
[MO833] Iteration,2,138,27.407222,0.194758
[MO833] Iteration,0,138,27.407474,0.194761
[MO833] Iteration,1,138,27.408915,0.194806
[MO833] Iteration,3,138,27.409043,0.194783
[MO833] Iteration,2,139,27.601725,0.194503
[MO833] Iteration,0,139,27.601999,0.194525
 Time step  140
[MO833] Iteration,1,139,27.603365,0.194450
[MO833] Iteration,3,139,27.603542,0.194499
[MO833] Iteration,2,140,27.796146,0.194421
[MO833] Iteration,0,140,27.796263,0.194264
[MO833] Iteration,1,140,27.797776,0.194411
[MO833] Iteration,3,140,27.797849,0.194307
[MO833] Iteration,2,141,27.990651,0.194505
[MO833] Iteration,0,141,27.990854,0.194591
[MO833] Iteration,1,141,27.992257,0.194481
[MO833] Iteration,3,141,27.992405,0.194556
[MO833] Iteration,2,142,28.184604,0.193953
[MO833] Iteration,0,142,28.184873,0.194019
[MO833] Iteration,1,142,28.186302,0.194045
[MO833] Iteration,3,142,28.186411,0.194006
[MO833] Iteration,2,143,28.379081,0.194477
[MO833] Iteration,0,143,28.379512,0.194639
[MO833] Iteration,1,143,28.380822,0.194520
[MO833] Iteration,3,143,28.381034,0.194623
[MO833] Iteration,2,144,28.573912,0.194831
[MO833] Iteration,0,144,28.574153,0.194641
[MO833] Iteration,1,144,28.575552,0.194730
[MO833] Iteration,3,144,28.575666,0.194632
[MO833] Iteration,2,145,28.768490,0.194578
[MO833] Iteration,0,145,28.768760,0.194607
[MO833] Iteration,1,145,28.770171,0.194619
[MO833] Iteration,3,145,28.770303,0.194637
[MO833] Iteration,2,146,28.962680,0.194190
[MO833] Iteration,0,146,28.962928,0.194168
[MO833] Iteration,1,146,28.964286,0.194115
[MO833] Iteration,3,146,28.964480,0.194177
[MO833] Iteration,2,147,29.157286,0.194606
[MO833] Iteration,0,147,29.157540,0.194612
[MO833] Iteration,1,147,29.158886,0.194600
[MO833] Iteration,3,147,29.159056,0.194576
[MO833] Iteration,2,148,29.351621,0.194335
[MO833] Iteration,0,148,29.351704,0.194164
[MO833] Iteration,3,148,29.353329,0.194273
[MO833] Iteration,1,148,29.353252,0.194366
[MO833] Iteration,2,149,29.545976,0.194355
[MO833] Iteration,0,149,29.546275,0.194571
[MO833] Iteration,1,149,29.547613,0.194361
[MO833] Iteration,3,149,29.547784,0.194455
[MO833] Iteration,2,150,29.740717,0.194741
[MO833] Iteration,0,150,29.740835,0.194560
[MO833] Iteration,1,150,29.742303,0.194690
[MO833] Iteration,3,150,29.742419,0.194635
[MO833] Iteration,2,151,29.934842,0.194125
[MO833] Iteration,0,151,29.935267,0.194432
[MO833] Iteration,1,151,29.936591,0.194288
[MO833] Iteration,3,151,29.936793,0.194374
[MO833] Iteration,0,152,30.129650,0.194383
[MO833] Iteration,2,152,30.129584,0.194742
[MO833] Iteration,3,152,30.131205,0.194412
[MO833] Iteration,1,152,30.131187,0.194596
[MO833] Iteration,2,153,30.323865,0.194281
[MO833] Iteration,0,153,30.324005,0.194355
[MO833] Iteration,1,153,30.325484,0.194297
[MO833] Iteration,3,153,30.325598,0.194393
[MO833] Iteration,0,154,30.518428,0.194423
[MO833] Iteration,2,154,30.518283,0.194418
[MO833] Iteration,3,154,30.519984,0.194386
[MO833] Iteration,1,154,30.519914,0.194430
[MO833] Iteration,2,155,30.712431,0.194148
[MO833] Iteration,0,155,30.712612,0.194184
[MO833] Iteration,1,155,30.714059,0.194145
[MO833] Iteration,3,155,30.714188,0.194204
[MO833] Iteration,0,156,30.907236,0.194624
[MO833] Iteration,2,156,30.907070,0.194639
[MO833] Iteration,3,156,30.908778,0.194590
[MO833] Iteration,1,156,30.908744,0.194685
[MO833] Iteration,2,157,31.101221,0.194151
[MO833] Iteration,0,157,31.101430,0.194194
[MO833] Iteration,1,157,31.102814,0.194070
[MO833] Iteration,3,157,31.102907,0.194129
[MO833] Iteration,0,158,31.296186,0.194756
[MO833] Iteration,2,158,31.296159,0.194938
[MO833] Iteration,3,158,31.297804,0.194897
[MO833] Iteration,1,158,31.297768,0.194954
[MO833] Iteration,2,159,31.490512,0.194353
[MO833] Iteration,0,159,31.490864,0.194678
 Time step  160
[MO833] Iteration,1,159,31.492134,0.194366
[MO833] Iteration,3,159,31.492401,0.194597
[MO833] Iteration,2,160,31.685182,0.194670
[MO833] Iteration,0,160,31.685449,0.194585
[MO833] Iteration,1,160,31.686846,0.194712
[MO833] Iteration,3,160,31.686939,0.194538
[MO833] Iteration,2,161,31.879541,0.194359
[MO833] Iteration,0,161,31.879813,0.194364
[MO833] Iteration,1,161,31.881207,0.194361
[MO833] Iteration,3,161,31.881353,0.194414
[MO833] Iteration,2,162,32.088786,0.209245
[MO833] Iteration,0,162,32.088818,0.209005
[MO833] Iteration,1,162,32.093919,0.212712
[MO833] Iteration,3,162,32.093943,0.212590
[MO833] Iteration,0,163,32.290015,0.201197
[MO833] Iteration,2,163,32.289958,0.201172
[MO833] Iteration,3,163,32.291590,0.197647
[MO833] Iteration,1,163,32.291551,0.197632
[MO833] Iteration,2,164,32.483838,0.193880
[MO833] Iteration,0,164,32.484181,0.194166
[MO833] Iteration,1,164,32.485550,0.193999
[MO833] Iteration,3,164,32.485731,0.194141
[MO833] Iteration,2,165,32.678434,0.194596
[MO833] Iteration,0,165,32.678747,0.194566
[MO833] Iteration,1,165,32.680070,0.194520
[MO833] Iteration,3,165,32.680258,0.194527
[MO833] Iteration,2,166,32.873173,0.194739
[MO833] Iteration,0,166,32.873373,0.194626
[MO833] Iteration,3,166,32.874886,0.194628
[MO833] Iteration,1,166,32.874791,0.194721
[MO833] Iteration,2,167,33.067918,0.194745
[MO833] Iteration,0,167,33.068118,0.194745
[MO833] Iteration,1,167,33.069570,0.194779
[MO833] Iteration,3,167,33.069706,0.194820
[MO833] Iteration,1,168,33.266458,0.196888
[MO833] Iteration,3,168,33.266625,0.196919
[MO833] Iteration,2,168,33.271851,0.203933
[MO833] Iteration,0,168,33.271962,0.203844
[MO833] Iteration,2,169,33.463981,0.192130
[MO833] Iteration,0,169,33.464275,0.192313
[MO833] Iteration,1,169,33.465641,0.199183
[MO833] Iteration,3,169,33.465819,0.199194
[MO833] Iteration,2,170,33.658724,0.194743
[MO833] Iteration,0,170,33.658856,0.194581
[MO833] Iteration,1,170,33.660365,0.194724
[MO833] Iteration,3,170,33.660432,0.194613
[MO833] Iteration,0,171,33.853288,0.194432
[MO833] Iteration,2,171,33.853206,0.194482
[MO833] Iteration,3,171,33.854867,0.194435
[MO833] Iteration,1,171,33.854801,0.194436
[MO833] Iteration,2,172,34.047623,0.194417
[MO833] Iteration,0,172,34.047718,0.194430
[MO833] Iteration,1,172,34.049258,0.194457
[MO833] Iteration,3,172,34.049345,0.194478
[MO833] Iteration,2,173,34.242167,0.194544
[MO833] Iteration,0,173,34.242407,0.194689
[MO833] Iteration,1,173,34.243802,0.194544
[MO833] Iteration,3,173,34.243928,0.194583
[MO833] Iteration,2,174,34.436592,0.194425
[MO833] Iteration,0,174,34.436881,0.194474
[MO833] Iteration,1,174,34.438256,0.194454
[MO833] Iteration,3,174,34.438395,0.194467
[MO833] Iteration,2,175,34.630703,0.194111
[MO833] Iteration,0,175,34.631047,0.194166
[MO833] Iteration,1,175,34.632399,0.194143
[MO833] Iteration,3,175,34.632593,0.194198
[MO833] Iteration,2,176,34.825299,0.194596
[MO833] Iteration,0,176,34.825599,0.194552
[MO833] Iteration,1,176,34.826948,0.194549
[MO833] Iteration,3,176,34.827062,0.194469
[MO833] Iteration,2,177,35.019716,0.194417
[MO833] Iteration,0,177,35.019934,0.194335
[MO833] Iteration,1,177,35.021406,0.194458
[MO833] Iteration,3,177,35.021535,0.194473
[MO833] Iteration,2,178,35.214219,0.194503
[MO833] Iteration,0,178,35.214481,0.194547
[MO833] Iteration,1,178,35.215837,0.194431
[MO833] Iteration,3,178,35.216002,0.194467
[MO833] Iteration,2,179,35.408949,0.194730
[MO833] Iteration,0,179,35.409152,0.194671
 Time step  180
[MO833] Iteration,1,179,35.410556,0.194719
[MO833] Iteration,3,179,35.410723,0.194721
[MO833] Iteration,2,180,35.603339,0.194390
[MO833] Iteration,0,180,35.603447,0.194295
[MO833] Iteration,3,180,35.605062,0.194339
[MO833] Iteration,1,180,35.604995,0.194439
[MO833] Iteration,2,181,35.797556,0.194217
[MO833] Iteration,0,181,35.797693,0.194246
[MO833] Iteration,1,181,35.799143,0.194148
[MO833] Iteration,3,181,35.799235,0.194173
[MO833] Iteration,2,182,35.991874,0.194318
[MO833] Iteration,0,182,35.992296,0.194603
[MO833] Iteration,1,182,35.993597,0.194454
[MO833] Iteration,3,182,35.993786,0.194551
[MO833] Iteration,2,183,36.186803,0.194929
[MO833] Iteration,0,183,36.187005,0.194709
[MO833] Iteration,1,183,36.188457,0.194860
[MO833] Iteration,3,183,36.188567,0.194781
[MO833] Iteration,2,184,36.381114,0.194311
[MO833] Iteration,0,184,36.381338,0.194333
[MO833] Iteration,1,184,36.382724,0.194267
[MO833] Iteration,3,184,36.382834,0.194267
[MO833] Iteration,2,185,36.575163,0.194049
[MO833] Iteration,0,185,36.575513,0.194175
[MO833] Iteration,1,185,36.576874,0.194150
[MO833] Iteration,3,185,36.577012,0.194178
[MO833] Iteration,2,186,36.769513,0.194350
[MO833] Iteration,0,186,36.769779,0.194266
[MO833] Iteration,1,186,36.771181,0.194307
[MO833] Iteration,3,186,36.771291,0.194279
[MO833] Iteration,2,187,36.964094,0.194581
[MO833] Iteration,0,187,36.964338,0.194559
[MO833] Iteration,1,187,36.965748,0.194567
[MO833] Iteration,3,187,36.965861,0.194570
[MO833] Iteration,2,188,37.158640,0.194546
[MO833] Iteration,0,188,37.159073,0.194735
[MO833] Iteration,1,188,37.160372,0.194624
[MO833] Iteration,3,188,37.160556,0.194695
[MO833] Iteration,2,189,37.352957,0.194317
[MO833] Iteration,0,189,37.353332,0.194259
[MO833] Iteration,1,189,37.354619,0.194247
[MO833] Iteration,3,189,37.354852,0.194296
[MO833] Iteration,2,190,37.547283,0.194326
[MO833] Iteration,0,190,37.547435,0.194103
[MO833] Iteration,1,190,37.548953,0.194334
[MO833] Iteration,3,190,37.549038,0.194186
[MO833] Iteration,2,191,37.741818,0.194535
[MO833] Iteration,0,191,37.742028,0.194593
[MO833] Iteration,1,191,37.743442,0.194489
[MO833] Iteration,3,191,37.743587,0.194549
[MO833] Iteration,2,192,37.936433,0.194615
[MO833] Iteration,0,192,37.936576,0.194548
[MO833] Iteration,1,192,37.938027,0.194585
[MO833] Iteration,3,192,37.938175,0.194588
[MO833] Iteration,2,193,38.130744,0.194311
[MO833] Iteration,0,193,38.131129,0.194553
[MO833] Iteration,1,193,38.132470,0.194443
[MO833] Iteration,3,193,38.132736,0.194561
[MO833] Iteration,2,194,38.325397,0.194653
[MO833] Iteration,0,194,38.325522,0.194393
[MO833] Iteration,1,194,38.327007,0.194537
[MO833] Iteration,3,194,38.327122,0.194386
[MO833] Iteration,2,195,38.520074,0.194677
[MO833] Iteration,0,195,38.520230,0.194708
[MO833] Iteration,1,195,38.521716,0.194709
[MO833] Iteration,3,195,38.521803,0.194681
[MO833] Iteration,2,196,38.714516,0.194442
[MO833] Iteration,0,196,38.714776,0.194546
[MO833] Iteration,1,196,38.716142,0.194426
[MO833] Iteration,3,196,38.716313,0.194510
[MO833] Iteration,2,197,38.908674,0.194158
[MO833] Iteration,0,197,38.908981,0.194205
[MO833] Iteration,1,197,38.910317,0.194175
[MO833] Iteration,3,197,38.910502,0.194189
[MO833] Iteration,2,198,39.102807,0.194133
[MO833] Iteration,0,198,39.103249,0.194268
[MO833] Iteration,1,198,39.104509,0.194192
[MO833] Iteration,3,198,39.104768,0.194266
[MO833] Iteration,0,199,39.297849,0.194600
 Time step  200
[MO833] Iteration,2,199,39.297753,0.194946
[MO833] Iteration,1,199,39.299324,0.194815
[MO833] Iteration,3,199,39.299434,0.194666
[MO833] Iteration,2,200,39.491825,0.194072
[MO833] Iteration,0,200,39.492141,0.194292
[MO833] Iteration,1,200,39.493523,0.194199
[MO833] Iteration,3,200,39.493681,0.194247
[MO833] Iteration,2,201,39.686271,0.194446
[MO833] Iteration,0,201,39.686567,0.194426
[MO833] Iteration,1,201,39.687936,0.194413
[MO833] Iteration,3,201,39.688066,0.194385
[MO833] Iteration,2,202,39.880416,0.194145
[MO833] Iteration,0,202,39.880623,0.194056
[MO833] Iteration,1,202,39.882025,0.194089
[MO833] Iteration,3,202,39.882164,0.194098
[MO833] Iteration,2,203,40.074672,0.194256
[MO833] Iteration,0,203,40.075077,0.194454
[MO833] Iteration,1,203,40.076368,0.194343
[MO833] Iteration,3,203,40.076564,0.194400
[MO833] Iteration,2,204,40.269201,0.194529
[MO833] Iteration,0,204,40.269515,0.194438
[MO833] Iteration,1,204,40.270860,0.194492
[MO833] Iteration,3,204,40.271007,0.194443
[MO833] Iteration,2,205,40.463286,0.194085
[MO833] Iteration,0,205,40.463606,0.194091
[MO833] Iteration,1,205,40.464981,0.194121
[MO833] Iteration,3,205,40.465169,0.194162
[MO833] Iteration,2,206,40.657508,0.194222
[MO833] Iteration,0,206,40.657701,0.194095
[MO833] Iteration,1,206,40.659071,0.194090
[MO833] Iteration,3,206,40.659232,0.194063
[MO833] Iteration,1,207,40.855701,0.196630
[MO833] Iteration,3,207,40.855776,0.196544
[MO833] Iteration,2,207,40.855926,0.198418
[MO833] Iteration,0,207,40.856012,0.198311
[MO833] Iteration,2,208,41.049510,0.193584
[MO833] Iteration,0,208,41.049588,0.193576
[MO833] Iteration,1,208,41.051124,0.195423
[MO833] Iteration,3,208,41.051193,0.195417
[MO833] Iteration,2,209,41.243946,0.194436
[MO833] Iteration,0,209,41.244171,0.194583
[MO833] Iteration,1,209,41.245602,0.194478
[MO833] Iteration,3,209,41.245731,0.194538
[MO833] Iteration,2,210,41.438250,0.194304
[MO833] Iteration,0,210,41.438589,0.194418
[MO833] Iteration,1,210,41.439942,0.194340
[MO833] Iteration,3,210,41.440091,0.194360
[MO833] Iteration,2,211,41.632462,0.194212
[MO833] Iteration,0,211,41.632751,0.194162
[MO833] Iteration,1,211,41.634111,0.194169
[MO833] Iteration,3,211,41.634260,0.194169
[MO833] Iteration,2,212,41.826851,0.194389
[MO833] Iteration,0,212,41.827226,0.194475
[MO833] Iteration,1,212,41.828569,0.194458
[MO833] Iteration,3,212,41.828761,0.194501
[MO833] Iteration,2,213,42.021026,0.194175
[MO833] Iteration,0,213,42.021495,0.194269
[MO833] Iteration,1,213,42.022751,0.194182
[MO833] Iteration,3,213,42.022976,0.194215
[MO833] Iteration,2,214,42.215194,0.194168
[MO833] Iteration,0,214,42.215549,0.194054
[MO833] Iteration,1,214,42.216915,0.194164
[MO833] Iteration,3,214,42.217103,0.194127
[MO833] Iteration,2,215,42.409730,0.194536
[MO833] Iteration,0,215,42.410016,0.194467
[MO833] Iteration,1,215,42.411353,0.194438
[MO833] Iteration,3,215,42.411537,0.194434
[MO833] Iteration,2,216,42.603866,0.194136
[MO833] Iteration,0,216,42.604155,0.194139
[MO833] Iteration,1,216,42.605521,0.194168
[MO833] Iteration,3,216,42.605696,0.194159
[MO833] Iteration,2,217,42.797979,0.194113
[MO833] Iteration,0,217,42.798158,0.194003
[MO833] Iteration,1,217,42.799631,0.194110
[MO833] Iteration,3,217,42.799727,0.194031
[MO833] Iteration,2,218,42.992444,0.194465
[MO833] Iteration,0,218,42.992572,0.194414
[MO833] Iteration,3,218,42.994123,0.194396
[MO833] Iteration,1,218,42.994057,0.194426
[MO833] Iteration,2,219,43.187067,0.194623
[MO833] Iteration,0,219,43.187347,0.194775
 Time step  220
[MO833] Iteration,1,219,43.188746,0.194689
[MO833] Iteration,3,219,43.188927,0.194804
[MO833] Iteration,2,220,43.381427,0.194360
[MO833] Iteration,0,220,43.381636,0.194289
[MO833] Iteration,1,220,43.383088,0.194342
[MO833] Iteration,3,220,43.383207,0.194280
[MO833] Iteration,2,221,43.575923,0.194496
[MO833] Iteration,0,221,43.576266,0.194630
[MO833] Iteration,1,221,43.577649,0.194561
[MO833] Iteration,3,221,43.577780,0.194573
[MO833] Iteration,2,222,43.770473,0.194550
[MO833] Iteration,0,222,43.770663,0.194397
[MO833] Iteration,1,222,43.772145,0.194496
[MO833] Iteration,3,222,43.772238,0.194458
[MO833] Iteration,2,223,43.965421,0.194948
[MO833] Iteration,0,223,43.965479,0.194816
[MO833] Iteration,3,223,43.967109,0.194871
[MO833] Iteration,1,223,43.967025,0.194880
[MO833] Iteration,2,224,44.159718,0.194297
[MO833] Iteration,0,224,44.160083,0.194604
[MO833] Iteration,1,224,44.161397,0.194372
[MO833] Iteration,3,224,44.161581,0.194472
[MO833] Iteration,2,225,44.354518,0.194800
[MO833] Iteration,0,225,44.354775,0.194692
[MO833] Iteration,1,225,44.356164,0.194767
[MO833] Iteration,3,225,44.356292,0.194711
[MO833] Iteration,2,226,44.549129,0.194611
[MO833] Iteration,0,226,44.549270,0.194495
[MO833] Iteration,1,226,44.550729,0.194565
[MO833] Iteration,3,226,44.550799,0.194507
[MO833] Iteration,2,227,44.743309,0.194180
[MO833] Iteration,0,227,44.743518,0.194248
[MO833] Iteration,1,227,44.744957,0.194228
[MO833] Iteration,3,227,44.745102,0.194303
[MO833] Iteration,2,228,44.938085,0.194776
[MO833] Iteration,0,228,44.938157,0.194639
[MO833] Iteration,3,228,44.939702,0.194600
[MO833] Iteration,1,228,44.939640,0.194683
[MO833] Iteration,0,229,45.132267,0.194110
[MO833] Iteration,2,229,45.132163,0.194078
[MO833] Iteration,1,229,45.133787,0.194147
[MO833] Iteration,3,229,45.133864,0.194162
[MO833] Iteration,2,230,45.326508,0.194345
[MO833] Iteration,0,230,45.326775,0.194508
[MO833] Iteration,1,230,45.328164,0.194377
[MO833] Iteration,3,230,45.328292,0.194428
[MO833] Iteration,2,231,45.520885,0.194377
[MO833] Iteration,0,231,45.521174,0.194399
[MO833] Iteration,1,231,45.522505,0.194341
[MO833] Iteration,3,231,45.522680,0.194388
[MO833] Iteration,2,232,45.714999,0.194114
[MO833] Iteration,0,232,45.715171,0.193997
[MO833] Iteration,1,232,45.716693,0.194188
[MO833] Iteration,3,232,45.716765,0.194085
[MO833] Iteration,2,233,45.909460,0.194461
[MO833] Iteration,0,233,45.909712,0.194541
[MO833] Iteration,1,233,45.911089,0.194396
[MO833] Iteration,3,233,45.911231,0.194466
[MO833] Iteration,2,234,46.103755,0.194295
[MO833] Iteration,0,234,46.104014,0.194302
[MO833] Iteration,1,234,46.105414,0.194325
[MO833] Iteration,3,234,46.105578,0.194347
[MO833] Iteration,0,235,46.298879,0.194865
[MO833] Iteration,2,235,46.298773,0.195018
[MO833] Iteration,3,235,46.300500,0.194922
[MO833] Iteration,1,235,46.300402,0.194988
[MO833] Iteration,2,236,46.493128,0.194355
[MO833] Iteration,0,236,46.493509,0.194630
[MO833] Iteration,1,236,46.494810,0.194408
[MO833] Iteration,3,236,46.494995,0.194495
[MO833] Iteration,2,237,46.687586,0.194458
[MO833] Iteration,0,237,46.687838,0.194329
[MO833] Iteration,1,237,46.689266,0.194456
[MO833] Iteration,3,237,46.689420,0.194425
[MO833] Iteration,2,238,46.882304,0.194718
[MO833] Iteration,0,238,46.882469,0.194631
[MO833] Iteration,3,238,46.884008,0.194588
[MO833] Iteration,1,238,46.883926,0.194660
[MO833] Iteration,2,239,47.076635,0.194331
[MO833] Iteration,0,239,47.076810,0.194341
 Time step  240
[MO833] Iteration,1,239,47.078240,0.194314
[MO833] Iteration,3,239,47.078344,0.194336
[MO833] Iteration,2,240,47.270945,0.194310
[MO833] Iteration,0,240,47.271131,0.194321
[MO833] Iteration,1,240,47.272586,0.194346
[MO833] Iteration,3,240,47.272702,0.194358
[MO833] Iteration,2,241,47.465773,0.194828
[MO833] Iteration,0,241,47.466000,0.194869
[MO833] Iteration,1,241,47.467401,0.194815
[MO833] Iteration,3,241,47.467514,0.194812
[MO833] Iteration,2,242,47.660297,0.194524
[MO833] Iteration,0,242,47.660542,0.194542
[MO833] Iteration,1,242,47.661962,0.194561
[MO833] Iteration,3,242,47.662093,0.194579
[MO833] Iteration,2,243,47.855100,0.194803
[MO833] Iteration,0,243,47.855387,0.194845
[MO833] Iteration,1,243,47.856801,0.194839
[MO833] Iteration,3,243,47.856944,0.194851
[MO833] Iteration,2,244,48.049570,0.194470
[MO833] Iteration,0,244,48.049904,0.194517
[MO833] Iteration,1,244,48.051203,0.194402
[MO833] Iteration,3,244,48.051439,0.194495
[MO833] Iteration,0,245,48.244360,0.194456
[MO833] Iteration,2,245,48.244166,0.194596
[MO833] Iteration,3,245,48.245904,0.194465
[MO833] Iteration,1,245,48.245830,0.194627
[MO833] Iteration,2,246,48.438779,0.194613
[MO833] Iteration,0,246,48.438823,0.194463
[MO833] Iteration,1,246,48.440392,0.194562
[MO833] Iteration,3,246,48.440413,0.194509
[MO833] Iteration,2,247,48.632977,0.194198
[MO833] Iteration,0,247,48.633264,0.194441
[MO833] Iteration,1,247,48.634626,0.194234
[MO833] Iteration,3,247,48.634779,0.194366
[MO833] Iteration,2,248,48.827315,0.194338
[MO833] Iteration,0,248,48.827481,0.194217
[MO833] Iteration,1,248,48.828941,0.194315
[MO833] Iteration,3,248,48.829079,0.194300
[MO833] Iteration,2,249,49.022005,0.194690
[MO833] Iteration,0,249,49.022067,0.194586
[MO833] Iteration,1,249,49.023587,0.194646
[MO833] Iteration,3,249,49.023639,0.194560
[MO833] Iteration,0,250,49.216253,0.194186
[MO833] Iteration,2,250,49.216187,0.194182
[MO833] Iteration,3,250,49.217871,0.194232
[MO833] Iteration,1,250,49.217853,0.194266
[MO833] Iteration,2,251,49.410513,0.194326
[MO833] Iteration,0,251,49.410759,0.194506
[MO833] Iteration,1,251,49.412168,0.194315
[MO833] Iteration,3,251,49.412313,0.194442
[MO833] Iteration,2,252,49.604603,0.194090
[MO833] Iteration,0,252,49.605014,0.194255
[MO833] Iteration,1,252,49.606303,0.194135
[MO833] Iteration,3,252,49.606528,0.194215
[MO833] Iteration,2,253,49.804379,0.199776
[MO833] Iteration,0,253,49.804630,0.199616
[MO833] Iteration,1,253,49.806001,0.199698
[MO833] Iteration,3,253,49.806162,0.199634
[MO833] Iteration,2,254,49.999220,0.194841
[MO833] Iteration,0,254,49.999493,0.194863
[MO833] Iteration,1,254,50.000907,0.194906
[MO833] Iteration,3,254,50.001027,0.194865
[MO833] Iteration,0,255,50.194421,0.194928
[MO833] Iteration,2,255,50.194313,0.195093
[MO833] Iteration,3,255,50.196008,0.194981
[MO833] Iteration,1,255,50.195927,0.195020
[MO833] Iteration,2,256,50.388485,0.194172
[MO833] Iteration,0,256,50.388719,0.194298
[MO833] Iteration,1,256,50.390108,0.194181
[MO833] Iteration,3,256,50.390256,0.194248
[MO833] Iteration,2,257,50.583215,0.194730
[MO833] Iteration,0,257,50.583386,0.194667
[MO833] Iteration,1,257,50.584860,0.194752
[MO833] Iteration,3,257,50.584974,0.194718
[MO833] Iteration,2,258,50.777679,0.194464
[MO833] Iteration,0,258,50.778079,0.194693
[MO833] Iteration,1,258,50.779336,0.194476
[MO833] Iteration,3,258,50.779551,0.194577
[MO833] Iteration,2,259,50.972208,0.194529
[MO833] Iteration,0,259,50.972246,0.194167
 Time step  260
[MO833] Iteration,1,259,50.973811,0.194475
[MO833] Iteration,3,259,50.973834,0.194283
[MO833] Iteration,2,260,51.166431,0.194223
[MO833] Iteration,0,260,51.166705,0.194459
[MO833] Iteration,1,260,51.168094,0.194283
[MO833] Iteration,3,260,51.168244,0.194410
[MO833] Iteration,2,261,51.360530,0.194099
[MO833] Iteration,0,261,51.360807,0.194102
[MO833] Iteration,1,261,51.362188,0.194094
[MO833] Iteration,3,261,51.362373,0.194129
[MO833] Iteration,2,262,51.554804,0.194274
[MO833] Iteration,0,262,51.555113,0.194306
[MO833] Iteration,1,262,51.556500,0.194312
[MO833] Iteration,3,262,51.556663,0.194290
[MO833] Iteration,2,263,51.749047,0.194243
[MO833] Iteration,0,263,51.749405,0.194292
[MO833] Iteration,1,263,51.750717,0.194217
[MO833] Iteration,3,263,51.750922,0.194259
[MO833] Iteration,2,264,51.943579,0.194532
[MO833] Iteration,0,264,51.943890,0.194485
[MO833] Iteration,1,264,51.945301,0.194584
[MO833] Iteration,3,264,51.945436,0.194514
[MO833] Iteration,2,265,52.138418,0.194839
[MO833] Iteration,0,265,52.138533,0.194643
[MO833] Iteration,1,265,52.140014,0.194713
[MO833] Iteration,3,265,52.140091,0.194655
[MO833] Iteration,2,266,52.332187,0.193769
[MO833] Iteration,0,266,52.332595,0.194062
[MO833] Iteration,1,266,52.333942,0.193928
[MO833] Iteration,3,266,52.334090,0.193999
[MO833] Iteration,2,267,52.526801,0.194614
[MO833] Iteration,0,267,52.527074,0.194479
[MO833] Iteration,1,267,52.528468,0.194526
[MO833] Iteration,3,267,52.528665,0.194575
[MO833] Iteration,2,268,52.721077,0.194276
[MO833] Iteration,0,268,52.721162,0.194088
[MO833] Iteration,1,268,52.722655,0.194187
[MO833] Iteration,3,268,52.722713,0.194048
[MO833] Iteration,2,269,52.915146,0.194069
[MO833] Iteration,0,269,52.915413,0.194251
[MO833] Iteration,1,269,52.916789,0.194134
[MO833] Iteration,3,269,52.916977,0.194264
[MO833] Iteration,2,270,53.110359,0.195213
[MO833] Iteration,0,270,53.110548,0.195135
[MO833] Iteration,3,270,53.112091,0.195114
[MO833] Iteration,1,270,53.112016,0.195227
[MO833] Iteration,2,271,53.304657,0.194298
[MO833] Iteration,0,271,53.304963,0.194415
[MO833] Iteration,1,271,53.306337,0.194321
[MO833] Iteration,3,271,53.306467,0.194376
[MO833] Iteration,2,272,53.498837,0.194180
[MO833] Iteration,0,272,53.499087,0.194124
[MO833] Iteration,1,272,53.500504,0.194167
[MO833] Iteration,3,272,53.500662,0.194195
[MO833] Iteration,2,273,53.692911,0.194074
[MO833] Iteration,0,273,53.693152,0.194065
[MO833] Iteration,1,273,53.694538,0.194034
[MO833] Iteration,3,273,53.694672,0.194010
[MO833] Iteration,2,274,53.887514,0.194603
[MO833] Iteration,0,274,53.887806,0.194654
[MO833] Iteration,1,274,53.889162,0.194624
[MO833] Iteration,3,274,53.889340,0.194668
[MO833] Iteration,2,275,54.082293,0.194779
[MO833] Iteration,0,275,54.082515,0.194709
[MO833] Iteration,1,275,54.083865,0.194703
[MO833] Iteration,3,275,54.084070,0.194730
[MO833] Iteration,2,276,54.276444,0.194151
[MO833] Iteration,0,276,54.276692,0.194177
[MO833] Iteration,1,276,54.278114,0.194249
[MO833] Iteration,3,276,54.278206,0.194136
[MO833] Iteration,2,277,54.471120,0.194676
[MO833] Iteration,0,277,54.471469,0.194777
[MO833] Iteration,1,277,54.472820,0.194706
[MO833] Iteration,3,277,54.473050,0.194844
[MO833] Iteration,2,278,54.665834,0.194714
[MO833] Iteration,0,278,54.665957,0.194488
[MO833] Iteration,3,278,54.667487,0.194437
[MO833] Iteration,1,278,54.667446,0.194626
[MO833] Iteration,2,279,54.860075,0.194241
[MO833] Iteration,0,279,54.860388,0.194431
 Time step  280
[MO833] Iteration,1,279,54.861790,0.194344
[MO833] Iteration,3,279,54.861969,0.194482
[MO833] Iteration,2,280,55.054936,0.194861
[MO833] Iteration,0,280,55.055043,0.194655
[MO833] Iteration,1,280,55.056532,0.194742
[MO833] Iteration,3,280,55.056636,0.194667
[MO833] Iteration,2,281,55.249651,0.194715
[MO833] Iteration,0,281,55.249828,0.194785
[MO833] Iteration,1,281,55.251302,0.194770
[MO833] Iteration,3,281,55.251363,0.194727
[MO833] Iteration,0,282,55.444374,0.194546
[MO833] Iteration,2,282,55.444355,0.194704
[MO833] Iteration,3,282,55.445966,0.194603
[MO833] Iteration,1,282,55.445938,0.194636
[MO833] Iteration,2,283,55.638398,0.194043
[MO833] Iteration,0,283,55.638753,0.194379
[MO833] Iteration,1,283,55.640049,0.194111
[MO833] Iteration,3,283,55.640258,0.194292
[MO833] Iteration,2,284,55.832862,0.194464
[MO833] Iteration,0,284,55.833072,0.194319
[MO833] Iteration,1,284,55.834475,0.194426
[MO833] Iteration,3,284,55.834586,0.194328
[MO833] Iteration,2,285,56.027783,0.194921
[MO833] Iteration,0,285,56.027777,0.194705
[MO833] Iteration,3,285,56.029338,0.194752
[MO833] Iteration,1,285,56.029369,0.194894
[MO833] Iteration,2,286,56.222066,0.194283
[MO833] Iteration,0,286,56.222323,0.194546
[MO833] Iteration,1,286,56.223707,0.194338
[MO833] Iteration,3,286,56.223884,0.194546
[MO833] Iteration,2,287,56.416290,0.194224
[MO833] Iteration,0,287,56.416705,0.194382
[MO833] Iteration,1,287,56.418006,0.194299
[MO833] Iteration,3,287,56.418232,0.194348
[MO833] Iteration,2,288,56.610750,0.194460
[MO833] Iteration,0,288,56.610883,0.194178
[MO833] Iteration,1,288,56.612374,0.194368
[MO833] Iteration,3,288,56.612440,0.194208
[MO833] Iteration,2,289,56.805125,0.194375
[MO833] Iteration,0,289,56.805277,0.194394
[MO833] Iteration,1,289,56.806747,0.194373
[MO833] Iteration,3,289,56.806801,0.194361
[MO833] Iteration,2,290,56.999486,0.194361
[MO833] Iteration,0,290,56.999748,0.194471
[MO833] Iteration,1,290,57.001165,0.194418
[MO833] Iteration,3,290,57.001297,0.194496
[MO833] Iteration,2,291,57.194359,0.194873
[MO833] Iteration,0,291,57.194509,0.194761
[MO833] Iteration,1,291,57.195985,0.194820
[MO833] Iteration,3,291,57.196009,0.194712
[MO833] Iteration,2,292,57.388285,0.193926
[MO833] Iteration,0,292,57.388586,0.194077
[MO833] Iteration,1,292,57.390016,0.194031
[MO833] Iteration,3,292,57.390125,0.194116
[MO833] Iteration,2,293,57.582881,0.194596
[MO833] Iteration,0,293,57.583285,0.194699
[MO833] Iteration,1,293,57.584591,0.194575
[MO833] Iteration,3,293,57.584799,0.194674
[MO833] Iteration,2,294,57.777414,0.194533
[MO833] Iteration,0,294,57.777604,0.194319
[MO833] Iteration,1,294,57.779062,0.194471
[MO833] Iteration,3,294,57.779149,0.194350
[MO833] Iteration,2,295,57.971644,0.194230
[MO833] Iteration,0,295,57.971816,0.194212
[MO833] Iteration,1,295,57.973305,0.194243
[MO833] Iteration,3,295,57.973417,0.194268
[MO833] Iteration,2,296,58.166016,0.194372
[MO833] Iteration,0,296,58.166317,0.194501
[MO833] Iteration,1,296,58.167690,0.194385
[MO833] Iteration,3,296,58.167832,0.194415
[MO833] Iteration,2,297,58.360858,0.194842
[MO833] Iteration,0,297,58.360952,0.194635
[MO833] Iteration,1,297,58.362438,0.194748
[MO833] Iteration,3,297,58.362517,0.194685
[MO833] Iteration,0,298,58.555326,0.194374
[MO833] Iteration,2,298,58.555263,0.194405
[MO833] Iteration,3,298,58.556962,0.194445
[MO833] Iteration,1,298,58.556904,0.194466
[MO833] Iteration,2,299,58.749863,0.194600
[MO833] Iteration,0,299,58.750041,0.194715
 Time step  300
[MO833] Iteration,1,299,58.751450,0.194546
[MO833] Iteration,3,299,58.751548,0.194586
[MO833] Iteration,2,300,58.944131,0.194268
[MO833] Iteration,0,300,58.944340,0.194299
[MO833] Iteration,1,300,58.945784,0.194334
[MO833] Iteration,3,300,58.945888,0.194340
[MO833] Iteration,2,301,59.138305,0.194174
[MO833] Iteration,0,301,59.138486,0.194146
[MO833] Iteration,1,301,59.139889,0.194105
[MO833] Iteration,3,301,59.140016,0.194128
[MO833] Iteration,2,302,59.332308,0.194003
[MO833] Iteration,0,302,59.332744,0.194258
[MO833] Iteration,1,302,59.334024,0.194135
[MO833] Iteration,3,302,59.334242,0.194226
[MO833] Iteration,2,303,59.526989,0.194681
[MO833] Iteration,0,303,59.527282,0.194538
[MO833] Iteration,1,303,59.528695,0.194671
[MO833] Iteration,3,303,59.528821,0.194579
[MO833] Iteration,2,304,59.721046,0.194057
[MO833] Iteration,0,304,59.721306,0.194024
[MO833] Iteration,1,304,59.722710,0.194015
[MO833] Iteration,3,304,59.722826,0.194005
[MO833] Iteration,2,305,59.915735,0.194689
[MO833] Iteration,0,305,59.915945,0.194639
[MO833] Iteration,1,305,59.917395,0.194685
[MO833] Iteration,3,305,59.917498,0.194672
[MO833] Iteration,2,306,60.110017,0.194282
[MO833] Iteration,0,306,60.110219,0.194274
[MO833] Iteration,1,306,60.111647,0.194252
[MO833] Iteration,3,306,60.111753,0.194255
[MO833] Iteration,2,307,60.304196,0.194179
[MO833] Iteration,0,307,60.304433,0.194214
[MO833] Iteration,1,307,60.305879,0.194232
[MO833] Iteration,3,307,60.305988,0.194235
[MO833] Iteration,1,308,60.501715,0.195836
[MO833] Iteration,3,308,60.501862,0.195874
[MO833] Iteration,2,308,60.501917,0.197721
[MO833] Iteration,0,308,60.502100,0.197667
[MO833] Iteration,2,309,60.695318,0.193401
[MO833] Iteration,0,309,60.695502,0.193402
[MO833] Iteration,1,309,60.696984,0.195269
[MO833] Iteration,3,309,60.697094,0.195232
[MO833] Iteration,2,310,60.889981,0.194663
[MO833] Iteration,0,310,60.890127,0.194625
[MO833] Iteration,1,310,60.891599,0.194615
[MO833] Iteration,3,310,60.891675,0.194581
[MO833] Iteration,2,311,61.084715,0.194734
[MO833] Iteration,0,311,61.084840,0.194713
[MO833] Iteration,3,311,61.086397,0.194722
[MO833] Iteration,1,311,61.086333,0.194734
[MO833] Iteration,2,312,61.279162,0.194447
[MO833] Iteration,0,312,61.279315,0.194475
[MO833] Iteration,1,312,61.280798,0.194465
[MO833] Iteration,3,312,61.280911,0.194514
[MO833] Iteration,2,313,61.473720,0.194558
[MO833] Iteration,0,313,61.473864,0.194549
[MO833] Iteration,3,313,61.475401,0.194490
[MO833] Iteration,1,313,61.475307,0.194509
[MO833] Iteration,2,314,61.667830,0.194110
[MO833] Iteration,0,314,61.668074,0.194210
[MO833] Iteration,1,314,61.669505,0.194198
[MO833] Iteration,3,314,61.669600,0.194199
[MO833] Iteration,2,315,61.862220,0.194390
[MO833] Iteration,0,315,61.862611,0.194537
[MO833] Iteration,1,315,61.863909,0.194404
[MO833] Iteration,3,315,61.864102,0.194502
[MO833] Iteration,2,316,62.056663,0.194443
[MO833] Iteration,0,316,62.057061,0.194450
[MO833] Iteration,1,316,62.058360,0.194451
[MO833] Iteration,3,316,62.058596,0.194494
[MO833] Iteration,2,317,62.251095,0.194432
[MO833] Iteration,0,317,62.251397,0.194336
[MO833] Iteration,1,317,62.252770,0.194410
[MO833] Iteration,3,317,62.252973,0.194377
[MO833] Iteration,2,318,62.445627,0.194532
[MO833] Iteration,0,318,62.445817,0.194420
[MO833] Iteration,3,318,62.447358,0.194385
[MO833] Iteration,1,318,62.447270,0.194500
[MO833] Iteration,2,319,62.639848,0.194221
[MO833] Iteration,0,319,62.640083,0.194266
 Time step  320
[MO833] Iteration,1,319,62.641518,0.194248
[MO833] Iteration,3,319,62.641639,0.194281
[MO833] Iteration,2,320,62.834703,0.194855
[MO833] Iteration,0,320,62.834805,0.194722
[MO833] Iteration,1,320,62.836288,0.194770
[MO833] Iteration,3,320,62.836432,0.194793
[MO833] Iteration,2,321,63.028710,0.194007
[MO833] Iteration,0,321,63.029152,0.194347
[MO833] Iteration,1,321,63.030379,0.194091
[MO833] Iteration,3,321,63.030617,0.194185
[MO833] Iteration,2,322,63.222992,0.194282
[MO833] Iteration,0,322,63.223309,0.194157
[MO833] Iteration,1,322,63.224685,0.194306
[MO833] Iteration,3,322,63.224841,0.194224
[MO833] Iteration,2,323,63.417720,0.194728
[MO833] Iteration,0,323,63.417855,0.194546
[MO833] Iteration,3,323,63.419414,0.194573
[MO833] Iteration,1,323,63.419336,0.194651
[MO833] Iteration,2,324,63.611827,0.194107
[MO833] Iteration,0,324,63.612130,0.194275
[MO833] Iteration,1,324,63.613483,0.194147
[MO833] Iteration,3,324,63.613681,0.194267
[MO833] Iteration,2,325,63.806696,0.194869
[MO833] Iteration,0,325,63.806896,0.194766
[MO833] Iteration,3,325,63.808445,0.194764
[MO833] Iteration,1,325,63.808350,0.194867
[MO833] Iteration,2,326,64.000896,0.194200
[MO833] Iteration,0,326,64.001113,0.194217
[MO833] Iteration,1,326,64.002508,0.194158
[MO833] Iteration,3,326,64.002634,0.194189
[MO833] Iteration,2,327,64.214420,0.213524
[MO833] Iteration,0,327,64.214483,0.213370
[MO833] Iteration,3,327,64.216084,0.213450
[MO833] Iteration,1,327,64.216020,0.213512
[MO833] Iteration,0,328,64.410300,0.195817
[MO833] Iteration,2,328,64.410178,0.195758
[MO833] Iteration,1,328,64.411780,0.195760
[MO833] Iteration,3,328,64.411841,0.195757
[MO833] Iteration,2,329,64.604669,0.194491
[MO833] Iteration,0,329,64.604920,0.194620
[MO833] Iteration,3,329,64.606479,0.194638
[MO833] Iteration,1,329,64.606385,0.194605
[MO833] Iteration,2,330,64.798974,0.194305
[MO833] Iteration,0,330,64.799320,0.194400
[MO833] Iteration,1,330,64.800717,0.194332
[MO833] Iteration,3,330,64.800886,0.194407
[MO833] Iteration,2,331,64.993409,0.194435
[MO833] Iteration,0,331,64.993651,0.194331
[MO833] Iteration,3,331,64.995162,0.194276
[MO833] Iteration,1,331,64.995054,0.194337
[MO833] Iteration,2,332,65.188004,0.194595
[MO833] Iteration,0,332,65.188207,0.194556
[MO833] Iteration,1,332,65.189664,0.194610
[MO833] Iteration,3,332,65.189788,0.194626
[MO833] Iteration,2,333,65.382094,0.194090
[MO833] Iteration,0,333,65.382547,0.194340
[MO833] Iteration,1,333,65.383820,0.194156
[MO833] Iteration,3,333,65.384040,0.194252
[MO833] Iteration,2,334,65.576964,0.194870
[MO833] Iteration,0,334,65.577056,0.194509
[MO833] Iteration,1,334,65.578531,0.194711
[MO833] Iteration,3,334,65.578624,0.194584
[MO833] Iteration,2,335,65.771122,0.194158
[MO833] Iteration,0,335,65.771414,0.194358
[MO833] Iteration,1,335,65.772816,0.194285
[MO833] Iteration,3,335,65.773001,0.194377
[MO833] Iteration,2,336,65.965729,0.194607
[MO833] Iteration,0,336,65.965940,0.194526
[MO833] Iteration,3,336,65.967466,0.194465
[MO833] Iteration,1,336,65.967390,0.194574
[MO833] Iteration,2,337,66.160105,0.194376
[MO833] Iteration,0,337,66.160443,0.194503
[MO833] Iteration,1,337,66.161791,0.194401
[MO833] Iteration,3,337,66.162047,0.194581
[MO833] Iteration,2,338,66.354629,0.194524
[MO833] Iteration,0,338,66.354869,0.194426
[MO833] Iteration,1,338,66.356281,0.194490
[MO833] Iteration,3,338,66.356470,0.194423
[MO833] Iteration,2,339,66.549210,0.194581
[MO833] Iteration,0,339,66.549408,0.194539
 Time step  340
[MO833] Iteration,1,339,66.550826,0.194545
[MO833] Iteration,3,339,66.550968,0.194498
[MO833] Iteration,0,340,66.743778,0.194370
[MO833] Iteration,2,340,66.743629,0.194419
[MO833] Iteration,1,340,66.745287,0.194461
[MO833] Iteration,3,340,66.745393,0.194425
[MO833] Iteration,2,341,66.938956,0.195327
[MO833] Iteration,0,341,66.939249,0.195471
[MO833] Iteration,1,341,66.940673,0.195386
[MO833] Iteration,3,341,66.940808,0.195415
[MO833] Iteration,2,342,67.133327,0.194371
[MO833] Iteration,0,342,67.133635,0.194386
[MO833] Iteration,1,342,67.134987,0.194314
[MO833] Iteration,3,342,67.135147,0.194339
[MO833] Iteration,2,343,67.327718,0.194391
[MO833] Iteration,0,343,67.327891,0.194256
[MO833] Iteration,1,343,67.329370,0.194383
[MO833] Iteration,3,343,67.329481,0.194334
[MO833] Iteration,2,344,67.522187,0.194469
[MO833] Iteration,0,344,67.522240,0.194349
[MO833] Iteration,1,344,67.523762,0.194392
[MO833] Iteration,3,344,67.523787,0.194306
[MO833] Iteration,2,345,67.716474,0.194287
[MO833] Iteration,0,345,67.716833,0.194593
[MO833] Iteration,1,345,67.718112,0.194350
[MO833] Iteration,3,345,67.718288,0.194501
[MO833] Iteration,2,346,67.910824,0.194350
[MO833] Iteration,0,346,67.910981,0.194148
[MO833] Iteration,3,346,67.912550,0.194262
[MO833] Iteration,1,346,67.912477,0.194365
[MO833] Iteration,2,347,68.105126,0.194302
[MO833] Iteration,0,347,68.105390,0.194409
[MO833] Iteration,1,347,68.106768,0.194291
[MO833] Iteration,3,347,68.106911,0.194361
[MO833] Iteration,2,348,68.299306,0.194180
[MO833] Iteration,0,348,68.299545,0.194155
[MO833] Iteration,1,348,68.300962,0.194194
[MO833] Iteration,3,348,68.301110,0.194199
[MO833] Iteration,2,349,68.493990,0.194684
[MO833] Iteration,0,349,68.494282,0.194737
[MO833] Iteration,1,349,68.495643,0.194681
[MO833] Iteration,3,349,68.495795,0.194685
[MO833] Iteration,2,350,68.688506,0.194516
[MO833] Iteration,0,350,68.688659,0.194377
[MO833] Iteration,1,350,68.690119,0.194476
[MO833] Iteration,3,350,68.690220,0.194425
[MO833] Iteration,2,351,68.883164,0.194658
[MO833] Iteration,0,351,68.883228,0.194569
[MO833] Iteration,3,351,68.884810,0.194590
[MO833] Iteration,1,351,68.884779,0.194660
[MO833] Iteration,2,352,69.077352,0.194188
[MO833] Iteration,0,352,69.077508,0.194280
[MO833] Iteration,1,352,69.078953,0.194174
[MO833] Iteration,3,352,69.079065,0.194255
[MO833] Iteration,2,353,69.271231,0.193879
[MO833] Iteration,0,353,69.271653,0.194145
[MO833] Iteration,1,353,69.272959,0.194006
[MO833] Iteration,3,353,69.273217,0.194152
[MO833] Iteration,2,354,69.465632,0.194401
[MO833] Iteration,0,354,69.465956,0.194303
[MO833] Iteration,1,354,69.467295,0.194336
[MO833] Iteration,3,354,69.467458,0.194241
[MO833] Iteration,0,355,69.660301,0.194345
[MO833] Iteration,2,355,69.660179,0.194547
[MO833] Iteration,3,355,69.661945,0.194487
[MO833] Iteration,1,355,69.661868,0.194573
[MO833] Iteration,2,356,69.854363,0.194184
[MO833] Iteration,0,356,69.854523,0.194222
[MO833] Iteration,1,356,69.855956,0.194088
[MO833] Iteration,3,356,69.856061,0.194116
[MO833] Iteration,0,357,70.048910,0.194387
[MO833] Iteration,2,357,70.048860,0.194497
[MO833] Iteration,3,357,70.050520,0.194459
[MO833] Iteration,1,357,70.050424,0.194468
[MO833] Iteration,2,358,70.242988,0.194128
[MO833] Iteration,0,358,70.243247,0.194337
[MO833] Iteration,1,358,70.244694,0.194270
[MO833] Iteration,3,358,70.244807,0.194287
[MO833] Iteration,2,359,70.437544,0.194556
[MO833] Iteration,0,359,70.437721,0.194474
 Time step  360
[MO833] Iteration,1,359,70.439156,0.194462
[MO833] Iteration,3,359,70.439294,0.194487
[MO833] Iteration,2,360,70.632274,0.194730
[MO833] Iteration,0,360,70.632367,0.194646
[MO833] Iteration,3,360,70.633922,0.194628
[MO833] Iteration,1,360,70.633905,0.194749
[MO833] Iteration,2,361,70.826638,0.194364
[MO833] Iteration,0,361,70.826930,0.194563
[MO833] Iteration,1,361,70.828299,0.194394
[MO833] Iteration,3,361,70.828479,0.194557
[MO833] Iteration,2,362,71.021426,0.194788
[MO833] Iteration,0,362,71.021426,0.194496
[MO833] Iteration,3,362,71.023023,0.194544
[MO833] Iteration,1,362,71.022985,0.194686
[MO833] Iteration,2,363,71.215677,0.194251
[MO833] Iteration,0,363,71.216088,0.194662
[MO833] Iteration,1,363,71.217407,0.194422
[MO833] Iteration,3,363,71.217621,0.194598
[MO833] Iteration,2,364,71.410627,0.194950
[MO833] Iteration,0,364,71.410888,0.194800
[MO833] Iteration,1,364,71.412247,0.194840
[MO833] Iteration,3,364,71.412449,0.194828
[MO833] Iteration,2,365,71.605167,0.194540
[MO833] Iteration,0,365,71.605343,0.194455
[MO833] Iteration,1,365,71.606782,0.194535
[MO833] Iteration,3,365,71.606888,0.194439
[MO833] Iteration,2,366,71.799247,0.194080
[MO833] Iteration,0,366,71.799600,0.194257
[MO833] Iteration,1,366,71.800986,0.194204
[MO833] Iteration,3,366,71.801127,0.194239
[MO833] Iteration,2,367,71.993659,0.194412
[MO833] Iteration,0,367,71.993831,0.194231
[MO833] Iteration,3,367,71.995370,0.194243
[MO833] Iteration,1,367,71.995267,0.194281
[MO833] Iteration,2,368,72.188165,0.194506
[MO833] Iteration,0,368,72.188336,0.194505
[MO833] Iteration,1,368,72.189794,0.194527
[MO833] Iteration,3,368,72.189934,0.194564
[MO833] Iteration,2,369,72.382636,0.194471
[MO833] Iteration,0,369,72.382778,0.194442
[MO833] Iteration,3,369,72.384308,0.194374
[MO833] Iteration,1,369,72.384254,0.194460
[MO833] Iteration,0,370,72.576892,0.194114
[MO833] Iteration,2,370,72.576771,0.194135
[MO833] Iteration,1,370,72.578355,0.194101
[MO833] Iteration,3,370,72.578477,0.194169
[MO833] Iteration,2,371,72.770873,0.194102
[MO833] Iteration,0,371,72.771192,0.194300
[MO833] Iteration,1,371,72.772564,0.194209
[MO833] Iteration,3,371,72.772712,0.194235
[MO833] Iteration,2,372,72.965310,0.194437
[MO833] Iteration,0,372,72.965515,0.194323
[MO833] Iteration,1,372,72.966932,0.194368
[MO833] Iteration,3,372,72.967018,0.194306
[MO833] Iteration,2,373,73.159811,0.194501
[MO833] Iteration,0,373,73.160028,0.194513
[MO833] Iteration,1,373,73.161458,0.194526
[MO833] Iteration,3,373,73.161604,0.194586
[MO833] Iteration,1,374,73.357231,0.195773
[MO833] Iteration,3,374,73.357399,0.195795
[MO833] Iteration,0,374,73.357505,0.197477
[MO833] Iteration,2,374,73.359169,0.199358
[MO833] Iteration,2,375,73.551819,0.192650
[MO833] Iteration,0,375,73.552059,0.194554
[MO833] Iteration,1,375,73.553508,0.196277
[MO833] Iteration,3,375,73.553638,0.196239
[MO833] Iteration,2,376,73.746236,0.194417
[MO833] Iteration,0,376,73.746503,0.194444
[MO833] Iteration,1,376,73.747880,0.194372
[MO833] Iteration,3,376,73.748013,0.194375
[MO833] Iteration,0,377,73.940762,0.194259
[MO833] Iteration,2,377,73.940657,0.194421
[MO833] Iteration,1,377,73.942267,0.194387
[MO833] Iteration,3,377,73.942336,0.194323
[MO833] Iteration,2,378,74.134724,0.194067
[MO833] Iteration,0,378,74.134991,0.194229
[MO833] Iteration,1,378,74.136408,0.194141
[MO833] Iteration,3,378,74.136598,0.194262
[MO833] Iteration,0,379,74.329800,0.194809
 Time step  380
[MO833] Iteration,2,379,74.329650,0.194926
[MO833] Iteration,1,379,74.331254,0.194846
[MO833] Iteration,3,379,74.331379,0.194781
[MO833] Iteration,2,380,74.523825,0.194175
[MO833] Iteration,0,380,74.524184,0.194384
[MO833] Iteration,1,380,74.525554,0.194300
[MO833] Iteration,3,380,74.525730,0.194351
[MO833] Iteration,0,381,74.718593,0.194409
[MO833] Iteration,2,381,74.718439,0.194614
[MO833] Iteration,1,381,74.720053,0.194499
[MO833] Iteration,3,381,74.720135,0.194405
[MO833] Iteration,2,382,74.912485,0.194046
[MO833] Iteration,0,382,74.912842,0.194249
[MO833] Iteration,1,382,74.914172,0.194119
[MO833] Iteration,3,382,74.914360,0.194225
[MO833] Iteration,2,383,75.106960,0.194475
[MO833] Iteration,0,383,75.107224,0.194382
[MO833] Iteration,1,383,75.108638,0.194466
[MO833] Iteration,3,383,75.108804,0.194444
[MO833] Iteration,2,384,75.301483,0.194523
[MO833] Iteration,0,384,75.301687,0.194463
[MO833] Iteration,3,384,75.303207,0.194403
[MO833] Iteration,1,384,75.303121,0.194483
[MO833] Iteration,2,385,75.496203,0.194720
[MO833] Iteration,0,385,75.496428,0.194741
[MO833] Iteration,1,385,75.497852,0.194731
[MO833] Iteration,3,385,75.497993,0.194786
[MO833] Iteration,2,386,75.690366,0.194163
[MO833] Iteration,0,386,75.690690,0.194262
[MO833] Iteration,1,386,75.692003,0.194151
[MO833] Iteration,3,386,75.692188,0.194195
[MO833] Iteration,2,387,75.884663,0.194297
[MO833] Iteration,0,387,75.884872,0.194182
[MO833] Iteration,1,387,75.886291,0.194288
[MO833] Iteration,3,387,75.886409,0.194221
[MO833] Iteration,0,388,76.079092,0.194220
[MO833] Iteration,2,388,76.078930,0.194267
[MO833] Iteration,1,388,76.080574,0.194283
[MO833] Iteration,3,388,76.080669,0.194260
[MO833] Iteration,2,389,76.273135,0.194205
[MO833] Iteration,0,389,76.273305,0.194213
[MO833] Iteration,1,389,76.274730,0.194156
[MO833] Iteration,3,389,76.274863,0.194194
[MO833] Iteration,2,390,76.467169,0.194034
[MO833] Iteration,0,390,76.467420,0.194115
[MO833] Iteration,1,390,76.468847,0.194117
[MO833] Iteration,3,390,76.469007,0.194144
[MO833] Iteration,2,391,76.661656,0.194487
[MO833] Iteration,0,391,76.661913,0.194493
[MO833] Iteration,1,391,76.663294,0.194447
[MO833] Iteration,3,391,76.663421,0.194414
[MO833] Iteration,2,392,76.856543,0.194887
[MO833] Iteration,0,392,76.856693,0.194780
[MO833] Iteration,3,392,76.858253,0.194832
[MO833] Iteration,1,392,76.858197,0.194903
[MO833] Iteration,2,393,77.051115,0.194572
[MO833] Iteration,0,393,77.051386,0.194693
[MO833] Iteration,1,393,77.052772,0.194575
[MO833] Iteration,3,393,77.052924,0.194671
[MO833] Iteration,2,394,77.245642,0.194527
[MO833] Iteration,0,394,77.245897,0.194511
[MO833] Iteration,1,394,77.247291,0.194519
[MO833] Iteration,3,394,77.247409,0.194485
[MO833] Iteration,2,395,77.440082,0.194440
[MO833] Iteration,0,395,77.440423,0.194526
[MO833] Iteration,1,395,77.441754,0.194463
[MO833] Iteration,3,395,77.441968,0.194559
[MO833] Iteration,2,396,77.635037,0.194955
[MO833] Iteration,0,396,77.635235,0.194812
[MO833] Iteration,3,396,77.636802,0.194834
[MO833] Iteration,1,396,77.636700,0.194946
[MO833] Iteration,2,397,77.829349,0.194312
[MO833] Iteration,0,397,77.829706,0.194471
[MO833] Iteration,1,397,77.831017,0.194317
[MO833] Iteration,3,397,77.831180,0.194378
[MO833] Iteration,0,398,78.024113,0.194407
[MO833] Iteration,2,398,78.024021,0.194672
[MO833] Iteration,3,398,78.025748,0.194568
[MO833] Iteration,1,398,78.025659,0.194642
[MO833] Iteration,2,399,78.218336,0.194315
[MO833] Iteration,0,399,78.218593,0.194480
 Time step  400
[MO833] Iteration,1,399,78.219983,0.194324
[MO833] Iteration,3,399,78.220090,0.194342
 Verification being performed for class B
 accuracy setting for epsilon =  0.1000000000000E-07
 Comparison of RMS-norms of residual
           1 0.6903293579998E+02 0.6903293579998E+02 0.5661044255750E-13
           2 0.3095134488084E+02 0.3095134488084E+02 0.8861311101644E-13
[MO833] PI avg,2,0.194560,400
[MO833] Beta,2,0.000894
[MO833] PI avg,1,0.194564,400
[MO833] Beta,1,0.000877
[MO833] PI avg,3,0.194564,400
[MO833] Beta,3,0.000877
           3 0.4103336647017E+02 0.4103336647017E+02 0.1163649876931E-12
           4 0.3864769009604E+02 0.3864769009604E+02 0.3051931275661E-13
           5 0.5643482272596E+02 0.5643482272596E+02 0.5590182788549E-13
 Comparison of RMS-norms of solution error
           1 0.9810006190188E-02 0.9810006190188E-02 0.4792148474482E-13
           2 0.1022827905670E-02 0.1022827905670E-02 0.3962296783540E-12
           3 0.1720597911692E-02 0.1720597911692E-02 0.1548862126276E-12
           4 0.1694479428231E-02 0.1694479428231E-02 0.1122286041870E-12
           5 0.1847456263981E-01 0.1847456263981E-01 0.7624513174985E-13
 Verification Successful


 SP Benchmark Completed.
 Class           =                        B
 Size            =            102x 102x 102
 Iterations      =                      400
 Time in seconds =                    78.02
 Total processes =                        4
 Active procs    =                        4
 Mop/s total     =                  4550.25
 Mop/s/process   =                  1137.56
 Operation type  =           floating point
 Verification    =               SUCCESSFUL
 Version         =                      3.4
 Compile date    =              15 Jun 2020

 Compile options:
    MPIFC        = mpif90
    FLINK        = $(MPIFC)
    FMPI_LIB     = (none)
    FMPI_INC     = (none)
    FFLAGS       = -O3
    FLINKFLAGS   = $(FFLAGS) -O ../kernel_stats/kernel_stats.o...
    RAND         = (none)


 Please send feedbacks and/or the results of this run to:

 NPB Development Team 
 Internet: npb@nas.nasa.gov


[MO833] PI avg,0,0.194561,400
[MO833] Beta,0,0.000900
[MO833] Total time,78.483234
