--------------------------------------------------------------------------
[[38789,1],1]: A high-performance Open MPI point-to-point messaging module
was unable to find any relevant network interfaces:

Module: OpenFabrics (openib)
  Host: node06

Another transport will be used instead, although this may result in
lower performance.

NOTE: You can disable this warning by setting the MCA parameter
btl_base_warn_component_unused to 0.
--------------------------------------------------------------------------


 NAS Parallel Benchmarks 3.4 -- SP Benchmark

 No input file inputsp.data. Using compiled defaults
 Size:  162x 162x 162  (class C)
 Iterations:  400    dt:   0.0006700
 Total number of processes:     4

[MO833] Init time,1,1.903360
[MO833] Init time,2,1.903344
[MO833] Init time,3,1.903359
[MO833] Init time,0,1.903346
 Time step    1
[MO833] Iteration,1,1,2.807757,0.904397
[MO833] Iteration,2,1,2.811735,0.908391
[MO833] Iteration,0,1,2.828300,0.924954
[MO833] Iteration,3,1,2.836232,0.932873
[MO833] Iteration,3,2,3.773959,0.937727
[MO833] Iteration,1,2,3.775287,0.967530
[MO833] Iteration,0,2,3.779223,0.950923
[MO833] Iteration,2,2,3.780458,0.968723
[MO833] Iteration,0,3,4.679118,0.899895
[MO833] Iteration,3,3,4.686691,0.912732
[MO833] Iteration,2,3,4.706003,0.925545
[MO833] Iteration,1,3,4.709231,0.933944
[MO833] Iteration,0,4,5.587816,0.908698
[MO833] Iteration,3,4,5.594394,0.907703
[MO833] Iteration,1,4,5.607078,0.897847
[MO833] Iteration,2,4,5.609850,0.903847
[MO833] Iteration,0,5,6.522659,0.934843
[MO833] Iteration,3,5,6.528513,0.934119
[MO833] Iteration,1,5,6.566849,0.959771
[MO833] Iteration,2,5,6.567193,0.957343
[MO833] Iteration,0,6,7.465701,0.943042
[MO833] Iteration,2,6,7.466961,0.899768
[MO833] Iteration,3,6,7.472392,0.943879
[MO833] Iteration,1,6,7.473201,0.906352
[MO833] Iteration,2,7,8.353101,0.886140
[MO833] Iteration,1,7,8.361299,0.888098
[MO833] Iteration,0,7,8.363482,0.897781
[MO833] Iteration,3,7,8.381666,0.909274
[MO833] Iteration,3,8,9.285474,0.903808
[MO833] Iteration,0,8,9.291386,0.927904
[MO833] Iteration,1,8,9.292175,0.930876
[MO833] Iteration,2,8,9.292474,0.939373
[MO833] Iteration,0,9,10.172816,0.881430
[MO833] Iteration,2,9,10.173643,0.881169
[MO833] Iteration,3,9,10.179348,0.893874
[MO833] Iteration,1,9,10.180006,0.887831
[MO833] Iteration,0,10,11.068310,0.895494
[MO833] Iteration,2,10,11.068828,0.895185
[MO833] Iteration,3,10,11.074752,0.895404
[MO833] Iteration,1,10,11.075180,0.895174
[MO833] Iteration,0,11,11.963432,0.895122
[MO833] Iteration,2,11,11.969904,0.901076
[MO833] Iteration,3,11,11.970911,0.896159
[MO833] Iteration,1,11,11.971571,0.896391
[MO833] Iteration,0,12,12.889923,0.926491
[MO833] Iteration,3,12,12.896275,0.925364
[MO833] Iteration,1,12,12.929872,0.958301
[MO833] Iteration,2,12,12.934843,0.964939
[MO833] Iteration,0,13,13.828258,0.938335
[MO833] Iteration,2,13,13.828983,0.894140
[MO833] Iteration,3,13,13.834758,0.938483
[MO833] Iteration,1,13,13.835332,0.905460
[MO833] Iteration,3,14,14.730741,0.895983
[MO833] Iteration,1,14,14.731409,0.896077
[MO833] Iteration,0,14,14.736226,0.907968
[MO833] Iteration,2,14,14.736639,0.907656
[MO833] Iteration,0,15,15.624644,0.888418
[MO833] Iteration,2,15,15.625270,0.888631
[MO833] Iteration,3,15,15.631241,0.900500
[MO833] Iteration,1,15,15.631795,0.900386
[MO833] Iteration,2,16,16.514902,0.889632
[MO833] Iteration,1,16,16.523037,0.891242
[MO833] Iteration,0,16,16.524965,0.900321
[MO833] Iteration,3,16,16.543042,0.911801
[MO833] Iteration,0,17,17.439783,0.914818
[MO833] Iteration,2,17,17.440619,0.925717
[MO833] Iteration,3,17,17.445990,0.902948
[MO833] Iteration,1,17,17.451547,0.928510
[MO833] Iteration,3,18,18.347063,0.901073
[MO833] Iteration,1,18,18.347749,0.896202
[MO833] Iteration,0,18,18.352499,0.912716
[MO833] Iteration,2,18,18.352953,0.912334
[MO833] Iteration,0,19,19.240698,0.888199
 Time step   20
[MO833] Iteration,2,19,19.241353,0.888400
[MO833] Iteration,3,19,19.247175,0.900112
[MO833] Iteration,1,19,19.247696,0.899947
[MO833] Iteration,3,20,20.147808,0.900633
[MO833] Iteration,1,20,20.149037,0.901341
[MO833] Iteration,0,20,20.153039,0.912341
[MO833] Iteration,2,20,20.153796,0.912443
[MO833] Iteration,0,21,21.042345,0.889306
[MO833] Iteration,2,21,21.042964,0.889168
[MO833] Iteration,3,21,21.048804,0.900996
[MO833] Iteration,1,21,21.049354,0.900317
[MO833] Iteration,0,22,21.938175,0.895830
[MO833] Iteration,2,22,21.938896,0.895932
[MO833] Iteration,3,22,21.944726,0.895922
[MO833] Iteration,1,22,21.945246,0.895892
[MO833] Iteration,3,23,22.837940,0.893214
[MO833] Iteration,1,23,22.838691,0.893445
[MO833] Iteration,0,23,22.843336,0.905161
[MO833] Iteration,2,23,22.844095,0.905199
[MO833] Iteration,0,24,23.731605,0.888269
[MO833] Iteration,2,24,23.732439,0.888344
[MO833] Iteration,3,24,23.738129,0.900189
[MO833] Iteration,1,24,23.738882,0.900191
[MO833] Iteration,2,25,24.652564,0.920125
[MO833] Iteration,0,25,24.653018,0.921413
[MO833] Iteration,1,25,24.665775,0.926893
[MO833] Iteration,3,25,24.665998,0.927869
[MO833] Iteration,0,26,25.593101,0.940083
[MO833] Iteration,2,26,25.594203,0.941639
[MO833] Iteration,3,26,25.599673,0.933675
[MO833] Iteration,1,26,25.600531,0.934756
[MO833] Iteration,0,27,26.489122,0.896021
[MO833] Iteration,2,27,26.489956,0.895753
[MO833] Iteration,3,27,26.495592,0.895919
[MO833] Iteration,1,27,26.496274,0.895743
[MO833] Iteration,0,28,27.385561,0.896439
[MO833] Iteration,2,28,27.385980,0.896024
[MO833] Iteration,3,28,27.392139,0.896547
[MO833] Iteration,1,28,27.392611,0.896337
[MO833] Iteration,0,29,28.283003,0.897442
[MO833] Iteration,2,29,28.283900,0.897920
[MO833] Iteration,3,29,28.289579,0.897440
[MO833] Iteration,1,29,28.290169,0.897558
[MO833] Iteration,0,30,29.179350,0.896347
[MO833] Iteration,2,30,29.180099,0.896199
[MO833] Iteration,3,30,29.185859,0.896280
[MO833] Iteration,1,30,29.186489,0.896320
[MO833] Iteration,0,31,30.074640,0.895290
[MO833] Iteration,2,31,30.076053,0.895954
[MO833] Iteration,3,31,30.081363,0.895504
[MO833] Iteration,1,31,30.082366,0.895877
[MO833] Iteration,0,32,30.970579,0.895939
[MO833] Iteration,2,32,30.971348,0.895295
[MO833] Iteration,3,32,30.977071,0.895708
[MO833] Iteration,1,32,30.977505,0.895139
[MO833] Iteration,0,33,31.865402,0.894823
[MO833] Iteration,2,33,31.866267,0.894919
[MO833] Iteration,3,33,31.872060,0.894989
[MO833] Iteration,1,33,31.872697,0.895192
[MO833] Iteration,2,34,32.761459,0.895192
[MO833] Iteration,1,34,32.769541,0.896844
[MO833] Iteration,0,34,32.770396,0.904994
[MO833] Iteration,3,34,32.788130,0.916070
[MO833] Iteration,3,35,33.697369,0.909239
[MO833] Iteration,1,35,33.698075,0.928534
[MO833] Iteration,0,35,33.704642,0.934246
[MO833] Iteration,2,35,33.705354,0.943895
[MO833] Iteration,0,36,34.593289,0.888647
[MO833] Iteration,2,36,34.594035,0.888681
[MO833] Iteration,3,36,34.599892,0.902523
[MO833] Iteration,1,36,34.600601,0.902526
[MO833] Iteration,0,37,35.489390,0.896101
[MO833] Iteration,2,37,35.490206,0.896171
[MO833] Iteration,3,37,35.495890,0.895998
[MO833] Iteration,1,37,35.496516,0.895915
[MO833] Iteration,0,38,36.384965,0.895575
[MO833] Iteration,2,38,36.386210,0.896004
[MO833] Iteration,3,38,36.391608,0.895718
[MO833] Iteration,1,38,36.392419,0.895903
[MO833] Iteration,0,39,37.284426,0.899461
 Time step   40
[MO833] Iteration,2,39,37.285315,0.899105
[MO833] Iteration,3,39,37.291110,0.899502
[MO833] Iteration,1,39,37.291764,0.899345
[MO833] Iteration,0,40,38.176720,0.892294
[MO833] Iteration,2,40,38.177650,0.892335
[MO833] Iteration,3,40,38.183329,0.892219
[MO833] Iteration,1,40,38.184002,0.892238
[MO833] Iteration,0,41,39.071695,0.894975
[MO833] Iteration,2,41,39.072478,0.894828
[MO833] Iteration,3,41,39.078314,0.894985
[MO833] Iteration,1,41,39.078837,0.894835
[MO833] Iteration,0,42,39.967045,0.895350
[MO833] Iteration,2,42,39.967640,0.895162
[MO833] Iteration,3,42,39.973483,0.895169
[MO833] Iteration,1,42,39.973972,0.895135
[MO833] Iteration,0,43,40.862916,0.895871
[MO833] Iteration,2,43,40.863948,0.896308
[MO833] Iteration,3,43,40.869546,0.896063
[MO833] Iteration,1,43,40.870254,0.896282
[MO833] Iteration,3,44,41.763062,0.893516
[MO833] Iteration,1,44,41.763837,0.893583
[MO833] Iteration,0,44,41.768049,0.905133
[MO833] Iteration,2,44,41.769074,0.905126
[MO833] Iteration,0,45,42.656884,0.888835
[MO833] Iteration,2,45,42.657689,0.888615
[MO833] Iteration,3,45,42.663352,0.900290
[MO833] Iteration,1,45,42.664042,0.900205
[MO833] Iteration,0,46,43.553056,0.896172
[MO833] Iteration,2,46,43.553757,0.896068
[MO833] Iteration,3,46,43.559644,0.896292
[MO833] Iteration,1,46,43.560191,0.896149
[MO833] Iteration,0,47,44.448920,0.895864
[MO833] Iteration,2,47,44.449868,0.896111
[MO833] Iteration,3,47,44.455490,0.895846
[MO833] Iteration,1,47,44.456224,0.896033
[MO833] Iteration,0,48,45.345079,0.896159
[MO833] Iteration,2,48,45.345711,0.895843
[MO833] Iteration,3,48,45.351672,0.896182
[MO833] Iteration,1,48,45.352134,0.895910
[MO833] Iteration,0,49,46.236689,0.891610
[MO833] Iteration,2,49,46.237607,0.891896
[MO833] Iteration,3,49,46.243243,0.891571
[MO833] Iteration,1,49,46.244011,0.891877
[MO833] Iteration,0,50,47.132034,0.895345
[MO833] Iteration,2,50,47.132771,0.895164
[MO833] Iteration,3,50,47.138481,0.895238
[MO833] Iteration,1,50,47.139046,0.895035
[MO833] Iteration,0,51,48.027969,0.895935
[MO833] Iteration,2,51,48.028729,0.895958
[MO833] Iteration,3,51,48.034594,0.896113
[MO833] Iteration,1,51,48.035060,0.896014
[MO833] Iteration,0,52,48.952974,0.925005
[MO833] Iteration,3,52,48.959219,0.924625
[MO833] Iteration,2,52,48.978031,0.949302
[MO833] Iteration,1,52,48.995845,0.960785
[MO833] Iteration,0,53,49.898996,0.946022
[MO833] Iteration,2,53,49.899788,0.921757
[MO833] Iteration,3,53,49.905479,0.946260
[MO833] Iteration,1,53,49.906170,0.910325
[MO833] Iteration,0,54,50.799811,0.900815
[MO833] Iteration,2,54,50.800456,0.900668
[MO833] Iteration,3,54,50.801430,0.895951
[MO833] Iteration,1,54,50.802028,0.895858
[MO833] Iteration,0,55,51.690128,0.890317
[MO833] Iteration,2,55,51.691224,0.890768
[MO833] Iteration,3,55,51.696690,0.895260
[MO833] Iteration,1,55,51.697530,0.895502
[MO833] Iteration,0,56,52.586366,0.896238
[MO833] Iteration,2,56,52.587257,0.896033
[MO833] Iteration,3,56,52.592956,0.896266
[MO833] Iteration,1,56,52.593578,0.896048
[MO833] Iteration,0,57,53.482390,0.896024
[MO833] Iteration,2,57,53.483269,0.896012
[MO833] Iteration,3,57,53.488925,0.895969
[MO833] Iteration,1,57,53.489611,0.896033
[MO833] Iteration,0,58,54.378971,0.896581
[MO833] Iteration,2,58,54.379787,0.896518
[MO833] Iteration,3,58,54.385545,0.896620
[MO833] Iteration,1,58,54.386147,0.896536
[MO833] Iteration,0,59,55.275262,0.896291
 Time step   60
[MO833] Iteration,2,59,55.276052,0.896265
[MO833] Iteration,3,59,55.281804,0.896259
[MO833] Iteration,1,59,55.282437,0.896290
[MO833] Iteration,0,60,56.166255,0.890993
[MO833] Iteration,2,60,56.167076,0.891024
[MO833] Iteration,3,60,56.172764,0.890960
[MO833] Iteration,1,60,56.173373,0.890936
[MO833] Iteration,0,61,57.061535,0.895280
[MO833] Iteration,2,61,57.062328,0.895252
[MO833] Iteration,3,61,57.068039,0.895275
[MO833] Iteration,1,61,57.068665,0.895292
[MO833] Iteration,0,62,57.957665,0.896130
[MO833] Iteration,2,62,57.958545,0.896217
[MO833] Iteration,3,62,57.964165,0.896126
[MO833] Iteration,1,62,57.964846,0.896181
[MO833] Iteration,0,63,58.853817,0.896152
[MO833] Iteration,2,63,58.854520,0.895975
[MO833] Iteration,3,63,58.860321,0.896156
[MO833] Iteration,1,63,58.860804,0.895958
[MO833] Iteration,0,64,59.749679,0.895862
[MO833] Iteration,2,64,59.750745,0.896225
[MO833] Iteration,3,64,59.756188,0.895867
[MO833] Iteration,1,64,59.757033,0.896229
[MO833] Iteration,0,65,60.645953,0.896274
[MO833] Iteration,2,65,60.646758,0.896013
[MO833] Iteration,3,65,60.652693,0.896505
[MO833] Iteration,1,65,60.653239,0.896206
[MO833] Iteration,2,66,61.545361,0.898603
[MO833] Iteration,3,66,61.546376,0.893683
[MO833] Iteration,1,66,61.547189,0.893950
[MO833] Iteration,0,66,61.551674,0.905721
[MO833] Iteration,0,67,62.439312,0.887638
[MO833] Iteration,2,67,62.440245,0.894884
[MO833] Iteration,3,67,62.445896,0.899520
[MO833] Iteration,1,67,62.446622,0.899433
[MO833] Iteration,0,68,63.343739,0.904427
[MO833] Iteration,2,68,63.344752,0.904507
[MO833] Iteration,3,68,63.350544,0.904648
[MO833] Iteration,1,68,63.351281,0.904659
[MO833] Iteration,0,69,64.240514,0.896775
[MO833] Iteration,2,69,64.241315,0.896563
[MO833] Iteration,3,69,64.247134,0.896590
[MO833] Iteration,1,69,64.247756,0.896475
[MO833] Iteration,0,70,65.143700,0.903186
[MO833] Iteration,2,70,65.155534,0.914219
[MO833] Iteration,3,70,65.157222,0.910088
[MO833] Iteration,1,70,65.176076,0.928320
[MO833] Iteration,0,71,66.065304,0.921604
[MO833] Iteration,2,71,66.066128,0.910594
[MO833] Iteration,3,71,66.071779,0.914557
[MO833] Iteration,1,71,66.072518,0.896442
[MO833] Iteration,0,72,66.961614,0.896310
[MO833] Iteration,2,72,66.962041,0.895913
[MO833] Iteration,3,72,66.968052,0.896273
[MO833] Iteration,1,72,66.968500,0.895982
[MO833] Iteration,0,73,67.868433,0.906819
[MO833] Iteration,2,73,67.869239,0.907198
[MO833] Iteration,3,73,67.875028,0.906976
[MO833] Iteration,1,73,67.875702,0.907202
[MO833] Iteration,0,74,68.764344,0.895911
[MO833] Iteration,2,74,68.764823,0.895584
[MO833] Iteration,3,74,68.770849,0.895821
[MO833] Iteration,1,74,68.771256,0.895554
[MO833] Iteration,0,75,69.659531,0.895187
[MO833] Iteration,2,75,69.660298,0.895475
[MO833] Iteration,3,75,69.666190,0.895341
[MO833] Iteration,1,75,69.666679,0.895423
[MO833] Iteration,0,76,70.555531,0.896000
[MO833] Iteration,2,76,70.556129,0.895831
[MO833] Iteration,3,76,70.562035,0.895845
[MO833] Iteration,1,76,70.562663,0.895984
[MO833] Iteration,0,77,71.451444,0.895913
[MO833] Iteration,2,77,71.452285,0.896156
[MO833] Iteration,3,77,71.457983,0.895948
[MO833] Iteration,1,77,71.458790,0.896127
[MO833] Iteration,0,78,72.348051,0.896607
[MO833] Iteration,2,78,72.349042,0.896757
[MO833] Iteration,3,78,72.354702,0.896719
[MO833] Iteration,1,78,72.355635,0.896845
[MO833] Iteration,0,79,73.244976,0.896925
 Time step   80
[MO833] Iteration,2,79,73.245365,0.896323
[MO833] Iteration,3,79,73.251422,0.896720
[MO833] Iteration,1,79,73.251852,0.896217
[MO833] Iteration,3,80,74.144751,0.893329
[MO833] Iteration,1,80,74.145469,0.893617
[MO833] Iteration,0,80,74.151157,0.906181
[MO833] Iteration,2,80,74.151749,0.906384
[MO833] Iteration,0,81,75.039298,0.888141
[MO833] Iteration,2,81,75.040279,0.888530
[MO833] Iteration,3,81,75.045886,0.901135
[MO833] Iteration,1,81,75.046694,0.901225
[MO833] Iteration,0,82,75.935131,0.895833
[MO833] Iteration,2,82,75.935722,0.895443
[MO833] Iteration,3,82,75.941453,0.895567
[MO833] Iteration,1,82,75.941931,0.895237
[MO833] Iteration,0,83,76.828292,0.893161
[MO833] Iteration,2,83,76.829249,0.893527
[MO833] Iteration,3,83,76.834888,0.893435
[MO833] Iteration,1,83,76.835636,0.893705
[MO833] Iteration,0,84,77.724300,0.896008
[MO833] Iteration,2,84,77.725157,0.895908
[MO833] Iteration,3,84,77.730837,0.895949
[MO833] Iteration,1,84,77.731553,0.895917
[MO833] Iteration,0,85,78.620423,0.896123
[MO833] Iteration,2,85,78.621214,0.896057
[MO833] Iteration,3,85,78.626970,0.896133
[MO833] Iteration,1,85,78.627680,0.896127
[MO833] Iteration,0,86,79.516410,0.895987
[MO833] Iteration,2,86,79.517093,0.895879
[MO833] Iteration,3,86,79.522942,0.895972
[MO833] Iteration,1,86,79.523456,0.895776
[MO833] Iteration,0,87,80.412429,0.896019
[MO833] Iteration,2,87,80.413385,0.896292
[MO833] Iteration,3,87,80.419132,0.896190
[MO833] Iteration,1,87,80.419780,0.896324
[MO833] Iteration,0,88,81.309082,0.896653
[MO833] Iteration,2,88,81.310141,0.896756
[MO833] Iteration,3,88,81.315644,0.896512
[MO833] Iteration,1,88,81.316434,0.896654
[MO833] Iteration,0,89,82.204305,0.895223
[MO833] Iteration,2,89,82.205102,0.894961
[MO833] Iteration,3,89,82.210881,0.895237
[MO833] Iteration,1,89,82.211596,0.895162
[MO833] Iteration,0,90,83.099342,0.895037
[MO833] Iteration,2,90,83.100175,0.895073
[MO833] Iteration,3,90,83.105800,0.894919
[MO833] Iteration,1,90,83.106568,0.894972
[MO833] Iteration,0,91,83.995775,0.896433
[MO833] Iteration,2,91,83.996396,0.896221
[MO833] Iteration,3,91,84.002328,0.896528
[MO833] Iteration,1,91,84.002826,0.896258
[MO833] Iteration,0,92,84.891853,0.896078
[MO833] Iteration,2,92,84.892733,0.896337
[MO833] Iteration,3,92,84.898391,0.896063
[MO833] Iteration,1,92,84.899143,0.896317
[MO833] Iteration,0,93,85.788489,0.896636
[MO833] Iteration,2,93,85.789281,0.896548
[MO833] Iteration,3,93,85.795050,0.896659
[MO833] Iteration,1,93,85.795732,0.896589
[MO833] Iteration,0,94,86.684510,0.896021
[MO833] Iteration,2,94,86.685214,0.895933
[MO833] Iteration,3,94,86.691052,0.896002
[MO833] Iteration,1,94,86.691586,0.895854
[MO833] Iteration,0,95,87.580760,0.896250
[MO833] Iteration,2,95,87.581482,0.896268
[MO833] Iteration,3,95,87.587213,0.896161
[MO833] Iteration,1,95,87.587825,0.896239
[MO833] Iteration,0,96,88.476346,0.895586
[MO833] Iteration,2,96,88.477372,0.895890
[MO833] Iteration,3,96,88.483001,0.895788
[MO833] Iteration,1,96,88.483700,0.895875
[MO833] Iteration,0,97,89.372533,0.896187
[MO833] Iteration,2,97,89.373453,0.896081
[MO833] Iteration,3,97,89.379090,0.896089
[MO833] Iteration,1,97,89.379732,0.896032
[MO833] Iteration,0,98,90.270252,0.897719
[MO833] Iteration,2,98,90.271099,0.897646
[MO833] Iteration,3,98,90.276753,0.897663
[MO833] Iteration,1,98,90.277298,0.897566
[MO833] Iteration,0,99,91.166348,0.896096
 Time step  100
[MO833] Iteration,2,99,91.167088,0.895989
[MO833] Iteration,3,99,91.172970,0.896217
[MO833] Iteration,1,99,91.173500,0.896202
[MO833] Iteration,0,100,92.063759,0.897411
[MO833] Iteration,2,100,92.064624,0.897536
[MO833] Iteration,3,100,92.070385,0.897415
[MO833] Iteration,1,100,92.071051,0.897551
[MO833] Iteration,0,101,92.960583,0.896824
[MO833] Iteration,2,101,92.961539,0.896915
[MO833] Iteration,3,101,92.967112,0.896727
[MO833] Iteration,1,101,92.967915,0.896864
[MO833] Iteration,0,102,93.863220,0.902637
[MO833] Iteration,2,102,93.864047,0.902508
[MO833] Iteration,3,102,93.869973,0.902861
[MO833] Iteration,1,102,93.870607,0.902692
[MO833] Iteration,2,103,94.758771,0.894724
[MO833] Iteration,1,103,94.775769,0.905162
[MO833] Iteration,0,103,94.784843,0.921623
[MO833] Iteration,3,103,94.798491,0.928518
[MO833] Iteration,0,104,95.731033,0.946190
[MO833] Iteration,2,104,95.732883,0.974112
[MO833] Iteration,3,104,95.738015,0.939524
[MO833] Iteration,1,104,95.739371,0.963602
[MO833] Iteration,0,105,96.644333,0.913300
[MO833] Iteration,2,105,96.645211,0.912328
[MO833] Iteration,3,105,96.651060,0.913045
[MO833] Iteration,1,105,96.651768,0.912397
[MO833] Iteration,0,106,97.549151,0.904818
[MO833] Iteration,2,106,97.549829,0.904618
[MO833] Iteration,3,106,97.555815,0.904755
[MO833] Iteration,1,106,97.556351,0.904583
[MO833] Iteration,0,107,98.453723,0.904572
[MO833] Iteration,2,107,98.454714,0.904885
[MO833] Iteration,3,107,98.460489,0.904674
[MO833] Iteration,1,107,98.461096,0.904745
[MO833] Iteration,0,108,99.369183,0.915460
[MO833] Iteration,2,108,99.370114,0.915400
[MO833] Iteration,3,108,99.375822,0.915333
[MO833] Iteration,1,108,99.376472,0.915376
[MO833] Iteration,0,109,100.264104,0.894921
[MO833] Iteration,2,109,100.265074,0.894960
[MO833] Iteration,3,109,100.270715,0.894893
[MO833] Iteration,1,109,100.271463,0.894991
[MO833] Iteration,0,110,101.160075,0.895971
[MO833] Iteration,2,110,101.160862,0.895788
[MO833] Iteration,3,110,101.166621,0.895906
[MO833] Iteration,1,110,101.167282,0.895819
[MO833] Iteration,0,111,102.056223,0.896148
[MO833] Iteration,2,111,102.057255,0.896393
[MO833] Iteration,3,111,102.062826,0.896205
[MO833] Iteration,1,111,102.063618,0.896336
[MO833] Iteration,0,112,102.952607,0.896384
[MO833] Iteration,2,112,102.953327,0.896072
[MO833] Iteration,3,112,102.959219,0.896393
[MO833] Iteration,1,112,102.959701,0.896083
[MO833] Iteration,0,113,103.848403,0.895796
[MO833] Iteration,2,113,103.849085,0.895758
[MO833] Iteration,3,113,103.854943,0.895724
[MO833] Iteration,1,113,103.855445,0.895744
[MO833] Iteration,0,114,104.744398,0.895995
[MO833] Iteration,2,114,104.745347,0.896262
[MO833] Iteration,3,114,104.750954,0.896011
[MO833] Iteration,1,114,104.751642,0.896197
[MO833] Iteration,0,115,105.640352,0.895954
[MO833] Iteration,2,115,105.640807,0.895460
[MO833] Iteration,3,115,105.646899,0.895945
[MO833] Iteration,1,115,105.647307,0.895665
[MO833] Iteration,0,116,106.536124,0.895772
[MO833] Iteration,2,116,106.536889,0.896082
[MO833] Iteration,3,116,106.542699,0.895800
[MO833] Iteration,1,116,106.543362,0.896055
[MO833] Iteration,0,117,107.432143,0.896019
[MO833] Iteration,2,117,107.433045,0.896156
[MO833] Iteration,3,117,107.438725,0.896026
[MO833] Iteration,1,117,107.439471,0.896109
[MO833] Iteration,3,118,108.331133,0.892408
[MO833] Iteration,1,118,108.331600,0.892129
[MO833] Iteration,2,118,108.337849,0.904804
[MO833] Iteration,0,118,108.338575,0.906432
[MO833] Iteration,0,119,109.226473,0.887898
 Time step  120
[MO833] Iteration,2,119,109.227477,0.889628
[MO833] Iteration,3,119,109.232971,0.901838
[MO833] Iteration,1,119,109.233758,0.902158
[MO833] Iteration,0,120,110.122354,0.895881
[MO833] Iteration,2,120,110.123161,0.895684
[MO833] Iteration,3,120,110.128777,0.895806
[MO833] Iteration,1,120,110.129494,0.895736
[MO833] Iteration,0,121,111.018765,0.896411
[MO833] Iteration,2,121,111.019471,0.896310
[MO833] Iteration,3,121,111.025181,0.896404
[MO833] Iteration,1,121,111.025736,0.896242
[MO833] Iteration,0,122,111.914812,0.896047
[MO833] Iteration,2,122,111.915541,0.896070
[MO833] Iteration,3,122,111.921361,0.896180
[MO833] Iteration,1,122,111.921895,0.896159
[MO833] Iteration,0,123,112.811010,0.896198
[MO833] Iteration,2,123,112.811854,0.896313
[MO833] Iteration,3,123,112.817561,0.896200
[MO833] Iteration,1,123,112.818243,0.896348
[MO833] Iteration,0,124,113.707466,0.896456
[MO833] Iteration,2,124,113.708173,0.896319
[MO833] Iteration,3,124,113.714111,0.896550
[MO833] Iteration,1,124,113.714568,0.896325
[MO833] Iteration,0,125,114.603028,0.895562
[MO833] Iteration,2,125,114.603866,0.895693
[MO833] Iteration,3,125,114.609524,0.895413
[MO833] Iteration,1,125,114.610176,0.895608
[MO833] Iteration,0,126,115.498915,0.895887
[MO833] Iteration,2,126,115.499607,0.895741
[MO833] Iteration,3,126,115.505557,0.896033
[MO833] Iteration,1,126,115.506140,0.895964
[MO833] Iteration,0,127,116.394324,0.895409
[MO833] Iteration,2,127,116.395187,0.895580
[MO833] Iteration,3,127,116.400898,0.895341
[MO833] Iteration,1,127,116.401520,0.895380
[MO833] Iteration,0,128,117.290229,0.895905
[MO833] Iteration,2,128,117.290840,0.895653
[MO833] Iteration,3,128,117.296689,0.895791
[MO833] Iteration,1,128,117.297228,0.895708
[MO833] Iteration,0,129,118.185677,0.895448
[MO833] Iteration,2,129,118.186566,0.895726
[MO833] Iteration,3,129,118.192343,0.895654
[MO833] Iteration,1,129,118.193011,0.895783
[MO833] Iteration,0,130,119.081778,0.896101
[MO833] Iteration,2,130,119.083012,0.896446
[MO833] Iteration,3,130,119.088439,0.896096
[MO833] Iteration,1,130,119.089282,0.896271
[MO833] Iteration,0,131,119.971498,0.889720
[MO833] Iteration,2,131,119.972258,0.889246
[MO833] Iteration,3,131,119.977991,0.889552
[MO833] Iteration,1,131,119.978641,0.889359
[MO833] Iteration,0,132,120.865876,0.894378
[MO833] Iteration,2,132,120.866609,0.894351
[MO833] Iteration,3,132,120.872282,0.894291
[MO833] Iteration,1,132,120.872799,0.894158
[MO833] Iteration,0,133,121.758855,0.892979
[MO833] Iteration,2,133,121.759927,0.893318
[MO833] Iteration,3,133,121.765297,0.893015
[MO833] Iteration,1,133,121.766102,0.893303
[MO833] Iteration,0,134,122.651790,0.892935
[MO833] Iteration,2,134,122.652714,0.892787
[MO833] Iteration,3,134,122.658219,0.892922
[MO833] Iteration,1,134,122.658955,0.892853
[MO833] Iteration,0,135,123.546284,0.894494
[MO833] Iteration,2,135,123.546937,0.894223
[MO833] Iteration,3,135,123.552800,0.894581
[MO833] Iteration,1,135,123.553220,0.894265
[MO833] Iteration,0,136,124.446205,0.899921
[MO833] Iteration,2,136,124.446896,0.899959
[MO833] Iteration,3,136,124.452899,0.900099
[MO833] Iteration,1,136,124.453530,0.900310
[MO833] Iteration,0,137,125.351840,0.905635
[MO833] Iteration,2,137,125.362357,0.915461
[MO833] Iteration,3,137,125.365322,0.912423
[MO833] Iteration,1,137,125.382430,0.928900
[MO833] Iteration,0,138,126.271988,0.920148
[MO833] Iteration,2,138,126.273007,0.910650
[MO833] Iteration,3,138,126.278650,0.913328
[MO833] Iteration,1,138,126.279340,0.896910
[MO833] Iteration,0,139,127.167754,0.895766
 Time step  140
[MO833] Iteration,2,139,127.168412,0.895405
[MO833] Iteration,3,139,127.174349,0.895699
[MO833] Iteration,1,139,127.174878,0.895538
[MO833] Iteration,0,140,128.063746,0.895992
[MO833] Iteration,2,140,128.064233,0.895821
[MO833] Iteration,3,140,128.070314,0.895965
[MO833] Iteration,1,140,128.070752,0.895874
[MO833] Iteration,0,141,128.960302,0.896556
[MO833] Iteration,2,141,128.960861,0.896628
[MO833] Iteration,3,141,128.966936,0.896622
[MO833] Iteration,1,141,128.967385,0.896633
[MO833] Iteration,0,142,129.856136,0.895834
[MO833] Iteration,2,142,129.857034,0.896173
[MO833] Iteration,3,142,129.862711,0.895775
[MO833] Iteration,1,142,129.863409,0.896024
[MO833] Iteration,3,143,130.756251,0.893540
[MO833] Iteration,1,143,130.757116,0.893707
[MO833] Iteration,2,143,130.762455,0.905421
[MO833] Iteration,0,143,130.762626,0.906490
[MO833] Iteration,0,144,131.650329,0.887703
[MO833] Iteration,2,144,131.651092,0.888637
[MO833] Iteration,3,144,131.656845,0.900594
[MO833] Iteration,1,144,131.657513,0.900397
[MO833] Iteration,0,145,132.545361,0.895032
[MO833] Iteration,2,145,132.546302,0.895210
[MO833] Iteration,3,145,132.551930,0.895085
[MO833] Iteration,1,145,132.552592,0.895079
[MO833] Iteration,0,146,133.441118,0.895757
[MO833] Iteration,2,146,133.441892,0.895590
[MO833] Iteration,3,146,133.447756,0.895826
[MO833] Iteration,1,146,133.448327,0.895735
[MO833] Iteration,0,147,134.336976,0.895858
[MO833] Iteration,2,147,134.337804,0.895912
[MO833] Iteration,3,147,134.343534,0.895778
[MO833] Iteration,1,147,134.344164,0.895837
[MO833] Iteration,0,148,135.232787,0.895811
[MO833] Iteration,2,148,135.233819,0.896015
[MO833] Iteration,3,148,135.239397,0.895863
[MO833] Iteration,1,148,135.240277,0.896113
[MO833] Iteration,0,149,136.128972,0.896185
[MO833] Iteration,2,149,136.129704,0.895885
[MO833] Iteration,3,149,136.135800,0.896403
[MO833] Iteration,1,149,136.136291,0.896014
[MO833] Iteration,0,150,137.025030,0.896058
[MO833] Iteration,2,150,137.025743,0.896039
[MO833] Iteration,3,150,137.031497,0.895697
[MO833] Iteration,1,150,137.032070,0.895779
[MO833] Iteration,0,151,137.918393,0.893363
[MO833] Iteration,2,151,137.919157,0.893414
[MO833] Iteration,3,151,137.924736,0.893239
[MO833] Iteration,1,151,137.925343,0.893273
[MO833] Iteration,0,152,138.811649,0.893256
[MO833] Iteration,2,152,138.812586,0.893429
[MO833] Iteration,3,152,138.818140,0.893404
[MO833] Iteration,1,152,138.818811,0.893468
[MO833] Iteration,0,153,139.706245,0.894596
[MO833] Iteration,2,153,139.707210,0.894624
[MO833] Iteration,3,153,139.712822,0.894682
[MO833] Iteration,1,153,139.713467,0.894656
[MO833] Iteration,0,154,140.602644,0.896399
[MO833] Iteration,2,154,140.603194,0.895984
[MO833] Iteration,3,154,140.609133,0.896311
[MO833] Iteration,1,154,140.609687,0.896220
[MO833] Iteration,0,155,141.498756,0.896112
[MO833] Iteration,2,155,141.499685,0.896491
[MO833] Iteration,3,155,141.505347,0.896214
[MO833] Iteration,1,155,141.506156,0.896469
[MO833] Iteration,0,156,142.392672,0.893916
[MO833] Iteration,2,156,142.393691,0.894006
[MO833] Iteration,3,156,142.399248,0.893901
[MO833] Iteration,1,156,142.399963,0.893807
[MO833] Iteration,0,157,143.289089,0.896417
[MO833] Iteration,2,157,143.289825,0.896134
[MO833] Iteration,3,157,143.295596,0.896348
[MO833] Iteration,1,157,143.296199,0.896236
[MO833] Iteration,0,158,144.178983,0.889894
[MO833] Iteration,2,158,144.179746,0.889921
[MO833] Iteration,3,158,144.185327,0.889731
[MO833] Iteration,1,158,144.185926,0.889727
[MO833] Iteration,0,159,145.073938,0.894955
 Time step  160
[MO833] Iteration,2,159,145.074951,0.895205
[MO833] Iteration,3,159,145.080575,0.895248
[MO833] Iteration,1,159,145.081271,0.895345
[MO833] Iteration,0,160,145.970314,0.896376
[MO833] Iteration,2,160,145.970900,0.895949
[MO833] Iteration,3,160,145.976776,0.896201
[MO833] Iteration,1,160,145.977277,0.896006
[MO833] Iteration,0,161,146.865968,0.895654
[MO833] Iteration,2,161,146.866934,0.896034
[MO833] Iteration,3,161,146.872560,0.895784
[MO833] Iteration,1,161,146.873322,0.896045
[MO833] Iteration,0,162,147.761945,0.895977
[MO833] Iteration,2,162,147.763004,0.896070
[MO833] Iteration,3,162,147.768608,0.896048
[MO833] Iteration,1,162,147.769361,0.896039
[MO833] Iteration,0,163,148.657967,0.896022
[MO833] Iteration,2,163,148.658710,0.895706
[MO833] Iteration,3,163,148.664710,0.896102
[MO833] Iteration,1,163,148.665279,0.895918
[MO833] Iteration,0,164,149.554139,0.896172
[MO833] Iteration,2,164,149.554910,0.896200
[MO833] Iteration,3,164,149.560653,0.895943
[MO833] Iteration,1,164,149.561270,0.895991
[MO833] Iteration,0,165,150.450502,0.896363
[MO833] Iteration,2,165,150.451253,0.896343
[MO833] Iteration,3,165,150.456922,0.896269
[MO833] Iteration,1,165,150.457585,0.896315
[MO833] Iteration,0,166,151.346972,0.896470
[MO833] Iteration,2,166,151.347833,0.896580
[MO833] Iteration,3,166,151.353539,0.896617
[MO833] Iteration,1,166,151.354246,0.896661
[MO833] Iteration,0,167,152.242775,0.895803
[MO833] Iteration,2,167,152.243530,0.895697
[MO833] Iteration,3,167,152.249255,0.895716
[MO833] Iteration,1,167,152.249876,0.895630
[MO833] Iteration,0,168,153.138808,0.896033
[MO833] Iteration,2,168,153.139433,0.895903
[MO833] Iteration,3,168,153.145390,0.896135
[MO833] Iteration,1,168,153.145947,0.896071
[MO833] Iteration,0,169,154.035143,0.896335
[MO833] Iteration,2,169,154.036081,0.896648
[MO833] Iteration,3,169,154.041747,0.896357
[MO833] Iteration,1,169,154.042469,0.896522
[MO833] Iteration,2,170,154.931597,0.895516
[MO833] Iteration,1,170,154.948865,0.906396
[MO833] Iteration,0,170,154.957706,0.922563
[MO833] Iteration,3,170,154.971647,0.929900
[MO833] Iteration,0,171,155.898699,0.940993
[MO833] Iteration,2,171,155.900433,0.968836
[MO833] Iteration,3,171,155.905479,0.933832
[MO833] Iteration,1,171,155.906647,0.957782
[MO833] Iteration,0,172,156.799014,0.900315
[MO833] Iteration,2,172,156.799799,0.899366
[MO833] Iteration,3,172,156.805545,0.900066
[MO833] Iteration,1,172,156.806108,0.899461
[MO833] Iteration,3,173,157.700329,0.894784
[MO833] Iteration,1,173,157.700941,0.894833
[MO833] Iteration,0,173,157.705699,0.906685
[MO833] Iteration,2,173,157.706361,0.906562
[MO833] Iteration,0,174,158.594789,0.889090
[MO833] Iteration,2,174,158.595087,0.888726
[MO833] Iteration,3,174,158.601123,0.900794
[MO833] Iteration,1,174,158.601444,0.900503
[MO833] Iteration,0,175,159.490228,0.895439
[MO833] Iteration,2,175,159.490720,0.895633
[MO833] Iteration,3,175,159.496533,0.895410
[MO833] Iteration,1,175,159.497008,0.895564
[MO833] Iteration,0,176,160.386417,0.896189
[MO833] Iteration,2,176,160.387002,0.896282
[MO833] Iteration,3,176,160.392835,0.896302
[MO833] Iteration,1,176,160.393335,0.896327
[MO833] Iteration,0,177,161.282193,0.895776
[MO833] Iteration,2,177,161.282992,0.895990
[MO833] Iteration,3,177,161.288659,0.895824
[MO833] Iteration,1,177,161.289317,0.895982
[MO833] Iteration,0,178,162.178026,0.895833
[MO833] Iteration,2,178,162.178719,0.895727
[MO833] Iteration,3,178,162.184435,0.895776
[MO833] Iteration,1,178,162.184935,0.895618
[MO833] Iteration,0,179,163.073740,0.895714
 Time step  180
[MO833] Iteration,2,179,163.074611,0.895892
[MO833] Iteration,3,179,163.080172,0.895737
[MO833] Iteration,1,179,163.080850,0.895915
[MO833] Iteration,0,180,163.969736,0.895996
[MO833] Iteration,2,180,163.970803,0.896192
[MO833] Iteration,3,180,163.976257,0.896085
[MO833] Iteration,1,180,163.977044,0.896194
[MO833] Iteration,0,181,164.866213,0.896477
[MO833] Iteration,2,181,164.867024,0.896221
[MO833] Iteration,3,181,164.872747,0.896490
[MO833] Iteration,1,181,164.873392,0.896348
[MO833] Iteration,0,182,165.761355,0.895142
[MO833] Iteration,2,182,165.762377,0.895353
[MO833] Iteration,3,182,165.767856,0.895109
[MO833] Iteration,1,182,165.768668,0.895276
[MO833] Iteration,0,183,166.657581,0.896226
[MO833] Iteration,2,183,166.658558,0.896181
[MO833] Iteration,3,183,166.664072,0.896216
[MO833] Iteration,1,183,166.664869,0.896201
[MO833] Iteration,0,184,167.553361,0.895780
[MO833] Iteration,2,184,167.554210,0.895652
[MO833] Iteration,3,184,167.559869,0.895797
[MO833] Iteration,1,184,167.560583,0.895714
[MO833] Iteration,0,185,168.449584,0.896223
[MO833] Iteration,2,185,168.450557,0.896347
[MO833] Iteration,3,185,168.456092,0.896223
[MO833] Iteration,1,185,168.456800,0.896217
[MO833] Iteration,0,186,169.345688,0.896104
[MO833] Iteration,2,186,169.346330,0.895773
[MO833] Iteration,3,186,169.352201,0.896109
[MO833] Iteration,1,186,169.352748,0.895948
[MO833] Iteration,0,187,170.241257,0.895569
[MO833] Iteration,2,187,170.242194,0.895864
[MO833] Iteration,3,187,170.247829,0.895628
[MO833] Iteration,1,187,170.248489,0.895741
[MO833] Iteration,0,188,171.137398,0.896141
[MO833] Iteration,2,188,171.137988,0.895794
[MO833] Iteration,3,188,171.143853,0.896024
[MO833] Iteration,1,188,171.144385,0.895896
[MO833] Iteration,0,189,172.030893,0.893495
[MO833] Iteration,2,189,172.031426,0.893438
[MO833] Iteration,3,189,172.037329,0.893476
[MO833] Iteration,1,189,172.037778,0.893393
[MO833] Iteration,0,190,172.924164,0.893271
[MO833] Iteration,2,190,172.924840,0.893414
[MO833] Iteration,3,190,172.930571,0.893242
[MO833] Iteration,1,190,172.930997,0.893219
[MO833] Iteration,0,191,173.821542,0.897378
[MO833] Iteration,2,191,173.822216,0.897376
[MO833] Iteration,3,191,173.828010,0.897439
[MO833] Iteration,1,191,173.828579,0.897582
[MO833] Iteration,0,192,174.715036,0.893494
[MO833] Iteration,2,192,174.715849,0.893633
[MO833] Iteration,3,192,174.721392,0.893382
[MO833] Iteration,1,192,174.722083,0.893504
[MO833] Iteration,0,193,175.608881,0.893845
[MO833] Iteration,2,193,175.609879,0.894030
[MO833] Iteration,3,193,175.615446,0.894054
[MO833] Iteration,1,193,175.616215,0.894132
[MO833] Iteration,0,194,176.505142,0.896261
[MO833] Iteration,2,194,176.505799,0.895920
[MO833] Iteration,3,194,176.511572,0.896126
[MO833] Iteration,1,194,176.512052,0.895837
[MO833] Iteration,0,195,177.401375,0.896233
[MO833] Iteration,2,195,177.401979,0.896180
[MO833] Iteration,3,195,177.407709,0.896137
[MO833] Iteration,1,195,177.408272,0.896220
[MO833] Iteration,0,196,178.294515,0.893140
[MO833] Iteration,2,196,178.295454,0.893475
[MO833] Iteration,3,196,178.301090,0.893381
[MO833] Iteration,1,196,178.301723,0.893451
[MO833] Iteration,0,197,179.190293,0.895778
[MO833] Iteration,2,197,179.191066,0.895612
[MO833] Iteration,3,197,179.196755,0.895665
[MO833] Iteration,1,197,179.197422,0.895699
[MO833] Iteration,0,198,180.086173,0.895880
[MO833] Iteration,2,198,180.086990,0.895924
[MO833] Iteration,3,198,180.092704,0.895949
[MO833] Iteration,1,198,180.093386,0.895964
[MO833] Iteration,0,199,180.982292,0.896119
 Time step  200
[MO833] Iteration,2,199,180.983359,0.896369
[MO833] Iteration,3,199,180.988977,0.896273
[MO833] Iteration,1,199,180.989785,0.896399
[MO833] Iteration,0,200,181.878548,0.896256
[MO833] Iteration,2,200,181.879319,0.895960
[MO833] Iteration,3,200,181.885023,0.896046
[MO833] Iteration,1,200,181.885692,0.895907
[MO833] Iteration,0,201,182.774273,0.895725
[MO833] Iteration,2,201,182.775234,0.895915
[MO833] Iteration,3,201,182.780807,0.895784
[MO833] Iteration,1,201,182.781543,0.895851
[MO833] Iteration,0,202,183.669754,0.895481
[MO833] Iteration,2,202,183.670750,0.895516
[MO833] Iteration,3,202,183.676270,0.895463
[MO833] Iteration,1,202,183.677041,0.895498
[MO833] Iteration,0,203,184.565550,0.895796
[MO833] Iteration,2,203,184.566785,0.896035
[MO833] Iteration,3,203,184.572198,0.895928
[MO833] Iteration,1,203,184.573087,0.896046
[MO833] Iteration,0,204,185.468034,0.902484
[MO833] Iteration,2,204,185.481245,0.914460
[MO833] Iteration,3,204,185.482245,0.910047
[MO833] Iteration,1,204,185.501920,0.928833
[MO833] Iteration,0,205,186.398969,0.930935
[MO833] Iteration,2,205,186.399895,0.918650
[MO833] Iteration,3,205,186.405465,0.923220
[MO833] Iteration,1,205,186.406191,0.904271
[MO833] Iteration,0,206,187.294848,0.895879
[MO833] Iteration,2,206,187.295771,0.895876
[MO833] Iteration,3,206,187.301311,0.895846
[MO833] Iteration,1,206,187.302033,0.895842
[MO833] Iteration,0,207,188.190671,0.895823
[MO833] Iteration,2,207,188.191337,0.895566
[MO833] Iteration,3,207,188.197249,0.895938
[MO833] Iteration,1,207,188.197680,0.895647
[MO833] Iteration,0,208,189.086978,0.896307
[MO833] Iteration,2,208,189.087910,0.896573
[MO833] Iteration,3,208,189.093463,0.896214
[MO833] Iteration,1,208,189.094203,0.896523
[MO833] Iteration,2,209,189.981906,0.893996
[MO833] Iteration,3,209,189.985345,0.891882
[MO833] Iteration,1,209,189.986031,0.891828
[MO833] Iteration,0,209,189.990298,0.903320
[MO833] Iteration,0,210,190.877300,0.887002
[MO833] Iteration,2,210,190.878138,0.896232
[MO833] Iteration,3,210,190.883852,0.898507
[MO833] Iteration,1,210,190.884534,0.898503
[MO833] Iteration,0,211,191.773223,0.895923
[MO833] Iteration,2,211,191.774147,0.896009
[MO833] Iteration,3,211,191.779770,0.895918
[MO833] Iteration,1,211,191.780426,0.895892
[MO833] Iteration,0,212,192.669052,0.895829
[MO833] Iteration,2,212,192.669731,0.895584
[MO833] Iteration,3,212,192.675719,0.895949
[MO833] Iteration,1,212,192.676182,0.895756
[MO833] Iteration,0,213,193.564623,0.895571
[MO833] Iteration,2,213,193.565464,0.895733
[MO833] Iteration,3,213,193.571197,0.895478
[MO833] Iteration,1,213,193.571914,0.895732
[MO833] Iteration,0,214,194.460639,0.896016
[MO833] Iteration,2,214,194.461117,0.895653
[MO833] Iteration,3,214,194.467110,0.895913
[MO833] Iteration,1,214,194.467498,0.895584
[MO833] Iteration,0,215,195.356309,0.895670
[MO833] Iteration,2,215,195.357481,0.896364
[MO833] Iteration,3,215,195.362988,0.895878
[MO833] Iteration,1,215,195.363871,0.896373
[MO833] Iteration,0,216,196.252887,0.896578
[MO833] Iteration,2,216,196.253623,0.896142
[MO833] Iteration,3,216,196.259400,0.896412
[MO833] Iteration,1,216,196.260051,0.896180
[MO833] Iteration,0,217,197.148937,0.896050
[MO833] Iteration,2,217,197.149549,0.895926
[MO833] Iteration,3,217,197.155507,0.896107
[MO833] Iteration,1,217,197.155949,0.895898
[MO833] Iteration,0,218,198.044145,0.895208
[MO833] Iteration,2,218,198.045035,0.895486
[MO833] Iteration,3,218,198.050718,0.895211
[MO833] Iteration,1,218,198.051360,0.895411
[MO833] Iteration,0,219,198.940372,0.896227
 Time step  220
[MO833] Iteration,2,219,198.940959,0.895924
[MO833] Iteration,3,219,198.946902,0.896184
[MO833] Iteration,1,219,198.947368,0.896008
[MO833] Iteration,0,220,199.835768,0.895396
[MO833] Iteration,2,220,199.836536,0.895577
[MO833] Iteration,3,220,199.842363,0.895461
[MO833] Iteration,1,220,199.842964,0.895596
[MO833] Iteration,0,221,200.732048,0.896280
[MO833] Iteration,2,221,200.732762,0.896226
[MO833] Iteration,3,221,200.738614,0.896251
[MO833] Iteration,1,221,200.739275,0.896311
[MO833] Iteration,0,222,201.628102,0.896054
[MO833] Iteration,2,222,201.628500,0.895738
[MO833] Iteration,3,222,201.634480,0.895866
[MO833] Iteration,1,222,201.634942,0.895667
[MO833] Iteration,0,223,202.523484,0.895382
[MO833] Iteration,2,223,202.524207,0.895707
[MO833] Iteration,3,223,202.529979,0.895499
[MO833] Iteration,1,223,202.530668,0.895726
[MO833] Iteration,0,224,203.419692,0.896208
[MO833] Iteration,2,224,203.420390,0.896183
[MO833] Iteration,3,224,203.426251,0.896272
[MO833] Iteration,1,224,203.426740,0.896072
[MO833] Iteration,0,225,204.315598,0.895906
[MO833] Iteration,2,225,204.316326,0.895936
[MO833] Iteration,3,225,204.322034,0.895783
[MO833] Iteration,1,225,204.322741,0.896001
[MO833] Iteration,0,226,205.211755,0.896157
[MO833] Iteration,2,226,205.212458,0.896132
[MO833] Iteration,3,226,205.218114,0.896080
[MO833] Iteration,1,226,205.218704,0.895963
[MO833] Iteration,0,227,206.104384,0.892629
[MO833] Iteration,2,227,206.105117,0.892659
[MO833] Iteration,3,227,206.110761,0.892647
[MO833] Iteration,1,227,206.111402,0.892698
[MO833] Iteration,0,228,206.997788,0.893404
[MO833] Iteration,2,228,206.998548,0.893431
[MO833] Iteration,3,228,207.004227,0.893466
[MO833] Iteration,1,228,207.004777,0.893375
[MO833] Iteration,0,229,207.890375,0.892587
[MO833] Iteration,2,229,207.891332,0.892784
[MO833] Iteration,3,229,207.896794,0.892567
[MO833] Iteration,1,229,207.897481,0.892704
[MO833] Iteration,2,230,208.775366,0.884034
[MO833] Iteration,0,230,208.775678,0.885303
[MO833] Iteration,3,230,208.781289,0.884495
[MO833] Iteration,1,230,208.781855,0.884374
[MO833] Iteration,0,231,209.669888,0.894210
[MO833] Iteration,2,231,209.670674,0.895308
[MO833] Iteration,3,231,209.676428,0.895139
[MO833] Iteration,1,231,209.676925,0.895070
[MO833] Iteration,0,232,210.566236,0.896348
[MO833] Iteration,2,232,210.567093,0.896419
[MO833] Iteration,3,232,210.572799,0.896371
[MO833] Iteration,1,232,210.573353,0.896428
[MO833] Iteration,0,233,211.462280,0.896044
[MO833] Iteration,2,233,211.463200,0.896107
[MO833] Iteration,3,233,211.468772,0.895973
[MO833] Iteration,1,233,211.469485,0.896132
[MO833] Iteration,0,234,212.358292,0.896012
[MO833] Iteration,2,234,212.359143,0.895943
[MO833] Iteration,3,234,212.364844,0.896072
[MO833] Iteration,1,234,212.365451,0.895966
[MO833] Iteration,0,235,213.253968,0.895676
[MO833] Iteration,2,235,213.254864,0.895721
[MO833] Iteration,3,235,213.260550,0.895706
[MO833] Iteration,1,235,213.261198,0.895747
[MO833] Iteration,0,236,214.148963,0.894995
[MO833] Iteration,2,236,214.149777,0.894913
[MO833] Iteration,3,236,214.155408,0.894858
[MO833] Iteration,1,236,214.156032,0.894834
[MO833] Iteration,2,237,215.043052,0.893275
[MO833] Iteration,1,237,215.059962,0.903930
[MO833] Iteration,0,237,215.069140,0.920177
[MO833] Iteration,3,237,215.082852,0.927444
[MO833] Iteration,0,238,216.007723,0.938583
[MO833] Iteration,2,238,216.009487,0.966435
[MO833] Iteration,3,238,216.014452,0.931600
[MO833] Iteration,1,238,216.015747,0.955785
[MO833] Iteration,0,239,216.920326,0.912603
 Time step  240
[MO833] Iteration,2,239,216.921217,0.911730
[MO833] Iteration,3,239,216.927136,0.912684
[MO833] Iteration,1,239,216.927760,0.912013
[MO833] Iteration,0,240,217.816499,0.896173
[MO833] Iteration,2,240,217.817288,0.896071
[MO833] Iteration,3,240,217.823098,0.895962
[MO833] Iteration,1,240,217.823811,0.896051
[MO833] Iteration,0,241,218.718466,0.901967
[MO833] Iteration,2,241,218.719336,0.902048
[MO833] Iteration,3,241,218.724877,0.901779
[MO833] Iteration,1,241,218.725582,0.901771
[MO833] Iteration,0,242,219.632841,0.914375
[MO833] Iteration,2,242,219.633379,0.914043
[MO833] Iteration,3,242,219.639486,0.914609
[MO833] Iteration,1,242,219.639853,0.914271
[MO833] Iteration,0,243,220.528692,0.895851
[MO833] Iteration,2,243,220.529733,0.896354
[MO833] Iteration,3,243,220.535230,0.895744
[MO833] Iteration,1,243,220.536038,0.896185
[MO833] Iteration,0,244,221.421936,0.893244
[MO833] Iteration,2,244,221.422657,0.892924
[MO833] Iteration,3,244,221.428770,0.893540
[MO833] Iteration,1,244,221.429331,0.893293
[MO833] Iteration,0,245,222.322750,0.900814
[MO833] Iteration,2,245,222.323352,0.900695
[MO833] Iteration,3,245,222.329513,0.900743
[MO833] Iteration,1,245,222.330029,0.900698
[MO833] Iteration,0,246,223.214500,0.891750
[MO833] Iteration,2,246,223.215465,0.892113
[MO833] Iteration,3,246,223.221187,0.891674
[MO833] Iteration,1,246,223.221860,0.891831
[MO833] Iteration,0,247,224.106555,0.892055
[MO833] Iteration,2,247,224.107644,0.892179
[MO833] Iteration,3,247,224.113164,0.891977
[MO833] Iteration,1,247,224.113987,0.892127
[MO833] Iteration,0,248,224.998939,0.892384
[MO833] Iteration,2,248,224.999716,0.892072
[MO833] Iteration,3,248,225.005546,0.892382
[MO833] Iteration,1,248,225.006084,0.892097
[MO833] Iteration,0,249,225.890872,0.891933
[MO833] Iteration,2,249,225.891742,0.892026
[MO833] Iteration,3,249,225.897267,0.891721
[MO833] Iteration,1,249,225.897984,0.891900
[MO833] Iteration,0,250,226.781347,0.890475
[MO833] Iteration,2,250,226.782083,0.890341
[MO833] Iteration,3,250,226.787839,0.890572
[MO833] Iteration,1,250,226.788468,0.890484
[MO833] Iteration,0,251,227.673045,0.891698
[MO833] Iteration,2,251,227.674352,0.892269
[MO833] Iteration,3,251,227.679721,0.891882
[MO833] Iteration,1,251,227.680591,0.892123
[MO833] Iteration,2,252,228.564471,0.890119
[MO833] Iteration,0,252,228.569594,0.896549
[MO833] Iteration,3,252,228.570916,0.891195
[MO833] Iteration,1,252,228.571895,0.891304
[MO833] Iteration,0,253,229.456852,0.887258
[MO833] Iteration,2,253,229.457722,0.893251
[MO833] Iteration,3,253,229.463337,0.892421
[MO833] Iteration,1,253,229.464074,0.892179
[MO833] Iteration,0,254,230.348971,0.892119
[MO833] Iteration,2,254,230.349693,0.891971
[MO833] Iteration,3,254,230.355411,0.892074
[MO833] Iteration,1,254,230.355962,0.891888
[MO833] Iteration,0,255,231.240977,0.892006
[MO833] Iteration,2,255,231.241938,0.892245
[MO833] Iteration,3,255,231.247609,0.892198
[MO833] Iteration,1,255,231.248310,0.892348
[MO833] Iteration,0,256,232.133088,0.892111
[MO833] Iteration,2,256,232.134109,0.892171
[MO833] Iteration,3,256,232.139634,0.892025
[MO833] Iteration,1,256,232.140329,0.892019
[MO833] Iteration,0,257,233.025207,0.892119
[MO833] Iteration,2,257,233.025957,0.891848
[MO833] Iteration,3,257,233.031772,0.892138
[MO833] Iteration,1,257,233.032275,0.891946
[MO833] Iteration,0,258,233.917056,0.891849
[MO833] Iteration,2,258,233.917881,0.891924
[MO833] Iteration,3,258,233.923730,0.891958
[MO833] Iteration,1,258,233.924271,0.891996
[MO833] Iteration,0,259,234.808650,0.891594
 Time step  260
[MO833] Iteration,2,259,234.809652,0.891771
[MO833] Iteration,3,259,234.815199,0.891469
[MO833] Iteration,1,259,234.816039,0.891768
[MO833] Iteration,0,260,235.700830,0.892180
[MO833] Iteration,2,260,235.701950,0.892298
[MO833] Iteration,3,260,235.707535,0.892336
[MO833] Iteration,1,260,235.708398,0.892359
[MO833] Iteration,0,261,236.593195,0.892365
[MO833] Iteration,2,261,236.593995,0.892045
[MO833] Iteration,3,261,236.599743,0.892208
[MO833] Iteration,1,261,236.600419,0.892021
[MO833] Iteration,0,262,237.485508,0.892313
[MO833] Iteration,2,262,237.486334,0.892339
[MO833] Iteration,3,262,237.492012,0.892269
[MO833] Iteration,1,262,237.492603,0.892184
[MO833] Iteration,0,263,238.377671,0.892163
[MO833] Iteration,2,263,238.378681,0.892347
[MO833] Iteration,3,263,238.384246,0.892234
[MO833] Iteration,1,263,238.385080,0.892477
[MO833] Iteration,0,264,239.269859,0.892188
[MO833] Iteration,2,264,239.270751,0.892070
[MO833] Iteration,3,264,239.276442,0.892196
[MO833] Iteration,1,264,239.277170,0.892090
[MO833] Iteration,0,265,240.161768,0.891909
[MO833] Iteration,2,265,240.163003,0.892252
[MO833] Iteration,3,265,240.168461,0.892019
[MO833] Iteration,1,265,240.169300,0.892130
[MO833] Iteration,0,266,241.054053,0.892285
[MO833] Iteration,2,266,241.055198,0.892195
[MO833] Iteration,3,266,241.060684,0.892223
[MO833] Iteration,1,266,241.061494,0.892194
[MO833] Iteration,0,267,241.945946,0.891893
[MO833] Iteration,2,267,241.947043,0.891845
[MO833] Iteration,3,267,241.952556,0.891872
[MO833] Iteration,1,267,241.953303,0.891809
[MO833] Iteration,0,268,242.838326,0.892380
[MO833] Iteration,2,268,242.838976,0.891933
[MO833] Iteration,3,268,242.844746,0.892190
[MO833] Iteration,1,268,242.845298,0.891995
[MO833] Iteration,0,269,243.730127,0.891801
[MO833] Iteration,2,269,243.731246,0.892270
[MO833] Iteration,3,269,243.736656,0.891910
[MO833] Iteration,1,269,243.737502,0.892204
[MO833] Iteration,0,270,244.622344,0.892217
[MO833] Iteration,2,270,244.623067,0.891821
[MO833] Iteration,3,270,244.629001,0.892345
[MO833] Iteration,1,270,244.629629,0.892127
[MO833] Iteration,0,271,245.514318,0.891974
[MO833] Iteration,2,271,245.523991,0.900924
[MO833] Iteration,3,271,245.531671,0.902670
[MO833] Iteration,1,271,245.545128,0.915499
[MO833] Iteration,0,272,246.430566,0.916248
[MO833] Iteration,2,272,246.431487,0.907496
[MO833] Iteration,3,272,246.437162,0.905491
[MO833] Iteration,1,272,246.437861,0.892733
[MO833] Iteration,0,273,247.322830,0.892264
[MO833] Iteration,2,273,247.323744,0.892257
[MO833] Iteration,3,273,247.329317,0.892155
[MO833] Iteration,1,273,247.330015,0.892154
[MO833] Iteration,0,274,248.215228,0.892398
[MO833] Iteration,2,274,248.216149,0.892405
[MO833] Iteration,3,274,248.221684,0.892367
[MO833] Iteration,1,274,248.222473,0.892458
[MO833] Iteration,0,275,249.107820,0.892592
[MO833] Iteration,2,275,249.108607,0.892458
[MO833] Iteration,3,275,249.114345,0.892661
[MO833] Iteration,1,275,249.114917,0.892444
[MO833] Iteration,0,276,250.000133,0.892313
[MO833] Iteration,2,276,250.000751,0.892144
[MO833] Iteration,3,276,250.006675,0.892330
[MO833] Iteration,1,276,250.007244,0.892327
[MO833] Iteration,0,277,250.884202,0.884069
[MO833] Iteration,3,277,250.890770,0.884095
[MO833] Iteration,1,277,250.903321,0.896077
[MO833] Iteration,2,277,250.906113,0.905362
[MO833] Iteration,0,278,251.787076,0.902874
[MO833] Iteration,2,278,251.787944,0.881831
[MO833] Iteration,3,278,251.793543,0.902773
[MO833] Iteration,1,278,251.794308,0.890987
[MO833] Iteration,0,279,252.686786,0.899710
 Time step  280
[MO833] Iteration,2,279,252.687462,0.899518
[MO833] Iteration,3,279,252.693252,0.899709
[MO833] Iteration,1,279,252.693851,0.899543
[MO833] Iteration,0,280,253.578637,0.891851
[MO833] Iteration,2,280,253.579570,0.892108
[MO833] Iteration,3,280,253.585074,0.891822
[MO833] Iteration,1,280,253.585826,0.891975
[MO833] Iteration,0,281,254.471113,0.892476
[MO833] Iteration,2,281,254.471950,0.892380
[MO833] Iteration,3,281,254.477568,0.892494
[MO833] Iteration,1,281,254.478268,0.892442
[MO833] Iteration,0,282,255.363425,0.892312
[MO833] Iteration,2,282,255.364138,0.892188
[MO833] Iteration,3,282,255.369910,0.892342
[MO833] Iteration,1,282,255.370467,0.892199
[MO833] Iteration,0,283,256.256171,0.892746
[MO833] Iteration,2,283,256.257151,0.893013
[MO833] Iteration,3,283,256.262637,0.892727
[MO833] Iteration,1,283,256.263414,0.892947
[MO833] Iteration,0,284,257.148287,0.892116
[MO833] Iteration,2,284,257.149254,0.892103
[MO833] Iteration,3,284,257.155123,0.892486
[MO833] Iteration,1,284,257.155835,0.892421
[MO833] Iteration,0,285,258.042177,0.893890
[MO833] Iteration,2,285,258.042926,0.893672
[MO833] Iteration,3,285,258.048611,0.893488
[MO833] Iteration,1,285,258.049217,0.893382
[MO833] Iteration,0,286,258.933615,0.891438
[MO833] Iteration,2,286,258.934617,0.891691
[MO833] Iteration,3,286,258.940175,0.891564
[MO833] Iteration,1,286,258.940994,0.891777
[MO833] Iteration,0,287,259.825559,0.891944
[MO833] Iteration,2,287,259.826603,0.891986
[MO833] Iteration,3,287,259.832051,0.891876
[MO833] Iteration,1,287,259.832879,0.891885
[MO833] Iteration,0,288,260.717817,0.892258
[MO833] Iteration,2,288,260.718840,0.892237
[MO833] Iteration,3,288,260.724319,0.892268
[MO833] Iteration,1,288,260.725258,0.892379
[MO833] Iteration,0,289,261.609915,0.892098
[MO833] Iteration,2,289,261.611084,0.892244
[MO833] Iteration,3,289,261.616521,0.892202
[MO833] Iteration,1,289,261.617448,0.892190
[MO833] Iteration,0,290,262.502530,0.892615
[MO833] Iteration,2,290,262.503559,0.892475
[MO833] Iteration,3,290,262.509131,0.892610
[MO833] Iteration,1,290,262.509896,0.892448
[MO833] Iteration,0,291,263.394728,0.892198
[MO833] Iteration,2,291,263.395819,0.892260
[MO833] Iteration,3,291,263.401274,0.892143
[MO833] Iteration,1,291,263.402106,0.892210
[MO833] Iteration,0,292,264.286811,0.892083
[MO833] Iteration,2,292,264.287845,0.892026
[MO833] Iteration,3,292,264.293401,0.892127
[MO833] Iteration,1,292,264.294131,0.892025
[MO833] Iteration,0,293,265.179062,0.892251
[MO833] Iteration,2,293,265.179786,0.891941
[MO833] Iteration,3,293,265.185628,0.892227
[MO833] Iteration,1,293,265.186219,0.892088
[MO833] Iteration,0,294,266.071314,0.892252
[MO833] Iteration,2,294,266.072426,0.892640
[MO833] Iteration,3,294,266.077852,0.892224
[MO833] Iteration,1,294,266.078768,0.892549
[MO833] Iteration,0,295,266.963318,0.892004
[MO833] Iteration,2,295,266.964341,0.891915
[MO833] Iteration,3,295,266.969760,0.891908
[MO833] Iteration,1,295,266.970638,0.891870
[MO833] Iteration,0,296,267.855548,0.892230
[MO833] Iteration,2,296,267.856418,0.892077
[MO833] Iteration,3,296,267.861999,0.892239
[MO833] Iteration,1,296,267.862760,0.892122
[MO833] Iteration,0,297,268.747847,0.892299
[MO833] Iteration,2,297,268.748648,0.892230
[MO833] Iteration,3,297,268.754322,0.892323
[MO833] Iteration,1,297,268.755086,0.892326
[MO833] Iteration,0,298,269.639993,0.892146
[MO833] Iteration,2,298,269.640892,0.892244
[MO833] Iteration,3,298,269.646578,0.892256
[MO833] Iteration,1,298,269.647226,0.892140
[MO833] Iteration,0,299,270.531831,0.891838
 Time step  300
[MO833] Iteration,2,299,270.532737,0.891845
[MO833] Iteration,3,299,270.538279,0.891701
[MO833] Iteration,1,299,270.539071,0.891845
[MO833] Iteration,0,300,271.424144,0.892313
[MO833] Iteration,2,300,271.424973,0.892236
[MO833] Iteration,3,300,271.430601,0.892322
[MO833] Iteration,1,300,271.431281,0.892210
[MO833] Iteration,0,301,272.316078,0.891934
[MO833] Iteration,2,301,272.317092,0.892119
[MO833] Iteration,3,301,272.322598,0.891997
[MO833] Iteration,1,301,272.323435,0.892154
[MO833] Iteration,0,302,273.208181,0.892103
[MO833] Iteration,2,302,273.209111,0.892019
[MO833] Iteration,3,302,273.214713,0.892115
[MO833] Iteration,1,302,273.215481,0.892046
[MO833] Iteration,0,303,274.096939,0.888758
[MO833] Iteration,3,303,274.104009,0.889296
[MO833] Iteration,1,303,274.104866,0.889385
[MO833] Iteration,2,303,274.114727,0.905616
[MO833] Iteration,2,304,274.990040,0.875313
[MO833] Iteration,1,304,274.996972,0.892106
[MO833] Iteration,0,304,275.011708,0.914769
[MO833] Iteration,3,304,275.029268,0.925259
[MO833] Iteration,0,305,275.942983,0.931275
[MO833] Iteration,2,305,275.945610,0.955570
[MO833] Iteration,3,305,275.956622,0.927354
[MO833] Iteration,1,305,275.958513,0.961541
[MO833] Iteration,0,306,276.851751,0.908768
[MO833] Iteration,2,306,276.852707,0.907097
[MO833] Iteration,3,306,276.858348,0.901726
[MO833] Iteration,1,306,276.859308,0.900795
[MO833] Iteration,0,307,277.743870,0.892119
[MO833] Iteration,2,307,277.745108,0.892401
[MO833] Iteration,3,307,277.750525,0.892177
[MO833] Iteration,1,307,277.751441,0.892133
[MO833] Iteration,0,308,278.635824,0.891954
[MO833] Iteration,2,308,278.636931,0.891823
[MO833] Iteration,3,308,278.642404,0.891879
[MO833] Iteration,1,308,278.643309,0.891868
[MO833] Iteration,0,309,279.528382,0.892558
[MO833] Iteration,2,309,279.529064,0.892133
[MO833] Iteration,3,309,279.534879,0.892475
[MO833] Iteration,1,309,279.535560,0.892251
[MO833] Iteration,0,310,280.420360,0.891978
[MO833] Iteration,2,310,280.421371,0.892307
[MO833] Iteration,3,310,280.426941,0.892062
[MO833] Iteration,1,310,280.427674,0.892114
[MO833] Iteration,0,311,281.312289,0.891929
[MO833] Iteration,2,311,281.313483,0.892112
[MO833] Iteration,3,311,281.318890,0.891949
[MO833] Iteration,1,311,281.319812,0.892138
[MO833] Iteration,0,312,282.204524,0.892235
[MO833] Iteration,2,312,282.205528,0.892045
[MO833] Iteration,3,312,282.211142,0.892252
[MO833] Iteration,1,312,282.211981,0.892169
[MO833] Iteration,0,313,283.100015,0.895491
[MO833] Iteration,2,313,283.100793,0.895265
[MO833] Iteration,3,313,283.106774,0.895632
[MO833] Iteration,1,313,283.107375,0.895394
[MO833] Iteration,0,314,283.993606,0.893591
[MO833] Iteration,2,314,283.994073,0.893280
[MO833] Iteration,3,314,284.000015,0.893241
[MO833] Iteration,1,314,284.000443,0.893068
[MO833] Iteration,0,315,284.885695,0.892089
[MO833] Iteration,2,315,284.886457,0.892384
[MO833] Iteration,3,315,284.892128,0.892113
[MO833] Iteration,1,315,284.892832,0.892389
[MO833] Iteration,0,316,285.777655,0.891960
[MO833] Iteration,2,316,285.778386,0.891929
[MO833] Iteration,3,316,285.784160,0.892032
[MO833] Iteration,1,316,285.784772,0.891940
[MO833] Iteration,0,317,286.668689,0.891034
[MO833] Iteration,2,317,286.669774,0.891388
[MO833] Iteration,3,317,286.675277,0.891117
[MO833] Iteration,1,317,286.676103,0.891331
[MO833] Iteration,0,318,287.560563,0.891874
[MO833] Iteration,2,318,287.561505,0.891731
[MO833] Iteration,3,318,287.567146,0.891869
[MO833] Iteration,1,318,287.567845,0.891742
[MO833] Iteration,0,319,288.452317,0.891754
 Time step  320
[MO833] Iteration,2,319,288.453260,0.891755
[MO833] Iteration,3,319,288.458974,0.891828
[MO833] Iteration,1,319,288.459663,0.891818
[MO833] Iteration,0,320,289.344670,0.892353
[MO833] Iteration,2,320,289.345796,0.892536
[MO833] Iteration,3,320,289.351344,0.892370
[MO833] Iteration,1,320,289.352068,0.892405
[MO833] Iteration,0,321,290.236851,0.892181
[MO833] Iteration,2,321,290.237937,0.892141
[MO833] Iteration,3,321,290.243419,0.892075
[MO833] Iteration,1,321,290.244231,0.892163
[MO833] Iteration,0,322,291.128756,0.891905
[MO833] Iteration,2,322,291.129620,0.891683
[MO833] Iteration,3,322,291.135349,0.891930
[MO833] Iteration,1,322,291.135986,0.891755
[MO833] Iteration,0,323,292.021178,0.892422
[MO833] Iteration,2,323,292.022068,0.892448
[MO833] Iteration,3,323,292.027765,0.892416
[MO833] Iteration,1,323,292.028406,0.892420
[MO833] Iteration,0,324,292.913153,0.891975
[MO833] Iteration,2,324,292.913918,0.891850
[MO833] Iteration,3,324,292.919639,0.891874
[MO833] Iteration,1,324,292.920300,0.891894
[MO833] Iteration,0,325,293.804949,0.891796
[MO833] Iteration,2,325,293.805799,0.891881
[MO833] Iteration,3,325,293.811433,0.891794
[MO833] Iteration,1,325,293.812127,0.891827
[MO833] Iteration,0,326,294.696889,0.891940
[MO833] Iteration,2,326,294.697967,0.892168
[MO833] Iteration,3,326,294.703440,0.892007
[MO833] Iteration,1,326,294.704317,0.892190
[MO833] Iteration,0,327,295.589116,0.892227
[MO833] Iteration,2,327,295.590015,0.892048
[MO833] Iteration,3,327,295.595639,0.892199
[MO833] Iteration,1,327,295.596335,0.892018
[MO833] Iteration,0,328,296.481493,0.892377
[MO833] Iteration,2,328,296.482118,0.892103
[MO833] Iteration,3,328,296.488002,0.892363
[MO833] Iteration,1,328,296.488536,0.892201
[MO833] Iteration,0,329,297.373249,0.891756
[MO833] Iteration,2,329,297.374541,0.892423
[MO833] Iteration,3,329,297.379814,0.891812
[MO833] Iteration,1,329,297.380782,0.892246
[MO833] Iteration,0,330,298.265682,0.892433
[MO833] Iteration,2,330,298.266853,0.892312
[MO833] Iteration,3,330,298.272200,0.892386
[MO833] Iteration,1,330,298.273030,0.892248
[MO833] Iteration,0,331,299.158320,0.892638
[MO833] Iteration,2,331,299.159102,0.892249
[MO833] Iteration,3,331,299.164789,0.892589
[MO833] Iteration,1,331,299.165478,0.892448
[MO833] Iteration,0,332,300.050121,0.891801
[MO833] Iteration,2,332,300.051433,0.892331
[MO833] Iteration,3,332,300.056712,0.891923
[MO833] Iteration,1,332,300.057635,0.892157
[MO833] Iteration,0,333,300.942580,0.892459
[MO833] Iteration,2,333,300.943266,0.891833
[MO833] Iteration,3,333,300.948989,0.892277
[MO833] Iteration,1,333,300.949593,0.891958
[MO833] Iteration,0,334,301.830430,0.887850
[MO833] Iteration,3,334,301.838183,0.889194
[MO833] Iteration,1,334,301.838980,0.889387
[MO833] Iteration,2,334,301.849284,0.906018
[MO833] Iteration,0,335,302.730600,0.900170
[MO833] Iteration,2,335,302.731414,0.882130
[MO833] Iteration,3,335,302.737125,0.898942
[MO833] Iteration,1,335,302.737714,0.898734
[MO833] Iteration,0,336,303.622448,0.891848
[MO833] Iteration,2,336,303.623466,0.892052
[MO833] Iteration,3,336,303.628889,0.891764
[MO833] Iteration,1,336,303.629754,0.892040
[MO833] Iteration,0,337,304.514936,0.892488
[MO833] Iteration,2,337,304.515633,0.892167
[MO833] Iteration,3,337,304.521452,0.892563
[MO833] Iteration,1,337,304.521983,0.892229
[MO833] Iteration,2,338,305.402430,0.886797
[MO833] Iteration,1,338,305.410603,0.888620
[MO833] Iteration,0,338,305.412666,0.897730
[MO833] Iteration,3,338,305.430486,0.909034
[MO833] Iteration,0,339,306.332023,0.919357
 Time step  340
[MO833] Iteration,2,339,306.332886,0.930456
[MO833] Iteration,3,339,306.338557,0.908071
[MO833] Iteration,1,339,306.339199,0.928596
[MO833] Iteration,0,340,307.224511,0.892488
[MO833] Iteration,2,340,307.225549,0.892663
[MO833] Iteration,3,340,307.231052,0.892495
[MO833] Iteration,1,340,307.231915,0.892716
[MO833] Iteration,0,341,308.117063,0.892552
[MO833] Iteration,2,341,308.117920,0.892371
[MO833] Iteration,3,341,308.123571,0.892519
[MO833] Iteration,1,341,308.124361,0.892446
[MO833] Iteration,0,342,309.009220,0.892157
[MO833] Iteration,2,342,309.010396,0.892476
[MO833] Iteration,3,342,309.015859,0.892288
[MO833] Iteration,1,342,309.016753,0.892392
[MO833] Iteration,0,343,309.901181,0.891961
[MO833] Iteration,2,343,309.902304,0.891908
[MO833] Iteration,3,343,309.907677,0.891818
[MO833] Iteration,1,343,309.908587,0.891834
[MO833] Iteration,0,344,310.793331,0.892150
[MO833] Iteration,2,344,310.794467,0.892163
[MO833] Iteration,3,344,310.799923,0.892246
[MO833] Iteration,1,344,310.800747,0.892160
[MO833] Iteration,0,345,311.685124,0.891793
[MO833] Iteration,2,345,311.686446,0.891979
[MO833] Iteration,3,345,311.691700,0.891777
[MO833] Iteration,1,345,311.692707,0.891960
[MO833] Iteration,0,346,312.577743,0.892619
[MO833] Iteration,2,346,312.578586,0.892140
[MO833] Iteration,3,346,312.584256,0.892556
[MO833] Iteration,1,346,312.584892,0.892185
[MO833] Iteration,0,347,313.470226,0.892483
[MO833] Iteration,2,347,313.470845,0.892259
[MO833] Iteration,3,347,313.476917,0.892661
[MO833] Iteration,1,347,313.477456,0.892564
[MO833] Iteration,0,348,314.370783,0.900557
[MO833] Iteration,2,348,314.371426,0.900581
[MO833] Iteration,3,348,314.377266,0.900349
[MO833] Iteration,1,348,314.377877,0.900421
[MO833] Iteration,0,349,315.262689,0.891906
[MO833] Iteration,2,349,315.263643,0.892217
[MO833] Iteration,3,349,315.269118,0.891852
[MO833] Iteration,1,349,315.269940,0.892063
[MO833] Iteration,0,350,316.155028,0.892339
[MO833] Iteration,2,350,316.155896,0.892253
[MO833] Iteration,3,350,316.161559,0.892441
[MO833] Iteration,1,350,316.162233,0.892293
[MO833] Iteration,0,351,317.047283,0.892255
[MO833] Iteration,2,351,317.048197,0.892301
[MO833] Iteration,3,351,317.053743,0.892184
[MO833] Iteration,1,351,317.054474,0.892241
[MO833] Iteration,0,352,317.939086,0.891803
[MO833] Iteration,2,352,317.940013,0.891816
[MO833] Iteration,3,352,317.945593,0.891850
[MO833] Iteration,1,352,317.946289,0.891815
[MO833] Iteration,0,353,318.830571,0.891485
[MO833] Iteration,2,353,318.832293,0.892280
[MO833] Iteration,3,353,318.837299,0.891706
[MO833] Iteration,1,353,318.838534,0.892245
[MO833] Iteration,0,354,319.723123,0.892552
[MO833] Iteration,2,354,319.724330,0.892037
[MO833] Iteration,3,354,319.729723,0.892424
[MO833] Iteration,1,354,319.730672,0.892138
[MO833] Iteration,0,355,320.615240,0.892117
[MO833] Iteration,2,355,320.616246,0.891916
[MO833] Iteration,3,355,320.621837,0.892114
[MO833] Iteration,1,355,320.622646,0.891974
[MO833] Iteration,0,356,321.507226,0.891986
[MO833] Iteration,2,356,321.508347,0.892101
[MO833] Iteration,3,356,321.513837,0.892000
[MO833] Iteration,1,356,321.514681,0.892035
[MO833] Iteration,0,357,322.399432,0.892206
[MO833] Iteration,2,357,322.400787,0.892440
[MO833] Iteration,3,357,322.406120,0.892283
[MO833] Iteration,1,357,322.407043,0.892362
[MO833] Iteration,0,358,323.291765,0.892333
[MO833] Iteration,2,358,323.292652,0.891865
[MO833] Iteration,3,358,323.298328,0.892208
[MO833] Iteration,1,358,323.299046,0.892003
[MO833] Iteration,0,359,324.183592,0.891827
 Time step  360
[MO833] Iteration,2,359,324.184509,0.891857
[MO833] Iteration,3,359,324.190218,0.891890
[MO833] Iteration,1,359,324.190865,0.891819
[MO833] Iteration,0,360,325.075923,0.892331
[MO833] Iteration,2,360,325.076793,0.892284
[MO833] Iteration,3,360,325.082356,0.892138
[MO833] Iteration,1,360,325.083049,0.892184
[MO833] Iteration,0,361,325.966992,0.891069
[MO833] Iteration,2,361,325.967961,0.891168
[MO833] Iteration,3,361,325.973487,0.891131
[MO833] Iteration,1,361,325.974208,0.891159
[MO833] Iteration,0,362,326.859331,0.892339
[MO833] Iteration,2,362,326.860226,0.892265
[MO833] Iteration,3,362,326.865788,0.892301
[MO833] Iteration,1,362,326.866573,0.892365
[MO833] Iteration,0,363,327.751675,0.892344
[MO833] Iteration,2,363,327.752385,0.892159
[MO833] Iteration,3,363,327.758213,0.892425
[MO833] Iteration,1,363,327.758735,0.892162
[MO833] Iteration,0,364,328.643791,0.892116
[MO833] Iteration,2,364,328.644803,0.892418
[MO833] Iteration,3,364,328.650408,0.892195
[MO833] Iteration,1,364,328.651245,0.892510
[MO833] Iteration,0,365,329.535908,0.892117
[MO833] Iteration,2,365,329.536885,0.892082
[MO833] Iteration,3,365,329.542527,0.892119
[MO833] Iteration,1,365,329.543238,0.891993
[MO833] Iteration,0,366,330.432985,0.897077
[MO833] Iteration,2,366,330.434019,0.897134
[MO833] Iteration,3,366,330.434535,0.892008
[MO833] Iteration,1,366,330.435673,0.892435
[MO833] Iteration,0,367,331.320038,0.887053
[MO833] Iteration,2,367,331.321170,0.887151
[MO833] Iteration,3,367,331.326548,0.892013
[MO833] Iteration,1,367,331.327445,0.891772
[MO833] Iteration,0,368,332.212471,0.892433
[MO833] Iteration,2,368,332.212859,0.891689
[MO833] Iteration,3,368,332.218928,0.892380
[MO833] Iteration,1,368,332.219427,0.891982
[MO833] Iteration,0,369,333.104277,0.891806
[MO833] Iteration,2,369,333.104894,0.892035
[MO833] Iteration,3,369,333.110757,0.891829
[MO833] Iteration,1,369,333.111269,0.891842
[MO833] Iteration,0,370,333.996131,0.891854
[MO833] Iteration,2,370,333.996901,0.892007
[MO833] Iteration,3,370,334.002604,0.891847
[MO833] Iteration,1,370,334.003340,0.892071
[MO833] Iteration,0,371,334.888585,0.892454
[MO833] Iteration,2,371,334.889413,0.892512
[MO833] Iteration,3,371,334.895083,0.892479
[MO833] Iteration,1,371,334.895848,0.892508
[MO833] Iteration,0,372,335.825184,0.936599
[MO833] Iteration,3,372,335.831115,0.936032
[MO833] Iteration,2,372,335.854022,0.964609
[MO833] Iteration,1,372,335.861039,0.965191
[MO833] Iteration,0,373,336.752975,0.927791
[MO833] Iteration,2,373,336.754118,0.900096
[MO833] Iteration,3,373,336.759579,0.928464
[MO833] Iteration,1,373,336.760405,0.899366
[MO833] Iteration,0,374,337.645462,0.892487
[MO833] Iteration,2,374,337.646421,0.892303
[MO833] Iteration,3,374,337.652015,0.892436
[MO833] Iteration,1,374,337.652715,0.892310
[MO833] Iteration,0,375,338.537315,0.891853
[MO833] Iteration,2,375,338.538627,0.892206
[MO833] Iteration,3,375,338.543911,0.891896
[MO833] Iteration,1,375,338.544831,0.892116
[MO833] Iteration,0,376,339.429307,0.891992
[MO833] Iteration,2,376,339.430737,0.892110
[MO833] Iteration,3,376,339.436113,0.892202
[MO833] Iteration,1,376,339.436975,0.892144
[MO833] Iteration,0,377,340.321803,0.892496
[MO833] Iteration,2,377,340.322592,0.891855
[MO833] Iteration,3,377,340.328404,0.892291
[MO833] Iteration,1,377,340.329046,0.892071
[MO833] Iteration,0,378,341.213514,0.891711
[MO833] Iteration,2,378,341.214313,0.891721
[MO833] Iteration,3,378,341.219880,0.891476
[MO833] Iteration,1,378,341.220489,0.891443
[MO833] Iteration,0,379,342.103781,0.890267
 Time step  380
[MO833] Iteration,2,379,342.104408,0.890095
[MO833] Iteration,3,379,342.110204,0.890324
[MO833] Iteration,1,379,342.110934,0.890445
[MO833] Iteration,0,380,342.995184,0.891403
[MO833] Iteration,2,380,342.996142,0.891734
[MO833] Iteration,3,380,343.001634,0.891430
[MO833] Iteration,1,380,343.002514,0.891580
[MO833] Iteration,0,381,343.887601,0.892417
[MO833] Iteration,2,381,343.888261,0.892119
[MO833] Iteration,3,381,343.893973,0.892339
[MO833] Iteration,1,381,343.894650,0.892136
[MO833] Iteration,0,382,344.780180,0.892579
[MO833] Iteration,2,382,344.780577,0.892316
[MO833] Iteration,3,382,344.786616,0.892643
[MO833] Iteration,1,382,344.787090,0.892440
[MO833] Iteration,0,383,345.671498,0.891318
[MO833] Iteration,2,383,345.672493,0.891916
[MO833] Iteration,3,383,345.678040,0.891424
[MO833] Iteration,1,383,345.678818,0.891728
[MO833] Iteration,0,384,346.563850,0.892352
[MO833] Iteration,2,384,346.564620,0.892127
[MO833] Iteration,3,384,346.570437,0.892397
[MO833] Iteration,1,384,346.570927,0.892109
[MO833] Iteration,0,385,347.455320,0.891470
[MO833] Iteration,2,385,347.456082,0.891462
[MO833] Iteration,3,385,347.461849,0.891412
[MO833] Iteration,1,385,347.462466,0.891539
[MO833] Iteration,0,386,348.347225,0.891905
[MO833] Iteration,2,386,348.348446,0.892364
[MO833] Iteration,3,386,348.353759,0.891910
[MO833] Iteration,1,386,348.354669,0.892203
[MO833] Iteration,0,387,349.239580,0.892355
[MO833] Iteration,2,387,349.240440,0.891994
[MO833] Iteration,3,387,349.246184,0.892425
[MO833] Iteration,1,387,349.246784,0.892115
[MO833] Iteration,0,388,350.131783,0.892203
[MO833] Iteration,2,388,350.132637,0.892197
[MO833] Iteration,3,388,350.138289,0.892105
[MO833] Iteration,1,388,350.138927,0.892143
[MO833] Iteration,0,389,351.024181,0.892398
[MO833] Iteration,2,389,351.024985,0.892348
[MO833] Iteration,3,389,351.030739,0.892450
[MO833] Iteration,1,389,351.031415,0.892488
[MO833] Iteration,0,390,351.916349,0.892168
[MO833] Iteration,2,390,351.917123,0.892138
[MO833] Iteration,3,390,351.922844,0.892105
[MO833] Iteration,1,390,351.923449,0.892034
[MO833] Iteration,0,391,352.807933,0.891584
[MO833] Iteration,2,391,352.809069,0.891946
[MO833] Iteration,3,391,352.814776,0.891932
[MO833] Iteration,1,391,352.815644,0.892195
[MO833] Iteration,0,392,353.700009,0.892076
[MO833] Iteration,2,392,353.701190,0.892121
[MO833] Iteration,3,392,353.706601,0.891825
[MO833] Iteration,1,392,353.707407,0.891763
[MO833] Iteration,0,393,354.592240,0.892231
[MO833] Iteration,2,393,354.593145,0.891955
[MO833] Iteration,3,393,354.598691,0.892090
[MO833] Iteration,1,393,354.599512,0.892105
[MO833] Iteration,0,394,355.484150,0.891910
[MO833] Iteration,2,394,355.485208,0.892063
[MO833] Iteration,3,394,355.490796,0.892105
[MO833] Iteration,1,394,355.491580,0.892068
[MO833] Iteration,0,395,356.376321,0.892171
[MO833] Iteration,2,395,356.377333,0.892125
[MO833] Iteration,3,395,356.383026,0.892230
[MO833] Iteration,1,395,356.383809,0.892229
[MO833] Iteration,0,396,357.268772,0.892451
[MO833] Iteration,2,396,357.269913,0.892580
[MO833] Iteration,3,396,357.275397,0.892371
[MO833] Iteration,1,396,357.276249,0.892440
[MO833] Iteration,0,397,358.161030,0.892258
[MO833] Iteration,2,397,358.161731,0.891818
[MO833] Iteration,3,397,358.167562,0.892165
[MO833] Iteration,1,397,358.168136,0.891887
[MO833] Iteration,0,398,359.051717,0.890687
[MO833] Iteration,2,398,359.052680,0.890949
[MO833] Iteration,3,398,359.058242,0.890680
[MO833] Iteration,1,398,359.059004,0.890868
[MO833] Iteration,0,399,359.936767,0.885050
 Time step  400
[MO833] Iteration,2,399,359.937709,0.885029
[MO833] Iteration,3,399,359.943303,0.885061
[MO833] Iteration,1,399,359.944081,0.885077
[MO833] PI avg,2,0.895086,400
[MO833] Beta,2,0.000839
 Verification being performed for class C
 accuracy setting for epsilon =  0.1000000000000E-07
 Comparison of RMS-norms of residual
           1 0.5881691581829E+03 0.5881691581829E+03 0.6726469583912E-13
           2 0.2454417603569E+03 0.2454417603569E+03 0.4608767610227E-13
           3 0.3293829191851E+03 0.3293829191851E+03 0.3537797556502E-13
           4 0.3081924971891E+03 0.3081924971891E+03 0.1392531668724E-12
           5 0.4597223799176E+03 0.4597223799176E+03 0.2720240017817E-13
 Comparison of RMS-norms of solution error
[MO833] PI avg,3,0.895100,400
[MO833] Beta,3,0.000823
[MO833] PI avg,1,0.895102,400
[MO833] Beta,1,0.000822
           1 0.2598120500183E+00 0.2598120500183E+00 0.1666539252407E-13
           2 0.2590888922315E-01 0.2590888922315E-01 0.1665834444332E-12
           3 0.5132886416320E-01 0.5132886416320E-01 0.4014995311231E-13
           4 0.4806073419454E-01 0.4806073419454E-01 0.2454419357993E-14
           5 0.5483377491301E+00 0.5483377491301E+00 0.7066225810805E-13
 Verification Successful


 SP Benchmark Completed.
 Class           =                        C
 Size            =            162x 162x 162
 Iterations      =                      400
 Time in seconds =                   358.93
 Total processes =                        4
 Active procs    =                        4
 Mop/s total     =                  4040.04
 Mop/s/process   =                  1010.01
 Operation type  =           floating point
 Verification    =               SUCCESSFUL
 Version         =                      3.4
 Compile date    =              15 Jun 2020

 Compile options:
    MPIFC        = mpif90
    FLINK        = $(MPIFC)
    FMPI_LIB     = (none)
    FMPI_INC     = (none)
    FFLAGS       = -O3
    FLINKFLAGS   = $(FFLAGS) -O ../kernel_stats/kernel_stats.o...
    RAND         = (none)


 Please send feedbacks and/or the results of this run to:

 NPB Development Team 
 Internet: npb@nas.nasa.gov


[MO833] PI avg,0,0.895084,400
[MO833] Beta,0,0.000841
[MO833] Total time,361.130151
