--------------------------------------------------------------------------
[[61594,1],0]: A high-performance Open MPI point-to-point messaging module
was unable to find any relevant network interfaces:

Module: OpenFabrics (openib)
  Host: node06

Another transport will be used instead, although this may result in
lower performance.

NOTE: You can disable this warning by setting the MCA parameter
btl_base_warn_component_unused to 0.
--------------------------------------------------------------------------


 NAS Parallel Benchmarks 3.4 -- LU Benchmark

 Size:  102x 102x 102  (class B)
 Iterations:  250
 Total number of processes:     4

[MO833] Paramount Iteration,1,1,0.718332,0.334318
[MO833] Paramount Iteration,2,1,0.715337,0.334344
[MO833] Paramount Iteration,3,1,0.713054,0.334317
[MO833] Paramount Iteration,0,1,0.719766,0.334344
 Time step    1
[MO833] Paramount Iteration,2,2,0.902218,0.186881
[MO833] Paramount Iteration,0,2,0.906729,0.186963
[MO833] Paramount Iteration,3,2,0.904910,0.191856
[MO833] Paramount Iteration,1,2,0.910735,0.192403
[MO833] Paramount Iteration,2,3,1.093713,0.191495
[MO833] Paramount Iteration,0,3,1.098431,0.191702
[MO833] Paramount Iteration,3,3,1.096902,0.191992
[MO833] Paramount Iteration,1,3,1.102399,0.191664
[MO833] Paramount Iteration,2,4,1.298971,0.205258
[MO833] Paramount Iteration,0,4,1.303753,0.205322
[MO833] Paramount Iteration,3,4,1.301373,0.204471
[MO833] Paramount Iteration,1,4,1.306874,0.204475
[MO833] Paramount Iteration,2,5,1.490384,0.191413
[MO833] Paramount Iteration,0,5,1.495034,0.191281
[MO833] Paramount Iteration,3,5,1.492536,0.191163
[MO833] Paramount Iteration,1,5,1.498002,0.191128
[MO833] Paramount Iteration,2,6,1.681550,0.191166
[MO833] Paramount Iteration,0,6,1.686177,0.191143
[MO833] Paramount Iteration,3,6,1.683740,0.191204
[MO833] Paramount Iteration,1,6,1.689134,0.191132
[MO833] Paramount Iteration,2,7,1.872558,0.191008
[MO833] Paramount Iteration,0,7,1.877203,0.191026
[MO833] Paramount Iteration,3,7,1.874782,0.191042
[MO833] Paramount Iteration,1,7,1.880207,0.191073
[MO833] Paramount Iteration,2,8,2.063748,0.191190
[MO833] Paramount Iteration,0,8,2.068400,0.191197
[MO833] Paramount Iteration,3,8,2.066008,0.191226
[MO833] Paramount Iteration,1,8,2.071381,0.191174
[MO833] Paramount Iteration,2,9,2.254971,0.191223
[MO833] Paramount Iteration,0,9,2.259588,0.191188
[MO833] Paramount Iteration,3,9,2.257285,0.191277
[MO833] Paramount Iteration,1,9,2.262601,0.191220
[MO833] Paramount Iteration,2,10,2.446382,0.191411
[MO833] Paramount Iteration,0,10,2.450947,0.191359
[MO833] Paramount Iteration,3,10,2.448478,0.191193
[MO833] Paramount Iteration,1,10,2.453920,0.191319
[MO833] Paramount Iteration,2,11,2.637672,0.191290
[MO833] Paramount Iteration,0,11,2.642278,0.191331
[MO833] Paramount Iteration,3,11,2.639786,0.191308
[MO833] Paramount Iteration,1,11,2.645204,0.191284
[MO833] Paramount Iteration,2,12,2.828594,0.190922
[MO833] Paramount Iteration,0,12,2.833341,0.191063
[MO833] Paramount Iteration,3,12,2.831084,0.191298
[MO833] Paramount Iteration,1,12,2.836543,0.191339
[MO833] Paramount Iteration,2,13,3.019213,0.190619
[MO833] Paramount Iteration,0,13,3.023862,0.190521
[MO833] Paramount Iteration,3,13,3.022265,0.191181
[MO833] Paramount Iteration,1,13,3.027685,0.191142
[MO833] Paramount Iteration,2,14,3.222168,0.202955
[MO833] Paramount Iteration,0,14,3.227849,0.203987
[MO833] Paramount Iteration,3,14,3.225957,0.203692
[MO833] Paramount Iteration,1,14,3.231364,0.203679
[MO833] Paramount Iteration,2,15,3.414186,0.192018
[MO833] Paramount Iteration,0,15,3.418881,0.191032
[MO833] Paramount Iteration,3,15,3.417458,0.191501
[MO833] Paramount Iteration,1,15,3.422767,0.191403
[MO833] Paramount Iteration,2,16,3.605311,0.191125
[MO833] Paramount Iteration,0,16,3.610001,0.191120
[MO833] Paramount Iteration,3,16,3.608775,0.191317
[MO833] Paramount Iteration,1,16,3.614196,0.191429
[MO833] Paramount Iteration,2,17,3.797073,0.191762
[MO833] Paramount Iteration,0,17,3.801723,0.191722
[MO833] Paramount Iteration,3,17,3.800295,0.191520
[MO833] Paramount Iteration,1,17,3.805639,0.191443
[MO833] Paramount Iteration,2,18,3.988198,0.191125
[MO833] Paramount Iteration,0,18,3.992950,0.191227
[MO833] Paramount Iteration,3,18,3.991494,0.191199
[MO833] Paramount Iteration,1,18,3.996895,0.191256
[MO833] Paramount Iteration,2,19,4.179443,0.191245
[MO833] Paramount Iteration,0,19,4.184087,0.191137
[MO833] Paramount Iteration,3,19,4.182611,0.191117
[MO833] Paramount Iteration,1,19,4.188022,0.191127
[MO833] Paramount Iteration,2,20,4.370827,0.191384
[MO833] Paramount Iteration,0,20,4.375642,0.191555
 Time step   20
[MO833] Paramount Iteration,3,20,4.373942,0.191331
[MO833] Paramount Iteration,1,20,4.379374,0.191352
[MO833] Paramount Iteration,2,21,4.562003,0.191176
[MO833] Paramount Iteration,0,21,4.566733,0.191091
[MO833] Paramount Iteration,3,21,4.565075,0.191133
[MO833] Paramount Iteration,1,21,4.570607,0.191233
[MO833] Paramount Iteration,2,22,4.753170,0.191167
[MO833] Paramount Iteration,0,22,4.757869,0.191136
[MO833] Paramount Iteration,3,22,4.756448,0.191373
[MO833] Paramount Iteration,1,22,4.761858,0.191251
[MO833] Paramount Iteration,2,23,4.944578,0.191408
[MO833] Paramount Iteration,0,23,4.949234,0.191365
[MO833] Paramount Iteration,3,23,4.947955,0.191507
[MO833] Paramount Iteration,1,23,4.953301,0.191443
[MO833] Paramount Iteration,2,24,5.135953,0.191375
[MO833] Paramount Iteration,0,24,5.140662,0.191428
[MO833] Paramount Iteration,3,24,5.139307,0.191352
[MO833] Paramount Iteration,1,24,5.144647,0.191346
[MO833] Paramount Iteration,2,25,5.327273,0.191320
[MO833] Paramount Iteration,0,25,5.331884,0.191222
[MO833] Paramount Iteration,1,25,5.335772,0.191125
[MO833] Paramount Iteration,3,25,5.330399,0.191092
[MO833] Paramount Iteration,2,26,5.518554,0.191281
[MO833] Paramount Iteration,0,26,5.523230,0.191346
[MO833] Paramount Iteration,3,26,5.521772,0.191373
[MO833] Paramount Iteration,1,26,5.527203,0.191431
[MO833] Paramount Iteration,2,27,5.716818,0.198264
[MO833] Paramount Iteration,0,27,5.721484,0.198254
[MO833] Paramount Iteration,1,27,5.722103,0.194900
[MO833] Paramount Iteration,3,27,5.716710,0.194938
[MO833] Paramount Iteration,2,28,5.904668,0.187850
[MO833] Paramount Iteration,0,28,5.909297,0.187813
[MO833] Paramount Iteration,3,28,5.907845,0.191135
[MO833] Paramount Iteration,1,28,5.913229,0.191126
[MO833] Paramount Iteration,2,29,6.095815,0.191147
[MO833] Paramount Iteration,0,29,6.100461,0.191164
[MO833] Paramount Iteration,3,29,6.099124,0.191279
[MO833] Paramount Iteration,1,29,6.104595,0.191366
[MO833] Paramount Iteration,2,30,6.287140,0.191325
[MO833] Paramount Iteration,0,30,6.291747,0.191286
[MO833] Paramount Iteration,3,30,6.290407,0.191283
[MO833] Paramount Iteration,1,30,6.295841,0.191246
[MO833] Paramount Iteration,2,31,6.478505,0.191365
[MO833] Paramount Iteration,0,31,6.483120,0.191373
[MO833] Paramount Iteration,3,31,6.481821,0.191414
[MO833] Paramount Iteration,1,31,6.487235,0.191394
[MO833] Paramount Iteration,2,32,6.669825,0.191320
[MO833] Paramount Iteration,0,32,6.674485,0.191365
[MO833] Paramount Iteration,1,32,6.678441,0.191206
[MO833] Paramount Iteration,3,32,6.673070,0.191249
[MO833] Paramount Iteration,2,33,6.861773,0.191948
[MO833] Paramount Iteration,0,33,6.866456,0.191971
[MO833] Paramount Iteration,3,33,6.864434,0.191364
[MO833] Paramount Iteration,1,33,6.869833,0.191392
[MO833] Paramount Iteration,2,34,7.052458,0.190685
[MO833] Paramount Iteration,0,34,7.057208,0.190752
[MO833] Paramount Iteration,1,34,7.061175,0.191342
[MO833] Paramount Iteration,3,34,7.055777,0.191343
[MO833] Paramount Iteration,2,35,7.253134,0.200676
[MO833] Paramount Iteration,0,35,7.257751,0.200543
[MO833] Paramount Iteration,3,35,7.260291,0.204514
[MO833] Paramount Iteration,1,35,7.265804,0.204629
[MO833] Paramount Iteration,2,36,7.448559,0.195425
[MO833] Paramount Iteration,0,36,7.453174,0.195423
[MO833] Paramount Iteration,3,36,7.451777,0.191486
[MO833] Paramount Iteration,1,36,7.457201,0.191397
[MO833] Paramount Iteration,2,37,7.639692,0.191133
[MO833] Paramount Iteration,0,37,7.644331,0.191157
[MO833] Paramount Iteration,3,37,7.642889,0.191112
[MO833] Paramount Iteration,1,37,7.648394,0.191193
[MO833] Paramount Iteration,2,38,7.831064,0.191372
[MO833] Paramount Iteration,0,38,7.835711,0.191380
[MO833] Paramount Iteration,3,38,7.834296,0.191407
[MO833] Paramount Iteration,1,38,7.839635,0.191241
[MO833] Paramount Iteration,2,39,8.022224,0.191160
[MO833] Paramount Iteration,0,39,8.026780,0.191069
[MO833] Paramount Iteration,3,39,8.025292,0.190996
[MO833] Paramount Iteration,1,39,8.030757,0.191122
[MO833] Paramount Iteration,2,40,8.213621,0.191397
[MO833] Paramount Iteration,0,40,8.218202,0.191422
 Time step   40
[MO833] Paramount Iteration,3,40,8.216935,0.191643
[MO833] Paramount Iteration,1,40,8.222412,0.191655
[MO833] Paramount Iteration,2,41,8.405008,0.191387
[MO833] Paramount Iteration,0,41,8.409717,0.191515
[MO833] Paramount Iteration,3,41,8.408170,0.191235
[MO833] Paramount Iteration,1,41,8.413662,0.191250
[MO833] Paramount Iteration,2,42,8.603405,0.198397
[MO833] Paramount Iteration,0,42,8.608138,0.198421
[MO833] Paramount Iteration,3,42,8.603121,0.194951
[MO833] Paramount Iteration,1,42,8.608647,0.194985
[MO833] Paramount Iteration,2,43,8.791235,0.187830
[MO833] Paramount Iteration,0,43,8.795932,0.187794
[MO833] Paramount Iteration,3,43,8.794396,0.191275
[MO833] Paramount Iteration,1,43,8.799871,0.191224
[MO833] Paramount Iteration,2,44,8.982467,0.191232
[MO833] Paramount Iteration,0,44,8.987169,0.191237
[MO833] Paramount Iteration,3,44,8.985618,0.191222
[MO833] Paramount Iteration,1,44,8.991050,0.191179
[MO833] Paramount Iteration,2,45,9.173651,0.191184
[MO833] Paramount Iteration,0,45,9.178262,0.191093
[MO833] Paramount Iteration,3,45,9.176748,0.191130
[MO833] Paramount Iteration,1,45,9.182201,0.191151
[MO833] Paramount Iteration,2,46,9.364784,0.191133
[MO833] Paramount Iteration,0,46,9.369445,0.191183
[MO833] Paramount Iteration,3,46,9.368003,0.191255
[MO833] Paramount Iteration,1,46,9.373396,0.191195
[MO833] Paramount Iteration,2,47,9.556250,0.191466
[MO833] Paramount Iteration,0,47,9.560858,0.191413
[MO833] Paramount Iteration,3,47,9.559339,0.191336
[MO833] Paramount Iteration,1,47,9.564740,0.191344
[MO833] Paramount Iteration,2,48,9.747256,0.191006
[MO833] Paramount Iteration,0,48,9.751955,0.191097
[MO833] Paramount Iteration,3,48,9.750415,0.191076
[MO833] Paramount Iteration,1,48,9.755825,0.191085
[MO833] Paramount Iteration,2,49,9.938461,0.191205
[MO833] Paramount Iteration,0,49,9.943067,0.191112
[MO833] Paramount Iteration,3,49,9.941651,0.191236
[MO833] Paramount Iteration,1,49,9.947021,0.191196
[MO833] Paramount Iteration,2,50,10.129855,0.191394
[MO833] Paramount Iteration,0,50,10.134507,0.191440
[MO833] Paramount Iteration,3,50,10.132833,0.191182
[MO833] Paramount Iteration,1,50,10.138309,0.191288
[MO833] Paramount Iteration,2,51,10.321268,0.191413
[MO833] Paramount Iteration,0,51,10.325801,0.191294
[MO833] Paramount Iteration,3,51,10.324130,0.191297
[MO833] Paramount Iteration,1,51,10.329619,0.191310
[MO833] Paramount Iteration,2,52,10.512462,0.191194
[MO833] Paramount Iteration,0,52,10.517077,0.191276
[MO833] Paramount Iteration,3,52,10.515768,0.191638
[MO833] Paramount Iteration,1,52,10.521152,0.191533
[MO833] Paramount Iteration,2,53,10.703740,0.191278
[MO833] Paramount Iteration,0,53,10.708335,0.191258
[MO833] Paramount Iteration,3,53,10.706934,0.191166
[MO833] Paramount Iteration,1,53,10.712322,0.191170
[MO833] Paramount Iteration,2,54,10.895228,0.191488
[MO833] Paramount Iteration,0,54,10.899827,0.191492
[MO833] Paramount Iteration,3,54,10.898266,0.191332
[MO833] Paramount Iteration,1,54,10.903712,0.191390
[MO833] Paramount Iteration,2,55,11.086411,0.191183
[MO833] Paramount Iteration,0,55,11.091013,0.191186
[MO833] Paramount Iteration,3,55,11.089426,0.191160
[MO833] Paramount Iteration,1,55,11.094793,0.191081
[MO833] Paramount Iteration,2,56,11.277360,0.190949
[MO833] Paramount Iteration,0,56,11.282047,0.191034
[MO833] Paramount Iteration,3,56,11.280565,0.191139
[MO833] Paramount Iteration,1,56,11.286007,0.191214
[MO833] Paramount Iteration,2,57,11.468597,0.191237
[MO833] Paramount Iteration,0,57,11.473210,0.191163
[MO833] Paramount Iteration,3,57,11.471613,0.191048
[MO833] Paramount Iteration,1,57,11.477059,0.191052
[MO833] Paramount Iteration,2,58,11.659623,0.191026
[MO833] Paramount Iteration,0,58,11.664250,0.191040
[MO833] Paramount Iteration,3,58,11.662781,0.191168
[MO833] Paramount Iteration,1,58,11.668227,0.191168
[MO833] Paramount Iteration,2,59,11.850806,0.191183
[MO833] Paramount Iteration,0,59,11.855466,0.191216
[MO833] Paramount Iteration,3,59,11.854103,0.191322
[MO833] Paramount Iteration,1,59,11.859505,0.191278
[MO833] Paramount Iteration,2,60,12.048651,0.197845
[MO833] Paramount Iteration,0,60,12.053497,0.198031
 Time step   60
[MO833] Paramount Iteration,3,60,12.048130,0.194027
[MO833] Paramount Iteration,1,60,12.053622,0.194117
[MO833] Paramount Iteration,2,61,12.236199,0.187548
[MO833] Paramount Iteration,0,61,12.240857,0.187360
[MO833] Paramount Iteration,3,61,12.239419,0.191289
[MO833] Paramount Iteration,1,61,12.244819,0.191197
[MO833] Paramount Iteration,2,62,12.427363,0.191164
[MO833] Paramount Iteration,0,62,12.432117,0.191260
[MO833] Paramount Iteration,3,62,12.430486,0.191067
[MO833] Paramount Iteration,1,62,12.435941,0.191122
[MO833] Paramount Iteration,2,63,12.618534,0.191171
[MO833] Paramount Iteration,0,63,12.623192,0.191075
[MO833] Paramount Iteration,3,63,12.621613,0.191127
[MO833] Paramount Iteration,1,63,12.627129,0.191188
[MO833] Paramount Iteration,2,64,12.809736,0.191202
[MO833] Paramount Iteration,0,64,12.814499,0.191307
[MO833] Paramount Iteration,3,64,12.812921,0.191308
[MO833] Paramount Iteration,1,64,12.818392,0.191263
[MO833] Paramount Iteration,2,65,13.001028,0.191292
[MO833] Paramount Iteration,0,65,13.005691,0.191192
[MO833] Paramount Iteration,3,65,13.004053,0.191132
[MO833] Paramount Iteration,1,65,13.009484,0.191092
[MO833] Paramount Iteration,2,66,13.192103,0.191075
[MO833] Paramount Iteration,0,66,13.196878,0.191187
[MO833] Paramount Iteration,3,66,13.195410,0.191357
[MO833] Paramount Iteration,1,66,13.200809,0.191325
[MO833] Paramount Iteration,2,67,13.383382,0.191279
[MO833] Paramount Iteration,0,67,13.388037,0.191159
[MO833] Paramount Iteration,3,67,13.386533,0.191123
[MO833] Paramount Iteration,1,67,13.391988,0.191179
[MO833] Paramount Iteration,2,68,13.574476,0.191094
[MO833] Paramount Iteration,0,68,13.579206,0.191169
[MO833] Paramount Iteration,3,68,13.577803,0.191270
[MO833] Paramount Iteration,1,68,13.583214,0.191226
[MO833] Paramount Iteration,2,69,13.766251,0.191775
[MO833] Paramount Iteration,0,69,13.770809,0.191603
[MO833] Paramount Iteration,3,69,13.769095,0.191292
[MO833] Paramount Iteration,1,69,13.774523,0.191309
[MO833] Paramount Iteration,2,70,13.957032,0.190781
[MO833] Paramount Iteration,0,70,13.961708,0.190899
[MO833] Paramount Iteration,3,70,13.960137,0.191042
[MO833] Paramount Iteration,1,70,13.965612,0.191089
[MO833] Paramount Iteration,2,71,14.148186,0.191154
[MO833] Paramount Iteration,0,71,14.152833,0.191125
[MO833] Paramount Iteration,3,71,14.151352,0.191215
[MO833] Paramount Iteration,1,71,14.156791,0.191179
[MO833] Paramount Iteration,2,72,14.339499,0.191313
[MO833] Paramount Iteration,0,72,14.344154,0.191321
[MO833] Paramount Iteration,3,72,14.342699,0.191347
[MO833] Paramount Iteration,1,72,14.348128,0.191337
[MO833] Paramount Iteration,2,73,14.530739,0.191240
[MO833] Paramount Iteration,0,73,14.535414,0.191260
[MO833] Paramount Iteration,3,73,14.533838,0.191139
[MO833] Paramount Iteration,1,73,14.539258,0.191130
[MO833] Paramount Iteration,2,74,14.722016,0.191277
[MO833] Paramount Iteration,0,74,14.726658,0.191244
[MO833] Paramount Iteration,3,74,14.725042,0.191204
[MO833] Paramount Iteration,1,74,14.730387,0.191129
[MO833] Paramount Iteration,2,75,14.913204,0.191188
[MO833] Paramount Iteration,0,75,14.917821,0.191163
[MO833] Paramount Iteration,3,75,14.916337,0.191295
[MO833] Paramount Iteration,1,75,14.921782,0.191395
[MO833] Paramount Iteration,2,76,15.104397,0.191193
[MO833] Paramount Iteration,0,76,15.109050,0.191229
[MO833] Paramount Iteration,3,76,15.107687,0.191350
[MO833] Paramount Iteration,1,76,15.113124,0.191342
[MO833] Paramount Iteration,2,77,15.305209,0.200812
[MO833] Paramount Iteration,0,77,15.309790,0.200740
[MO833] Paramount Iteration,3,77,15.312087,0.204400
[MO833] Paramount Iteration,1,77,15.317685,0.204561
[MO833] Paramount Iteration,2,78,15.500564,0.195355
[MO833] Paramount Iteration,0,78,15.505172,0.195382
[MO833] Paramount Iteration,3,78,15.503764,0.191677
[MO833] Paramount Iteration,1,78,15.509192,0.191507
[MO833] Paramount Iteration,2,79,15.691790,0.191226
[MO833] Paramount Iteration,0,79,15.696351,0.191179
[MO833] Paramount Iteration,3,79,15.694883,0.191119
[MO833] Paramount Iteration,1,79,15.700305,0.191113
[MO833] Paramount Iteration,2,80,15.883213,0.191423
[MO833] Paramount Iteration,0,80,15.887855,0.191504
 Time step   80
[MO833] Paramount Iteration,3,80,15.886386,0.191503
[MO833] Paramount Iteration,1,80,15.891684,0.191379
[MO833] Paramount Iteration,3,81,16.075495,0.189109
[MO833] Paramount Iteration,1,81,16.081013,0.189329
[MO833] Paramount Iteration,2,81,16.085027,0.201814
[MO833] Paramount Iteration,0,81,16.089494,0.201639
[MO833] Paramount Iteration,2,82,16.273317,0.188290
[MO833] Paramount Iteration,0,82,16.277750,0.188256
[MO833] Paramount Iteration,3,82,16.276250,0.200755
[MO833] Paramount Iteration,1,82,16.281962,0.200949
[MO833] Paramount Iteration,2,83,16.465160,0.191843
[MO833] Paramount Iteration,0,83,16.469739,0.191989
[MO833] Paramount Iteration,3,83,16.468187,0.191937
[MO833] Paramount Iteration,1,83,16.473649,0.191687
[MO833] Paramount Iteration,2,84,16.656211,0.191051
[MO833] Paramount Iteration,0,84,16.660862,0.191123
[MO833] Paramount Iteration,3,84,16.659627,0.191440
[MO833] Paramount Iteration,1,84,16.665021,0.191372
[MO833] Paramount Iteration,2,85,16.847623,0.191412
[MO833] Paramount Iteration,0,85,16.852276,0.191414
[MO833] Paramount Iteration,3,85,16.850798,0.191171
[MO833] Paramount Iteration,1,85,16.856198,0.191177
[MO833] Paramount Iteration,2,86,17.038853,0.191230
[MO833] Paramount Iteration,0,86,17.043524,0.191248
[MO833] Paramount Iteration,3,86,17.042035,0.191237
[MO833] Paramount Iteration,1,86,17.047429,0.191231
[MO833] Paramount Iteration,2,87,17.230072,0.191219
[MO833] Paramount Iteration,0,87,17.234618,0.191094
[MO833] Paramount Iteration,3,87,17.233254,0.191219
[MO833] Paramount Iteration,1,87,17.238582,0.191153
[MO833] Paramount Iteration,2,88,17.421507,0.191435
[MO833] Paramount Iteration,0,88,17.426140,0.191522
[MO833] Paramount Iteration,1,88,17.430254,0.191672
[MO833] Paramount Iteration,3,88,17.424893,0.191639
[MO833] Paramount Iteration,2,89,17.613149,0.191642
[MO833] Paramount Iteration,0,89,17.617767,0.191627
[MO833] Paramount Iteration,3,89,17.616576,0.191683
[MO833] Paramount Iteration,1,89,17.621914,0.191660
[MO833] Paramount Iteration,2,90,17.804829,0.191680
[MO833] Paramount Iteration,0,90,17.809424,0.191657
[MO833] Paramount Iteration,3,90,17.807677,0.191101
[MO833] Paramount Iteration,1,90,17.813169,0.191255
[MO833] Paramount Iteration,2,91,17.995736,0.190907
[MO833] Paramount Iteration,0,91,18.000352,0.190928
[MO833] Paramount Iteration,3,91,17.999049,0.191372
[MO833] Paramount Iteration,1,91,18.004499,0.191330
[MO833] Paramount Iteration,2,92,18.187057,0.191321
[MO833] Paramount Iteration,0,92,18.191805,0.191453
[MO833] Paramount Iteration,3,92,18.190294,0.191245
[MO833] Paramount Iteration,1,92,18.195657,0.191158
[MO833] Paramount Iteration,2,93,18.378287,0.191230
[MO833] Paramount Iteration,0,93,18.382963,0.191158
[MO833] Paramount Iteration,1,93,18.386808,0.191151
[MO833] Paramount Iteration,3,93,18.381422,0.191128
[MO833] Paramount Iteration,2,94,18.569795,0.191508
[MO833] Paramount Iteration,0,94,18.574377,0.191414
[MO833] Paramount Iteration,3,94,18.572632,0.191210
[MO833] Paramount Iteration,1,94,18.578071,0.191263
[MO833] Paramount Iteration,2,95,18.760746,0.190951
[MO833] Paramount Iteration,0,95,18.765314,0.190937
[MO833] Paramount Iteration,3,95,18.763949,0.191317
[MO833] Paramount Iteration,1,95,18.769371,0.191300
[MO833] Paramount Iteration,2,96,18.952407,0.191661
[MO833] Paramount Iteration,0,96,18.957022,0.191708
[MO833] Paramount Iteration,3,96,18.955818,0.191869
[MO833] Paramount Iteration,1,96,18.961200,0.191829
[MO833] Paramount Iteration,2,97,19.143763,0.191356
[MO833] Paramount Iteration,0,97,19.148423,0.191401
[MO833] Paramount Iteration,3,97,19.147086,0.191268
[MO833] Paramount Iteration,1,97,19.152555,0.191355
[MO833] Paramount Iteration,2,98,19.335280,0.191517
[MO833] Paramount Iteration,0,98,19.339887,0.191464
[MO833] Paramount Iteration,3,98,19.338271,0.191185
[MO833] Paramount Iteration,1,98,19.343720,0.191165
[MO833] Paramount Iteration,2,99,19.526378,0.191098
[MO833] Paramount Iteration,0,99,19.530991,0.191104
[MO833] Paramount Iteration,3,99,19.529539,0.191268
[MO833] Paramount Iteration,1,99,19.534908,0.191188
[MO833] Paramount Iteration,2,100,19.717916,0.191538
[MO833] Paramount Iteration,0,100,19.722591,0.191600
 Time step  100
[MO833] Paramount Iteration,3,100,19.720928,0.191389
[MO833] Paramount Iteration,1,100,19.726334,0.191426
[MO833] Paramount Iteration,2,101,19.908855,0.190939
[MO833] Paramount Iteration,0,101,19.913521,0.190930
[MO833] Paramount Iteration,3,101,19.912017,0.191089
[MO833] Paramount Iteration,1,101,19.917424,0.191090
[MO833] Paramount Iteration,2,102,20.100003,0.191148
[MO833] Paramount Iteration,3,102,20.103334,0.191317
[MO833] Paramount Iteration,1,102,20.108632,0.191208
[MO833] Paramount Iteration,0,102,20.104696,0.191175
[MO833] Paramount Iteration,2,103,20.291530,0.191527
[MO833] Paramount Iteration,0,103,20.296161,0.191465
[MO833] Paramount Iteration,3,103,20.294581,0.191247
[MO833] Paramount Iteration,1,103,20.300006,0.191374
[MO833] Paramount Iteration,2,104,20.482824,0.191294
[MO833] Paramount Iteration,0,104,20.487470,0.191309
[MO833] Paramount Iteration,3,104,20.485801,0.191220
[MO833] Paramount Iteration,1,104,20.491281,0.191275
[MO833] Paramount Iteration,2,105,20.673844,0.191020
[MO833] Paramount Iteration,0,105,20.678506,0.191036
[MO833] Paramount Iteration,3,105,20.677067,0.191266
[MO833] Paramount Iteration,1,105,20.682434,0.191153
[MO833] Paramount Iteration,2,106,20.865386,0.191542
[MO833] Paramount Iteration,0,106,20.870059,0.191553
[MO833] Paramount Iteration,3,106,20.868593,0.191526
[MO833] Paramount Iteration,1,106,20.873976,0.191542
[MO833] Paramount Iteration,3,107,21.057012,0.188419
[MO833] Paramount Iteration,1,107,21.062505,0.188529
[MO833] Paramount Iteration,0,107,21.071050,0.200991
[MO833] Paramount Iteration,2,107,21.069042,0.203656
[MO833] Paramount Iteration,2,108,21.255833,0.186791
[MO833] Paramount Iteration,0,108,21.260513,0.189463
[MO833] Paramount Iteration,3,108,21.258910,0.201898
[MO833] Paramount Iteration,1,108,21.264364,0.201859
[MO833] Paramount Iteration,2,109,21.447702,0.191869
[MO833] Paramount Iteration,0,109,21.452339,0.191826
[MO833] Paramount Iteration,3,109,21.450791,0.191881
[MO833] Paramount Iteration,1,109,21.456216,0.191852
[MO833] Paramount Iteration,2,110,21.639195,0.191493
[MO833] Paramount Iteration,0,110,21.643905,0.191566
[MO833] Paramount Iteration,3,110,21.642670,0.191879
[MO833] Paramount Iteration,1,110,21.648055,0.191839
[MO833] Paramount Iteration,2,111,21.830790,0.191595
[MO833] Paramount Iteration,0,111,21.835453,0.191548
[MO833] Paramount Iteration,1,111,21.839451,0.191396
[MO833] Paramount Iteration,3,111,21.834063,0.191393
[MO833] Paramount Iteration,2,112,22.022066,0.191276
[MO833] Paramount Iteration,0,112,22.026767,0.191314
[MO833] Paramount Iteration,3,112,22.025278,0.191215
[MO833] Paramount Iteration,1,112,22.030652,0.191201
[MO833] Paramount Iteration,2,113,22.213247,0.191181
[MO833] Paramount Iteration,0,113,22.217894,0.191127
[MO833] Paramount Iteration,3,113,22.216313,0.191035
[MO833] Paramount Iteration,1,113,22.221769,0.191117
[MO833] Paramount Iteration,2,114,22.404534,0.191287
[MO833] Paramount Iteration,0,114,22.409173,0.191279
[MO833] Paramount Iteration,1,114,22.413040,0.191271
[MO833] Paramount Iteration,3,114,22.407645,0.191332
[MO833] Paramount Iteration,2,115,22.595568,0.191034
[MO833] Paramount Iteration,0,115,22.600225,0.191052
[MO833] Paramount Iteration,3,115,22.598730,0.191085
[MO833] Paramount Iteration,1,115,22.604184,0.191144
[MO833] Paramount Iteration,2,116,22.786887,0.191319
[MO833] Paramount Iteration,0,116,22.791558,0.191333
[MO833] Paramount Iteration,1,116,22.795497,0.191313
[MO833] Paramount Iteration,3,116,22.790147,0.191417
[MO833] Paramount Iteration,2,117,22.978630,0.191743
[MO833] Paramount Iteration,0,117,22.983212,0.191654
[MO833] Paramount Iteration,3,117,22.981556,0.191409
[MO833] Paramount Iteration,1,117,22.986995,0.191498
[MO833] Paramount Iteration,2,118,23.169625,0.190995
[MO833] Paramount Iteration,0,118,23.174288,0.191076
[MO833] Paramount Iteration,3,118,23.172702,0.191146
[MO833] Paramount Iteration,1,118,23.178152,0.191157
[MO833] Paramount Iteration,2,119,23.360679,0.191054
[MO833] Paramount Iteration,0,119,23.365342,0.191054
[MO833] Paramount Iteration,3,119,23.363748,0.191046
[MO833] Paramount Iteration,1,119,23.369253,0.191101
[MO833] Paramount Iteration,2,120,23.551767,0.191088
[MO833] Paramount Iteration,0,120,23.556489,0.191147
 Time step  120
[MO833] Paramount Iteration,3,120,23.555015,0.191267
[MO833] Paramount Iteration,1,120,23.560503,0.191250
[MO833] Paramount Iteration,2,121,23.743360,0.191593
[MO833] Paramount Iteration,0,121,23.747928,0.191439
[MO833] Paramount Iteration,3,121,23.746246,0.191231
[MO833] Paramount Iteration,1,121,23.751720,0.191217
[MO833] Paramount Iteration,2,122,23.934367,0.191007
[MO833] Paramount Iteration,0,122,23.938992,0.191064
[MO833] Paramount Iteration,3,122,23.937533,0.191287
[MO833] Paramount Iteration,1,122,23.943049,0.191329
[MO833] Paramount Iteration,2,123,24.125665,0.191298
[MO833] Paramount Iteration,0,123,24.130252,0.191260
[MO833] Paramount Iteration,1,123,24.134251,0.191202
[MO833] Paramount Iteration,3,123,24.128866,0.191333
[MO833] Paramount Iteration,2,124,24.316970,0.191305
[MO833] Paramount Iteration,0,124,24.321601,0.191349
[MO833] Paramount Iteration,3,124,24.319999,0.191133
[MO833] Paramount Iteration,1,124,24.325418,0.191167
[MO833] Paramount Iteration,2,125,24.507977,0.191007
[MO833] Paramount Iteration,0,125,24.512605,0.191004
[MO833] Paramount Iteration,1,125,24.516632,0.191214
[MO833] Paramount Iteration,3,125,24.511249,0.191250
[MO833] Paramount Iteration,2,126,24.699646,0.191669
[MO833] Paramount Iteration,0,126,24.704280,0.191675
[MO833] Paramount Iteration,3,126,24.702619,0.191370
[MO833] Paramount Iteration,1,126,24.708060,0.191428
[MO833] Paramount Iteration,2,127,24.890739,0.191093
[MO833] Paramount Iteration,0,127,24.895347,0.191067
[MO833] Paramount Iteration,3,127,24.893755,0.191136
[MO833] Paramount Iteration,1,127,24.899230,0.191170
[MO833] Paramount Iteration,2,128,25.082132,0.191393
[MO833] Paramount Iteration,0,128,25.086741,0.191394
[MO833] Paramount Iteration,3,128,25.085202,0.191447
[MO833] Paramount Iteration,1,128,25.090610,0.191380
[MO833] Paramount Iteration,2,129,25.273257,0.191125
[MO833] Paramount Iteration,0,129,25.277886,0.191145
[MO833] Paramount Iteration,3,129,25.276325,0.191123
[MO833] Paramount Iteration,1,129,25.281744,0.191134
[MO833] Paramount Iteration,2,130,25.464704,0.191447
[MO833] Paramount Iteration,0,130,25.469269,0.191383
[MO833] Paramount Iteration,3,130,25.467635,0.191310
[MO833] Paramount Iteration,1,130,25.473076,0.191332
[MO833] Paramount Iteration,2,131,25.655707,0.191003
[MO833] Paramount Iteration,0,131,25.660319,0.191050
[MO833] Paramount Iteration,3,131,25.658748,0.191113
[MO833] Paramount Iteration,1,131,25.664258,0.191182
[MO833] Paramount Iteration,2,132,25.846944,0.191237
[MO833] Paramount Iteration,0,132,25.851565,0.191246
[MO833] Paramount Iteration,3,132,25.850054,0.191306
[MO833] Paramount Iteration,1,132,25.855458,0.191200
[MO833] Paramount Iteration,2,133,26.038170,0.191226
[MO833] Paramount Iteration,0,133,26.042870,0.191305
[MO833] Paramount Iteration,1,133,26.046884,0.191426
[MO833] Paramount Iteration,3,133,26.041518,0.191464
[MO833] Paramount Iteration,2,134,26.229708,0.191538
[MO833] Paramount Iteration,0,134,26.234386,0.191516
[MO833] Paramount Iteration,3,134,26.232904,0.191386
[MO833] Paramount Iteration,1,134,26.238319,0.191435
[MO833] Paramount Iteration,2,135,26.420917,0.191209
[MO833] Paramount Iteration,0,135,26.425569,0.191183
[MO833] Paramount Iteration,3,135,26.424073,0.191169
[MO833] Paramount Iteration,1,135,26.429487,0.191168
[MO833] Paramount Iteration,2,136,26.613139,0.192222
[MO833] Paramount Iteration,0,136,26.617790,0.192221
[MO833] Paramount Iteration,1,136,26.621669,0.192182
[MO833] Paramount Iteration,3,136,26.616366,0.192293
[MO833] Paramount Iteration,2,137,26.812025,0.198886
[MO833] Paramount Iteration,0,137,26.816636,0.198846
[MO833] Paramount Iteration,1,137,26.823226,0.201557
[MO833] Paramount Iteration,3,137,26.822671,0.206305
[MO833] Paramount Iteration,1,138,27.018109,0.194883
[MO833] Paramount Iteration,3,138,27.012735,0.190064
[MO833] Paramount Iteration,2,138,27.018870,0.206845
[MO833] Paramount Iteration,0,138,27.023521,0.206885
[MO833] Paramount Iteration,2,139,27.207458,0.188588
[MO833] Paramount Iteration,0,139,27.212158,0.188637
[MO833] Paramount Iteration,3,139,27.209927,0.197192
[MO833] Paramount Iteration,1,139,27.215364,0.197255
[MO833] Paramount Iteration,2,140,27.397962,0.190504
[MO833] Paramount Iteration,0,140,27.402600,0.190442
 Time step  140
[MO833] Paramount Iteration,3,140,27.401099,0.191172
[MO833] Paramount Iteration,1,140,27.406587,0.191223
[MO833] Paramount Iteration,2,141,27.589236,0.191274
[MO833] Paramount Iteration,0,141,27.593815,0.191215
[MO833] Paramount Iteration,3,141,27.592282,0.191183
[MO833] Paramount Iteration,1,141,27.597738,0.191151
[MO833] Paramount Iteration,2,142,27.780323,0.191087
[MO833] Paramount Iteration,0,142,27.785018,0.191203
[MO833] Paramount Iteration,3,142,27.783508,0.191226
[MO833] Paramount Iteration,1,142,27.788964,0.191226
[MO833] Paramount Iteration,2,143,27.972100,0.191777
[MO833] Paramount Iteration,0,143,27.976704,0.191686
[MO833] Paramount Iteration,3,143,27.975050,0.191542
[MO833] Paramount Iteration,1,143,27.980508,0.191544
[MO833] Paramount Iteration,2,144,28.163153,0.191053
[MO833] Paramount Iteration,0,144,28.167901,0.191197
[MO833] Paramount Iteration,3,144,28.166322,0.191272
[MO833] Paramount Iteration,1,144,28.171751,0.191243
[MO833] Paramount Iteration,2,145,28.354493,0.191340
[MO833] Paramount Iteration,0,145,28.359106,0.191205
[MO833] Paramount Iteration,3,145,28.357769,0.191447
[MO833] Paramount Iteration,1,145,28.363194,0.191443
[MO833] Paramount Iteration,2,146,28.546110,0.191617
[MO833] Paramount Iteration,0,146,28.550772,0.191666
[MO833] Paramount Iteration,1,146,28.554622,0.191428
[MO833] Paramount Iteration,3,146,28.549268,0.191499
[MO833] Paramount Iteration,2,147,28.737246,0.191136
[MO833] Paramount Iteration,0,147,28.741829,0.191057
[MO833] Paramount Iteration,3,147,28.740317,0.191049
[MO833] Paramount Iteration,1,147,28.745768,0.191146
[MO833] Paramount Iteration,2,148,28.928519,0.191273
[MO833] Paramount Iteration,0,148,28.933173,0.191344
[MO833] Paramount Iteration,3,148,28.931837,0.191520
[MO833] Paramount Iteration,1,148,28.937268,0.191500
[MO833] Paramount Iteration,2,149,29.119768,0.191249
[MO833] Paramount Iteration,0,149,29.124436,0.191263
[MO833] Paramount Iteration,1,149,29.128593,0.191325
[MO833] Paramount Iteration,3,149,29.123290,0.191453
[MO833] Paramount Iteration,2,150,29.311459,0.191691
[MO833] Paramount Iteration,0,150,29.316120,0.191684
[MO833] Paramount Iteration,1,150,29.319894,0.191301
[MO833] Paramount Iteration,3,150,29.314494,0.191204
[MO833] Paramount Iteration,2,151,29.502665,0.191206
[MO833] Paramount Iteration,0,151,29.507253,0.191133
[MO833] Paramount Iteration,3,151,29.505656,0.191162
[MO833] Paramount Iteration,1,151,29.511129,0.191235
[MO833] Paramount Iteration,2,152,29.694161,0.191496
[MO833] Paramount Iteration,0,152,29.698841,0.191588
[MO833] Paramount Iteration,3,152,29.696860,0.191204
[MO833] Paramount Iteration,1,152,29.702348,0.191219
[MO833] Paramount Iteration,2,153,29.884957,0.190796
[MO833] Paramount Iteration,0,153,29.889586,0.190745
[MO833] Paramount Iteration,3,153,29.887989,0.191129
[MO833] Paramount Iteration,1,153,29.893491,0.191143
[MO833] Paramount Iteration,2,154,30.076397,0.191440
[MO833] Paramount Iteration,0,154,30.081013,0.191427
[MO833] Paramount Iteration,3,154,30.079433,0.191444
[MO833] Paramount Iteration,1,154,30.084797,0.191306
[MO833] Paramount Iteration,2,155,30.267456,0.191059
[MO833] Paramount Iteration,0,155,30.272080,0.191067
[MO833] Paramount Iteration,3,155,30.270694,0.191261
[MO833] Paramount Iteration,1,155,30.276105,0.191308
[MO833] Paramount Iteration,2,156,30.458788,0.191332
[MO833] Paramount Iteration,0,156,30.463429,0.191349
[MO833] Paramount Iteration,1,156,30.467304,0.191199
[MO833] Paramount Iteration,3,156,30.461909,0.191215
[MO833] Paramount Iteration,2,157,30.650042,0.191254
[MO833] Paramount Iteration,0,157,30.654657,0.191228
[MO833] Paramount Iteration,1,157,30.658607,0.191303
[MO833] Paramount Iteration,3,157,30.653228,0.191319
[MO833] Paramount Iteration,2,158,30.841335,0.191293
[MO833] Paramount Iteration,0,158,30.846003,0.191346
[MO833] Paramount Iteration,3,158,30.844467,0.191239
[MO833] Paramount Iteration,1,158,30.849987,0.191380
[MO833] Paramount Iteration,2,159,31.033462,0.192127
[MO833] Paramount Iteration,0,159,31.038063,0.192060
[MO833] Paramount Iteration,3,159,31.035567,0.191100
[MO833] Paramount Iteration,1,159,31.041030,0.191043
[MO833] Paramount Iteration,2,160,31.231597,0.198135
[MO833] Paramount Iteration,0,160,31.236251,0.198188
 Time step  160
[MO833] Paramount Iteration,1,160,31.243502,0.202472
[MO833] Paramount Iteration,3,160,31.238188,0.202621
[MO833] Paramount Iteration,2,161,31.426388,0.194791
[MO833] Paramount Iteration,0,161,31.430970,0.194719
[MO833] Paramount Iteration,1,161,31.434894,0.191392
[MO833] Paramount Iteration,3,161,31.429493,0.191305
[MO833] Paramount Iteration,2,162,31.617913,0.191525
[MO833] Paramount Iteration,0,162,31.622536,0.191566
[MO833] Paramount Iteration,3,162,31.620705,0.191212
[MO833] Paramount Iteration,1,162,31.626106,0.191212
[MO833] Paramount Iteration,0,163,31.813245,0.190709
[MO833] Paramount Iteration,2,163,31.808711,0.190798
[MO833] Paramount Iteration,3,163,31.811667,0.190962
[MO833] Paramount Iteration,1,163,31.817116,0.191010
[MO833] Paramount Iteration,2,164,31.999590,0.190879
[MO833] Paramount Iteration,0,164,32.004218,0.190973
[MO833] Paramount Iteration,3,164,32.002556,0.190889
[MO833] Paramount Iteration,1,164,32.007934,0.190818
[MO833] Paramount Iteration,2,165,32.190483,0.190893
[MO833] Paramount Iteration,0,165,32.195093,0.190875
[MO833] Paramount Iteration,1,165,32.198868,0.190934
[MO833] Paramount Iteration,3,165,32.193505,0.190949
[MO833] Paramount Iteration,2,166,32.381800,0.191317
[MO833] Paramount Iteration,0,166,32.386480,0.191387
[MO833] Paramount Iteration,3,166,32.384607,0.191102
[MO833] Paramount Iteration,1,166,32.390051,0.191183
[MO833] Paramount Iteration,2,167,32.572448,0.190648
[MO833] Paramount Iteration,0,167,32.577064,0.190584
[MO833] Paramount Iteration,1,167,32.580919,0.190868
[MO833] Paramount Iteration,3,167,32.575522,0.190915
[MO833] Paramount Iteration,2,168,32.763687,0.191239
[MO833] Paramount Iteration,0,168,32.768340,0.191276
[MO833] Paramount Iteration,3,168,32.766426,0.190904
[MO833] Paramount Iteration,1,168,32.771894,0.190975
[MO833] Paramount Iteration,2,169,32.954235,0.190548
[MO833] Paramount Iteration,0,169,32.958903,0.190563
[MO833] Paramount Iteration,3,169,32.957378,0.190952
[MO833] Paramount Iteration,1,169,32.962804,0.190910
[MO833] Paramount Iteration,2,170,33.145631,0.191396
[MO833] Paramount Iteration,0,170,33.150214,0.191311
[MO833] Paramount Iteration,3,170,33.148329,0.190951
[MO833] Paramount Iteration,1,170,33.153777,0.190973
[MO833] Paramount Iteration,2,171,33.336727,0.191096
[MO833] Paramount Iteration,0,171,33.341309,0.191095
[MO833] Paramount Iteration,3,171,33.339439,0.191110
[MO833] Paramount Iteration,1,171,33.344874,0.191097
[MO833] Paramount Iteration,2,172,33.527568,0.190841
[MO833] Paramount Iteration,0,172,33.532187,0.190878
[MO833] Paramount Iteration,1,172,33.535893,0.191019
[MO833] Paramount Iteration,3,172,33.530501,0.191062
[MO833] Paramount Iteration,2,173,33.718463,0.190895
[MO833] Paramount Iteration,0,173,33.723143,0.190956
[MO833] Paramount Iteration,3,173,33.721761,0.191260
[MO833] Paramount Iteration,1,173,33.727125,0.191232
[MO833] Paramount Iteration,2,174,33.909746,0.191283
[MO833] Paramount Iteration,0,174,33.914388,0.191245
[MO833] Paramount Iteration,3,174,33.912631,0.190870
[MO833] Paramount Iteration,1,174,33.918083,0.190958
[MO833] Paramount Iteration,2,175,34.101696,0.191950
[MO833] Paramount Iteration,0,175,34.106308,0.191920
[MO833] Paramount Iteration,3,175,34.103875,0.191244
[MO833] Paramount Iteration,1,175,34.109275,0.191192
[MO833] Paramount Iteration,2,176,34.303452,0.201756
[MO833] Paramount Iteration,3,176,34.302092,0.198217
[MO833] Paramount Iteration,0,176,34.308867,0.202559
[MO833] Paramount Iteration,1,176,34.307456,0.198181
[MO833] Paramount Iteration,2,177,34.493178,0.189726
[MO833] Paramount Iteration,0,177,34.497755,0.188888
[MO833] Paramount Iteration,3,177,34.495366,0.193274
[MO833] Paramount Iteration,1,177,34.500824,0.193368
[MO833] Paramount Iteration,2,178,34.684238,0.191060
[MO833] Paramount Iteration,0,178,34.688898,0.191143
[MO833] Paramount Iteration,3,178,34.686294,0.190928
[MO833] Paramount Iteration,1,178,34.691742,0.190918
[MO833] Paramount Iteration,2,179,34.874382,0.190144
[MO833] Paramount Iteration,0,179,34.879041,0.190143
[MO833] Paramount Iteration,3,179,34.877548,0.191254
[MO833] Paramount Iteration,1,179,34.882986,0.191244
[MO833] Paramount Iteration,2,180,35.065808,0.191426
[MO833] Paramount Iteration,0,180,35.070413,0.191372
 Time step  180
[MO833] Paramount Iteration,3,180,35.068688,0.191140
[MO833] Paramount Iteration,1,180,35.074151,0.191165
[MO833] Paramount Iteration,2,181,35.256727,0.190919
[MO833] Paramount Iteration,0,181,35.261315,0.190902
[MO833] Paramount Iteration,3,181,35.259864,0.191176
[MO833] Paramount Iteration,1,181,35.265288,0.191137
[MO833] Paramount Iteration,2,182,35.448100,0.191373
[MO833] Paramount Iteration,0,182,35.452741,0.191426
[MO833] Paramount Iteration,1,182,35.456288,0.191000
[MO833] Paramount Iteration,3,182,35.450883,0.191019
[MO833] Paramount Iteration,2,183,35.638874,0.190774
[MO833] Paramount Iteration,0,183,35.643499,0.190758
[MO833] Paramount Iteration,3,183,35.641896,0.191013
[MO833] Paramount Iteration,1,183,35.647274,0.190986
[MO833] Paramount Iteration,2,184,35.829645,0.190771
[MO833] Paramount Iteration,0,184,35.834302,0.190803
[MO833] Paramount Iteration,1,184,35.838139,0.190865
[MO833] Paramount Iteration,3,184,35.832743,0.190847
[MO833] Paramount Iteration,2,185,36.020460,0.190815
[MO833] Paramount Iteration,0,185,36.025117,0.190815
[MO833] Paramount Iteration,3,185,36.023567,0.190824
[MO833] Paramount Iteration,1,185,36.028869,0.190730
[MO833] Paramount Iteration,2,186,36.211321,0.190861
[MO833] Paramount Iteration,0,186,36.215940,0.190823
[MO833] Paramount Iteration,3,186,36.214379,0.190812
[MO833] Paramount Iteration,1,186,36.219889,0.191020
[MO833] Paramount Iteration,2,187,36.402700,0.191379
[MO833] Paramount Iteration,0,187,36.407321,0.191381
[MO833] Paramount Iteration,1,187,36.411246,0.191357
[MO833] Paramount Iteration,3,187,36.405873,0.191494
[MO833] Paramount Iteration,0,188,36.598590,0.191269
[MO833] Paramount Iteration,2,188,36.594089,0.191389
[MO833] Paramount Iteration,3,188,36.596979,0.191106
[MO833] Paramount Iteration,1,188,36.602375,0.191129
[MO833] Paramount Iteration,2,189,36.785921,0.191832
[MO833] Paramount Iteration,0,189,36.790483,0.191893
[MO833] Paramount Iteration,1,189,36.794271,0.191896
[MO833] Paramount Iteration,3,189,36.788871,0.191892
[MO833] Paramount Iteration,2,190,36.977595,0.191674
[MO833] Paramount Iteration,0,190,36.982151,0.191668
[MO833] Paramount Iteration,3,190,36.980380,0.191509
[MO833] Paramount Iteration,1,190,36.985808,0.191537
[MO833] Paramount Iteration,2,191,37.169803,0.192208
[MO833] Paramount Iteration,0,191,37.174358,0.192207
[MO833] Paramount Iteration,3,191,37.171994,0.191614
[MO833] Paramount Iteration,1,191,37.177420,0.191612
[MO833] Paramount Iteration,2,192,37.359957,0.190154
[MO833] Paramount Iteration,0,192,37.364557,0.190199
[MO833] Paramount Iteration,3,192,37.362768,0.190774
[MO833] Paramount Iteration,1,192,37.368267,0.190847
[MO833] Paramount Iteration,2,193,37.550763,0.190806
[MO833] Paramount Iteration,0,193,37.555376,0.190819
[MO833] Paramount Iteration,3,193,37.553612,0.190844
[MO833] Paramount Iteration,1,193,37.559067,0.190800
[MO833] Paramount Iteration,2,194,37.741473,0.190710
[MO833] Paramount Iteration,0,194,37.746124,0.190748
[MO833] Paramount Iteration,3,194,37.744448,0.190836
[MO833] Paramount Iteration,1,194,37.749874,0.190807
[MO833] Paramount Iteration,0,195,37.936909,0.190785
[MO833] Paramount Iteration,2,195,37.932347,0.190874
[MO833] Paramount Iteration,3,195,37.935360,0.190912
[MO833] Paramount Iteration,1,195,37.940811,0.190937
[MO833] Paramount Iteration,2,196,38.123416,0.191069
[MO833] Paramount Iteration,0,196,38.127993,0.191084
[MO833] Paramount Iteration,3,196,38.126392,0.191032
[MO833] Paramount Iteration,1,196,38.131809,0.190998
[MO833] Paramount Iteration,2,197,38.314565,0.191149
[MO833] Paramount Iteration,0,197,38.319166,0.191173
[MO833] Paramount Iteration,3,197,38.317655,0.191263
[MO833] Paramount Iteration,1,197,38.323010,0.191201
[MO833] Paramount Iteration,2,198,38.505639,0.191074
[MO833] Paramount Iteration,0,198,38.510171,0.191005
[MO833] Paramount Iteration,3,198,38.508524,0.190869
[MO833] Paramount Iteration,1,198,38.513931,0.190921
[MO833] Paramount Iteration,2,199,38.696383,0.190744
[MO833] Paramount Iteration,0,199,38.701000,0.190829
[MO833] Paramount Iteration,3,199,38.699287,0.190763
[MO833] Paramount Iteration,1,199,38.704699,0.190768
[MO833] Paramount Iteration,0,200,38.892101,0.191101
 Time step  200
[MO833] Paramount Iteration,2,200,38.887565,0.191182
[MO833] Paramount Iteration,3,200,38.890767,0.191480
[MO833] Paramount Iteration,1,200,38.896158,0.191459
[MO833] Paramount Iteration,2,201,39.078918,0.191353
[MO833] Paramount Iteration,0,201,39.083521,0.191420
[MO833] Paramount Iteration,1,201,39.087227,0.191069
[MO833] Paramount Iteration,3,201,39.081840,0.191073
[MO833] Paramount Iteration,2,202,39.269712,0.190794
[MO833] Paramount Iteration,0,202,39.274280,0.190759
[MO833] Paramount Iteration,3,202,39.272643,0.190803
[MO833] Paramount Iteration,1,202,39.278057,0.190830
[MO833] Paramount Iteration,2,203,39.460837,0.191125
[MO833] Paramount Iteration,0,203,39.465436,0.191156
[MO833] Paramount Iteration,3,203,39.463742,0.191099
[MO833] Paramount Iteration,1,203,39.469272,0.191215
[MO833] Paramount Iteration,2,204,39.651749,0.190912
[MO833] Paramount Iteration,0,204,39.656343,0.190907
[MO833] Paramount Iteration,3,204,39.654678,0.190936
[MO833] Paramount Iteration,1,204,39.660116,0.190844
[MO833] Paramount Iteration,2,205,39.842982,0.191233
[MO833] Paramount Iteration,0,205,39.847562,0.191219
[MO833] Paramount Iteration,1,205,39.851139,0.191023
[MO833] Paramount Iteration,3,205,39.845751,0.191073
[MO833] Paramount Iteration,2,206,40.033956,0.190974
[MO833] Paramount Iteration,0,206,40.038554,0.190992
[MO833] Paramount Iteration,3,206,40.036926,0.191175
[MO833] Paramount Iteration,1,206,40.042284,0.191145
[MO833] Paramount Iteration,2,207,40.224740,0.190784
[MO833] Paramount Iteration,0,207,40.229369,0.190815
[MO833] Paramount Iteration,1,207,40.233457,0.191173
[MO833] Paramount Iteration,3,207,40.228079,0.191153
[MO833] Paramount Iteration,2,208,40.416011,0.191271
[MO833] Paramount Iteration,0,208,40.420618,0.191249
[MO833] Paramount Iteration,3,208,40.419176,0.191097
[MO833] Paramount Iteration,1,208,40.424513,0.191056
[MO833] Paramount Iteration,2,209,40.607183,0.191172
[MO833] Paramount Iteration,0,209,40.611822,0.191204
[MO833] Paramount Iteration,1,209,40.615777,0.191264
[MO833] Paramount Iteration,3,209,40.610384,0.191208
[MO833] Paramount Iteration,2,210,40.798321,0.191138
[MO833] Paramount Iteration,0,210,40.802946,0.191124
[MO833] Paramount Iteration,3,210,40.801386,0.191002
[MO833] Paramount Iteration,1,210,40.806776,0.190999
[MO833] Paramount Iteration,2,211,40.989215,0.190894
[MO833] Paramount Iteration,0,211,40.993897,0.190951
[MO833] Paramount Iteration,1,211,40.997679,0.190903
[MO833] Paramount Iteration,3,211,40.992307,0.190921
[MO833] Paramount Iteration,2,212,41.180071,0.190856
[MO833] Paramount Iteration,0,212,41.184671,0.190774
[MO833] Paramount Iteration,3,212,41.183210,0.190903
[MO833] Paramount Iteration,1,212,41.188560,0.190881
[MO833] Paramount Iteration,2,213,41.371049,0.190978
[MO833] Paramount Iteration,0,213,41.375672,0.191001
[MO833] Paramount Iteration,1,213,41.379709,0.191149
[MO833] Paramount Iteration,3,213,41.374341,0.191131
[MO833] Paramount Iteration,2,214,41.562320,0.191271
[MO833] Paramount Iteration,0,214,41.566896,0.191224
[MO833] Paramount Iteration,3,214,41.565403,0.191062
[MO833] Paramount Iteration,1,214,41.570889,0.191180
[MO833] Paramount Iteration,2,215,41.753800,0.191480
[MO833] Paramount Iteration,0,215,41.758539,0.191643
[MO833] Paramount Iteration,1,215,41.762322,0.191433
[MO833] Paramount Iteration,3,215,41.757007,0.191604
[MO833] Paramount Iteration,2,216,41.945890,0.192090
[MO833] Paramount Iteration,0,216,41.950726,0.192187
[MO833] Paramount Iteration,3,216,41.949033,0.192026
[MO833] Paramount Iteration,1,216,41.954357,0.192035
[MO833] Paramount Iteration,2,217,42.138152,0.192262
[MO833] Paramount Iteration,0,217,42.142947,0.192221
[MO833] Paramount Iteration,3,217,42.140157,0.191124
[MO833] Paramount Iteration,1,217,42.145661,0.191304
[MO833] Paramount Iteration,2,218,42.328278,0.190126
[MO833] Paramount Iteration,0,218,42.333002,0.190055
[MO833] Paramount Iteration,3,218,42.331280,0.191123
[MO833] Paramount Iteration,1,218,42.336724,0.191063
[MO833] Paramount Iteration,2,219,42.519349,0.191071
[MO833] Paramount Iteration,0,219,42.523952,0.190950
[MO833] Paramount Iteration,3,219,42.522598,0.191318
[MO833] Paramount Iteration,1,219,42.528059,0.191335
[MO833] Paramount Iteration,2,220,42.710776,0.191427
[MO833] Paramount Iteration,0,220,42.715354,0.191402
 Time step  220
[MO833] Paramount Iteration,3,220,42.713630,0.191032
[MO833] Paramount Iteration,1,220,42.719087,0.191028
[MO833] Paramount Iteration,2,221,42.911201,0.200425
[MO833] Paramount Iteration,0,221,42.916506,0.201152
[MO833] Paramount Iteration,1,221,42.916184,0.197097
[MO833] Paramount Iteration,3,221,42.910821,0.197191
[MO833] Paramount Iteration,2,222,43.099794,0.188593
[MO833] Paramount Iteration,0,222,43.104459,0.187953
[MO833] Paramount Iteration,1,222,43.107434,0.191250
[MO833] Paramount Iteration,3,222,43.102060,0.191239
[MO833] Paramount Iteration,2,223,43.290749,0.190955
[MO833] Paramount Iteration,0,223,43.295432,0.190973
[MO833] Paramount Iteration,3,223,43.292961,0.190901
[MO833] Paramount Iteration,1,223,43.298450,0.191016
[MO833] Paramount Iteration,2,224,43.481909,0.191160
[MO833] Paramount Iteration,0,224,43.486512,0.191080
[MO833] Paramount Iteration,1,224,43.489412,0.190962
[MO833] Paramount Iteration,3,224,43.484040,0.191079
[MO833] Paramount Iteration,2,225,43.672727,0.190818
[MO833] Paramount Iteration,0,225,43.677381,0.190869
[MO833] Paramount Iteration,3,225,43.675009,0.190969
[MO833] Paramount Iteration,1,225,43.680335,0.190923
[MO833] Paramount Iteration,2,226,43.863187,0.190460
[MO833] Paramount Iteration,0,226,43.867852,0.190471
[MO833] Paramount Iteration,3,226,43.866350,0.191341
[MO833] Paramount Iteration,1,226,43.871774,0.191439
[MO833] Paramount Iteration,2,227,44.054173,0.190986
[MO833] Paramount Iteration,0,227,44.058796,0.190944
[MO833] Paramount Iteration,3,227,44.057218,0.190868
[MO833] Paramount Iteration,1,227,44.062645,0.190871
[MO833] Paramount Iteration,2,228,44.245368,0.191195
[MO833] Paramount Iteration,0,228,44.250033,0.191237
[MO833] Paramount Iteration,3,228,44.248127,0.190909
[MO833] Paramount Iteration,1,228,44.253522,0.190877
[MO833] Paramount Iteration,2,229,44.435958,0.190590
[MO833] Paramount Iteration,0,229,44.440630,0.190597
[MO833] Paramount Iteration,3,229,44.439042,0.190915
[MO833] Paramount Iteration,1,229,44.444530,0.191008
[MO833] Paramount Iteration,2,230,44.626991,0.191033
[MO833] Paramount Iteration,0,230,44.631604,0.190974
[MO833] Paramount Iteration,3,230,44.630043,0.191001
[MO833] Paramount Iteration,1,230,44.635475,0.190945
[MO833] Paramount Iteration,2,231,44.818145,0.191154
[MO833] Paramount Iteration,0,231,44.822807,0.191203
[MO833] Paramount Iteration,3,231,44.821142,0.191099
[MO833] Paramount Iteration,1,231,44.826602,0.191127
[MO833] Paramount Iteration,2,232,45.009508,0.191363
[MO833] Paramount Iteration,0,232,45.014115,0.191308
[MO833] Paramount Iteration,3,232,45.012215,0.191073
[MO833] Paramount Iteration,1,232,45.017636,0.191034
[MO833] Paramount Iteration,2,233,45.200257,0.190749
[MO833] Paramount Iteration,0,233,45.204949,0.190834
[MO833] Paramount Iteration,3,233,45.203560,0.191345
[MO833] Paramount Iteration,1,233,45.208978,0.191342
[MO833] Paramount Iteration,0,234,45.396306,0.191357
[MO833] Paramount Iteration,2,234,45.391738,0.191481
[MO833] Paramount Iteration,3,234,45.394470,0.190910
[MO833] Paramount Iteration,1,234,45.399874,0.190896
[MO833] Paramount Iteration,2,235,45.582309,0.190571
[MO833] Paramount Iteration,0,235,45.587007,0.190701
[MO833] Paramount Iteration,1,235,45.590751,0.190877
[MO833] Paramount Iteration,3,235,45.585354,0.190884
[MO833] Paramount Iteration,2,236,45.773517,0.191208
[MO833] Paramount Iteration,0,236,45.778149,0.191142
[MO833] Paramount Iteration,1,236,45.781956,0.191205
[MO833] Paramount Iteration,3,236,45.776551,0.191197
[MO833] Paramount Iteration,2,237,45.964738,0.191221
[MO833] Paramount Iteration,0,237,45.969361,0.191212
[MO833] Paramount Iteration,3,237,45.967722,0.191171
[MO833] Paramount Iteration,1,237,45.973132,0.191176
[MO833] Paramount Iteration,2,238,46.155745,0.191007
[MO833] Paramount Iteration,0,238,46.160414,0.191053
[MO833] Paramount Iteration,1,238,46.164349,0.191217
[MO833] Paramount Iteration,3,238,46.158998,0.191276
[MO833] Paramount Iteration,2,239,46.347623,0.191878
[MO833] Paramount Iteration,0,239,46.352279,0.191865
[MO833] Paramount Iteration,3,239,46.350080,0.191082
[MO833] Paramount Iteration,1,239,46.355472,0.191123
[MO833] Paramount Iteration,2,240,46.539106,0.191483
[MO833] Paramount Iteration,0,240,46.543756,0.191477
 Time step  240
[MO833] Paramount Iteration,3,240,46.541046,0.190966
[MO833] Paramount Iteration,1,240,46.546471,0.190999
[MO833] Paramount Iteration,2,241,46.729898,0.190792
[MO833] Paramount Iteration,0,241,46.734600,0.190844
[MO833] Paramount Iteration,3,241,46.732084,0.191038
[MO833] Paramount Iteration,1,241,46.737496,0.191025
[MO833] Paramount Iteration,2,242,46.920065,0.190167
[MO833] Paramount Iteration,0,242,46.924715,0.190115
[MO833] Paramount Iteration,3,242,46.923068,0.190984
[MO833] Paramount Iteration,1,242,46.928527,0.191031
[MO833] Paramount Iteration,2,243,47.111904,0.191839
[MO833] Paramount Iteration,0,243,47.116556,0.191841
[MO833] Paramount Iteration,3,243,47.115008,0.191940
[MO833] Paramount Iteration,1,243,47.120454,0.191927
[MO833] Paramount Iteration,2,244,47.303169,0.191265
[MO833] Paramount Iteration,0,244,47.307815,0.191259
[MO833] Paramount Iteration,3,244,47.305998,0.190990
[MO833] Paramount Iteration,1,244,47.311457,0.191003
[MO833] Paramount Iteration,2,245,47.494214,0.191045
[MO833] Paramount Iteration,0,245,47.498818,0.191003
[MO833] Paramount Iteration,3,245,47.497153,0.191155
[MO833] Paramount Iteration,1,245,47.502563,0.191106
[MO833] Paramount Iteration,2,246,47.685068,0.190854
[MO833] Paramount Iteration,0,246,47.689664,0.190846
[MO833] Paramount Iteration,3,246,47.687935,0.190782
[MO833] Paramount Iteration,1,246,47.693371,0.190808
[MO833] Paramount Iteration,2,247,47.876048,0.190980
[MO833] Paramount Iteration,0,247,47.880701,0.191037
[MO833] Paramount Iteration,3,247,47.878979,0.191044
[MO833] Paramount Iteration,1,247,47.884445,0.191074
[MO833] Paramount Iteration,2,248,48.067047,0.190999
[MO833] Paramount Iteration,0,248,48.071664,0.190963
[MO833] Paramount Iteration,3,248,48.070015,0.191036
[MO833] Paramount Iteration,1,248,48.075539,0.191094
[MO833] Paramount Iteration,2,249,48.257932,0.190885
[MO833] Paramount Iteration,0,249,48.262563,0.190899
[MO833] Paramount Iteration,1,249,48.266553,0.191014
[MO833] Paramount Iteration,3,249,48.261179,0.191164
[MO833] Paramount Iteration,2,250,48.449511,0.191579
[MO833] Paramount Iteration,0,250,48.454100,0.191537
 Time step  250
[MO833] Paramount Iteration,3,250,48.452335,0.191156
[MO833] Paramount Iteration,1,250,48.457840,0.191287

 Verification being performed for class B
 Accuracy setting for epsilon =  0.1000000000000E-07
 Comparison of RMS-norms of residual
           1   0.3553267296998E+04 0.3553267296998E+04 0.4863242162582E-14
           2   0.2621475079531E+03 0.2621475079531E+03 0.7372476116054E-14
           3   0.8833372185095E+03 0.8833372185095E+03 0.1801821201181E-14
[MO833] PI avg,2,0.191508,251
[MO833] Beta,2,0.000281
[MO833] PI avg,3,0.191528,251
[MO833] Beta,3,0.000280
[MO833] PI avg,1,0.191529,251
[MO833] Beta,1,0.000280
           4   0.7781277473943E+03 0.7781277473943E+03 0.2337648811056E-14
           5   0.7308796959255E+04 0.7308796959255E+04 0.8710685148189E-15
 Comparison of RMS-norms of solution error
           1   0.1140117638021E+03 0.1140117638021E+03 0.1371081339804E-14
           2   0.8109896365542E+01 0.8109896365542E+01 0.1577057050695E-13
           3   0.2848059731770E+02 0.2848059731770E+02 0.6736043367181E-14
           4   0.2590539456783E+02 0.2590539456783E+02 0.2194269564664E-14
           5   0.2605490750486E+03 0.2605490750486E+03 0.2618013616830E-14
 Comparison of surface integral
               0.4788716270331E+02 0.4788716270331E+02 0.8902712488886E-15
 Verification Successful


 LU Benchmark Completed.
 Class           =                        B
 Size            =            102x 102x 102
 Iterations      =                      250
 Time in seconds =                    47.93
 Total processes =                        4
 Active procs    =                        4
 Mop/s total     =                 10406.63
 Mop/s/process   =                  2601.66
 Operation type  =           floating point
 Verification    =               SUCCESSFUL
 Version         =                      3.4
 Compile date    =              16 Jun 2020

 Compile options:
    MPIFC        = mpif90
    FLINK        = $(MPIFC)
    FMPI_LIB     = (none)
    FMPI_INC     = (none)
    FFLAGS       = -O3
    FLINKFLAGS   = $(FFLAGS) -O ../kernel_stats/kernel_stats.o...
    RAND         = (none)


 Please send feedbacks and/or the results of this run to:

 NPB Development Team 
 Internet: npb@nas.nasa.gov


[MO833] PI avg,0,0.191509,251
[MO833] Beta,0,0.000288
[MO833] Total time,48.666887
