--------------------------------------------------------------------------
[[44152,1],0]: A high-performance Open MPI point-to-point messaging module
was unable to find any relevant network interfaces:

Module: OpenFabrics (openib)
  Host: node06

Another transport will be used instead, although this may result in
lower performance.

NOTE: You can disable this warning by setting the MCA parameter
btl_base_warn_component_unused to 0.
--------------------------------------------------------------------------


 NAS Parallel Benchmarks 3.4 -- SP Benchmark

 No input file inputsp.data. Using compiled defaults
 Size:  162x 162x 162  (class C)
 Iterations:  400    dt:   0.0006700
 Total number of processes:     1

 Time step    1
 Time step   20
 Time step   40
 Time step   60
 Time step   80
 Time step  100
 Time step  120
 Time step  140
 Time step  160
 Time step  180
 Time step  200
 Time step  220
 Time step  240
 Time step  260
 Time step  280
 Time step  300
 Time step  320
 Time step  340
 Time step  360
 Time step  380
 Time step  400
 Verification being performed for class C
 accuracy setting for epsilon =  0.1000000000000E-07
 Comparison of RMS-norms of residual
           1 0.5881691581829E+03 0.5881691581829E+03 0.5740693869028E-13
           2 0.2454417603569E+03 0.2454417603569E+03 0.3867659250794E-13
           3 0.3293829191851E+03 0.3293829191851E+03 0.5556930796067E-13
           4 0.3081924971891E+03 0.3081924971891E+03 0.1506885262712E-12
           5 0.4597223799176E+03 0.4597223799176E+03 0.2670781108402E-13
 Comparison of RMS-norms of solution error
           1 0.2598120500183E+00 0.2598120500183E+00 0.8973672897576E-14
           2 0.2590888922314E-01 0.2590888922315E-01 0.2350112097912E-12
           3 0.5132886416320E-01 0.5132886416320E-01 0.6813325376634E-13
           4 0.4806073419454E-01 0.4806073419454E-01 0.3320685013755E-14
           5 0.5483377491301E+00 0.5483377491301E+00 0.8605002778201E-13
 Verification Successful


 SP Benchmark Completed.
 Class           =                        C
 Size            =            162x 162x 162
 Iterations      =                      400
 Time in seconds =                   832.50
 Total processes =                        1
 Active procs    =                        1
 Mop/s total     =                  1741.86
 Mop/s/process   =                  1741.86
 Operation type  =           floating point
 Verification    =               SUCCESSFUL
 Version         =                      3.4
 Compile date    =              06 Jun 2020

 Compile options:
    MPIFC        = mpif90
    FLINK        = $(MPIFC)
    FMPI_LIB     = (none)
    FMPI_INC     = (none)
    FFLAGS       = -O3
    FLINKFLAGS   = $(FFLAGS) -O ../kernel_stats/kernel_stats.o
    RAND         = (none)


 Please send feedbacks and/or the results of this run to:

 NPB Development Team 
 Internet: npb@nas.nasa.gov


