--------------------------------------------------------------------------
[[47509,1],0]: A high-performance Open MPI point-to-point messaging module
was unable to find any relevant network interfaces:

Module: OpenFabrics (openib)
  Host: node06

Another transport will be used instead, although this may result in
lower performance.

NOTE: You can disable this warning by setting the MCA parameter
btl_base_warn_component_unused to 0.
--------------------------------------------------------------------------
Init time,9.362495
Iteration,1,12.168794,2.805707
Iteration,2,14.728670,2.559856
Iteration,3,17.390599,2.661905
Iteration,4,19.883590,2.492971
Iteration,5,22.490309,2.606693
Iteration,6,24.905411,2.415089
Iteration,7,27.334839,2.429404
Iteration,8,29.807720,2.472869
Iteration,9,32.148360,2.340627
Iteration,10,34.611002,2.462622
Iteration,11,36.883233,2.272207
Iteration,12,39.294398,2.411153
Iteration,13,41.700586,2.406176
Iteration,14,43.981690,2.281092
Iteration,15,46.341300,2.359586
Iteration,16,48.612235,2.270922
Iteration,17,50.988142,2.375894
Iteration,18,53.327517,2.339362
Iteration,19,55.614139,2.286610
Iteration,20,57.894577,2.280426


 NAS Parallel Benchmarks 3.4 -- MG Benchmark

 No input file. Using compiled defaults 
 Size:  512x 512x 512  (class C)
 Iterations:   20
 Total number of processes:      1


 Initialization time:           8.078 seconds

  iter    1
  iter    5
  iter   10
  iter   15
  iter   20

 Benchmark completed 
 VERIFICATION SUCCESSFUL 
 L2 Norm is  0.5706732285705E-06
 Error is    0.6101090353211E-11


 MG Benchmark Completed.
 Class           =                        C
 Size            =            512x 512x 512
 Iterations      =                       20
 Time in seconds =                    49.74
 Total processes =                        1
 Active procs    =                        1
 Mop/s total     =                  3130.09
 Mop/s/process   =                  3130.09
 Operation type  =           floating point
 Verification    =               SUCCESSFUL
 Version         =                      3.4
 Compile date    =              06 Jun 2020

 Compile options:
    MPIFC        = mpif90
    FLINK        = $(MPIFC)
    FMPI_LIB     = (none)
    FMPI_INC     = (none)
    FFLAGS       = -O3
    FLINKFLAGS   = $(FFLAGS) -O ../kernel_stats/kernel_stats.o
    RAND         = randi8


 Please send feedbacks and/or the results of this run to:

 NPB Development Team 
 Internet: npb@nas.nasa.gov


