--------------------------------------------------------------------------
[[35419,1],1]: A high-performance Open MPI point-to-point messaging module
was unable to find any relevant network interfaces:

Module: OpenFabrics (openib)
  Host: node06

Another transport will be used instead, although this may result in
lower performance.

NOTE: You can disable this warning by setting the MCA parameter
btl_base_warn_component_unused to 0.
--------------------------------------------------------------------------


 NAS Parallel Benchmarks 3.4 -- BT Benchmark

 No input file inputbt.data. Using compiled defaults
 Size:  102x 102x 102  (class B)
 Iterations:  200    dt:   0.0003000
 WARNING: Number of active processes:     4
 Total number of processes:     8

 Time step    1
[MO833] Paramount Iteration,1,1,1.245241,0.455157
[MO833] Paramount Iteration,3,1,1.239479,0.455340
[MO833] Paramount Iteration,2,1,1.243935,0.457984
[MO833] Paramount Iteration,0,1,1.250388,0.458148
[MO833] Paramount Iteration,2,2,1.678281,0.434346
[MO833] Paramount Iteration,0,2,1.684577,0.434189
[MO833] Paramount Iteration,3,2,1.678267,0.438788
[MO833] Paramount Iteration,1,2,1.684224,0.438983
[MO833] Paramount Iteration,2,3,2.110712,0.432431
[MO833] Paramount Iteration,0,3,2.116965,0.432388
[MO833] Paramount Iteration,1,3,2.116630,0.432406
[MO833] Paramount Iteration,3,3,2.110713,0.432446
[MO833] Paramount Iteration,0,4,2.550003,0.433038
[MO833] Paramount Iteration,2,4,2.543699,0.432987
[MO833] Paramount Iteration,3,4,2.543746,0.433033
[MO833] Paramount Iteration,1,4,2.549653,0.433023
[MO833] Paramount Iteration,2,5,2.976340,0.432641
[MO833] Paramount Iteration,0,5,2.982595,0.432592
[MO833] Paramount Iteration,1,5,2.982282,0.432629
[MO833] Paramount Iteration,3,5,2.976305,0.432559
[MO833] Paramount Iteration,1,6,3.415954,0.433672
[MO833] Paramount Iteration,3,6,3.410863,0.434558
[MO833] Paramount Iteration,2,6,3.419354,0.443014
[MO833] Paramount Iteration,0,6,3.426414,0.443819
[MO833] Paramount Iteration,2,7,3.849517,0.430163
[MO833] Paramount Iteration,0,7,3.855782,0.429368
[MO833] Paramount Iteration,3,7,3.849495,0.438632
[MO833] Paramount Iteration,1,7,3.855452,0.439498
[MO833] Paramount Iteration,2,8,4.304697,0.455180
[MO833] Paramount Iteration,0,8,4.311112,0.455330
[MO833] Paramount Iteration,1,8,4.310645,0.455193
[MO833] Paramount Iteration,3,8,4.304781,0.455286
[MO833] Paramount Iteration,0,9,4.747950,0.436838
[MO833] Paramount Iteration,2,9,4.741827,0.437130
[MO833] Paramount Iteration,3,9,4.741717,0.436936
[MO833] Paramount Iteration,1,9,4.747715,0.437070
[MO833] Paramount Iteration,2,10,5.174277,0.432450
[MO833] Paramount Iteration,0,10,5.180556,0.432606
[MO833] Paramount Iteration,1,10,5.180204,0.432489
[MO833] Paramount Iteration,3,10,5.174257,0.432540
[MO833] Paramount Iteration,0,11,5.613000,0.432444
[MO833] Paramount Iteration,2,11,5.606734,0.432457
[MO833] Paramount Iteration,3,11,5.606676,0.432419
[MO833] Paramount Iteration,1,11,5.612687,0.432483
[MO833] Paramount Iteration,3,12,6.041861,0.435185
[MO833] Paramount Iteration,1,12,6.047915,0.435228
[MO833] Paramount Iteration,2,12,6.051528,0.444794
[MO833] Paramount Iteration,0,12,6.057748,0.444748
[MO833] Paramount Iteration,2,13,6.481165,0.429637
[MO833] Paramount Iteration,0,13,6.487436,0.429688
[MO833] Paramount Iteration,1,13,6.487069,0.439154
[MO833] Paramount Iteration,3,13,6.481141,0.439280
[MO833] Paramount Iteration,0,14,6.919909,0.432473
[MO833] Paramount Iteration,2,14,6.913582,0.432417
[MO833] Paramount Iteration,3,14,6.913584,0.432443
[MO833] Paramount Iteration,1,14,6.919499,0.432430
[MO833] Paramount Iteration,2,15,7.346047,0.432465
[MO833] Paramount Iteration,0,15,7.352345,0.432436
[MO833] Paramount Iteration,1,15,7.351951,0.432452
[MO833] Paramount Iteration,3,15,7.346024,0.432440
[MO833] Paramount Iteration,0,16,7.784722,0.432377
[MO833] Paramount Iteration,2,16,7.778492,0.432445
[MO833] Paramount Iteration,3,16,7.778433,0.432409
[MO833] Paramount Iteration,1,16,7.784426,0.432475
[MO833] Paramount Iteration,2,17,8.210980,0.432488
[MO833] Paramount Iteration,0,17,8.217217,0.432495
[MO833] Paramount Iteration,1,17,8.216925,0.432499
[MO833] Paramount Iteration,3,17,8.210977,0.432544
[MO833] Paramount Iteration,0,18,8.649565,0.432348
[MO833] Paramount Iteration,2,18,8.643379,0.432399
[MO833] Paramount Iteration,3,18,8.643344,0.432367
[MO833] Paramount Iteration,1,18,8.649342,0.432417
[MO833] Paramount Iteration,2,19,9.075770,0.432391
[MO833] Paramount Iteration,0,19,9.082046,0.432481
 Time step   20
[MO833] Paramount Iteration,1,19,9.081731,0.432389
[MO833] Paramount Iteration,3,19,9.075776,0.432432
[MO833] Paramount Iteration,0,20,9.520270,0.438224
[MO833] Paramount Iteration,2,20,9.513959,0.438189
[MO833] Paramount Iteration,3,20,9.513948,0.438172
[MO833] Paramount Iteration,1,20,9.519890,0.438159
[MO833] Paramount Iteration,2,21,9.945225,0.431266
[MO833] Paramount Iteration,0,21,9.951440,0.431170
[MO833] Paramount Iteration,1,21,9.951133,0.431243
[MO833] Paramount Iteration,3,21,9.945145,0.431197
[MO833] Paramount Iteration,2,22,10.400466,0.455241
[MO833] Paramount Iteration,0,22,10.407682,0.456242
[MO833] Paramount Iteration,1,22,10.406572,0.455439
[MO833] Paramount Iteration,3,22,10.401227,0.456082
[MO833] Paramount Iteration,2,23,10.837706,0.437240
[MO833] Paramount Iteration,0,23,10.843992,0.436310
[MO833] Paramount Iteration,3,23,10.837682,0.436455
[MO833] Paramount Iteration,1,23,10.843608,0.437036
[MO833] Paramount Iteration,0,24,11.276561,0.432569
[MO833] Paramount Iteration,2,24,11.270281,0.432575
[MO833] Paramount Iteration,1,24,11.276212,0.432604
[MO833] Paramount Iteration,3,24,11.270263,0.432581
[MO833] Paramount Iteration,2,25,11.702735,0.432454
[MO833] Paramount Iteration,0,25,11.709005,0.432444
[MO833] Paramount Iteration,3,25,11.702757,0.432494
[MO833] Paramount Iteration,1,25,11.708674,0.432462
[MO833] Paramount Iteration,0,26,12.141427,0.432422
[MO833] Paramount Iteration,2,26,12.135141,0.432406
[MO833] Paramount Iteration,1,26,12.141113,0.432439
[MO833] Paramount Iteration,3,26,12.135178,0.432421
[MO833] Paramount Iteration,2,27,12.567635,0.432494
[MO833] Paramount Iteration,0,27,12.573868,0.432441
[MO833] Paramount Iteration,3,27,12.567593,0.432415
[MO833] Paramount Iteration,1,27,12.573556,0.432443
[MO833] Paramount Iteration,1,28,13.005865,0.432309
[MO833] Paramount Iteration,3,28,13.000818,0.433225
[MO833] Paramount Iteration,2,28,13.010425,0.442790
[MO833] Paramount Iteration,0,28,13.017419,0.443551
[MO833] Paramount Iteration,0,29,13.447070,0.429651
[MO833] Paramount Iteration,2,29,13.440868,0.430443
[MO833] Paramount Iteration,1,29,13.446709,0.440844
[MO833] Paramount Iteration,3,29,13.440780,0.439962
[MO833] Paramount Iteration,0,30,13.879512,0.432442
[MO833] Paramount Iteration,2,30,13.873235,0.432367
[MO833] Paramount Iteration,3,30,13.873168,0.432388
[MO833] Paramount Iteration,1,30,13.879155,0.432446
[MO833] Paramount Iteration,2,31,14.305808,0.432573
[MO833] Paramount Iteration,0,31,14.312071,0.432559
[MO833] Paramount Iteration,1,31,14.311704,0.432549
[MO833] Paramount Iteration,3,31,14.305757,0.432589
[MO833] Paramount Iteration,0,32,14.744703,0.432632
[MO833] Paramount Iteration,2,32,14.738308,0.432500
[MO833] Paramount Iteration,3,32,14.738343,0.432586
[MO833] Paramount Iteration,1,32,14.744276,0.432572
[MO833] Paramount Iteration,2,33,15.170758,0.432450
[MO833] Paramount Iteration,0,33,15.177043,0.432340
[MO833] Paramount Iteration,1,33,15.176714,0.432438
[MO833] Paramount Iteration,3,33,15.170764,0.432421
[MO833] Paramount Iteration,0,34,15.609447,0.432404
[MO833] Paramount Iteration,2,34,15.603181,0.432423
[MO833] Paramount Iteration,3,34,15.603158,0.432394
[MO833] Paramount Iteration,1,34,15.609135,0.432421
[MO833] Paramount Iteration,2,35,16.035601,0.432420
[MO833] Paramount Iteration,0,35,16.041883,0.432436
[MO833] Paramount Iteration,1,35,16.041550,0.432415
[MO833] Paramount Iteration,3,35,16.035609,0.432451
[MO833] Paramount Iteration,0,36,16.474372,0.432489
[MO833] Paramount Iteration,2,36,16.468082,0.432481
[MO833] Paramount Iteration,3,36,16.468109,0.432500
[MO833] Paramount Iteration,1,36,16.474051,0.432501
[MO833] Paramount Iteration,2,37,16.900500,0.432418
[MO833] Paramount Iteration,0,37,16.906726,0.432354
[MO833] Paramount Iteration,1,37,16.906437,0.432386
[MO833] Paramount Iteration,3,37,16.900465,0.432356
[MO833] Paramount Iteration,0,38,17.339244,0.432518
[MO833] Paramount Iteration,2,38,17.332934,0.432434
[MO833] Paramount Iteration,3,38,17.332929,0.432464
[MO833] Paramount Iteration,1,38,17.338847,0.432410
[MO833] Paramount Iteration,2,39,17.765300,0.432366
[MO833] Paramount Iteration,0,39,17.771524,0.432280
 Time step   40
[MO833] Paramount Iteration,1,39,17.771178,0.432331
[MO833] Paramount Iteration,3,39,17.765233,0.432304
[MO833] Paramount Iteration,0,40,18.202842,0.431318
[MO833] Paramount Iteration,2,40,18.196518,0.431218
[MO833] Paramount Iteration,3,40,18.196551,0.431318
[MO833] Paramount Iteration,1,40,18.202494,0.431316
[MO833] Paramount Iteration,2,41,18.629062,0.432544
[MO833] Paramount Iteration,0,41,18.635356,0.432514
[MO833] Paramount Iteration,1,41,18.634958,0.432464
[MO833] Paramount Iteration,3,41,18.629041,0.432490
[MO833] Paramount Iteration,0,42,19.067843,0.432487
[MO833] Paramount Iteration,2,42,19.061555,0.432493
[MO833] Paramount Iteration,3,42,19.061486,0.432445
[MO833] Paramount Iteration,1,42,19.067477,0.432519
[MO833] Paramount Iteration,2,43,19.494026,0.432471
[MO833] Paramount Iteration,0,43,19.500308,0.432465
[MO833] Paramount Iteration,1,43,19.499935,0.432458
[MO833] Paramount Iteration,3,43,19.493983,0.432497
[MO833] Paramount Iteration,0,44,19.932795,0.432487
[MO833] Paramount Iteration,2,44,19.926527,0.432501
[MO833] Paramount Iteration,3,44,19.926473,0.432490
[MO833] Paramount Iteration,1,44,19.932435,0.432500
[MO833] Paramount Iteration,2,45,20.358958,0.432431
[MO833] Paramount Iteration,0,45,20.365179,0.432384
[MO833] Paramount Iteration,1,45,20.364905,0.432470
[MO833] Paramount Iteration,3,45,20.358938,0.432465
[MO833] Paramount Iteration,0,46,20.797611,0.432432
[MO833] Paramount Iteration,2,46,20.791338,0.432380
[MO833] Paramount Iteration,3,46,20.791350,0.432412
[MO833] Paramount Iteration,1,46,20.797299,0.432394
[MO833] Paramount Iteration,2,47,21.223770,0.432432
[MO833] Paramount Iteration,0,47,21.230047,0.432436
[MO833] Paramount Iteration,1,47,21.229726,0.432427
[MO833] Paramount Iteration,3,47,21.223781,0.432431
[MO833] Paramount Iteration,0,48,21.662473,0.432426
[MO833] Paramount Iteration,2,48,21.656230,0.432460
[MO833] Paramount Iteration,3,48,21.656189,0.432408
[MO833] Paramount Iteration,1,48,21.662152,0.432426
[MO833] Paramount Iteration,2,49,22.088631,0.432401
[MO833] Paramount Iteration,0,49,22.094864,0.432391
[MO833] Paramount Iteration,1,49,22.094504,0.432352
[MO833] Paramount Iteration,3,49,22.088577,0.432388
[MO833] Paramount Iteration,0,50,22.551396,0.456532
[MO833] Paramount Iteration,2,50,22.545191,0.456560
[MO833] Paramount Iteration,3,50,22.545166,0.456589
[MO833] Paramount Iteration,1,50,22.551112,0.456608
[MO833] Paramount Iteration,2,51,22.981511,0.436320
[MO833] Paramount Iteration,0,51,22.987792,0.436396
[MO833] Paramount Iteration,1,51,22.987423,0.436311
[MO833] Paramount Iteration,3,51,22.981482,0.436316
[MO833] Paramount Iteration,0,52,23.428099,0.440307
[MO833] Paramount Iteration,2,52,23.421861,0.440350
[MO833] Paramount Iteration,3,52,23.421789,0.440307
[MO833] Paramount Iteration,1,52,23.427738,0.440315
[MO833] Paramount Iteration,2,53,23.853216,0.431355
[MO833] Paramount Iteration,0,53,23.859440,0.431341
[MO833] Paramount Iteration,1,53,23.859126,0.431388
[MO833] Paramount Iteration,3,53,23.853136,0.431347
[MO833] Paramount Iteration,0,54,24.291944,0.432504
[MO833] Paramount Iteration,2,54,24.285715,0.432499
[MO833] Paramount Iteration,3,54,24.285638,0.432502
[MO833] Paramount Iteration,1,54,24.291590,0.432464
[MO833] Paramount Iteration,2,55,24.718096,0.432381
[MO833] Paramount Iteration,0,55,24.724311,0.432367
[MO833] Paramount Iteration,1,55,24.724056,0.432466
[MO833] Paramount Iteration,3,55,24.718044,0.432406
[MO833] Paramount Iteration,0,56,25.156890,0.432579
[MO833] Paramount Iteration,2,56,25.150606,0.432510
[MO833] Paramount Iteration,3,56,25.150594,0.432550
[MO833] Paramount Iteration,1,56,25.156542,0.432486
[MO833] Paramount Iteration,2,57,25.582967,0.432361
[MO833] Paramount Iteration,0,57,25.589175,0.432285
[MO833] Paramount Iteration,1,57,25.588948,0.432406
[MO833] Paramount Iteration,3,57,25.582941,0.432347
[MO833] Paramount Iteration,0,58,26.021654,0.432479
[MO833] Paramount Iteration,2,58,26.015379,0.432412
[MO833] Paramount Iteration,3,58,26.015394,0.432453
[MO833] Paramount Iteration,1,58,26.021339,0.432391
[MO833] Paramount Iteration,2,59,26.447794,0.432415
[MO833] Paramount Iteration,0,59,26.454129,0.432475
 Time step   60
[MO833] Paramount Iteration,1,59,26.453751,0.432412
[MO833] Paramount Iteration,3,59,26.447834,0.432440
[MO833] Paramount Iteration,0,60,26.886455,0.432326
[MO833] Paramount Iteration,2,60,26.880205,0.432411
[MO833] Paramount Iteration,3,60,26.880174,0.432340
[MO833] Paramount Iteration,1,60,26.886147,0.432396
[MO833] Paramount Iteration,2,61,27.312639,0.432434
[MO833] Paramount Iteration,0,61,27.318945,0.432490
[MO833] Paramount Iteration,1,61,27.318534,0.432387
[MO833] Paramount Iteration,3,61,27.312643,0.432469
[MO833] Paramount Iteration,0,62,27.751411,0.432466
[MO833] Paramount Iteration,2,62,27.745109,0.432470
[MO833] Paramount Iteration,3,62,27.745110,0.432467
[MO833] Paramount Iteration,1,62,27.751057,0.432523
[MO833] Paramount Iteration,2,63,28.177774,0.432665
[MO833] Paramount Iteration,0,63,28.183994,0.432583
[MO833] Paramount Iteration,1,63,28.183636,0.432579
[MO833] Paramount Iteration,3,63,28.177679,0.432569
[MO833] Paramount Iteration,0,64,28.616337,0.432343
[MO833] Paramount Iteration,2,64,28.610143,0.432369
[MO833] Paramount Iteration,3,64,28.610033,0.432354
[MO833] Paramount Iteration,1,64,28.616032,0.432396
[MO833] Paramount Iteration,2,65,29.042507,0.432364
[MO833] Paramount Iteration,0,65,29.048756,0.432419
[MO833] Paramount Iteration,1,65,29.048404,0.432372
[MO833] Paramount Iteration,3,65,29.042479,0.432446
[MO833] Paramount Iteration,0,66,29.481196,0.432440
[MO833] Paramount Iteration,2,66,29.474944,0.432437
[MO833] Paramount Iteration,3,66,29.474921,0.432442
[MO833] Paramount Iteration,1,66,29.480882,0.432478
[MO833] Paramount Iteration,2,67,29.907383,0.432439
[MO833] Paramount Iteration,0,67,29.913611,0.432415
[MO833] Paramount Iteration,1,67,29.913282,0.432400
[MO833] Paramount Iteration,3,67,29.907367,0.432446
[MO833] Paramount Iteration,0,68,30.344884,0.431273
[MO833] Paramount Iteration,2,68,30.338699,0.431316
[MO833] Paramount Iteration,3,68,30.338617,0.431250
[MO833] Paramount Iteration,1,68,30.344605,0.431323
[MO833] Paramount Iteration,2,69,30.771112,0.432413
[MO833] Paramount Iteration,0,69,30.777316,0.432432
[MO833] Paramount Iteration,1,69,30.777073,0.432468
[MO833] Paramount Iteration,3,69,30.771050,0.432433
[MO833] Paramount Iteration,0,70,31.209743,0.432427
[MO833] Paramount Iteration,2,70,31.203528,0.432416
[MO833] Paramount Iteration,3,70,31.203507,0.432457
[MO833] Paramount Iteration,1,70,31.209459,0.432386
[MO833] Paramount Iteration,2,71,31.636132,0.432604
[MO833] Paramount Iteration,0,71,31.642430,0.432687
[MO833] Paramount Iteration,1,71,31.642083,0.432624
[MO833] Paramount Iteration,3,71,31.636131,0.432624
[MO833] Paramount Iteration,0,72,32.074799,0.432369
[MO833] Paramount Iteration,2,72,32.068660,0.432528
[MO833] Paramount Iteration,3,72,32.068573,0.432442
[MO833] Paramount Iteration,1,72,32.074538,0.432455
[MO833] Paramount Iteration,2,73,32.501055,0.432395
[MO833] Paramount Iteration,0,73,32.507324,0.432525
[MO833] Paramount Iteration,1,73,32.506949,0.432411
[MO833] Paramount Iteration,3,73,32.501019,0.432446
[MO833] Paramount Iteration,0,74,32.939848,0.432524
[MO833] Paramount Iteration,2,74,32.933530,0.432475
[MO833] Paramount Iteration,3,74,32.933533,0.432514
[MO833] Paramount Iteration,1,74,32.939470,0.432521
[MO833] Paramount Iteration,2,75,33.365979,0.432449
[MO833] Paramount Iteration,0,75,33.372271,0.432423
[MO833] Paramount Iteration,1,75,33.371892,0.432422
[MO833] Paramount Iteration,3,75,33.365960,0.432427
[MO833] Paramount Iteration,0,76,33.804684,0.432413
[MO833] Paramount Iteration,2,76,33.798465,0.432486
[MO833] Paramount Iteration,3,76,33.798382,0.432422
[MO833] Paramount Iteration,1,76,33.804356,0.432464
[MO833] Paramount Iteration,2,77,34.229648,0.431183
[MO833] Paramount Iteration,1,77,34.235214,0.430858
[MO833] Paramount Iteration,0,77,34.245839,0.441155
[MO833] Paramount Iteration,3,77,34.238018,0.439636
[MO833] Paramount Iteration,2,78,34.697070,0.467422
[MO833] Paramount Iteration,0,78,34.703329,0.457490
[MO833] Paramount Iteration,3,78,34.697064,0.459046
[MO833] Paramount Iteration,1,78,34.702973,0.467759
[MO833] Paramount Iteration,0,79,35.135842,0.432513
 Time step   80
[MO833] Paramount Iteration,2,79,35.129546,0.432476
[MO833] Paramount Iteration,1,79,35.135472,0.432499
[MO833] Paramount Iteration,3,79,35.129531,0.432467
[MO833] Paramount Iteration,2,80,35.562105,0.432559
[MO833] Paramount Iteration,0,80,35.568393,0.432551
[MO833] Paramount Iteration,3,80,35.562080,0.432549
[MO833] Paramount Iteration,1,80,35.568031,0.432559
[MO833] Paramount Iteration,0,81,36.000818,0.432425
[MO833] Paramount Iteration,2,81,35.994503,0.432398
[MO833] Paramount Iteration,1,81,36.000422,0.432391
[MO833] Paramount Iteration,3,81,35.994496,0.432416
[MO833] Paramount Iteration,2,82,36.427042,0.432539
[MO833] Paramount Iteration,0,82,36.433332,0.432514
[MO833] Paramount Iteration,3,82,36.427052,0.432556
[MO833] Paramount Iteration,1,82,36.432983,0.432561
[MO833] Paramount Iteration,0,83,36.865724,0.432392
[MO833] Paramount Iteration,2,83,36.859431,0.432389
[MO833] Paramount Iteration,1,83,36.865389,0.432406
[MO833] Paramount Iteration,3,83,36.859463,0.432411
[MO833] Paramount Iteration,2,84,37.291823,0.432392
[MO833] Paramount Iteration,0,84,37.298179,0.432455
[MO833] Paramount Iteration,3,84,37.291866,0.432403
[MO833] Paramount Iteration,1,84,37.297757,0.432368
[MO833] Paramount Iteration,0,85,37.730363,0.432184
[MO833] Paramount Iteration,2,85,37.724093,0.432270
[MO833] Paramount Iteration,1,85,37.730006,0.432249
[MO833] Paramount Iteration,3,85,37.724093,0.432227
[MO833] Paramount Iteration,2,86,38.155260,0.431167
[MO833] Paramount Iteration,0,86,38.161602,0.431239
[MO833] Paramount Iteration,3,86,38.155344,0.431251
[MO833] Paramount Iteration,1,86,38.161236,0.431230
[MO833] Paramount Iteration,0,87,38.594032,0.432430
[MO833] Paramount Iteration,2,87,38.587768,0.432508
[MO833] Paramount Iteration,1,87,38.593696,0.432460
[MO833] Paramount Iteration,3,87,38.587767,0.432423
[MO833] Paramount Iteration,2,88,39.020049,0.432281
[MO833] Paramount Iteration,0,88,39.026440,0.432408
[MO833] Paramount Iteration,3,88,39.020127,0.432360
[MO833] Paramount Iteration,1,88,39.026015,0.432319
[MO833] Paramount Iteration,2,89,39.452361,0.432312
[MO833] Paramount Iteration,0,89,39.458956,0.432516
[MO833] Paramount Iteration,1,89,39.458359,0.432344
[MO833] Paramount Iteration,3,89,39.452606,0.432479
[MO833] Paramount Iteration,2,90,39.884901,0.432540
[MO833] Paramount Iteration,0,90,39.891260,0.432304
[MO833] Paramount Iteration,3,90,39.884918,0.432312
[MO833] Paramount Iteration,1,90,39.890807,0.432448
[MO833] Paramount Iteration,0,91,40.323707,0.432447
[MO833] Paramount Iteration,2,91,40.317393,0.432492
[MO833] Paramount Iteration,1,91,40.323313,0.432506
[MO833] Paramount Iteration,3,91,40.317384,0.432466
[MO833] Paramount Iteration,2,92,40.749919,0.432526
[MO833] Paramount Iteration,0,92,40.756195,0.432488
[MO833] Paramount Iteration,3,92,40.749857,0.432473
[MO833] Paramount Iteration,1,92,40.755806,0.432493
[MO833] Paramount Iteration,0,93,41.188750,0.432555
[MO833] Paramount Iteration,2,93,41.182397,0.432478
[MO833] Paramount Iteration,1,93,41.188312,0.432506
[MO833] Paramount Iteration,3,93,41.182434,0.432577
[MO833] Paramount Iteration,2,94,41.614899,0.432502
[MO833] Paramount Iteration,0,94,41.621215,0.432465
[MO833] Paramount Iteration,3,94,41.614948,0.432514
[MO833] Paramount Iteration,1,94,41.620889,0.432577
[MO833] Paramount Iteration,0,95,42.053632,0.432417
[MO833] Paramount Iteration,2,95,42.047317,0.432418
[MO833] Paramount Iteration,1,95,42.053285,0.432396
[MO833] Paramount Iteration,3,95,42.047368,0.432420
[MO833] Paramount Iteration,2,96,42.479793,0.432476
[MO833] Paramount Iteration,0,96,42.486092,0.432460
[MO833] Paramount Iteration,3,96,42.479804,0.432436
[MO833] Paramount Iteration,1,96,42.485735,0.432450
[MO833] Paramount Iteration,0,97,42.918595,0.432503
[MO833] Paramount Iteration,2,97,42.912216,0.432423
[MO833] Paramount Iteration,1,97,42.918133,0.432398
[MO833] Paramount Iteration,3,97,42.912242,0.432438
[MO833] Paramount Iteration,2,98,43.344626,0.432410
[MO833] Paramount Iteration,0,98,43.350962,0.432367
[MO833] Paramount Iteration,3,98,43.344635,0.432393
[MO833] Paramount Iteration,1,98,43.350558,0.432425
[MO833] Paramount Iteration,0,99,43.783443,0.432481
 Time step  100
[MO833] Paramount Iteration,2,99,43.777120,0.432494
[MO833] Paramount Iteration,1,99,43.783073,0.432515
[MO833] Paramount Iteration,3,99,43.777116,0.432481
[MO833] Paramount Iteration,2,100,44.209649,0.432529
[MO833] Paramount Iteration,0,100,44.216019,0.432576
[MO833] Paramount Iteration,3,100,44.209679,0.432563
[MO833] Paramount Iteration,1,100,44.215573,0.432500
[MO833] Paramount Iteration,0,101,44.648411,0.432392
[MO833] Paramount Iteration,2,101,44.642087,0.432438
[MO833] Paramount Iteration,1,101,44.648000,0.432427
[MO833] Paramount Iteration,3,101,44.642085,0.432406
[MO833] Paramount Iteration,2,102,45.074621,0.432534
[MO833] Paramount Iteration,0,102,45.080930,0.432519
[MO833] Paramount Iteration,3,102,45.074610,0.432525
[MO833] Paramount Iteration,1,102,45.080561,0.432561
[MO833] Paramount Iteration,0,103,45.513308,0.432378
[MO833] Paramount Iteration,2,103,45.507071,0.432450
[MO833] Paramount Iteration,1,103,45.512984,0.432423
[MO833] Paramount Iteration,3,103,45.507064,0.432454
[MO833] Paramount Iteration,2,104,45.939437,0.432366
[MO833] Paramount Iteration,0,104,45.945719,0.432411
[MO833] Paramount Iteration,3,104,45.939463,0.432399
[MO833] Paramount Iteration,1,104,45.945383,0.432399
[MO833] Paramount Iteration,2,105,46.394465,0.455028
[MO833] Paramount Iteration,0,105,46.400967,0.455248
[MO833] Paramount Iteration,1,105,46.400421,0.455038
[MO833] Paramount Iteration,3,105,46.394669,0.455206
[MO833] Paramount Iteration,2,106,46.831241,0.436776
[MO833] Paramount Iteration,0,106,46.837607,0.436640
[MO833] Paramount Iteration,3,106,46.831316,0.436647
[MO833] Paramount Iteration,1,106,46.837191,0.436770
[MO833] Paramount Iteration,0,107,47.269834,0.432227
[MO833] Paramount Iteration,2,107,47.263616,0.432375
[MO833] Paramount Iteration,1,107,47.269535,0.432344
[MO833] Paramount Iteration,3,107,47.263573,0.432257
[MO833] Paramount Iteration,2,108,47.694774,0.431158
[MO833] Paramount Iteration,0,108,47.701192,0.431358
[MO833] Paramount Iteration,3,108,47.694889,0.431316
[MO833] Paramount Iteration,1,108,47.700758,0.431223
[MO833] Paramount Iteration,0,109,48.133537,0.432345
[MO833] Paramount Iteration,2,109,48.127246,0.432472
[MO833] Paramount Iteration,1,109,48.133224,0.432466
[MO833] Paramount Iteration,3,109,48.127289,0.432400
[MO833] Paramount Iteration,2,110,48.559719,0.432473
[MO833] Paramount Iteration,0,110,48.566026,0.432489
[MO833] Paramount Iteration,3,110,48.559735,0.432446
[MO833] Paramount Iteration,1,110,48.565674,0.432450
[MO833] Paramount Iteration,0,111,48.998425,0.432399
[MO833] Paramount Iteration,2,111,48.992067,0.432348
[MO833] Paramount Iteration,1,111,48.998065,0.432391
[MO833] Paramount Iteration,3,111,48.992124,0.432389
[MO833] Paramount Iteration,2,112,49.424659,0.432592
[MO833] Paramount Iteration,0,112,49.430927,0.432502
[MO833] Paramount Iteration,3,112,49.424653,0.432529
[MO833] Paramount Iteration,1,112,49.430594,0.432529
[MO833] Paramount Iteration,0,113,49.863451,0.432524
[MO833] Paramount Iteration,2,113,49.857103,0.432444
[MO833] Paramount Iteration,1,113,49.863012,0.432418
[MO833] Paramount Iteration,3,113,49.857146,0.432493
[MO833] Paramount Iteration,2,114,50.289566,0.432463
[MO833] Paramount Iteration,0,114,50.295897,0.432446
[MO833] Paramount Iteration,3,114,50.289560,0.432414
[MO833] Paramount Iteration,1,114,50.295504,0.432492
[MO833] Paramount Iteration,0,115,50.728337,0.432440
[MO833] Paramount Iteration,2,115,50.722035,0.432469
[MO833] Paramount Iteration,1,115,50.727958,0.432454
[MO833] Paramount Iteration,3,115,50.722023,0.432463
[MO833] Paramount Iteration,2,116,51.154464,0.432429
[MO833] Paramount Iteration,0,116,51.160807,0.432470
[MO833] Paramount Iteration,3,116,51.154493,0.432470
[MO833] Paramount Iteration,1,116,51.160406,0.432448
[MO833] Paramount Iteration,0,117,51.593207,0.432400
[MO833] Paramount Iteration,2,117,51.586963,0.432499
[MO833] Paramount Iteration,1,117,51.592913,0.432507
[MO833] Paramount Iteration,3,117,51.586969,0.432476
[MO833] Paramount Iteration,2,118,52.019418,0.432455
[MO833] Paramount Iteration,0,118,52.025751,0.432544
[MO833] Paramount Iteration,3,118,52.019451,0.432482
[MO833] Paramount Iteration,1,118,52.025380,0.432467
[MO833] Paramount Iteration,0,119,52.458150,0.432399
 Time step  120
[MO833] Paramount Iteration,2,119,52.451866,0.432448
[MO833] Paramount Iteration,1,119,52.457795,0.432415
[MO833] Paramount Iteration,3,119,52.451873,0.432422
[MO833] Paramount Iteration,2,120,52.884267,0.432401
[MO833] Paramount Iteration,0,120,52.890606,0.432456
[MO833] Paramount Iteration,3,120,52.884308,0.432435
[MO833] Paramount Iteration,1,120,52.890216,0.432421
[MO833] Paramount Iteration,0,121,53.322962,0.432356
[MO833] Paramount Iteration,2,121,53.316731,0.432464
[MO833] Paramount Iteration,1,121,53.322635,0.432419
[MO833] Paramount Iteration,3,121,53.316644,0.432336
[MO833] Paramount Iteration,2,122,53.749163,0.432432
[MO833] Paramount Iteration,0,122,53.755379,0.432417
[MO833] Paramount Iteration,3,122,53.749070,0.432426
[MO833] Paramount Iteration,1,122,53.755050,0.432415
[MO833] Paramount Iteration,0,123,54.187912,0.432533
[MO833] Paramount Iteration,2,123,54.181672,0.432509
[MO833] Paramount Iteration,1,123,54.187544,0.432494
[MO833] Paramount Iteration,3,123,54.181612,0.432542
[MO833] Paramount Iteration,2,124,54.614129,0.432457
[MO833] Paramount Iteration,0,124,54.620370,0.432458
[MO833] Paramount Iteration,3,124,54.614094,0.432482
[MO833] Paramount Iteration,1,124,54.620048,0.432504
[MO833] Paramount Iteration,0,125,55.052837,0.432467
[MO833] Paramount Iteration,2,125,55.046567,0.432438
[MO833] Paramount Iteration,1,125,55.052506,0.432458
[MO833] Paramount Iteration,3,125,55.046525,0.432431
[MO833] Paramount Iteration,2,126,55.479008,0.432441
[MO833] Paramount Iteration,0,126,55.485303,0.432466
[MO833] Paramount Iteration,3,126,55.479027,0.432502
[MO833] Paramount Iteration,1,126,55.484960,0.432454
[MO833] Paramount Iteration,0,127,55.917662,0.432359
[MO833] Paramount Iteration,2,127,55.911435,0.432427
[MO833] Paramount Iteration,1,127,55.917371,0.432411
[MO833] Paramount Iteration,3,127,55.911415,0.432388
[MO833] Paramount Iteration,2,128,56.343874,0.432439
[MO833] Paramount Iteration,0,128,56.350166,0.432504
[MO833] Paramount Iteration,3,128,56.343870,0.432455
[MO833] Paramount Iteration,1,128,56.349801,0.432430
[MO833] Paramount Iteration,0,129,56.782624,0.432458
[MO833] Paramount Iteration,2,129,56.776341,0.432467
[MO833] Paramount Iteration,1,129,56.782281,0.432480
[MO833] Paramount Iteration,3,129,56.776311,0.432441
[MO833] Paramount Iteration,2,130,57.208845,0.432504
[MO833] Paramount Iteration,0,130,57.215164,0.432540
[MO833] Paramount Iteration,3,130,57.208850,0.432539
[MO833] Paramount Iteration,1,130,57.214761,0.432480
[MO833] Paramount Iteration,0,131,57.647623,0.432459
[MO833] Paramount Iteration,2,131,57.641327,0.432482
[MO833] Paramount Iteration,1,131,57.647259,0.432498
[MO833] Paramount Iteration,3,131,57.641285,0.432435
[MO833] Paramount Iteration,2,132,58.073865,0.432538
[MO833] Paramount Iteration,0,132,58.080112,0.432489
[MO833] Paramount Iteration,3,132,58.073786,0.432501
[MO833] Paramount Iteration,1,132,58.079754,0.432495
[MO833] Paramount Iteration,1,133,58.513589,0.433835
[MO833] Paramount Iteration,3,133,58.508405,0.434619
[MO833] Paramount Iteration,2,133,58.516984,0.443119
[MO833] Paramount Iteration,0,133,58.523913,0.443801
[MO833] Paramount Iteration,2,134,58.947001,0.430017
[MO833] Paramount Iteration,0,134,58.953343,0.429430
[MO833] Paramount Iteration,1,134,58.952954,0.439365
[MO833] Paramount Iteration,3,134,58.947050,0.438645
[MO833] Paramount Iteration,2,135,59.379438,0.432437
[MO833] Paramount Iteration,0,135,59.385815,0.432472
[MO833] Paramount Iteration,3,135,59.379505,0.432455
[MO833] Paramount Iteration,1,135,59.385401,0.432447
[MO833] Paramount Iteration,0,136,59.818193,0.432378
[MO833] Paramount Iteration,2,136,59.811879,0.432441
[MO833] Paramount Iteration,1,136,59.817800,0.432399
[MO833] Paramount Iteration,3,136,59.811901,0.432396
[MO833] Paramount Iteration,2,137,60.244298,0.432419
[MO833] Paramount Iteration,0,137,60.250715,0.432522
[MO833] Paramount Iteration,3,137,60.244369,0.432468
[MO833] Paramount Iteration,1,137,60.250258,0.432458
[MO833] Paramount Iteration,0,138,60.683188,0.432473
[MO833] Paramount Iteration,2,138,60.676925,0.432627
[MO833] Paramount Iteration,1,138,60.682835,0.432577
[MO833] Paramount Iteration,3,138,60.676889,0.432520
[MO833] Paramount Iteration,2,139,61.109351,0.432426
[MO833] Paramount Iteration,0,139,61.115677,0.432489
 Time step  140
[MO833] Paramount Iteration,3,139,61.109365,0.432476
[MO833] Paramount Iteration,1,139,61.115268,0.432433
[MO833] Paramount Iteration,0,140,61.548144,0.432467
[MO833] Paramount Iteration,2,140,61.541896,0.432545
[MO833] Paramount Iteration,1,140,61.547797,0.432529
[MO833] Paramount Iteration,3,140,61.541821,0.432456
[MO833] Paramount Iteration,2,141,61.974448,0.432552
[MO833] Paramount Iteration,0,141,61.980751,0.432607
[MO833] Paramount Iteration,3,141,61.974457,0.432636
[MO833] Paramount Iteration,1,141,61.980381,0.432584
[MO833] Paramount Iteration,0,142,62.413218,0.432467
[MO833] Paramount Iteration,2,142,62.406928,0.432480
[MO833] Paramount Iteration,1,142,62.412896,0.432515
[MO833] Paramount Iteration,3,142,62.406937,0.432480
[MO833] Paramount Iteration,2,143,62.839414,0.432486
[MO833] Paramount Iteration,0,143,62.845733,0.432515
[MO833] Paramount Iteration,3,143,62.839446,0.432509
[MO833] Paramount Iteration,1,143,62.845355,0.432459
[MO833] Paramount Iteration,0,144,63.278150,0.432417
[MO833] Paramount Iteration,2,144,63.271799,0.432385
[MO833] Paramount Iteration,1,144,63.277732,0.432377
[MO833] Paramount Iteration,3,144,63.271859,0.432413
[MO833] Paramount Iteration,2,145,63.704298,0.432499
[MO833] Paramount Iteration,0,145,63.710528,0.432378
[MO833] Paramount Iteration,3,145,63.704259,0.432400
[MO833] Paramount Iteration,1,145,63.710201,0.432469
[MO833] Paramount Iteration,0,146,64.143063,0.432535
[MO833] Paramount Iteration,2,146,64.136776,0.432478
[MO833] Paramount Iteration,1,146,64.142734,0.432533
[MO833] Paramount Iteration,3,146,64.136762,0.432503
[MO833] Paramount Iteration,2,147,64.569199,0.432423
[MO833] Paramount Iteration,0,147,64.575518,0.432455
[MO833] Paramount Iteration,3,147,64.569213,0.432451
[MO833] Paramount Iteration,1,147,64.575120,0.432386
[MO833] Paramount Iteration,0,148,65.008138,0.432620
[MO833] Paramount Iteration,2,148,65.001777,0.432578
[MO833] Paramount Iteration,1,148,65.007703,0.432583
[MO833] Paramount Iteration,3,148,65.001792,0.432579
[MO833] Paramount Iteration,2,149,65.434426,0.432649
[MO833] Paramount Iteration,0,149,65.440687,0.432549
[MO833] Paramount Iteration,3,149,65.434397,0.432605
[MO833] Paramount Iteration,1,149,65.440323,0.432620
[MO833] Paramount Iteration,0,150,65.873067,0.432380
[MO833] Paramount Iteration,2,150,65.866760,0.432334
[MO833] Paramount Iteration,1,150,65.872716,0.432393
[MO833] Paramount Iteration,3,150,65.866768,0.432371
[MO833] Paramount Iteration,2,151,66.299053,0.432293
[MO833] Paramount Iteration,0,151,66.305431,0.432364
[MO833] Paramount Iteration,3,151,66.299153,0.432385
[MO833] Paramount Iteration,1,151,66.305027,0.432311
[MO833] Paramount Iteration,0,152,66.737792,0.432361
[MO833] Paramount Iteration,2,152,66.731508,0.432455
[MO833] Paramount Iteration,1,152,66.737457,0.432430
[MO833] Paramount Iteration,3,152,66.731528,0.432375
[MO833] Paramount Iteration,2,153,67.163922,0.432414
[MO833] Paramount Iteration,0,153,67.170262,0.432470
[MO833] Paramount Iteration,3,153,67.163955,0.432427
[MO833] Paramount Iteration,1,153,67.169883,0.432426
[MO833] Paramount Iteration,0,154,67.602589,0.432327
[MO833] Paramount Iteration,2,154,67.596326,0.432404
[MO833] Paramount Iteration,1,154,67.602290,0.432407
[MO833] Paramount Iteration,3,154,67.596359,0.432404
[MO833] Paramount Iteration,2,155,68.028807,0.432481
[MO833] Paramount Iteration,0,155,68.035149,0.432560
[MO833] Paramount Iteration,3,155,68.028838,0.432479
[MO833] Paramount Iteration,1,155,68.034732,0.432442
[MO833] Paramount Iteration,0,156,68.467568,0.432419
[MO833] Paramount Iteration,2,156,68.461359,0.432552
[MO833] Paramount Iteration,1,156,68.467241,0.432509
[MO833] Paramount Iteration,3,156,68.461307,0.432469
[MO833] Paramount Iteration,2,157,68.893902,0.432543
[MO833] Paramount Iteration,0,157,68.900137,0.432569
[MO833] Paramount Iteration,3,157,68.893808,0.432501
[MO833] Paramount Iteration,1,157,68.899808,0.432567
[MO833] Paramount Iteration,0,158,69.332674,0.432537
[MO833] Paramount Iteration,2,158,69.326390,0.432488
[MO833] Paramount Iteration,1,158,69.332319,0.432511
[MO833] Paramount Iteration,3,158,69.326382,0.432574
[MO833] Paramount Iteration,2,159,69.758825,0.432435
[MO833] Paramount Iteration,0,159,69.765063,0.432389
 Time step  160
[MO833] Paramount Iteration,3,159,69.758803,0.432421
[MO833] Paramount Iteration,1,159,69.764761,0.432442
[MO833] Paramount Iteration,0,160,70.197507,0.432444
[MO833] Paramount Iteration,2,160,70.191175,0.432350
[MO833] Paramount Iteration,1,160,70.197177,0.432416
[MO833] Paramount Iteration,3,160,70.191238,0.432435
[MO833] Paramount Iteration,2,161,70.623590,0.432415
[MO833] Paramount Iteration,0,161,70.629833,0.432326
[MO833] Paramount Iteration,3,161,70.623583,0.432345
[MO833] Paramount Iteration,1,161,70.629511,0.432334
[MO833] Paramount Iteration,0,162,71.062316,0.432483
[MO833] Paramount Iteration,2,162,71.055973,0.432383
[MO833] Paramount Iteration,1,162,71.061953,0.432442
[MO833] Paramount Iteration,3,162,71.056035,0.432452
[MO833] Paramount Iteration,2,163,71.488354,0.432381
[MO833] Paramount Iteration,0,163,71.494723,0.432407
[MO833] Paramount Iteration,3,163,71.488430,0.432395
[MO833] Paramount Iteration,1,163,71.494309,0.432356
[MO833] Paramount Iteration,0,164,71.927129,0.432406
[MO833] Paramount Iteration,2,164,71.920851,0.432497
[MO833] Paramount Iteration,1,164,71.926792,0.432483
[MO833] Paramount Iteration,3,164,71.920848,0.432418
[MO833] Paramount Iteration,2,165,72.353487,0.432636
[MO833] Paramount Iteration,0,165,72.359798,0.432669
[MO833] Paramount Iteration,3,165,72.353477,0.432629
[MO833] Paramount Iteration,1,165,72.359360,0.432568
[MO833] Paramount Iteration,0,166,72.791078,0.431280
[MO833] Paramount Iteration,2,166,72.784770,0.431283
[MO833] Paramount Iteration,1,166,72.790703,0.431343
[MO833] Paramount Iteration,3,166,72.784765,0.431288
[MO833] Paramount Iteration,2,167,73.217230,0.432460
[MO833] Paramount Iteration,0,167,73.223520,0.432442
[MO833] Paramount Iteration,3,167,73.217191,0.432426
[MO833] Paramount Iteration,1,167,73.223111,0.432408
[MO833] Paramount Iteration,0,168,73.656032,0.432512
[MO833] Paramount Iteration,2,168,73.649632,0.432402
[MO833] Paramount Iteration,1,168,73.655562,0.432451
[MO833] Paramount Iteration,3,168,73.649702,0.432511
[MO833] Paramount Iteration,2,169,74.082321,0.432689
[MO833] Paramount Iteration,0,169,74.088570,0.432538
[MO833] Paramount Iteration,3,169,74.082248,0.432546
[MO833] Paramount Iteration,1,169,74.088223,0.432661
[MO833] Paramount Iteration,0,170,74.521052,0.432482
[MO833] Paramount Iteration,2,170,74.514763,0.432442
[MO833] Paramount Iteration,1,170,74.520693,0.432470
[MO833] Paramount Iteration,3,170,74.514772,0.432524
[MO833] Paramount Iteration,2,171,74.947129,0.432366
[MO833] Paramount Iteration,0,171,74.953521,0.432469
[MO833] Paramount Iteration,3,171,74.947196,0.432424
[MO833] Paramount Iteration,1,171,74.953075,0.432382
[MO833] Paramount Iteration,0,172,75.385852,0.432331
[MO833] Paramount Iteration,2,172,75.379561,0.432432
[MO833] Paramount Iteration,1,172,75.385530,0.432455
[MO833] Paramount Iteration,3,172,75.379572,0.432376
[MO833] Paramount Iteration,2,173,75.812004,0.432443
[MO833] Paramount Iteration,0,173,75.818301,0.432449
[MO833] Paramount Iteration,3,173,75.812040,0.432468
[MO833] Paramount Iteration,1,173,75.817935,0.432405
[MO833] Paramount Iteration,0,174,76.250706,0.432405
[MO833] Paramount Iteration,2,174,76.244354,0.432350
[MO833] Paramount Iteration,1,174,76.250304,0.432369
[MO833] Paramount Iteration,3,174,76.244433,0.432393
[MO833] Paramount Iteration,2,175,76.676806,0.432452
[MO833] Paramount Iteration,0,175,76.683131,0.432425
[MO833] Paramount Iteration,3,175,76.676817,0.432384
[MO833] Paramount Iteration,1,175,76.682732,0.432428
[MO833] Paramount Iteration,0,176,77.115476,0.432345
[MO833] Paramount Iteration,2,176,77.109170,0.432364
[MO833] Paramount Iteration,1,176,77.115124,0.432392
[MO833] Paramount Iteration,3,176,77.109191,0.432374
[MO833] Paramount Iteration,2,177,77.541685,0.432515
[MO833] Paramount Iteration,0,177,77.548021,0.432545
[MO833] Paramount Iteration,3,177,77.541674,0.432483
[MO833] Paramount Iteration,1,177,77.547614,0.432490
[MO833] Paramount Iteration,0,178,77.980514,0.432493
[MO833] Paramount Iteration,2,178,77.974225,0.432540
[MO833] Paramount Iteration,1,178,77.980115,0.432501
[MO833] Paramount Iteration,3,178,77.974192,0.432518
[MO833] Paramount Iteration,2,179,78.406626,0.432401
[MO833] Paramount Iteration,0,179,78.412955,0.432441
 Time step  180
[MO833] Paramount Iteration,3,179,78.406629,0.432437
[MO833] Paramount Iteration,1,179,78.412545,0.432430
[MO833] Paramount Iteration,0,180,78.845287,0.432332
[MO833] Paramount Iteration,2,180,78.839045,0.432419
[MO833] Paramount Iteration,1,180,78.844980,0.432435
[MO833] Paramount Iteration,3,180,78.839014,0.432385
[MO833] Paramount Iteration,2,181,79.271398,0.432353
[MO833] Paramount Iteration,0,181,79.277755,0.432468
[MO833] Paramount Iteration,3,181,79.271453,0.432439
[MO833] Paramount Iteration,1,181,79.277372,0.432392
[MO833] Paramount Iteration,0,182,79.710081,0.432326
[MO833] Paramount Iteration,2,182,79.703780,0.432382
[MO833] Paramount Iteration,1,182,79.709755,0.432383
[MO833] Paramount Iteration,3,182,79.703807,0.432354
[MO833] Paramount Iteration,2,183,80.136092,0.432312
[MO833] Paramount Iteration,0,183,80.142432,0.432351
[MO833] Paramount Iteration,3,183,80.136131,0.432324
[MO833] Paramount Iteration,1,183,80.142041,0.432286
[MO833] Paramount Iteration,0,184,80.574796,0.432364
[MO833] Paramount Iteration,2,184,80.568632,0.432540
[MO833] Paramount Iteration,1,184,80.574522,0.432481
[MO833] Paramount Iteration,3,184,80.568575,0.432444
[MO833] Paramount Iteration,2,185,81.001051,0.432419
[MO833] Paramount Iteration,0,185,81.007348,0.432552
[MO833] Paramount Iteration,3,185,81.001033,0.432458
[MO833] Paramount Iteration,1,185,81.006936,0.432414
[MO833] Paramount Iteration,0,186,81.439955,0.432607
[MO833] Paramount Iteration,2,186,81.433674,0.432623
[MO833] Paramount Iteration,1,186,81.439574,0.432638
[MO833] Paramount Iteration,3,186,81.433653,0.432620
[MO833] Paramount Iteration,2,187,81.866135,0.432461
[MO833] Paramount Iteration,0,187,81.872415,0.432460
[MO833] Paramount Iteration,3,187,81.866119,0.432466
[MO833] Paramount Iteration,1,187,81.872065,0.432491
[MO833] Paramount Iteration,0,188,82.304798,0.432383
[MO833] Paramount Iteration,2,188,82.298546,0.432411
[MO833] Paramount Iteration,1,188,82.304467,0.432402
[MO833] Paramount Iteration,3,188,82.298489,0.432370
[MO833] Paramount Iteration,2,189,82.731004,0.432458
[MO833] Paramount Iteration,0,189,82.737232,0.432434
[MO833] Paramount Iteration,3,189,82.730990,0.432501
[MO833] Paramount Iteration,1,189,82.736916,0.432449
[MO833] Paramount Iteration,0,190,83.169630,0.432398
[MO833] Paramount Iteration,2,190,83.163326,0.432322
[MO833] Paramount Iteration,1,190,83.169275,0.432359
[MO833] Paramount Iteration,3,190,83.163325,0.432335
[MO833] Paramount Iteration,2,191,83.595649,0.432323
[MO833] Paramount Iteration,0,191,83.601941,0.432311
[MO833] Paramount Iteration,3,191,83.595681,0.432356
[MO833] Paramount Iteration,1,191,83.601637,0.432362
[MO833] Paramount Iteration,0,192,84.034405,0.432464
[MO833] Paramount Iteration,2,192,84.028153,0.432504
[MO833] Paramount Iteration,1,192,84.034075,0.432438
[MO833] Paramount Iteration,3,192,84.028147,0.432466
[MO833] Paramount Iteration,2,193,84.460672,0.432519
[MO833] Paramount Iteration,0,193,84.466943,0.432538
[MO833] Paramount Iteration,3,193,84.460638,0.432491
[MO833] Paramount Iteration,1,193,84.466587,0.432512
[MO833] Paramount Iteration,0,194,84.899442,0.432499
[MO833] Paramount Iteration,2,194,84.893116,0.432444
[MO833] Paramount Iteration,1,194,84.899019,0.432432
[MO833] Paramount Iteration,3,194,84.893125,0.432487
[MO833] Paramount Iteration,2,195,85.325638,0.432522
[MO833] Paramount Iteration,0,195,85.332034,0.432592
[MO833] Paramount Iteration,3,195,85.325683,0.432558
[MO833] Paramount Iteration,1,195,85.331542,0.432523
[MO833] Paramount Iteration,0,196,85.764377,0.432343
[MO833] Paramount Iteration,2,196,85.758065,0.432427
[MO833] Paramount Iteration,1,196,85.763961,0.432419
[MO833] Paramount Iteration,3,196,85.758066,0.432383
[MO833] Paramount Iteration,2,197,86.190530,0.432465
[MO833] Paramount Iteration,0,197,86.196835,0.432458
[MO833] Paramount Iteration,3,197,86.190526,0.432460
[MO833] Paramount Iteration,1,197,86.196464,0.432503
[MO833] Paramount Iteration,0,198,86.629214,0.432379
[MO833] Paramount Iteration,2,198,86.622944,0.432414
[MO833] Paramount Iteration,1,198,86.628903,0.432439
[MO833] Paramount Iteration,3,198,86.622919,0.432393
[MO833] Paramount Iteration,2,199,87.055297,0.432353
[MO833] Paramount Iteration,0,199,87.061634,0.432420
 Time step  200
[MO833] Paramount Iteration,3,199,87.055387,0.432468
[MO833] Paramount Iteration,1,199,87.061265,0.432362
 Verification being performed for class B
 accuracy setting for epsilon =  0.1000000000000E-07
 Comparison of RMS-norms of residual
           1 0.1423359722929E+04 0.1423359722929E+04 0.1070287152945E-13
           2 0.9933052259015E+02 0.9933052259015E+02 0.7153317200312E-15
           3 0.3564602564454E+03 0.3564602564454E+03 0.5900255245348E-14
           4 0.3248544795908E+03 0.3248544795908E+03 0.9798945854817E-14
           5 0.3270754125466E+04 0.3270754125466E+04 0.1223502756335E-13
 Comparison of RMS-norms of solution error
           1 0.5296984714094E+02 0.5296984714094E+02 0.9389868800427E-15
           2 0.4463289611567E+01 0.4463289611567E+01 0.1293476388601E-13
           3 0.1312257334221E+02 0.1312257334221E+02 0.1258908460682E-13
[MO833] PI avg,2,0.431347,200
[MO833] Beta,2,0.000701
[MO833] PI avg,3,0.431356,200
[MO833] Beta,3,0.000681
[MO833] PI avg,1,0.431356,200
[MO833] Beta,1,0.000681
           4 0.1200692532356E+02 0.1200692532356E+02 0.6805440394643E-14
           5 0.1245957615104E+03 0.1245957615104E+03 0.1003690013030E-13
 Verification Successful


 BT Benchmark Completed.
 Class           =                        B
 Size            =            102x 102x 102
 Iterations      =                      200
 Time in seconds =                    86.70
 Total processes =                        8
 Active procs    =                        4
 Mop/s total     =                  8098.63
 Mop/s/process   =                  1012.33
 Operation type  =           floating point
 Verification    =               SUCCESSFUL
 Version         =                      3.4
 Compile date    =              16 Jun 2020

 Compile options:
    MPIFC        = mpif90
    FLINK        = $(MPIFC)
    FMPI_LIB     = (none)
    FMPI_INC     = (none)
    FFLAGS       = -O3
    FLINKFLAGS   = $(FFLAGS) -O ../kernel_stats/kernel_stats.o...
    RAND         = (none)


 Please send feedbacks and/or the results of this run to:

 NPB Development Team 
 Internet: npb@nas.nasa.gov


[MO833] PI avg,0,0.431347,200
[MO833] Beta,0,0.000705
[MO833] Total time,87.554795
