--------------------------------------------------------------------------
[[47484,1],0]: A high-performance Open MPI point-to-point messaging module
was unable to find any relevant network interfaces:

Module: OpenFabrics (openib)
  Host: node06

Another transport will be used instead, although this may result in
lower performance.

NOTE: You can disable this warning by setting the MCA parameter
btl_base_warn_component_unused to 0.
--------------------------------------------------------------------------
Init time,11.953587
Iteration,1,14.470541,2.516494
Iteration,2,16.926481,2.455937
Iteration,3,19.281913,2.355429
Iteration,4,21.526418,2.244502
Iteration,5,23.884618,2.358197
Iteration,6,26.280755,2.396134
Iteration,7,28.635863,2.355104
Iteration,8,30.879836,2.243970
Iteration,9,33.230292,2.350452
Iteration,10,35.471200,2.240904
Iteration,11,38.052191,2.580988
Iteration,12,40.357256,2.305062
Iteration,13,42.657371,2.300112
Iteration,14,44.953808,2.296434
Iteration,15,47.247968,2.294157
Iteration,16,49.489414,2.241443
Iteration,17,51.832619,2.343202
Iteration,18,54.151838,2.319215
Iteration,19,56.448288,2.296447
Iteration,20,58.745187,2.296895


 NAS Parallel Benchmarks 3.4 -- FT Benchmark

 No input file inputft.data. Using compiled defaults
 Size                :  512x 256x 256  (class B)
 Iterations          :             20
 Number of processes :              1
 Processor array     :         1x   1
 Layout type         :             0D

 Initialization time =      5.9626

 T =    1     Checksum =    5.177643571579D+02    5.077803458597D+02
 T =    2     Checksum =    5.154521291263D+02    5.088249431599D+02
 T =    3     Checksum =    5.146409228650D+02    5.096208912659D+02
 T =    4     Checksum =    5.142378756213D+02    5.101023387619D+02
 T =    5     Checksum =    5.139626667737D+02    5.103976610618D+02
 T =    6     Checksum =    5.137423460082D+02    5.105948019802D+02
 T =    7     Checksum =    5.135547056878D+02    5.107404165783D+02
 T =    8     Checksum =    5.133910925467D+02    5.108576573661D+02
 T =    9     Checksum =    5.132470705390D+02    5.109577278523D+02
 T =   10     Checksum =    5.131197729984D+02    5.110460304483D+02
 T =   11     Checksum =    5.130070319283D+02    5.111252433800D+02
 T =   12     Checksum =    5.129070537032D+02    5.111968077719D+02
 T =   13     Checksum =    5.128182883503D+02    5.112616233064D+02
 T =   14     Checksum =    5.127393733383D+02    5.113203605551D+02
 T =   15     Checksum =    5.126691062021D+02    5.113735928093D+02
 T =   16     Checksum =    5.126064276005D+02    5.114218460548D+02
 T =   17     Checksum =    5.125504076570D+02    5.114656139760D+02
 T =   18     Checksum =    5.125002331721D+02    5.115053595966D+02
 T =   19     Checksum =    5.124551951846D+02    5.115415130407D+02
 T =   20     Checksum =    5.124146770029D+02    5.115744692211D+02
 Result verification successful


 FT Benchmark Completed.
 Class           =                        B
 Size            =            512x 256x 256
 Iterations      =                       20
 Time in seconds =                    52.55
 Total processes =                        1
 Active procs    =                        1
 Mop/s total     =                  1751.63
 Mop/s/process   =                  1751.63
 Operation type  =           floating point
 Verification    =               SUCCESSFUL
 Version         =                      3.4
 Compile date    =              06 Jun 2020

 Compile options:
    MPIFC        = mpif90
    FLINK        = $(MPIFC)
    FMPI_LIB     = (none)
    FMPI_INC     = (none)
    FFLAGS       = -O3
    FLINKFLAGS   = $(FFLAGS) -O ../kernel_stats/kernel_stats.o
    RAND         = randi8


 Please send feedbacks and/or the results of this run to:

 NPB Development Team 
 Internet: npb@nas.nasa.gov


